19:39:40.797 [main                     ] DEBUG Logger               - Configured Logger
19:39:40.816 [main                     ] DEBUG GameApplication      - Logging settings
Title: 中国象棋 1.0
Version: 1.0
Width: 1316
Height: 1007
Fullscreen: false
Intro: false
Profiling: false
Single step:false
App Mode: DEVELOPER
Menu Key: ESCAPE
Stage Style: DECORATED
Scene Factory: class edu.sustech.xiangqi.XiangQiApp$1

19:39:41.460 [JavaFX Application Thread] DEBUG FXGLApplication      - Initializing FXGL
19:39:41.463 [JavaFX Application Thread] INFO  Engine               - FXGL-21.1 (27.03.2024 07.52) on WINDOWS (J:23.0.1 FX:21.0.1)
19:39:41.464 [JavaFX Application Thread] DEBUG Engine               - JRE Vendor Name: Oracle Corporation
19:39:41.464 [JavaFX Application Thread] DEBUG Engine               - Running on OS: Windows 11 version 10.0
19:39:41.464 [JavaFX Application Thread] DEBUG Engine               - Architecture: amd64
19:39:41.464 [JavaFX Application Thread] INFO  Engine               - Source code and latest versions at: https://github.com/AlmasB/FXGL
19:39:41.464 [JavaFX Application Thread] INFO  Engine               -       Ask questions and discuss at: https://github.com/AlmasB/FXGL/discussions
19:39:41.464 [JavaFX Application Thread] INFO  Engine               -              Join the FXGL chat at: https://gitter.im/AlmasB/FXGL
19:39:41.539 [JavaFX Application Thread] DEBUG PrimaryStageWindow   - Creating a JavaFX scene
19:39:41.650 [JavaFX Application Thread] DEBUG PrimaryStageWindow   - Target settings size: 1316.0 x 1007.0
19:39:41.650 [JavaFX Application Thread] DEBUG PrimaryStageWindow   - Scaled scene size:    1316.0 x 1007.0
19:39:41.650 [JavaFX Application Thread] DEBUG PrimaryStageWindow   - Scaled ratio: (1.0, 1.0)
19:39:41.650 [JavaFX Application Thread] DEBUG PrimaryStageWindow   - Set initial scene to FXGLStartupScene
19:39:41.652 [JavaFX Application Thread] DEBUG PrimaryStageWindow   - Opening main window
19:39:41.748 [JavaFX Application Thread] DEBUG PrimaryStageWindow   - Window border size: (14.6666259765625, 37.6666259765625)
19:39:41.748 [JavaFX Application Thread] DEBUG PrimaryStageWindow   - Scaled size: 1316.0 x 1007.0
19:39:41.748 [JavaFX Application Thread] DEBUG PrimaryStageWindow   - Scaled ratio: (1.0, 1.0)
19:39:41.748 [JavaFX Application Thread] DEBUG PrimaryStageWindow   - Scene size: 1316.0 x 1007.0
19:39:41.748 [JavaFX Application Thread] DEBUG PrimaryStageWindow   - Stage size: 1330.6666259765625 x 1044.6666259765625
19:39:41.753 [FXGL Background Thread 1 ] DEBUG Engine               - Initializing environment variables
19:39:41.783 [FXGL Background Thread 1 ] DEBUG FXGLAssetLoaderServi - User app class for loading assets: class edu.sustech.xiangqi.XiangQiApp
19:39:41.783 [FXGL Background Thread 1 ] DEBUG GameApplicationServi - Applying CSS: fxgl_dark.css
19:39:41.784 [FXGL Background Thread 1 ] DEBUG FXGLAssetLoaderServi - Loading from file system: jar:file:/C:/Users/20140/.m2/repository/com/github/almasb/fxgl/21.1/fxgl-21.1.jar!/fxglassets/ui/css/fxgl_dark.css
19:39:41.807 [FXGL Background Thread 1 ] DEBUG GameApplicationServi - Initializing application scenes
19:39:41.886 [FXGL Background Thread 1 ] DEBUG GameWorld            - Game world initialized
19:39:41.923 [FXGL Background Thread 1 ] DEBUG PhysicsWorld         - Physics world initialized: appHeight=1007, physics.ppm=50.0
19:39:41.923 [FXGL Background Thread 1 ] DEBUG PhysicsWorld         - Using strategy: BRUTE_FORCE
19:39:41.926 [FXGL Background Thread 1 ] DEBUG GameScene            - Game scene initialized: 1316x1007
19:39:41.932 [FXGL Background Thread 1 ] DEBUG FXGLAssetLoaderServi - Loading from file system: file:/D:/Github/javaA-xiangqi-project-main-yxh-1125/target/classes/assets/ui/fonts/HYPixel11pxU-2.ttf
19:39:41.959 [FXGL Background Thread 1 ] DEBUG FXGLAssetLoaderServi - Loading from file system: file:/D:/Github/javaA-xiangqi-project-main-yxh-1125/target/classes/assets/textures/Button1.png
19:39:41.972 [FXGL Background Thread 1 ] DEBUG FXGLAssetLoaderServi - Loading from file system: file:/D:/Github/javaA-xiangqi-project-main-yxh-1125/target/classes/assets/textures/Press.png
19:39:41.998 [FXGL Background Thread 1 ] DEBUG GameApplicationServi - Application scenes initialized
19:39:42.005 [FXGL Background Thread 1 ] DEBUG SystemBundleService  - Loading FXGL system data
19:39:42.006 [FXGL Background Thread 1 ] DEBUG FileSystemAccess     - Reading from: D:\Github\javaA-xiangqi-project-main-yxh-1125\system\fxgl.bundle
19:39:42.007 [FXGL Background Thread 1 ] DEBUG SystemBundleService  - Bundle FXGL: {}
19:39:42.007 [FXGL Background Thread 1 ] DEBUG UpdaterService       - Checking for updates
19:39:42.012 [FXGL Background Thread 4 ] DEBUG FXGLApplication      - Loading fonts
19:39:42.012 [FXGL Background Thread 4 ] DEBUG FXGLAssetLoaderServi - Loading from file system: jar:file:/C:/Users/20140/.m2/repository/com/github/almasb/fxgl/21.1/fxgl-21.1.jar!/fxglassets/ui/fonts/VarelaRound-Regular.ttf
19:39:42.013 [FXGL Background Thread 1 ] DEBUG FXGLApplication      - Loading default localization
19:39:42.014 [FXGL Background Thread 1 ] DEBUG FXGLAssetLoaderServi - Loading from file system: jar:file:/C:/Users/20140/.m2/repository/com/github/almasb/fxgl/21.1/fxgl-21.1.jar!/fxglassets/languages/english.lang
19:39:42.022 [FXGL Background Thread 4 ] DEBUG FXGLAssetLoaderServi - Loading from file system: jar:file:/C:/Users/20140/.m2/repository/com/github/almasb/fxgl/21.1/fxgl-21.1.jar!/fxglassets/ui/fonts/Abel-Regular.ttf
19:39:42.035 [FXGL Background Thread 4 ] DEBUG FXGLAssetLoaderServi - Loading from file system: jar:file:/C:/Users/20140/.m2/repository/com/github/almasb/fxgl/21.1/fxgl-21.1.jar!/fxglassets/ui/fonts/TerminalLandMono-Regular.otf
19:39:42.037 [FXGL Background Thread 1 ] INFO  FXGLApplication      - FXGL initialization took: 0.284 sec
19:39:42.044 [FXGL Background Thread 4 ] DEBUG FXGLAssetLoaderServi - Loading from file system: jar:file:/C:/Users/20140/.m2/repository/com/github/almasb/fxgl/21.1/fxgl-21.1.jar!/fxglassets/ui/fonts/Courier-Prime.ttf
19:39:42.045 [JavaFX Application Thread] DEBUG Input                - Registered new binding: Click - LMB
19:39:42.046 [JavaFX Application Thread] DEBUG FXGLAssetLoaderServi - Loading from file system: jar:file:/C:/Users/20140/.m2/repository/com/github/almasb/fxgl/21.1/fxgl-21.1.jar!/fxglassets/textures/fxgl_icon.png
19:39:42.060 [JavaFX Application Thread] DEBUG FXGLAssetLoaderServi - Loading from file system: jar:file:/C:/Users/20140/.m2/repository/com/github/almasb/fxgl/21.1/fxgl-21.1.jar!/fxglassets/textures/fxgl_default_cursor.png
19:39:42.067 [JavaFX Application Thread] DEBUG Input                - Registered new binding: Screenshot - CTRL+8
19:39:42.067 [JavaFX Application Thread] DEBUG Input                - Registered new binding: System info dump - CTRL+9
19:39:42.067 [JavaFX Application Thread] DEBUG Input                - Registered new binding: Restart - CTRL+R
19:39:42.068 [JavaFX Application Thread] DEBUG Input                - Registered new binding: Toggle Debug Camera - CTRL+7
19:39:42.073 [JavaFX Application Thread] DEBUG LoopRunner           - Starting loop
19:39:42.073 [JavaFX Application Thread] DEBUG LoopRunner           - Initializing JavaFX AnimationTimerLoop
19:39:42.076 [JavaFX Application Thread] DEBUG Input                - Clearing active input actions
19:39:42.080 [JavaFX Application Thread] DEBUG GameApplicationServi - Removing overlay from FXGLStartupScene and adding to FXGLMainMenuDummyScene
19:39:42.080 [JavaFX Application Thread] DEBUG PrimaryStageWindow   - FXGLStartupScene -> FXGLMainMenuDummyScene
19:39:42.080 [JavaFX Application Thread] DEBUG PrimaryStageWindow   - Push state: MainMenuScene
19:39:42.081 [JavaFX Application Thread] DEBUG Input                - Clearing active input actions
19:39:42.084 [JavaFX Application Thread] DEBUG GameApplicationServi - Removing overlay from FXGLMainMenuDummyScene and adding to MainMenuScene
19:39:42.084 [JavaFX Application Thread] DEBUG PrimaryStageWindow   - FXGLMainMenuDummyScene -> MainMenuScene
19:39:42.123 [JavaFX Application Thread] DEBUG FXGLApplication      - Registering font factories with UI factory
19:39:42.344 [JavaFX Application Thread] DEBUG FXGLAssetLoaderServi - Loading from file system: file:/D:/Github/javaA-xiangqi-project-main-yxh-1125/target/classes/assets/music/%e6%8c%89%e9%92%ae%e9%9f%b3%e6%95%881.mp3
19:39:42.575 [JavaFX Application Thread] DEBUG AudioPlayer          - Playing music com.almasb.fxgl.audio.Music@3709d8f2
19:39:42.577 [JavaFX Application Thread] DEBUG AudioPlayer          - Playing music com.almasb.fxgl.audio.Music@3709d8f2
19:39:42.805 [JavaFX Application Thread] DEBUG AudioPlayer          - Playing music com.almasb.fxgl.audio.Music@3709d8f2
19:39:45.012 [FXGL Background Thread 3 ] DEBUG Engine               - Logging environment variables
19:39:45.012 [FXGL Background Thread 3 ] DEBUG Engine               - achievements: []
19:39:45.012 [FXGL Background Thread 3 ] DEBUG Engine               - actualHeight: 1007.0
19:39:45.012 [FXGL Background Thread 3 ] DEBUG Engine               - actualHeightProperty: ReadOnlyDoubleProperty [value: 1007.0]
19:39:45.012 [FXGL Background Thread 3 ] DEBUG Engine               - actualWidth: 1316.0
19:39:45.012 [FXGL Background Thread 3 ] DEBUG Engine               - actualWidthProperty: ReadOnlyDoubleProperty [value: 1316.0]
19:39:45.012 [FXGL Background Thread 3 ] DEBUG Engine               - appIcon: fxgl_icon.png
19:39:45.012 [FXGL Background Thread 3 ] DEBUG Engine               - applicationMode: DEVELOPER
19:39:45.012 [FXGL Background Thread 3 ] DEBUG Engine               - cSSList: [fxgl_dark.css]
19:39:45.012 [FXGL Background Thread 3 ] DEBUG Engine               - collisionDetectionStrategy: BRUTE_FORCE
19:39:45.012 [FXGL Background Thread 3 ] DEBUG Engine               - configClass: Optional.empty
19:39:45.012 [FXGL Background Thread 3 ] DEBUG Engine               - credits: []
19:39:45.014 [FXGL Background Thread 3 ] DEBUG Engine               - defaultCursor: CursorInfo(imageName=fxgl_default_cursor.png, hotspotX=7.0, hotspotY=6.0)
19:39:45.014 [FXGL Background Thread 3 ] DEBUG Engine               - devBBoxColorProperty: ObjectProperty [value: 0xff0000ff]
19:39:45.014 [FXGL Background Thread 3 ] DEBUG Engine               - devEnableDebugCameraProperty: BooleanProperty [value: false]
19:39:45.014 [FXGL Background Thread 3 ] DEBUG Engine               - devSensorColorProperty: ObjectProperty [value: 0xffff00ff]
19:39:45.014 [FXGL Background Thread 3 ] DEBUG Engine               - devShowBBoxProperty: BooleanProperty [value: false]
19:39:45.014 [FXGL Background Thread 3 ] DEBUG Engine               - devShowPositionProperty: BooleanProperty [value: false]
19:39:45.014 [FXGL Background Thread 3 ] DEBUG Engine               - enabledMenuItems: []
19:39:45.014 [FXGL Background Thread 3 ] DEBUG Engine               - engineServices: [class com.almasb.fxgl.app.services.FXGLAssetLoaderService, class com.almasb.fxgl.app.FXGLApplication$GameApplicationService, class com.almasb.fxgl.app.services.FXGLDialogService, class com.almasb.fxgl.app.services.IOTaskExecutorService, class com.almasb.fxgl.io.FileSystemService, class com.almasb.fxgl.localization.LocalizationService, class com.almasb.fxgl.app.services.SystemBundleService, class com.almasb.fxgl.profile.SaveLoadService, class com.almasb.fxgl.ui.FXGLUIFactoryServiceProvider, class com.almasb.fxgl.ui.FXGLDialogFactoryServiceProvider, class com.almasb.fxgl.audio.AudioPlayer, class com.almasb.fxgl.notification.impl.NotificationServiceProvider, class com.almasb.fxgl.achievement.AchievementService, class com.almasb.fxgl.cutscene.CutsceneService, class com.almasb.fxgl.minigames.MiniGameService, class com.almasb.fxgl.net.NetService, class com.almasb.fxgl.app.services.UpdaterService, class com.almasb.fxgl.dev.DevService]
19:39:45.014 [FXGL Background Thread 3 ] DEBUG Engine               - fontGame: Abel-Regular.ttf
19:39:45.014 [FXGL Background Thread 3 ] DEBUG Engine               - fontMono: TerminalLandMono-Regular.otf
19:39:45.014 [FXGL Background Thread 3 ] DEBUG Engine               - fontSizeScaleUI: 1.0
19:39:45.014 [FXGL Background Thread 3 ] DEBUG Engine               - fontText: Courier-Prime.ttf
19:39:45.014 [FXGL Background Thread 3 ] DEBUG Engine               - fontUI: VarelaRound-Regular.ttf
19:39:45.014 [FXGL Background Thread 3 ] DEBUG Engine               - fullScreen: BooleanProperty [value: false]
19:39:45.014 [FXGL Background Thread 3 ] DEBUG Engine               - gameDifficulty: MEDIUM
19:39:45.014 [FXGL Background Thread 3 ] DEBUG Engine               - gameDifficultyProperty: ObjectProperty [value: MEDIUM]
19:39:45.014 [FXGL Background Thread 3 ] DEBUG Engine               - globalMusicVolume: 0.5
19:39:45.014 [FXGL Background Thread 3 ] DEBUG Engine               - globalMusicVolumeProperty: DoubleProperty [value: 0.5]
19:39:45.014 [FXGL Background Thread 3 ] DEBUG Engine               - globalSoundVolume: 0.5
19:39:45.014 [FXGL Background Thread 3 ] DEBUG Engine               - globalSoundVolumeProperty: DoubleProperty [value: 0.5]
19:39:45.014 [FXGL Background Thread 3 ] DEBUG Engine               - height: 1007
19:39:45.014 [FXGL Background Thread 3 ] DEBUG Engine               - is3D: false
19:39:45.014 [FXGL Background Thread 3 ] DEBUG Engine               - isAndroid: false
19:39:45.014 [FXGL Background Thread 3 ] DEBUG Engine               - isBrowser: false
19:39:45.014 [FXGL Background Thread 3 ] DEBUG Engine               - isClickFeedbackEnabled: false
19:39:45.014 [FXGL Background Thread 3 ] DEBUG Engine               - isCloseConfirmation: false
19:39:45.014 [FXGL Background Thread 3 ] DEBUG Engine               - isDesktop: true
19:39:45.014 [FXGL Background Thread 3 ] DEBUG Engine               - isDeveloperMenuEnabled: false
19:39:45.014 [FXGL Background Thread 3 ] DEBUG Engine               - isEmbedded: false
19:39:45.014 [FXGL Background Thread 3 ] DEBUG Engine               - isEntityPreloadEnabled: true
19:39:45.014 [FXGL Background Thread 3 ] DEBUG Engine               - isExperimentalTiledLargeMap: false
19:39:45.014 [FXGL Background Thread 3 ] DEBUG Engine               - isFileSystemWriteAllowed: true
19:39:45.014 [FXGL Background Thread 3 ] DEBUG Engine               - isFullScreenAllowed: false
19:39:45.014 [FXGL Background Thread 3 ] DEBUG Engine               - isFullScreenFromStart: false
19:39:45.015 [FXGL Background Thread 3 ] DEBUG Engine               - isGameMenuEnabled: true
19:39:45.015 [FXGL Background Thread 3 ] DEBUG Engine               - isIOS: false
19:39:45.015 [FXGL Background Thread 3 ] DEBUG Engine               - isIntroEnabled: false
19:39:45.015 [FXGL Background Thread 3 ] DEBUG Engine               - isLinux: false
19:39:45.015 [FXGL Background Thread 3 ] DEBUG Engine               - isMac: false
19:39:45.015 [FXGL Background Thread 3 ] DEBUG Engine               - isMainMenuEnabled: true
19:39:45.015 [FXGL Background Thread 3 ] DEBUG Engine               - isManualResizeEnabled: false
19:39:45.015 [FXGL Background Thread 3 ] DEBUG Engine               - isMobile: false
19:39:45.015 [FXGL Background Thread 3 ] DEBUG Engine               - isNative: false
19:39:45.015 [FXGL Background Thread 3 ] DEBUG Engine               - isPauseMusicWhenMinimized: true
19:39:45.015 [FXGL Background Thread 3 ] DEBUG Engine               - isPreserveResizeRatio: false
19:39:45.015 [FXGL Background Thread 3 ] DEBUG Engine               - isProfilingEnabled: false
19:39:45.015 [FXGL Background Thread 3 ] DEBUG Engine               - isScaleAffectedOnResize: true
19:39:45.015 [FXGL Background Thread 3 ] DEBUG Engine               - isSingleStep: false
19:39:45.015 [FXGL Background Thread 3 ] DEBUG Engine               - isUserProfileEnabled: false
19:39:45.015 [FXGL Background Thread 3 ] DEBUG Engine               - isWindows: true
19:39:45.015 [FXGL Background Thread 3 ] DEBUG Engine               - language: ObjectProperty [value: ENGLISH]
19:39:45.015 [FXGL Background Thread 3 ] DEBUG Engine               - menuKey: ESCAPE
19:39:45.015 [FXGL Background Thread 3 ] DEBUG Engine               - mouseSensitivity: 0.2
19:39:45.015 [FXGL Background Thread 3 ] DEBUG Engine               - notificationViewClass: class com.almasb.fxgl.notification.view.XboxNotificationView
19:39:45.015 [FXGL Background Thread 3 ] DEBUG Engine               - pixelsPerMeter: 50.0
19:39:45.015 [FXGL Background Thread 3 ] DEBUG Engine               - platform: WINDOWS
19:39:45.015 [FXGL Background Thread 3 ] DEBUG Engine               - prefHeightProperty: ReadOnlyDoubleProperty [value: 1007.0]
19:39:45.015 [FXGL Background Thread 3 ] DEBUG Engine               - prefWidthProperty: ReadOnlyDoubleProperty [value: 1316.0]
19:39:45.015 [FXGL Background Thread 3 ] DEBUG Engine               - profileDir: profiles/
19:39:45.015 [FXGL Background Thread 3 ] DEBUG Engine               - profileName: StringProperty [value: DEFAULT]
19:39:45.015 [FXGL Background Thread 3 ] DEBUG Engine               - randomSeed: -1
19:39:45.015 [FXGL Background Thread 3 ] DEBUG Engine               - runtimeInfo: RuntimeInfo(platform=WINDOWS, version=21.1, build=27.03.2024 07.52)
19:39:45.015 [FXGL Background Thread 3 ] DEBUG Engine               - saveFileExt: sav
19:39:45.015 [FXGL Background Thread 3 ] DEBUG Engine               - scaledHeightProp$fxgl: DoubleProperty [bound, value: 1007.0]
19:39:45.015 [FXGL Background Thread 3 ] DEBUG Engine               - scaledWidthProp$fxgl: DoubleProperty [bound, value: 1316.0]
19:39:45.015 [FXGL Background Thread 3 ] DEBUG Engine               - sceneFactory: edu.sustech.xiangqi.XiangQiApp$1@deef947
19:39:45.015 [FXGL Background Thread 3 ] DEBUG Engine               - secondsIn24h: 60
19:39:45.015 [FXGL Background Thread 3 ] DEBUG Engine               - soundMenuBack: menu/back.wav
19:39:45.015 [FXGL Background Thread 3 ] DEBUG Engine               - soundMenuPress: menu/press.wav
19:39:45.015 [FXGL Background Thread 3 ] DEBUG Engine               - soundMenuSelect: menu/select.wav
19:39:45.015 [FXGL Background Thread 3 ] DEBUG Engine               - soundNotification: core/notification.wav
19:39:45.015 [FXGL Background Thread 3 ] DEBUG Engine               - stageStyle: DECORATED
19:39:45.015 [FXGL Background Thread 3 ] DEBUG Engine               - supportedLanguages: [ENGLISH, FRENCH, GERMAN, HUNGARIAN, RUSSIAN]
19:39:45.015 [FXGL Background Thread 3 ] DEBUG Engine               - ticksPerSecond: -1
19:39:45.015 [FXGL Background Thread 3 ] DEBUG Engine               - title: 中国象棋 1.0
19:39:45.015 [FXGL Background Thread 3 ] DEBUG Engine               - urlGithub: https://github.com/AlmasB/FXGL
19:39:45.015 [FXGL Background Thread 3 ] DEBUG Engine               - urlLeaderboard: http://fxgl-top.herokuapp.com/
19:39:45.015 [FXGL Background Thread 3 ] DEBUG Engine               - urlPOM: https://raw.githubusercontent.com/AlmasB/FXGL/release/README.md
19:39:45.015 [FXGL Background Thread 3 ] DEBUG Engine               - userAppClass: class edu.sustech.xiangqi.XiangQiApp
19:39:45.015 [FXGL Background Thread 3 ] DEBUG Engine               - version: 1.0
19:39:45.015 [FXGL Background Thread 3 ] DEBUG Engine               - versionCheckDays: 7
19:39:45.015 [FXGL Background Thread 3 ] DEBUG Engine               - width: 1316
19:39:45.015 [FXGL Background Thread 3 ] DEBUG Engine               - Logging services
19:39:45.015 [FXGL Background Thread 3 ] DEBUG Engine               - class com.almasb.fxgl.app.services.FXGLAssetLoaderService
19:39:45.015 [FXGL Background Thread 3 ] DEBUG Engine               - class com.almasb.fxgl.app.FXGLApplication$GameApplicationService
19:39:45.016 [FXGL Background Thread 3 ] DEBUG Engine               - class com.almasb.fxgl.app.services.FXGLDialogService
19:39:45.016 [FXGL Background Thread 3 ] DEBUG Engine               - class com.almasb.fxgl.app.services.IOTaskExecutorService
19:39:45.016 [FXGL Background Thread 3 ] DEBUG Engine               - class com.almasb.fxgl.io.FileSystemService
19:39:45.016 [FXGL Background Thread 3 ] DEBUG Engine               - class com.almasb.fxgl.localization.LocalizationService
19:39:45.016 [FXGL Background Thread 3 ] DEBUG Engine               - class com.almasb.fxgl.app.services.SystemBundleService
19:39:45.016 [FXGL Background Thread 3 ] DEBUG Engine               - class com.almasb.fxgl.profile.SaveLoadService
19:39:45.016 [FXGL Background Thread 3 ] DEBUG Engine               - class com.almasb.fxgl.ui.FXGLUIFactoryServiceProvider
19:39:45.016 [FXGL Background Thread 3 ] DEBUG Engine               - class com.almasb.fxgl.ui.FXGLDialogFactoryServiceProvider
19:39:45.016 [FXGL Background Thread 3 ] DEBUG Engine               - class com.almasb.fxgl.audio.AudioPlayer
19:39:45.016 [FXGL Background Thread 3 ] DEBUG Engine               - class com.almasb.fxgl.notification.impl.NotificationServiceProvider
19:39:45.016 [FXGL Background Thread 3 ] DEBUG Engine               - class com.almasb.fxgl.achievement.AchievementService
19:39:45.016 [FXGL Background Thread 3 ] DEBUG Engine               - class com.almasb.fxgl.cutscene.CutsceneService
19:39:45.016 [FXGL Background Thread 3 ] DEBUG Engine               - class com.almasb.fxgl.minigames.MiniGameService
19:39:45.016 [FXGL Background Thread 3 ] DEBUG Engine               - class com.almasb.fxgl.net.NetService
19:39:45.016 [FXGL Background Thread 3 ] DEBUG Engine               - class com.almasb.fxgl.app.services.UpdaterService
19:39:45.016 [FXGL Background Thread 3 ] DEBUG Engine               - class com.almasb.fxgl.dev.DevService
19:39:46.757 [JavaFX Application Thread] DEBUG AudioPlayer          - Playing music com.almasb.fxgl.audio.Music@3709d8f2
19:39:47.562 [JavaFX Application Thread] DEBUG AudioPlayer          - Playing music com.almasb.fxgl.audio.Music@3709d8f2
19:39:47.904 [JavaFX Application Thread] DEBUG AudioPlayer          - Playing music com.almasb.fxgl.audio.Music@3709d8f2
19:39:48.073 [JavaFX Application Thread] DEBUG AudioPlayer          - Playing music com.almasb.fxgl.audio.Music@3709d8f2
19:39:48.583 [JavaFX Application Thread] DEBUG AudioPlayer          - Playing music com.almasb.fxgl.audio.Music@3709d8f2
19:39:48.656 [JavaFX Application Thread] DEBUG AudioPlayer          - Playing music com.almasb.fxgl.audio.Music@3709d8f2
19:39:49.212 [JavaFX Application Thread] DEBUG AudioPlayer          - Playing music com.almasb.fxgl.audio.Music@3709d8f2
19:39:49.330 [JavaFX Application Thread] DEBUG AudioPlayer          - Playing music com.almasb.fxgl.audio.Music@3709d8f2
19:39:50.013 [JavaFX Application Thread] DEBUG AudioPlayer          - Playing music com.almasb.fxgl.audio.Music@3709d8f2
19:39:50.594 [JavaFX Application Thread] DEBUG AudioPlayer          - Playing music com.almasb.fxgl.audio.Music@3709d8f2
19:39:51.201 [JavaFX Application Thread] DEBUG AudioPlayer          - Playing music com.almasb.fxgl.audio.Music@3709d8f2
19:39:51.663 [JavaFX Application Thread] DEBUG AudioPlayer          - Playing music com.almasb.fxgl.audio.Music@3709d8f2
19:39:52.401 [JavaFX Application Thread] DEBUG AudioPlayer          - Playing music com.almasb.fxgl.audio.Music@3709d8f2
19:39:52.644 [JavaFX Application Thread] DEBUG GameApplicationServi - Starting new game
19:39:52.644 [JavaFX Application Thread] DEBUG PrimaryStageWindow   - Pop state: MainMenuScene
19:39:52.644 [JavaFX Application Thread] DEBUG Input                - Clearing active input actions
19:39:52.645 [JavaFX Application Thread] DEBUG GameApplicationServi - Removing overlay from MainMenuScene and adding to FXGLMainMenuDummyScene
19:39:52.645 [JavaFX Application Thread] DEBUG PrimaryStageWindow   - FXGLMainMenuDummyScene <- MainMenuScene
19:39:52.645 [JavaFX Application Thread] DEBUG Input                - Clearing active input actions
19:39:52.649 [JavaFX Application Thread] DEBUG GameApplicationServi - Removing overlay from FXGLMainMenuDummyScene and adding to FXGLLoadingScene
19:39:52.649 [JavaFX Application Thread] DEBUG PrimaryStageWindow   - FXGLMainMenuDummyScene -> FXGLLoadingScene
19:39:52.649 [JavaFX Application Thread] DEBUG GameApplicationServi - Clearing previous game
19:39:52.649 [JavaFX Application Thread] DEBUG GameScene            - Clearing game scene
19:39:52.649 [JavaFX Application Thread] DEBUG GameWorld            - Clearing game world
19:39:52.649 [JavaFX Application Thread] DEBUG PhysicsWorld         - Clearing physics world
19:39:52.650 [FXGL Background Thread 2 ] DEBUG FXGLApplication      - Initializing game
19:39:52.657 [FXGL Background Thread 2 ] DEBUG FXGLAssetLoaderServi - Loading from file system: file:/D:/Github/javaA-xiangqi-project-main-yxh-1125/target/classes/assets/textures/%e8%83%8c%e6%99%af.jpg
19:39:52.708 [FXGL Background Thread 2 ] DEBUG FXGLAssetLoaderServi - Loading from file system: file:/D:/Github/javaA-xiangqi-project-main-yxh-1125/target/classes/assets/textures/ChessBoard.png
19:39:52.768 [FXGL Background Thread 2 ] DEBUG FXGLAssetLoaderServi - Loading from file system: file:/D:/Github/javaA-xiangqi-project-main-yxh-1125/target/classes/assets/textures/BlackGeneral.png
19:39:52.781 [FXGL Background Thread 2 ] DEBUG FXGLAssetLoaderServi - Loading from file system: file:/D:/Github/javaA-xiangqi-project-main-yxh-1125/target/classes/assets/textures/BlackAdvisor.png
19:39:52.783 [FXGL Background Thread 2 ] DEBUG FXGLAssetLoaderServi - Loading from file system: file:/D:/Github/javaA-xiangqi-project-main-yxh-1125/target/classes/assets/textures/RedSoldier.png
19:39:52.786 [FXGL Background Thread 2 ] DEBUG FXGLAssetLoaderServi - Loading from file system: file:/D:/Github/javaA-xiangqi-project-main-yxh-1125/target/classes/assets/textures/RedElephant.png
19:39:52.787 [FXGL Background Thread 2 ] DEBUG FXGLAssetLoaderServi - Loading from file system: file:/D:/Github/javaA-xiangqi-project-main-yxh-1125/target/classes/assets/textures/RedGeneral.png
19:39:52.800 [FXGL Background Thread 2 ] INFO  FXGLApplication      - Game initialization took: 0.150 sec
19:39:52.802 [JavaFX Application Thread] DEBUG Input                - Clearing active input actions
19:39:52.804 [JavaFX Application Thread] DEBUG GameApplicationServi - Removing overlay from FXGLLoadingScene and adding to GameScene
19:39:52.804 [JavaFX Application Thread] DEBUG PrimaryStageWindow   - FXGLLoadingScene -> GameScene
19:39:53.362 [JavaFX Application Thread] DEBUG AudioPlayer          - Playing music com.almasb.fxgl.audio.Music@3709d8f2
19:39:53.739 [JavaFX Application Thread] DEBUG PrimaryStageWindow   - Push state: InGameMenuScene
19:39:53.739 [JavaFX Application Thread] DEBUG Input                - Clearing active input actions
19:39:53.740 [JavaFX Application Thread] DEBUG GameApplicationServi - Removing overlay from GameScene and adding to InGameMenuScene
19:39:53.740 [JavaFX Application Thread] DEBUG PrimaryStageWindow   - GameScene -> InGameMenuScene
19:39:54.377 [JavaFX Application Thread] DEBUG AudioPlayer          - Playing music com.almasb.fxgl.audio.Music@3709d8f2
19:39:54.646 [JavaFX Application Thread] DEBUG Menu                 - fireExitToMainMenu()
19:39:54.662 [JavaFX Application Thread] DEBUG PrimaryStageWindow   - Push state: DialogSubScene
19:39:54.662 [JavaFX Application Thread] DEBUG Input                - Clearing active input actions
19:39:54.662 [JavaFX Application Thread] DEBUG GameApplicationServi - Removing overlay from InGameMenuScene and adding to DialogSubScene
19:39:54.662 [JavaFX Application Thread] DEBUG PrimaryStageWindow   - InGameMenuScene -> DialogSubScene
19:39:55.123 [JavaFX Application Thread] DEBUG PrimaryStageWindow   - Pop state: DialogSubScene
19:39:55.123 [JavaFX Application Thread] DEBUG Input                - Clearing active input actions
19:39:55.124 [JavaFX Application Thread] DEBUG GameApplicationServi - Removing overlay from DialogSubScene and adding to InGameMenuScene
19:39:55.124 [JavaFX Application Thread] DEBUG PrimaryStageWindow   - InGameMenuScene <- DialogSubScene
19:39:55.124 [JavaFX Application Thread] DEBUG PrimaryStageWindow   - Pop state: InGameMenuScene
19:39:55.124 [JavaFX Application Thread] DEBUG Input                - Clearing active input actions
19:39:55.124 [JavaFX Application Thread] DEBUG GameApplicationServi - Removing overlay from InGameMenuScene and adding to GameScene
19:39:55.124 [JavaFX Application Thread] DEBUG PrimaryStageWindow   - GameScene <- InGameMenuScene
19:39:55.124 [JavaFX Application Thread] DEBUG Input                - Clearing active input actions
19:39:55.126 [JavaFX Application Thread] DEBUG GameApplicationServi - Removing overlay from GameScene and adding to FXGLMainMenuDummyScene
19:39:55.126 [JavaFX Application Thread] DEBUG PrimaryStageWindow   - GameScene -> FXGLMainMenuDummyScene
19:39:55.126 [JavaFX Application Thread] DEBUG PrimaryStageWindow   - Push state: MainMenuScene
19:39:55.126 [JavaFX Application Thread] DEBUG Input                - Clearing active input actions
19:39:55.127 [JavaFX Application Thread] DEBUG GameApplicationServi - Removing overlay from FXGLMainMenuDummyScene and adding to MainMenuScene
19:39:55.127 [JavaFX Application Thread] DEBUG PrimaryStageWindow   - FXGLMainMenuDummyScene -> MainMenuScene
19:39:55.316 [JavaFX Application Thread] DEBUG AudioPlayer          - Playing music com.almasb.fxgl.audio.Music@3709d8f2
19:39:55.408 [JavaFX Application Thread] DEBUG AudioPlayer          - Playing music com.almasb.fxgl.audio.Music@3709d8f2
19:39:55.434 [JavaFX Application Thread] DEBUG AudioPlayer          - Playing music com.almasb.fxgl.audio.Music@3709d8f2
19:39:55.777 [JavaFX Application Thread] DEBUG AudioPlayer          - Playing music com.almasb.fxgl.audio.Music@3709d8f2
19:39:56.335 [JavaFX Application Thread] DEBUG AudioPlayer          - Playing music com.almasb.fxgl.audio.Music@3709d8f2
19:39:56.572 [JavaFX Application Thread] DEBUG GameApplicationServi - Starting new game
19:39:56.572 [JavaFX Application Thread] DEBUG PrimaryStageWindow   - Pop state: MainMenuScene
19:39:56.572 [JavaFX Application Thread] DEBUG Input                - Clearing active input actions
19:39:56.572 [JavaFX Application Thread] DEBUG GameApplicationServi - Removing overlay from MainMenuScene and adding to FXGLMainMenuDummyScene
19:39:56.573 [JavaFX Application Thread] DEBUG PrimaryStageWindow   - FXGLMainMenuDummyScene <- MainMenuScene
19:39:56.573 [JavaFX Application Thread] DEBUG Input                - Clearing active input actions
19:39:56.574 [JavaFX Application Thread] DEBUG GameApplicationServi - Removing overlay from FXGLMainMenuDummyScene and adding to FXGLLoadingScene
19:39:56.574 [JavaFX Application Thread] DEBUG PrimaryStageWindow   - FXGLMainMenuDummyScene -> FXGLLoadingScene
19:39:56.574 [JavaFX Application Thread] DEBUG GameApplicationServi - Clearing previous game
19:39:56.574 [JavaFX Application Thread] DEBUG GameScene            - Clearing game scene
19:39:56.574 [JavaFX Application Thread] DEBUG GameWorld            - Clearing game world
19:39:56.585 [JavaFX Application Thread] DEBUG PhysicsWorld         - Clearing physics world
19:39:56.585 [FXGL Background Thread 2 ] DEBUG FXGLApplication      - Initializing game
19:39:56.589 [FXGL Background Thread 2 ] INFO  FXGLApplication      - Game initialization took: 0.002 sec
19:39:56.589 [JavaFX Application Thread] DEBUG Input                - Clearing active input actions
19:39:56.591 [JavaFX Application Thread] DEBUG GameApplicationServi - Removing overlay from FXGLLoadingScene and adding to GameScene
19:39:56.591 [JavaFX Application Thread] DEBUG PrimaryStageWindow   - FXGLLoadingScene -> GameScene
19:39:57.209 [JavaFX Application Thread] DEBUG PrimaryStageWindow   - Push state: InGameMenuScene
19:39:57.209 [JavaFX Application Thread] DEBUG Input                - Clearing active input actions
19:39:57.209 [JavaFX Application Thread] DEBUG GameApplicationServi - Removing overlay from GameScene and adding to InGameMenuScene
19:39:57.209 [JavaFX Application Thread] DEBUG PrimaryStageWindow   - GameScene -> InGameMenuScene
19:39:57.639 [JavaFX Application Thread] DEBUG AudioPlayer          - Playing music com.almasb.fxgl.audio.Music@3709d8f2
19:39:57.751 [JavaFX Application Thread] DEBUG AudioPlayer          - Playing music com.almasb.fxgl.audio.Music@3709d8f2
19:39:57.952 [JavaFX Application Thread] DEBUG AudioPlayer          - Playing music com.almasb.fxgl.audio.Music@3709d8f2
19:39:58.139 [JavaFX Application Thread] DEBUG PrimaryStageWindow   - Pop state: InGameMenuScene
19:39:58.139 [JavaFX Application Thread] DEBUG Input                - Clearing active input actions
19:39:58.139 [JavaFX Application Thread] DEBUG GameApplicationServi - Removing overlay from InGameMenuScene and adding to GameScene
19:39:58.139 [JavaFX Application Thread] DEBUG PrimaryStageWindow   - GameScene <- InGameMenuScene
19:39:59.106 [JavaFX Application Thread] DEBUG PrimaryStageWindow   - Push state: InGameMenuScene
19:39:59.106 [JavaFX Application Thread] DEBUG Input                - Clearing active input actions
19:39:59.106 [JavaFX Application Thread] DEBUG GameApplicationServi - Removing overlay from GameScene and adding to InGameMenuScene
19:39:59.107 [JavaFX Application Thread] DEBUG PrimaryStageWindow   - GameScene -> InGameMenuScene
19:39:59.321 [JavaFX Application Thread] DEBUG AudioPlayer          - Playing music com.almasb.fxgl.audio.Music@3709d8f2
19:39:59.589 [JavaFX Application Thread] DEBUG Menu                 - fireExitToMainMenu()
19:39:59.589 [JavaFX Application Thread] DEBUG PrimaryStageWindow   - Push state: DialogSubScene
19:39:59.589 [JavaFX Application Thread] DEBUG Input                - Clearing active input actions
19:39:59.590 [JavaFX Application Thread] DEBUG GameApplicationServi - Removing overlay from InGameMenuScene and adding to DialogSubScene
19:39:59.590 [JavaFX Application Thread] DEBUG PrimaryStageWindow   - InGameMenuScene -> DialogSubScene
19:40:00.108 [JavaFX Application Thread] DEBUG PrimaryStageWindow   - Pop state: DialogSubScene
19:40:00.108 [JavaFX Application Thread] DEBUG Input                - Clearing active input actions
19:40:00.109 [JavaFX Application Thread] DEBUG GameApplicationServi - Removing overlay from DialogSubScene and adding to InGameMenuScene
19:40:00.109 [JavaFX Application Thread] DEBUG PrimaryStageWindow   - InGameMenuScene <- DialogSubScene
19:40:00.109 [JavaFX Application Thread] DEBUG PrimaryStageWindow   - Pop state: InGameMenuScene
19:40:00.109 [JavaFX Application Thread] DEBUG Input                - Clearing active input actions
19:40:00.109 [JavaFX Application Thread] DEBUG GameApplicationServi - Removing overlay from InGameMenuScene and adding to GameScene
19:40:00.109 [JavaFX Application Thread] DEBUG PrimaryStageWindow   - GameScene <- InGameMenuScene
19:40:00.109 [JavaFX Application Thread] DEBUG Input                - Clearing active input actions
19:40:00.110 [JavaFX Application Thread] DEBUG GameApplicationServi - Removing overlay from GameScene and adding to FXGLMainMenuDummyScene
19:40:00.110 [JavaFX Application Thread] DEBUG PrimaryStageWindow   - GameScene -> FXGLMainMenuDummyScene
19:40:00.110 [JavaFX Application Thread] DEBUG PrimaryStageWindow   - Push state: MainMenuScene
19:40:00.110 [JavaFX Application Thread] DEBUG Input                - Clearing active input actions
19:40:00.111 [JavaFX Application Thread] DEBUG GameApplicationServi - Removing overlay from FXGLMainMenuDummyScene and adding to MainMenuScene
19:40:00.111 [JavaFX Application Thread] DEBUG PrimaryStageWindow   - FXGLMainMenuDummyScene -> MainMenuScene
19:40:00.346 [JavaFX Application Thread] DEBUG AudioPlayer          - Playing music com.almasb.fxgl.audio.Music@3709d8f2
19:40:00.625 [JavaFX Application Thread] DEBUG AudioPlayer          - Playing music com.almasb.fxgl.audio.Music@3709d8f2
19:40:00.825 [JavaFX Application Thread] DEBUG GameApplicationServi - Starting new game
19:40:00.825 [JavaFX Application Thread] DEBUG PrimaryStageWindow   - Pop state: MainMenuScene
19:40:00.825 [JavaFX Application Thread] DEBUG Input                - Clearing active input actions
19:40:00.825 [JavaFX Application Thread] DEBUG GameApplicationServi - Removing overlay from MainMenuScene and adding to FXGLMainMenuDummyScene
19:40:00.826 [JavaFX Application Thread] DEBUG PrimaryStageWindow   - FXGLMainMenuDummyScene <- MainMenuScene
19:40:00.826 [JavaFX Application Thread] DEBUG Input                - Clearing active input actions
19:40:00.827 [JavaFX Application Thread] DEBUG GameApplicationServi - Removing overlay from FXGLMainMenuDummyScene and adding to FXGLLoadingScene
19:40:00.827 [JavaFX Application Thread] DEBUG PrimaryStageWindow   - FXGLMainMenuDummyScene -> FXGLLoadingScene
19:40:00.827 [JavaFX Application Thread] DEBUG GameApplicationServi - Clearing previous game
19:40:00.827 [JavaFX Application Thread] DEBUG GameScene            - Clearing game scene
19:40:00.827 [JavaFX Application Thread] DEBUG GameWorld            - Clearing game world
19:40:00.828 [JavaFX Application Thread] DEBUG PhysicsWorld         - Clearing physics world
19:40:00.828 [FXGL Background Thread 2 ] DEBUG FXGLApplication      - Initializing game
19:40:00.831 [FXGL Background Thread 2 ] INFO  FXGLApplication      - Game initialization took: 0.003 sec
19:40:00.832 [JavaFX Application Thread] DEBUG Input                - Clearing active input actions
19:40:00.833 [JavaFX Application Thread] DEBUG GameApplicationServi - Removing overlay from FXGLLoadingScene and adding to GameScene
19:40:00.833 [JavaFX Application Thread] DEBUG PrimaryStageWindow   - FXGLLoadingScene -> GameScene
19:40:06.075 [JavaFX Application Thread] DEBUG FXGLAssetLoaderServi - Loading from file system: file:/D:/Github/javaA-xiangqi-project-main-yxh-1125/target/classes/assets/textures/%e9%80%89%e4%b8%ad.png
19:40:08.439 [JavaFX Application Thread] DEBUG AudioPlayer          - Playing music com.almasb.fxgl.audio.Music@3709d8f2
19:40:08.451 [JavaFX Application Thread] DEBUG AudioPlayer          - Playing music com.almasb.fxgl.audio.Music@3709d8f2
19:40:08.702 [JavaFX Application Thread] DEBUG AudioPlayer          - Playing music com.almasb.fxgl.audio.Music@3709d8f2
19:40:39.650 [JavaFX Application Thread] DEBUG AudioPlayer          - Playing music com.almasb.fxgl.audio.Music@3709d8f2
19:40:39.748 [JavaFX Application Thread] DEBUG AudioPlayer          - Playing music com.almasb.fxgl.audio.Music@3709d8f2
19:40:39.889 [JavaFX Application Thread] DEBUG AudioPlayer          - Playing music com.almasb.fxgl.audio.Music@3709d8f2
19:40:40.167 [JavaFX Application Thread] DEBUG PrimaryStageWindow   - Push state: DialogSubScene
19:40:40.167 [JavaFX Application Thread] DEBUG Input                - Clearing active input actions
19:40:40.167 [JavaFX Application Thread] DEBUG GameApplicationServi - Removing overlay from GameScene and adding to DialogSubScene
19:40:40.167 [JavaFX Application Thread] DEBUG PrimaryStageWindow   - GameScene -> DialogSubScene
19:40:41.448 [JavaFX Application Thread] DEBUG PrimaryStageWindow   - Pop state: DialogSubScene
19:40:41.448 [JavaFX Application Thread] DEBUG Input                - Clearing active input actions
19:40:41.448 [JavaFX Application Thread] DEBUG GameApplicationServi - Removing overlay from DialogSubScene and adding to GameScene
19:40:41.448 [JavaFX Application Thread] DEBUG PrimaryStageWindow   - GameScene <- DialogSubScene
19:40:41.452 [JavaFX Application Thread] DEBUG PrimaryStageWindow   - Push state: DialogSubScene
19:40:41.452 [JavaFX Application Thread] DEBUG Input                - Clearing active input actions
19:40:41.452 [JavaFX Application Thread] DEBUG GameApplicationServi - Removing overlay from GameScene and adding to DialogSubScene
19:40:41.453 [JavaFX Application Thread] DEBUG PrimaryStageWindow   - GameScene -> DialogSubScene
19:40:42.074 [JavaFX Application Thread] DEBUG PrimaryStageWindow   - Pop state: DialogSubScene
19:40:42.074 [JavaFX Application Thread] DEBUG Input                - Clearing active input actions
19:40:42.074 [JavaFX Application Thread] DEBUG GameApplicationServi - Removing overlay from DialogSubScene and adding to GameScene
19:40:42.074 [JavaFX Application Thread] DEBUG PrimaryStageWindow   - GameScene <- DialogSubScene
19:40:42.323 [JavaFX Application Thread] DEBUG AudioPlayer          - Playing music com.almasb.fxgl.audio.Music@3709d8f2
19:40:42.609 [JavaFX Application Thread] DEBUG PrimaryStageWindow   - Push state: DialogSubScene
19:40:42.609 [JavaFX Application Thread] DEBUG Input                - Clearing active input actions
19:40:42.609 [JavaFX Application Thread] DEBUG GameApplicationServi - Removing overlay from GameScene and adding to DialogSubScene
19:40:42.609 [JavaFX Application Thread] DEBUG PrimaryStageWindow   - GameScene -> DialogSubScene
19:40:43.250 [JavaFX Application Thread] DEBUG PrimaryStageWindow   - Pop state: DialogSubScene
19:40:43.250 [JavaFX Application Thread] DEBUG Input                - Clearing active input actions
19:40:43.250 [JavaFX Application Thread] DEBUG GameApplicationServi - Removing overlay from DialogSubScene and adding to GameScene
19:40:43.250 [JavaFX Application Thread] DEBUG PrimaryStageWindow   - GameScene <- DialogSubScene
19:40:43.250 [JavaFX Application Thread] DEBUG GameApplicationServi - Starting new game
19:40:43.250 [JavaFX Application Thread] DEBUG Input                - Clearing active input actions
19:40:43.252 [JavaFX Application Thread] DEBUG GameApplicationServi - Removing overlay from GameScene and adding to FXGLLoadingScene
19:40:43.253 [JavaFX Application Thread] DEBUG PrimaryStageWindow   - GameScene -> FXGLLoadingScene
19:40:43.253 [JavaFX Application Thread] DEBUG GameApplicationServi - Clearing previous game
19:40:43.253 [JavaFX Application Thread] DEBUG GameScene            - Clearing game scene
19:40:43.253 [JavaFX Application Thread] DEBUG GameWorld            - Clearing game world
19:40:43.253 [JavaFX Application Thread] DEBUG PhysicsWorld         - Clearing physics world
19:40:43.253 [FXGL Background Thread 2 ] DEBUG FXGLApplication      - Initializing game
19:40:43.254 [FXGL Background Thread 2 ] DEBUG FXGLAssetLoaderServi - Loading from file system: file:/D:/Github/javaA-xiangqi-project-main-yxh-1125/target/classes/assets/textures/BlackChariot.png
19:40:43.256 [FXGL Background Thread 2 ] DEBUG FXGLAssetLoaderServi - Loading from file system: file:/D:/Github/javaA-xiangqi-project-main-yxh-1125/target/classes/assets/textures/BlackHorse.png
19:40:43.256 [FXGL Background Thread 2 ] DEBUG FXGLAssetLoaderServi - Loading from file system: file:/D:/Github/javaA-xiangqi-project-main-yxh-1125/target/classes/assets/textures/BlackElephant.png
19:40:43.257 [FXGL Background Thread 2 ] DEBUG FXGLAssetLoaderServi - Loading from file system: file:/D:/Github/javaA-xiangqi-project-main-yxh-1125/target/classes/assets/textures/BlackCannon.png
19:40:43.258 [FXGL Background Thread 2 ] DEBUG FXGLAssetLoaderServi - Loading from file system: file:/D:/Github/javaA-xiangqi-project-main-yxh-1125/target/classes/assets/textures/BlackSoldier.png
19:40:43.259 [FXGL Background Thread 2 ] DEBUG FXGLAssetLoaderServi - Loading from file system: file:/D:/Github/javaA-xiangqi-project-main-yxh-1125/target/classes/assets/textures/RedCannon.png
19:40:43.260 [FXGL Background Thread 2 ] DEBUG FXGLAssetLoaderServi - Loading from file system: file:/D:/Github/javaA-xiangqi-project-main-yxh-1125/target/classes/assets/textures/RedChariot.png
19:40:43.261 [FXGL Background Thread 2 ] DEBUG FXGLAssetLoaderServi - Loading from file system: file:/D:/Github/javaA-xiangqi-project-main-yxh-1125/target/classes/assets/textures/RedHorse.png
19:40:43.262 [FXGL Background Thread 2 ] DEBUG FXGLAssetLoaderServi - Loading from file system: file:/D:/Github/javaA-xiangqi-project-main-yxh-1125/target/classes/assets/textures/RedAdvisor.png
19:40:43.265 [FXGL Background Thread 2 ] INFO  FXGLApplication      - Game initialization took: 0.011 sec
19:40:43.265 [JavaFX Application Thread] DEBUG Input                - Clearing active input actions
19:40:43.266 [JavaFX Application Thread] DEBUG GameApplicationServi - Removing overlay from FXGLLoadingScene and adding to GameScene
19:40:43.266 [JavaFX Application Thread] DEBUG PrimaryStageWindow   - FXGLLoadingScene -> GameScene
19:40:44.581 [JavaFX Application Thread] DEBUG AudioPlayer          - Playing music com.almasb.fxgl.audio.Music@3709d8f2
19:40:45.054 [JavaFX Application Thread] DEBUG AudioPlayer          - Playing music com.almasb.fxgl.audio.Music@3709d8f2
19:40:45.646 [JavaFX Application Thread] DEBUG PrimaryStageWindow   - Push state: InGameMenuScene
19:40:45.646 [JavaFX Application Thread] DEBUG Input                - Clearing active input actions
19:40:45.646 [JavaFX Application Thread] DEBUG GameApplicationServi - Removing overlay from GameScene and adding to InGameMenuScene
19:40:45.646 [JavaFX Application Thread] DEBUG PrimaryStageWindow   - GameScene -> InGameMenuScene
19:40:46.239 [JavaFX Application Thread] DEBUG AudioPlayer          - Playing music com.almasb.fxgl.audio.Music@3709d8f2
19:40:46.614 [JavaFX Application Thread] DEBUG Menu                 - fireExitToMainMenu()
19:40:46.614 [JavaFX Application Thread] DEBUG PrimaryStageWindow   - Push state: DialogSubScene
19:40:46.614 [JavaFX Application Thread] DEBUG Input                - Clearing active input actions
19:40:46.615 [JavaFX Application Thread] DEBUG GameApplicationServi - Removing overlay from InGameMenuScene and adding to DialogSubScene
19:40:46.615 [JavaFX Application Thread] DEBUG PrimaryStageWindow   - InGameMenuScene -> DialogSubScene
19:40:48.843 [JavaFX Application Thread] DEBUG PrimaryStageWindow   - Pop state: DialogSubScene
19:40:48.843 [JavaFX Application Thread] DEBUG Input                - Clearing active input actions
19:40:48.843 [JavaFX Application Thread] DEBUG GameApplicationServi - Removing overlay from DialogSubScene and adding to InGameMenuScene
19:40:48.843 [JavaFX Application Thread] DEBUG PrimaryStageWindow   - InGameMenuScene <- DialogSubScene
19:40:48.843 [JavaFX Application Thread] DEBUG PrimaryStageWindow   - Pop state: InGameMenuScene
19:40:48.843 [JavaFX Application Thread] DEBUG Input                - Clearing active input actions
19:40:48.843 [JavaFX Application Thread] DEBUG GameApplicationServi - Removing overlay from InGameMenuScene and adding to GameScene
19:40:48.843 [JavaFX Application Thread] DEBUG PrimaryStageWindow   - GameScene <- InGameMenuScene
19:40:48.843 [JavaFX Application Thread] DEBUG Input                - Clearing active input actions
19:40:48.845 [JavaFX Application Thread] DEBUG GameApplicationServi - Removing overlay from GameScene and adding to FXGLMainMenuDummyScene
19:40:48.845 [JavaFX Application Thread] DEBUG PrimaryStageWindow   - GameScene -> FXGLMainMenuDummyScene
19:40:48.845 [JavaFX Application Thread] DEBUG PrimaryStageWindow   - Push state: MainMenuScene
19:40:48.845 [JavaFX Application Thread] DEBUG Input                - Clearing active input actions
19:40:48.845 [JavaFX Application Thread] DEBUG GameApplicationServi - Removing overlay from FXGLMainMenuDummyScene and adding to MainMenuScene
19:40:48.845 [JavaFX Application Thread] DEBUG PrimaryStageWindow   - FXGLMainMenuDummyScene -> MainMenuScene
19:40:48.845 [JavaFX Application Thread] DEBUG AudioPlayer          - Playing music com.almasb.fxgl.audio.Music@3709d8f2
19:40:49.159 [JavaFX Application Thread] DEBUG AudioPlayer          - Playing music com.almasb.fxgl.audio.Music@3709d8f2
19:40:49.356 [JavaFX Application Thread] DEBUG AudioPlayer          - Playing music com.almasb.fxgl.audio.Music@3709d8f2
19:40:49.781 [JavaFX Application Thread] DEBUG GameApplicationServi - Starting new game
19:40:49.781 [JavaFX Application Thread] DEBUG PrimaryStageWindow   - Pop state: MainMenuScene
19:40:49.781 [JavaFX Application Thread] DEBUG Input                - Clearing active input actions
19:40:49.781 [JavaFX Application Thread] DEBUG GameApplicationServi - Removing overlay from MainMenuScene and adding to FXGLMainMenuDummyScene
19:40:49.781 [JavaFX Application Thread] DEBUG PrimaryStageWindow   - FXGLMainMenuDummyScene <- MainMenuScene
19:40:49.781 [JavaFX Application Thread] DEBUG Input                - Clearing active input actions
19:40:49.782 [JavaFX Application Thread] DEBUG GameApplicationServi - Removing overlay from FXGLMainMenuDummyScene and adding to FXGLLoadingScene
19:40:49.782 [JavaFX Application Thread] DEBUG PrimaryStageWindow   - FXGLMainMenuDummyScene -> FXGLLoadingScene
19:40:49.782 [JavaFX Application Thread] DEBUG GameApplicationServi - Clearing previous game
19:40:49.782 [JavaFX Application Thread] DEBUG GameScene            - Clearing game scene
19:40:49.782 [JavaFX Application Thread] DEBUG GameWorld            - Clearing game world
19:40:49.783 [JavaFX Application Thread] DEBUG PhysicsWorld         - Clearing physics world
19:40:49.783 [FXGL Background Thread 2 ] DEBUG FXGLApplication      - Initializing game
19:40:49.786 [FXGL Background Thread 2 ] INFO  FXGLApplication      - Game initialization took: 0.002 sec
19:40:49.786 [JavaFX Application Thread] DEBUG Input                - Clearing active input actions
19:40:49.788 [JavaFX Application Thread] DEBUG GameApplicationServi - Removing overlay from FXGLLoadingScene and adding to GameScene
19:40:49.788 [JavaFX Application Thread] DEBUG PrimaryStageWindow   - FXGLLoadingScene -> GameScene
19:40:50.191 [JavaFX Application Thread] DEBUG PrimaryStageWindow   - Push state: InGameMenuScene
19:40:50.191 [JavaFX Application Thread] DEBUG Input                - Clearing active input actions
19:40:50.191 [JavaFX Application Thread] DEBUG GameApplicationServi - Removing overlay from GameScene and adding to InGameMenuScene
19:40:50.191 [JavaFX Application Thread] DEBUG PrimaryStageWindow   - GameScene -> InGameMenuScene
19:40:50.192 [JavaFX Application Thread] DEBUG AudioPlayer          - Playing music com.almasb.fxgl.audio.Music@3709d8f2
19:40:50.615 [JavaFX Application Thread] DEBUG AudioPlayer          - Playing music com.almasb.fxgl.audio.Music@3709d8f2
19:40:50.688 [JavaFX Application Thread] DEBUG AudioPlayer          - Playing music com.almasb.fxgl.audio.Music@3709d8f2
19:40:51.089 [JavaFX Application Thread] DEBUG Menu                 - fireExitToMainMenu()
19:40:51.089 [JavaFX Application Thread] DEBUG PrimaryStageWindow   - Push state: DialogSubScene
19:40:51.089 [JavaFX Application Thread] DEBUG Input                - Clearing active input actions
19:40:51.090 [JavaFX Application Thread] DEBUG GameApplicationServi - Removing overlay from InGameMenuScene and adding to DialogSubScene
19:40:51.090 [JavaFX Application Thread] DEBUG PrimaryStageWindow   - InGameMenuScene -> DialogSubScene
19:40:51.927 [JavaFX Application Thread] DEBUG PrimaryStageWindow   - Pop state: DialogSubScene
19:40:51.928 [JavaFX Application Thread] DEBUG Input                - Clearing active input actions
19:40:51.928 [JavaFX Application Thread] DEBUG GameApplicationServi - Removing overlay from DialogSubScene and adding to InGameMenuScene
19:40:51.928 [JavaFX Application Thread] DEBUG PrimaryStageWindow   - InGameMenuScene <- DialogSubScene
19:40:51.928 [JavaFX Application Thread] DEBUG PrimaryStageWindow   - Pop state: InGameMenuScene
19:40:51.928 [JavaFX Application Thread] DEBUG Input                - Clearing active input actions
19:40:51.928 [JavaFX Application Thread] DEBUG GameApplicationServi - Removing overlay from InGameMenuScene and adding to GameScene
19:40:51.928 [JavaFX Application Thread] DEBUG PrimaryStageWindow   - GameScene <- InGameMenuScene
19:40:51.928 [JavaFX Application Thread] DEBUG Input                - Clearing active input actions
19:40:51.929 [JavaFX Application Thread] DEBUG GameApplicationServi - Removing overlay from GameScene and adding to FXGLMainMenuDummyScene
19:40:51.929 [JavaFX Application Thread] DEBUG PrimaryStageWindow   - GameScene -> FXGLMainMenuDummyScene
19:40:51.929 [JavaFX Application Thread] DEBUG PrimaryStageWindow   - Push state: MainMenuScene
19:40:51.929 [JavaFX Application Thread] DEBUG Input                - Clearing active input actions
19:40:51.930 [JavaFX Application Thread] DEBUG GameApplicationServi - Removing overlay from FXGLMainMenuDummyScene and adding to MainMenuScene
19:40:51.930 [JavaFX Application Thread] DEBUG PrimaryStageWindow   - FXGLMainMenuDummyScene -> MainMenuScene
19:40:52.070 [JavaFX Application Thread] DEBUG AudioPlayer          - Playing music com.almasb.fxgl.audio.Music@3709d8f2
19:40:53.790 [JavaFX Application Thread] DEBUG AudioPlayer          - Playing music com.almasb.fxgl.audio.Music@3709d8f2
19:40:54.165 [JavaFX Application Thread] DEBUG GameApplicationServi - Starting new game
19:40:54.165 [JavaFX Application Thread] DEBUG PrimaryStageWindow   - Pop state: MainMenuScene
19:40:54.165 [JavaFX Application Thread] DEBUG Input                - Clearing active input actions
19:40:54.165 [JavaFX Application Thread] DEBUG GameApplicationServi - Removing overlay from MainMenuScene and adding to FXGLMainMenuDummyScene
19:40:54.165 [JavaFX Application Thread] DEBUG PrimaryStageWindow   - FXGLMainMenuDummyScene <- MainMenuScene
19:40:54.165 [JavaFX Application Thread] DEBUG Input                - Clearing active input actions
19:40:54.167 [JavaFX Application Thread] DEBUG GameApplicationServi - Removing overlay from FXGLMainMenuDummyScene and adding to FXGLLoadingScene
19:40:54.167 [JavaFX Application Thread] DEBUG PrimaryStageWindow   - FXGLMainMenuDummyScene -> FXGLLoadingScene
19:40:54.167 [JavaFX Application Thread] DEBUG GameApplicationServi - Clearing previous game
19:40:54.167 [JavaFX Application Thread] DEBUG GameScene            - Clearing game scene
19:40:54.167 [JavaFX Application Thread] DEBUG GameWorld            - Clearing game world
19:40:54.167 [JavaFX Application Thread] DEBUG PhysicsWorld         - Clearing physics world
19:40:54.167 [FXGL Background Thread 2 ] DEBUG FXGLApplication      - Initializing game
19:40:54.169 [FXGL Background Thread 2 ] INFO  FXGLApplication      - Game initialization took: 0.002 sec
19:40:54.169 [JavaFX Application Thread] DEBUG Input                - Clearing active input actions
19:40:54.172 [JavaFX Application Thread] DEBUG GameApplicationServi - Removing overlay from FXGLLoadingScene and adding to GameScene
19:40:54.172 [JavaFX Application Thread] DEBUG PrimaryStageWindow   - FXGLLoadingScene -> GameScene
19:40:54.592 [JavaFX Application Thread] DEBUG PrimaryStageWindow   - Push state: InGameMenuScene
19:40:54.592 [JavaFX Application Thread] DEBUG Input                - Clearing active input actions
19:40:54.592 [JavaFX Application Thread] DEBUG GameApplicationServi - Removing overlay from GameScene and adding to InGameMenuScene
19:40:54.592 [JavaFX Application Thread] DEBUG PrimaryStageWindow   - GameScene -> InGameMenuScene
19:40:54.592 [JavaFX Application Thread] DEBUG AudioPlayer          - Playing music com.almasb.fxgl.audio.Music@3709d8f2
19:40:54.871 [JavaFX Application Thread] DEBUG AudioPlayer          - Playing music com.almasb.fxgl.audio.Music@3709d8f2
19:40:55.193 [JavaFX Application Thread] DEBUG Menu                 - fireExitToMainMenu()
19:40:55.193 [JavaFX Application Thread] DEBUG PrimaryStageWindow   - Push state: DialogSubScene
19:40:55.193 [JavaFX Application Thread] DEBUG Input                - Clearing active input actions
19:40:55.194 [JavaFX Application Thread] DEBUG GameApplicationServi - Removing overlay from InGameMenuScene and adding to DialogSubScene
19:40:55.194 [JavaFX Application Thread] DEBUG PrimaryStageWindow   - InGameMenuScene -> DialogSubScene
19:40:55.974 [JavaFX Application Thread] DEBUG PrimaryStageWindow   - Pop state: DialogSubScene
19:40:55.974 [JavaFX Application Thread] DEBUG Input                - Clearing active input actions
19:40:55.974 [JavaFX Application Thread] DEBUG GameApplicationServi - Removing overlay from DialogSubScene and adding to InGameMenuScene
19:40:55.974 [JavaFX Application Thread] DEBUG PrimaryStageWindow   - InGameMenuScene <- DialogSubScene
19:40:55.974 [JavaFX Application Thread] DEBUG PrimaryStageWindow   - Pop state: InGameMenuScene
19:40:55.974 [JavaFX Application Thread] DEBUG Input                - Clearing active input actions
19:40:55.974 [JavaFX Application Thread] DEBUG GameApplicationServi - Removing overlay from InGameMenuScene and adding to GameScene
19:40:55.974 [JavaFX Application Thread] DEBUG PrimaryStageWindow   - GameScene <- InGameMenuScene
19:40:55.974 [JavaFX Application Thread] DEBUG Input                - Clearing active input actions
19:40:55.976 [JavaFX Application Thread] DEBUG GameApplicationServi - Removing overlay from GameScene and adding to FXGLMainMenuDummyScene
19:40:55.976 [JavaFX Application Thread] DEBUG PrimaryStageWindow   - GameScene -> FXGLMainMenuDummyScene
19:40:55.976 [JavaFX Application Thread] DEBUG PrimaryStageWindow   - Push state: MainMenuScene
19:40:55.976 [JavaFX Application Thread] DEBUG Input                - Clearing active input actions
19:40:55.977 [JavaFX Application Thread] DEBUG GameApplicationServi - Removing overlay from FXGLMainMenuDummyScene and adding to MainMenuScene
19:40:55.977 [JavaFX Application Thread] DEBUG PrimaryStageWindow   - FXGLMainMenuDummyScene -> MainMenuScene
19:40:55.977 [JavaFX Application Thread] DEBUG AudioPlayer          - Playing music com.almasb.fxgl.audio.Music@3709d8f2
19:40:56.290 [JavaFX Application Thread] DEBUG AudioPlayer          - Playing music com.almasb.fxgl.audio.Music@3709d8f2
19:40:56.339 [JavaFX Application Thread] DEBUG AudioPlayer          - Playing music com.almasb.fxgl.audio.Music@3709d8f2
19:40:56.392 [JavaFX Application Thread] DEBUG AudioPlayer          - Playing music com.almasb.fxgl.audio.Music@3709d8f2
19:40:57.008 [JavaFX Application Thread] DEBUG AudioPlayer          - Playing music com.almasb.fxgl.audio.Music@3709d8f2
19:40:57.357 [JavaFX Application Thread] DEBUG GameApplicationServi - Starting new game
19:40:57.357 [JavaFX Application Thread] DEBUG PrimaryStageWindow   - Pop state: MainMenuScene
19:40:57.357 [JavaFX Application Thread] DEBUG Input                - Clearing active input actions
19:40:57.357 [JavaFX Application Thread] DEBUG GameApplicationServi - Removing overlay from MainMenuScene and adding to FXGLMainMenuDummyScene
19:40:57.357 [JavaFX Application Thread] DEBUG PrimaryStageWindow   - FXGLMainMenuDummyScene <- MainMenuScene
19:40:57.357 [JavaFX Application Thread] DEBUG Input                - Clearing active input actions
19:40:57.358 [JavaFX Application Thread] DEBUG GameApplicationServi - Removing overlay from FXGLMainMenuDummyScene and adding to FXGLLoadingScene
19:40:57.358 [JavaFX Application Thread] DEBUG PrimaryStageWindow   - FXGLMainMenuDummyScene -> FXGLLoadingScene
19:40:57.358 [JavaFX Application Thread] DEBUG GameApplicationServi - Clearing previous game
19:40:57.358 [JavaFX Application Thread] DEBUG GameScene            - Clearing game scene
19:40:57.358 [JavaFX Application Thread] DEBUG GameWorld            - Clearing game world
19:40:57.359 [JavaFX Application Thread] DEBUG PhysicsWorld         - Clearing physics world
19:40:57.359 [FXGL Background Thread 2 ] DEBUG FXGLApplication      - Initializing game
19:40:57.362 [FXGL Background Thread 2 ] INFO  FXGLApplication      - Game initialization took: 0.002 sec
19:40:57.362 [JavaFX Application Thread] DEBUG Input                - Clearing active input actions
19:40:57.363 [JavaFX Application Thread] DEBUG GameApplicationServi - Removing overlay from FXGLLoadingScene and adding to GameScene
19:40:57.363 [JavaFX Application Thread] DEBUG PrimaryStageWindow   - FXGLLoadingScene -> GameScene
19:40:57.764 [JavaFX Application Thread] DEBUG PrimaryStageWindow   - Push state: InGameMenuScene
19:40:57.764 [JavaFX Application Thread] DEBUG Input                - Clearing active input actions
19:40:57.764 [JavaFX Application Thread] DEBUG GameApplicationServi - Removing overlay from GameScene and adding to InGameMenuScene
19:40:57.764 [JavaFX Application Thread] DEBUG PrimaryStageWindow   - GameScene -> InGameMenuScene
19:40:57.767 [JavaFX Application Thread] DEBUG AudioPlayer          - Playing music com.almasb.fxgl.audio.Music@3709d8f2
19:40:58.030 [JavaFX Application Thread] DEBUG AudioPlayer          - Playing music com.almasb.fxgl.audio.Music@3709d8f2
19:40:58.169 [JavaFX Application Thread] DEBUG AudioPlayer          - Playing music com.almasb.fxgl.audio.Music@3709d8f2
19:40:58.442 [JavaFX Application Thread] DEBUG Menu                 - fireExitToMainMenu()
19:40:58.443 [JavaFX Application Thread] DEBUG PrimaryStageWindow   - Push state: DialogSubScene
19:40:58.443 [JavaFX Application Thread] DEBUG Input                - Clearing active input actions
19:40:58.443 [JavaFX Application Thread] DEBUG GameApplicationServi - Removing overlay from InGameMenuScene and adding to DialogSubScene
19:40:58.443 [JavaFX Application Thread] DEBUG PrimaryStageWindow   - InGameMenuScene -> DialogSubScene
19:40:59.174 [JavaFX Application Thread] DEBUG PrimaryStageWindow   - Pop state: DialogSubScene
19:40:59.174 [JavaFX Application Thread] DEBUG Input                - Clearing active input actions
19:40:59.175 [JavaFX Application Thread] DEBUG GameApplicationServi - Removing overlay from DialogSubScene and adding to InGameMenuScene
19:40:59.175 [JavaFX Application Thread] DEBUG PrimaryStageWindow   - InGameMenuScene <- DialogSubScene
19:40:59.175 [JavaFX Application Thread] DEBUG PrimaryStageWindow   - Pop state: InGameMenuScene
19:40:59.175 [JavaFX Application Thread] DEBUG Input                - Clearing active input actions
19:40:59.175 [JavaFX Application Thread] DEBUG GameApplicationServi - Removing overlay from InGameMenuScene and adding to GameScene
19:40:59.175 [JavaFX Application Thread] DEBUG PrimaryStageWindow   - GameScene <- InGameMenuScene
19:40:59.175 [JavaFX Application Thread] DEBUG Input                - Clearing active input actions
19:40:59.176 [JavaFX Application Thread] DEBUG GameApplicationServi - Removing overlay from GameScene and adding to FXGLMainMenuDummyScene
19:40:59.176 [JavaFX Application Thread] DEBUG PrimaryStageWindow   - GameScene -> FXGLMainMenuDummyScene
19:40:59.176 [JavaFX Application Thread] DEBUG PrimaryStageWindow   - Push state: MainMenuScene
19:40:59.176 [JavaFX Application Thread] DEBUG Input                - Clearing active input actions
19:40:59.176 [JavaFX Application Thread] DEBUG GameApplicationServi - Removing overlay from FXGLMainMenuDummyScene and adding to MainMenuScene
19:40:59.176 [JavaFX Application Thread] DEBUG PrimaryStageWindow   - FXGLMainMenuDummyScene -> MainMenuScene
19:41:00.263 [JavaFX Application Thread] DEBUG AudioPlayer          - Playing music com.almasb.fxgl.audio.Music@3709d8f2
19:41:00.447 [JavaFX Application Thread] DEBUG AudioPlayer          - Playing music com.almasb.fxgl.audio.Music@3709d8f2
19:41:01.809 [JavaFX Application Thread] DEBUG AudioPlayer          - Playing music com.almasb.fxgl.audio.Music@3709d8f2
19:41:01.966 [JavaFX Application Thread] DEBUG AudioPlayer          - Playing music com.almasb.fxgl.audio.Music@3709d8f2
19:41:03.088 [JavaFX Application Thread] DEBUG AudioPlayer          - Playing music com.almasb.fxgl.audio.Music@3709d8f2
19:41:03.121 [JavaFX Application Thread] DEBUG AudioPlayer          - Playing music com.almasb.fxgl.audio.Music@3709d8f2
19:41:03.413 [JavaFX Application Thread] DEBUG AudioPlayer          - Playing music com.almasb.fxgl.audio.Music@3709d8f2
19:41:03.426 [JavaFX Application Thread] DEBUG AudioPlayer          - Playing music com.almasb.fxgl.audio.Music@3709d8f2
19:41:07.929 [JavaFX Application Thread] DEBUG AudioPlayer          - Playing music com.almasb.fxgl.audio.Music@3709d8f2
19:41:08.297 [JavaFX Application Thread] DEBUG AudioPlayer          - Playing music com.almasb.fxgl.audio.Music@3709d8f2
19:41:08.834 [JavaFX Application Thread] DEBUG AudioPlayer          - Playing music com.almasb.fxgl.audio.Music@3709d8f2
19:41:08.961 [JavaFX Application Thread] DEBUG AudioPlayer          - Playing music com.almasb.fxgl.audio.Music@3709d8f2
19:41:09.026 [JavaFX Application Thread] DEBUG AudioPlayer          - Playing music com.almasb.fxgl.audio.Music@3709d8f2
19:41:09.265 [JavaFX Application Thread] DEBUG AudioPlayer          - Playing music com.almasb.fxgl.audio.Music@3709d8f2
19:41:09.742 [JavaFX Application Thread] DEBUG AudioPlayer          - Playing music com.almasb.fxgl.audio.Music@3709d8f2
19:41:10.014 [JavaFX Application Thread] DEBUG AudioPlayer          - Playing music com.almasb.fxgl.audio.Music@3709d8f2
19:41:10.672 [JavaFX Application Thread] DEBUG GameApplicationServi - Starting new game
19:41:10.672 [JavaFX Application Thread] DEBUG PrimaryStageWindow   - Pop state: MainMenuScene
19:41:10.672 [JavaFX Application Thread] DEBUG Input                - Clearing active input actions
19:41:10.672 [JavaFX Application Thread] DEBUG GameApplicationServi - Removing overlay from MainMenuScene and adding to FXGLMainMenuDummyScene
19:41:10.672 [JavaFX Application Thread] DEBUG PrimaryStageWindow   - FXGLMainMenuDummyScene <- MainMenuScene
19:41:10.672 [JavaFX Application Thread] DEBUG Input                - Clearing active input actions
19:41:10.674 [JavaFX Application Thread] DEBUG GameApplicationServi - Removing overlay from FXGLMainMenuDummyScene and adding to FXGLLoadingScene
19:41:10.675 [JavaFX Application Thread] DEBUG PrimaryStageWindow   - FXGLMainMenuDummyScene -> FXGLLoadingScene
19:41:10.675 [JavaFX Application Thread] DEBUG GameApplicationServi - Clearing previous game
19:41:10.675 [JavaFX Application Thread] DEBUG GameScene            - Clearing game scene
19:41:10.675 [JavaFX Application Thread] DEBUG GameWorld            - Clearing game world
19:41:10.675 [JavaFX Application Thread] DEBUG PhysicsWorld         - Clearing physics world
19:41:10.675 [FXGL Background Thread 2 ] DEBUG FXGLApplication      - Initializing game
19:41:10.681 [FXGL Background Thread 2 ] INFO  FXGLApplication      - Game initialization took: 0.006 sec
19:41:10.682 [JavaFX Application Thread] DEBUG Input                - Clearing active input actions
19:41:10.684 [JavaFX Application Thread] DEBUG GameApplicationServi - Removing overlay from FXGLLoadingScene and adding to GameScene
19:41:10.684 [JavaFX Application Thread] DEBUG PrimaryStageWindow   - FXGLLoadingScene -> GameScene
19:41:10.924 [JavaFX Application Thread] DEBUG PrimaryStageWindow   - Push state: DialogSubScene
19:41:10.925 [JavaFX Application Thread] DEBUG Input                - Clearing active input actions
19:41:10.925 [JavaFX Application Thread] DEBUG GameApplicationServi - Removing overlay from GameScene and adding to DialogSubScene
19:41:10.925 [JavaFX Application Thread] DEBUG PrimaryStageWindow   - GameScene -> DialogSubScene
19:41:11.800 [JavaFX Application Thread] DEBUG PrimaryStageWindow   - Pop state: DialogSubScene
19:41:11.800 [JavaFX Application Thread] DEBUG Input                - Clearing active input actions
19:41:11.800 [JavaFX Application Thread] DEBUG GameApplicationServi - Removing overlay from DialogSubScene and adding to GameScene
19:41:11.800 [JavaFX Application Thread] DEBUG PrimaryStageWindow   - GameScene <- DialogSubScene
19:41:12.174 [JavaFX Application Thread] DEBUG AudioPlayer          - Playing music com.almasb.fxgl.audio.Music@3709d8f2
19:41:12.478 [JavaFX Application Thread] DEBUG AudioPlayer          - Playing music com.almasb.fxgl.audio.Music@3709d8f2
19:41:12.931 [JavaFX Application Thread] DEBUG AudioPlayer          - Playing music com.almasb.fxgl.audio.Music@3709d8f2
19:41:13.300 [JavaFX Application Thread] DEBUG AudioPlayer          - Playing music com.almasb.fxgl.audio.Music@3709d8f2
19:41:13.325 [JavaFX Application Thread] DEBUG AudioPlayer          - Playing music com.almasb.fxgl.audio.Music@3709d8f2
19:41:13.357 [JavaFX Application Thread] DEBUG AudioPlayer          - Playing music com.almasb.fxgl.audio.Music@3709d8f2
19:41:13.531 [JavaFX Application Thread] DEBUG AudioPlayer          - Playing music com.almasb.fxgl.audio.Music@3709d8f2
19:41:13.567 [JavaFX Application Thread] DEBUG AudioPlayer          - Playing music com.almasb.fxgl.audio.Music@3709d8f2
19:41:13.596 [JavaFX Application Thread] DEBUG AudioPlayer          - Playing music com.almasb.fxgl.audio.Music@3709d8f2
19:41:13.633 [JavaFX Application Thread] DEBUG AudioPlayer          - Playing music com.almasb.fxgl.audio.Music@3709d8f2
19:41:13.923 [JavaFX Application Thread] DEBUG Input                - Clearing active input actions
19:41:13.924 [JavaFX Application Thread] DEBUG GameApplicationServi - Removing overlay from GameScene and adding to FXGLMainMenuDummyScene
19:41:13.924 [JavaFX Application Thread] DEBUG PrimaryStageWindow   - GameScene -> FXGLMainMenuDummyScene
19:41:13.924 [JavaFX Application Thread] DEBUG PrimaryStageWindow   - Push state: MainMenuScene
19:41:13.924 [JavaFX Application Thread] DEBUG Input                - Clearing active input actions
19:41:13.925 [JavaFX Application Thread] DEBUG GameApplicationServi - Removing overlay from FXGLMainMenuDummyScene and adding to MainMenuScene
19:41:13.925 [JavaFX Application Thread] DEBUG PrimaryStageWindow   - FXGLMainMenuDummyScene -> MainMenuScene
19:41:14.247 [JavaFX Application Thread] DEBUG AudioPlayer          - Playing music com.almasb.fxgl.audio.Music@3709d8f2
19:41:14.640 [JavaFX Application Thread] DEBUG AudioPlayer          - Playing music com.almasb.fxgl.audio.Music@3709d8f2
19:41:15.670 [JavaFX Application Thread] DEBUG AudioPlayer          - Playing music com.almasb.fxgl.audio.Music@3709d8f2
19:41:15.677 [JavaFX Application Thread] DEBUG AudioPlayer          - Playing music com.almasb.fxgl.audio.Music@3709d8f2
19:41:15.913 [JavaFX Application Thread] DEBUG AudioPlayer          - Playing music com.almasb.fxgl.audio.Music@3709d8f2
19:41:16.076 [JavaFX Application Thread] DEBUG AudioPlayer          - Playing music com.almasb.fxgl.audio.Music@3709d8f2
19:41:16.377 [JavaFX Application Thread] DEBUG AudioPlayer          - Playing music com.almasb.fxgl.audio.Music@3709d8f2
19:41:16.803 [JavaFX Application Thread] DEBUG AudioPlayer          - Playing music com.almasb.fxgl.audio.Music@3709d8f2
19:41:17.071 [JavaFX Application Thread] DEBUG AudioPlayer          - Playing music com.almasb.fxgl.audio.Music@3709d8f2
19:41:17.476 [JavaFX Application Thread] DEBUG GameApplicationServi - Starting new game
19:41:17.477 [JavaFX Application Thread] DEBUG PrimaryStageWindow   - Pop state: MainMenuScene
19:41:17.477 [JavaFX Application Thread] DEBUG Input                - Clearing active input actions
19:41:17.477 [JavaFX Application Thread] DEBUG GameApplicationServi - Removing overlay from MainMenuScene and adding to FXGLMainMenuDummyScene
19:41:17.477 [JavaFX Application Thread] DEBUG PrimaryStageWindow   - FXGLMainMenuDummyScene <- MainMenuScene
19:41:17.477 [JavaFX Application Thread] DEBUG Input                - Clearing active input actions
19:41:17.478 [JavaFX Application Thread] DEBUG GameApplicationServi - Removing overlay from FXGLMainMenuDummyScene and adding to FXGLLoadingScene
19:41:17.478 [JavaFX Application Thread] DEBUG PrimaryStageWindow   - FXGLMainMenuDummyScene -> FXGLLoadingScene
19:41:17.478 [JavaFX Application Thread] DEBUG GameApplicationServi - Clearing previous game
19:41:17.478 [JavaFX Application Thread] DEBUG GameScene            - Clearing game scene
19:41:17.478 [JavaFX Application Thread] DEBUG GameWorld            - Clearing game world
19:41:17.479 [JavaFX Application Thread] DEBUG PhysicsWorld         - Clearing physics world
19:41:17.479 [FXGL Background Thread 2 ] DEBUG FXGLApplication      - Initializing game
19:41:17.489 [FXGL Background Thread 2 ] INFO  FXGLApplication      - Game initialization took: 0.010 sec
19:41:17.489 [JavaFX Application Thread] DEBUG Input                - Clearing active input actions
19:41:17.491 [JavaFX Application Thread] DEBUG GameApplicationServi - Removing overlay from FXGLLoadingScene and adding to GameScene
19:41:17.491 [JavaFX Application Thread] DEBUG PrimaryStageWindow   - FXGLLoadingScene -> GameScene
19:41:17.723 [JavaFX Application Thread] DEBUG PrimaryStageWindow   - Push state: DialogSubScene
19:41:17.723 [JavaFX Application Thread] DEBUG Input                - Clearing active input actions
19:41:17.723 [JavaFX Application Thread] DEBUG GameApplicationServi - Removing overlay from GameScene and adding to DialogSubScene
19:41:17.724 [JavaFX Application Thread] DEBUG PrimaryStageWindow   - GameScene -> DialogSubScene
19:41:20.068 [JavaFX Application Thread] DEBUG PrimaryStageWindow   - Pop state: DialogSubScene
19:41:20.068 [JavaFX Application Thread] DEBUG Input                - Clearing active input actions
19:41:20.068 [JavaFX Application Thread] DEBUG GameApplicationServi - Removing overlay from DialogSubScene and adding to GameScene
19:41:20.068 [JavaFX Application Thread] DEBUG PrimaryStageWindow   - GameScene <- DialogSubScene
19:41:20.880 [JavaFX Application Thread] DEBUG AudioPlayer          - Playing music com.almasb.fxgl.audio.Music@3709d8f2
19:41:21.885 [JavaFX Application Thread] DEBUG Input                - Clearing active input actions
19:41:21.886 [JavaFX Application Thread] DEBUG GameApplicationServi - Removing overlay from GameScene and adding to FXGLMainMenuDummyScene
19:41:21.886 [JavaFX Application Thread] DEBUG PrimaryStageWindow   - GameScene -> FXGLMainMenuDummyScene
19:41:21.886 [JavaFX Application Thread] DEBUG PrimaryStageWindow   - Push state: MainMenuScene
19:41:21.886 [JavaFX Application Thread] DEBUG Input                - Clearing active input actions
19:41:21.886 [JavaFX Application Thread] DEBUG GameApplicationServi - Removing overlay from FXGLMainMenuDummyScene and adding to MainMenuScene
19:41:21.886 [JavaFX Application Thread] DEBUG PrimaryStageWindow   - FXGLMainMenuDummyScene -> MainMenuScene
19:41:22.270 [JavaFX Application Thread] DEBUG AudioPlayer          - Playing music com.almasb.fxgl.audio.Music@3709d8f2
19:41:22.726 [JavaFX Application Thread] DEBUG AudioPlayer          - Playing music com.almasb.fxgl.audio.Music@3709d8f2
19:41:22.936 [JavaFX Application Thread] DEBUG AudioPlayer          - Playing music com.almasb.fxgl.audio.Music@3709d8f2
19:41:23.003 [JavaFX Application Thread] DEBUG AudioPlayer          - Playing music com.almasb.fxgl.audio.Music@3709d8f2
19:41:23.797 [JavaFX Application Thread] DEBUG AudioPlayer          - Playing music com.almasb.fxgl.audio.Music@3709d8f2
19:41:24.039 [JavaFX Application Thread] DEBUG GameApplicationServi - Starting new game
19:41:24.039 [JavaFX Application Thread] DEBUG PrimaryStageWindow   - Pop state: MainMenuScene
19:41:24.039 [JavaFX Application Thread] DEBUG Input                - Clearing active input actions
19:41:24.039 [JavaFX Application Thread] DEBUG GameApplicationServi - Removing overlay from MainMenuScene and adding to FXGLMainMenuDummyScene
19:41:24.039 [JavaFX Application Thread] DEBUG PrimaryStageWindow   - FXGLMainMenuDummyScene <- MainMenuScene
19:41:24.039 [JavaFX Application Thread] DEBUG Input                - Clearing active input actions
19:41:24.041 [JavaFX Application Thread] DEBUG GameApplicationServi - Removing overlay from FXGLMainMenuDummyScene and adding to FXGLLoadingScene
19:41:24.041 [JavaFX Application Thread] DEBUG PrimaryStageWindow   - FXGLMainMenuDummyScene -> FXGLLoadingScene
19:41:24.041 [JavaFX Application Thread] DEBUG GameApplicationServi - Clearing previous game
19:41:24.041 [JavaFX Application Thread] DEBUG GameScene            - Clearing game scene
19:41:24.041 [JavaFX Application Thread] DEBUG GameWorld            - Clearing game world
19:41:24.042 [JavaFX Application Thread] DEBUG PhysicsWorld         - Clearing physics world
19:41:24.042 [FXGL Background Thread 2 ] DEBUG FXGLApplication      - Initializing game
19:41:24.049 [FXGL Background Thread 2 ] INFO  FXGLApplication      - Game initialization took: 0.006 sec
19:41:24.049 [JavaFX Application Thread] DEBUG Input                - Clearing active input actions
19:41:24.050 [JavaFX Application Thread] DEBUG GameApplicationServi - Removing overlay from FXGLLoadingScene and adding to GameScene
19:41:24.050 [JavaFX Application Thread] DEBUG PrimaryStageWindow   - FXGLLoadingScene -> GameScene
19:41:24.171 [JavaFX Application Thread] DEBUG PrimaryStageWindow   - Push state: DialogSubScene
19:41:24.171 [JavaFX Application Thread] DEBUG Input                - Clearing active input actions
19:41:24.172 [JavaFX Application Thread] DEBUG GameApplicationServi - Removing overlay from GameScene and adding to DialogSubScene
19:41:24.172 [JavaFX Application Thread] DEBUG PrimaryStageWindow   - GameScene -> DialogSubScene
19:41:24.879 [JavaFX Application Thread] DEBUG PrimaryStageWindow   - Pop state: DialogSubScene
19:41:24.879 [JavaFX Application Thread] DEBUG Input                - Clearing active input actions
19:41:24.879 [JavaFX Application Thread] DEBUG GameApplicationServi - Removing overlay from DialogSubScene and adding to GameScene
19:41:24.879 [JavaFX Application Thread] DEBUG PrimaryStageWindow   - GameScene <- DialogSubScene
19:41:25.202 [JavaFX Application Thread] DEBUG AudioPlayer          - Playing music com.almasb.fxgl.audio.Music@3709d8f2
19:41:25.678 [JavaFX Application Thread] DEBUG PrimaryStageWindow   - Push state: DialogSubScene
19:41:25.678 [JavaFX Application Thread] DEBUG Input                - Clearing active input actions
19:41:25.679 [JavaFX Application Thread] DEBUG GameApplicationServi - Removing overlay from GameScene and adding to DialogSubScene
19:41:25.679 [JavaFX Application Thread] DEBUG PrimaryStageWindow   - GameScene -> DialogSubScene
19:41:26.516 [JavaFX Application Thread] DEBUG PrimaryStageWindow   - Pop state: DialogSubScene
19:41:26.516 [JavaFX Application Thread] DEBUG Input                - Clearing active input actions
19:41:26.516 [JavaFX Application Thread] DEBUG GameApplicationServi - Removing overlay from DialogSubScene and adding to GameScene
19:41:26.516 [JavaFX Application Thread] DEBUG PrimaryStageWindow   - GameScene <- DialogSubScene
19:41:27.276 [JavaFX Application Thread] DEBUG AudioPlayer          - Playing music com.almasb.fxgl.audio.Music@3709d8f2
19:41:27.980 [JavaFX Application Thread] DEBUG Input                - Clearing active input actions
19:41:27.981 [JavaFX Application Thread] DEBUG GameApplicationServi - Removing overlay from GameScene and adding to FXGLMainMenuDummyScene
19:41:27.981 [JavaFX Application Thread] DEBUG PrimaryStageWindow   - GameScene -> FXGLMainMenuDummyScene
19:41:27.981 [JavaFX Application Thread] DEBUG PrimaryStageWindow   - Push state: MainMenuScene
19:41:27.982 [JavaFX Application Thread] DEBUG Input                - Clearing active input actions
19:41:27.982 [JavaFX Application Thread] DEBUG GameApplicationServi - Removing overlay from FXGLMainMenuDummyScene and adding to MainMenuScene
19:41:27.982 [JavaFX Application Thread] DEBUG PrimaryStageWindow   - FXGLMainMenuDummyScene -> MainMenuScene
19:41:28.345 [JavaFX Application Thread] DEBUG AudioPlayer          - Playing music com.almasb.fxgl.audio.Music@3709d8f2
19:41:29.324 [JavaFX Application Thread] DEBUG AudioPlayer          - Playing music com.almasb.fxgl.audio.Music@3709d8f2
19:41:29.391 [JavaFX Application Thread] DEBUG AudioPlayer          - Playing music com.almasb.fxgl.audio.Music@3709d8f2
19:41:30.035 [JavaFX Application Thread] DEBUG AudioPlayer          - Playing music com.almasb.fxgl.audio.Music@3709d8f2
19:41:30.259 [JavaFX Application Thread] DEBUG GameApplicationServi - Starting new game
19:41:30.259 [JavaFX Application Thread] DEBUG PrimaryStageWindow   - Pop state: MainMenuScene
19:41:30.259 [JavaFX Application Thread] DEBUG Input                - Clearing active input actions
19:41:30.259 [JavaFX Application Thread] DEBUG GameApplicationServi - Removing overlay from MainMenuScene and adding to FXGLMainMenuDummyScene
19:41:30.259 [JavaFX Application Thread] DEBUG PrimaryStageWindow   - FXGLMainMenuDummyScene <- MainMenuScene
19:41:30.259 [JavaFX Application Thread] DEBUG Input                - Clearing active input actions
19:41:30.260 [JavaFX Application Thread] DEBUG GameApplicationServi - Removing overlay from FXGLMainMenuDummyScene and adding to FXGLLoadingScene
19:41:30.260 [JavaFX Application Thread] DEBUG PrimaryStageWindow   - FXGLMainMenuDummyScene -> FXGLLoadingScene
19:41:30.260 [JavaFX Application Thread] DEBUG GameApplicationServi - Clearing previous game
19:41:30.260 [JavaFX Application Thread] DEBUG GameScene            - Clearing game scene
19:41:30.260 [JavaFX Application Thread] DEBUG GameWorld            - Clearing game world
19:41:30.261 [JavaFX Application Thread] DEBUG PhysicsWorld         - Clearing physics world
19:41:30.261 [FXGL Background Thread 2 ] DEBUG FXGLApplication      - Initializing game
19:41:30.264 [FXGL Background Thread 2 ] INFO  FXGLApplication      - Game initialization took: 0.003 sec
19:41:30.265 [JavaFX Application Thread] DEBUG Input                - Clearing active input actions
19:41:30.266 [JavaFX Application Thread] DEBUG GameApplicationServi - Removing overlay from FXGLLoadingScene and adding to GameScene
19:41:30.266 [JavaFX Application Thread] DEBUG PrimaryStageWindow   - FXGLLoadingScene -> GameScene
19:41:30.412 [JavaFX Application Thread] DEBUG PrimaryStageWindow   - Push state: DialogSubScene
19:41:30.413 [JavaFX Application Thread] DEBUG Input                - Clearing active input actions
19:41:30.413 [JavaFX Application Thread] DEBUG GameApplicationServi - Removing overlay from GameScene and adding to DialogSubScene
19:41:30.413 [JavaFX Application Thread] DEBUG PrimaryStageWindow   - GameScene -> DialogSubScene
19:41:32.602 [JavaFX Application Thread] DEBUG PrimaryStageWindow   - Pop state: DialogSubScene
19:41:32.602 [JavaFX Application Thread] DEBUG Input                - Clearing active input actions
19:41:32.602 [JavaFX Application Thread] DEBUG GameApplicationServi - Removing overlay from DialogSubScene and adding to GameScene
19:41:32.602 [JavaFX Application Thread] DEBUG PrimaryStageWindow   - GameScene <- DialogSubScene
19:41:32.807 [JavaFX Application Thread] DEBUG AudioPlayer          - Playing music com.almasb.fxgl.audio.Music@3709d8f2
19:41:33.318 [JavaFX Application Thread] DEBUG PrimaryStageWindow   - Push state: DialogSubScene
19:41:33.318 [JavaFX Application Thread] DEBUG Input                - Clearing active input actions
19:41:33.318 [JavaFX Application Thread] DEBUG GameApplicationServi - Removing overlay from GameScene and adding to DialogSubScene
19:41:33.318 [JavaFX Application Thread] DEBUG PrimaryStageWindow   - GameScene -> DialogSubScene
19:41:34.091 [JavaFX Application Thread] DEBUG PrimaryStageWindow   - Pop state: DialogSubScene
19:41:34.091 [JavaFX Application Thread] DEBUG Input                - Clearing active input actions
19:41:34.091 [JavaFX Application Thread] DEBUG GameApplicationServi - Removing overlay from DialogSubScene and adding to GameScene
19:41:34.091 [JavaFX Application Thread] DEBUG PrimaryStageWindow   - GameScene <- DialogSubScene
19:41:34.601 [JavaFX Application Thread] DEBUG AudioPlayer          - Playing music com.almasb.fxgl.audio.Music@3709d8f2
19:41:35.195 [JavaFX Application Thread] DEBUG PrimaryStageWindow   - Push state: DialogSubScene
19:41:35.195 [JavaFX Application Thread] DEBUG Input                - Clearing active input actions
19:41:35.195 [JavaFX Application Thread] DEBUG GameApplicationServi - Removing overlay from GameScene and adding to DialogSubScene
19:41:35.195 [JavaFX Application Thread] DEBUG PrimaryStageWindow   - GameScene -> DialogSubScene
19:41:35.917 [JavaFX Application Thread] DEBUG PrimaryStageWindow   - Pop state: DialogSubScene
19:41:35.917 [JavaFX Application Thread] DEBUG Input                - Clearing active input actions
19:41:35.917 [JavaFX Application Thread] DEBUG GameApplicationServi - Removing overlay from DialogSubScene and adding to GameScene
19:41:35.917 [JavaFX Application Thread] DEBUG PrimaryStageWindow   - GameScene <- DialogSubScene
19:41:36.311 [JavaFX Application Thread] DEBUG AudioPlayer          - Playing music com.almasb.fxgl.audio.Music@3709d8f2
19:41:37.521 [JavaFX Application Thread] DEBUG Input                - Clearing active input actions
19:41:37.523 [JavaFX Application Thread] DEBUG GameApplicationServi - Removing overlay from GameScene and adding to FXGLMainMenuDummyScene
19:41:37.523 [JavaFX Application Thread] DEBUG PrimaryStageWindow   - GameScene -> FXGLMainMenuDummyScene
19:41:37.523 [JavaFX Application Thread] DEBUG PrimaryStageWindow   - Push state: MainMenuScene
19:41:37.523 [JavaFX Application Thread] DEBUG Input                - Clearing active input actions
19:41:37.524 [JavaFX Application Thread] DEBUG GameApplicationServi - Removing overlay from FXGLMainMenuDummyScene and adding to MainMenuScene
19:41:37.524 [JavaFX Application Thread] DEBUG PrimaryStageWindow   - FXGLMainMenuDummyScene -> MainMenuScene
19:41:37.784 [JavaFX Application Thread] DEBUG AudioPlayer          - Playing music com.almasb.fxgl.audio.Music@3709d8f2
19:41:38.460 [JavaFX Application Thread] DEBUG AudioPlayer          - Playing music com.almasb.fxgl.audio.Music@3709d8f2
19:41:39.239 [JavaFX Application Thread] DEBUG AudioPlayer          - Playing music com.almasb.fxgl.audio.Music@3709d8f2
19:41:42.864 [JavaFX Application Thread] DEBUG AudioPlayer          - Playing music com.almasb.fxgl.audio.Music@3709d8f2
19:41:43.949 [JavaFX Application Thread] DEBUG AudioPlayer          - Playing music com.almasb.fxgl.audio.Music@3709d8f2
19:41:44.507 [JavaFX Application Thread] DEBUG AudioPlayer          - Playing music com.almasb.fxgl.audio.Music@3709d8f2
19:41:44.718 [JavaFX Application Thread] DEBUG AudioPlayer          - Playing music com.almasb.fxgl.audio.Music@3709d8f2
19:41:44.966 [JavaFX Application Thread] DEBUG AudioPlayer          - Playing music com.almasb.fxgl.audio.Music@3709d8f2
19:41:45.075 [JavaFX Application Thread] DEBUG AudioPlayer          - Playing music com.almasb.fxgl.audio.Music@3709d8f2
19:41:45.568 [JavaFX Application Thread] DEBUG PrimaryStageWindow   - Push state: DialogSubScene
19:41:45.568 [JavaFX Application Thread] DEBUG Input                - Clearing active input actions
19:41:45.569 [JavaFX Application Thread] DEBUG GameApplicationServi - Removing overlay from MainMenuScene and adding to DialogSubScene
19:41:45.569 [JavaFX Application Thread] DEBUG PrimaryStageWindow   - MainMenuScene -> DialogSubScene
19:41:46.710 [JavaFX Application Thread] DEBUG PrimaryStageWindow   - Pop state: DialogSubScene
19:41:46.710 [JavaFX Application Thread] DEBUG Input                - Clearing active input actions
19:41:46.710 [JavaFX Application Thread] DEBUG GameApplicationServi - Removing overlay from DialogSubScene and adding to MainMenuScene
19:41:46.710 [JavaFX Application Thread] DEBUG PrimaryStageWindow   - MainMenuScene <- DialogSubScene
19:41:46.711 [JavaFX Application Thread] DEBUG GameApplicationServi - Starting new game
19:41:46.711 [JavaFX Application Thread] DEBUG PrimaryStageWindow   - Pop state: MainMenuScene
19:41:46.711 [JavaFX Application Thread] DEBUG Input                - Clearing active input actions
19:41:46.711 [JavaFX Application Thread] DEBUG GameApplicationServi - Removing overlay from MainMenuScene and adding to FXGLMainMenuDummyScene
19:41:46.711 [JavaFX Application Thread] DEBUG PrimaryStageWindow   - FXGLMainMenuDummyScene <- MainMenuScene
19:41:46.711 [JavaFX Application Thread] DEBUG Input                - Clearing active input actions
19:41:46.713 [JavaFX Application Thread] DEBUG GameApplicationServi - Removing overlay from FXGLMainMenuDummyScene and adding to FXGLLoadingScene
19:41:46.713 [JavaFX Application Thread] DEBUG PrimaryStageWindow   - FXGLMainMenuDummyScene -> FXGLLoadingScene
19:41:46.713 [JavaFX Application Thread] DEBUG GameApplicationServi - Clearing previous game
19:41:46.713 [JavaFX Application Thread] DEBUG GameScene            - Clearing game scene
19:41:46.713 [JavaFX Application Thread] DEBUG GameWorld            - Clearing game world
19:41:46.713 [JavaFX Application Thread] DEBUG PhysicsWorld         - Clearing physics world
19:41:46.714 [FXGL Background Thread 2 ] DEBUG FXGLApplication      - Initializing game
19:41:46.715 [FXGL Background Thread 2 ] INFO  FXGLApplication      - Game initialization took: 0.003 sec
19:41:46.715 [JavaFX Application Thread] DEBUG Input                - Clearing active input actions
19:41:46.718 [JavaFX Application Thread] DEBUG GameApplicationServi - Removing overlay from FXGLLoadingScene and adding to GameScene
19:41:46.718 [JavaFX Application Thread] DEBUG PrimaryStageWindow   - FXGLLoadingScene -> GameScene
19:41:47.066 [JavaFX Application Thread] DEBUG AudioPlayer          - Playing music com.almasb.fxgl.audio.Music@3709d8f2
19:41:47.248 [JavaFX Application Thread] DEBUG AudioPlayer          - Playing music com.almasb.fxgl.audio.Music@3709d8f2
19:41:47.540 [JavaFX Application Thread] DEBUG PrimaryStageWindow   - Push state: InGameMenuScene
19:41:47.540 [JavaFX Application Thread] DEBUG Input                - Clearing active input actions
19:41:47.541 [JavaFX Application Thread] DEBUG GameApplicationServi - Removing overlay from GameScene and adding to InGameMenuScene
19:41:47.541 [JavaFX Application Thread] DEBUG PrimaryStageWindow   - GameScene -> InGameMenuScene
19:41:47.720 [JavaFX Application Thread] DEBUG AudioPlayer          - Playing music com.almasb.fxgl.audio.Music@3709d8f2
19:41:47.884 [JavaFX Application Thread] DEBUG AudioPlayer          - Playing music com.almasb.fxgl.audio.Music@3709d8f2
19:41:48.478 [JavaFX Application Thread] DEBUG Menu                 - fireExitToMainMenu()
19:41:48.478 [JavaFX Application Thread] DEBUG PrimaryStageWindow   - Push state: DialogSubScene
19:41:48.478 [JavaFX Application Thread] DEBUG Input                - Clearing active input actions
19:41:48.480 [JavaFX Application Thread] DEBUG GameApplicationServi - Removing overlay from InGameMenuScene and adding to DialogSubScene
19:41:48.480 [JavaFX Application Thread] DEBUG PrimaryStageWindow   - InGameMenuScene -> DialogSubScene
19:41:50.091 [JavaFX Application Thread] DEBUG PrimaryStageWindow   - Pop state: DialogSubScene
19:41:50.091 [JavaFX Application Thread] DEBUG Input                - Clearing active input actions
19:41:50.091 [JavaFX Application Thread] DEBUG GameApplicationServi - Removing overlay from DialogSubScene and adding to InGameMenuScene
19:41:50.091 [JavaFX Application Thread] DEBUG PrimaryStageWindow   - InGameMenuScene <- DialogSubScene
19:41:50.091 [JavaFX Application Thread] DEBUG PrimaryStageWindow   - Pop state: InGameMenuScene
19:41:50.091 [JavaFX Application Thread] DEBUG Input                - Clearing active input actions
19:41:50.091 [JavaFX Application Thread] DEBUG GameApplicationServi - Removing overlay from InGameMenuScene and adding to GameScene
19:41:50.091 [JavaFX Application Thread] DEBUG PrimaryStageWindow   - GameScene <- InGameMenuScene
19:41:50.091 [JavaFX Application Thread] DEBUG Input                - Clearing active input actions
19:41:50.094 [JavaFX Application Thread] DEBUG GameApplicationServi - Removing overlay from GameScene and adding to FXGLMainMenuDummyScene
19:41:50.094 [JavaFX Application Thread] DEBUG PrimaryStageWindow   - GameScene -> FXGLMainMenuDummyScene
19:41:50.094 [JavaFX Application Thread] DEBUG PrimaryStageWindow   - Push state: MainMenuScene
19:41:50.094 [JavaFX Application Thread] DEBUG Input                - Clearing active input actions
19:41:50.094 [JavaFX Application Thread] DEBUG GameApplicationServi - Removing overlay from FXGLMainMenuDummyScene and adding to MainMenuScene
19:41:50.094 [JavaFX Application Thread] DEBUG PrimaryStageWindow   - FXGLMainMenuDummyScene -> MainMenuScene
19:41:50.411 [JavaFX Application Thread] DEBUG AudioPlayer          - Playing music com.almasb.fxgl.audio.Music@3709d8f2
19:41:50.579 [JavaFX Application Thread] DEBUG AudioPlayer          - Playing music com.almasb.fxgl.audio.Music@3709d8f2
19:41:50.808 [JavaFX Application Thread] DEBUG AudioPlayer          - Playing music com.almasb.fxgl.audio.Music@3709d8f2
19:41:51.063 [JavaFX Application Thread] DEBUG AudioPlayer          - Playing music com.almasb.fxgl.audio.Music@3709d8f2
19:41:51.768 [JavaFX Application Thread] DEBUG AudioPlayer          - Playing music com.almasb.fxgl.audio.Music@3709d8f2
19:41:52.327 [JavaFX Application Thread] DEBUG Menu                 - fireNewGame()
19:41:52.327 [JavaFX Application Thread] DEBUG GameApplicationServi - Starting new game
19:41:52.327 [JavaFX Application Thread] DEBUG PrimaryStageWindow   - Pop state: MainMenuScene
19:41:52.327 [JavaFX Application Thread] DEBUG Input                - Clearing active input actions
19:41:52.328 [JavaFX Application Thread] DEBUG GameApplicationServi - Removing overlay from MainMenuScene and adding to FXGLMainMenuDummyScene
19:41:52.328 [JavaFX Application Thread] DEBUG PrimaryStageWindow   - FXGLMainMenuDummyScene <- MainMenuScene
19:41:52.328 [JavaFX Application Thread] DEBUG Input                - Clearing active input actions
19:41:52.329 [JavaFX Application Thread] DEBUG GameApplicationServi - Removing overlay from FXGLMainMenuDummyScene and adding to FXGLLoadingScene
19:41:52.329 [JavaFX Application Thread] DEBUG PrimaryStageWindow   - FXGLMainMenuDummyScene -> FXGLLoadingScene
19:41:52.329 [JavaFX Application Thread] DEBUG GameApplicationServi - Clearing previous game
19:41:52.329 [JavaFX Application Thread] DEBUG GameScene            - Clearing game scene
19:41:52.329 [JavaFX Application Thread] DEBUG GameWorld            - Clearing game world
19:41:52.329 [JavaFX Application Thread] DEBUG PhysicsWorld         - Clearing physics world
19:41:52.329 [FXGL Background Thread 2 ] DEBUG FXGLApplication      - Initializing game
19:41:52.333 [FXGL Background Thread 2 ] INFO  FXGLApplication      - Game initialization took: 0.004 sec
19:41:52.336 [JavaFX Application Thread] DEBUG Input                - Clearing active input actions
19:41:52.338 [JavaFX Application Thread] DEBUG GameApplicationServi - Removing overlay from FXGLLoadingScene and adding to GameScene
19:41:52.338 [JavaFX Application Thread] DEBUG PrimaryStageWindow   - FXGLLoadingScene -> GameScene
19:42:25.453 [JavaFX Application Thread] DEBUG AudioPlayer          - Playing music com.almasb.fxgl.audio.Music@3709d8f2
19:42:26.201 [JavaFX Application Thread] DEBUG AudioPlayer          - Playing music com.almasb.fxgl.audio.Music@3709d8f2
19:42:26.670 [JavaFX Application Thread] DEBUG AudioPlayer          - Playing music com.almasb.fxgl.audio.Music@3709d8f2
19:42:26.785 [JavaFX Application Thread] DEBUG AudioPlayer          - Playing music com.almasb.fxgl.audio.Music@3709d8f2
19:42:26.830 [JavaFX Application Thread] DEBUG AudioPlayer          - Playing music com.almasb.fxgl.audio.Music@3709d8f2
19:42:26.958 [JavaFX Application Thread] DEBUG AudioPlayer          - Playing music com.almasb.fxgl.audio.Music@3709d8f2
19:42:27.229 [JavaFX Application Thread] DEBUG AudioPlayer          - Playing music com.almasb.fxgl.audio.Music@3709d8f2
19:42:27.469 [JavaFX Application Thread] DEBUG PrimaryStageWindow   - Push state: InGameMenuScene
19:42:27.469 [JavaFX Application Thread] DEBUG Input                - Clearing active input actions
19:42:27.469 [JavaFX Application Thread] DEBUG GameApplicationServi - Removing overlay from GameScene and adding to InGameMenuScene
19:42:27.469 [JavaFX Application Thread] DEBUG PrimaryStageWindow   - GameScene -> InGameMenuScene
19:42:27.685 [JavaFX Application Thread] DEBUG AudioPlayer          - Playing music com.almasb.fxgl.audio.Music@3709d8f2
19:42:27.841 [JavaFX Application Thread] DEBUG AudioPlayer          - Playing music com.almasb.fxgl.audio.Music@3709d8f2
19:42:28.163 [JavaFX Application Thread] DEBUG AudioPlayer          - Playing music com.almasb.fxgl.audio.Music@3709d8f2
19:42:28.431 [JavaFX Application Thread] DEBUG Menu                 - fireExitToMainMenu()
19:42:28.431 [JavaFX Application Thread] DEBUG PrimaryStageWindow   - Push state: DialogSubScene
19:42:28.431 [JavaFX Application Thread] DEBUG Input                - Clearing active input actions
19:42:28.432 [JavaFX Application Thread] DEBUG GameApplicationServi - Removing overlay from InGameMenuScene and adding to DialogSubScene
19:42:28.432 [JavaFX Application Thread] DEBUG PrimaryStageWindow   - InGameMenuScene -> DialogSubScene
19:42:29.106 [JavaFX Application Thread] DEBUG PrimaryStageWindow   - Pop state: DialogSubScene
19:42:29.106 [JavaFX Application Thread] DEBUG Input                - Clearing active input actions
19:42:29.107 [JavaFX Application Thread] DEBUG GameApplicationServi - Removing overlay from DialogSubScene and adding to InGameMenuScene
19:42:29.107 [JavaFX Application Thread] DEBUG PrimaryStageWindow   - InGameMenuScene <- DialogSubScene
19:42:29.107 [JavaFX Application Thread] DEBUG PrimaryStageWindow   - Pop state: InGameMenuScene
19:42:29.107 [JavaFX Application Thread] DEBUG Input                - Clearing active input actions
19:42:29.107 [JavaFX Application Thread] DEBUG GameApplicationServi - Removing overlay from InGameMenuScene and adding to GameScene
19:42:29.107 [JavaFX Application Thread] DEBUG PrimaryStageWindow   - GameScene <- InGameMenuScene
19:42:29.107 [JavaFX Application Thread] DEBUG Input                - Clearing active input actions
19:42:29.108 [JavaFX Application Thread] DEBUG GameApplicationServi - Removing overlay from GameScene and adding to FXGLMainMenuDummyScene
19:42:29.108 [JavaFX Application Thread] DEBUG PrimaryStageWindow   - GameScene -> FXGLMainMenuDummyScene
19:42:29.108 [JavaFX Application Thread] DEBUG PrimaryStageWindow   - Push state: MainMenuScene
19:42:29.108 [JavaFX Application Thread] DEBUG Input                - Clearing active input actions
19:42:29.109 [JavaFX Application Thread] DEBUG GameApplicationServi - Removing overlay from FXGLMainMenuDummyScene and adding to MainMenuScene
19:42:29.109 [JavaFX Application Thread] DEBUG PrimaryStageWindow   - FXGLMainMenuDummyScene -> MainMenuScene
19:42:29.315 [JavaFX Application Thread] DEBUG AudioPlayer          - Playing music com.almasb.fxgl.audio.Music@3709d8f2
19:42:37.875 [JavaFX Application Thread] DEBUG FXGLApplication      - Exiting FXGL
19:42:37.876 [JavaFX Application Thread] DEBUG LoopRunner           - Stopping loop
19:42:37.876 [JavaFX Application Thread] DEBUG SystemBundleService  - Saving FXGL system data
19:42:37.877 [JavaFX Application Thread] DEBUG FileSystemAccess     - Writing to: D:\Github\javaA-xiangqi-project-main-yxh-1125\system\fxgl.bundle
19:42:37.877 [JavaFX Application Thread] DEBUG Async                - Shutting down background threads
19:42:37.877 [JavaFX Application Thread] DEBUG PrimaryStageWindow   - Closing main window
19:42:37.893 [JavaFX Application Thread] DEBUG Logger               - Closing Logger
