22:41:20.695 [main                     ] DEBUG Logger               - Configured Logger
22:41:20.711 [main                     ] DEBUG GameApplication      - Logging settings
Title: 中国象棋 1.0
Version: 1.0
Width: 1386
Height: 887
Fullscreen: false
Intro: false
Profiling: false
Single step:false
App Mode: DEVELOPER
Menu Key: ESCAPE
Stage Style: DECORATED
Scene Factory: class edu.sustech.xiangqi.XiangQiApp$1

22:41:21.464 [JavaFX Application Thread] DEBUG FXGLApplication      - Initializing FXGL
22:41:21.468 [JavaFX Application Thread] INFO  Engine               - FXGL-21.1 (27.03.2024 07.52) on WINDOWS (J:23.0.2 FX:21.0.1)
22:41:21.468 [JavaFX Application Thread] DEBUG Engine               - JRE Vendor Name: Amazon.com Inc.
22:41:21.468 [JavaFX Application Thread] DEBUG Engine               - Running on OS: Windows 11 version 10.0
22:41:21.469 [JavaFX Application Thread] DEBUG Engine               - Architecture: amd64
22:41:21.469 [JavaFX Application Thread] INFO  Engine               - Source code and latest versions at: https://github.com/AlmasB/FXGL
22:41:21.469 [JavaFX Application Thread] INFO  Engine               -       Ask questions and discuss at: https://github.com/AlmasB/FXGL/discussions
22:41:21.469 [JavaFX Application Thread] INFO  Engine               -              Join the FXGL chat at: https://gitter.im/AlmasB/FXGL
22:41:21.551 [JavaFX Application Thread] DEBUG PrimaryStageWindow   - Creating a JavaFX scene
22:41:21.589 [JavaFX Application Thread] DEBUG PrimaryStageWindow   - Target settings size: 1386.0 x 887.0
22:41:21.589 [JavaFX Application Thread] DEBUG PrimaryStageWindow   - Scaled scene size:    1386.0 x 887.0
22:41:21.589 [JavaFX Application Thread] DEBUG PrimaryStageWindow   - Scaled ratio: (1.0, 1.0)
22:41:21.589 [JavaFX Application Thread] DEBUG PrimaryStageWindow   - Set initial scene to FXGLStartupScene
22:41:21.591 [JavaFX Application Thread] DEBUG PrimaryStageWindow   - Opening main window
22:41:21.681 [JavaFX Application Thread] DEBUG PrimaryStageWindow   - Window border size: (14.6666259765625, 37.66668701171875)
22:41:21.681 [JavaFX Application Thread] DEBUG PrimaryStageWindow   - Scaled size: 1386.0 x 887.0
22:41:21.681 [JavaFX Application Thread] DEBUG PrimaryStageWindow   - Scaled ratio: (1.0, 1.0)
22:41:21.681 [JavaFX Application Thread] DEBUG PrimaryStageWindow   - Scene size: 1386.0 x 887.0
22:41:21.681 [JavaFX Application Thread] DEBUG PrimaryStageWindow   - Stage size: 1400.6666259765625 x 924.6666870117188
22:41:21.687 [FXGL Background Thread 1 ] DEBUG Engine               - Initializing environment variables
22:41:21.751 [FXGL Background Thread 1 ] DEBUG FXGLAssetLoaderServi - User app class for loading assets: class edu.sustech.xiangqi.XiangQiApp
22:41:21.752 [FXGL Background Thread 1 ] DEBUG GameApplicationServi - Applying CSS: fxgl_dark.css
22:41:21.752 [FXGL Background Thread 1 ] DEBUG FXGLAssetLoaderServi - Loading from file system: jar:file:/C:/Users/%e5%b0%b9%e7%8e%ba%e9%aa%85/.m2/repository/com/github/almasb/fxgl/21.1/fxgl-21.1.jar!/fxglassets/ui/css/fxgl_dark.css
22:41:21.792 [FXGL Background Thread 1 ] DEBUG GameApplicationServi - Initializing application scenes
22:41:21.878 [FXGL Background Thread 1 ] DEBUG GameWorld            - Game world initialized
22:41:21.941 [FXGL Background Thread 1 ] DEBUG PhysicsWorld         - Physics world initialized: appHeight=887, physics.ppm=50.0
22:41:21.942 [FXGL Background Thread 1 ] DEBUG PhysicsWorld         - Using strategy: BRUTE_FORCE
22:41:21.945 [FXGL Background Thread 1 ] DEBUG GameScene            - Game scene initialized: 1386x887
22:41:21.955 [FXGL Background Thread 1 ] DEBUG FXGLAssetLoaderServi - Loading from file system: file:/E:/G2/java/final_project/team_project_1124/javaA-xiangqi-project-main/target/classes/assets/ui/fonts/HYPixel11pxU-2.ttf
22:41:22.004 [FXGL Background Thread 1 ] DEBUG FXGLAssetLoaderServi - Loading from file system: file:/E:/G2/java/final_project/team_project_1124/javaA-xiangqi-project-main/target/classes/assets/textures/Button1.png
22:41:22.066 [FXGL Background Thread 1 ] DEBUG GameApplicationServi - Application scenes initialized
22:41:22.077 [FXGL Background Thread 1 ] DEBUG SystemBundleService  - Loading FXGL system data
22:41:22.081 [FXGL Background Thread 1 ] DEBUG FileSystemAccess     - Reading from: E:\G2\java\final_project\team_project_1124\javaA-xiangqi-project-main\system\fxgl.bundle
22:41:22.086 [FXGL Background Thread 1 ] DEBUG SystemBundleService  - Bundle FXGL: {}
22:41:22.087 [FXGL Background Thread 1 ] DEBUG UpdaterService       - Checking for updates
22:41:22.093 [FXGL Background Thread 4 ] DEBUG FXGLApplication      - Loading fonts
22:41:22.094 [FXGL Background Thread 4 ] DEBUG FXGLAssetLoaderServi - Loading from file system: jar:file:/C:/Users/%e5%b0%b9%e7%8e%ba%e9%aa%85/.m2/repository/com/github/almasb/fxgl/21.1/fxgl-21.1.jar!/fxglassets/ui/fonts/VarelaRound-Regular.ttf
22:41:22.094 [FXGL Background Thread 1 ] DEBUG FXGLApplication      - Loading default localization
22:41:22.094 [FXGL Background Thread 1 ] DEBUG FXGLAssetLoaderServi - Loading from file system: jar:file:/C:/Users/%e5%b0%b9%e7%8e%ba%e9%aa%85/.m2/repository/com/github/almasb/fxgl/21.1/fxgl-21.1.jar!/fxglassets/languages/english.lang
22:41:22.099 [FXGL Background Thread 4 ] DEBUG FXGLAssetLoaderServi - Loading from file system: jar:file:/C:/Users/%e5%b0%b9%e7%8e%ba%e9%aa%85/.m2/repository/com/github/almasb/fxgl/21.1/fxgl-21.1.jar!/fxglassets/ui/fonts/Abel-Regular.ttf
22:41:22.103 [FXGL Background Thread 4 ] DEBUG FXGLAssetLoaderServi - Loading from file system: jar:file:/C:/Users/%e5%b0%b9%e7%8e%ba%e9%aa%85/.m2/repository/com/github/almasb/fxgl/21.1/fxgl-21.1.jar!/fxglassets/ui/fonts/TerminalLandMono-Regular.otf
22:41:22.106 [FXGL Background Thread 4 ] DEBUG FXGLAssetLoaderServi - Loading from file system: jar:file:/C:/Users/%e5%b0%b9%e7%8e%ba%e9%aa%85/.m2/repository/com/github/almasb/fxgl/21.1/fxgl-21.1.jar!/fxglassets/ui/fonts/Courier-Prime.ttf
22:41:22.112 [JavaFX Application Thread] DEBUG FXGLApplication      - Registering font factories with UI factory
22:41:22.125 [FXGL Background Thread 1 ] INFO  FXGLApplication      - FXGL initialization took: 0.438 sec
22:41:22.131 [JavaFX Application Thread] DEBUG Input                - Registered new binding: Click - LMB
22:41:22.132 [JavaFX Application Thread] DEBUG FXGLAssetLoaderServi - Loading from file system: jar:file:/C:/Users/%e5%b0%b9%e7%8e%ba%e9%aa%85/.m2/repository/com/github/almasb/fxgl/21.1/fxgl-21.1.jar!/fxglassets/textures/fxgl_icon.png
22:41:22.165 [JavaFX Application Thread] DEBUG FXGLAssetLoaderServi - Loading from file system: jar:file:/C:/Users/%e5%b0%b9%e7%8e%ba%e9%aa%85/.m2/repository/com/github/almasb/fxgl/21.1/fxgl-21.1.jar!/fxglassets/textures/fxgl_default_cursor.png
22:41:22.174 [JavaFX Application Thread] DEBUG Input                - Registered new binding: Screenshot - CTRL+8
22:41:22.175 [JavaFX Application Thread] DEBUG Input                - Registered new binding: System info dump - CTRL+9
22:41:22.175 [JavaFX Application Thread] DEBUG Input                - Registered new binding: Restart - CTRL+R
22:41:22.176 [JavaFX Application Thread] DEBUG Input                - Registered new binding: Toggle Debug Camera - CTRL+7
22:41:22.181 [JavaFX Application Thread] DEBUG LoopRunner           - Starting loop
22:41:22.181 [JavaFX Application Thread] DEBUG LoopRunner           - Initializing JavaFX AnimationTimerLoop
22:41:22.185 [JavaFX Application Thread] DEBUG Input                - Clearing active input actions
22:41:22.192 [JavaFX Application Thread] DEBUG GameApplicationServi - Removing overlay from FXGLStartupScene and adding to FXGLMainMenuDummyScene
22:41:22.192 [JavaFX Application Thread] DEBUG PrimaryStageWindow   - FXGLStartupScene -> FXGLMainMenuDummyScene
22:41:22.192 [JavaFX Application Thread] DEBUG PrimaryStageWindow   - Push state: MainMenuScene
22:41:22.193 [JavaFX Application Thread] DEBUG Input                - Clearing active input actions
22:41:22.202 [JavaFX Application Thread] DEBUG GameApplicationServi - Removing overlay from FXGLMainMenuDummyScene and adding to MainMenuScene
22:41:22.203 [JavaFX Application Thread] DEBUG PrimaryStageWindow   - FXGLMainMenuDummyScene -> MainMenuScene
22:41:22.206 [JavaFX Application Thread] DEBUG FXGLAssetLoaderServi - Loading from file system: file:/E:/G2/java/final_project/team_project_1124/javaA-xiangqi-project-main/target/classes/assets/music/%e6%8c%89%e9%92%ae%e9%9f%b3%e6%95%881.mp3
22:41:22.750 [JavaFX Application Thread] DEBUG AudioPlayer          - Playing music com.almasb.fxgl.audio.Music@6080049c
22:41:22.762 [JavaFX Application Thread] DEBUG AudioPlayer          - Playing music com.almasb.fxgl.audio.Music@6080049c
22:41:23.225 [JavaFX Application Thread] DEBUG AudioPlayer          - Playing music com.almasb.fxgl.audio.Music@6080049c
22:41:23.551 [JavaFX Application Thread] DEBUG AudioPlayer          - Playing music com.almasb.fxgl.audio.Music@6080049c
22:41:23.939 [JavaFX Application Thread] DEBUG FXGLAssetLoaderServi - Loading from file system: file:/E:/G2/java/final_project/team_project_1124/javaA-xiangqi-project-main/target/classes/assets/textures/Press.png
22:41:23.941 [JavaFX Application Thread] DEBUG AudioPlayer          - Playing music com.almasb.fxgl.audio.Music@6080049c
22:41:24.027 [JavaFX Application Thread] DEBUG LoopRunner           - Stopping loop
22:41:24.028 [JavaFX Application Thread] FATAL FXGLApplication      - Uncaught Exception:
java.lang.IllegalStateException: No EntityFactory was added! Call gameWorld.addEntityFactory()
	at com.almasb.fxgl.entity.GameWorld.create(GameWorld.kt:410)
	at com.almasb.fxgl.entity.GameWorld.spawn(GameWorld.kt:396)
	at com.almasb.fxgl.entity.GameWorld.spawn(GameWorld.kt:384)
	at com.almasb.fxgl.dsl.FXGL$Companion.spawn(FXGL.kt:566)
	at com.almasb.fxgl.dsl.FXGL.spawn(FXGL.kt)
	at edu.sustech.xiangqi.scene.ConfigurationScene.<init>(ConfigurationScene.java:67)
	at edu.sustech.xiangqi.scene.MainMenuScene.fireCustomSetup(MainMenuScene.java:95)
	at edu.sustech.xiangqi.scene.PixelatedButton.lambda$new$2(PixelatedButton.java:67)
	at com.sun.javafx.event.CompositeEventHandler.dispatchBubblingEvent(CompositeEventHandler.java:86)
	at com.sun.javafx.event.EventHandlerManager.dispatchBubblingEvent(EventHandlerManager.java:232)
	at com.sun.javafx.event.EventHandlerManager.dispatchBubblingEvent(EventHandlerManager.java:189)
	at com.sun.javafx.event.CompositeEventDispatcher.dispatchBubblingEvent(CompositeEventDispatcher.java:59)
	at com.sun.javafx.event.BasicEventDispatcher.dispatchEvent(BasicEventDispatcher.java:58)
	at com.sun.javafx.event.EventDispatchChainImpl.dispatchEvent(EventDispatchChainImpl.java:114)
	at com.sun.javafx.event.BasicEventDispatcher.dispatchEvent(BasicEventDispatcher.java:56)
	at com.sun.javafx.event.EventDispatchChainImpl.dispatchEvent(EventDispatchChainImpl.java:114)
	at com.sun.javafx.event.BasicEventDispatcher.dispatchEvent(BasicEventDispatcher.java:56)
	at com.sun.javafx.event.EventDispatchChainImpl.dispatchEvent(EventDispatchChainImpl.java:114)
	at com.sun.javafx.event.EventUtil.fireEventImpl(EventUtil.java:74)
	at com.sun.javafx.event.EventUtil.fireEvent(EventUtil.java:54)
	at javafx.event.Event.fireEvent(Event.java:198)
	at javafx.scene.Scene$MouseHandler.process(Scene.java:3984)
	at javafx.scene.Scene.processMouseEvent(Scene.java:1890)
	at javafx.scene.Scene$ScenePeerListener.mouseEvent(Scene.java:2708)
	at com.sun.javafx.tk.quantum.GlassViewEventHandler$MouseEventNotification.run(GlassViewEventHandler.java:411)
	at com.sun.javafx.tk.quantum.GlassViewEventHandler$MouseEventNotification.run(GlassViewEventHandler.java:301)
	at java.base/java.security.AccessController.doPrivileged(AccessController.java:400)
	at com.sun.javafx.tk.quantum.GlassViewEventHandler.lambda$handleMouseEvent$2(GlassViewEventHandler.java:450)
	at com.sun.javafx.tk.quantum.QuantumToolkit.runWithoutRenderLock(QuantumToolkit.java:424)
	at com.sun.javafx.tk.quantum.GlassViewEventHandler.handleMouseEvent(GlassViewEventHandler.java:449)
	at com.sun.glass.ui.View.handleMouseEvent(View.java:551)
	at com.sun.glass.ui.View.notifyMouse(View.java:937)
	at com.sun.glass.ui.win.WinApplication._runLoop(Native Method)
	at com.sun.glass.ui.win.WinApplication.lambda$runLoop$3(WinApplication.java:185)
	at java.base/java.lang.Thread.run(Thread.java:1575)

22:41:24.029 [JavaFX Application Thread] FATAL FXGLApplication      - Application will now exit
22:41:24.038 [JavaFX Application Thread] DEBUG PrimaryStageWindow   - Push state: ErrorSubScene
22:41:24.038 [JavaFX Application Thread] DEBUG Input                - Clearing active input actions
22:41:24.042 [JavaFX Application Thread] DEBUG GameApplicationServi - Removing overlay from MainMenuScene and adding to ErrorSubScene
22:41:24.043 [JavaFX Application Thread] DEBUG PrimaryStageWindow   - MainMenuScene -> ErrorSubScene
22:41:25.091 [FXGL Background Thread 3 ] DEBUG Engine               - Logging environment variables
22:41:25.091 [FXGL Background Thread 3 ] DEBUG Engine               - achievements: []
22:41:25.091 [FXGL Background Thread 3 ] DEBUG Engine               - actualHeight: 887.0
22:41:25.091 [FXGL Background Thread 3 ] DEBUG Engine               - actualHeightProperty: ReadOnlyDoubleProperty [value: 887.0]
22:41:25.091 [FXGL Background Thread 3 ] DEBUG Engine               - actualWidth: 1386.0
22:41:25.091 [FXGL Background Thread 3 ] DEBUG Engine               - actualWidthProperty: ReadOnlyDoubleProperty [value: 1386.0]
22:41:25.091 [FXGL Background Thread 3 ] DEBUG Engine               - appIcon: fxgl_icon.png
22:41:25.091 [FXGL Background Thread 3 ] DEBUG Engine               - applicationMode: DEVELOPER
22:41:25.091 [FXGL Background Thread 3 ] DEBUG Engine               - cSSList: [fxgl_dark.css]
22:41:25.091 [FXGL Background Thread 3 ] DEBUG Engine               - collisionDetectionStrategy: BRUTE_FORCE
22:41:25.093 [FXGL Background Thread 3 ] DEBUG Engine               - configClass: Optional.empty
22:41:25.093 [FXGL Background Thread 3 ] DEBUG Engine               - credits: []
22:41:25.096 [FXGL Background Thread 3 ] DEBUG Engine               - defaultCursor: CursorInfo(imageName=fxgl_default_cursor.png, hotspotX=7.0, hotspotY=6.0)
22:41:25.096 [FXGL Background Thread 3 ] DEBUG Engine               - devBBoxColorProperty: ObjectProperty [value: 0xff0000ff]
22:41:25.096 [FXGL Background Thread 3 ] DEBUG Engine               - devEnableDebugCameraProperty: BooleanProperty [value: false]
22:41:25.096 [FXGL Background Thread 3 ] DEBUG Engine               - devSensorColorProperty: ObjectProperty [value: 0xffff00ff]
22:41:25.096 [FXGL Background Thread 3 ] DEBUG Engine               - devShowBBoxProperty: BooleanProperty [value: false]
22:41:25.096 [FXGL Background Thread 3 ] DEBUG Engine               - devShowPositionProperty: BooleanProperty [value: false]
22:41:25.096 [FXGL Background Thread 3 ] DEBUG Engine               - enabledMenuItems: []
22:41:25.096 [FXGL Background Thread 3 ] DEBUG Engine               - engineServices: [class com.almasb.fxgl.app.services.FXGLAssetLoaderService, class com.almasb.fxgl.app.FXGLApplication$GameApplicationService, class com.almasb.fxgl.app.services.FXGLDialogService, class com.almasb.fxgl.app.services.IOTaskExecutorService, class com.almasb.fxgl.io.FileSystemService, class com.almasb.fxgl.localization.LocalizationService, class com.almasb.fxgl.app.services.SystemBundleService, class com.almasb.fxgl.profile.SaveLoadService, class com.almasb.fxgl.ui.FXGLUIFactoryServiceProvider, class com.almasb.fxgl.ui.FXGLDialogFactoryServiceProvider, class com.almasb.fxgl.audio.AudioPlayer, class com.almasb.fxgl.notification.impl.NotificationServiceProvider, class com.almasb.fxgl.achievement.AchievementService, class com.almasb.fxgl.cutscene.CutsceneService, class com.almasb.fxgl.minigames.MiniGameService, class com.almasb.fxgl.net.NetService, class com.almasb.fxgl.app.services.UpdaterService, class com.almasb.fxgl.dev.DevService]
22:41:25.096 [FXGL Background Thread 3 ] DEBUG Engine               - fontGame: Abel-Regular.ttf
22:41:25.096 [FXGL Background Thread 3 ] DEBUG Engine               - fontMono: TerminalLandMono-Regular.otf
22:41:25.096 [FXGL Background Thread 3 ] DEBUG Engine               - fontSizeScaleUI: 1.0
22:41:25.096 [FXGL Background Thread 3 ] DEBUG Engine               - fontText: Courier-Prime.ttf
22:41:25.096 [FXGL Background Thread 3 ] DEBUG Engine               - fontUI: VarelaRound-Regular.ttf
22:41:25.096 [FXGL Background Thread 3 ] DEBUG Engine               - fullScreen: BooleanProperty [value: false]
22:41:25.096 [FXGL Background Thread 3 ] DEBUG Engine               - gameDifficulty: MEDIUM
22:41:25.096 [FXGL Background Thread 3 ] DEBUG Engine               - gameDifficultyProperty: ObjectProperty [value: MEDIUM]
22:41:25.096 [FXGL Background Thread 3 ] DEBUG Engine               - globalMusicVolume: 0.5
22:41:25.096 [FXGL Background Thread 3 ] DEBUG Engine               - globalMusicVolumeProperty: DoubleProperty [value: 0.5]
22:41:25.096 [FXGL Background Thread 3 ] DEBUG Engine               - globalSoundVolume: 0.5
22:41:25.096 [FXGL Background Thread 3 ] DEBUG Engine               - globalSoundVolumeProperty: DoubleProperty [value: 0.5]
22:41:25.096 [FXGL Background Thread 3 ] DEBUG Engine               - height: 887
22:41:25.096 [FXGL Background Thread 3 ] DEBUG Engine               - is3D: false
22:41:25.096 [FXGL Background Thread 3 ] DEBUG Engine               - isAndroid: false
22:41:25.098 [FXGL Background Thread 3 ] DEBUG Engine               - isBrowser: false
22:41:25.098 [FXGL Background Thread 3 ] DEBUG Engine               - isClickFeedbackEnabled: false
22:41:25.098 [FXGL Background Thread 3 ] DEBUG Engine               - isCloseConfirmation: false
22:41:25.098 [FXGL Background Thread 3 ] DEBUG Engine               - isDesktop: true
22:41:25.098 [FXGL Background Thread 3 ] DEBUG Engine               - isDeveloperMenuEnabled: false
22:41:25.098 [FXGL Background Thread 3 ] DEBUG Engine               - isEmbedded: false
22:41:25.098 [FXGL Background Thread 3 ] DEBUG Engine               - isEntityPreloadEnabled: true
22:41:25.098 [FXGL Background Thread 3 ] DEBUG Engine               - isExperimentalTiledLargeMap: false
22:41:25.098 [FXGL Background Thread 3 ] DEBUG Engine               - isFileSystemWriteAllowed: true
22:41:25.098 [FXGL Background Thread 3 ] DEBUG Engine               - isFullScreenAllowed: false
22:41:25.098 [FXGL Background Thread 3 ] DEBUG Engine               - isFullScreenFromStart: false
22:41:25.098 [FXGL Background Thread 3 ] DEBUG Engine               - isGameMenuEnabled: true
22:41:25.098 [FXGL Background Thread 3 ] DEBUG Engine               - isIOS: false
22:41:25.098 [FXGL Background Thread 3 ] DEBUG Engine               - isIntroEnabled: false
22:41:25.098 [FXGL Background Thread 3 ] DEBUG Engine               - isLinux: false
22:41:25.098 [FXGL Background Thread 3 ] DEBUG Engine               - isMac: false
22:41:25.098 [FXGL Background Thread 3 ] DEBUG Engine               - isMainMenuEnabled: true
22:41:25.098 [FXGL Background Thread 3 ] DEBUG Engine               - isManualResizeEnabled: false
22:41:25.098 [FXGL Background Thread 3 ] DEBUG Engine               - isMobile: false
22:41:25.098 [FXGL Background Thread 3 ] DEBUG Engine               - isNative: false
22:41:25.098 [FXGL Background Thread 3 ] DEBUG Engine               - isPauseMusicWhenMinimized: true
22:41:25.098 [FXGL Background Thread 3 ] DEBUG Engine               - isPreserveResizeRatio: false
22:41:25.098 [FXGL Background Thread 3 ] DEBUG Engine               - isProfilingEnabled: false
22:41:25.098 [FXGL Background Thread 3 ] DEBUG Engine               - isScaleAffectedOnResize: true
22:41:25.098 [FXGL Background Thread 3 ] DEBUG Engine               - isSingleStep: false
22:41:25.098 [FXGL Background Thread 3 ] DEBUG Engine               - isUserProfileEnabled: false
22:41:25.098 [FXGL Background Thread 3 ] DEBUG Engine               - isWindows: true
22:41:25.098 [FXGL Background Thread 3 ] DEBUG Engine               - language: ObjectProperty [value: ENGLISH]
22:41:25.098 [FXGL Background Thread 3 ] DEBUG Engine               - menuKey: ESCAPE
22:41:25.098 [FXGL Background Thread 3 ] DEBUG Engine               - mouseSensitivity: 0.2
22:41:25.098 [FXGL Background Thread 3 ] DEBUG Engine               - notificationViewClass: class com.almasb.fxgl.notification.view.XboxNotificationView
22:41:25.098 [FXGL Background Thread 3 ] DEBUG Engine               - pixelsPerMeter: 50.0
22:41:25.098 [FXGL Background Thread 3 ] DEBUG Engine               - platform: WINDOWS
22:41:25.098 [FXGL Background Thread 3 ] DEBUG Engine               - prefHeightProperty: ReadOnlyDoubleProperty [value: 887.0]
22:41:25.098 [FXGL Background Thread 3 ] DEBUG Engine               - prefWidthProperty: ReadOnlyDoubleProperty [value: 1386.0]
22:41:25.098 [FXGL Background Thread 3 ] DEBUG Engine               - profileDir: profiles/
22:41:25.098 [FXGL Background Thread 3 ] DEBUG Engine               - profileName: StringProperty [value: DEFAULT]
22:41:25.099 [FXGL Background Thread 3 ] DEBUG Engine               - randomSeed: -1
22:41:25.099 [FXGL Background Thread 3 ] DEBUG Engine               - runtimeInfo: RuntimeInfo(platform=WINDOWS, version=21.1, build=27.03.2024 07.52)
22:41:25.099 [FXGL Background Thread 3 ] DEBUG Engine               - saveFileExt: sav
22:41:25.099 [FXGL Background Thread 3 ] DEBUG Engine               - scaledHeightProp$fxgl: DoubleProperty [bound, value: 887.0]
22:41:25.099 [FXGL Background Thread 3 ] DEBUG Engine               - scaledWidthProp$fxgl: DoubleProperty [bound, value: 1386.0]
22:41:25.099 [FXGL Background Thread 3 ] DEBUG Engine               - sceneFactory: edu.sustech.xiangqi.XiangQiApp$1@7490b8f2
22:41:25.099 [FXGL Background Thread 3 ] DEBUG Engine               - secondsIn24h: 60
22:41:25.099 [FXGL Background Thread 3 ] DEBUG Engine               - soundMenuBack: menu/back.wav
22:41:25.099 [FXGL Background Thread 3 ] DEBUG Engine               - soundMenuPress: menu/press.wav
22:41:25.099 [FXGL Background Thread 3 ] DEBUG Engine               - soundMenuSelect: menu/select.wav
22:41:25.099 [FXGL Background Thread 3 ] DEBUG Engine               - soundNotification: core/notification.wav
22:41:25.099 [FXGL Background Thread 3 ] DEBUG Engine               - stageStyle: DECORATED
22:41:25.099 [FXGL Background Thread 3 ] DEBUG Engine               - supportedLanguages: [ENGLISH, FRENCH, GERMAN, HUNGARIAN, RUSSIAN]
22:41:25.099 [FXGL Background Thread 3 ] DEBUG Engine               - ticksPerSecond: -1
22:41:25.099 [FXGL Background Thread 3 ] DEBUG Engine               - title: 中国象棋 1.0
22:41:25.099 [FXGL Background Thread 3 ] DEBUG Engine               - urlGithub: https://github.com/AlmasB/FXGL
22:41:25.099 [FXGL Background Thread 3 ] DEBUG Engine               - urlLeaderboard: http://fxgl-top.herokuapp.com/
22:41:25.099 [FXGL Background Thread 3 ] DEBUG Engine               - urlPOM: https://raw.githubusercontent.com/AlmasB/FXGL/release/README.md
22:41:25.099 [FXGL Background Thread 3 ] DEBUG Engine               - userAppClass: class edu.sustech.xiangqi.XiangQiApp
22:41:25.099 [FXGL Background Thread 3 ] DEBUG Engine               - version: 1.0
22:41:25.099 [FXGL Background Thread 3 ] DEBUG Engine               - versionCheckDays: 7
22:41:25.099 [FXGL Background Thread 3 ] DEBUG Engine               - width: 1386
22:41:25.099 [FXGL Background Thread 3 ] DEBUG Engine               - Logging services
22:41:25.099 [FXGL Background Thread 3 ] DEBUG Engine               - class com.almasb.fxgl.app.services.FXGLAssetLoaderService
22:41:25.099 [FXGL Background Thread 3 ] DEBUG Engine               - class com.almasb.fxgl.app.FXGLApplication$GameApplicationService
22:41:25.099 [FXGL Background Thread 3 ] DEBUG Engine               - class com.almasb.fxgl.app.services.FXGLDialogService
22:41:25.099 [FXGL Background Thread 3 ] DEBUG Engine               - class com.almasb.fxgl.app.services.IOTaskExecutorService
22:41:25.099 [FXGL Background Thread 3 ] DEBUG Engine               - class com.almasb.fxgl.io.FileSystemService
22:41:25.099 [FXGL Background Thread 3 ] DEBUG Engine               - class com.almasb.fxgl.localization.LocalizationService
22:41:25.099 [FXGL Background Thread 3 ] DEBUG Engine               - class com.almasb.fxgl.app.services.SystemBundleService
22:41:25.099 [FXGL Background Thread 3 ] DEBUG Engine               - class com.almasb.fxgl.profile.SaveLoadService
22:41:25.099 [FXGL Background Thread 3 ] DEBUG Engine               - class com.almasb.fxgl.ui.FXGLUIFactoryServiceProvider
22:41:25.099 [FXGL Background Thread 3 ] DEBUG Engine               - class com.almasb.fxgl.ui.FXGLDialogFactoryServiceProvider
22:41:25.099 [FXGL Background Thread 3 ] DEBUG Engine               - class com.almasb.fxgl.audio.AudioPlayer
22:41:25.099 [FXGL Background Thread 3 ] DEBUG Engine               - class com.almasb.fxgl.notification.impl.NotificationServiceProvider
22:41:25.099 [FXGL Background Thread 3 ] DEBUG Engine               - class com.almasb.fxgl.achievement.AchievementService
22:41:25.099 [FXGL Background Thread 3 ] DEBUG Engine               - class com.almasb.fxgl.cutscene.CutsceneService
22:41:25.099 [FXGL Background Thread 3 ] DEBUG Engine               - class com.almasb.fxgl.minigames.MiniGameService
22:41:25.099 [FXGL Background Thread 3 ] DEBUG Engine               - class com.almasb.fxgl.net.NetService
22:41:25.100 [FXGL Background Thread 3 ] DEBUG Engine               - class com.almasb.fxgl.app.services.UpdaterService
22:41:25.100 [FXGL Background Thread 3 ] DEBUG Engine               - class com.almasb.fxgl.dev.DevService
22:41:26.731 [JavaFX Application Thread] DEBUG FXGLApplication      - Exiting FXGL
22:41:26.731 [JavaFX Application Thread] DEBUG Async                - Shutting down background threads
22:41:26.732 [JavaFX Application Thread] DEBUG PrimaryStageWindow   - Closing main window
22:41:26.757 [JavaFX Application Thread] DEBUG Logger               - Closing Logger
