18:16:22.785 [main                     ] DEBUG Logger               - Configured Logger
18:16:22.798 [main                     ] DEBUG GameApplication      - Logging settings
Title: 中国象棋 1.0
Version: 1.0
Width: 1316
Height: 1007
Fullscreen: false
Intro: false
Profiling: false
Single step:false
App Mode: DEVELOPER
Menu Key: ESCAPE
Stage Style: DECORATED
Scene Factory: class edu.sustech.xiangqi.XiangQiApp$1

18:16:23.161 [JavaFX Application Thread] DEBUG FXGLApplication      - Initializing FXGL
18:16:23.162 [JavaFX Application Thread] INFO  Engine               - FXGL-21.1 (27.03.2024 07.52) on WINDOWS (J:23.0.1 FX:21.0.1)
18:16:23.162 [JavaFX Application Thread] DEBUG Engine               - JRE Vendor Name: Oracle Corporation
18:16:23.162 [JavaFX Application Thread] DEBUG Engine               - Running on OS: Windows 11 version 10.0
18:16:23.162 [JavaFX Application Thread] DEBUG Engine               - Architecture: amd64
18:16:23.162 [JavaFX Application Thread] INFO  Engine               - Source code and latest versions at: https://github.com/AlmasB/FXGL
18:16:23.162 [JavaFX Application Thread] INFO  Engine               -       Ask questions and discuss at: https://github.com/AlmasB/FXGL/discussions
18:16:23.162 [JavaFX Application Thread] INFO  Engine               -              Join the FXGL chat at: https://gitter.im/AlmasB/FXGL
18:16:23.214 [JavaFX Application Thread] DEBUG PrimaryStageWindow   - Creating a JavaFX scene
18:16:23.237 [JavaFX Application Thread] DEBUG PrimaryStageWindow   - Target settings size: 1316.0 x 1007.0
18:16:23.237 [JavaFX Application Thread] DEBUG PrimaryStageWindow   - Scaled scene size:    1316.0 x 1007.0
18:16:23.237 [JavaFX Application Thread] DEBUG PrimaryStageWindow   - Scaled ratio: (1.0, 1.0)
18:16:23.237 [JavaFX Application Thread] DEBUG PrimaryStageWindow   - Set initial scene to FXGLStartupScene
18:16:23.238 [JavaFX Application Thread] DEBUG PrimaryStageWindow   - Opening main window
18:16:23.299 [JavaFX Application Thread] DEBUG PrimaryStageWindow   - Window border size: (14.6666259765625, 37.6666259765625)
18:16:23.299 [JavaFX Application Thread] DEBUG PrimaryStageWindow   - Scaled size: 1316.0 x 1007.0
18:16:23.299 [JavaFX Application Thread] DEBUG PrimaryStageWindow   - Scaled ratio: (1.0, 1.0)
18:16:23.299 [JavaFX Application Thread] DEBUG PrimaryStageWindow   - Scene size: 1316.0 x 1007.0
18:16:23.299 [JavaFX Application Thread] DEBUG PrimaryStageWindow   - Stage size: 1330.6666259765625 x 1044.6666259765625
18:16:23.301 [FXGL Background Thread 1 ] DEBUG Engine               - Initializing environment variables
18:16:23.324 [FXGL Background Thread 1 ] DEBUG FXGLAssetLoaderServi - User app class for loading assets: class edu.sustech.xiangqi.XiangQiApp
18:16:23.324 [FXGL Background Thread 1 ] DEBUG GameApplicationServi - Applying CSS: fxgl_dark.css
18:16:23.324 [FXGL Background Thread 1 ] DEBUG FXGLAssetLoaderServi - Loading from file system: jar:file:/C:/Users/20140/.m2/repository/com/github/almasb/fxgl/21.1/fxgl-21.1.jar!/fxglassets/ui/css/fxgl_dark.css
18:16:23.345 [FXGL Background Thread 1 ] DEBUG GameApplicationServi - Initializing application scenes
18:16:23.401 [FXGL Background Thread 1 ] DEBUG GameWorld            - Game world initialized
18:16:23.431 [FXGL Background Thread 1 ] DEBUG PhysicsWorld         - Physics world initialized: appHeight=1007, physics.ppm=50.0
18:16:23.431 [FXGL Background Thread 1 ] DEBUG PhysicsWorld         - Using strategy: BRUTE_FORCE
18:16:23.433 [FXGL Background Thread 1 ] DEBUG GameScene            - Game scene initialized: 1316x1007
18:16:23.438 [FXGL Background Thread 1 ] DEBUG FXGLAssetLoaderServi - Loading from file system: file:/D:/Github/javaA-xiangqi-project-main-yxh-1125/target/classes/assets/ui/fonts/HYPixel11pxU-2.ttf
18:16:23.457 [FXGL Background Thread 1 ] DEBUG FXGLAssetLoaderServi - Loading from file system: file:/D:/Github/javaA-xiangqi-project-main-yxh-1125/target/classes/assets/textures/Button1.png
18:16:23.467 [FXGL Background Thread 1 ] DEBUG FXGLAssetLoaderServi - Loading from file system: file:/D:/Github/javaA-xiangqi-project-main-yxh-1125/target/classes/assets/textures/Press.png
18:16:23.484 [FXGL Background Thread 1 ] DEBUG GameApplicationServi - Application scenes initialized
18:16:23.490 [FXGL Background Thread 1 ] DEBUG SystemBundleService  - Loading FXGL system data
18:16:23.491 [FXGL Background Thread 1 ] DEBUG FileSystemAccess     - Reading from: D:\Github\javaA-xiangqi-project-main-yxh-1125\system\fxgl.bundle
18:16:23.493 [FXGL Background Thread 1 ] DEBUG SystemBundleService  - Bundle FXGL: {}
18:16:23.493 [FXGL Background Thread 1 ] DEBUG UpdaterService       - Checking for updates
18:16:23.496 [FXGL Background Thread 4 ] DEBUG FXGLApplication      - Loading fonts
18:16:23.497 [FXGL Background Thread 4 ] DEBUG FXGLAssetLoaderServi - Loading from file system: jar:file:/C:/Users/20140/.m2/repository/com/github/almasb/fxgl/21.1/fxgl-21.1.jar!/fxglassets/ui/fonts/VarelaRound-Regular.ttf
18:16:23.498 [FXGL Background Thread 1 ] DEBUG FXGLApplication      - Loading default localization
18:16:23.498 [FXGL Background Thread 1 ] DEBUG FXGLAssetLoaderServi - Loading from file system: jar:file:/C:/Users/20140/.m2/repository/com/github/almasb/fxgl/21.1/fxgl-21.1.jar!/fxglassets/languages/english.lang
18:16:23.507 [FXGL Background Thread 4 ] DEBUG FXGLAssetLoaderServi - Loading from file system: jar:file:/C:/Users/20140/.m2/repository/com/github/almasb/fxgl/21.1/fxgl-21.1.jar!/fxglassets/ui/fonts/Abel-Regular.ttf
18:16:23.517 [FXGL Background Thread 4 ] DEBUG FXGLAssetLoaderServi - Loading from file system: jar:file:/C:/Users/20140/.m2/repository/com/github/almasb/fxgl/21.1/fxgl-21.1.jar!/fxglassets/ui/fonts/TerminalLandMono-Regular.otf
18:16:23.525 [FXGL Background Thread 4 ] DEBUG FXGLAssetLoaderServi - Loading from file system: jar:file:/C:/Users/20140/.m2/repository/com/github/almasb/fxgl/21.1/fxgl-21.1.jar!/fxglassets/ui/fonts/Courier-Prime.ttf
18:16:23.530 [FXGL Background Thread 1 ] INFO  FXGLApplication      - FXGL initialization took: 0.229 sec
18:16:23.537 [JavaFX Application Thread] DEBUG Input                - Registered new binding: Click - LMB
18:16:23.539 [JavaFX Application Thread] DEBUG FXGLAssetLoaderServi - Loading from file system: jar:file:/C:/Users/20140/.m2/repository/com/github/almasb/fxgl/21.1/fxgl-21.1.jar!/fxglassets/textures/fxgl_icon.png
18:16:23.556 [JavaFX Application Thread] DEBUG FXGLAssetLoaderServi - Loading from file system: jar:file:/C:/Users/20140/.m2/repository/com/github/almasb/fxgl/21.1/fxgl-21.1.jar!/fxglassets/textures/fxgl_default_cursor.png
18:16:23.563 [JavaFX Application Thread] DEBUG Input                - Registered new binding: Screenshot - CTRL+8
18:16:23.563 [JavaFX Application Thread] DEBUG Input                - Registered new binding: System info dump - CTRL+9
18:16:23.564 [JavaFX Application Thread] DEBUG Input                - Registered new binding: Restart - CTRL+R
18:16:23.565 [JavaFX Application Thread] DEBUG Input                - Registered new binding: Toggle Debug Camera - CTRL+7
18:16:23.571 [JavaFX Application Thread] DEBUG LoopRunner           - Starting loop
18:16:23.571 [JavaFX Application Thread] DEBUG LoopRunner           - Initializing JavaFX AnimationTimerLoop
18:16:23.575 [JavaFX Application Thread] DEBUG Input                - Clearing active input actions
18:16:23.580 [JavaFX Application Thread] DEBUG GameApplicationServi - Removing overlay from FXGLStartupScene and adding to FXGLMainMenuDummyScene
18:16:23.580 [JavaFX Application Thread] DEBUG PrimaryStageWindow   - FXGLStartupScene -> FXGLMainMenuDummyScene
18:16:23.580 [JavaFX Application Thread] DEBUG PrimaryStageWindow   - Push state: MainMenuScene
18:16:23.581 [JavaFX Application Thread] DEBUG Input                - Clearing active input actions
18:16:23.587 [JavaFX Application Thread] DEBUG GameApplicationServi - Removing overlay from FXGLMainMenuDummyScene and adding to MainMenuScene
18:16:23.587 [JavaFX Application Thread] DEBUG PrimaryStageWindow   - FXGLMainMenuDummyScene -> MainMenuScene
18:16:23.588 [JavaFX Application Thread] DEBUG FXGLApplication      - Registering font factories with UI factory
18:16:26.172 [JavaFX Application Thread] DEBUG FXGLAssetLoaderServi - Loading from file system: file:/D:/Github/javaA-xiangqi-project-main-yxh-1125/target/classes/assets/music/%e6%8c%89%e9%92%ae%e9%9f%b3%e6%95%881.mp3
18:16:26.240 [JavaFX Application Thread] DEBUG AudioPlayer          - Playing music com.almasb.fxgl.audio.Music@685121f3
18:16:26.389 [JavaFX Application Thread] DEBUG AudioPlayer          - Playing music com.almasb.fxgl.audio.Music@685121f3
18:16:26.496 [FXGL Background Thread 3 ] DEBUG Engine               - Logging environment variables
18:16:26.496 [FXGL Background Thread 3 ] DEBUG Engine               - achievements: []
18:16:26.496 [FXGL Background Thread 3 ] DEBUG Engine               - actualHeight: 1007.0
18:16:26.496 [FXGL Background Thread 3 ] DEBUG Engine               - actualHeightProperty: ReadOnlyDoubleProperty [value: 1007.0]
18:16:26.496 [FXGL Background Thread 3 ] DEBUG Engine               - actualWidth: 1316.0
18:16:26.496 [FXGL Background Thread 3 ] DEBUG Engine               - actualWidthProperty: ReadOnlyDoubleProperty [value: 1316.0]
18:16:26.496 [FXGL Background Thread 3 ] DEBUG Engine               - appIcon: fxgl_icon.png
18:16:26.496 [FXGL Background Thread 3 ] DEBUG Engine               - applicationMode: DEVELOPER
18:16:26.496 [FXGL Background Thread 3 ] DEBUG Engine               - cSSList: [fxgl_dark.css]
18:16:26.496 [FXGL Background Thread 3 ] DEBUG Engine               - collisionDetectionStrategy: BRUTE_FORCE
18:16:26.496 [FXGL Background Thread 3 ] DEBUG Engine               - configClass: Optional.empty
18:16:26.496 [FXGL Background Thread 3 ] DEBUG Engine               - credits: []
18:16:26.500 [FXGL Background Thread 3 ] DEBUG Engine               - defaultCursor: CursorInfo(imageName=fxgl_default_cursor.png, hotspotX=7.0, hotspotY=6.0)
18:16:26.501 [FXGL Background Thread 3 ] DEBUG Engine               - devBBoxColorProperty: ObjectProperty [value: 0xff0000ff]
18:16:26.501 [FXGL Background Thread 3 ] DEBUG Engine               - devEnableDebugCameraProperty: BooleanProperty [value: false]
18:16:26.501 [FXGL Background Thread 3 ] DEBUG Engine               - devSensorColorProperty: ObjectProperty [value: 0xffff00ff]
18:16:26.501 [FXGL Background Thread 3 ] DEBUG Engine               - devShowBBoxProperty: BooleanProperty [value: false]
18:16:26.501 [FXGL Background Thread 3 ] DEBUG Engine               - devShowPositionProperty: BooleanProperty [value: false]
18:16:26.501 [FXGL Background Thread 3 ] DEBUG Engine               - enabledMenuItems: []
18:16:26.501 [FXGL Background Thread 3 ] DEBUG Engine               - engineServices: [class com.almasb.fxgl.app.services.FXGLAssetLoaderService, class com.almasb.fxgl.app.FXGLApplication$GameApplicationService, class com.almasb.fxgl.app.services.FXGLDialogService, class com.almasb.fxgl.app.services.IOTaskExecutorService, class com.almasb.fxgl.io.FileSystemService, class com.almasb.fxgl.localization.LocalizationService, class com.almasb.fxgl.app.services.SystemBundleService, class com.almasb.fxgl.profile.SaveLoadService, class com.almasb.fxgl.ui.FXGLUIFactoryServiceProvider, class com.almasb.fxgl.ui.FXGLDialogFactoryServiceProvider, class com.almasb.fxgl.audio.AudioPlayer, class com.almasb.fxgl.notification.impl.NotificationServiceProvider, class com.almasb.fxgl.achievement.AchievementService, class com.almasb.fxgl.cutscene.CutsceneService, class com.almasb.fxgl.minigames.MiniGameService, class com.almasb.fxgl.net.NetService, class com.almasb.fxgl.app.services.UpdaterService, class com.almasb.fxgl.dev.DevService]
18:16:26.501 [FXGL Background Thread 3 ] DEBUG Engine               - fontGame: Abel-Regular.ttf
18:16:26.501 [FXGL Background Thread 3 ] DEBUG Engine               - fontMono: TerminalLandMono-Regular.otf
18:16:26.501 [FXGL Background Thread 3 ] DEBUG Engine               - fontSizeScaleUI: 1.0
18:16:26.501 [FXGL Background Thread 3 ] DEBUG Engine               - fontText: Courier-Prime.ttf
18:16:26.501 [FXGL Background Thread 3 ] DEBUG Engine               - fontUI: VarelaRound-Regular.ttf
18:16:26.501 [FXGL Background Thread 3 ] DEBUG Engine               - fullScreen: BooleanProperty [value: false]
18:16:26.501 [FXGL Background Thread 3 ] DEBUG Engine               - gameDifficulty: MEDIUM
18:16:26.501 [FXGL Background Thread 3 ] DEBUG Engine               - gameDifficultyProperty: ObjectProperty [value: MEDIUM]
18:16:26.501 [FXGL Background Thread 3 ] DEBUG Engine               - globalMusicVolume: 0.5
18:16:26.501 [FXGL Background Thread 3 ] DEBUG Engine               - globalMusicVolumeProperty: DoubleProperty [value: 0.5]
18:16:26.501 [FXGL Background Thread 3 ] DEBUG Engine               - globalSoundVolume: 0.5
18:16:26.501 [FXGL Background Thread 3 ] DEBUG Engine               - globalSoundVolumeProperty: DoubleProperty [value: 0.5]
18:16:26.501 [FXGL Background Thread 3 ] DEBUG Engine               - height: 1007
18:16:26.501 [FXGL Background Thread 3 ] DEBUG Engine               - is3D: false
18:16:26.501 [FXGL Background Thread 3 ] DEBUG Engine               - isAndroid: false
18:16:26.501 [FXGL Background Thread 3 ] DEBUG Engine               - isBrowser: false
18:16:26.501 [FXGL Background Thread 3 ] DEBUG Engine               - isClickFeedbackEnabled: false
18:16:26.501 [FXGL Background Thread 3 ] DEBUG Engine               - isCloseConfirmation: false
18:16:26.501 [FXGL Background Thread 3 ] DEBUG Engine               - isDesktop: true
18:16:26.501 [FXGL Background Thread 3 ] DEBUG Engine               - isDeveloperMenuEnabled: false
18:16:26.501 [FXGL Background Thread 3 ] DEBUG Engine               - isEmbedded: false
18:16:26.501 [FXGL Background Thread 3 ] DEBUG Engine               - isEntityPreloadEnabled: true
18:16:26.501 [FXGL Background Thread 3 ] DEBUG Engine               - isExperimentalTiledLargeMap: false
18:16:26.501 [FXGL Background Thread 3 ] DEBUG Engine               - isFileSystemWriteAllowed: true
18:16:26.501 [FXGL Background Thread 3 ] DEBUG Engine               - isFullScreenAllowed: false
18:16:26.501 [FXGL Background Thread 3 ] DEBUG Engine               - isFullScreenFromStart: false
18:16:26.501 [FXGL Background Thread 3 ] DEBUG Engine               - isGameMenuEnabled: true
18:16:26.501 [FXGL Background Thread 3 ] DEBUG Engine               - isIOS: false
18:16:26.501 [FXGL Background Thread 3 ] DEBUG Engine               - isIntroEnabled: false
18:16:26.501 [FXGL Background Thread 3 ] DEBUG Engine               - isLinux: false
18:16:26.501 [FXGL Background Thread 3 ] DEBUG Engine               - isMac: false
18:16:26.501 [FXGL Background Thread 3 ] DEBUG Engine               - isMainMenuEnabled: true
18:16:26.501 [FXGL Background Thread 3 ] DEBUG Engine               - isManualResizeEnabled: false
18:16:26.501 [FXGL Background Thread 3 ] DEBUG Engine               - isMobile: false
18:16:26.501 [FXGL Background Thread 3 ] DEBUG Engine               - isNative: false
18:16:26.501 [FXGL Background Thread 3 ] DEBUG Engine               - isPauseMusicWhenMinimized: true
18:16:26.501 [FXGL Background Thread 3 ] DEBUG Engine               - isPreserveResizeRatio: false
18:16:26.501 [FXGL Background Thread 3 ] DEBUG Engine               - isProfilingEnabled: false
18:16:26.502 [FXGL Background Thread 3 ] DEBUG Engine               - isScaleAffectedOnResize: true
18:16:26.502 [FXGL Background Thread 3 ] DEBUG Engine               - isSingleStep: false
18:16:26.502 [FXGL Background Thread 3 ] DEBUG Engine               - isUserProfileEnabled: false
18:16:26.502 [FXGL Background Thread 3 ] DEBUG Engine               - isWindows: true
18:16:26.502 [FXGL Background Thread 3 ] DEBUG Engine               - language: ObjectProperty [value: ENGLISH]
18:16:26.502 [FXGL Background Thread 3 ] DEBUG Engine               - menuKey: ESCAPE
18:16:26.502 [FXGL Background Thread 3 ] DEBUG Engine               - mouseSensitivity: 0.2
18:16:26.502 [FXGL Background Thread 3 ] DEBUG Engine               - notificationViewClass: class com.almasb.fxgl.notification.view.XboxNotificationView
18:16:26.502 [FXGL Background Thread 3 ] DEBUG Engine               - pixelsPerMeter: 50.0
18:16:26.502 [FXGL Background Thread 3 ] DEBUG Engine               - platform: WINDOWS
18:16:26.502 [FXGL Background Thread 3 ] DEBUG Engine               - prefHeightProperty: ReadOnlyDoubleProperty [value: 1007.0]
18:16:26.502 [FXGL Background Thread 3 ] DEBUG Engine               - prefWidthProperty: ReadOnlyDoubleProperty [value: 1316.0]
18:16:26.502 [FXGL Background Thread 3 ] DEBUG Engine               - profileDir: profiles/
18:16:26.502 [FXGL Background Thread 3 ] DEBUG Engine               - profileName: StringProperty [value: DEFAULT]
18:16:26.502 [FXGL Background Thread 3 ] DEBUG Engine               - randomSeed: -1
18:16:26.502 [FXGL Background Thread 3 ] DEBUG Engine               - runtimeInfo: RuntimeInfo(platform=WINDOWS, version=21.1, build=27.03.2024 07.52)
18:16:26.502 [FXGL Background Thread 3 ] DEBUG Engine               - saveFileExt: sav
18:16:26.502 [FXGL Background Thread 3 ] DEBUG Engine               - scaledHeightProp$fxgl: DoubleProperty [bound, value: 1007.0]
18:16:26.502 [FXGL Background Thread 3 ] DEBUG Engine               - scaledWidthProp$fxgl: DoubleProperty [bound, value: 1316.0]
18:16:26.502 [FXGL Background Thread 3 ] DEBUG Engine               - sceneFactory: edu.sustech.xiangqi.XiangQiApp$1@73a49875
18:16:26.502 [FXGL Background Thread 3 ] DEBUG Engine               - secondsIn24h: 60
18:16:26.502 [FXGL Background Thread 3 ] DEBUG Engine               - soundMenuBack: menu/back.wav
18:16:26.503 [FXGL Background Thread 3 ] DEBUG Engine               - soundMenuPress: menu/press.wav
18:16:26.503 [FXGL Background Thread 3 ] DEBUG Engine               - soundMenuSelect: menu/select.wav
18:16:26.503 [FXGL Background Thread 3 ] DEBUG Engine               - soundNotification: core/notification.wav
18:16:26.503 [FXGL Background Thread 3 ] DEBUG Engine               - stageStyle: DECORATED
18:16:26.503 [FXGL Background Thread 3 ] DEBUG Engine               - supportedLanguages: [ENGLISH, FRENCH, GERMAN, HUNGARIAN, RUSSIAN]
18:16:26.503 [FXGL Background Thread 3 ] DEBUG Engine               - ticksPerSecond: -1
18:16:26.503 [FXGL Background Thread 3 ] DEBUG Engine               - title: 中国象棋 1.0
18:16:26.503 [FXGL Background Thread 3 ] DEBUG Engine               - urlGithub: https://github.com/AlmasB/FXGL
18:16:26.503 [FXGL Background Thread 3 ] DEBUG Engine               - urlLeaderboard: http://fxgl-top.herokuapp.com/
18:16:26.503 [FXGL Background Thread 3 ] DEBUG Engine               - urlPOM: https://raw.githubusercontent.com/AlmasB/FXGL/release/README.md
18:16:26.503 [FXGL Background Thread 3 ] DEBUG Engine               - userAppClass: class edu.sustech.xiangqi.XiangQiApp
18:16:26.503 [FXGL Background Thread 3 ] DEBUG Engine               - version: 1.0
18:16:26.503 [FXGL Background Thread 3 ] DEBUG Engine               - versionCheckDays: 7
18:16:26.503 [FXGL Background Thread 3 ] DEBUG Engine               - width: 1316
18:16:26.503 [FXGL Background Thread 3 ] DEBUG Engine               - Logging services
18:16:26.503 [FXGL Background Thread 3 ] DEBUG Engine               - class com.almasb.fxgl.app.services.FXGLAssetLoaderService
18:16:26.503 [FXGL Background Thread 3 ] DEBUG Engine               - class com.almasb.fxgl.app.FXGLApplication$GameApplicationService
18:16:26.503 [FXGL Background Thread 3 ] DEBUG Engine               - class com.almasb.fxgl.app.services.FXGLDialogService
18:16:26.503 [FXGL Background Thread 3 ] DEBUG Engine               - class com.almasb.fxgl.app.services.IOTaskExecutorService
18:16:26.503 [FXGL Background Thread 3 ] DEBUG Engine               - class com.almasb.fxgl.io.FileSystemService
18:16:26.503 [FXGL Background Thread 3 ] DEBUG Engine               - class com.almasb.fxgl.localization.LocalizationService
18:16:26.503 [FXGL Background Thread 3 ] DEBUG Engine               - class com.almasb.fxgl.app.services.SystemBundleService
18:16:26.503 [FXGL Background Thread 3 ] DEBUG Engine               - class com.almasb.fxgl.profile.SaveLoadService
18:16:26.503 [FXGL Background Thread 3 ] DEBUG Engine               - class com.almasb.fxgl.ui.FXGLUIFactoryServiceProvider
18:16:26.503 [FXGL Background Thread 3 ] DEBUG Engine               - class com.almasb.fxgl.ui.FXGLDialogFactoryServiceProvider
18:16:26.503 [FXGL Background Thread 3 ] DEBUG Engine               - class com.almasb.fxgl.audio.AudioPlayer
18:16:26.503 [FXGL Background Thread 3 ] DEBUG Engine               - class com.almasb.fxgl.notification.impl.NotificationServiceProvider
18:16:26.503 [FXGL Background Thread 3 ] DEBUG Engine               - class com.almasb.fxgl.achievement.AchievementService
18:16:26.503 [FXGL Background Thread 3 ] DEBUG Engine               - class com.almasb.fxgl.cutscene.CutsceneService
18:16:26.503 [FXGL Background Thread 3 ] DEBUG Engine               - class com.almasb.fxgl.minigames.MiniGameService
18:16:26.503 [FXGL Background Thread 3 ] DEBUG Engine               - class com.almasb.fxgl.net.NetService
18:16:26.503 [FXGL Background Thread 3 ] DEBUG Engine               - class com.almasb.fxgl.app.services.UpdaterService
18:16:26.503 [FXGL Background Thread 3 ] DEBUG Engine               - class com.almasb.fxgl.dev.DevService
18:16:27.044 [JavaFX Application Thread] DEBUG AudioPlayer          - Playing music com.almasb.fxgl.audio.Music@685121f3
18:16:27.188 [JavaFX Application Thread] DEBUG Menu                 - fireExit()
18:16:27.192 [JavaFX Application Thread] DEBUG PrimaryStageWindow   - Push state: DialogSubScene
18:16:27.192 [JavaFX Application Thread] DEBUG Input                - Clearing active input actions
18:16:27.195 [JavaFX Application Thread] DEBUG GameApplicationServi - Removing overlay from MainMenuScene and adding to DialogSubScene
18:16:27.196 [JavaFX Application Thread] DEBUG PrimaryStageWindow   - MainMenuScene -> DialogSubScene
18:16:28.101 [JavaFX Application Thread] DEBUG PrimaryStageWindow   - Pop state: DialogSubScene
18:16:28.101 [JavaFX Application Thread] DEBUG Input                - Clearing active input actions
18:16:28.103 [JavaFX Application Thread] DEBUG GameApplicationServi - Removing overlay from DialogSubScene and adding to MainMenuScene
18:16:28.103 [JavaFX Application Thread] DEBUG PrimaryStageWindow   - MainMenuScene <- DialogSubScene
18:16:28.692 [JavaFX Application Thread] DEBUG AudioPlayer          - Playing music com.almasb.fxgl.audio.Music@685121f3
18:16:28.716 [JavaFX Application Thread] DEBUG AudioPlayer          - Playing music com.almasb.fxgl.audio.Music@685121f3
18:16:29.006 [JavaFX Application Thread] DEBUG AudioPlayer          - Playing music com.almasb.fxgl.audio.Music@685121f3
18:16:29.145 [JavaFX Application Thread] DEBUG Menu                 - fireExit()
18:16:29.145 [JavaFX Application Thread] DEBUG PrimaryStageWindow   - Push state: DialogSubScene
18:16:29.145 [JavaFX Application Thread] DEBUG Input                - Clearing active input actions
18:16:29.146 [JavaFX Application Thread] DEBUG GameApplicationServi - Removing overlay from MainMenuScene and adding to DialogSubScene
18:16:29.146 [JavaFX Application Thread] DEBUG PrimaryStageWindow   - MainMenuScene -> DialogSubScene
18:16:29.909 [JavaFX Application Thread] DEBUG PrimaryStageWindow   - Pop state: DialogSubScene
18:16:29.909 [JavaFX Application Thread] DEBUG Input                - Clearing active input actions
18:16:29.910 [JavaFX Application Thread] DEBUG GameApplicationServi - Removing overlay from DialogSubScene and adding to MainMenuScene
18:16:29.910 [JavaFX Application Thread] DEBUG PrimaryStageWindow   - MainMenuScene <- DialogSubScene
18:16:30.159 [JavaFX Application Thread] DEBUG AudioPlayer          - Playing music com.almasb.fxgl.audio.Music@685121f3
18:16:30.824 [JavaFX Application Thread] DEBUG AudioPlayer          - Playing music com.almasb.fxgl.audio.Music@685121f3
18:16:30.988 [JavaFX Application Thread] DEBUG Menu                 - fireExit()
18:16:30.988 [JavaFX Application Thread] DEBUG PrimaryStageWindow   - Push state: DialogSubScene
18:16:30.988 [JavaFX Application Thread] DEBUG Input                - Clearing active input actions
18:16:30.989 [JavaFX Application Thread] DEBUG GameApplicationServi - Removing overlay from MainMenuScene and adding to DialogSubScene
18:16:30.989 [JavaFX Application Thread] DEBUG PrimaryStageWindow   - MainMenuScene -> DialogSubScene
18:16:32.024 [JavaFX Application Thread] DEBUG PrimaryStageWindow   - Pop state: DialogSubScene
18:16:32.024 [JavaFX Application Thread] DEBUG Input                - Clearing active input actions
18:16:32.024 [JavaFX Application Thread] DEBUG GameApplicationServi - Removing overlay from DialogSubScene and adding to MainMenuScene
18:16:32.025 [JavaFX Application Thread] DEBUG PrimaryStageWindow   - MainMenuScene <- DialogSubScene
18:16:32.191 [JavaFX Application Thread] DEBUG AudioPlayer          - Playing music com.almasb.fxgl.audio.Music@685121f3
18:16:32.369 [JavaFX Application Thread] DEBUG AudioPlayer          - Playing music com.almasb.fxgl.audio.Music@685121f3
18:16:32.560 [JavaFX Application Thread] DEBUG AudioPlayer          - Playing music com.almasb.fxgl.audio.Music@685121f3
18:16:32.961 [JavaFX Application Thread] DEBUG AudioPlayer          - Playing music com.almasb.fxgl.audio.Music@685121f3
18:16:33.001 [JavaFX Application Thread] DEBUG AudioPlayer          - Playing music com.almasb.fxgl.audio.Music@685121f3
18:16:33.080 [JavaFX Application Thread] DEBUG AudioPlayer          - Playing music com.almasb.fxgl.audio.Music@685121f3
18:16:33.511 [JavaFX Application Thread] DEBUG AudioPlayer          - Playing music com.almasb.fxgl.audio.Music@685121f3
18:16:33.655 [JavaFX Application Thread] DEBUG AudioPlayer          - Playing music com.almasb.fxgl.audio.Music@685121f3
18:16:34.059 [JavaFX Application Thread] DEBUG AudioPlayer          - Playing music com.almasb.fxgl.audio.Music@685121f3
18:16:34.329 [JavaFX Application Thread] DEBUG AudioPlayer          - Playing music com.almasb.fxgl.audio.Music@685121f3
18:16:34.425 [JavaFX Application Thread] DEBUG Menu                 - fireExit()
18:16:34.426 [JavaFX Application Thread] DEBUG PrimaryStageWindow   - Push state: DialogSubScene
18:16:34.426 [JavaFX Application Thread] DEBUG Input                - Clearing active input actions
18:16:34.426 [JavaFX Application Thread] DEBUG GameApplicationServi - Removing overlay from MainMenuScene and adding to DialogSubScene
18:16:34.426 [JavaFX Application Thread] DEBUG PrimaryStageWindow   - MainMenuScene -> DialogSubScene
18:16:35.018 [JavaFX Application Thread] DEBUG PrimaryStageWindow   - Pop state: DialogSubScene
18:16:35.018 [JavaFX Application Thread] DEBUG Input                - Clearing active input actions
18:16:35.018 [JavaFX Application Thread] DEBUG GameApplicationServi - Removing overlay from DialogSubScene and adding to MainMenuScene
18:16:35.018 [JavaFX Application Thread] DEBUG PrimaryStageWindow   - MainMenuScene <- DialogSubScene
18:16:36.483 [JavaFX Application Thread] DEBUG FXGLApplication      - Exiting FXGL
18:16:36.483 [JavaFX Application Thread] DEBUG LoopRunner           - Stopping loop
18:16:36.483 [JavaFX Application Thread] DEBUG SystemBundleService  - Saving FXGL system data
18:16:36.484 [JavaFX Application Thread] DEBUG FileSystemAccess     - Writing to: D:\Github\javaA-xiangqi-project-main-yxh-1125\system\fxgl.bundle
18:16:36.484 [JavaFX Application Thread] DEBUG Async                - Shutting down background threads
18:16:36.484 [JavaFX Application Thread] DEBUG PrimaryStageWindow   - Closing main window
18:16:36.500 [JavaFX Application Thread] DEBUG Logger               - Closing Logger
