12:56:49.321 [main                     ] DEBUG Logger               - Configured Logger
12:56:49.347 [main                     ] DEBUG GameApplication      - Logging settings
Title: 中国象棋 1.0
Version: 1.0
Width: 1316
Height: 1007
Fullscreen: false
Intro: false
Profiling: false
Single step:false
App Mode: DEVELOPER
Menu Key: ESCAPE
Stage Style: DECORATED
Scene Factory: class edu.sustech.xiangqi.XiangQiApp$1

12:56:50.064 [JavaFX Application Thread] DEBUG FXGLApplication      - Initializing FXGL
12:56:50.067 [JavaFX Application Thread] INFO  Engine               - FXGL-21.1 (27.03.2024 07.52) on WINDOWS (J:23.0.2 FX:21.0.1)
12:56:50.068 [JavaFX Application Thread] DEBUG Engine               - JRE Vendor Name: Amazon.com Inc.
12:56:50.068 [JavaFX Application Thread] DEBUG Engine               - Running on OS: Windows 11 version 10.0
12:56:50.068 [JavaFX Application Thread] DEBUG Engine               - Architecture: amd64
12:56:50.068 [JavaFX Application Thread] INFO  Engine               - Source code and latest versions at: https://github.com/AlmasB/FXGL
12:56:50.068 [JavaFX Application Thread] INFO  Engine               -       Ask questions and discuss at: https://github.com/AlmasB/FXGL/discussions
12:56:50.068 [JavaFX Application Thread] INFO  Engine               -              Join the FXGL chat at: https://gitter.im/AlmasB/FXGL
12:56:50.155 [JavaFX Application Thread] DEBUG PrimaryStageWindow   - Creating a JavaFX scene
12:56:50.196 [JavaFX Application Thread] DEBUG PrimaryStageWindow   - Target settings size: 1316.0 x 1007.0
12:56:50.196 [JavaFX Application Thread] DEBUG PrimaryStageWindow   - Scaled scene size:    1316.0 x 1007.0
12:56:50.196 [JavaFX Application Thread] DEBUG PrimaryStageWindow   - Scaled ratio: (1.0, 1.0)
12:56:50.197 [JavaFX Application Thread] DEBUG PrimaryStageWindow   - Set initial scene to FXGLStartupScene
12:56:50.199 [JavaFX Application Thread] DEBUG PrimaryStageWindow   - Opening main window
12:56:50.303 [JavaFX Application Thread] DEBUG PrimaryStageWindow   - Window border size: (14.6666259765625, 37.6666259765625)
12:56:50.303 [JavaFX Application Thread] DEBUG PrimaryStageWindow   - Scaled size: 1316.0 x 1007.0
12:56:50.303 [JavaFX Application Thread] DEBUG PrimaryStageWindow   - Scaled ratio: (1.0, 1.0)
12:56:50.303 [JavaFX Application Thread] DEBUG PrimaryStageWindow   - Scene size: 1316.0 x 1007.0
12:56:50.303 [JavaFX Application Thread] DEBUG PrimaryStageWindow   - Stage size: 1330.6666259765625 x 1044.6666259765625
12:56:50.309 [FXGL Background Thread 1 ] DEBUG Engine               - Initializing environment variables
12:56:50.396 [FXGL Background Thread 1 ] DEBUG FXGLAssetLoaderServi - User app class for loading assets: class edu.sustech.xiangqi.XiangQiApp
12:56:50.396 [FXGL Background Thread 1 ] DEBUG GameApplicationServi - Applying CSS: fxgl_dark.css
12:56:50.396 [FXGL Background Thread 1 ] DEBUG FXGLAssetLoaderServi - Loading from file system: jar:file:/C:/Users/%e5%b0%b9%e7%8e%ba%e9%aa%85/.m2/repository/com/github/almasb/fxgl/21.1/fxgl-21.1.jar!/fxglassets/ui/css/fxgl_dark.css
12:56:50.442 [FXGL Background Thread 1 ] DEBUG GameApplicationServi - Initializing application scenes
12:56:50.541 [FXGL Background Thread 1 ] DEBUG GameWorld            - Game world initialized
12:56:50.608 [FXGL Background Thread 1 ] DEBUG PhysicsWorld         - Physics world initialized: appHeight=1007, physics.ppm=50.0
12:56:50.608 [FXGL Background Thread 1 ] DEBUG PhysicsWorld         - Using strategy: BRUTE_FORCE
12:56:50.613 [FXGL Background Thread 1 ] DEBUG GameScene            - Game scene initialized: 1316x1007
12:56:50.623 [FXGL Background Thread 1 ] DEBUG FXGLAssetLoaderServi - Loading from file system: file:/E:/G2/java/final_project/team_project_1124/javaA-xiangqi-project-main/target/classes/assets/textures/Button1.png
12:56:50.644 [FXGL Background Thread 1 ] DEBUG FXGLAssetLoaderServi - Loading from file system: file:/E:/G2/java/final_project/team_project_1124/javaA-xiangqi-project-main/target/classes/assets/textures/Press.png
12:56:50.650 [FXGL Background Thread 1 ] DEBUG FXGLAssetLoaderServi - Loading from file system: file:/E:/G2/java/final_project/team_project_1124/javaA-xiangqi-project-main/target/classes/assets/sounds/%e6%8c%89%e9%92%ae%e9%9f%b3%e6%95%881.mp3
12:56:50.738 [FXGL Background Thread 1 ] DEBUG FXGLAssetLoaderServi - Loading from file system: file:/E:/G2/java/final_project/team_project_1124/javaA-xiangqi-project-main/target/classes/assets/ui/fonts/HYPixel11pxU-2.ttf
12:56:50.836 [FXGL Background Thread 1 ] DEBUG GameApplicationServi - Application scenes initialized
12:56:50.847 [FXGL Background Thread 1 ] DEBUG SystemBundleService  - Loading FXGL system data
12:56:50.851 [FXGL Background Thread 1 ] DEBUG FileSystemAccess     - Reading from: E:\G2\java\final_project\team_project_1124\javaA-xiangqi-project-main\system\fxgl.bundle
12:56:50.856 [FXGL Background Thread 1 ] DEBUG SystemBundleService  - Bundle FXGL: {}
12:56:50.856 [FXGL Background Thread 1 ] DEBUG UpdaterService       - Checking for updates
12:56:50.862 [FXGL Background Thread 4 ] DEBUG FXGLApplication      - Loading fonts
12:56:50.863 [FXGL Background Thread 1 ] DEBUG FXGLApplication      - Loading default localization
12:56:50.862 [FXGL Background Thread 4 ] DEBUG FXGLAssetLoaderServi - Loading from file system: jar:file:/C:/Users/%e5%b0%b9%e7%8e%ba%e9%aa%85/.m2/repository/com/github/almasb/fxgl/21.1/fxgl-21.1.jar!/fxglassets/ui/fonts/VarelaRound-Regular.ttf
12:56:50.863 [FXGL Background Thread 1 ] DEBUG FXGLAssetLoaderServi - Loading from file system: jar:file:/C:/Users/%e5%b0%b9%e7%8e%ba%e9%aa%85/.m2/repository/com/github/almasb/fxgl/21.1/fxgl-21.1.jar!/fxglassets/languages/english.lang
12:56:50.867 [FXGL Background Thread 4 ] DEBUG FXGLAssetLoaderServi - Loading from file system: jar:file:/C:/Users/%e5%b0%b9%e7%8e%ba%e9%aa%85/.m2/repository/com/github/almasb/fxgl/21.1/fxgl-21.1.jar!/fxglassets/ui/fonts/Abel-Regular.ttf
12:56:50.871 [FXGL Background Thread 4 ] DEBUG FXGLAssetLoaderServi - Loading from file system: jar:file:/C:/Users/%e5%b0%b9%e7%8e%ba%e9%aa%85/.m2/repository/com/github/almasb/fxgl/21.1/fxgl-21.1.jar!/fxglassets/ui/fonts/TerminalLandMono-Regular.otf
12:56:50.875 [FXGL Background Thread 4 ] DEBUG FXGLAssetLoaderServi - Loading from file system: jar:file:/C:/Users/%e5%b0%b9%e7%8e%ba%e9%aa%85/.m2/repository/com/github/almasb/fxgl/21.1/fxgl-21.1.jar!/fxglassets/ui/fonts/Courier-Prime.ttf
12:56:50.882 [JavaFX Application Thread] DEBUG FXGLApplication      - Registering font factories with UI factory
12:56:50.920 [FXGL Background Thread 1 ] INFO  FXGLApplication      - FXGL initialization took: 0.610 sec
12:56:50.928 [JavaFX Application Thread] DEBUG Input                - Registered new binding: Click - LMB
12:56:50.929 [JavaFX Application Thread] DEBUG FXGLAssetLoaderServi - Loading from file system: jar:file:/C:/Users/%e5%b0%b9%e7%8e%ba%e9%aa%85/.m2/repository/com/github/almasb/fxgl/21.1/fxgl-21.1.jar!/fxglassets/textures/fxgl_icon.png
12:56:50.954 [JavaFX Application Thread] DEBUG FXGLAssetLoaderServi - Loading from file system: jar:file:/C:/Users/%e5%b0%b9%e7%8e%ba%e9%aa%85/.m2/repository/com/github/almasb/fxgl/21.1/fxgl-21.1.jar!/fxglassets/textures/fxgl_default_cursor.png
12:56:50.968 [JavaFX Application Thread] DEBUG Input                - Registered new binding: Screenshot - CTRL+8
12:56:50.969 [JavaFX Application Thread] DEBUG Input                - Registered new binding: System info dump - CTRL+9
12:56:50.969 [JavaFX Application Thread] DEBUG Input                - Registered new binding: Restart - CTRL+R
12:56:50.972 [JavaFX Application Thread] DEBUG Input                - Registered new binding: Toggle Debug Camera - CTRL+7
12:56:50.978 [JavaFX Application Thread] DEBUG LoopRunner           - Starting loop
12:56:50.978 [JavaFX Application Thread] DEBUG LoopRunner           - Initializing JavaFX AnimationTimerLoop
12:56:50.983 [JavaFX Application Thread] DEBUG Input                - Clearing active input actions
12:56:50.994 [JavaFX Application Thread] DEBUG GameApplicationServi - Removing overlay from FXGLStartupScene and adding to FXGLMainMenuDummyScene
12:56:50.995 [JavaFX Application Thread] DEBUG PrimaryStageWindow   - FXGLStartupScene -> FXGLMainMenuDummyScene
12:56:50.995 [JavaFX Application Thread] DEBUG PrimaryStageWindow   - Push state: MainMenuScene
12:56:50.996 [JavaFX Application Thread] DEBUG Input                - Clearing active input actions
12:56:51.005 [JavaFX Application Thread] DEBUG GameApplicationServi - Removing overlay from FXGLMainMenuDummyScene and adding to MainMenuScene
12:56:51.007 [JavaFX Application Thread] DEBUG PrimaryStageWindow   - FXGLMainMenuDummyScene -> MainMenuScene
12:56:53.861 [FXGL Background Thread 3 ] DEBUG Engine               - Logging environment variables
12:56:53.861 [FXGL Background Thread 3 ] DEBUG Engine               - achievements: []
12:56:53.861 [FXGL Background Thread 3 ] DEBUG Engine               - actualHeight: 1007.0
12:56:53.861 [FXGL Background Thread 3 ] DEBUG Engine               - actualHeightProperty: ReadOnlyDoubleProperty [value: 1007.0]
12:56:53.861 [FXGL Background Thread 3 ] DEBUG Engine               - actualWidth: 1316.0
12:56:53.861 [FXGL Background Thread 3 ] DEBUG Engine               - actualWidthProperty: ReadOnlyDoubleProperty [value: 1316.0]
12:56:53.861 [FXGL Background Thread 3 ] DEBUG Engine               - appIcon: fxgl_icon.png
12:56:53.861 [FXGL Background Thread 3 ] DEBUG Engine               - applicationMode: DEVELOPER
12:56:53.861 [FXGL Background Thread 3 ] DEBUG Engine               - cSSList: [fxgl_dark.css]
12:56:53.861 [FXGL Background Thread 3 ] DEBUG Engine               - collisionDetectionStrategy: BRUTE_FORCE
12:56:53.861 [FXGL Background Thread 3 ] DEBUG Engine               - configClass: Optional.empty
12:56:53.862 [FXGL Background Thread 3 ] DEBUG Engine               - credits: []
12:56:53.863 [FXGL Background Thread 3 ] DEBUG Engine               - defaultCursor: CursorInfo(imageName=fxgl_default_cursor.png, hotspotX=7.0, hotspotY=6.0)
12:56:53.864 [FXGL Background Thread 3 ] DEBUG Engine               - devBBoxColorProperty: ObjectProperty [value: 0xff0000ff]
12:56:53.864 [FXGL Background Thread 3 ] DEBUG Engine               - devEnableDebugCameraProperty: BooleanProperty [value: false]
12:56:53.864 [FXGL Background Thread 3 ] DEBUG Engine               - devSensorColorProperty: ObjectProperty [value: 0xffff00ff]
12:56:53.864 [FXGL Background Thread 3 ] DEBUG Engine               - devShowBBoxProperty: BooleanProperty [value: false]
12:56:53.864 [FXGL Background Thread 3 ] DEBUG Engine               - devShowPositionProperty: BooleanProperty [value: false]
12:56:53.864 [FXGL Background Thread 3 ] DEBUG Engine               - enabledMenuItems: []
12:56:53.864 [FXGL Background Thread 3 ] DEBUG Engine               - engineServices: [class com.almasb.fxgl.app.services.FXGLAssetLoaderService, class com.almasb.fxgl.app.FXGLApplication$GameApplicationService, class com.almasb.fxgl.app.services.FXGLDialogService, class com.almasb.fxgl.app.services.IOTaskExecutorService, class com.almasb.fxgl.io.FileSystemService, class com.almasb.fxgl.localization.LocalizationService, class com.almasb.fxgl.app.services.SystemBundleService, class com.almasb.fxgl.profile.SaveLoadService, class com.almasb.fxgl.ui.FXGLUIFactoryServiceProvider, class com.almasb.fxgl.ui.FXGLDialogFactoryServiceProvider, class com.almasb.fxgl.audio.AudioPlayer, class com.almasb.fxgl.notification.impl.NotificationServiceProvider, class com.almasb.fxgl.achievement.AchievementService, class com.almasb.fxgl.cutscene.CutsceneService, class com.almasb.fxgl.minigames.MiniGameService, class com.almasb.fxgl.net.NetService, class com.almasb.fxgl.app.services.UpdaterService, class com.almasb.fxgl.dev.DevService]
12:56:53.864 [FXGL Background Thread 3 ] DEBUG Engine               - fontGame: Abel-Regular.ttf
12:56:53.864 [FXGL Background Thread 3 ] DEBUG Engine               - fontMono: TerminalLandMono-Regular.otf
12:56:53.864 [FXGL Background Thread 3 ] DEBUG Engine               - fontSizeScaleUI: 1.0
12:56:53.864 [FXGL Background Thread 3 ] DEBUG Engine               - fontText: Courier-Prime.ttf
12:56:53.864 [FXGL Background Thread 3 ] DEBUG Engine               - fontUI: VarelaRound-Regular.ttf
12:56:53.864 [FXGL Background Thread 3 ] DEBUG Engine               - fullScreen: BooleanProperty [value: false]
12:56:53.864 [FXGL Background Thread 3 ] DEBUG Engine               - gameDifficulty: MEDIUM
12:56:53.864 [FXGL Background Thread 3 ] DEBUG Engine               - gameDifficultyProperty: ObjectProperty [value: MEDIUM]
12:56:53.864 [FXGL Background Thread 3 ] DEBUG Engine               - globalMusicVolume: 0.5
12:56:53.864 [FXGL Background Thread 3 ] DEBUG Engine               - globalMusicVolumeProperty: DoubleProperty [value: 0.5]
12:56:53.864 [FXGL Background Thread 3 ] DEBUG Engine               - globalSoundVolume: 0.5
12:56:53.864 [FXGL Background Thread 3 ] DEBUG Engine               - globalSoundVolumeProperty: DoubleProperty [value: 0.5]
12:56:53.864 [FXGL Background Thread 3 ] DEBUG Engine               - height: 1007
12:56:53.864 [FXGL Background Thread 3 ] DEBUG Engine               - is3D: false
12:56:53.864 [FXGL Background Thread 3 ] DEBUG Engine               - isAndroid: false
12:56:53.864 [FXGL Background Thread 3 ] DEBUG Engine               - isBrowser: false
12:56:53.864 [FXGL Background Thread 3 ] DEBUG Engine               - isClickFeedbackEnabled: false
12:56:53.864 [FXGL Background Thread 3 ] DEBUG Engine               - isCloseConfirmation: false
12:56:53.864 [FXGL Background Thread 3 ] DEBUG Engine               - isDesktop: true
12:56:53.865 [FXGL Background Thread 3 ] DEBUG Engine               - isDeveloperMenuEnabled: false
12:56:53.865 [FXGL Background Thread 3 ] DEBUG Engine               - isEmbedded: false
12:56:53.865 [FXGL Background Thread 3 ] DEBUG Engine               - isEntityPreloadEnabled: true
12:56:53.865 [FXGL Background Thread 3 ] DEBUG Engine               - isExperimentalTiledLargeMap: false
12:56:53.865 [FXGL Background Thread 3 ] DEBUG Engine               - isFileSystemWriteAllowed: true
12:56:53.865 [FXGL Background Thread 3 ] DEBUG Engine               - isFullScreenAllowed: false
12:56:53.865 [FXGL Background Thread 3 ] DEBUG Engine               - isFullScreenFromStart: false
12:56:53.865 [FXGL Background Thread 3 ] DEBUG Engine               - isGameMenuEnabled: true
12:56:53.865 [FXGL Background Thread 3 ] DEBUG Engine               - isIOS: false
12:56:53.865 [FXGL Background Thread 3 ] DEBUG Engine               - isIntroEnabled: false
12:56:53.865 [FXGL Background Thread 3 ] DEBUG Engine               - isLinux: false
12:56:53.865 [FXGL Background Thread 3 ] DEBUG Engine               - isMac: false
12:56:53.865 [FXGL Background Thread 3 ] DEBUG Engine               - isMainMenuEnabled: true
12:56:53.865 [FXGL Background Thread 3 ] DEBUG Engine               - isManualResizeEnabled: true
12:56:53.865 [FXGL Background Thread 3 ] DEBUG Engine               - isMobile: false
12:56:53.865 [FXGL Background Thread 3 ] DEBUG Engine               - isNative: false
12:56:53.865 [FXGL Background Thread 3 ] DEBUG Engine               - isPauseMusicWhenMinimized: true
12:56:53.865 [FXGL Background Thread 3 ] DEBUG Engine               - isPreserveResizeRatio: true
12:56:53.865 [FXGL Background Thread 3 ] DEBUG Engine               - isProfilingEnabled: false
12:56:53.865 [FXGL Background Thread 3 ] DEBUG Engine               - isScaleAffectedOnResize: true
12:56:53.865 [FXGL Background Thread 3 ] DEBUG Engine               - isSingleStep: false
12:56:53.865 [FXGL Background Thread 3 ] DEBUG Engine               - isUserProfileEnabled: false
12:56:53.865 [FXGL Background Thread 3 ] DEBUG Engine               - isWindows: true
12:56:53.865 [FXGL Background Thread 3 ] DEBUG Engine               - language: ObjectProperty [value: ENGLISH]
12:56:53.865 [FXGL Background Thread 3 ] DEBUG Engine               - menuKey: ESCAPE
12:56:53.865 [FXGL Background Thread 3 ] DEBUG Engine               - mouseSensitivity: 0.2
12:56:53.865 [FXGL Background Thread 3 ] DEBUG Engine               - notificationViewClass: class com.almasb.fxgl.notification.view.XboxNotificationView
12:56:53.865 [FXGL Background Thread 3 ] DEBUG Engine               - pixelsPerMeter: 50.0
12:56:53.865 [FXGL Background Thread 3 ] DEBUG Engine               - platform: WINDOWS
12:56:53.865 [FXGL Background Thread 3 ] DEBUG Engine               - prefHeightProperty: ReadOnlyDoubleProperty [value: 1007.0]
12:56:53.865 [FXGL Background Thread 3 ] DEBUG Engine               - prefWidthProperty: ReadOnlyDoubleProperty [value: 1316.0]
12:56:53.866 [FXGL Background Thread 3 ] DEBUG Engine               - profileDir: profiles/
12:56:53.866 [FXGL Background Thread 3 ] DEBUG Engine               - profileName: StringProperty [value: DEFAULT]
12:56:53.866 [FXGL Background Thread 3 ] DEBUG Engine               - randomSeed: -1
12:56:53.866 [FXGL Background Thread 3 ] DEBUG Engine               - runtimeInfo: RuntimeInfo(platform=WINDOWS, version=21.1, build=27.03.2024 07.52)
12:56:53.866 [FXGL Background Thread 3 ] DEBUG Engine               - saveFileExt: sav
12:56:53.866 [FXGL Background Thread 3 ] DEBUG Engine               - scaledHeightProp$fxgl: DoubleProperty [bound, value: 1007.0]
12:56:53.866 [FXGL Background Thread 3 ] DEBUG Engine               - scaledWidthProp$fxgl: DoubleProperty [bound, value: 1316.0]
12:56:53.866 [FXGL Background Thread 3 ] DEBUG Engine               - sceneFactory: edu.sustech.xiangqi.XiangQiApp$1@60bc46e4
12:56:53.866 [FXGL Background Thread 3 ] DEBUG Engine               - secondsIn24h: 60
12:56:53.866 [FXGL Background Thread 3 ] DEBUG Engine               - soundMenuBack: menu/back.wav
12:56:53.866 [FXGL Background Thread 3 ] DEBUG Engine               - soundMenuPress: menu/press.wav
12:56:53.866 [FXGL Background Thread 3 ] DEBUG Engine               - soundMenuSelect: menu/select.wav
12:56:53.866 [FXGL Background Thread 3 ] DEBUG Engine               - soundNotification: core/notification.wav
12:56:53.866 [FXGL Background Thread 3 ] DEBUG Engine               - stageStyle: DECORATED
12:56:53.866 [FXGL Background Thread 3 ] DEBUG Engine               - supportedLanguages: [ENGLISH, FRENCH, GERMAN, HUNGARIAN, RUSSIAN]
12:56:53.866 [FXGL Background Thread 3 ] DEBUG Engine               - ticksPerSecond: -1
12:56:53.866 [FXGL Background Thread 3 ] DEBUG Engine               - title: 中国象棋 1.0
12:56:53.866 [FXGL Background Thread 3 ] DEBUG Engine               - urlGithub: https://github.com/AlmasB/FXGL
12:56:53.866 [FXGL Background Thread 3 ] DEBUG Engine               - urlLeaderboard: http://fxgl-top.herokuapp.com/
12:56:53.866 [FXGL Background Thread 3 ] DEBUG Engine               - urlPOM: https://raw.githubusercontent.com/AlmasB/FXGL/release/README.md
12:56:53.866 [FXGL Background Thread 3 ] DEBUG Engine               - userAppClass: class edu.sustech.xiangqi.XiangQiApp
12:56:53.866 [FXGL Background Thread 3 ] DEBUG Engine               - version: 1.0
12:56:53.866 [FXGL Background Thread 3 ] DEBUG Engine               - versionCheckDays: 7
12:56:53.866 [FXGL Background Thread 3 ] DEBUG Engine               - width: 1316
12:56:53.866 [FXGL Background Thread 3 ] DEBUG Engine               - Logging services
12:56:53.866 [FXGL Background Thread 3 ] DEBUG Engine               - class com.almasb.fxgl.app.services.FXGLAssetLoaderService
12:56:53.866 [FXGL Background Thread 3 ] DEBUG Engine               - class com.almasb.fxgl.app.FXGLApplication$GameApplicationService
12:56:53.866 [FXGL Background Thread 3 ] DEBUG Engine               - class com.almasb.fxgl.app.services.FXGLDialogService
12:56:53.866 [FXGL Background Thread 3 ] DEBUG Engine               - class com.almasb.fxgl.app.services.IOTaskExecutorService
12:56:53.867 [FXGL Background Thread 3 ] DEBUG Engine               - class com.almasb.fxgl.io.FileSystemService
12:56:53.867 [FXGL Background Thread 3 ] DEBUG Engine               - class com.almasb.fxgl.localization.LocalizationService
12:56:53.867 [FXGL Background Thread 3 ] DEBUG Engine               - class com.almasb.fxgl.app.services.SystemBundleService
12:56:53.867 [FXGL Background Thread 3 ] DEBUG Engine               - class com.almasb.fxgl.profile.SaveLoadService
12:56:53.867 [FXGL Background Thread 3 ] DEBUG Engine               - class com.almasb.fxgl.ui.FXGLUIFactoryServiceProvider
12:56:53.867 [FXGL Background Thread 3 ] DEBUG Engine               - class com.almasb.fxgl.ui.FXGLDialogFactoryServiceProvider
12:56:53.867 [FXGL Background Thread 3 ] DEBUG Engine               - class com.almasb.fxgl.audio.AudioPlayer
12:56:53.867 [FXGL Background Thread 3 ] DEBUG Engine               - class com.almasb.fxgl.notification.impl.NotificationServiceProvider
12:56:53.867 [FXGL Background Thread 3 ] DEBUG Engine               - class com.almasb.fxgl.achievement.AchievementService
12:56:53.867 [FXGL Background Thread 3 ] DEBUG Engine               - class com.almasb.fxgl.cutscene.CutsceneService
12:56:53.867 [FXGL Background Thread 3 ] DEBUG Engine               - class com.almasb.fxgl.minigames.MiniGameService
12:56:53.867 [FXGL Background Thread 3 ] DEBUG Engine               - class com.almasb.fxgl.net.NetService
12:56:53.867 [FXGL Background Thread 3 ] DEBUG Engine               - class com.almasb.fxgl.app.services.UpdaterService
12:56:53.867 [FXGL Background Thread 3 ] DEBUG Engine               - class com.almasb.fxgl.dev.DevService
12:56:55.614 [JavaFX Application Thread] DEBUG Menu                 - fireNewGame()
12:56:55.614 [JavaFX Application Thread] DEBUG GameApplicationServi - Starting new game
12:56:55.614 [JavaFX Application Thread] DEBUG PrimaryStageWindow   - Pop state: MainMenuScene
12:56:55.614 [JavaFX Application Thread] DEBUG Input                - Clearing active input actions
12:56:55.614 [JavaFX Application Thread] DEBUG GameApplicationServi - Removing overlay from MainMenuScene and adding to FXGLMainMenuDummyScene
12:56:55.615 [JavaFX Application Thread] DEBUG PrimaryStageWindow   - FXGLMainMenuDummyScene <- MainMenuScene
12:56:55.615 [JavaFX Application Thread] DEBUG Input                - Clearing active input actions
12:56:55.618 [JavaFX Application Thread] DEBUG GameApplicationServi - Removing overlay from FXGLMainMenuDummyScene and adding to FXGLLoadingScene
12:56:55.618 [JavaFX Application Thread] DEBUG PrimaryStageWindow   - FXGLMainMenuDummyScene -> FXGLLoadingScene
12:56:55.618 [JavaFX Application Thread] DEBUG GameApplicationServi - Clearing previous game
12:56:55.618 [JavaFX Application Thread] DEBUG GameScene            - Clearing game scene
12:56:55.618 [JavaFX Application Thread] DEBUG GameWorld            - Clearing game world
12:56:55.618 [JavaFX Application Thread] DEBUG PhysicsWorld         - Clearing physics world
12:56:55.620 [FXGL Background Thread 2 ] DEBUG FXGLApplication      - Initializing game
12:56:55.631 [FXGL Background Thread 2 ] DEBUG FXGLAssetLoaderServi - Loading from file system: file:/E:/G2/java/final_project/team_project_1124/javaA-xiangqi-project-main/target/classes/assets/textures/%e8%83%8c%e6%99%af.jpg
12:56:55.706 [FXGL Background Thread 2 ] DEBUG FXGLAssetLoaderServi - Loading from file system: file:/E:/G2/java/final_project/team_project_1124/javaA-xiangqi-project-main/target/classes/assets/textures/ChessBoard.png
12:56:55.753 [FXGL Background Thread 2 ] DEBUG FXGLAssetLoaderServi - Loading from file system: file:/E:/G2/java/final_project/team_project_1124/javaA-xiangqi-project-main/target/classes/assets/textures/BlackChariot.png
12:56:55.769 [FXGL Background Thread 2 ] DEBUG FXGLAssetLoaderServi - Loading from file system: file:/E:/G2/java/final_project/team_project_1124/javaA-xiangqi-project-main/target/classes/assets/textures/BlackHorse.png
12:56:55.771 [FXGL Background Thread 2 ] DEBUG FXGLAssetLoaderServi - Loading from file system: file:/E:/G2/java/final_project/team_project_1124/javaA-xiangqi-project-main/target/classes/assets/textures/BlackElephant.png
12:56:55.773 [FXGL Background Thread 2 ] DEBUG FXGLAssetLoaderServi - Loading from file system: file:/E:/G2/java/final_project/team_project_1124/javaA-xiangqi-project-main/target/classes/assets/textures/BlackAdvisor.png
12:56:55.775 [FXGL Background Thread 2 ] DEBUG FXGLAssetLoaderServi - Loading from file system: file:/E:/G2/java/final_project/team_project_1124/javaA-xiangqi-project-main/target/classes/assets/textures/BlackGeneral.png
12:56:55.778 [FXGL Background Thread 2 ] DEBUG FXGLAssetLoaderServi - Loading from file system: file:/E:/G2/java/final_project/team_project_1124/javaA-xiangqi-project-main/target/classes/assets/textures/BlackCannon.png
12:56:55.780 [FXGL Background Thread 2 ] DEBUG FXGLAssetLoaderServi - Loading from file system: file:/E:/G2/java/final_project/team_project_1124/javaA-xiangqi-project-main/target/classes/assets/textures/BlackSoldier.png
12:56:55.783 [FXGL Background Thread 2 ] DEBUG FXGLAssetLoaderServi - Loading from file system: file:/E:/G2/java/final_project/team_project_1124/javaA-xiangqi-project-main/target/classes/assets/textures/RedSoldier.png
12:56:55.787 [FXGL Background Thread 2 ] DEBUG FXGLAssetLoaderServi - Loading from file system: file:/E:/G2/java/final_project/team_project_1124/javaA-xiangqi-project-main/target/classes/assets/textures/RedCannon.png
12:56:55.789 [FXGL Background Thread 2 ] DEBUG FXGLAssetLoaderServi - Loading from file system: file:/E:/G2/java/final_project/team_project_1124/javaA-xiangqi-project-main/target/classes/assets/textures/RedChariot.png
12:56:55.791 [FXGL Background Thread 2 ] DEBUG FXGLAssetLoaderServi - Loading from file system: file:/E:/G2/java/final_project/team_project_1124/javaA-xiangqi-project-main/target/classes/assets/textures/RedHorse.png
12:56:55.793 [FXGL Background Thread 2 ] DEBUG FXGLAssetLoaderServi - Loading from file system: file:/E:/G2/java/final_project/team_project_1124/javaA-xiangqi-project-main/target/classes/assets/textures/RedElephant.png
12:56:55.794 [FXGL Background Thread 2 ] DEBUG FXGLAssetLoaderServi - Loading from file system: file:/E:/G2/java/final_project/team_project_1124/javaA-xiangqi-project-main/target/classes/assets/textures/RedAdvisor.png
12:56:55.796 [FXGL Background Thread 2 ] DEBUG FXGLAssetLoaderServi - Loading from file system: file:/E:/G2/java/final_project/team_project_1124/javaA-xiangqi-project-main/target/classes/assets/textures/RedGeneral.png
12:56:55.811 [FXGL Background Thread 2 ] INFO  FXGLApplication      - Game initialization took: 0.191 sec
12:56:55.812 [JavaFX Application Thread] DEBUG Input                - Clearing active input actions
12:56:55.816 [JavaFX Application Thread] DEBUG GameApplicationServi - Removing overlay from FXGLLoadingScene and adding to GameScene
12:56:55.816 [JavaFX Application Thread] DEBUG PrimaryStageWindow   - FXGLLoadingScene -> GameScene
12:56:57.183 [JavaFX Application Thread] DEBUG PrimaryStageWindow   - Push state: DialogSubScene
12:56:57.183 [JavaFX Application Thread] DEBUG Input                - Clearing active input actions
12:56:57.184 [JavaFX Application Thread] DEBUG GameApplicationServi - Removing overlay from GameScene and adding to DialogSubScene
12:56:57.184 [JavaFX Application Thread] DEBUG PrimaryStageWindow   - GameScene -> DialogSubScene
12:56:59.079 [JavaFX Application Thread] DEBUG PrimaryStageWindow   - Pop state: DialogSubScene
12:56:59.079 [JavaFX Application Thread] DEBUG Input                - Clearing active input actions
12:56:59.079 [JavaFX Application Thread] DEBUG GameApplicationServi - Removing overlay from DialogSubScene and adding to GameScene
12:56:59.079 [JavaFX Application Thread] DEBUG PrimaryStageWindow   - GameScene <- DialogSubScene
12:56:59.086 [JavaFX Application Thread] DEBUG PrimaryStageWindow   - Push state: DialogSubScene
12:56:59.086 [JavaFX Application Thread] DEBUG Input                - Clearing active input actions
12:56:59.086 [JavaFX Application Thread] DEBUG GameApplicationServi - Removing overlay from GameScene and adding to DialogSubScene
12:56:59.086 [JavaFX Application Thread] DEBUG PrimaryStageWindow   - GameScene -> DialogSubScene
12:56:59.670 [JavaFX Application Thread] DEBUG PrimaryStageWindow   - Pop state: DialogSubScene
12:56:59.670 [JavaFX Application Thread] DEBUG Input                - Clearing active input actions
12:56:59.670 [JavaFX Application Thread] DEBUG GameApplicationServi - Removing overlay from DialogSubScene and adding to GameScene
12:56:59.670 [JavaFX Application Thread] DEBUG PrimaryStageWindow   - GameScene <- DialogSubScene
12:57:00.174 [JavaFX Application Thread] DEBUG PrimaryStageWindow   - Push state: InGameMenuScene
12:57:00.174 [JavaFX Application Thread] DEBUG Input                - Clearing active input actions
12:57:00.175 [JavaFX Application Thread] DEBUG GameApplicationServi - Removing overlay from GameScene and adding to InGameMenuScene
12:57:00.175 [JavaFX Application Thread] DEBUG PrimaryStageWindow   - GameScene -> InGameMenuScene
12:57:01.414 [JavaFX Application Thread] DEBUG Menu                 - fireResume()
12:57:01.414 [JavaFX Application Thread] DEBUG PrimaryStageWindow   - Pop state: InGameMenuScene
12:57:01.414 [JavaFX Application Thread] DEBUG Input                - Clearing active input actions
12:57:01.414 [JavaFX Application Thread] DEBUG GameApplicationServi - Removing overlay from InGameMenuScene and adding to GameScene
12:57:01.414 [JavaFX Application Thread] DEBUG PrimaryStageWindow   - GameScene <- InGameMenuScene
12:57:02.577 [JavaFX Application Thread] DEBUG FXGLApplication      - Exiting FXGL
12:57:02.577 [JavaFX Application Thread] DEBUG LoopRunner           - Stopping loop
12:57:02.577 [JavaFX Application Thread] DEBUG SystemBundleService  - Saving FXGL system data
12:57:02.578 [JavaFX Application Thread] DEBUG FileSystemAccess     - Writing to: E:\G2\java\final_project\team_project_1124\javaA-xiangqi-project-main\system\fxgl.bundle
12:57:02.579 [JavaFX Application Thread] DEBUG Async                - Shutting down background threads
12:57:02.579 [JavaFX Application Thread] DEBUG PrimaryStageWindow   - Closing main window
12:57:02.591 [JavaFX Application Thread] DEBUG Logger               - Closing Logger
