20:40:15.669 [main                     ] DEBUG Logger               - Configured Logger
20:40:15.679 [main                     ] DEBUG GameApplication      - Logging settings
Title: 中国象棋 1.0
Version: 1.0
Width: 1316
Height: 1007
Fullscreen: false
Intro: false
Profiling: false
Single step:false
App Mode: DEVELOPER
Menu Key: ESCAPE
Stage Style: DECORATED
Scene Factory: class edu.sustech.xiangqi.XiangQiApp$1

20:40:16.090 [JavaFX Application Thread] DEBUG FXGLApplication      - Initializing FXGL
20:40:16.092 [JavaFX Application Thread] INFO  Engine               - FXGL-21.1 (27.03.2024 07.52) on WINDOWS (J:23.0.2 FX:21.0.1)
20:40:16.092 [JavaFX Application Thread] DEBUG Engine               - JRE Vendor Name: Amazon.com Inc.
20:40:16.092 [JavaFX Application Thread] DEBUG Engine               - Running on OS: Windows 11 version 10.0
20:40:16.092 [JavaFX Application Thread] DEBUG Engine               - Architecture: amd64
20:40:16.092 [JavaFX Application Thread] INFO  Engine               - Source code and latest versions at: https://github.com/AlmasB/FXGL
20:40:16.092 [JavaFX Application Thread] INFO  Engine               -       Ask questions and discuss at: https://github.com/AlmasB/FXGL/discussions
20:40:16.092 [JavaFX Application Thread] INFO  Engine               -              Join the FXGL chat at: https://gitter.im/AlmasB/FXGL
20:40:16.157 [JavaFX Application Thread] DEBUG PrimaryStageWindow   - Creating a JavaFX scene
20:40:16.189 [JavaFX Application Thread] DEBUG PrimaryStageWindow   - Target settings size: 1316.0 x 1007.0
20:40:16.190 [JavaFX Application Thread] DEBUG PrimaryStageWindow   - Scaled scene size:    1316.0 x 1007.0
20:40:16.190 [JavaFX Application Thread] DEBUG PrimaryStageWindow   - Scaled ratio: (1.0, 1.0)
20:40:16.190 [JavaFX Application Thread] DEBUG PrimaryStageWindow   - Set initial scene to FXGLStartupScene
20:40:16.192 [JavaFX Application Thread] DEBUG PrimaryStageWindow   - Opening main window
20:40:16.267 [JavaFX Application Thread] DEBUG PrimaryStageWindow   - Window border size: (14.6666259765625, 37.6666259765625)
20:40:16.267 [JavaFX Application Thread] DEBUG PrimaryStageWindow   - Scaled size: 1316.0 x 1007.0
20:40:16.267 [JavaFX Application Thread] DEBUG PrimaryStageWindow   - Scaled ratio: (1.0, 1.0)
20:40:16.267 [JavaFX Application Thread] DEBUG PrimaryStageWindow   - Scene size: 1316.0 x 1007.0
20:40:16.267 [JavaFX Application Thread] DEBUG PrimaryStageWindow   - Stage size: 1330.6666259765625 x 1044.6666259765625
20:40:16.274 [FXGL Background Thread 1 ] DEBUG Engine               - Initializing environment variables
20:40:16.334 [FXGL Background Thread 1 ] DEBUG FXGLAssetLoaderServi - User app class for loading assets: class edu.sustech.xiangqi.XiangQiApp
20:40:16.334 [FXGL Background Thread 1 ] DEBUG GameApplicationServi - Applying CSS: fxgl_dark.css
20:40:16.334 [FXGL Background Thread 1 ] DEBUG FXGLAssetLoaderServi - Loading from file system: jar:file:/C:/Users/%e5%b0%b9%e7%8e%ba%e9%aa%85/.m2/repository/com/github/almasb/fxgl/21.1/fxgl-21.1.jar!/fxglassets/ui/css/fxgl_dark.css
20:40:16.363 [FXGL Background Thread 1 ] DEBUG GameApplicationServi - Initializing application scenes
20:40:16.429 [FXGL Background Thread 1 ] DEBUG GameWorld            - Game world initialized
20:40:16.482 [FXGL Background Thread 1 ] DEBUG PhysicsWorld         - Physics world initialized: appHeight=1007, physics.ppm=50.0
20:40:16.482 [FXGL Background Thread 1 ] DEBUG PhysicsWorld         - Using strategy: BRUTE_FORCE
20:40:16.485 [FXGL Background Thread 1 ] DEBUG GameScene            - Game scene initialized: 1316x1007
20:40:16.493 [FXGL Background Thread 1 ] DEBUG FXGLAssetLoaderServi - Loading from file system: file:/E:/G2/java/final_project/team_project_1124/javaA-xiangqi-project-main/target/classes/assets/ui/fonts/HYPixel11pxU-2.ttf
20:40:16.534 [FXGL Background Thread 1 ] DEBUG FXGLAssetLoaderServi - Loading from file system: file:/E:/G2/java/final_project/team_project_1124/javaA-xiangqi-project-main/target/classes/assets/textures/Button1.png
20:40:16.549 [FXGL Background Thread 1 ] DEBUG FXGLAssetLoaderServi - Loading from file system: file:/E:/G2/java/final_project/team_project_1124/javaA-xiangqi-project-main/target/classes/assets/textures/Press.png
20:40:16.591 [FXGL Background Thread 1 ] DEBUG GameApplicationServi - Application scenes initialized
20:40:16.599 [FXGL Background Thread 1 ] DEBUG SystemBundleService  - Loading FXGL system data
20:40:16.601 [FXGL Background Thread 1 ] DEBUG FileSystemAccess     - Reading from: E:\G2\java\final_project\team_project_1124\javaA-xiangqi-project-main\system\fxgl.bundle
20:40:16.606 [FXGL Background Thread 1 ] DEBUG SystemBundleService  - Bundle FXGL: {}
20:40:16.606 [FXGL Background Thread 1 ] DEBUG UpdaterService       - Checking for updates
20:40:16.609 [FXGL Background Thread 4 ] DEBUG FXGLApplication      - Loading fonts
20:40:16.610 [FXGL Background Thread 1 ] DEBUG FXGLApplication      - Loading default localization
20:40:16.610 [FXGL Background Thread 4 ] DEBUG FXGLAssetLoaderServi - Loading from file system: jar:file:/C:/Users/%e5%b0%b9%e7%8e%ba%e9%aa%85/.m2/repository/com/github/almasb/fxgl/21.1/fxgl-21.1.jar!/fxglassets/ui/fonts/VarelaRound-Regular.ttf
20:40:16.610 [FXGL Background Thread 1 ] DEBUG FXGLAssetLoaderServi - Loading from file system: jar:file:/C:/Users/%e5%b0%b9%e7%8e%ba%e9%aa%85/.m2/repository/com/github/almasb/fxgl/21.1/fxgl-21.1.jar!/fxglassets/languages/english.lang
20:40:16.613 [FXGL Background Thread 4 ] DEBUG FXGLAssetLoaderServi - Loading from file system: jar:file:/C:/Users/%e5%b0%b9%e7%8e%ba%e9%aa%85/.m2/repository/com/github/almasb/fxgl/21.1/fxgl-21.1.jar!/fxglassets/ui/fonts/Abel-Regular.ttf
20:40:16.617 [FXGL Background Thread 4 ] DEBUG FXGLAssetLoaderServi - Loading from file system: jar:file:/C:/Users/%e5%b0%b9%e7%8e%ba%e9%aa%85/.m2/repository/com/github/almasb/fxgl/21.1/fxgl-21.1.jar!/fxglassets/ui/fonts/TerminalLandMono-Regular.otf
20:40:16.619 [FXGL Background Thread 4 ] DEBUG FXGLAssetLoaderServi - Loading from file system: jar:file:/C:/Users/%e5%b0%b9%e7%8e%ba%e9%aa%85/.m2/repository/com/github/almasb/fxgl/21.1/fxgl-21.1.jar!/fxglassets/ui/fonts/Courier-Prime.ttf
20:40:16.623 [JavaFX Application Thread] DEBUG FXGLApplication      - Registering font factories with UI factory
20:40:16.633 [FXGL Background Thread 1 ] INFO  FXGLApplication      - FXGL initialization took: 0.359 sec
20:40:16.637 [JavaFX Application Thread] DEBUG Input                - Registered new binding: Click - LMB
20:40:16.637 [JavaFX Application Thread] DEBUG FXGLAssetLoaderServi - Loading from file system: jar:file:/C:/Users/%e5%b0%b9%e7%8e%ba%e9%aa%85/.m2/repository/com/github/almasb/fxgl/21.1/fxgl-21.1.jar!/fxglassets/textures/fxgl_icon.png
20:40:16.659 [JavaFX Application Thread] DEBUG FXGLAssetLoaderServi - Loading from file system: jar:file:/C:/Users/%e5%b0%b9%e7%8e%ba%e9%aa%85/.m2/repository/com/github/almasb/fxgl/21.1/fxgl-21.1.jar!/fxglassets/textures/fxgl_default_cursor.png
20:40:16.668 [JavaFX Application Thread] DEBUG Input                - Registered new binding: Screenshot - CTRL+8
20:40:16.668 [JavaFX Application Thread] DEBUG Input                - Registered new binding: System info dump - CTRL+9
20:40:16.669 [JavaFX Application Thread] DEBUG Input                - Registered new binding: Restart - CTRL+R
20:40:16.669 [JavaFX Application Thread] DEBUG Input                - Registered new binding: Toggle Debug Camera - CTRL+7
20:40:16.671 [JavaFX Application Thread] DEBUG LoopRunner           - Starting loop
20:40:16.671 [JavaFX Application Thread] DEBUG LoopRunner           - Initializing JavaFX AnimationTimerLoop
20:40:16.676 [JavaFX Application Thread] DEBUG Input                - Clearing active input actions
20:40:16.682 [JavaFX Application Thread] DEBUG GameApplicationServi - Removing overlay from FXGLStartupScene and adding to FXGLMainMenuDummyScene
20:40:16.682 [JavaFX Application Thread] DEBUG PrimaryStageWindow   - FXGLStartupScene -> FXGLMainMenuDummyScene
20:40:16.682 [JavaFX Application Thread] DEBUG PrimaryStageWindow   - Push state: MainMenuScene
20:40:16.682 [JavaFX Application Thread] DEBUG Input                - Clearing active input actions
20:40:16.690 [JavaFX Application Thread] DEBUG GameApplicationServi - Removing overlay from FXGLMainMenuDummyScene and adding to MainMenuScene
20:40:16.690 [JavaFX Application Thread] DEBUG PrimaryStageWindow   - FXGLMainMenuDummyScene -> MainMenuScene
20:40:17.376 [JavaFX Application Thread] DEBUG FXGLAssetLoaderServi - Loading from file system: file:/E:/G2/java/final_project/team_project_1124/javaA-xiangqi-project-main/target/classes/assets/music/%e6%8c%89%e9%92%ae%e9%9f%b3%e6%95%881.mp3
20:40:17.604 [JavaFX Application Thread] DEBUG AudioPlayer          - Playing music com.almasb.fxgl.audio.Music@39ab3b20
20:40:17.736 [JavaFX Application Thread] DEBUG AudioPlayer          - Playing music com.almasb.fxgl.audio.Music@39ab3b20
20:40:19.609 [FXGL Background Thread 3 ] DEBUG Engine               - Logging environment variables
20:40:19.609 [FXGL Background Thread 3 ] DEBUG Engine               - achievements: []
20:40:19.609 [FXGL Background Thread 3 ] DEBUG Engine               - actualHeight: 1007.0
20:40:19.609 [FXGL Background Thread 3 ] DEBUG Engine               - actualHeightProperty: ReadOnlyDoubleProperty [value: 1007.0]
20:40:19.609 [FXGL Background Thread 3 ] DEBUG Engine               - actualWidth: 1316.0
20:40:19.609 [FXGL Background Thread 3 ] DEBUG Engine               - actualWidthProperty: ReadOnlyDoubleProperty [value: 1316.0]
20:40:19.609 [FXGL Background Thread 3 ] DEBUG Engine               - appIcon: fxgl_icon.png
20:40:19.609 [FXGL Background Thread 3 ] DEBUG Engine               - applicationMode: DEVELOPER
20:40:19.610 [FXGL Background Thread 3 ] DEBUG Engine               - cSSList: [fxgl_dark.css]
20:40:19.610 [FXGL Background Thread 3 ] DEBUG Engine               - collisionDetectionStrategy: BRUTE_FORCE
20:40:19.610 [FXGL Background Thread 3 ] DEBUG Engine               - configClass: Optional.empty
20:40:19.610 [FXGL Background Thread 3 ] DEBUG Engine               - credits: []
20:40:19.610 [FXGL Background Thread 3 ] DEBUG Engine               - defaultCursor: CursorInfo(imageName=fxgl_default_cursor.png, hotspotX=7.0, hotspotY=6.0)
20:40:19.612 [FXGL Background Thread 3 ] DEBUG Engine               - devBBoxColorProperty: ObjectProperty [value: 0xff0000ff]
20:40:19.612 [FXGL Background Thread 3 ] DEBUG Engine               - devEnableDebugCameraProperty: BooleanProperty [value: false]
20:40:19.612 [FXGL Background Thread 3 ] DEBUG Engine               - devSensorColorProperty: ObjectProperty [value: 0xffff00ff]
20:40:19.612 [FXGL Background Thread 3 ] DEBUG Engine               - devShowBBoxProperty: BooleanProperty [value: false]
20:40:19.612 [FXGL Background Thread 3 ] DEBUG Engine               - devShowPositionProperty: BooleanProperty [value: false]
20:40:19.612 [FXGL Background Thread 3 ] DEBUG Engine               - enabledMenuItems: []
20:40:19.612 [FXGL Background Thread 3 ] DEBUG Engine               - engineServices: [class com.almasb.fxgl.app.services.FXGLAssetLoaderService, class com.almasb.fxgl.app.FXGLApplication$GameApplicationService, class com.almasb.fxgl.app.services.FXGLDialogService, class com.almasb.fxgl.app.services.IOTaskExecutorService, class com.almasb.fxgl.io.FileSystemService, class com.almasb.fxgl.localization.LocalizationService, class com.almasb.fxgl.app.services.SystemBundleService, class com.almasb.fxgl.profile.SaveLoadService, class com.almasb.fxgl.ui.FXGLUIFactoryServiceProvider, class com.almasb.fxgl.ui.FXGLDialogFactoryServiceProvider, class com.almasb.fxgl.audio.AudioPlayer, class com.almasb.fxgl.notification.impl.NotificationServiceProvider, class com.almasb.fxgl.achievement.AchievementService, class com.almasb.fxgl.cutscene.CutsceneService, class com.almasb.fxgl.minigames.MiniGameService, class com.almasb.fxgl.net.NetService, class com.almasb.fxgl.app.services.UpdaterService, class com.almasb.fxgl.dev.DevService]
20:40:19.612 [FXGL Background Thread 3 ] DEBUG Engine               - fontGame: Abel-Regular.ttf
20:40:19.612 [FXGL Background Thread 3 ] DEBUG Engine               - fontMono: TerminalLandMono-Regular.otf
20:40:19.612 [FXGL Background Thread 3 ] DEBUG Engine               - fontSizeScaleUI: 1.0
20:40:19.612 [FXGL Background Thread 3 ] DEBUG Engine               - fontText: Courier-Prime.ttf
20:40:19.612 [FXGL Background Thread 3 ] DEBUG Engine               - fontUI: VarelaRound-Regular.ttf
20:40:19.612 [FXGL Background Thread 3 ] DEBUG Engine               - fullScreen: BooleanProperty [value: false]
20:40:19.612 [FXGL Background Thread 3 ] DEBUG Engine               - gameDifficulty: MEDIUM
20:40:19.612 [FXGL Background Thread 3 ] DEBUG Engine               - gameDifficultyProperty: ObjectProperty [value: MEDIUM]
20:40:19.612 [FXGL Background Thread 3 ] DEBUG Engine               - globalMusicVolume: 0.5
20:40:19.612 [FXGL Background Thread 3 ] DEBUG Engine               - globalMusicVolumeProperty: DoubleProperty [value: 0.5]
20:40:19.612 [FXGL Background Thread 3 ] DEBUG Engine               - globalSoundVolume: 0.5
20:40:19.612 [FXGL Background Thread 3 ] DEBUG Engine               - globalSoundVolumeProperty: DoubleProperty [value: 0.5]
20:40:19.612 [FXGL Background Thread 3 ] DEBUG Engine               - height: 1007
20:40:19.612 [FXGL Background Thread 3 ] DEBUG Engine               - is3D: false
20:40:19.612 [FXGL Background Thread 3 ] DEBUG Engine               - isAndroid: false
20:40:19.612 [FXGL Background Thread 3 ] DEBUG Engine               - isBrowser: false
20:40:19.612 [FXGL Background Thread 3 ] DEBUG Engine               - isClickFeedbackEnabled: false
20:40:19.612 [FXGL Background Thread 3 ] DEBUG Engine               - isCloseConfirmation: false
20:40:19.612 [FXGL Background Thread 3 ] DEBUG Engine               - isDesktop: true
20:40:19.612 [FXGL Background Thread 3 ] DEBUG Engine               - isDeveloperMenuEnabled: false
20:40:19.613 [FXGL Background Thread 3 ] DEBUG Engine               - isEmbedded: false
20:40:19.613 [FXGL Background Thread 3 ] DEBUG Engine               - isEntityPreloadEnabled: true
20:40:19.613 [FXGL Background Thread 3 ] DEBUG Engine               - isExperimentalTiledLargeMap: false
20:40:19.613 [FXGL Background Thread 3 ] DEBUG Engine               - isFileSystemWriteAllowed: true
20:40:19.613 [FXGL Background Thread 3 ] DEBUG Engine               - isFullScreenAllowed: false
20:40:19.613 [FXGL Background Thread 3 ] DEBUG Engine               - isFullScreenFromStart: false
20:40:19.613 [FXGL Background Thread 3 ] DEBUG Engine               - isGameMenuEnabled: true
20:40:19.613 [FXGL Background Thread 3 ] DEBUG Engine               - isIOS: false
20:40:19.613 [FXGL Background Thread 3 ] DEBUG Engine               - isIntroEnabled: false
20:40:19.613 [FXGL Background Thread 3 ] DEBUG Engine               - isLinux: false
20:40:19.613 [FXGL Background Thread 3 ] DEBUG Engine               - isMac: false
20:40:19.613 [FXGL Background Thread 3 ] DEBUG Engine               - isMainMenuEnabled: true
20:40:19.613 [FXGL Background Thread 3 ] DEBUG Engine               - isManualResizeEnabled: false
20:40:19.613 [FXGL Background Thread 3 ] DEBUG Engine               - isMobile: false
20:40:19.613 [FXGL Background Thread 3 ] DEBUG Engine               - isNative: false
20:40:19.613 [FXGL Background Thread 3 ] DEBUG Engine               - isPauseMusicWhenMinimized: true
20:40:19.613 [FXGL Background Thread 3 ] DEBUG Engine               - isPreserveResizeRatio: false
20:40:19.613 [FXGL Background Thread 3 ] DEBUG Engine               - isProfilingEnabled: false
20:40:19.613 [FXGL Background Thread 3 ] DEBUG Engine               - isScaleAffectedOnResize: true
20:40:19.613 [FXGL Background Thread 3 ] DEBUG Engine               - isSingleStep: false
20:40:19.613 [FXGL Background Thread 3 ] DEBUG Engine               - isUserProfileEnabled: false
20:40:19.613 [FXGL Background Thread 3 ] DEBUG Engine               - isWindows: true
20:40:19.613 [FXGL Background Thread 3 ] DEBUG Engine               - language: ObjectProperty [value: ENGLISH]
20:40:19.613 [FXGL Background Thread 3 ] DEBUG Engine               - menuKey: ESCAPE
20:40:19.613 [FXGL Background Thread 3 ] DEBUG Engine               - mouseSensitivity: 0.2
20:40:19.613 [FXGL Background Thread 3 ] DEBUG Engine               - notificationViewClass: class com.almasb.fxgl.notification.view.XboxNotificationView
20:40:19.613 [FXGL Background Thread 3 ] DEBUG Engine               - pixelsPerMeter: 50.0
20:40:19.613 [FXGL Background Thread 3 ] DEBUG Engine               - platform: WINDOWS
20:40:19.613 [FXGL Background Thread 3 ] DEBUG Engine               - prefHeightProperty: ReadOnlyDoubleProperty [value: 1007.0]
20:40:19.613 [FXGL Background Thread 3 ] DEBUG Engine               - prefWidthProperty: ReadOnlyDoubleProperty [value: 1316.0]
20:40:19.613 [FXGL Background Thread 3 ] DEBUG Engine               - profileDir: profiles/
20:40:19.613 [FXGL Background Thread 3 ] DEBUG Engine               - profileName: StringProperty [value: DEFAULT]
20:40:19.613 [FXGL Background Thread 3 ] DEBUG Engine               - randomSeed: -1
20:40:19.613 [FXGL Background Thread 3 ] DEBUG Engine               - runtimeInfo: RuntimeInfo(platform=WINDOWS, version=21.1, build=27.03.2024 07.52)
20:40:19.613 [FXGL Background Thread 3 ] DEBUG Engine               - saveFileExt: sav
20:40:19.613 [FXGL Background Thread 3 ] DEBUG Engine               - scaledHeightProp$fxgl: DoubleProperty [bound, value: 1007.0]
20:40:19.614 [FXGL Background Thread 3 ] DEBUG Engine               - scaledWidthProp$fxgl: DoubleProperty [bound, value: 1316.0]
20:40:19.614 [FXGL Background Thread 3 ] DEBUG Engine               - sceneFactory: edu.sustech.xiangqi.XiangQiApp$1@70440467
20:40:19.614 [FXGL Background Thread 3 ] DEBUG Engine               - secondsIn24h: 60
20:40:19.614 [FXGL Background Thread 3 ] DEBUG Engine               - soundMenuBack: menu/back.wav
20:40:19.614 [FXGL Background Thread 3 ] DEBUG Engine               - soundMenuPress: menu/press.wav
20:40:19.614 [FXGL Background Thread 3 ] DEBUG Engine               - soundMenuSelect: menu/select.wav
20:40:19.614 [FXGL Background Thread 3 ] DEBUG Engine               - soundNotification: core/notification.wav
20:40:19.614 [FXGL Background Thread 3 ] DEBUG Engine               - stageStyle: DECORATED
20:40:19.614 [FXGL Background Thread 3 ] DEBUG Engine               - supportedLanguages: [ENGLISH, FRENCH, GERMAN, HUNGARIAN, RUSSIAN]
20:40:19.614 [FXGL Background Thread 3 ] DEBUG Engine               - ticksPerSecond: -1
20:40:19.614 [FXGL Background Thread 3 ] DEBUG Engine               - title: 中国象棋 1.0
20:40:19.614 [FXGL Background Thread 3 ] DEBUG Engine               - urlGithub: https://github.com/AlmasB/FXGL
20:40:19.614 [FXGL Background Thread 3 ] DEBUG Engine               - urlLeaderboard: http://fxgl-top.herokuapp.com/
20:40:19.614 [FXGL Background Thread 3 ] DEBUG Engine               - urlPOM: https://raw.githubusercontent.com/AlmasB/FXGL/release/README.md
20:40:19.614 [FXGL Background Thread 3 ] DEBUG Engine               - userAppClass: class edu.sustech.xiangqi.XiangQiApp
20:40:19.614 [FXGL Background Thread 3 ] DEBUG Engine               - version: 1.0
20:40:19.614 [FXGL Background Thread 3 ] DEBUG Engine               - versionCheckDays: 7
20:40:19.614 [FXGL Background Thread 3 ] DEBUG Engine               - width: 1316
20:40:19.614 [FXGL Background Thread 3 ] DEBUG Engine               - Logging services
20:40:19.614 [FXGL Background Thread 3 ] DEBUG Engine               - class com.almasb.fxgl.app.services.FXGLAssetLoaderService
20:40:19.614 [FXGL Background Thread 3 ] DEBUG Engine               - class com.almasb.fxgl.app.FXGLApplication$GameApplicationService
20:40:19.614 [FXGL Background Thread 3 ] DEBUG Engine               - class com.almasb.fxgl.app.services.FXGLDialogService
20:40:19.614 [FXGL Background Thread 3 ] DEBUG Engine               - class com.almasb.fxgl.app.services.IOTaskExecutorService
20:40:19.614 [FXGL Background Thread 3 ] DEBUG Engine               - class com.almasb.fxgl.io.FileSystemService
20:40:19.614 [FXGL Background Thread 3 ] DEBUG Engine               - class com.almasb.fxgl.localization.LocalizationService
20:40:19.614 [FXGL Background Thread 3 ] DEBUG Engine               - class com.almasb.fxgl.app.services.SystemBundleService
20:40:19.614 [FXGL Background Thread 3 ] DEBUG Engine               - class com.almasb.fxgl.profile.SaveLoadService
20:40:19.614 [FXGL Background Thread 3 ] DEBUG Engine               - class com.almasb.fxgl.ui.FXGLUIFactoryServiceProvider
20:40:19.614 [FXGL Background Thread 3 ] DEBUG Engine               - class com.almasb.fxgl.ui.FXGLDialogFactoryServiceProvider
20:40:19.614 [FXGL Background Thread 3 ] DEBUG Engine               - class com.almasb.fxgl.audio.AudioPlayer
20:40:19.614 [FXGL Background Thread 3 ] DEBUG Engine               - class com.almasb.fxgl.notification.impl.NotificationServiceProvider
20:40:19.614 [FXGL Background Thread 3 ] DEBUG Engine               - class com.almasb.fxgl.achievement.AchievementService
20:40:19.614 [FXGL Background Thread 3 ] DEBUG Engine               - class com.almasb.fxgl.cutscene.CutsceneService
20:40:19.614 [FXGL Background Thread 3 ] DEBUG Engine               - class com.almasb.fxgl.minigames.MiniGameService
20:40:19.614 [FXGL Background Thread 3 ] DEBUG Engine               - class com.almasb.fxgl.net.NetService
20:40:19.614 [FXGL Background Thread 3 ] DEBUG Engine               - class com.almasb.fxgl.app.services.UpdaterService
20:40:19.614 [FXGL Background Thread 3 ] DEBUG Engine               - class com.almasb.fxgl.dev.DevService
20:40:28.960 [JavaFX Application Thread] DEBUG AudioPlayer          - Playing music com.almasb.fxgl.audio.Music@39ab3b20
20:40:29.870 [JavaFX Application Thread] DEBUG AudioPlayer          - Playing music com.almasb.fxgl.audio.Music@39ab3b20
20:40:32.777 [JavaFX Application Thread] DEBUG AudioPlayer          - Playing music com.almasb.fxgl.audio.Music@39ab3b20
20:40:33.811 [JavaFX Application Thread] DEBUG AudioPlayer          - Playing music com.almasb.fxgl.audio.Music@39ab3b20
20:40:34.334 [JavaFX Application Thread] DEBUG AudioPlayer          - Playing music com.almasb.fxgl.audio.Music@39ab3b20
20:40:34.511 [JavaFX Application Thread] DEBUG AudioPlayer          - Playing music com.almasb.fxgl.audio.Music@39ab3b20
20:40:40.046 [JavaFX Application Thread] DEBUG Menu                 - fireNewGame()
20:40:40.046 [JavaFX Application Thread] DEBUG GameApplicationServi - Starting new game
20:40:40.046 [JavaFX Application Thread] DEBUG PrimaryStageWindow   - Pop state: MainMenuScene
20:40:40.046 [JavaFX Application Thread] DEBUG Input                - Clearing active input actions
20:40:40.046 [JavaFX Application Thread] DEBUG GameApplicationServi - Removing overlay from MainMenuScene and adding to FXGLMainMenuDummyScene
20:40:40.046 [JavaFX Application Thread] DEBUG PrimaryStageWindow   - FXGLMainMenuDummyScene <- MainMenuScene
20:40:40.046 [JavaFX Application Thread] DEBUG Input                - Clearing active input actions
20:40:40.050 [JavaFX Application Thread] DEBUG GameApplicationServi - Removing overlay from FXGLMainMenuDummyScene and adding to FXGLLoadingScene
20:40:40.050 [JavaFX Application Thread] DEBUG PrimaryStageWindow   - FXGLMainMenuDummyScene -> FXGLLoadingScene
20:40:40.050 [JavaFX Application Thread] DEBUG GameApplicationServi - Clearing previous game
20:40:40.050 [JavaFX Application Thread] DEBUG GameScene            - Clearing game scene
20:40:40.050 [JavaFX Application Thread] DEBUG GameWorld            - Clearing game world
20:40:40.050 [JavaFX Application Thread] DEBUG PhysicsWorld         - Clearing physics world
20:40:40.053 [FXGL Background Thread 2 ] DEBUG FXGLApplication      - Initializing game
20:40:40.063 [FXGL Background Thread 2 ] DEBUG FXGLAssetLoaderServi - Loading from file system: file:/E:/G2/java/final_project/team_project_1124/javaA-xiangqi-project-main/target/classes/assets/textures/%e8%83%8c%e6%99%af.jpg
20:40:40.133 [FXGL Background Thread 2 ] DEBUG FXGLAssetLoaderServi - Loading from file system: file:/E:/G2/java/final_project/team_project_1124/javaA-xiangqi-project-main/target/classes/assets/textures/ChessBoard.png
20:40:40.179 [FXGL Background Thread 2 ] DEBUG FXGLAssetLoaderServi - Loading from file system: file:/E:/G2/java/final_project/team_project_1124/javaA-xiangqi-project-main/target/classes/assets/textures/BlackChariot.png
20:40:40.195 [FXGL Background Thread 2 ] DEBUG FXGLAssetLoaderServi - Loading from file system: file:/E:/G2/java/final_project/team_project_1124/javaA-xiangqi-project-main/target/classes/assets/textures/BlackHorse.png
20:40:40.197 [FXGL Background Thread 2 ] DEBUG FXGLAssetLoaderServi - Loading from file system: file:/E:/G2/java/final_project/team_project_1124/javaA-xiangqi-project-main/target/classes/assets/textures/BlackElephant.png
20:40:40.199 [FXGL Background Thread 2 ] DEBUG FXGLAssetLoaderServi - Loading from file system: file:/E:/G2/java/final_project/team_project_1124/javaA-xiangqi-project-main/target/classes/assets/textures/BlackAdvisor.png
20:40:40.200 [FXGL Background Thread 2 ] DEBUG FXGLAssetLoaderServi - Loading from file system: file:/E:/G2/java/final_project/team_project_1124/javaA-xiangqi-project-main/target/classes/assets/textures/BlackGeneral.png
20:40:40.202 [FXGL Background Thread 2 ] DEBUG FXGLAssetLoaderServi - Loading from file system: file:/E:/G2/java/final_project/team_project_1124/javaA-xiangqi-project-main/target/classes/assets/textures/BlackCannon.png
20:40:40.204 [FXGL Background Thread 2 ] DEBUG FXGLAssetLoaderServi - Loading from file system: file:/E:/G2/java/final_project/team_project_1124/javaA-xiangqi-project-main/target/classes/assets/textures/BlackSoldier.png
20:40:40.208 [FXGL Background Thread 2 ] DEBUG FXGLAssetLoaderServi - Loading from file system: file:/E:/G2/java/final_project/team_project_1124/javaA-xiangqi-project-main/target/classes/assets/textures/RedSoldier.png
20:40:40.210 [FXGL Background Thread 2 ] DEBUG FXGLAssetLoaderServi - Loading from file system: file:/E:/G2/java/final_project/team_project_1124/javaA-xiangqi-project-main/target/classes/assets/textures/RedCannon.png
20:40:40.212 [FXGL Background Thread 2 ] DEBUG FXGLAssetLoaderServi - Loading from file system: file:/E:/G2/java/final_project/team_project_1124/javaA-xiangqi-project-main/target/classes/assets/textures/RedChariot.png
20:40:40.213 [FXGL Background Thread 2 ] DEBUG FXGLAssetLoaderServi - Loading from file system: file:/E:/G2/java/final_project/team_project_1124/javaA-xiangqi-project-main/target/classes/assets/textures/RedHorse.png
20:40:40.214 [FXGL Background Thread 2 ] DEBUG FXGLAssetLoaderServi - Loading from file system: file:/E:/G2/java/final_project/team_project_1124/javaA-xiangqi-project-main/target/classes/assets/textures/RedElephant.png
20:40:40.215 [FXGL Background Thread 2 ] DEBUG FXGLAssetLoaderServi - Loading from file system: file:/E:/G2/java/final_project/team_project_1124/javaA-xiangqi-project-main/target/classes/assets/textures/RedAdvisor.png
20:40:40.216 [FXGL Background Thread 2 ] DEBUG FXGLAssetLoaderServi - Loading from file system: file:/E:/G2/java/final_project/team_project_1124/javaA-xiangqi-project-main/target/classes/assets/textures/RedGeneral.png
20:40:40.221 [FXGL Background Thread 2 ] INFO  FXGLApplication      - Game initialization took: 0.168 sec
20:40:40.221 [JavaFX Application Thread] DEBUG Input                - Clearing active input actions
20:40:40.224 [JavaFX Application Thread] DEBUG GameApplicationServi - Removing overlay from FXGLLoadingScene and adding to GameScene
20:40:40.226 [JavaFX Application Thread] DEBUG PrimaryStageWindow   - FXGLLoadingScene -> GameScene
20:40:40.977 [JavaFX Application Thread] DEBUG AudioPlayer          - Playing music com.almasb.fxgl.audio.Music@39ab3b20
20:40:41.141 [JavaFX Application Thread] DEBUG AudioPlayer          - Playing music com.almasb.fxgl.audio.Music@39ab3b20
20:40:41.339 [JavaFX Application Thread] DEBUG PrimaryStageWindow   - Push state: DialogSubScene
20:40:41.339 [JavaFX Application Thread] DEBUG Input                - Clearing active input actions
20:40:41.340 [JavaFX Application Thread] DEBUG GameApplicationServi - Removing overlay from GameScene and adding to DialogSubScene
20:40:41.340 [JavaFX Application Thread] DEBUG PrimaryStageWindow   - GameScene -> DialogSubScene
20:40:42.184 [JavaFX Application Thread] DEBUG PrimaryStageWindow   - Pop state: DialogSubScene
20:40:42.184 [JavaFX Application Thread] DEBUG Input                - Clearing active input actions
20:40:42.184 [JavaFX Application Thread] DEBUG GameApplicationServi - Removing overlay from DialogSubScene and adding to GameScene
20:40:42.184 [JavaFX Application Thread] DEBUG PrimaryStageWindow   - GameScene <- DialogSubScene
20:40:42.191 [JavaFX Application Thread] DEBUG PrimaryStageWindow   - Push state: DialogSubScene
20:40:42.191 [JavaFX Application Thread] DEBUG Input                - Clearing active input actions
20:40:42.191 [JavaFX Application Thread] DEBUG GameApplicationServi - Removing overlay from GameScene and adding to DialogSubScene
20:40:42.191 [JavaFX Application Thread] DEBUG PrimaryStageWindow   - GameScene -> DialogSubScene
20:40:43.022 [JavaFX Application Thread] DEBUG PrimaryStageWindow   - Pop state: DialogSubScene
20:40:43.022 [JavaFX Application Thread] DEBUG Input                - Clearing active input actions
20:40:43.024 [JavaFX Application Thread] DEBUG GameApplicationServi - Removing overlay from DialogSubScene and adding to GameScene
20:40:43.024 [JavaFX Application Thread] DEBUG PrimaryStageWindow   - GameScene <- DialogSubScene
20:40:43.169 [JavaFX Application Thread] DEBUG AudioPlayer          - Playing music com.almasb.fxgl.audio.Music@39ab3b20
20:40:43.191 [JavaFX Application Thread] DEBUG AudioPlayer          - Playing music com.almasb.fxgl.audio.Music@39ab3b20
20:40:43.390 [JavaFX Application Thread] DEBUG PrimaryStageWindow   - Push state: DialogSubScene
20:40:43.390 [JavaFX Application Thread] DEBUG Input                - Clearing active input actions
20:40:43.390 [JavaFX Application Thread] DEBUG GameApplicationServi - Removing overlay from GameScene and adding to DialogSubScene
20:40:43.391 [JavaFX Application Thread] DEBUG PrimaryStageWindow   - GameScene -> DialogSubScene
20:40:43.830 [JavaFX Application Thread] DEBUG PrimaryStageWindow   - Pop state: DialogSubScene
20:40:43.830 [JavaFX Application Thread] DEBUG Input                - Clearing active input actions
20:40:43.830 [JavaFX Application Thread] DEBUG GameApplicationServi - Removing overlay from DialogSubScene and adding to GameScene
20:40:43.830 [JavaFX Application Thread] DEBUG PrimaryStageWindow   - GameScene <- DialogSubScene
20:40:43.833 [JavaFX Application Thread] DEBUG PrimaryStageWindow   - Push state: DialogSubScene
20:40:43.834 [JavaFX Application Thread] DEBUG Input                - Clearing active input actions
20:40:43.834 [JavaFX Application Thread] DEBUG GameApplicationServi - Removing overlay from GameScene and adding to DialogSubScene
20:40:43.834 [JavaFX Application Thread] DEBUG PrimaryStageWindow   - GameScene -> DialogSubScene
20:40:44.438 [JavaFX Application Thread] DEBUG PrimaryStageWindow   - Pop state: DialogSubScene
20:40:44.438 [JavaFX Application Thread] DEBUG Input                - Clearing active input actions
20:40:44.438 [JavaFX Application Thread] DEBUG GameApplicationServi - Removing overlay from DialogSubScene and adding to GameScene
20:40:44.438 [JavaFX Application Thread] DEBUG PrimaryStageWindow   - GameScene <- DialogSubScene
20:40:44.641 [JavaFX Application Thread] DEBUG AudioPlayer          - Playing music com.almasb.fxgl.audio.Music@39ab3b20
20:40:44.905 [JavaFX Application Thread] DEBUG PrimaryStageWindow   - Push state: DialogSubScene
20:40:44.905 [JavaFX Application Thread] DEBUG Input                - Clearing active input actions
20:40:44.905 [JavaFX Application Thread] DEBUG GameApplicationServi - Removing overlay from GameScene and adding to DialogSubScene
20:40:44.905 [JavaFX Application Thread] DEBUG PrimaryStageWindow   - GameScene -> DialogSubScene
20:40:46.110 [JavaFX Application Thread] DEBUG PrimaryStageWindow   - Pop state: DialogSubScene
20:40:46.110 [JavaFX Application Thread] DEBUG Input                - Clearing active input actions
20:40:46.110 [JavaFX Application Thread] DEBUG GameApplicationServi - Removing overlay from DialogSubScene and adding to GameScene
20:40:46.110 [JavaFX Application Thread] DEBUG PrimaryStageWindow   - GameScene <- DialogSubScene
20:40:46.112 [JavaFX Application Thread] DEBUG PrimaryStageWindow   - Push state: DialogSubScene
20:40:46.112 [JavaFX Application Thread] DEBUG Input                - Clearing active input actions
20:40:46.113 [JavaFX Application Thread] DEBUG GameApplicationServi - Removing overlay from GameScene and adding to DialogSubScene
20:40:46.113 [JavaFX Application Thread] DEBUG PrimaryStageWindow   - GameScene -> DialogSubScene
20:40:46.964 [JavaFX Application Thread] DEBUG PrimaryStageWindow   - Pop state: DialogSubScene
20:40:46.964 [JavaFX Application Thread] DEBUG Input                - Clearing active input actions
20:40:46.964 [JavaFX Application Thread] DEBUG GameApplicationServi - Removing overlay from DialogSubScene and adding to GameScene
20:40:46.964 [JavaFX Application Thread] DEBUG PrimaryStageWindow   - GameScene <- DialogSubScene
20:40:47.826 [JavaFX Application Thread] DEBUG FXGLAssetLoaderServi - Loading from file system: file:/E:/G2/java/final_project/team_project_1124/javaA-xiangqi-project-main/target/classes/assets/textures/%e9%80%89%e4%b8%ad.png
20:40:49.690 [JavaFX Application Thread] DEBUG AudioPlayer          - Playing music com.almasb.fxgl.audio.Music@39ab3b20
20:40:49.887 [JavaFX Application Thread] DEBUG PrimaryStageWindow   - Push state: DialogSubScene
20:40:49.887 [JavaFX Application Thread] DEBUG Input                - Clearing active input actions
20:40:49.887 [JavaFX Application Thread] DEBUG GameApplicationServi - Removing overlay from GameScene and adding to DialogSubScene
20:40:49.887 [JavaFX Application Thread] DEBUG PrimaryStageWindow   - GameScene -> DialogSubScene
20:40:50.371 [JavaFX Application Thread] DEBUG PrimaryStageWindow   - Pop state: DialogSubScene
20:40:50.371 [JavaFX Application Thread] DEBUG Input                - Clearing active input actions
20:40:50.371 [JavaFX Application Thread] DEBUG GameApplicationServi - Removing overlay from DialogSubScene and adding to GameScene
20:40:50.371 [JavaFX Application Thread] DEBUG PrimaryStageWindow   - GameScene <- DialogSubScene
20:40:50.374 [JavaFX Application Thread] DEBUG PrimaryStageWindow   - Push state: DialogSubScene
20:40:50.374 [JavaFX Application Thread] DEBUG Input                - Clearing active input actions
20:40:50.374 [JavaFX Application Thread] DEBUG GameApplicationServi - Removing overlay from GameScene and adding to DialogSubScene
20:40:50.374 [JavaFX Application Thread] DEBUG PrimaryStageWindow   - GameScene -> DialogSubScene
20:40:51.774 [JavaFX Application Thread] DEBUG PrimaryStageWindow   - Pop state: DialogSubScene
20:40:51.774 [JavaFX Application Thread] DEBUG Input                - Clearing active input actions
20:40:51.774 [JavaFX Application Thread] DEBUG GameApplicationServi - Removing overlay from DialogSubScene and adding to GameScene
20:40:51.775 [JavaFX Application Thread] DEBUG PrimaryStageWindow   - GameScene <- DialogSubScene
20:40:51.950 [JavaFX Application Thread] DEBUG AudioPlayer          - Playing music com.almasb.fxgl.audio.Music@39ab3b20
20:40:52.830 [JavaFX Application Thread] DEBUG PrimaryStageWindow   - Push state: InGameMenuScene
20:40:52.830 [JavaFX Application Thread] DEBUG Input                - Clearing active input actions
20:40:52.831 [JavaFX Application Thread] DEBUG GameApplicationServi - Removing overlay from GameScene and adding to InGameMenuScene
20:40:52.831 [JavaFX Application Thread] DEBUG PrimaryStageWindow   - GameScene -> InGameMenuScene
20:40:53.413 [JavaFX Application Thread] DEBUG Menu                 - fireExitToMainMenu()
20:40:53.416 [JavaFX Application Thread] DEBUG PrimaryStageWindow   - Push state: DialogSubScene
20:40:53.416 [JavaFX Application Thread] DEBUG Input                - Clearing active input actions
20:40:53.417 [JavaFX Application Thread] DEBUG GameApplicationServi - Removing overlay from InGameMenuScene and adding to DialogSubScene
20:40:53.417 [JavaFX Application Thread] DEBUG PrimaryStageWindow   - InGameMenuScene -> DialogSubScene
20:40:54.048 [JavaFX Application Thread] DEBUG PrimaryStageWindow   - Pop state: DialogSubScene
20:40:54.048 [JavaFX Application Thread] DEBUG Input                - Clearing active input actions
20:40:54.048 [JavaFX Application Thread] DEBUG GameApplicationServi - Removing overlay from DialogSubScene and adding to InGameMenuScene
20:40:54.048 [JavaFX Application Thread] DEBUG PrimaryStageWindow   - InGameMenuScene <- DialogSubScene
20:40:54.048 [JavaFX Application Thread] DEBUG PrimaryStageWindow   - Pop state: InGameMenuScene
20:40:54.048 [JavaFX Application Thread] DEBUG Input                - Clearing active input actions
20:40:54.048 [JavaFX Application Thread] DEBUG GameApplicationServi - Removing overlay from InGameMenuScene and adding to GameScene
20:40:54.048 [JavaFX Application Thread] DEBUG PrimaryStageWindow   - GameScene <- InGameMenuScene
20:40:54.048 [JavaFX Application Thread] DEBUG Input                - Clearing active input actions
20:40:54.051 [JavaFX Application Thread] DEBUG GameApplicationServi - Removing overlay from GameScene and adding to FXGLMainMenuDummyScene
20:40:54.051 [JavaFX Application Thread] DEBUG PrimaryStageWindow   - GameScene -> FXGLMainMenuDummyScene
20:40:54.051 [JavaFX Application Thread] DEBUG PrimaryStageWindow   - Push state: MainMenuScene
20:40:54.051 [JavaFX Application Thread] DEBUG Input                - Clearing active input actions
20:40:54.051 [JavaFX Application Thread] DEBUG GameApplicationServi - Removing overlay from FXGLMainMenuDummyScene and adding to MainMenuScene
20:40:54.051 [JavaFX Application Thread] DEBUG PrimaryStageWindow   - FXGLMainMenuDummyScene -> MainMenuScene
20:40:54.051 [JavaFX Application Thread] DEBUG AudioPlayer          - Playing music com.almasb.fxgl.audio.Music@39ab3b20
20:40:54.412 [JavaFX Application Thread] DEBUG AudioPlayer          - Playing music com.almasb.fxgl.audio.Music@39ab3b20
20:40:54.502 [JavaFX Application Thread] DEBUG AudioPlayer          - Playing music com.almasb.fxgl.audio.Music@39ab3b20
20:40:54.999 [JavaFX Application Thread] DEBUG AudioPlayer          - Playing music com.almasb.fxgl.audio.Music@39ab3b20
20:40:55.337 [JavaFX Application Thread] DEBUG AudioPlayer          - Playing music com.almasb.fxgl.audio.Music@39ab3b20
20:40:55.435 [JavaFX Application Thread] DEBUG AudioPlayer          - Playing music com.almasb.fxgl.audio.Music@39ab3b20
20:41:01.299 [JavaFX Application Thread] DEBUG AudioPlayer          - Playing music com.almasb.fxgl.audio.Music@39ab3b20
20:41:03.534 [JavaFX Application Thread] DEBUG AudioPlayer          - Playing music com.almasb.fxgl.audio.Music@39ab3b20
20:41:04.597 [JavaFX Application Thread] DEBUG AudioPlayer          - Playing music com.almasb.fxgl.audio.Music@39ab3b20
20:41:05.037 [JavaFX Application Thread] DEBUG AudioPlayer          - Playing music com.almasb.fxgl.audio.Music@39ab3b20
20:41:05.150 [JavaFX Application Thread] DEBUG AudioPlayer          - Playing music com.almasb.fxgl.audio.Music@39ab3b20
20:41:05.449 [JavaFX Application Thread] DEBUG Menu                 - fireNewGame()
20:41:05.449 [JavaFX Application Thread] DEBUG GameApplicationServi - Starting new game
20:41:05.449 [JavaFX Application Thread] DEBUG PrimaryStageWindow   - Pop state: MainMenuScene
20:41:05.449 [JavaFX Application Thread] DEBUG Input                - Clearing active input actions
20:41:05.449 [JavaFX Application Thread] DEBUG GameApplicationServi - Removing overlay from MainMenuScene and adding to FXGLMainMenuDummyScene
20:41:05.449 [JavaFX Application Thread] DEBUG PrimaryStageWindow   - FXGLMainMenuDummyScene <- MainMenuScene
20:41:05.449 [JavaFX Application Thread] DEBUG Input                - Clearing active input actions
20:41:05.451 [JavaFX Application Thread] DEBUG GameApplicationServi - Removing overlay from FXGLMainMenuDummyScene and adding to FXGLLoadingScene
20:41:05.451 [JavaFX Application Thread] DEBUG PrimaryStageWindow   - FXGLMainMenuDummyScene -> FXGLLoadingScene
20:41:05.451 [JavaFX Application Thread] DEBUG GameApplicationServi - Clearing previous game
20:41:05.451 [JavaFX Application Thread] DEBUG GameScene            - Clearing game scene
20:41:05.451 [JavaFX Application Thread] DEBUG GameWorld            - Clearing game world
20:41:05.452 [JavaFX Application Thread] DEBUG PhysicsWorld         - Clearing physics world
20:41:05.452 [FXGL Background Thread 2 ] DEBUG FXGLApplication      - Initializing game
20:41:05.458 [FXGL Background Thread 2 ] INFO  FXGLApplication      - Game initialization took: 0.006 sec
20:41:05.459 [JavaFX Application Thread] DEBUG Input                - Clearing active input actions
20:41:05.461 [JavaFX Application Thread] DEBUG GameApplicationServi - Removing overlay from FXGLLoadingScene and adding to GameScene
20:41:05.461 [JavaFX Application Thread] DEBUG PrimaryStageWindow   - FXGLLoadingScene -> GameScene
20:41:06.004 [JavaFX Application Thread] DEBUG AudioPlayer          - Playing music com.almasb.fxgl.audio.Music@39ab3b20
20:41:06.041 [JavaFX Application Thread] DEBUG AudioPlayer          - Playing music com.almasb.fxgl.audio.Music@39ab3b20
20:41:07.156 [JavaFX Application Thread] DEBUG PrimaryStageWindow   - Push state: DialogSubScene
20:41:07.156 [JavaFX Application Thread] DEBUG Input                - Clearing active input actions
20:41:07.156 [JavaFX Application Thread] DEBUG GameApplicationServi - Removing overlay from GameScene and adding to DialogSubScene
20:41:07.156 [JavaFX Application Thread] DEBUG PrimaryStageWindow   - GameScene -> DialogSubScene
20:41:11.101 [JavaFX Application Thread] DEBUG PrimaryStageWindow   - Pop state: DialogSubScene
20:41:11.101 [JavaFX Application Thread] DEBUG Input                - Clearing active input actions
20:41:11.101 [JavaFX Application Thread] DEBUG GameApplicationServi - Removing overlay from DialogSubScene and adding to GameScene
20:41:11.101 [JavaFX Application Thread] DEBUG PrimaryStageWindow   - GameScene <- DialogSubScene
20:41:11.103 [JavaFX Application Thread] DEBUG PrimaryStageWindow   - Push state: DialogSubScene
20:41:11.103 [JavaFX Application Thread] DEBUG Input                - Clearing active input actions
20:41:11.104 [JavaFX Application Thread] DEBUG GameApplicationServi - Removing overlay from GameScene and adding to DialogSubScene
20:41:11.104 [JavaFX Application Thread] DEBUG PrimaryStageWindow   - GameScene -> DialogSubScene
20:41:11.762 [JavaFX Application Thread] DEBUG PrimaryStageWindow   - Pop state: DialogSubScene
20:41:11.762 [JavaFX Application Thread] DEBUG Input                - Clearing active input actions
20:41:11.762 [JavaFX Application Thread] DEBUG GameApplicationServi - Removing overlay from DialogSubScene and adding to GameScene
20:41:11.762 [JavaFX Application Thread] DEBUG PrimaryStageWindow   - GameScene <- DialogSubScene
20:41:14.141 [JavaFX Application Thread] DEBUG AudioPlayer          - Playing music com.almasb.fxgl.audio.Music@39ab3b20
20:41:14.328 [JavaFX Application Thread] DEBUG PrimaryStageWindow   - Push state: DialogSubScene
20:41:14.329 [JavaFX Application Thread] DEBUG Input                - Clearing active input actions
20:41:14.329 [JavaFX Application Thread] DEBUG GameApplicationServi - Removing overlay from GameScene and adding to DialogSubScene
20:41:14.329 [JavaFX Application Thread] DEBUG PrimaryStageWindow   - GameScene -> DialogSubScene
20:41:14.880 [JavaFX Application Thread] DEBUG PrimaryStageWindow   - Pop state: DialogSubScene
20:41:14.880 [JavaFX Application Thread] DEBUG Input                - Clearing active input actions
20:41:14.880 [JavaFX Application Thread] DEBUG GameApplicationServi - Removing overlay from DialogSubScene and adding to GameScene
20:41:14.880 [JavaFX Application Thread] DEBUG PrimaryStageWindow   - GameScene <- DialogSubScene
20:41:14.882 [JavaFX Application Thread] DEBUG PrimaryStageWindow   - Push state: DialogSubScene
20:41:14.882 [JavaFX Application Thread] DEBUG Input                - Clearing active input actions
20:41:14.882 [JavaFX Application Thread] DEBUG GameApplicationServi - Removing overlay from GameScene and adding to DialogSubScene
20:41:14.882 [JavaFX Application Thread] DEBUG PrimaryStageWindow   - GameScene -> DialogSubScene
20:41:16.004 [JavaFX Application Thread] DEBUG PrimaryStageWindow   - Pop state: DialogSubScene
20:41:16.004 [JavaFX Application Thread] DEBUG Input                - Clearing active input actions
20:41:16.004 [JavaFX Application Thread] DEBUG GameApplicationServi - Removing overlay from DialogSubScene and adding to GameScene
20:41:16.004 [JavaFX Application Thread] DEBUG PrimaryStageWindow   - GameScene <- DialogSubScene
20:41:16.184 [JavaFX Application Thread] DEBUG PrimaryStageWindow   - Push state: InGameMenuScene
20:41:16.184 [JavaFX Application Thread] DEBUG Input                - Clearing active input actions
20:41:16.185 [JavaFX Application Thread] DEBUG GameApplicationServi - Removing overlay from GameScene and adding to InGameMenuScene
20:41:16.185 [JavaFX Application Thread] DEBUG PrimaryStageWindow   - GameScene -> InGameMenuScene
20:41:16.719 [JavaFX Application Thread] DEBUG Menu                 - fireExitToMainMenu()
20:41:16.719 [JavaFX Application Thread] DEBUG PrimaryStageWindow   - Push state: DialogSubScene
20:41:16.719 [JavaFX Application Thread] DEBUG Input                - Clearing active input actions
20:41:16.720 [JavaFX Application Thread] DEBUG GameApplicationServi - Removing overlay from InGameMenuScene and adding to DialogSubScene
20:41:16.720 [JavaFX Application Thread] DEBUG PrimaryStageWindow   - InGameMenuScene -> DialogSubScene
20:41:17.215 [JavaFX Application Thread] DEBUG PrimaryStageWindow   - Pop state: DialogSubScene
20:41:17.215 [JavaFX Application Thread] DEBUG Input                - Clearing active input actions
20:41:17.215 [JavaFX Application Thread] DEBUG GameApplicationServi - Removing overlay from DialogSubScene and adding to InGameMenuScene
20:41:17.215 [JavaFX Application Thread] DEBUG PrimaryStageWindow   - InGameMenuScene <- DialogSubScene
20:41:17.215 [JavaFX Application Thread] DEBUG PrimaryStageWindow   - Pop state: InGameMenuScene
20:41:17.215 [JavaFX Application Thread] DEBUG Input                - Clearing active input actions
20:41:17.215 [JavaFX Application Thread] DEBUG GameApplicationServi - Removing overlay from InGameMenuScene and adding to GameScene
20:41:17.215 [JavaFX Application Thread] DEBUG PrimaryStageWindow   - GameScene <- InGameMenuScene
20:41:17.215 [JavaFX Application Thread] DEBUG Input                - Clearing active input actions
20:41:17.216 [JavaFX Application Thread] DEBUG GameApplicationServi - Removing overlay from GameScene and adding to FXGLMainMenuDummyScene
20:41:17.216 [JavaFX Application Thread] DEBUG PrimaryStageWindow   - GameScene -> FXGLMainMenuDummyScene
20:41:17.216 [JavaFX Application Thread] DEBUG PrimaryStageWindow   - Push state: MainMenuScene
20:41:17.216 [JavaFX Application Thread] DEBUG Input                - Clearing active input actions
20:41:17.216 [JavaFX Application Thread] DEBUG GameApplicationServi - Removing overlay from FXGLMainMenuDummyScene and adding to MainMenuScene
20:41:17.216 [JavaFX Application Thread] DEBUG PrimaryStageWindow   - FXGLMainMenuDummyScene -> MainMenuScene
20:41:17.216 [JavaFX Application Thread] DEBUG AudioPlayer          - Playing music com.almasb.fxgl.audio.Music@39ab3b20
20:41:17.658 [JavaFX Application Thread] DEBUG AudioPlayer          - Playing music com.almasb.fxgl.audio.Music@39ab3b20
20:41:17.697 [JavaFX Application Thread] DEBUG AudioPlayer          - Playing music com.almasb.fxgl.audio.Music@39ab3b20
20:41:18.123 [JavaFX Application Thread] DEBUG AudioPlayer          - Playing music com.almasb.fxgl.audio.Music@39ab3b20
20:41:18.332 [JavaFX Application Thread] DEBUG PrimaryStageWindow   - Push state: DialogSubScene
20:41:18.332 [JavaFX Application Thread] DEBUG Input                - Clearing active input actions
20:41:18.332 [JavaFX Application Thread] DEBUG GameApplicationServi - Removing overlay from MainMenuScene and adding to DialogSubScene
20:41:18.332 [JavaFX Application Thread] DEBUG PrimaryStageWindow   - MainMenuScene -> DialogSubScene
20:41:19.635 [JavaFX Application Thread] DEBUG PrimaryStageWindow   - Pop state: DialogSubScene
20:41:19.635 [JavaFX Application Thread] DEBUG Input                - Clearing active input actions
20:41:19.635 [JavaFX Application Thread] DEBUG GameApplicationServi - Removing overlay from DialogSubScene and adding to MainMenuScene
20:41:19.635 [JavaFX Application Thread] DEBUG PrimaryStageWindow   - MainMenuScene <- DialogSubScene
20:41:19.637 [JavaFX Application Thread] DEBUG GameApplicationServi - Starting new game
20:41:19.637 [JavaFX Application Thread] DEBUG PrimaryStageWindow   - Pop state: MainMenuScene
20:41:19.637 [JavaFX Application Thread] DEBUG Input                - Clearing active input actions
20:41:19.637 [JavaFX Application Thread] DEBUG GameApplicationServi - Removing overlay from MainMenuScene and adding to FXGLMainMenuDummyScene
20:41:19.637 [JavaFX Application Thread] DEBUG PrimaryStageWindow   - FXGLMainMenuDummyScene <- MainMenuScene
20:41:19.637 [JavaFX Application Thread] DEBUG Input                - Clearing active input actions
20:41:19.639 [JavaFX Application Thread] DEBUG GameApplicationServi - Removing overlay from FXGLMainMenuDummyScene and adding to FXGLLoadingScene
20:41:19.639 [JavaFX Application Thread] DEBUG PrimaryStageWindow   - FXGLMainMenuDummyScene -> FXGLLoadingScene
20:41:19.639 [JavaFX Application Thread] DEBUG GameApplicationServi - Clearing previous game
20:41:19.639 [JavaFX Application Thread] DEBUG GameScene            - Clearing game scene
20:41:19.639 [JavaFX Application Thread] DEBUG GameWorld            - Clearing game world
20:41:19.639 [JavaFX Application Thread] DEBUG PhysicsWorld         - Clearing physics world
20:41:19.639 [FXGL Background Thread 2 ] DEBUG FXGLApplication      - Initializing game
20:41:19.644 [FXGL Background Thread 2 ] INFO  FXGLApplication      - Game initialization took: 0.005 sec
20:41:19.645 [JavaFX Application Thread] DEBUG Input                - Clearing active input actions
20:41:19.646 [JavaFX Application Thread] DEBUG GameApplicationServi - Removing overlay from FXGLLoadingScene and adding to GameScene
20:41:19.646 [JavaFX Application Thread] DEBUG PrimaryStageWindow   - FXGLLoadingScene -> GameScene
20:41:20.624 [JavaFX Application Thread] DEBUG PrimaryStageWindow   - Push state: InGameMenuScene
20:41:20.624 [JavaFX Application Thread] DEBUG Input                - Clearing active input actions
20:41:20.625 [JavaFX Application Thread] DEBUG GameApplicationServi - Removing overlay from GameScene and adding to InGameMenuScene
20:41:20.625 [JavaFX Application Thread] DEBUG PrimaryStageWindow   - GameScene -> InGameMenuScene
20:41:21.754 [JavaFX Application Thread] DEBUG Menu                 - fireExitToMainMenu()
20:41:21.754 [JavaFX Application Thread] DEBUG PrimaryStageWindow   - Push state: DialogSubScene
20:41:21.754 [JavaFX Application Thread] DEBUG Input                - Clearing active input actions
20:41:21.755 [JavaFX Application Thread] DEBUG GameApplicationServi - Removing overlay from InGameMenuScene and adding to DialogSubScene
20:41:21.755 [JavaFX Application Thread] DEBUG PrimaryStageWindow   - InGameMenuScene -> DialogSubScene
20:41:22.162 [JavaFX Application Thread] DEBUG PrimaryStageWindow   - Pop state: DialogSubScene
20:41:22.162 [JavaFX Application Thread] DEBUG Input                - Clearing active input actions
20:41:22.162 [JavaFX Application Thread] DEBUG GameApplicationServi - Removing overlay from DialogSubScene and adding to InGameMenuScene
20:41:22.162 [JavaFX Application Thread] DEBUG PrimaryStageWindow   - InGameMenuScene <- DialogSubScene
20:41:22.162 [JavaFX Application Thread] DEBUG PrimaryStageWindow   - Pop state: InGameMenuScene
20:41:22.162 [JavaFX Application Thread] DEBUG Input                - Clearing active input actions
20:41:22.162 [JavaFX Application Thread] DEBUG GameApplicationServi - Removing overlay from InGameMenuScene and adding to GameScene
20:41:22.162 [JavaFX Application Thread] DEBUG PrimaryStageWindow   - GameScene <- InGameMenuScene
20:41:22.162 [JavaFX Application Thread] DEBUG Input                - Clearing active input actions
20:41:22.163 [JavaFX Application Thread] DEBUG GameApplicationServi - Removing overlay from GameScene and adding to FXGLMainMenuDummyScene
20:41:22.164 [JavaFX Application Thread] DEBUG PrimaryStageWindow   - GameScene -> FXGLMainMenuDummyScene
20:41:22.164 [JavaFX Application Thread] DEBUG PrimaryStageWindow   - Push state: MainMenuScene
20:41:22.164 [JavaFX Application Thread] DEBUG Input                - Clearing active input actions
20:41:22.164 [JavaFX Application Thread] DEBUG GameApplicationServi - Removing overlay from FXGLMainMenuDummyScene and adding to MainMenuScene
20:41:22.164 [JavaFX Application Thread] DEBUG PrimaryStageWindow   - FXGLMainMenuDummyScene -> MainMenuScene
20:41:22.164 [JavaFX Application Thread] DEBUG AudioPlayer          - Playing music com.almasb.fxgl.audio.Music@39ab3b20
20:41:22.553 [JavaFX Application Thread] DEBUG AudioPlayer          - Playing music com.almasb.fxgl.audio.Music@39ab3b20
20:41:22.748 [JavaFX Application Thread] DEBUG Menu                 - fireNewGame()
20:41:22.748 [JavaFX Application Thread] DEBUG GameApplicationServi - Starting new game
20:41:22.748 [JavaFX Application Thread] DEBUG PrimaryStageWindow   - Pop state: MainMenuScene
20:41:22.748 [JavaFX Application Thread] DEBUG Input                - Clearing active input actions
20:41:22.748 [JavaFX Application Thread] DEBUG GameApplicationServi - Removing overlay from MainMenuScene and adding to FXGLMainMenuDummyScene
20:41:22.748 [JavaFX Application Thread] DEBUG PrimaryStageWindow   - FXGLMainMenuDummyScene <- MainMenuScene
20:41:22.748 [JavaFX Application Thread] DEBUG Input                - Clearing active input actions
20:41:22.749 [JavaFX Application Thread] DEBUG GameApplicationServi - Removing overlay from FXGLMainMenuDummyScene and adding to FXGLLoadingScene
20:41:22.749 [JavaFX Application Thread] DEBUG PrimaryStageWindow   - FXGLMainMenuDummyScene -> FXGLLoadingScene
20:41:22.749 [JavaFX Application Thread] DEBUG GameApplicationServi - Clearing previous game
20:41:22.749 [JavaFX Application Thread] DEBUG GameScene            - Clearing game scene
20:41:22.749 [JavaFX Application Thread] DEBUG GameWorld            - Clearing game world
20:41:22.750 [JavaFX Application Thread] DEBUG PhysicsWorld         - Clearing physics world
20:41:22.750 [FXGL Background Thread 2 ] DEBUG FXGLApplication      - Initializing game
20:41:22.754 [FXGL Background Thread 2 ] INFO  FXGLApplication      - Game initialization took: 0.005 sec
20:41:22.759 [JavaFX Application Thread] DEBUG Input                - Clearing active input actions
20:41:22.760 [JavaFX Application Thread] DEBUG GameApplicationServi - Removing overlay from FXGLLoadingScene and adding to GameScene
20:41:22.760 [JavaFX Application Thread] DEBUG PrimaryStageWindow   - FXGLLoadingScene -> GameScene
20:41:23.111 [JavaFX Application Thread] DEBUG PrimaryStageWindow   - Push state: InGameMenuScene
20:41:23.113 [JavaFX Application Thread] DEBUG Input                - Clearing active input actions
20:41:23.113 [JavaFX Application Thread] DEBUG GameApplicationServi - Removing overlay from GameScene and adding to InGameMenuScene
20:41:23.113 [JavaFX Application Thread] DEBUG PrimaryStageWindow   - GameScene -> InGameMenuScene
20:41:23.768 [JavaFX Application Thread] DEBUG Menu                 - fireExitToMainMenu()
20:41:23.768 [JavaFX Application Thread] DEBUG PrimaryStageWindow   - Push state: DialogSubScene
20:41:23.768 [JavaFX Application Thread] DEBUG Input                - Clearing active input actions
20:41:23.768 [JavaFX Application Thread] DEBUG GameApplicationServi - Removing overlay from InGameMenuScene and adding to DialogSubScene
20:41:23.768 [JavaFX Application Thread] DEBUG PrimaryStageWindow   - InGameMenuScene -> DialogSubScene
20:41:24.205 [JavaFX Application Thread] DEBUG PrimaryStageWindow   - Pop state: DialogSubScene
20:41:24.205 [JavaFX Application Thread] DEBUG Input                - Clearing active input actions
20:41:24.205 [JavaFX Application Thread] DEBUG GameApplicationServi - Removing overlay from DialogSubScene and adding to InGameMenuScene
20:41:24.205 [JavaFX Application Thread] DEBUG PrimaryStageWindow   - InGameMenuScene <- DialogSubScene
20:41:24.205 [JavaFX Application Thread] DEBUG PrimaryStageWindow   - Pop state: InGameMenuScene
20:41:24.205 [JavaFX Application Thread] DEBUG Input                - Clearing active input actions
20:41:24.205 [JavaFX Application Thread] DEBUG GameApplicationServi - Removing overlay from InGameMenuScene and adding to GameScene
20:41:24.205 [JavaFX Application Thread] DEBUG PrimaryStageWindow   - GameScene <- InGameMenuScene
20:41:24.205 [JavaFX Application Thread] DEBUG Input                - Clearing active input actions
20:41:24.206 [JavaFX Application Thread] DEBUG GameApplicationServi - Removing overlay from GameScene and adding to FXGLMainMenuDummyScene
20:41:24.206 [JavaFX Application Thread] DEBUG PrimaryStageWindow   - GameScene -> FXGLMainMenuDummyScene
20:41:24.206 [JavaFX Application Thread] DEBUG PrimaryStageWindow   - Push state: MainMenuScene
20:41:24.206 [JavaFX Application Thread] DEBUG Input                - Clearing active input actions
20:41:24.206 [JavaFX Application Thread] DEBUG GameApplicationServi - Removing overlay from FXGLMainMenuDummyScene and adding to MainMenuScene
20:41:24.206 [JavaFX Application Thread] DEBUG PrimaryStageWindow   - FXGLMainMenuDummyScene -> MainMenuScene
20:41:24.206 [JavaFX Application Thread] DEBUG AudioPlayer          - Playing music com.almasb.fxgl.audio.Music@39ab3b20
20:41:24.321 [JavaFX Application Thread] DEBUG AudioPlayer          - Playing music com.almasb.fxgl.audio.Music@39ab3b20
20:41:24.401 [JavaFX Application Thread] DEBUG AudioPlayer          - Playing music com.almasb.fxgl.audio.Music@39ab3b20
20:41:24.843 [JavaFX Application Thread] DEBUG AudioPlayer          - Playing music com.almasb.fxgl.audio.Music@39ab3b20
20:41:24.944 [JavaFX Application Thread] DEBUG AudioPlayer          - Playing music com.almasb.fxgl.audio.Music@39ab3b20
20:41:25.213 [JavaFX Application Thread] DEBUG AudioPlayer          - Playing music com.almasb.fxgl.audio.Music@39ab3b20
20:41:30.994 [JavaFX Application Thread] DEBUG AudioPlayer          - Playing music com.almasb.fxgl.audio.Music@39ab3b20
20:41:31.826 [JavaFX Application Thread] DEBUG AudioPlayer          - Playing music com.almasb.fxgl.audio.Music@39ab3b20
20:41:32.267 [JavaFX Application Thread] DEBUG AudioPlayer          - Playing music com.almasb.fxgl.audio.Music@39ab3b20
20:41:32.510 [JavaFX Application Thread] DEBUG Menu                 - fireNewGame()
20:41:32.510 [JavaFX Application Thread] DEBUG GameApplicationServi - Starting new game
20:41:32.510 [JavaFX Application Thread] DEBUG PrimaryStageWindow   - Pop state: MainMenuScene
20:41:32.510 [JavaFX Application Thread] DEBUG Input                - Clearing active input actions
20:41:32.510 [JavaFX Application Thread] DEBUG GameApplicationServi - Removing overlay from MainMenuScene and adding to FXGLMainMenuDummyScene
20:41:32.510 [JavaFX Application Thread] DEBUG PrimaryStageWindow   - FXGLMainMenuDummyScene <- MainMenuScene
20:41:32.510 [JavaFX Application Thread] DEBUG Input                - Clearing active input actions
20:41:32.512 [JavaFX Application Thread] DEBUG GameApplicationServi - Removing overlay from FXGLMainMenuDummyScene and adding to FXGLLoadingScene
20:41:32.512 [JavaFX Application Thread] DEBUG PrimaryStageWindow   - FXGLMainMenuDummyScene -> FXGLLoadingScene
20:41:32.512 [JavaFX Application Thread] DEBUG GameApplicationServi - Clearing previous game
20:41:32.512 [JavaFX Application Thread] DEBUG GameScene            - Clearing game scene
20:41:32.512 [JavaFX Application Thread] DEBUG GameWorld            - Clearing game world
20:41:32.513 [JavaFX Application Thread] DEBUG PhysicsWorld         - Clearing physics world
20:41:32.513 [FXGL Background Thread 2 ] DEBUG FXGLApplication      - Initializing game
20:41:32.516 [FXGL Background Thread 2 ] INFO  FXGLApplication      - Game initialization took: 0.004 sec
20:41:32.521 [JavaFX Application Thread] DEBUG Input                - Clearing active input actions
20:41:32.523 [JavaFX Application Thread] DEBUG GameApplicationServi - Removing overlay from FXGLLoadingScene and adding to GameScene
20:41:32.523 [JavaFX Application Thread] DEBUG PrimaryStageWindow   - FXGLLoadingScene -> GameScene
20:41:33.223 [JavaFX Application Thread] DEBUG PrimaryStageWindow   - Push state: InGameMenuScene
20:41:33.223 [JavaFX Application Thread] DEBUG Input                - Clearing active input actions
20:41:33.224 [JavaFX Application Thread] DEBUG GameApplicationServi - Removing overlay from GameScene and adding to InGameMenuScene
20:41:33.224 [JavaFX Application Thread] DEBUG PrimaryStageWindow   - GameScene -> InGameMenuScene
20:41:33.919 [JavaFX Application Thread] DEBUG Menu                 - fireExitToMainMenu()
20:41:33.919 [JavaFX Application Thread] DEBUG PrimaryStageWindow   - Push state: DialogSubScene
20:41:33.919 [JavaFX Application Thread] DEBUG Input                - Clearing active input actions
20:41:33.920 [JavaFX Application Thread] DEBUG GameApplicationServi - Removing overlay from InGameMenuScene and adding to DialogSubScene
20:41:33.920 [JavaFX Application Thread] DEBUG PrimaryStageWindow   - InGameMenuScene -> DialogSubScene
20:41:34.457 [JavaFX Application Thread] DEBUG PrimaryStageWindow   - Pop state: DialogSubScene
20:41:34.457 [JavaFX Application Thread] DEBUG Input                - Clearing active input actions
20:41:34.457 [JavaFX Application Thread] DEBUG GameApplicationServi - Removing overlay from DialogSubScene and adding to InGameMenuScene
20:41:34.457 [JavaFX Application Thread] DEBUG PrimaryStageWindow   - InGameMenuScene <- DialogSubScene
20:41:34.457 [JavaFX Application Thread] DEBUG PrimaryStageWindow   - Pop state: InGameMenuScene
20:41:34.457 [JavaFX Application Thread] DEBUG Input                - Clearing active input actions
20:41:34.457 [JavaFX Application Thread] DEBUG GameApplicationServi - Removing overlay from InGameMenuScene and adding to GameScene
20:41:34.457 [JavaFX Application Thread] DEBUG PrimaryStageWindow   - GameScene <- InGameMenuScene
20:41:34.457 [JavaFX Application Thread] DEBUG Input                - Clearing active input actions
20:41:34.458 [JavaFX Application Thread] DEBUG GameApplicationServi - Removing overlay from GameScene and adding to FXGLMainMenuDummyScene
20:41:34.458 [JavaFX Application Thread] DEBUG PrimaryStageWindow   - GameScene -> FXGLMainMenuDummyScene
20:41:34.458 [JavaFX Application Thread] DEBUG PrimaryStageWindow   - Push state: MainMenuScene
20:41:34.458 [JavaFX Application Thread] DEBUG Input                - Clearing active input actions
20:41:34.458 [JavaFX Application Thread] DEBUG GameApplicationServi - Removing overlay from FXGLMainMenuDummyScene and adding to MainMenuScene
20:41:34.458 [JavaFX Application Thread] DEBUG PrimaryStageWindow   - FXGLMainMenuDummyScene -> MainMenuScene
20:41:34.458 [JavaFX Application Thread] DEBUG AudioPlayer          - Playing music com.almasb.fxgl.audio.Music@39ab3b20
20:41:34.793 [JavaFX Application Thread] DEBUG AudioPlayer          - Playing music com.almasb.fxgl.audio.Music@39ab3b20
20:41:35.262 [JavaFX Application Thread] DEBUG PrimaryStageWindow   - Push state: DialogSubScene
20:41:35.262 [JavaFX Application Thread] DEBUG Input                - Clearing active input actions
20:41:35.262 [JavaFX Application Thread] DEBUG GameApplicationServi - Removing overlay from MainMenuScene and adding to DialogSubScene
20:41:35.263 [JavaFX Application Thread] DEBUG PrimaryStageWindow   - MainMenuScene -> DialogSubScene
20:41:36.033 [JavaFX Application Thread] DEBUG PrimaryStageWindow   - Pop state: DialogSubScene
20:41:36.033 [JavaFX Application Thread] DEBUG Input                - Clearing active input actions
20:41:36.033 [JavaFX Application Thread] DEBUG GameApplicationServi - Removing overlay from DialogSubScene and adding to MainMenuScene
20:41:36.033 [JavaFX Application Thread] DEBUG PrimaryStageWindow   - MainMenuScene <- DialogSubScene
20:41:36.034 [JavaFX Application Thread] DEBUG GameApplicationServi - Starting new game
20:41:36.034 [JavaFX Application Thread] DEBUG PrimaryStageWindow   - Pop state: MainMenuScene
20:41:36.034 [JavaFX Application Thread] DEBUG Input                - Clearing active input actions
20:41:36.034 [JavaFX Application Thread] DEBUG GameApplicationServi - Removing overlay from MainMenuScene and adding to FXGLMainMenuDummyScene
20:41:36.034 [JavaFX Application Thread] DEBUG PrimaryStageWindow   - FXGLMainMenuDummyScene <- MainMenuScene
20:41:36.034 [JavaFX Application Thread] DEBUG Input                - Clearing active input actions
20:41:36.037 [JavaFX Application Thread] DEBUG GameApplicationServi - Removing overlay from FXGLMainMenuDummyScene and adding to FXGLLoadingScene
20:41:36.037 [JavaFX Application Thread] DEBUG PrimaryStageWindow   - FXGLMainMenuDummyScene -> FXGLLoadingScene
20:41:36.037 [JavaFX Application Thread] DEBUG GameApplicationServi - Clearing previous game
20:41:36.037 [JavaFX Application Thread] DEBUG GameScene            - Clearing game scene
20:41:36.037 [JavaFX Application Thread] DEBUG GameWorld            - Clearing game world
20:41:36.037 [JavaFX Application Thread] DEBUG PhysicsWorld         - Clearing physics world
20:41:36.037 [FXGL Background Thread 2 ] DEBUG FXGLApplication      - Initializing game
20:41:36.042 [FXGL Background Thread 2 ] INFO  FXGLApplication      - Game initialization took: 0.004 sec
20:41:36.048 [JavaFX Application Thread] DEBUG Input                - Clearing active input actions
20:41:36.049 [JavaFX Application Thread] DEBUG GameApplicationServi - Removing overlay from FXGLLoadingScene and adding to GameScene
20:41:36.049 [JavaFX Application Thread] DEBUG PrimaryStageWindow   - FXGLLoadingScene -> GameScene
20:41:36.912 [JavaFX Application Thread] DEBUG AudioPlayer          - Playing music com.almasb.fxgl.audio.Music@39ab3b20
20:41:36.930 [JavaFX Application Thread] DEBUG AudioPlayer          - Playing music com.almasb.fxgl.audio.Music@39ab3b20
20:41:36.975 [JavaFX Application Thread] DEBUG AudioPlayer          - Playing music com.almasb.fxgl.audio.Music@39ab3b20
20:41:37.706 [JavaFX Application Thread] DEBUG FXGLApplication      - Exiting FXGL
20:41:37.706 [JavaFX Application Thread] DEBUG LoopRunner           - Stopping loop
20:41:37.706 [JavaFX Application Thread] DEBUG SystemBundleService  - Saving FXGL system data
20:41:37.707 [JavaFX Application Thread] DEBUG FileSystemAccess     - Writing to: E:\G2\java\final_project\team_project_1124\javaA-xiangqi-project-main\system\fxgl.bundle
20:41:37.707 [JavaFX Application Thread] DEBUG Async                - Shutting down background threads
20:41:37.707 [JavaFX Application Thread] DEBUG PrimaryStageWindow   - Closing main window
20:41:37.724 [JavaFX Application Thread] DEBUG Logger               - Closing Logger
