14:31:30.193 [main                     ] DEBUG Logger               - Configured Logger
14:31:30.210 [main                     ] DEBUG GameApplication      - Logging settings
Title: 中国象棋 1.0
Version: 1.0
Width: 1316
Height: 1007
Fullscreen: false
Intro: false
Profiling: false
Single step:false
App Mode: DEVELOPER
Menu Key: ESCAPE
Stage Style: DECORATED
Scene Factory: class edu.sustech.xiangqi.XiangQiApp$1

14:31:30.568 [JavaFX Application Thread] DEBUG FXGLApplication      - Initializing FXGL
14:31:30.570 [JavaFX Application Thread] INFO  Engine               - FXGL-21.1 (27.03.2024 07.52) on WINDOWS (J:23.0.1 FX:21.0.1)
14:31:30.570 [JavaFX Application Thread] DEBUG Engine               - JRE Vendor Name: Oracle Corporation
14:31:30.570 [JavaFX Application Thread] DEBUG Engine               - Running on OS: Windows 11 version 10.0
14:31:30.570 [JavaFX Application Thread] DEBUG Engine               - Architecture: amd64
14:31:30.570 [JavaFX Application Thread] INFO  Engine               - Source code and latest versions at: https://github.com/AlmasB/FXGL
14:31:30.570 [JavaFX Application Thread] INFO  Engine               -       Ask questions and discuss at: https://github.com/AlmasB/FXGL/discussions
14:31:30.570 [JavaFX Application Thread] INFO  Engine               -              Join the FXGL chat at: https://gitter.im/AlmasB/FXGL
14:31:30.624 [JavaFX Application Thread] DEBUG PrimaryStageWindow   - Creating a JavaFX scene
14:31:30.649 [JavaFX Application Thread] DEBUG PrimaryStageWindow   - Target settings size: 1316.0 x 1007.0
14:31:30.649 [JavaFX Application Thread] DEBUG PrimaryStageWindow   - Scaled scene size:    1316.0 x 1007.0
14:31:30.649 [JavaFX Application Thread] DEBUG PrimaryStageWindow   - Scaled ratio: (1.0, 1.0)
14:31:30.649 [JavaFX Application Thread] DEBUG PrimaryStageWindow   - Set initial scene to FXGLStartupScene
14:31:30.651 [JavaFX Application Thread] DEBUG PrimaryStageWindow   - Opening main window
14:31:30.736 [JavaFX Application Thread] DEBUG PrimaryStageWindow   - Window border size: (14.6666259765625, 37.6666259765625)
14:31:30.736 [JavaFX Application Thread] DEBUG PrimaryStageWindow   - Scaled size: 1316.0 x 1007.0
14:31:30.737 [JavaFX Application Thread] DEBUG PrimaryStageWindow   - Scaled ratio: (1.0, 1.0)
14:31:30.737 [JavaFX Application Thread] DEBUG PrimaryStageWindow   - Scene size: 1316.0 x 1007.0
14:31:30.737 [JavaFX Application Thread] DEBUG PrimaryStageWindow   - Stage size: 1330.6666259765625 x 1044.6666259765625
14:31:30.741 [FXGL Background Thread 1 ] DEBUG Engine               - Initializing environment variables
14:31:30.772 [FXGL Background Thread 1 ] DEBUG FXGLAssetLoaderServi - User app class for loading assets: class edu.sustech.xiangqi.XiangQiApp
14:31:30.772 [FXGL Background Thread 1 ] DEBUG GameApplicationServi - Applying CSS: fxgl_dark.css
14:31:30.772 [FXGL Background Thread 1 ] DEBUG FXGLAssetLoaderServi - Loading from file system: jar:file:/C:/Users/20140/.m2/repository/com/github/almasb/fxgl/21.1/fxgl-21.1.jar!/fxglassets/ui/css/fxgl_dark.css
14:31:30.795 [FXGL Background Thread 1 ] DEBUG GameApplicationServi - Initializing application scenes
14:31:30.866 [FXGL Background Thread 1 ] DEBUG GameWorld            - Game world initialized
14:31:30.894 [FXGL Background Thread 1 ] DEBUG PhysicsWorld         - Physics world initialized: appHeight=1007, physics.ppm=50.0
14:31:30.895 [FXGL Background Thread 1 ] DEBUG PhysicsWorld         - Using strategy: BRUTE_FORCE
14:31:30.897 [FXGL Background Thread 1 ] DEBUG GameScene            - Game scene initialized: 1316x1007
14:31:30.902 [FXGL Background Thread 1 ] DEBUG FXGLAssetLoaderServi - Loading from file system: file:/D:/Github/javaA-xiangqi-project-main-yxh-1125/target/classes/assets/ui/fonts/HYPixel11pxU-2.ttf
14:31:30.925 [FXGL Background Thread 1 ] DEBUG FXGLAssetLoaderServi - Loading from file system: file:/D:/Github/javaA-xiangqi-project-main-yxh-1125/target/classes/assets/textures/Button1.png
14:31:30.938 [FXGL Background Thread 1 ] DEBUG FXGLAssetLoaderServi - Loading from file system: file:/D:/Github/javaA-xiangqi-project-main-yxh-1125/target/classes/assets/textures/Press.png
14:31:30.955 [FXGL Background Thread 1 ] DEBUG GameApplicationServi - Application scenes initialized
14:31:30.961 [FXGL Background Thread 1 ] DEBUG SystemBundleService  - Loading FXGL system data
14:31:30.962 [FXGL Background Thread 1 ] DEBUG FileSystemAccess     - Reading from: D:\Github\javaA-xiangqi-project-main-yxh-1125\system\fxgl.bundle
14:31:30.963 [FXGL Background Thread 1 ] DEBUG SystemBundleService  - Bundle FXGL: {}
14:31:30.963 [FXGL Background Thread 1 ] DEBUG UpdaterService       - Checking for updates
14:31:30.967 [FXGL Background Thread 4 ] DEBUG FXGLApplication      - Loading fonts
14:31:30.968 [FXGL Background Thread 4 ] DEBUG FXGLAssetLoaderServi - Loading from file system: jar:file:/C:/Users/20140/.m2/repository/com/github/almasb/fxgl/21.1/fxgl-21.1.jar!/fxglassets/ui/fonts/VarelaRound-Regular.ttf
14:31:30.968 [FXGL Background Thread 1 ] DEBUG FXGLApplication      - Loading default localization
14:31:30.968 [FXGL Background Thread 1 ] DEBUG FXGLAssetLoaderServi - Loading from file system: jar:file:/C:/Users/20140/.m2/repository/com/github/almasb/fxgl/21.1/fxgl-21.1.jar!/fxglassets/languages/english.lang
14:31:30.979 [FXGL Background Thread 4 ] DEBUG FXGLAssetLoaderServi - Loading from file system: jar:file:/C:/Users/20140/.m2/repository/com/github/almasb/fxgl/21.1/fxgl-21.1.jar!/fxglassets/ui/fonts/Abel-Regular.ttf
14:31:30.988 [FXGL Background Thread 4 ] DEBUG FXGLAssetLoaderServi - Loading from file system: jar:file:/C:/Users/20140/.m2/repository/com/github/almasb/fxgl/21.1/fxgl-21.1.jar!/fxglassets/ui/fonts/TerminalLandMono-Regular.otf
14:31:30.996 [FXGL Background Thread 4 ] DEBUG FXGLAssetLoaderServi - Loading from file system: jar:file:/C:/Users/20140/.m2/repository/com/github/almasb/fxgl/21.1/fxgl-21.1.jar!/fxglassets/ui/fonts/Courier-Prime.ttf
14:31:30.997 [FXGL Background Thread 1 ] INFO  FXGLApplication      - FXGL initialization took: 0.257 sec
14:31:31.003 [JavaFX Application Thread] DEBUG Input                - Registered new binding: Click - LMB
14:31:31.004 [JavaFX Application Thread] DEBUG FXGLAssetLoaderServi - Loading from file system: jar:file:/C:/Users/20140/.m2/repository/com/github/almasb/fxgl/21.1/fxgl-21.1.jar!/fxglassets/textures/fxgl_icon.png
14:31:31.022 [JavaFX Application Thread] DEBUG FXGLAssetLoaderServi - Loading from file system: jar:file:/C:/Users/20140/.m2/repository/com/github/almasb/fxgl/21.1/fxgl-21.1.jar!/fxglassets/textures/fxgl_default_cursor.png
14:31:31.030 [JavaFX Application Thread] DEBUG Input                - Registered new binding: Screenshot - CTRL+8
14:31:31.031 [JavaFX Application Thread] DEBUG Input                - Registered new binding: System info dump - CTRL+9
14:31:31.031 [JavaFX Application Thread] DEBUG Input                - Registered new binding: Restart - CTRL+R
14:31:31.032 [JavaFX Application Thread] DEBUG Input                - Registered new binding: Toggle Debug Camera - CTRL+7
14:31:31.036 [JavaFX Application Thread] DEBUG LoopRunner           - Starting loop
14:31:31.036 [JavaFX Application Thread] DEBUG LoopRunner           - Initializing JavaFX AnimationTimerLoop
14:31:31.039 [JavaFX Application Thread] DEBUG Input                - Clearing active input actions
14:31:31.044 [JavaFX Application Thread] DEBUG GameApplicationServi - Removing overlay from FXGLStartupScene and adding to FXGLMainMenuDummyScene
14:31:31.044 [JavaFX Application Thread] DEBUG PrimaryStageWindow   - FXGLStartupScene -> FXGLMainMenuDummyScene
14:31:31.044 [JavaFX Application Thread] DEBUG PrimaryStageWindow   - Push state: MainMenuScene
14:31:31.046 [JavaFX Application Thread] DEBUG Input                - Clearing active input actions
14:31:31.051 [JavaFX Application Thread] DEBUG GameApplicationServi - Removing overlay from FXGLMainMenuDummyScene and adding to MainMenuScene
14:31:31.051 [JavaFX Application Thread] DEBUG PrimaryStageWindow   - FXGLMainMenuDummyScene -> MainMenuScene
14:31:31.079 [JavaFX Application Thread] DEBUG FXGLApplication      - Registering font factories with UI factory
14:31:31.229 [JavaFX Application Thread] DEBUG FXGLAssetLoaderServi - Loading from file system: file:/D:/Github/javaA-xiangqi-project-main-yxh-1125/target/classes/assets/music/%e6%8c%89%e9%92%ae%e9%9f%b3%e6%95%881.mp3
14:31:31.315 [JavaFX Application Thread] DEBUG AudioPlayer          - Playing music com.almasb.fxgl.audio.Music@4f330540
14:31:32.500 [JavaFX Application Thread] DEBUG AudioPlayer          - Playing music com.almasb.fxgl.audio.Music@4f330540
14:31:33.859 [JavaFX Application Thread] DEBUG AudioPlayer          - Playing music com.almasb.fxgl.audio.Music@4f330540
14:31:33.967 [FXGL Background Thread 3 ] DEBUG Engine               - Logging environment variables
14:31:33.967 [FXGL Background Thread 3 ] DEBUG Engine               - achievements: []
14:31:33.967 [FXGL Background Thread 3 ] DEBUG Engine               - actualHeight: 1007.0
14:31:33.967 [FXGL Background Thread 3 ] DEBUG Engine               - actualHeightProperty: ReadOnlyDoubleProperty [value: 1007.0]
14:31:33.967 [FXGL Background Thread 3 ] DEBUG Engine               - actualWidth: 1316.0
14:31:33.967 [FXGL Background Thread 3 ] DEBUG Engine               - actualWidthProperty: ReadOnlyDoubleProperty [value: 1316.0]
14:31:33.967 [FXGL Background Thread 3 ] DEBUG Engine               - appIcon: fxgl_icon.png
14:31:33.967 [FXGL Background Thread 3 ] DEBUG Engine               - applicationMode: DEVELOPER
14:31:33.967 [FXGL Background Thread 3 ] DEBUG Engine               - cSSList: [fxgl_dark.css]
14:31:33.967 [FXGL Background Thread 3 ] DEBUG Engine               - collisionDetectionStrategy: BRUTE_FORCE
14:31:33.968 [FXGL Background Thread 3 ] DEBUG Engine               - configClass: Optional.empty
14:31:33.968 [FXGL Background Thread 3 ] DEBUG Engine               - credits: []
14:31:33.969 [FXGL Background Thread 3 ] DEBUG Engine               - defaultCursor: CursorInfo(imageName=fxgl_default_cursor.png, hotspotX=7.0, hotspotY=6.0)
14:31:33.969 [FXGL Background Thread 3 ] DEBUG Engine               - devBBoxColorProperty: ObjectProperty [value: 0xff0000ff]
14:31:33.969 [FXGL Background Thread 3 ] DEBUG Engine               - devEnableDebugCameraProperty: BooleanProperty [value: false]
14:31:33.969 [FXGL Background Thread 3 ] DEBUG Engine               - devSensorColorProperty: ObjectProperty [value: 0xffff00ff]
14:31:33.969 [FXGL Background Thread 3 ] DEBUG Engine               - devShowBBoxProperty: BooleanProperty [value: false]
14:31:33.969 [FXGL Background Thread 3 ] DEBUG Engine               - devShowPositionProperty: BooleanProperty [value: false]
14:31:33.969 [FXGL Background Thread 3 ] DEBUG Engine               - enabledMenuItems: []
14:31:33.969 [FXGL Background Thread 3 ] DEBUG Engine               - engineServices: [class com.almasb.fxgl.app.services.FXGLAssetLoaderService, class com.almasb.fxgl.app.FXGLApplication$GameApplicationService, class com.almasb.fxgl.app.services.FXGLDialogService, class com.almasb.fxgl.app.services.IOTaskExecutorService, class com.almasb.fxgl.io.FileSystemService, class com.almasb.fxgl.localization.LocalizationService, class com.almasb.fxgl.app.services.SystemBundleService, class com.almasb.fxgl.profile.SaveLoadService, class com.almasb.fxgl.ui.FXGLUIFactoryServiceProvider, class com.almasb.fxgl.ui.FXGLDialogFactoryServiceProvider, class com.almasb.fxgl.audio.AudioPlayer, class com.almasb.fxgl.notification.impl.NotificationServiceProvider, class com.almasb.fxgl.achievement.AchievementService, class com.almasb.fxgl.cutscene.CutsceneService, class com.almasb.fxgl.minigames.MiniGameService, class com.almasb.fxgl.net.NetService, class com.almasb.fxgl.app.services.UpdaterService, class com.almasb.fxgl.dev.DevService]
14:31:33.969 [FXGL Background Thread 3 ] DEBUG Engine               - fontGame: Abel-Regular.ttf
14:31:33.969 [FXGL Background Thread 3 ] DEBUG Engine               - fontMono: TerminalLandMono-Regular.otf
14:31:33.969 [FXGL Background Thread 3 ] DEBUG Engine               - fontSizeScaleUI: 1.0
14:31:33.969 [FXGL Background Thread 3 ] DEBUG Engine               - fontText: Courier-Prime.ttf
14:31:33.969 [FXGL Background Thread 3 ] DEBUG Engine               - fontUI: VarelaRound-Regular.ttf
14:31:33.969 [FXGL Background Thread 3 ] DEBUG Engine               - fullScreen: BooleanProperty [value: false]
14:31:33.969 [FXGL Background Thread 3 ] DEBUG Engine               - gameDifficulty: MEDIUM
14:31:33.969 [FXGL Background Thread 3 ] DEBUG Engine               - gameDifficultyProperty: ObjectProperty [value: MEDIUM]
14:31:33.969 [FXGL Background Thread 3 ] DEBUG Engine               - globalMusicVolume: 0.5
14:31:33.969 [FXGL Background Thread 3 ] DEBUG Engine               - globalMusicVolumeProperty: DoubleProperty [value: 0.5]
14:31:33.969 [FXGL Background Thread 3 ] DEBUG Engine               - globalSoundVolume: 0.5
14:31:33.969 [FXGL Background Thread 3 ] DEBUG Engine               - globalSoundVolumeProperty: DoubleProperty [value: 0.5]
14:31:33.969 [FXGL Background Thread 3 ] DEBUG Engine               - height: 1007
14:31:33.969 [FXGL Background Thread 3 ] DEBUG Engine               - is3D: false
14:31:33.969 [FXGL Background Thread 3 ] DEBUG Engine               - isAndroid: false
14:31:33.969 [FXGL Background Thread 3 ] DEBUG Engine               - isBrowser: false
14:31:33.969 [FXGL Background Thread 3 ] DEBUG Engine               - isClickFeedbackEnabled: false
14:31:33.969 [FXGL Background Thread 3 ] DEBUG Engine               - isCloseConfirmation: false
14:31:33.969 [FXGL Background Thread 3 ] DEBUG Engine               - isDesktop: true
14:31:33.969 [FXGL Background Thread 3 ] DEBUG Engine               - isDeveloperMenuEnabled: false
14:31:33.969 [FXGL Background Thread 3 ] DEBUG Engine               - isEmbedded: false
14:31:33.969 [FXGL Background Thread 3 ] DEBUG Engine               - isEntityPreloadEnabled: true
14:31:33.969 [FXGL Background Thread 3 ] DEBUG Engine               - isExperimentalTiledLargeMap: false
14:31:33.969 [FXGL Background Thread 3 ] DEBUG Engine               - isFileSystemWriteAllowed: true
14:31:33.969 [FXGL Background Thread 3 ] DEBUG Engine               - isFullScreenAllowed: false
14:31:33.969 [FXGL Background Thread 3 ] DEBUG Engine               - isFullScreenFromStart: false
14:31:33.970 [FXGL Background Thread 3 ] DEBUG Engine               - isGameMenuEnabled: true
14:31:33.970 [FXGL Background Thread 3 ] DEBUG Engine               - isIOS: false
14:31:33.970 [FXGL Background Thread 3 ] DEBUG Engine               - isIntroEnabled: false
14:31:33.970 [FXGL Background Thread 3 ] DEBUG Engine               - isLinux: false
14:31:33.970 [FXGL Background Thread 3 ] DEBUG Engine               - isMac: false
14:31:33.970 [FXGL Background Thread 3 ] DEBUG Engine               - isMainMenuEnabled: true
14:31:33.970 [FXGL Background Thread 3 ] DEBUG Engine               - isManualResizeEnabled: false
14:31:33.970 [FXGL Background Thread 3 ] DEBUG Engine               - isMobile: false
14:31:33.970 [FXGL Background Thread 3 ] DEBUG Engine               - isNative: false
14:31:33.970 [FXGL Background Thread 3 ] DEBUG Engine               - isPauseMusicWhenMinimized: true
14:31:33.970 [FXGL Background Thread 3 ] DEBUG Engine               - isPreserveResizeRatio: false
14:31:33.970 [FXGL Background Thread 3 ] DEBUG Engine               - isProfilingEnabled: false
14:31:33.970 [FXGL Background Thread 3 ] DEBUG Engine               - isScaleAffectedOnResize: true
14:31:33.970 [FXGL Background Thread 3 ] DEBUG Engine               - isSingleStep: false
14:31:33.970 [FXGL Background Thread 3 ] DEBUG Engine               - isUserProfileEnabled: false
14:31:33.970 [FXGL Background Thread 3 ] DEBUG Engine               - isWindows: true
14:31:33.970 [FXGL Background Thread 3 ] DEBUG Engine               - language: ObjectProperty [value: ENGLISH]
14:31:33.970 [FXGL Background Thread 3 ] DEBUG Engine               - menuKey: ESCAPE
14:31:33.970 [FXGL Background Thread 3 ] DEBUG Engine               - mouseSensitivity: 0.2
14:31:33.970 [FXGL Background Thread 3 ] DEBUG Engine               - notificationViewClass: class com.almasb.fxgl.notification.view.XboxNotificationView
14:31:33.970 [FXGL Background Thread 3 ] DEBUG Engine               - pixelsPerMeter: 50.0
14:31:33.970 [FXGL Background Thread 3 ] DEBUG Engine               - platform: WINDOWS
14:31:33.970 [FXGL Background Thread 3 ] DEBUG Engine               - prefHeightProperty: ReadOnlyDoubleProperty [value: 1007.0]
14:31:33.970 [FXGL Background Thread 3 ] DEBUG Engine               - prefWidthProperty: ReadOnlyDoubleProperty [value: 1316.0]
14:31:33.970 [FXGL Background Thread 3 ] DEBUG Engine               - profileDir: profiles/
14:31:33.970 [FXGL Background Thread 3 ] DEBUG Engine               - profileName: StringProperty [value: DEFAULT]
14:31:33.970 [FXGL Background Thread 3 ] DEBUG Engine               - randomSeed: -1
14:31:33.970 [FXGL Background Thread 3 ] DEBUG Engine               - runtimeInfo: RuntimeInfo(platform=WINDOWS, version=21.1, build=27.03.2024 07.52)
14:31:33.970 [FXGL Background Thread 3 ] DEBUG Engine               - saveFileExt: sav
14:31:33.970 [FXGL Background Thread 3 ] DEBUG Engine               - scaledHeightProp$fxgl: DoubleProperty [bound, value: 1007.0]
14:31:33.970 [FXGL Background Thread 3 ] DEBUG Engine               - scaledWidthProp$fxgl: DoubleProperty [bound, value: 1316.0]
14:31:33.970 [FXGL Background Thread 3 ] DEBUG Engine               - sceneFactory: edu.sustech.xiangqi.XiangQiApp$1@1cc5665c
14:31:33.970 [FXGL Background Thread 3 ] DEBUG Engine               - secondsIn24h: 60
14:31:33.970 [FXGL Background Thread 3 ] DEBUG Engine               - soundMenuBack: menu/back.wav
14:31:33.970 [FXGL Background Thread 3 ] DEBUG Engine               - soundMenuPress: menu/press.wav
14:31:33.970 [FXGL Background Thread 3 ] DEBUG Engine               - soundMenuSelect: menu/select.wav
14:31:33.970 [FXGL Background Thread 3 ] DEBUG Engine               - soundNotification: core/notification.wav
14:31:33.970 [FXGL Background Thread 3 ] DEBUG Engine               - stageStyle: DECORATED
14:31:33.970 [FXGL Background Thread 3 ] DEBUG Engine               - supportedLanguages: [ENGLISH, FRENCH, GERMAN, HUNGARIAN, RUSSIAN]
14:31:33.970 [FXGL Background Thread 3 ] DEBUG Engine               - ticksPerSecond: -1
14:31:33.970 [FXGL Background Thread 3 ] DEBUG Engine               - title: 中国象棋 1.0
14:31:33.970 [FXGL Background Thread 3 ] DEBUG Engine               - urlGithub: https://github.com/AlmasB/FXGL
14:31:33.970 [FXGL Background Thread 3 ] DEBUG Engine               - urlLeaderboard: http://fxgl-top.herokuapp.com/
14:31:33.970 [FXGL Background Thread 3 ] DEBUG Engine               - urlPOM: https://raw.githubusercontent.com/AlmasB/FXGL/release/README.md
14:31:33.970 [FXGL Background Thread 3 ] DEBUG Engine               - userAppClass: class edu.sustech.xiangqi.XiangQiApp
14:31:33.971 [FXGL Background Thread 3 ] DEBUG Engine               - version: 1.0
14:31:33.971 [FXGL Background Thread 3 ] DEBUG Engine               - versionCheckDays: 7
14:31:33.971 [FXGL Background Thread 3 ] DEBUG Engine               - width: 1316
14:31:33.971 [FXGL Background Thread 3 ] DEBUG Engine               - Logging services
14:31:33.971 [FXGL Background Thread 3 ] DEBUG Engine               - class com.almasb.fxgl.app.services.FXGLAssetLoaderService
14:31:33.971 [FXGL Background Thread 3 ] DEBUG Engine               - class com.almasb.fxgl.app.FXGLApplication$GameApplicationService
14:31:33.971 [FXGL Background Thread 3 ] DEBUG Engine               - class com.almasb.fxgl.app.services.FXGLDialogService
14:31:33.971 [FXGL Background Thread 3 ] DEBUG Engine               - class com.almasb.fxgl.app.services.IOTaskExecutorService
14:31:33.971 [FXGL Background Thread 3 ] DEBUG Engine               - class com.almasb.fxgl.io.FileSystemService
14:31:33.971 [FXGL Background Thread 3 ] DEBUG Engine               - class com.almasb.fxgl.localization.LocalizationService
14:31:33.971 [FXGL Background Thread 3 ] DEBUG Engine               - class com.almasb.fxgl.app.services.SystemBundleService
14:31:33.971 [FXGL Background Thread 3 ] DEBUG Engine               - class com.almasb.fxgl.profile.SaveLoadService
14:31:33.971 [FXGL Background Thread 3 ] DEBUG Engine               - class com.almasb.fxgl.ui.FXGLUIFactoryServiceProvider
14:31:33.971 [FXGL Background Thread 3 ] DEBUG Engine               - class com.almasb.fxgl.ui.FXGLDialogFactoryServiceProvider
14:31:33.971 [FXGL Background Thread 3 ] DEBUG Engine               - class com.almasb.fxgl.audio.AudioPlayer
14:31:33.971 [FXGL Background Thread 3 ] DEBUG Engine               - class com.almasb.fxgl.notification.impl.NotificationServiceProvider
14:31:33.971 [FXGL Background Thread 3 ] DEBUG Engine               - class com.almasb.fxgl.achievement.AchievementService
14:31:33.971 [FXGL Background Thread 3 ] DEBUG Engine               - class com.almasb.fxgl.cutscene.CutsceneService
14:31:33.971 [FXGL Background Thread 3 ] DEBUG Engine               - class com.almasb.fxgl.minigames.MiniGameService
14:31:33.971 [FXGL Background Thread 3 ] DEBUG Engine               - class com.almasb.fxgl.net.NetService
14:31:33.971 [FXGL Background Thread 3 ] DEBUG Engine               - class com.almasb.fxgl.app.services.UpdaterService
14:31:33.971 [FXGL Background Thread 3 ] DEBUG Engine               - class com.almasb.fxgl.dev.DevService
14:31:38.991 [JavaFX Application Thread] DEBUG AudioPlayer          - Playing music com.almasb.fxgl.audio.Music@4f330540
14:31:39.829 [JavaFX Application Thread] DEBUG AudioPlayer          - Playing music com.almasb.fxgl.audio.Music@4f330540
14:31:40.233 [JavaFX Application Thread] DEBUG AudioPlayer          - Playing music com.almasb.fxgl.audio.Music@4f330540
14:31:40.366 [JavaFX Application Thread] DEBUG AudioPlayer          - Playing music com.almasb.fxgl.audio.Music@4f330540
14:31:40.392 [JavaFX Application Thread] DEBUG AudioPlayer          - Playing music com.almasb.fxgl.audio.Music@4f330540
14:31:40.720 [JavaFX Application Thread] DEBUG Menu                 - fireNewGame()
14:31:40.720 [JavaFX Application Thread] DEBUG GameApplicationServi - Starting new game
14:31:40.720 [JavaFX Application Thread] DEBUG PrimaryStageWindow   - Pop state: MainMenuScene
14:31:40.720 [JavaFX Application Thread] DEBUG Input                - Clearing active input actions
14:31:40.721 [JavaFX Application Thread] DEBUG GameApplicationServi - Removing overlay from MainMenuScene and adding to FXGLMainMenuDummyScene
14:31:40.721 [JavaFX Application Thread] DEBUG PrimaryStageWindow   - FXGLMainMenuDummyScene <- MainMenuScene
14:31:40.721 [JavaFX Application Thread] DEBUG Input                - Clearing active input actions
14:31:40.724 [JavaFX Application Thread] DEBUG GameApplicationServi - Removing overlay from FXGLMainMenuDummyScene and adding to FXGLLoadingScene
14:31:40.724 [JavaFX Application Thread] DEBUG PrimaryStageWindow   - FXGLMainMenuDummyScene -> FXGLLoadingScene
14:31:40.724 [JavaFX Application Thread] DEBUG GameApplicationServi - Clearing previous game
14:31:40.724 [JavaFX Application Thread] DEBUG GameScene            - Clearing game scene
14:31:40.724 [JavaFX Application Thread] DEBUG GameWorld            - Clearing game world
14:31:40.724 [JavaFX Application Thread] DEBUG PhysicsWorld         - Clearing physics world
14:31:40.725 [FXGL Background Thread 2 ] DEBUG FXGLApplication      - Initializing game
14:31:40.733 [FXGL Background Thread 2 ] DEBUG FXGLAssetLoaderServi - Loading from file system: file:/D:/Github/javaA-xiangqi-project-main-yxh-1125/target/classes/assets/textures/%e8%83%8c%e6%99%af.jpg
14:31:40.792 [FXGL Background Thread 2 ] DEBUG FXGLAssetLoaderServi - Loading from file system: file:/D:/Github/javaA-xiangqi-project-main-yxh-1125/target/classes/assets/textures/ChessBoard.png
14:31:40.806 [FXGL Background Thread 2 ] DEBUG FXGLAssetLoaderServi - Loading from file system: file:/D:/Github/javaA-xiangqi-project-main-yxh-1125/target/classes/assets/textures/BlackChariot.png
14:31:40.819 [FXGL Background Thread 2 ] DEBUG FXGLAssetLoaderServi - Loading from file system: file:/D:/Github/javaA-xiangqi-project-main-yxh-1125/target/classes/assets/textures/BlackHorse.png
14:31:40.820 [FXGL Background Thread 2 ] DEBUG FXGLAssetLoaderServi - Loading from file system: file:/D:/Github/javaA-xiangqi-project-main-yxh-1125/target/classes/assets/textures/BlackElephant.png
14:31:40.821 [FXGL Background Thread 2 ] DEBUG FXGLAssetLoaderServi - Loading from file system: file:/D:/Github/javaA-xiangqi-project-main-yxh-1125/target/classes/assets/textures/BlackAdvisor.png
14:31:40.822 [FXGL Background Thread 2 ] DEBUG FXGLAssetLoaderServi - Loading from file system: file:/D:/Github/javaA-xiangqi-project-main-yxh-1125/target/classes/assets/textures/BlackGeneral.png
14:31:40.823 [FXGL Background Thread 2 ] DEBUG FXGLAssetLoaderServi - Loading from file system: file:/D:/Github/javaA-xiangqi-project-main-yxh-1125/target/classes/assets/textures/BlackCannon.png
14:31:40.824 [FXGL Background Thread 2 ] DEBUG FXGLAssetLoaderServi - Loading from file system: file:/D:/Github/javaA-xiangqi-project-main-yxh-1125/target/classes/assets/textures/BlackSoldier.png
14:31:40.826 [FXGL Background Thread 2 ] DEBUG FXGLAssetLoaderServi - Loading from file system: file:/D:/Github/javaA-xiangqi-project-main-yxh-1125/target/classes/assets/textures/RedSoldier.png
14:31:40.828 [FXGL Background Thread 2 ] DEBUG FXGLAssetLoaderServi - Loading from file system: file:/D:/Github/javaA-xiangqi-project-main-yxh-1125/target/classes/assets/textures/RedCannon.png
14:31:40.830 [FXGL Background Thread 2 ] DEBUG FXGLAssetLoaderServi - Loading from file system: file:/D:/Github/javaA-xiangqi-project-main-yxh-1125/target/classes/assets/textures/RedChariot.png
14:31:40.830 [FXGL Background Thread 2 ] DEBUG FXGLAssetLoaderServi - Loading from file system: file:/D:/Github/javaA-xiangqi-project-main-yxh-1125/target/classes/assets/textures/RedHorse.png
14:31:40.831 [FXGL Background Thread 2 ] DEBUG FXGLAssetLoaderServi - Loading from file system: file:/D:/Github/javaA-xiangqi-project-main-yxh-1125/target/classes/assets/textures/RedElephant.png
14:31:40.831 [FXGL Background Thread 2 ] DEBUG FXGLAssetLoaderServi - Loading from file system: file:/D:/Github/javaA-xiangqi-project-main-yxh-1125/target/classes/assets/textures/RedAdvisor.png
14:31:40.833 [FXGL Background Thread 2 ] DEBUG FXGLAssetLoaderServi - Loading from file system: file:/D:/Github/javaA-xiangqi-project-main-yxh-1125/target/classes/assets/textures/RedGeneral.png
14:31:40.848 [FXGL Background Thread 2 ] INFO  FXGLApplication      - Game initialization took: 0.122 sec
14:31:40.848 [JavaFX Application Thread] DEBUG Input                - Clearing active input actions
14:31:40.853 [JavaFX Application Thread] DEBUG GameApplicationServi - Removing overlay from FXGLLoadingScene and adding to GameScene
14:31:40.853 [JavaFX Application Thread] DEBUG PrimaryStageWindow   - FXGLLoadingScene -> GameScene
14:31:41.661 [JavaFX Application Thread] DEBUG AudioPlayer          - Playing music com.almasb.fxgl.audio.Music@4f330540
14:31:41.999 [JavaFX Application Thread] DEBUG PrimaryStageWindow   - Push state: DialogSubScene
14:31:41.999 [JavaFX Application Thread] DEBUG Input                - Clearing active input actions
14:31:42.000 [JavaFX Application Thread] DEBUG GameApplicationServi - Removing overlay from GameScene and adding to DialogSubScene
14:31:42.001 [JavaFX Application Thread] DEBUG PrimaryStageWindow   - GameScene -> DialogSubScene
14:31:42.653 [JavaFX Application Thread] DEBUG PrimaryStageWindow   - Pop state: DialogSubScene
14:31:42.653 [JavaFX Application Thread] DEBUG Input                - Clearing active input actions
14:31:42.654 [JavaFX Application Thread] DEBUG GameApplicationServi - Removing overlay from DialogSubScene and adding to GameScene
14:31:42.654 [JavaFX Application Thread] DEBUG PrimaryStageWindow   - GameScene <- DialogSubScene
14:31:42.654 [JavaFX Application Thread] DEBUG GameApplicationServi - Starting new game
14:31:42.654 [JavaFX Application Thread] DEBUG Input                - Clearing active input actions
14:31:42.658 [JavaFX Application Thread] DEBUG GameApplicationServi - Removing overlay from GameScene and adding to FXGLLoadingScene
14:31:42.658 [JavaFX Application Thread] DEBUG PrimaryStageWindow   - GameScene -> FXGLLoadingScene
14:31:42.658 [JavaFX Application Thread] DEBUG GameApplicationServi - Clearing previous game
14:31:42.658 [JavaFX Application Thread] DEBUG GameScene            - Clearing game scene
14:31:42.658 [JavaFX Application Thread] DEBUG GameWorld            - Clearing game world
14:31:42.662 [JavaFX Application Thread] DEBUG PhysicsWorld         - Clearing physics world
14:31:42.662 [FXGL Background Thread 2 ] DEBUG FXGLApplication      - Initializing game
14:31:42.671 [FXGL Background Thread 2 ] INFO  FXGLApplication      - Game initialization took: 0.009 sec
14:31:42.671 [JavaFX Application Thread] DEBUG Input                - Clearing active input actions
14:31:42.675 [JavaFX Application Thread] DEBUG GameApplicationServi - Removing overlay from FXGLLoadingScene and adding to GameScene
14:31:42.675 [JavaFX Application Thread] DEBUG PrimaryStageWindow   - FXGLLoadingScene -> GameScene
14:31:43.549 [JavaFX Application Thread] DEBUG FXGLAssetLoaderServi - Loading from file system: file:/D:/Github/javaA-xiangqi-project-main-yxh-1125/target/classes/assets/textures/%e9%80%89%e4%b8%ad.png
14:32:27.257 [JavaFX Application Thread] DEBUG AudioPlayer          - Playing music com.almasb.fxgl.audio.Music@4f330540
14:32:27.389 [JavaFX Application Thread] DEBUG AudioPlayer          - Playing music com.almasb.fxgl.audio.Music@4f330540
14:32:27.525 [JavaFX Application Thread] DEBUG AudioPlayer          - Playing music com.almasb.fxgl.audio.Music@4f330540
14:32:27.661 [JavaFX Application Thread] DEBUG AudioPlayer          - Playing music com.almasb.fxgl.audio.Music@4f330540
14:32:27.887 [JavaFX Application Thread] DEBUG AudioPlayer          - Playing music com.almasb.fxgl.audio.Music@4f330540
14:32:28.595 [JavaFX Application Thread] DEBUG AudioPlayer          - Playing music com.almasb.fxgl.audio.Music@4f330540
14:32:29.274 [JavaFX Application Thread] DEBUG PrimaryStageWindow   - Push state: DialogSubScene
14:32:29.274 [JavaFX Application Thread] DEBUG Input                - Clearing active input actions
14:32:29.275 [JavaFX Application Thread] DEBUG GameApplicationServi - Removing overlay from GameScene and adding to DialogSubScene
14:32:29.275 [JavaFX Application Thread] DEBUG PrimaryStageWindow   - GameScene -> DialogSubScene
14:32:30.171 [JavaFX Application Thread] DEBUG PrimaryStageWindow   - Pop state: DialogSubScene
14:32:30.171 [JavaFX Application Thread] DEBUG Input                - Clearing active input actions
14:32:30.171 [JavaFX Application Thread] DEBUG GameApplicationServi - Removing overlay from DialogSubScene and adding to GameScene
14:32:30.171 [JavaFX Application Thread] DEBUG PrimaryStageWindow   - GameScene <- DialogSubScene
14:32:30.355 [JavaFX Application Thread] DEBUG AudioPlayer          - Playing music com.almasb.fxgl.audio.Music@4f330540
14:32:30.635 [JavaFX Application Thread] DEBUG AudioPlayer          - Playing music com.almasb.fxgl.audio.Music@4f330540
14:32:30.692 [JavaFX Application Thread] DEBUG AudioPlayer          - Playing music com.almasb.fxgl.audio.Music@4f330540
14:32:30.868 [JavaFX Application Thread] DEBUG AudioPlayer          - Playing music com.almasb.fxgl.audio.Music@4f330540
14:32:30.919 [JavaFX Application Thread] DEBUG AudioPlayer          - Playing music com.almasb.fxgl.audio.Music@4f330540
14:32:31.190 [JavaFX Application Thread] DEBUG AudioPlayer          - Playing music com.almasb.fxgl.audio.Music@4f330540
14:32:31.446 [JavaFX Application Thread] DEBUG PrimaryStageWindow   - Push state: InGameMenuScene
14:32:31.446 [JavaFX Application Thread] DEBUG Input                - Clearing active input actions
14:32:31.446 [JavaFX Application Thread] DEBUG GameApplicationServi - Removing overlay from GameScene and adding to InGameMenuScene
14:32:31.446 [JavaFX Application Thread] DEBUG PrimaryStageWindow   - GameScene -> InGameMenuScene
14:32:31.696 [JavaFX Application Thread] DEBUG AudioPlayer          - Playing music com.almasb.fxgl.audio.Music@4f330540
14:32:31.715 [JavaFX Application Thread] DEBUG AudioPlayer          - Playing music com.almasb.fxgl.audio.Music@4f330540
14:32:32.097 [JavaFX Application Thread] DEBUG Menu                 - fireExitToMainMenu()
14:32:32.098 [JavaFX Application Thread] DEBUG PrimaryStageWindow   - Push state: DialogSubScene
14:32:32.098 [JavaFX Application Thread] DEBUG Input                - Clearing active input actions
14:32:32.098 [JavaFX Application Thread] DEBUG GameApplicationServi - Removing overlay from InGameMenuScene and adding to DialogSubScene
14:32:32.098 [JavaFX Application Thread] DEBUG PrimaryStageWindow   - InGameMenuScene -> DialogSubScene
14:32:32.672 [JavaFX Application Thread] DEBUG PrimaryStageWindow   - Pop state: DialogSubScene
14:32:32.672 [JavaFX Application Thread] DEBUG Input                - Clearing active input actions
14:32:32.672 [JavaFX Application Thread] DEBUG GameApplicationServi - Removing overlay from DialogSubScene and adding to InGameMenuScene
14:32:32.672 [JavaFX Application Thread] DEBUG PrimaryStageWindow   - InGameMenuScene <- DialogSubScene
14:32:32.672 [JavaFX Application Thread] DEBUG PrimaryStageWindow   - Pop state: InGameMenuScene
14:32:32.672 [JavaFX Application Thread] DEBUG Input                - Clearing active input actions
14:32:32.672 [JavaFX Application Thread] DEBUG GameApplicationServi - Removing overlay from InGameMenuScene and adding to GameScene
14:32:32.672 [JavaFX Application Thread] DEBUG PrimaryStageWindow   - GameScene <- InGameMenuScene
14:32:32.672 [JavaFX Application Thread] DEBUG Input                - Clearing active input actions
14:32:32.675 [JavaFX Application Thread] DEBUG GameApplicationServi - Removing overlay from GameScene and adding to FXGLMainMenuDummyScene
14:32:32.675 [JavaFX Application Thread] DEBUG PrimaryStageWindow   - GameScene -> FXGLMainMenuDummyScene
14:32:32.675 [JavaFX Application Thread] DEBUG PrimaryStageWindow   - Push state: MainMenuScene
14:32:32.675 [JavaFX Application Thread] DEBUG Input                - Clearing active input actions
14:32:32.675 [JavaFX Application Thread] DEBUG GameApplicationServi - Removing overlay from FXGLMainMenuDummyScene and adding to MainMenuScene
14:32:32.675 [JavaFX Application Thread] DEBUG PrimaryStageWindow   - FXGLMainMenuDummyScene -> MainMenuScene
14:32:32.676 [JavaFX Application Thread] DEBUG AudioPlayer          - Playing music com.almasb.fxgl.audio.Music@4f330540
14:32:32.880 [JavaFX Application Thread] DEBUG AudioPlayer          - Playing music com.almasb.fxgl.audio.Music@4f330540
14:32:32.991 [JavaFX Application Thread] DEBUG AudioPlayer          - Playing music com.almasb.fxgl.audio.Music@4f330540
14:32:33.487 [JavaFX Application Thread] DEBUG PrimaryStageWindow   - Push state: DialogSubScene
14:32:33.487 [JavaFX Application Thread] DEBUG Input                - Clearing active input actions
14:32:33.487 [JavaFX Application Thread] DEBUG GameApplicationServi - Removing overlay from MainMenuScene and adding to DialogSubScene
14:32:33.487 [JavaFX Application Thread] DEBUG PrimaryStageWindow   - MainMenuScene -> DialogSubScene
14:32:34.218 [JavaFX Application Thread] DEBUG PrimaryStageWindow   - Pop state: DialogSubScene
14:32:34.218 [JavaFX Application Thread] DEBUG Input                - Clearing active input actions
14:32:34.218 [JavaFX Application Thread] DEBUG GameApplicationServi - Removing overlay from DialogSubScene and adding to MainMenuScene
14:32:34.218 [JavaFX Application Thread] DEBUG PrimaryStageWindow   - MainMenuScene <- DialogSubScene
14:32:34.218 [JavaFX Application Thread] DEBUG AudioPlayer          - Playing music com.almasb.fxgl.audio.Music@4f330540
14:32:34.583 [JavaFX Application Thread] DEBUG AudioPlayer          - Playing music com.almasb.fxgl.audio.Music@4f330540
14:32:34.797 [JavaFX Application Thread] DEBUG AudioPlayer          - Playing music com.almasb.fxgl.audio.Music@4f330540
14:32:34.823 [JavaFX Application Thread] DEBUG AudioPlayer          - Playing music com.almasb.fxgl.audio.Music@4f330540
14:32:34.863 [JavaFX Application Thread] DEBUG AudioPlayer          - Playing music com.almasb.fxgl.audio.Music@4f330540
14:32:35.345 [JavaFX Application Thread] DEBUG AudioPlayer          - Playing music com.almasb.fxgl.audio.Music@4f330540
14:32:35.373 [JavaFX Application Thread] DEBUG AudioPlayer          - Playing music com.almasb.fxgl.audio.Music@4f330540
14:32:35.665 [JavaFX Application Thread] DEBUG AudioPlayer          - Playing music com.almasb.fxgl.audio.Music@4f330540
14:32:36.097 [JavaFX Application Thread] DEBUG AudioPlayer          - Playing music com.almasb.fxgl.audio.Music@4f330540
14:32:41.328 [JavaFX Application Thread] DEBUG AudioPlayer          - Playing music com.almasb.fxgl.audio.Music@4f330540
14:32:42.133 [JavaFX Application Thread] DEBUG AudioPlayer          - Playing music com.almasb.fxgl.audio.Music@4f330540
14:32:42.518 [JavaFX Application Thread] DEBUG Menu                 - fireNewGame()
14:32:42.518 [JavaFX Application Thread] DEBUG GameApplicationServi - Starting new game
14:32:42.518 [JavaFX Application Thread] DEBUG PrimaryStageWindow   - Pop state: MainMenuScene
14:32:42.518 [JavaFX Application Thread] DEBUG Input                - Clearing active input actions
14:32:42.519 [JavaFX Application Thread] DEBUG GameApplicationServi - Removing overlay from MainMenuScene and adding to FXGLMainMenuDummyScene
14:32:42.519 [JavaFX Application Thread] DEBUG PrimaryStageWindow   - FXGLMainMenuDummyScene <- MainMenuScene
14:32:42.519 [JavaFX Application Thread] DEBUG Input                - Clearing active input actions
14:32:42.521 [JavaFX Application Thread] DEBUG GameApplicationServi - Removing overlay from FXGLMainMenuDummyScene and adding to FXGLLoadingScene
14:32:42.521 [JavaFX Application Thread] DEBUG PrimaryStageWindow   - FXGLMainMenuDummyScene -> FXGLLoadingScene
14:32:42.521 [JavaFX Application Thread] DEBUG GameApplicationServi - Clearing previous game
14:32:42.521 [JavaFX Application Thread] DEBUG GameScene            - Clearing game scene
14:32:42.521 [JavaFX Application Thread] DEBUG GameWorld            - Clearing game world
14:32:42.521 [JavaFX Application Thread] DEBUG PhysicsWorld         - Clearing physics world
14:32:42.521 [FXGL Background Thread 2 ] DEBUG FXGLApplication      - Initializing game
14:32:42.525 [FXGL Background Thread 2 ] INFO  FXGLApplication      - Game initialization took: 0.003 sec
14:32:42.525 [JavaFX Application Thread] DEBUG Input                - Clearing active input actions
14:32:42.527 [JavaFX Application Thread] DEBUG GameApplicationServi - Removing overlay from FXGLLoadingScene and adding to GameScene
14:32:42.527 [JavaFX Application Thread] DEBUG PrimaryStageWindow   - FXGLLoadingScene -> GameScene
14:32:43.742 [JavaFX Application Thread] DEBUG PrimaryStageWindow   - Push state: InGameMenuScene
14:32:43.742 [JavaFX Application Thread] DEBUG Input                - Clearing active input actions
14:32:43.744 [JavaFX Application Thread] DEBUG GameApplicationServi - Removing overlay from GameScene and adding to InGameMenuScene
14:32:43.744 [JavaFX Application Thread] DEBUG PrimaryStageWindow   - GameScene -> InGameMenuScene
14:32:44.002 [JavaFX Application Thread] DEBUG AudioPlayer          - Playing music com.almasb.fxgl.audio.Music@4f330540
14:32:44.207 [JavaFX Application Thread] DEBUG AudioPlayer          - Playing music com.almasb.fxgl.audio.Music@4f330540
14:32:44.518 [JavaFX Application Thread] DEBUG Menu                 - fireExitToMainMenu()
14:32:44.519 [JavaFX Application Thread] DEBUG PrimaryStageWindow   - Push state: DialogSubScene
14:32:44.519 [JavaFX Application Thread] DEBUG Input                - Clearing active input actions
14:32:44.520 [JavaFX Application Thread] DEBUG GameApplicationServi - Removing overlay from InGameMenuScene and adding to DialogSubScene
14:32:44.520 [JavaFX Application Thread] DEBUG PrimaryStageWindow   - InGameMenuScene -> DialogSubScene
14:32:45.234 [JavaFX Application Thread] DEBUG PrimaryStageWindow   - Pop state: DialogSubScene
14:32:45.234 [JavaFX Application Thread] DEBUG Input                - Clearing active input actions
14:32:45.234 [JavaFX Application Thread] DEBUG GameApplicationServi - Removing overlay from DialogSubScene and adding to InGameMenuScene
14:32:45.234 [JavaFX Application Thread] DEBUG PrimaryStageWindow   - InGameMenuScene <- DialogSubScene
14:32:45.234 [JavaFX Application Thread] DEBUG PrimaryStageWindow   - Pop state: InGameMenuScene
14:32:45.234 [JavaFX Application Thread] DEBUG Input                - Clearing active input actions
14:32:45.234 [JavaFX Application Thread] DEBUG GameApplicationServi - Removing overlay from InGameMenuScene and adding to GameScene
14:32:45.234 [JavaFX Application Thread] DEBUG PrimaryStageWindow   - GameScene <- InGameMenuScene
14:32:45.234 [JavaFX Application Thread] DEBUG Input                - Clearing active input actions
14:32:45.236 [JavaFX Application Thread] DEBUG GameApplicationServi - Removing overlay from GameScene and adding to FXGLMainMenuDummyScene
14:32:45.236 [JavaFX Application Thread] DEBUG PrimaryStageWindow   - GameScene -> FXGLMainMenuDummyScene
14:32:45.236 [JavaFX Application Thread] DEBUG PrimaryStageWindow   - Push state: MainMenuScene
14:32:45.236 [JavaFX Application Thread] DEBUG Input                - Clearing active input actions
14:32:45.236 [JavaFX Application Thread] DEBUG GameApplicationServi - Removing overlay from FXGLMainMenuDummyScene and adding to MainMenuScene
14:32:45.236 [JavaFX Application Thread] DEBUG PrimaryStageWindow   - FXGLMainMenuDummyScene -> MainMenuScene
14:32:45.334 [JavaFX Application Thread] DEBUG AudioPlayer          - Playing music com.almasb.fxgl.audio.Music@4f330540
14:32:45.784 [JavaFX Application Thread] DEBUG AudioPlayer          - Playing music com.almasb.fxgl.audio.Music@4f330540
14:32:46.216 [JavaFX Application Thread] DEBUG AudioPlayer          - Playing music com.almasb.fxgl.audio.Music@4f330540
14:32:46.541 [JavaFX Application Thread] DEBUG AudioPlayer          - Playing music com.almasb.fxgl.audio.Music@4f330540
14:32:47.194 [JavaFX Application Thread] DEBUG AudioPlayer          - Playing music com.almasb.fxgl.audio.Music@4f330540
14:32:47.514 [JavaFX Application Thread] DEBUG PrimaryStageWindow   - Push state: DialogSubScene
14:32:47.514 [JavaFX Application Thread] DEBUG Input                - Clearing active input actions
14:32:47.515 [JavaFX Application Thread] DEBUG GameApplicationServi - Removing overlay from MainMenuScene and adding to DialogSubScene
14:32:47.515 [JavaFX Application Thread] DEBUG PrimaryStageWindow   - MainMenuScene -> DialogSubScene
14:32:48.284 [JavaFX Application Thread] DEBUG PrimaryStageWindow   - Pop state: DialogSubScene
14:32:48.286 [JavaFX Application Thread] DEBUG Input                - Clearing active input actions
14:32:48.286 [JavaFX Application Thread] DEBUG GameApplicationServi - Removing overlay from DialogSubScene and adding to MainMenuScene
14:32:48.286 [JavaFX Application Thread] DEBUG PrimaryStageWindow   - MainMenuScene <- DialogSubScene
14:32:48.290 [JavaFX Application Thread] DEBUG GameApplicationServi - Starting new game
14:32:48.290 [JavaFX Application Thread] DEBUG PrimaryStageWindow   - Pop state: MainMenuScene
14:32:48.290 [JavaFX Application Thread] DEBUG Input                - Clearing active input actions
14:32:48.290 [JavaFX Application Thread] DEBUG GameApplicationServi - Removing overlay from MainMenuScene and adding to FXGLMainMenuDummyScene
14:32:48.290 [JavaFX Application Thread] DEBUG PrimaryStageWindow   - FXGLMainMenuDummyScene <- MainMenuScene
14:32:48.290 [JavaFX Application Thread] DEBUG Input                - Clearing active input actions
14:32:48.292 [JavaFX Application Thread] DEBUG GameApplicationServi - Removing overlay from FXGLMainMenuDummyScene and adding to FXGLLoadingScene
14:32:48.292 [JavaFX Application Thread] DEBUG PrimaryStageWindow   - FXGLMainMenuDummyScene -> FXGLLoadingScene
14:32:48.292 [JavaFX Application Thread] DEBUG GameApplicationServi - Clearing previous game
14:32:48.292 [JavaFX Application Thread] DEBUG GameScene            - Clearing game scene
14:32:48.292 [JavaFX Application Thread] DEBUG GameWorld            - Clearing game world
14:32:48.292 [JavaFX Application Thread] DEBUG PhysicsWorld         - Clearing physics world
14:32:48.292 [FXGL Background Thread 2 ] DEBUG FXGLApplication      - Initializing game
14:32:48.297 [FXGL Background Thread 2 ] INFO  FXGLApplication      - Game initialization took: 0.005 sec
14:32:48.297 [JavaFX Application Thread] DEBUG Input                - Clearing active input actions
14:32:48.299 [JavaFX Application Thread] DEBUG GameApplicationServi - Removing overlay from FXGLLoadingScene and adding to GameScene
14:32:48.299 [JavaFX Application Thread] DEBUG PrimaryStageWindow   - FXGLLoadingScene -> GameScene
14:32:50.679 [JavaFX Application Thread] DEBUG PrimaryStageWindow   - Push state: InGameMenuScene
14:32:50.679 [JavaFX Application Thread] DEBUG Input                - Clearing active input actions
14:32:50.679 [JavaFX Application Thread] DEBUG GameApplicationServi - Removing overlay from GameScene and adding to InGameMenuScene
14:32:50.679 [JavaFX Application Thread] DEBUG PrimaryStageWindow   - GameScene -> InGameMenuScene
14:32:51.086 [JavaFX Application Thread] DEBUG AudioPlayer          - Playing music com.almasb.fxgl.audio.Music@4f330540
14:32:51.111 [JavaFX Application Thread] DEBUG AudioPlayer          - Playing music com.almasb.fxgl.audio.Music@4f330540
14:32:51.388 [JavaFX Application Thread] DEBUG PrimaryStageWindow   - Pop state: InGameMenuScene
14:32:51.388 [JavaFX Application Thread] DEBUG Input                - Clearing active input actions
14:32:51.388 [JavaFX Application Thread] DEBUG GameApplicationServi - Removing overlay from InGameMenuScene and adding to GameScene
14:32:51.388 [JavaFX Application Thread] DEBUG PrimaryStageWindow   - GameScene <- InGameMenuScene
14:32:51.756 [JavaFX Application Thread] DEBUG AudioPlayer          - Playing music com.almasb.fxgl.audio.Music@4f330540
14:32:52.501 [JavaFX Application Thread] DEBUG AudioPlayer          - Playing music com.almasb.fxgl.audio.Music@4f330540
14:32:53.358 [JavaFX Application Thread] DEBUG PrimaryStageWindow   - Push state: InGameMenuScene
14:32:53.358 [JavaFX Application Thread] DEBUG Input                - Clearing active input actions
14:32:53.358 [JavaFX Application Thread] DEBUG GameApplicationServi - Removing overlay from GameScene and adding to InGameMenuScene
14:32:53.358 [JavaFX Application Thread] DEBUG PrimaryStageWindow   - GameScene -> InGameMenuScene
14:32:53.574 [JavaFX Application Thread] DEBUG AudioPlayer          - Playing music com.almasb.fxgl.audio.Music@4f330540
14:32:53.755 [JavaFX Application Thread] DEBUG AudioPlayer          - Playing music com.almasb.fxgl.audio.Music@4f330540
14:32:53.994 [JavaFX Application Thread] DEBUG Menu                 - fireExitToMainMenu()
14:32:53.995 [JavaFX Application Thread] DEBUG PrimaryStageWindow   - Push state: DialogSubScene
14:32:53.995 [JavaFX Application Thread] DEBUG Input                - Clearing active input actions
14:32:53.995 [JavaFX Application Thread] DEBUG GameApplicationServi - Removing overlay from InGameMenuScene and adding to DialogSubScene
14:32:53.995 [JavaFX Application Thread] DEBUG PrimaryStageWindow   - InGameMenuScene -> DialogSubScene
14:32:54.718 [JavaFX Application Thread] DEBUG PrimaryStageWindow   - Pop state: DialogSubScene
14:32:54.718 [JavaFX Application Thread] DEBUG Input                - Clearing active input actions
14:32:54.718 [JavaFX Application Thread] DEBUG GameApplicationServi - Removing overlay from DialogSubScene and adding to InGameMenuScene
14:32:54.718 [JavaFX Application Thread] DEBUG PrimaryStageWindow   - InGameMenuScene <- DialogSubScene
14:32:54.718 [JavaFX Application Thread] DEBUG PrimaryStageWindow   - Pop state: InGameMenuScene
14:32:54.718 [JavaFX Application Thread] DEBUG Input                - Clearing active input actions
14:32:54.718 [JavaFX Application Thread] DEBUG GameApplicationServi - Removing overlay from InGameMenuScene and adding to GameScene
14:32:54.718 [JavaFX Application Thread] DEBUG PrimaryStageWindow   - GameScene <- InGameMenuScene
14:32:54.718 [JavaFX Application Thread] DEBUG Input                - Clearing active input actions
14:32:54.721 [JavaFX Application Thread] DEBUG GameApplicationServi - Removing overlay from GameScene and adding to FXGLMainMenuDummyScene
14:32:54.721 [JavaFX Application Thread] DEBUG PrimaryStageWindow   - GameScene -> FXGLMainMenuDummyScene
14:32:54.721 [JavaFX Application Thread] DEBUG PrimaryStageWindow   - Push state: MainMenuScene
14:32:54.721 [JavaFX Application Thread] DEBUG Input                - Clearing active input actions
14:32:54.721 [JavaFX Application Thread] DEBUG GameApplicationServi - Removing overlay from FXGLMainMenuDummyScene and adding to MainMenuScene
14:32:54.721 [JavaFX Application Thread] DEBUG PrimaryStageWindow   - FXGLMainMenuDummyScene -> MainMenuScene
14:32:55.163 [JavaFX Application Thread] DEBUG AudioPlayer          - Playing music com.almasb.fxgl.audio.Music@4f330540
14:32:57.089 [JavaFX Application Thread] DEBUG FXGLApplication      - Exiting FXGL
14:32:57.089 [JavaFX Application Thread] DEBUG LoopRunner           - Stopping loop
14:32:57.089 [JavaFX Application Thread] DEBUG SystemBundleService  - Saving FXGL system data
14:32:57.090 [JavaFX Application Thread] DEBUG FileSystemAccess     - Writing to: D:\Github\javaA-xiangqi-project-main-yxh-1125\system\fxgl.bundle
14:32:57.090 [JavaFX Application Thread] DEBUG Async                - Shutting down background threads
14:32:57.091 [JavaFX Application Thread] DEBUG PrimaryStageWindow   - Closing main window
14:32:57.110 [JavaFX Application Thread] DEBUG Logger               - Closing Logger
