01:32:55.138 [main                     ] DEBUG Logger               - Configured Logger
01:32:55.149 [main                     ] DEBUG GameApplication      - Logging settings
Title: 中国象棋 1.0
Version: 1.0
Width: 1316
Height: 1007
Fullscreen: false
Intro: false
Profiling: false
Single step:false
App Mode: DEVELOPER
Menu Key: ESCAPE
Stage Style: DECORATED
Scene Factory: class edu.sustech.xiangqi.XiangQiApp$1

01:32:55.544 [JavaFX Application Thread] DEBUG FXGLApplication      - Initializing FXGL
01:32:55.546 [JavaFX Application Thread] INFO  Engine               - FXGL-21.1 (27.03.2024 07.52) on WINDOWS (J:23.0.2 FX:21.0.1)
01:32:55.546 [JavaFX Application Thread] DEBUG Engine               - JRE Vendor Name: Amazon.com Inc.
01:32:55.546 [JavaFX Application Thread] DEBUG Engine               - Running on OS: Windows 11 version 10.0
01:32:55.546 [JavaFX Application Thread] DEBUG Engine               - Architecture: amd64
01:32:55.546 [JavaFX Application Thread] INFO  Engine               - Source code and latest versions at: https://github.com/AlmasB/FXGL
01:32:55.546 [JavaFX Application Thread] INFO  Engine               -       Ask questions and discuss at: https://github.com/AlmasB/FXGL/discussions
01:32:55.546 [JavaFX Application Thread] INFO  Engine               -              Join the FXGL chat at: https://gitter.im/AlmasB/FXGL
01:32:55.603 [JavaFX Application Thread] DEBUG PrimaryStageWindow   - Creating a JavaFX scene
01:32:55.630 [JavaFX Application Thread] DEBUG PrimaryStageWindow   - Target settings size: 1316.0 x 1007.0
01:32:55.631 [JavaFX Application Thread] DEBUG PrimaryStageWindow   - Scaled scene size:    1316.0 x 1007.0
01:32:55.631 [JavaFX Application Thread] DEBUG PrimaryStageWindow   - Scaled ratio: (1.0, 1.0)
01:32:55.631 [JavaFX Application Thread] DEBUG PrimaryStageWindow   - Set initial scene to FXGLStartupScene
01:32:55.633 [JavaFX Application Thread] DEBUG PrimaryStageWindow   - Opening main window
01:32:55.705 [JavaFX Application Thread] DEBUG PrimaryStageWindow   - Window border size: (14.6666259765625, 37.6666259765625)
01:32:55.705 [JavaFX Application Thread] DEBUG PrimaryStageWindow   - Scaled size: 1316.0 x 1007.0
01:32:55.705 [JavaFX Application Thread] DEBUG PrimaryStageWindow   - Scaled ratio: (1.0, 1.0)
01:32:55.705 [JavaFX Application Thread] DEBUG PrimaryStageWindow   - Scene size: 1316.0 x 1007.0
01:32:55.705 [JavaFX Application Thread] DEBUG PrimaryStageWindow   - Stage size: 1330.6666259765625 x 1044.6666259765625
01:32:55.711 [FXGL Background Thread 1 ] DEBUG Engine               - Initializing environment variables
01:32:55.766 [FXGL Background Thread 1 ] DEBUG FXGLAssetLoaderServi - User app class for loading assets: class edu.sustech.xiangqi.XiangQiApp
01:32:55.768 [FXGL Background Thread 1 ] DEBUG GameApplicationServi - Applying CSS: fxgl_dark.css
01:32:55.769 [FXGL Background Thread 1 ] DEBUG FXGLAssetLoaderServi - Loading from file system: jar:file:/C:/Users/%e5%b0%b9%e7%8e%ba%e9%aa%85/.m2/repository/com/github/almasb/fxgl/21.1/fxgl-21.1.jar!/fxglassets/ui/css/fxgl_dark.css
01:32:55.798 [FXGL Background Thread 1 ] DEBUG GameApplicationServi - Initializing application scenes
01:32:55.858 [FXGL Background Thread 1 ] DEBUG GameWorld            - Game world initialized
01:32:55.895 [FXGL Background Thread 1 ] DEBUG PhysicsWorld         - Physics world initialized: appHeight=1007, physics.ppm=50.0
01:32:55.895 [FXGL Background Thread 1 ] DEBUG PhysicsWorld         - Using strategy: BRUTE_FORCE
01:32:55.897 [FXGL Background Thread 1 ] DEBUG GameScene            - Game scene initialized: 1316x1007
01:32:55.905 [FXGL Background Thread 1 ] DEBUG FXGLAssetLoaderServi - Loading from file system: file:/E:/G2/java/final_project/team_project_1124/javaA-xiangqi-project-main/target/classes/assets/textures/Button1.png
01:32:55.918 [FXGL Background Thread 1 ] DEBUG FXGLAssetLoaderServi - Loading from file system: file:/E:/G2/java/final_project/team_project_1124/javaA-xiangqi-project-main/target/classes/assets/textures/Press.png
01:32:55.921 [FXGL Background Thread 1 ] DEBUG FXGLAssetLoaderServi - Loading from file system: file:/E:/G2/java/final_project/team_project_1124/javaA-xiangqi-project-main/target/classes/assets/sounds/%e6%8c%89%e9%92%ae%e9%9f%b3%e6%95%881.mp3
01:32:55.977 [FXGL Background Thread 1 ] DEBUG FXGLAssetLoaderServi - Loading from file system: file:/E:/G2/java/final_project/team_project_1124/javaA-xiangqi-project-main/target/classes/assets/ui/fonts/HYPixel11pxU-2.ttf
01:32:56.046 [FXGL Background Thread 1 ] DEBUG GameApplicationServi - Application scenes initialized
01:32:56.052 [FXGL Background Thread 1 ] DEBUG SystemBundleService  - Loading FXGL system data
01:32:56.055 [FXGL Background Thread 1 ] DEBUG FileSystemAccess     - Reading from: E:\G2\java\final_project\team_project_1124\javaA-xiangqi-project-main\system\fxgl.bundle
01:32:56.058 [FXGL Background Thread 1 ] DEBUG SystemBundleService  - Bundle FXGL: {}
01:32:56.059 [FXGL Background Thread 1 ] DEBUG UpdaterService       - Checking for updates
01:32:56.061 [FXGL Background Thread 4 ] DEBUG FXGLApplication      - Loading fonts
01:32:56.062 [FXGL Background Thread 4 ] DEBUG FXGLAssetLoaderServi - Loading from file system: jar:file:/C:/Users/%e5%b0%b9%e7%8e%ba%e9%aa%85/.m2/repository/com/github/almasb/fxgl/21.1/fxgl-21.1.jar!/fxglassets/ui/fonts/VarelaRound-Regular.ttf
01:32:56.062 [FXGL Background Thread 1 ] DEBUG FXGLApplication      - Loading default localization
01:32:56.063 [FXGL Background Thread 1 ] DEBUG FXGLAssetLoaderServi - Loading from file system: jar:file:/C:/Users/%e5%b0%b9%e7%8e%ba%e9%aa%85/.m2/repository/com/github/almasb/fxgl/21.1/fxgl-21.1.jar!/fxglassets/languages/english.lang
01:32:56.066 [FXGL Background Thread 4 ] DEBUG FXGLAssetLoaderServi - Loading from file system: jar:file:/C:/Users/%e5%b0%b9%e7%8e%ba%e9%aa%85/.m2/repository/com/github/almasb/fxgl/21.1/fxgl-21.1.jar!/fxglassets/ui/fonts/Abel-Regular.ttf
01:32:56.069 [FXGL Background Thread 4 ] DEBUG FXGLAssetLoaderServi - Loading from file system: jar:file:/C:/Users/%e5%b0%b9%e7%8e%ba%e9%aa%85/.m2/repository/com/github/almasb/fxgl/21.1/fxgl-21.1.jar!/fxglassets/ui/fonts/TerminalLandMono-Regular.otf
01:32:56.072 [FXGL Background Thread 4 ] DEBUG FXGLAssetLoaderServi - Loading from file system: jar:file:/C:/Users/%e5%b0%b9%e7%8e%ba%e9%aa%85/.m2/repository/com/github/almasb/fxgl/21.1/fxgl-21.1.jar!/fxglassets/ui/fonts/Courier-Prime.ttf
01:32:56.077 [JavaFX Application Thread] DEBUG FXGLApplication      - Registering font factories with UI factory
01:32:56.098 [FXGL Background Thread 1 ] INFO  FXGLApplication      - FXGL initialization took: 0.388 sec
01:32:56.103 [JavaFX Application Thread] DEBUG Input                - Registered new binding: Click - LMB
01:32:56.104 [JavaFX Application Thread] DEBUG FXGLAssetLoaderServi - Loading from file system: jar:file:/C:/Users/%e5%b0%b9%e7%8e%ba%e9%aa%85/.m2/repository/com/github/almasb/fxgl/21.1/fxgl-21.1.jar!/fxglassets/textures/fxgl_icon.png
01:32:56.120 [JavaFX Application Thread] DEBUG FXGLAssetLoaderServi - Loading from file system: jar:file:/C:/Users/%e5%b0%b9%e7%8e%ba%e9%aa%85/.m2/repository/com/github/almasb/fxgl/21.1/fxgl-21.1.jar!/fxglassets/textures/fxgl_default_cursor.png
01:32:56.130 [JavaFX Application Thread] DEBUG Input                - Registered new binding: Screenshot - CTRL+8
01:32:56.131 [JavaFX Application Thread] DEBUG Input                - Registered new binding: System info dump - CTRL+9
01:32:56.131 [JavaFX Application Thread] DEBUG Input                - Registered new binding: Restart - CTRL+R
01:32:56.132 [JavaFX Application Thread] DEBUG Input                - Registered new binding: Toggle Debug Camera - CTRL+7
01:32:56.134 [JavaFX Application Thread] DEBUG LoopRunner           - Starting loop
01:32:56.135 [JavaFX Application Thread] DEBUG LoopRunner           - Initializing JavaFX AnimationTimerLoop
01:32:56.138 [JavaFX Application Thread] DEBUG Input                - Clearing active input actions
01:32:56.146 [JavaFX Application Thread] DEBUG GameApplicationServi - Removing overlay from FXGLStartupScene and adding to FXGLMainMenuDummyScene
01:32:56.146 [JavaFX Application Thread] DEBUG PrimaryStageWindow   - FXGLStartupScene -> FXGLMainMenuDummyScene
01:32:56.146 [JavaFX Application Thread] DEBUG PrimaryStageWindow   - Push state: MainMenuScene
01:32:56.147 [JavaFX Application Thread] DEBUG Input                - Clearing active input actions
01:32:56.153 [JavaFX Application Thread] DEBUG GameApplicationServi - Removing overlay from FXGLMainMenuDummyScene and adding to MainMenuScene
01:32:56.154 [JavaFX Application Thread] DEBUG PrimaryStageWindow   - FXGLMainMenuDummyScene -> MainMenuScene
01:32:59.062 [FXGL Background Thread 3 ] DEBUG Engine               - Logging environment variables
01:32:59.062 [FXGL Background Thread 3 ] DEBUG Engine               - achievements: []
01:32:59.062 [FXGL Background Thread 3 ] DEBUG Engine               - actualHeight: 1007.0
01:32:59.062 [FXGL Background Thread 3 ] DEBUG Engine               - actualHeightProperty: ReadOnlyDoubleProperty [value: 1007.0]
01:32:59.062 [FXGL Background Thread 3 ] DEBUG Engine               - actualWidth: 1316.0
01:32:59.062 [FXGL Background Thread 3 ] DEBUG Engine               - actualWidthProperty: ReadOnlyDoubleProperty [value: 1316.0]
01:32:59.062 [FXGL Background Thread 3 ] DEBUG Engine               - appIcon: fxgl_icon.png
01:32:59.062 [FXGL Background Thread 3 ] DEBUG Engine               - applicationMode: DEVELOPER
01:32:59.062 [FXGL Background Thread 3 ] DEBUG Engine               - cSSList: [fxgl_dark.css]
01:32:59.062 [FXGL Background Thread 3 ] DEBUG Engine               - collisionDetectionStrategy: BRUTE_FORCE
01:32:59.063 [FXGL Background Thread 3 ] DEBUG Engine               - configClass: Optional.empty
01:32:59.063 [FXGL Background Thread 3 ] DEBUG Engine               - credits: []
01:32:59.064 [FXGL Background Thread 3 ] DEBUG Engine               - defaultCursor: CursorInfo(imageName=fxgl_default_cursor.png, hotspotX=7.0, hotspotY=6.0)
01:32:59.064 [FXGL Background Thread 3 ] DEBUG Engine               - devBBoxColorProperty: ObjectProperty [value: 0xff0000ff]
01:32:59.064 [FXGL Background Thread 3 ] DEBUG Engine               - devEnableDebugCameraProperty: BooleanProperty [value: false]
01:32:59.064 [FXGL Background Thread 3 ] DEBUG Engine               - devSensorColorProperty: ObjectProperty [value: 0xffff00ff]
01:32:59.064 [FXGL Background Thread 3 ] DEBUG Engine               - devShowBBoxProperty: BooleanProperty [value: false]
01:32:59.064 [FXGL Background Thread 3 ] DEBUG Engine               - devShowPositionProperty: BooleanProperty [value: false]
01:32:59.064 [FXGL Background Thread 3 ] DEBUG Engine               - enabledMenuItems: []
01:32:59.064 [FXGL Background Thread 3 ] DEBUG Engine               - engineServices: [class com.almasb.fxgl.app.services.FXGLAssetLoaderService, class com.almasb.fxgl.app.FXGLApplication$GameApplicationService, class com.almasb.fxgl.app.services.FXGLDialogService, class com.almasb.fxgl.app.services.IOTaskExecutorService, class com.almasb.fxgl.io.FileSystemService, class com.almasb.fxgl.localization.LocalizationService, class com.almasb.fxgl.app.services.SystemBundleService, class com.almasb.fxgl.profile.SaveLoadService, class com.almasb.fxgl.ui.FXGLUIFactoryServiceProvider, class com.almasb.fxgl.ui.FXGLDialogFactoryServiceProvider, class com.almasb.fxgl.audio.AudioPlayer, class com.almasb.fxgl.notification.impl.NotificationServiceProvider, class com.almasb.fxgl.achievement.AchievementService, class com.almasb.fxgl.cutscene.CutsceneService, class com.almasb.fxgl.minigames.MiniGameService, class com.almasb.fxgl.net.NetService, class com.almasb.fxgl.app.services.UpdaterService, class com.almasb.fxgl.dev.DevService]
01:32:59.065 [FXGL Background Thread 3 ] DEBUG Engine               - fontGame: Abel-Regular.ttf
01:32:59.065 [FXGL Background Thread 3 ] DEBUG Engine               - fontMono: TerminalLandMono-Regular.otf
01:32:59.065 [FXGL Background Thread 3 ] DEBUG Engine               - fontSizeScaleUI: 1.0
01:32:59.065 [FXGL Background Thread 3 ] DEBUG Engine               - fontText: Courier-Prime.ttf
01:32:59.065 [FXGL Background Thread 3 ] DEBUG Engine               - fontUI: VarelaRound-Regular.ttf
01:32:59.065 [FXGL Background Thread 3 ] DEBUG Engine               - fullScreen: BooleanProperty [value: false]
01:32:59.065 [FXGL Background Thread 3 ] DEBUG Engine               - gameDifficulty: MEDIUM
01:32:59.065 [FXGL Background Thread 3 ] DEBUG Engine               - gameDifficultyProperty: ObjectProperty [value: MEDIUM]
01:32:59.065 [FXGL Background Thread 3 ] DEBUG Engine               - globalMusicVolume: 0.5
01:32:59.065 [FXGL Background Thread 3 ] DEBUG Engine               - globalMusicVolumeProperty: DoubleProperty [value: 0.5]
01:32:59.065 [FXGL Background Thread 3 ] DEBUG Engine               - globalSoundVolume: 0.5
01:32:59.065 [FXGL Background Thread 3 ] DEBUG Engine               - globalSoundVolumeProperty: DoubleProperty [value: 0.5]
01:32:59.065 [FXGL Background Thread 3 ] DEBUG Engine               - height: 1007
01:32:59.065 [FXGL Background Thread 3 ] DEBUG Engine               - is3D: false
01:32:59.065 [FXGL Background Thread 3 ] DEBUG Engine               - isAndroid: false
01:32:59.065 [FXGL Background Thread 3 ] DEBUG Engine               - isBrowser: false
01:32:59.065 [FXGL Background Thread 3 ] DEBUG Engine               - isClickFeedbackEnabled: false
01:32:59.065 [FXGL Background Thread 3 ] DEBUG Engine               - isCloseConfirmation: false
01:32:59.065 [FXGL Background Thread 3 ] DEBUG Engine               - isDesktop: true
01:32:59.065 [FXGL Background Thread 3 ] DEBUG Engine               - isDeveloperMenuEnabled: false
01:32:59.065 [FXGL Background Thread 3 ] DEBUG Engine               - isEmbedded: false
01:32:59.065 [FXGL Background Thread 3 ] DEBUG Engine               - isEntityPreloadEnabled: true
01:32:59.065 [FXGL Background Thread 3 ] DEBUG Engine               - isExperimentalTiledLargeMap: false
01:32:59.065 [FXGL Background Thread 3 ] DEBUG Engine               - isFileSystemWriteAllowed: true
01:32:59.065 [FXGL Background Thread 3 ] DEBUG Engine               - isFullScreenAllowed: false
01:32:59.065 [FXGL Background Thread 3 ] DEBUG Engine               - isFullScreenFromStart: false
01:32:59.065 [FXGL Background Thread 3 ] DEBUG Engine               - isGameMenuEnabled: true
01:32:59.065 [FXGL Background Thread 3 ] DEBUG Engine               - isIOS: false
01:32:59.065 [FXGL Background Thread 3 ] DEBUG Engine               - isIntroEnabled: false
01:32:59.065 [FXGL Background Thread 3 ] DEBUG Engine               - isLinux: false
01:32:59.065 [FXGL Background Thread 3 ] DEBUG Engine               - isMac: false
01:32:59.065 [FXGL Background Thread 3 ] DEBUG Engine               - isMainMenuEnabled: true
01:32:59.065 [FXGL Background Thread 3 ] DEBUG Engine               - isManualResizeEnabled: true
01:32:59.065 [FXGL Background Thread 3 ] DEBUG Engine               - isMobile: false
01:32:59.065 [FXGL Background Thread 3 ] DEBUG Engine               - isNative: false
01:32:59.065 [FXGL Background Thread 3 ] DEBUG Engine               - isPauseMusicWhenMinimized: true
01:32:59.065 [FXGL Background Thread 3 ] DEBUG Engine               - isPreserveResizeRatio: true
01:32:59.065 [FXGL Background Thread 3 ] DEBUG Engine               - isProfilingEnabled: false
01:32:59.065 [FXGL Background Thread 3 ] DEBUG Engine               - isScaleAffectedOnResize: true
01:32:59.065 [FXGL Background Thread 3 ] DEBUG Engine               - isSingleStep: false
01:32:59.065 [FXGL Background Thread 3 ] DEBUG Engine               - isUserProfileEnabled: false
01:32:59.066 [FXGL Background Thread 3 ] DEBUG Engine               - isWindows: true
01:32:59.066 [FXGL Background Thread 3 ] DEBUG Engine               - language: ObjectProperty [value: ENGLISH]
01:32:59.066 [FXGL Background Thread 3 ] DEBUG Engine               - menuKey: ESCAPE
01:32:59.066 [FXGL Background Thread 3 ] DEBUG Engine               - mouseSensitivity: 0.2
01:32:59.066 [FXGL Background Thread 3 ] DEBUG Engine               - notificationViewClass: class com.almasb.fxgl.notification.view.XboxNotificationView
01:32:59.066 [FXGL Background Thread 3 ] DEBUG Engine               - pixelsPerMeter: 50.0
01:32:59.066 [FXGL Background Thread 3 ] DEBUG Engine               - platform: WINDOWS
01:32:59.066 [FXGL Background Thread 3 ] DEBUG Engine               - prefHeightProperty: ReadOnlyDoubleProperty [value: 1007.0]
01:32:59.066 [FXGL Background Thread 3 ] DEBUG Engine               - prefWidthProperty: ReadOnlyDoubleProperty [value: 1316.0]
01:32:59.066 [FXGL Background Thread 3 ] DEBUG Engine               - profileDir: profiles/
01:32:59.066 [FXGL Background Thread 3 ] DEBUG Engine               - profileName: StringProperty [value: DEFAULT]
01:32:59.066 [FXGL Background Thread 3 ] DEBUG Engine               - randomSeed: -1
01:32:59.066 [FXGL Background Thread 3 ] DEBUG Engine               - runtimeInfo: RuntimeInfo(platform=WINDOWS, version=21.1, build=27.03.2024 07.52)
01:32:59.066 [FXGL Background Thread 3 ] DEBUG Engine               - saveFileExt: sav
01:32:59.066 [FXGL Background Thread 3 ] DEBUG Engine               - scaledHeightProp$fxgl: DoubleProperty [bound, value: 1007.0]
01:32:59.066 [FXGL Background Thread 3 ] DEBUG Engine               - scaledWidthProp$fxgl: DoubleProperty [bound, value: 1316.0]
01:32:59.066 [FXGL Background Thread 3 ] DEBUG Engine               - sceneFactory: edu.sustech.xiangqi.XiangQiApp$1@1e797380
01:32:59.066 [FXGL Background Thread 3 ] DEBUG Engine               - secondsIn24h: 60
01:32:59.066 [FXGL Background Thread 3 ] DEBUG Engine               - soundMenuBack: menu/back.wav
01:32:59.066 [FXGL Background Thread 3 ] DEBUG Engine               - soundMenuPress: menu/press.wav
01:32:59.066 [FXGL Background Thread 3 ] DEBUG Engine               - soundMenuSelect: menu/select.wav
01:32:59.066 [FXGL Background Thread 3 ] DEBUG Engine               - soundNotification: core/notification.wav
01:32:59.066 [FXGL Background Thread 3 ] DEBUG Engine               - stageStyle: DECORATED
01:32:59.066 [FXGL Background Thread 3 ] DEBUG Engine               - supportedLanguages: [ENGLISH, FRENCH, GERMAN, HUNGARIAN, RUSSIAN]
01:32:59.066 [FXGL Background Thread 3 ] DEBUG Engine               - ticksPerSecond: -1
01:32:59.066 [FXGL Background Thread 3 ] DEBUG Engine               - title: 中国象棋 1.0
01:32:59.066 [FXGL Background Thread 3 ] DEBUG Engine               - urlGithub: https://github.com/AlmasB/FXGL
01:32:59.066 [FXGL Background Thread 3 ] DEBUG Engine               - urlLeaderboard: http://fxgl-top.herokuapp.com/
01:32:59.066 [FXGL Background Thread 3 ] DEBUG Engine               - urlPOM: https://raw.githubusercontent.com/AlmasB/FXGL/release/README.md
01:32:59.066 [FXGL Background Thread 3 ] DEBUG Engine               - userAppClass: class edu.sustech.xiangqi.XiangQiApp
01:32:59.066 [FXGL Background Thread 3 ] DEBUG Engine               - version: 1.0
01:32:59.066 [FXGL Background Thread 3 ] DEBUG Engine               - versionCheckDays: 7
01:32:59.066 [FXGL Background Thread 3 ] DEBUG Engine               - width: 1316
01:32:59.066 [FXGL Background Thread 3 ] DEBUG Engine               - Logging services
01:32:59.066 [FXGL Background Thread 3 ] DEBUG Engine               - class com.almasb.fxgl.app.services.FXGLAssetLoaderService
01:32:59.066 [FXGL Background Thread 3 ] DEBUG Engine               - class com.almasb.fxgl.app.FXGLApplication$GameApplicationService
01:32:59.066 [FXGL Background Thread 3 ] DEBUG Engine               - class com.almasb.fxgl.app.services.FXGLDialogService
01:32:59.066 [FXGL Background Thread 3 ] DEBUG Engine               - class com.almasb.fxgl.app.services.IOTaskExecutorService
01:32:59.066 [FXGL Background Thread 3 ] DEBUG Engine               - class com.almasb.fxgl.io.FileSystemService
01:32:59.066 [FXGL Background Thread 3 ] DEBUG Engine               - class com.almasb.fxgl.localization.LocalizationService
01:32:59.066 [FXGL Background Thread 3 ] DEBUG Engine               - class com.almasb.fxgl.app.services.SystemBundleService
01:32:59.066 [FXGL Background Thread 3 ] DEBUG Engine               - class com.almasb.fxgl.profile.SaveLoadService
01:32:59.066 [FXGL Background Thread 3 ] DEBUG Engine               - class com.almasb.fxgl.ui.FXGLUIFactoryServiceProvider
01:32:59.066 [FXGL Background Thread 3 ] DEBUG Engine               - class com.almasb.fxgl.ui.FXGLDialogFactoryServiceProvider
01:32:59.066 [FXGL Background Thread 3 ] DEBUG Engine               - class com.almasb.fxgl.audio.AudioPlayer
01:32:59.066 [FXGL Background Thread 3 ] DEBUG Engine               - class com.almasb.fxgl.notification.impl.NotificationServiceProvider
01:32:59.066 [FXGL Background Thread 3 ] DEBUG Engine               - class com.almasb.fxgl.achievement.AchievementService
01:32:59.066 [FXGL Background Thread 3 ] DEBUG Engine               - class com.almasb.fxgl.cutscene.CutsceneService
01:32:59.066 [FXGL Background Thread 3 ] DEBUG Engine               - class com.almasb.fxgl.minigames.MiniGameService
01:32:59.066 [FXGL Background Thread 3 ] DEBUG Engine               - class com.almasb.fxgl.net.NetService
01:32:59.066 [FXGL Background Thread 3 ] DEBUG Engine               - class com.almasb.fxgl.app.services.UpdaterService
01:32:59.066 [FXGL Background Thread 3 ] DEBUG Engine               - class com.almasb.fxgl.dev.DevService
01:33:02.346 [JavaFX Application Thread] DEBUG PrimaryStageWindow   - Push state: DialogSubScene
01:33:02.347 [JavaFX Application Thread] DEBUG Input                - Clearing active input actions
01:33:02.347 [JavaFX Application Thread] DEBUG GameApplicationServi - Removing overlay from MainMenuScene and adding to DialogSubScene
01:33:02.347 [JavaFX Application Thread] DEBUG PrimaryStageWindow   - MainMenuScene -> DialogSubScene
01:33:03.066 [JavaFX Application Thread] DEBUG PrimaryStageWindow   - Pop state: DialogSubScene
01:33:03.066 [JavaFX Application Thread] DEBUG Input                - Clearing active input actions
01:33:03.066 [JavaFX Application Thread] DEBUG GameApplicationServi - Removing overlay from DialogSubScene and adding to MainMenuScene
01:33:03.067 [JavaFX Application Thread] DEBUG PrimaryStageWindow   - MainMenuScene <- DialogSubScene
01:33:07.566 [JavaFX Application Thread] DEBUG PrimaryStageWindow   - Push state: DialogSubScene
01:33:07.566 [JavaFX Application Thread] DEBUG Input                - Clearing active input actions
01:33:07.566 [JavaFX Application Thread] DEBUG GameApplicationServi - Removing overlay from MainMenuScene and adding to DialogSubScene
01:33:07.566 [JavaFX Application Thread] DEBUG PrimaryStageWindow   - MainMenuScene -> DialogSubScene
01:33:08.205 [JavaFX Application Thread] DEBUG PrimaryStageWindow   - Pop state: DialogSubScene
01:33:08.205 [JavaFX Application Thread] DEBUG Input                - Clearing active input actions
01:33:08.206 [JavaFX Application Thread] DEBUG GameApplicationServi - Removing overlay from DialogSubScene and adding to MainMenuScene
01:33:08.206 [JavaFX Application Thread] DEBUG PrimaryStageWindow   - MainMenuScene <- DialogSubScene
01:33:12.712 [JavaFX Application Thread] DEBUG FXGLApplication      - Exiting FXGL
01:33:12.712 [JavaFX Application Thread] DEBUG LoopRunner           - Stopping loop
01:33:12.712 [JavaFX Application Thread] DEBUG SystemBundleService  - Saving FXGL system data
01:33:12.714 [JavaFX Application Thread] DEBUG FileSystemAccess     - Writing to: E:\G2\java\final_project\team_project_1124\javaA-xiangqi-project-main\system\fxgl.bundle
01:33:12.715 [JavaFX Application Thread] DEBUG Async                - Shutting down background threads
01:33:12.715 [JavaFX Application Thread] DEBUG PrimaryStageWindow   - Closing main window
01:33:12.729 [JavaFX Application Thread] DEBUG Logger               - Closing Logger
