19:48:13.606 [main                     ] DEBUG Logger               - Configured Logger
19:48:13.619 [main                     ] DEBUG GameApplication      - Logging settings
Title: 中国象棋 1.0
Version: 1.0
Width: 1316
Height: 1007
Fullscreen: false
Intro: false
Profiling: false
Single step:false
App Mode: DEVELOPER
Menu Key: ESCAPE
Stage Style: DECORATED
Scene Factory: class edu.sustech.xiangqi.XiangQiApp$1

19:48:14.039 [JavaFX Application Thread] DEBUG FXGLApplication      - Initializing FXGL
19:48:14.041 [JavaFX Application Thread] INFO  Engine               - FXGL-21.1 (27.03.2024 07.52) on WINDOWS (J:23.0.2 FX:21.0.1)
19:48:14.041 [JavaFX Application Thread] DEBUG Engine               - JRE Vendor Name: Amazon.com Inc.
19:48:14.041 [JavaFX Application Thread] DEBUG Engine               - Running on OS: Windows 11 version 10.0
19:48:14.041 [JavaFX Application Thread] DEBUG Engine               - Architecture: amd64
19:48:14.041 [JavaFX Application Thread] INFO  Engine               - Source code and latest versions at: https://github.com/AlmasB/FXGL
19:48:14.041 [JavaFX Application Thread] INFO  Engine               -       Ask questions and discuss at: https://github.com/AlmasB/FXGL/discussions
19:48:14.042 [JavaFX Application Thread] INFO  Engine               -              Join the FXGL chat at: https://gitter.im/AlmasB/FXGL
19:48:14.101 [JavaFX Application Thread] DEBUG PrimaryStageWindow   - Creating a JavaFX scene
19:48:14.130 [JavaFX Application Thread] DEBUG PrimaryStageWindow   - Target settings size: 1316.0 x 1007.0
19:48:14.130 [JavaFX Application Thread] DEBUG PrimaryStageWindow   - Scaled scene size:    1316.0 x 1007.0
19:48:14.131 [JavaFX Application Thread] DEBUG PrimaryStageWindow   - Scaled ratio: (1.0, 1.0)
19:48:14.131 [JavaFX Application Thread] DEBUG PrimaryStageWindow   - Set initial scene to FXGLStartupScene
19:48:14.132 [JavaFX Application Thread] DEBUG PrimaryStageWindow   - Opening main window
19:48:14.211 [JavaFX Application Thread] DEBUG PrimaryStageWindow   - Window border size: (14.6666259765625, 37.6666259765625)
19:48:14.212 [JavaFX Application Thread] DEBUG PrimaryStageWindow   - Scaled size: 1316.0 x 1007.0
19:48:14.212 [JavaFX Application Thread] DEBUG PrimaryStageWindow   - Scaled ratio: (1.0, 1.0)
19:48:14.212 [JavaFX Application Thread] DEBUG PrimaryStageWindow   - Scene size: 1316.0 x 1007.0
19:48:14.212 [JavaFX Application Thread] DEBUG PrimaryStageWindow   - Stage size: 1330.6666259765625 x 1044.6666259765625
19:48:14.218 [FXGL Background Thread 1 ] DEBUG Engine               - Initializing environment variables
19:48:14.274 [FXGL Background Thread 1 ] DEBUG FXGLAssetLoaderServi - User app class for loading assets: class edu.sustech.xiangqi.XiangQiApp
19:48:14.275 [FXGL Background Thread 1 ] DEBUG GameApplicationServi - Applying CSS: fxgl_dark.css
19:48:14.275 [FXGL Background Thread 1 ] DEBUG FXGLAssetLoaderServi - Loading from file system: jar:file:/C:/Users/%e5%b0%b9%e7%8e%ba%e9%aa%85/.m2/repository/com/github/almasb/fxgl/21.1/fxgl-21.1.jar!/fxglassets/ui/css/fxgl_dark.css
19:48:14.305 [FXGL Background Thread 1 ] DEBUG GameApplicationServi - Initializing application scenes
19:48:14.382 [FXGL Background Thread 1 ] DEBUG GameWorld            - Game world initialized
19:48:14.434 [FXGL Background Thread 1 ] DEBUG PhysicsWorld         - Physics world initialized: appHeight=1007, physics.ppm=50.0
19:48:14.434 [FXGL Background Thread 1 ] DEBUG PhysicsWorld         - Using strategy: BRUTE_FORCE
19:48:14.437 [FXGL Background Thread 1 ] DEBUG GameScene            - Game scene initialized: 1316x1007
19:48:14.440 [FXGL Background Thread 1 ] DEBUG FXGLAssetLoaderServi - Loading from file system: file:/E:/G2/java/final_project/team_project_1124/javaA-xiangqi-project-main/target/classes/assets/music/Whisper%20Records%20-%20%e5%8f%a4%e3%81%ae%e6%a3%ae.mp3
19:48:14.800 [FXGL Background Thread 1 ] DEBUG AudioPlayer          - Playing music com.almasb.fxgl.audio.Music@70d94e1b
19:48:14.805 [FXGL Background Thread 1 ] DEBUG FXGLAssetLoaderServi - Loading from file system: file:/E:/G2/java/final_project/team_project_1124/javaA-xiangqi-project-main/target/classes/assets/textures/Button1.png
19:48:14.817 [FXGL Background Thread 1 ] DEBUG FXGLAssetLoaderServi - Loading from file system: file:/E:/G2/java/final_project/team_project_1124/javaA-xiangqi-project-main/target/classes/assets/textures/Press.png
19:48:14.820 [FXGL Background Thread 1 ] DEBUG FXGLAssetLoaderServi - Loading from file system: file:/E:/G2/java/final_project/team_project_1124/javaA-xiangqi-project-main/target/classes/assets/sounds/%e6%8c%89%e9%92%ae%e9%9f%b3%e6%95%881.mp3
19:48:14.827 [FXGL Background Thread 1 ] DEBUG FXGLAssetLoaderServi - Loading from file system: file:/E:/G2/java/final_project/team_project_1124/javaA-xiangqi-project-main/target/classes/assets/ui/fonts/HYPixel11pxU-2.ttf
19:48:14.947 [FXGL Background Thread 1 ] DEBUG GameApplicationServi - Application scenes initialized
19:48:14.954 [FXGL Background Thread 1 ] DEBUG SystemBundleService  - Loading FXGL system data
19:48:14.958 [FXGL Background Thread 1 ] DEBUG FileSystemAccess     - Reading from: E:\G2\java\final_project\team_project_1124\javaA-xiangqi-project-main\system\fxgl.bundle
19:48:14.962 [FXGL Background Thread 1 ] DEBUG SystemBundleService  - Bundle FXGL: {}
19:48:14.962 [FXGL Background Thread 1 ] DEBUG UpdaterService       - Checking for updates
19:48:14.965 [FXGL Background Thread 4 ] DEBUG FXGLApplication      - Loading fonts
19:48:14.966 [FXGL Background Thread 4 ] DEBUG FXGLAssetLoaderServi - Loading from file system: jar:file:/C:/Users/%e5%b0%b9%e7%8e%ba%e9%aa%85/.m2/repository/com/github/almasb/fxgl/21.1/fxgl-21.1.jar!/fxglassets/ui/fonts/VarelaRound-Regular.ttf
19:48:14.966 [FXGL Background Thread 1 ] DEBUG FXGLApplication      - Loading default localization
19:48:14.966 [FXGL Background Thread 1 ] DEBUG FXGLAssetLoaderServi - Loading from file system: jar:file:/C:/Users/%e5%b0%b9%e7%8e%ba%e9%aa%85/.m2/repository/com/github/almasb/fxgl/21.1/fxgl-21.1.jar!/fxglassets/languages/english.lang
19:48:14.970 [FXGL Background Thread 4 ] DEBUG FXGLAssetLoaderServi - Loading from file system: jar:file:/C:/Users/%e5%b0%b9%e7%8e%ba%e9%aa%85/.m2/repository/com/github/almasb/fxgl/21.1/fxgl-21.1.jar!/fxglassets/ui/fonts/Abel-Regular.ttf
19:48:14.972 [FXGL Background Thread 4 ] DEBUG FXGLAssetLoaderServi - Loading from file system: jar:file:/C:/Users/%e5%b0%b9%e7%8e%ba%e9%aa%85/.m2/repository/com/github/almasb/fxgl/21.1/fxgl-21.1.jar!/fxglassets/ui/fonts/TerminalLandMono-Regular.otf
19:48:14.975 [FXGL Background Thread 4 ] DEBUG FXGLAssetLoaderServi - Loading from file system: jar:file:/C:/Users/%e5%b0%b9%e7%8e%ba%e9%aa%85/.m2/repository/com/github/almasb/fxgl/21.1/fxgl-21.1.jar!/fxglassets/ui/fonts/Courier-Prime.ttf
19:48:14.988 [JavaFX Application Thread] DEBUG FXGLApplication      - Registering font factories with UI factory
19:48:15.006 [FXGL Background Thread 1 ] INFO  FXGLApplication      - FXGL initialization took: 0.787 sec
19:48:15.010 [JavaFX Application Thread] DEBUG Input                - Registered new binding: Click - LMB
19:48:15.011 [JavaFX Application Thread] DEBUG FXGLAssetLoaderServi - Loading from file system: jar:file:/C:/Users/%e5%b0%b9%e7%8e%ba%e9%aa%85/.m2/repository/com/github/almasb/fxgl/21.1/fxgl-21.1.jar!/fxglassets/textures/fxgl_icon.png
19:48:15.034 [JavaFX Application Thread] DEBUG FXGLAssetLoaderServi - Loading from file system: jar:file:/C:/Users/%e5%b0%b9%e7%8e%ba%e9%aa%85/.m2/repository/com/github/almasb/fxgl/21.1/fxgl-21.1.jar!/fxglassets/textures/fxgl_default_cursor.png
19:48:15.047 [JavaFX Application Thread] DEBUG Input                - Registered new binding: Screenshot - CTRL+8
19:48:15.047 [JavaFX Application Thread] DEBUG Input                - Registered new binding: System info dump - CTRL+9
19:48:15.047 [JavaFX Application Thread] DEBUG Input                - Registered new binding: Restart - CTRL+R
19:48:15.048 [JavaFX Application Thread] DEBUG Input                - Registered new binding: Toggle Debug Camera - CTRL+7
19:48:15.050 [JavaFX Application Thread] DEBUG LoopRunner           - Starting loop
19:48:15.050 [JavaFX Application Thread] DEBUG LoopRunner           - Initializing JavaFX AnimationTimerLoop
19:48:15.053 [JavaFX Application Thread] DEBUG Input                - Clearing active input actions
19:48:15.060 [JavaFX Application Thread] DEBUG GameApplicationServi - Removing overlay from FXGLStartupScene and adding to FXGLMainMenuDummyScene
19:48:15.061 [JavaFX Application Thread] DEBUG PrimaryStageWindow   - FXGLStartupScene -> FXGLMainMenuDummyScene
19:48:15.061 [JavaFX Application Thread] DEBUG PrimaryStageWindow   - Push state: MainMenuScene
19:48:15.062 [JavaFX Application Thread] DEBUG Input                - Clearing active input actions
19:48:15.068 [JavaFX Application Thread] DEBUG GameApplicationServi - Removing overlay from FXGLMainMenuDummyScene and adding to MainMenuScene
19:48:15.068 [JavaFX Application Thread] DEBUG PrimaryStageWindow   - FXGLMainMenuDummyScene -> MainMenuScene
19:48:17.966 [FXGL Background Thread 3 ] DEBUG Engine               - Logging environment variables
19:48:17.966 [FXGL Background Thread 3 ] DEBUG Engine               - achievements: []
19:48:17.966 [FXGL Background Thread 3 ] DEBUG Engine               - actualHeight: 1007.0
19:48:17.966 [FXGL Background Thread 3 ] DEBUG Engine               - actualHeightProperty: ReadOnlyDoubleProperty [value: 1007.0]
19:48:17.966 [FXGL Background Thread 3 ] DEBUG Engine               - actualWidth: 1316.0
19:48:17.966 [FXGL Background Thread 3 ] DEBUG Engine               - actualWidthProperty: ReadOnlyDoubleProperty [value: 1316.0]
19:48:17.966 [FXGL Background Thread 3 ] DEBUG Engine               - appIcon: fxgl_icon.png
19:48:17.966 [FXGL Background Thread 3 ] DEBUG Engine               - applicationMode: DEVELOPER
19:48:17.966 [FXGL Background Thread 3 ] DEBUG Engine               - cSSList: [fxgl_dark.css]
19:48:17.966 [FXGL Background Thread 3 ] DEBUG Engine               - collisionDetectionStrategy: BRUTE_FORCE
19:48:17.967 [FXGL Background Thread 3 ] DEBUG Engine               - configClass: Optional.empty
19:48:17.967 [FXGL Background Thread 3 ] DEBUG Engine               - credits: []
19:48:17.968 [FXGL Background Thread 3 ] DEBUG Engine               - defaultCursor: CursorInfo(imageName=fxgl_default_cursor.png, hotspotX=7.0, hotspotY=6.0)
19:48:17.969 [FXGL Background Thread 3 ] DEBUG Engine               - devBBoxColorProperty: ObjectProperty [value: 0xff0000ff]
19:48:17.969 [FXGL Background Thread 3 ] DEBUG Engine               - devEnableDebugCameraProperty: BooleanProperty [value: false]
19:48:17.969 [FXGL Background Thread 3 ] DEBUG Engine               - devSensorColorProperty: ObjectProperty [value: 0xffff00ff]
19:48:17.969 [FXGL Background Thread 3 ] DEBUG Engine               - devShowBBoxProperty: BooleanProperty [value: false]
19:48:17.969 [FXGL Background Thread 3 ] DEBUG Engine               - devShowPositionProperty: BooleanProperty [value: false]
19:48:17.969 [FXGL Background Thread 3 ] DEBUG Engine               - enabledMenuItems: []
19:48:17.969 [FXGL Background Thread 3 ] DEBUG Engine               - engineServices: [class com.almasb.fxgl.app.services.FXGLAssetLoaderService, class com.almasb.fxgl.app.FXGLApplication$GameApplicationService, class com.almasb.fxgl.app.services.FXGLDialogService, class com.almasb.fxgl.app.services.IOTaskExecutorService, class com.almasb.fxgl.io.FileSystemService, class com.almasb.fxgl.localization.LocalizationService, class com.almasb.fxgl.app.services.SystemBundleService, class com.almasb.fxgl.profile.SaveLoadService, class com.almasb.fxgl.ui.FXGLUIFactoryServiceProvider, class com.almasb.fxgl.ui.FXGLDialogFactoryServiceProvider, class com.almasb.fxgl.audio.AudioPlayer, class com.almasb.fxgl.notification.impl.NotificationServiceProvider, class com.almasb.fxgl.achievement.AchievementService, class com.almasb.fxgl.cutscene.CutsceneService, class com.almasb.fxgl.minigames.MiniGameService, class com.almasb.fxgl.net.NetService, class com.almasb.fxgl.app.services.UpdaterService, class com.almasb.fxgl.dev.DevService]
19:48:17.969 [FXGL Background Thread 3 ] DEBUG Engine               - fontGame: Abel-Regular.ttf
19:48:17.969 [FXGL Background Thread 3 ] DEBUG Engine               - fontMono: TerminalLandMono-Regular.otf
19:48:17.969 [FXGL Background Thread 3 ] DEBUG Engine               - fontSizeScaleUI: 1.0
19:48:17.969 [FXGL Background Thread 3 ] DEBUG Engine               - fontText: Courier-Prime.ttf
19:48:17.969 [FXGL Background Thread 3 ] DEBUG Engine               - fontUI: VarelaRound-Regular.ttf
19:48:17.969 [FXGL Background Thread 3 ] DEBUG Engine               - fullScreen: BooleanProperty [value: false]
19:48:17.970 [FXGL Background Thread 3 ] DEBUG Engine               - gameDifficulty: MEDIUM
19:48:17.970 [FXGL Background Thread 3 ] DEBUG Engine               - gameDifficultyProperty: ObjectProperty [value: MEDIUM]
19:48:17.970 [FXGL Background Thread 3 ] DEBUG Engine               - globalMusicVolume: 0.5
19:48:17.970 [FXGL Background Thread 3 ] DEBUG Engine               - globalMusicVolumeProperty: DoubleProperty [value: 0.5]
19:48:17.970 [FXGL Background Thread 3 ] DEBUG Engine               - globalSoundVolume: 0.5
19:48:17.970 [FXGL Background Thread 3 ] DEBUG Engine               - globalSoundVolumeProperty: DoubleProperty [value: 0.5]
19:48:17.970 [FXGL Background Thread 3 ] DEBUG Engine               - height: 1007
19:48:17.970 [FXGL Background Thread 3 ] DEBUG Engine               - is3D: false
19:48:17.970 [FXGL Background Thread 3 ] DEBUG Engine               - isAndroid: false
19:48:17.970 [FXGL Background Thread 3 ] DEBUG Engine               - isBrowser: false
19:48:17.970 [FXGL Background Thread 3 ] DEBUG Engine               - isClickFeedbackEnabled: false
19:48:17.970 [FXGL Background Thread 3 ] DEBUG Engine               - isCloseConfirmation: false
19:48:17.970 [FXGL Background Thread 3 ] DEBUG Engine               - isDesktop: true
19:48:17.971 [FXGL Background Thread 3 ] DEBUG Engine               - isDeveloperMenuEnabled: false
19:48:17.971 [FXGL Background Thread 3 ] DEBUG Engine               - isEmbedded: false
19:48:17.971 [FXGL Background Thread 3 ] DEBUG Engine               - isEntityPreloadEnabled: true
19:48:17.971 [FXGL Background Thread 3 ] DEBUG Engine               - isExperimentalTiledLargeMap: false
19:48:17.971 [FXGL Background Thread 3 ] DEBUG Engine               - isFileSystemWriteAllowed: true
19:48:17.971 [FXGL Background Thread 3 ] DEBUG Engine               - isFullScreenAllowed: false
19:48:17.971 [FXGL Background Thread 3 ] DEBUG Engine               - isFullScreenFromStart: false
19:48:17.971 [FXGL Background Thread 3 ] DEBUG Engine               - isGameMenuEnabled: true
19:48:17.971 [FXGL Background Thread 3 ] DEBUG Engine               - isIOS: false
19:48:17.971 [FXGL Background Thread 3 ] DEBUG Engine               - isIntroEnabled: false
19:48:17.971 [FXGL Background Thread 3 ] DEBUG Engine               - isLinux: false
19:48:17.971 [FXGL Background Thread 3 ] DEBUG Engine               - isMac: false
19:48:17.971 [FXGL Background Thread 3 ] DEBUG Engine               - isMainMenuEnabled: true
19:48:17.971 [FXGL Background Thread 3 ] DEBUG Engine               - isManualResizeEnabled: true
19:48:17.971 [FXGL Background Thread 3 ] DEBUG Engine               - isMobile: false
19:48:17.971 [FXGL Background Thread 3 ] DEBUG Engine               - isNative: false
19:48:17.971 [FXGL Background Thread 3 ] DEBUG Engine               - isPauseMusicWhenMinimized: true
19:48:17.971 [FXGL Background Thread 3 ] DEBUG Engine               - isPreserveResizeRatio: true
19:48:17.971 [FXGL Background Thread 3 ] DEBUG Engine               - isProfilingEnabled: false
19:48:17.971 [FXGL Background Thread 3 ] DEBUG Engine               - isScaleAffectedOnResize: true
19:48:17.971 [FXGL Background Thread 3 ] DEBUG Engine               - isSingleStep: false
19:48:17.971 [FXGL Background Thread 3 ] DEBUG Engine               - isUserProfileEnabled: false
19:48:17.972 [FXGL Background Thread 3 ] DEBUG Engine               - isWindows: true
19:48:17.972 [FXGL Background Thread 3 ] DEBUG Engine               - language: ObjectProperty [value: ENGLISH]
19:48:17.972 [FXGL Background Thread 3 ] DEBUG Engine               - menuKey: ESCAPE
19:48:17.972 [FXGL Background Thread 3 ] DEBUG Engine               - mouseSensitivity: 0.2
19:48:17.972 [FXGL Background Thread 3 ] DEBUG Engine               - notificationViewClass: class com.almasb.fxgl.notification.view.XboxNotificationView
19:48:17.972 [FXGL Background Thread 3 ] DEBUG Engine               - pixelsPerMeter: 50.0
19:48:17.972 [FXGL Background Thread 3 ] DEBUG Engine               - platform: WINDOWS
19:48:17.972 [FXGL Background Thread 3 ] DEBUG Engine               - prefHeightProperty: ReadOnlyDoubleProperty [value: 1007.0]
19:48:17.972 [FXGL Background Thread 3 ] DEBUG Engine               - prefWidthProperty: ReadOnlyDoubleProperty [value: 1316.0]
19:48:17.972 [FXGL Background Thread 3 ] DEBUG Engine               - profileDir: profiles/
19:48:17.972 [FXGL Background Thread 3 ] DEBUG Engine               - profileName: StringProperty [value: DEFAULT]
19:48:17.972 [FXGL Background Thread 3 ] DEBUG Engine               - randomSeed: -1
19:48:17.972 [FXGL Background Thread 3 ] DEBUG Engine               - runtimeInfo: RuntimeInfo(platform=WINDOWS, version=21.1, build=27.03.2024 07.52)
19:48:17.972 [FXGL Background Thread 3 ] DEBUG Engine               - saveFileExt: sav
19:48:17.972 [FXGL Background Thread 3 ] DEBUG Engine               - scaledHeightProp$fxgl: DoubleProperty [bound, value: 1007.0]
19:48:17.972 [FXGL Background Thread 3 ] DEBUG Engine               - scaledWidthProp$fxgl: DoubleProperty [bound, value: 1316.0]
19:48:17.972 [FXGL Background Thread 3 ] DEBUG Engine               - sceneFactory: edu.sustech.xiangqi.XiangQiApp$1@69a28ded
19:48:17.972 [FXGL Background Thread 3 ] DEBUG Engine               - secondsIn24h: 60
19:48:17.972 [FXGL Background Thread 3 ] DEBUG Engine               - soundMenuBack: menu/back.wav
19:48:17.972 [FXGL Background Thread 3 ] DEBUG Engine               - soundMenuPress: menu/press.wav
19:48:17.973 [FXGL Background Thread 3 ] DEBUG Engine               - soundMenuSelect: menu/select.wav
19:48:17.973 [FXGL Background Thread 3 ] DEBUG Engine               - soundNotification: core/notification.wav
19:48:17.973 [FXGL Background Thread 3 ] DEBUG Engine               - stageStyle: DECORATED
19:48:17.973 [FXGL Background Thread 3 ] DEBUG Engine               - supportedLanguages: [ENGLISH, FRENCH, GERMAN, HUNGARIAN, RUSSIAN]
19:48:17.973 [FXGL Background Thread 3 ] DEBUG Engine               - ticksPerSecond: -1
19:48:17.973 [FXGL Background Thread 3 ] DEBUG Engine               - title: 中国象棋 1.0
19:48:17.973 [FXGL Background Thread 3 ] DEBUG Engine               - urlGithub: https://github.com/AlmasB/FXGL
19:48:17.973 [FXGL Background Thread 3 ] DEBUG Engine               - urlLeaderboard: http://fxgl-top.herokuapp.com/
19:48:17.973 [FXGL Background Thread 3 ] DEBUG Engine               - urlPOM: https://raw.githubusercontent.com/AlmasB/FXGL/release/README.md
19:48:17.973 [FXGL Background Thread 3 ] DEBUG Engine               - userAppClass: class edu.sustech.xiangqi.XiangQiApp
19:48:17.973 [FXGL Background Thread 3 ] DEBUG Engine               - version: 1.0
19:48:17.973 [FXGL Background Thread 3 ] DEBUG Engine               - versionCheckDays: 7
19:48:17.973 [FXGL Background Thread 3 ] DEBUG Engine               - width: 1316
19:48:17.973 [FXGL Background Thread 3 ] DEBUG Engine               - Logging services
19:48:17.973 [FXGL Background Thread 3 ] DEBUG Engine               - class com.almasb.fxgl.app.services.FXGLAssetLoaderService
19:48:17.973 [FXGL Background Thread 3 ] DEBUG Engine               - class com.almasb.fxgl.app.FXGLApplication$GameApplicationService
19:48:17.973 [FXGL Background Thread 3 ] DEBUG Engine               - class com.almasb.fxgl.app.services.FXGLDialogService
19:48:17.973 [FXGL Background Thread 3 ] DEBUG Engine               - class com.almasb.fxgl.app.services.IOTaskExecutorService
19:48:17.973 [FXGL Background Thread 3 ] DEBUG Engine               - class com.almasb.fxgl.io.FileSystemService
19:48:17.973 [FXGL Background Thread 3 ] DEBUG Engine               - class com.almasb.fxgl.localization.LocalizationService
19:48:17.973 [FXGL Background Thread 3 ] DEBUG Engine               - class com.almasb.fxgl.app.services.SystemBundleService
19:48:17.973 [FXGL Background Thread 3 ] DEBUG Engine               - class com.almasb.fxgl.profile.SaveLoadService
19:48:17.973 [FXGL Background Thread 3 ] DEBUG Engine               - class com.almasb.fxgl.ui.FXGLUIFactoryServiceProvider
19:48:17.973 [FXGL Background Thread 3 ] DEBUG Engine               - class com.almasb.fxgl.ui.FXGLDialogFactoryServiceProvider
19:48:17.973 [FXGL Background Thread 3 ] DEBUG Engine               - class com.almasb.fxgl.audio.AudioPlayer
19:48:17.973 [FXGL Background Thread 3 ] DEBUG Engine               - class com.almasb.fxgl.notification.impl.NotificationServiceProvider
19:48:17.973 [FXGL Background Thread 3 ] DEBUG Engine               - class com.almasb.fxgl.achievement.AchievementService
19:48:17.973 [FXGL Background Thread 3 ] DEBUG Engine               - class com.almasb.fxgl.cutscene.CutsceneService
19:48:17.973 [FXGL Background Thread 3 ] DEBUG Engine               - class com.almasb.fxgl.minigames.MiniGameService
19:48:17.973 [FXGL Background Thread 3 ] DEBUG Engine               - class com.almasb.fxgl.net.NetService
19:48:17.973 [FXGL Background Thread 3 ] DEBUG Engine               - class com.almasb.fxgl.app.services.UpdaterService
19:48:17.973 [FXGL Background Thread 3 ] DEBUG Engine               - class com.almasb.fxgl.dev.DevService
19:48:21.612 [JavaFX Application Thread] DEBUG Menu                 - fireNewGame()
19:48:21.612 [JavaFX Application Thread] DEBUG GameApplicationServi - Starting new game
19:48:21.612 [JavaFX Application Thread] DEBUG PrimaryStageWindow   - Pop state: MainMenuScene
19:48:21.612 [JavaFX Application Thread] DEBUG Input                - Clearing active input actions
19:48:21.613 [JavaFX Application Thread] DEBUG GameApplicationServi - Removing overlay from MainMenuScene and adding to FXGLMainMenuDummyScene
19:48:21.613 [JavaFX Application Thread] DEBUG PrimaryStageWindow   - FXGLMainMenuDummyScene <- MainMenuScene
19:48:21.613 [JavaFX Application Thread] DEBUG Input                - Clearing active input actions
19:48:21.616 [JavaFX Application Thread] DEBUG GameApplicationServi - Removing overlay from FXGLMainMenuDummyScene and adding to FXGLLoadingScene
19:48:21.616 [JavaFX Application Thread] DEBUG PrimaryStageWindow   - FXGLMainMenuDummyScene -> FXGLLoadingScene
19:48:21.616 [JavaFX Application Thread] DEBUG GameApplicationServi - Clearing previous game
19:48:21.616 [JavaFX Application Thread] DEBUG GameScene            - Clearing game scene
19:48:21.617 [JavaFX Application Thread] DEBUG GameWorld            - Clearing game world
19:48:21.617 [JavaFX Application Thread] DEBUG PhysicsWorld         - Clearing physics world
19:48:21.620 [FXGL Background Thread 2 ] DEBUG FXGLApplication      - Initializing game
19:48:21.633 [FXGL Background Thread 2 ] DEBUG FXGLAssetLoaderServi - Loading from file system: file:/E:/G2/java/final_project/team_project_1124/javaA-xiangqi-project-main/target/classes/assets/textures/%e8%83%8c%e6%99%af.jpg
19:48:21.688 [FXGL Background Thread 2 ] DEBUG FXGLAssetLoaderServi - Loading from file system: file:/E:/G2/java/final_project/team_project_1124/javaA-xiangqi-project-main/target/classes/assets/textures/ChessBoard.png
19:48:21.705 [FXGL Background Thread 2 ] DEBUG FXGLAssetLoaderServi - Loading from file system: file:/E:/G2/java/final_project/team_project_1124/javaA-xiangqi-project-main/target/classes/assets/textures/RedGeneral.png
19:48:21.709 [FXGL Background Thread 2 ] DEBUG FXGLAssetLoaderServi - Loading from file system: file:/E:/G2/java/final_project/team_project_1124/javaA-xiangqi-project-main/target/classes/assets/textures/RedAdvisor.png
19:48:21.710 [FXGL Background Thread 2 ] DEBUG FXGLAssetLoaderServi - Loading from file system: file:/E:/G2/java/final_project/team_project_1124/javaA-xiangqi-project-main/target/classes/assets/textures/RedElephant.png
19:48:21.712 [FXGL Background Thread 2 ] DEBUG FXGLAssetLoaderServi - Loading from file system: file:/E:/G2/java/final_project/team_project_1124/javaA-xiangqi-project-main/target/classes/assets/textures/RedHorse.png
19:48:21.713 [FXGL Background Thread 2 ] DEBUG FXGLAssetLoaderServi - Loading from file system: file:/E:/G2/java/final_project/team_project_1124/javaA-xiangqi-project-main/target/classes/assets/textures/RedChariot.png
19:48:21.715 [FXGL Background Thread 2 ] DEBUG FXGLAssetLoaderServi - Loading from file system: file:/E:/G2/java/final_project/team_project_1124/javaA-xiangqi-project-main/target/classes/assets/textures/RedCannon.png
19:48:21.715 [FXGL Background Thread 2 ] DEBUG FXGLAssetLoaderServi - Loading from file system: file:/E:/G2/java/final_project/team_project_1124/javaA-xiangqi-project-main/target/classes/assets/textures/RedSoldier.png
19:48:21.716 [FXGL Background Thread 2 ] DEBUG FXGLAssetLoaderServi - Loading from file system: file:/E:/G2/java/final_project/team_project_1124/javaA-xiangqi-project-main/target/classes/assets/textures/BlackGeneral.png
19:48:21.717 [FXGL Background Thread 2 ] DEBUG FXGLAssetLoaderServi - Loading from file system: file:/E:/G2/java/final_project/team_project_1124/javaA-xiangqi-project-main/target/classes/assets/textures/BlackAdvisor.png
19:48:21.718 [FXGL Background Thread 2 ] DEBUG FXGLAssetLoaderServi - Loading from file system: file:/E:/G2/java/final_project/team_project_1124/javaA-xiangqi-project-main/target/classes/assets/textures/BlackElephant.png
19:48:21.719 [FXGL Background Thread 2 ] DEBUG FXGLAssetLoaderServi - Loading from file system: file:/E:/G2/java/final_project/team_project_1124/javaA-xiangqi-project-main/target/classes/assets/textures/BlackHorse.png
19:48:21.720 [FXGL Background Thread 2 ] DEBUG FXGLAssetLoaderServi - Loading from file system: file:/E:/G2/java/final_project/team_project_1124/javaA-xiangqi-project-main/target/classes/assets/textures/BlackChariot.png
19:48:21.721 [FXGL Background Thread 2 ] DEBUG FXGLAssetLoaderServi - Loading from file system: file:/E:/G2/java/final_project/team_project_1124/javaA-xiangqi-project-main/target/classes/assets/textures/BlackCannon.png
19:48:21.722 [FXGL Background Thread 2 ] DEBUG FXGLAssetLoaderServi - Loading from file system: file:/E:/G2/java/final_project/team_project_1124/javaA-xiangqi-project-main/target/classes/assets/textures/BlackSoldier.png
19:48:21.725 [FXGL Background Thread 2 ] INFO  FXGLApplication      - Game initialization took: 0.105 sec
19:48:21.725 [JavaFX Application Thread] DEBUG Input                - Clearing active input actions
19:48:21.730 [JavaFX Application Thread] DEBUG GameApplicationServi - Removing overlay from FXGLLoadingScene and adding to GameScene
19:48:21.730 [JavaFX Application Thread] DEBUG PrimaryStageWindow   - FXGLLoadingScene -> GameScene
19:48:22.756 [JavaFX Application Thread] DEBUG PrimaryStageWindow   - Push state: InGameMenuScene
19:48:22.757 [JavaFX Application Thread] DEBUG Input                - Clearing active input actions
19:48:22.757 [JavaFX Application Thread] DEBUG GameApplicationServi - Removing overlay from GameScene and adding to InGameMenuScene
19:48:22.757 [JavaFX Application Thread] DEBUG PrimaryStageWindow   - GameScene -> InGameMenuScene
19:48:23.797 [JavaFX Application Thread] DEBUG Menu                 - fireExitToMainMenu()
19:48:23.800 [JavaFX Application Thread] DEBUG PrimaryStageWindow   - Push state: DialogSubScene
19:48:23.800 [JavaFX Application Thread] DEBUG Input                - Clearing active input actions
19:48:23.800 [JavaFX Application Thread] DEBUG GameApplicationServi - Removing overlay from InGameMenuScene and adding to DialogSubScene
19:48:23.800 [JavaFX Application Thread] DEBUG PrimaryStageWindow   - InGameMenuScene -> DialogSubScene
19:48:24.336 [JavaFX Application Thread] DEBUG PrimaryStageWindow   - Pop state: DialogSubScene
19:48:24.336 [JavaFX Application Thread] DEBUG Input                - Clearing active input actions
19:48:24.337 [JavaFX Application Thread] DEBUG GameApplicationServi - Removing overlay from DialogSubScene and adding to InGameMenuScene
19:48:24.337 [JavaFX Application Thread] DEBUG PrimaryStageWindow   - InGameMenuScene <- DialogSubScene
19:48:24.337 [JavaFX Application Thread] DEBUG PrimaryStageWindow   - Pop state: InGameMenuScene
19:48:24.337 [JavaFX Application Thread] DEBUG Input                - Clearing active input actions
19:48:24.337 [JavaFX Application Thread] DEBUG GameApplicationServi - Removing overlay from InGameMenuScene and adding to GameScene
19:48:24.337 [JavaFX Application Thread] DEBUG PrimaryStageWindow   - GameScene <- InGameMenuScene
19:48:24.337 [JavaFX Application Thread] DEBUG Input                - Clearing active input actions
19:48:24.338 [JavaFX Application Thread] DEBUG GameApplicationServi - Removing overlay from GameScene and adding to FXGLMainMenuDummyScene
19:48:24.339 [JavaFX Application Thread] DEBUG PrimaryStageWindow   - GameScene -> FXGLMainMenuDummyScene
19:48:24.339 [JavaFX Application Thread] DEBUG PrimaryStageWindow   - Push state: MainMenuScene
19:48:24.339 [JavaFX Application Thread] DEBUG Input                - Clearing active input actions
19:48:24.339 [JavaFX Application Thread] DEBUG GameApplicationServi - Removing overlay from FXGLMainMenuDummyScene and adding to MainMenuScene
19:48:24.339 [JavaFX Application Thread] DEBUG PrimaryStageWindow   - FXGLMainMenuDummyScene -> MainMenuScene
19:48:25.466 [JavaFX Application Thread] DEBUG FXGLApplication      - Exiting FXGL
19:48:25.466 [JavaFX Application Thread] DEBUG LoopRunner           - Stopping loop
19:48:25.466 [JavaFX Application Thread] DEBUG SystemBundleService  - Saving FXGL system data
19:48:25.467 [JavaFX Application Thread] DEBUG FileSystemAccess     - Writing to: E:\G2\java\final_project\team_project_1124\javaA-xiangqi-project-main\system\fxgl.bundle
19:48:25.468 [JavaFX Application Thread] DEBUG Async                - Shutting down background threads
19:48:25.468 [JavaFX Application Thread] DEBUG PrimaryStageWindow   - Closing main window
19:48:25.481 [JavaFX Application Thread] DEBUG Logger               - Closing Logger
