18:20:40.397 [main                     ] DEBUG Logger               - Configured Logger
18:20:40.419 [main                     ] DEBUG GameApplication      - Logging settings
Title: 中国象棋 1.0
Version: 1.0
Width: 1316
Height: 1007
Fullscreen: false
Intro: false
Profiling: false
Single step:false
App Mode: DEVELOPER
Menu Key: ESCAPE
Stage Style: DECORATED
Scene Factory: class edu.sustech.xiangqi.XiangQiApp$1

18:20:40.742 [JavaFX Application Thread] DEBUG FXGLApplication      - Initializing FXGL
18:20:40.744 [JavaFX Application Thread] INFO  Engine               - FXGL-21.1 (27.03.2024 07.52) on WINDOWS (J:23.0.1 FX:21.0.1)
18:20:40.744 [JavaFX Application Thread] DEBUG Engine               - JRE Vendor Name: Oracle Corporation
18:20:40.744 [JavaFX Application Thread] DEBUG Engine               - Running on OS: Windows 11 version 10.0
18:20:40.744 [JavaFX Application Thread] DEBUG Engine               - Architecture: amd64
18:20:40.744 [JavaFX Application Thread] INFO  Engine               - Source code and latest versions at: https://github.com/AlmasB/FXGL
18:20:40.744 [JavaFX Application Thread] INFO  Engine               -       Ask questions and discuss at: https://github.com/AlmasB/FXGL/discussions
18:20:40.744 [JavaFX Application Thread] INFO  Engine               -              Join the FXGL chat at: https://gitter.im/AlmasB/FXGL
18:20:40.795 [JavaFX Application Thread] DEBUG PrimaryStageWindow   - Creating a JavaFX scene
18:20:40.818 [JavaFX Application Thread] DEBUG PrimaryStageWindow   - Target settings size: 1316.0 x 1007.0
18:20:40.818 [JavaFX Application Thread] DEBUG PrimaryStageWindow   - Scaled scene size:    1316.0 x 1007.0
18:20:40.818 [JavaFX Application Thread] DEBUG PrimaryStageWindow   - Scaled ratio: (1.0, 1.0)
18:20:40.819 [JavaFX Application Thread] DEBUG PrimaryStageWindow   - Set initial scene to FXGLStartupScene
18:20:40.821 [JavaFX Application Thread] DEBUG PrimaryStageWindow   - Opening main window
18:20:40.905 [JavaFX Application Thread] DEBUG PrimaryStageWindow   - Window border size: (14.6666259765625, 37.6666259765625)
18:20:40.905 [JavaFX Application Thread] DEBUG PrimaryStageWindow   - Scaled size: 1316.0 x 1007.0
18:20:40.905 [JavaFX Application Thread] DEBUG PrimaryStageWindow   - Scaled ratio: (1.0, 1.0)
18:20:40.906 [JavaFX Application Thread] DEBUG PrimaryStageWindow   - Scene size: 1316.0 x 1007.0
18:20:40.906 [JavaFX Application Thread] DEBUG PrimaryStageWindow   - Stage size: 1330.6666259765625 x 1044.6666259765625
18:20:40.913 [FXGL Background Thread 1 ] DEBUG Engine               - Initializing environment variables
18:20:40.941 [FXGL Background Thread 1 ] DEBUG FXGLAssetLoaderServi - User app class for loading assets: class edu.sustech.xiangqi.XiangQiApp
18:20:40.941 [FXGL Background Thread 1 ] DEBUG GameApplicationServi - Applying CSS: fxgl_dark.css
18:20:40.941 [FXGL Background Thread 1 ] DEBUG FXGLAssetLoaderServi - Loading from file system: jar:file:/C:/Users/20140/.m2/repository/com/github/almasb/fxgl/21.1/fxgl-21.1.jar!/fxglassets/ui/css/fxgl_dark.css
18:20:40.974 [FXGL Background Thread 1 ] DEBUG GameApplicationServi - Initializing application scenes
18:20:41.038 [FXGL Background Thread 1 ] DEBUG GameWorld            - Game world initialized
18:20:41.086 [FXGL Background Thread 1 ] DEBUG PhysicsWorld         - Physics world initialized: appHeight=1007, physics.ppm=50.0
18:20:41.087 [FXGL Background Thread 1 ] DEBUG PhysicsWorld         - Using strategy: BRUTE_FORCE
18:20:41.089 [FXGL Background Thread 1 ] DEBUG GameScene            - Game scene initialized: 1316x1007
18:20:41.094 [FXGL Background Thread 1 ] DEBUG FXGLAssetLoaderServi - Loading from file system: file:/D:/Github/javaA-xiangqi-project-main-yxh-1125/target/classes/assets/ui/fonts/HYPixel11pxU-2.ttf
18:20:41.115 [FXGL Background Thread 1 ] DEBUG FXGLAssetLoaderServi - Loading from file system: file:/D:/Github/javaA-xiangqi-project-main-yxh-1125/target/classes/assets/textures/Button1.png
18:20:41.126 [FXGL Background Thread 1 ] DEBUG FXGLAssetLoaderServi - Loading from file system: file:/D:/Github/javaA-xiangqi-project-main-yxh-1125/target/classes/assets/textures/Press.png
18:20:41.145 [FXGL Background Thread 1 ] DEBUG GameApplicationServi - Application scenes initialized
18:20:41.151 [FXGL Background Thread 1 ] DEBUG SystemBundleService  - Loading FXGL system data
18:20:41.151 [FXGL Background Thread 1 ] DEBUG FileSystemAccess     - Reading from: D:\Github\javaA-xiangqi-project-main-yxh-1125\system\fxgl.bundle
18:20:41.153 [FXGL Background Thread 1 ] DEBUG SystemBundleService  - Bundle FXGL: {}
18:20:41.153 [FXGL Background Thread 1 ] DEBUG UpdaterService       - Checking for updates
18:20:41.157 [FXGL Background Thread 4 ] DEBUG FXGLApplication      - Loading fonts
18:20:41.158 [FXGL Background Thread 4 ] DEBUG FXGLAssetLoaderServi - Loading from file system: jar:file:/C:/Users/20140/.m2/repository/com/github/almasb/fxgl/21.1/fxgl-21.1.jar!/fxglassets/ui/fonts/VarelaRound-Regular.ttf
18:20:41.158 [FXGL Background Thread 1 ] DEBUG FXGLApplication      - Loading default localization
18:20:41.158 [FXGL Background Thread 1 ] DEBUG FXGLAssetLoaderServi - Loading from file system: jar:file:/C:/Users/20140/.m2/repository/com/github/almasb/fxgl/21.1/fxgl-21.1.jar!/fxglassets/languages/english.lang
18:20:41.169 [FXGL Background Thread 4 ] DEBUG FXGLAssetLoaderServi - Loading from file system: jar:file:/C:/Users/20140/.m2/repository/com/github/almasb/fxgl/21.1/fxgl-21.1.jar!/fxglassets/ui/fonts/Abel-Regular.ttf
18:20:41.179 [FXGL Background Thread 4 ] DEBUG FXGLAssetLoaderServi - Loading from file system: jar:file:/C:/Users/20140/.m2/repository/com/github/almasb/fxgl/21.1/fxgl-21.1.jar!/fxglassets/ui/fonts/TerminalLandMono-Regular.otf
18:20:41.184 [FXGL Background Thread 1 ] INFO  FXGLApplication      - FXGL initialization took: 0.271 sec
18:20:41.188 [FXGL Background Thread 4 ] DEBUG FXGLAssetLoaderServi - Loading from file system: jar:file:/C:/Users/20140/.m2/repository/com/github/almasb/fxgl/21.1/fxgl-21.1.jar!/fxglassets/ui/fonts/Courier-Prime.ttf
18:20:41.192 [JavaFX Application Thread] DEBUG Input                - Registered new binding: Click - LMB
18:20:41.196 [JavaFX Application Thread] DEBUG FXGLAssetLoaderServi - Loading from file system: jar:file:/C:/Users/20140/.m2/repository/com/github/almasb/fxgl/21.1/fxgl-21.1.jar!/fxglassets/textures/fxgl_icon.png
18:20:41.209 [JavaFX Application Thread] DEBUG FXGLAssetLoaderServi - Loading from file system: jar:file:/C:/Users/20140/.m2/repository/com/github/almasb/fxgl/21.1/fxgl-21.1.jar!/fxglassets/textures/fxgl_default_cursor.png
18:20:41.217 [JavaFX Application Thread] DEBUG Input                - Registered new binding: Screenshot - CTRL+8
18:20:41.217 [JavaFX Application Thread] DEBUG Input                - Registered new binding: System info dump - CTRL+9
18:20:41.218 [JavaFX Application Thread] DEBUG Input                - Registered new binding: Restart - CTRL+R
18:20:41.220 [JavaFX Application Thread] DEBUG Input                - Registered new binding: Toggle Debug Camera - CTRL+7
18:20:41.225 [JavaFX Application Thread] DEBUG LoopRunner           - Starting loop
18:20:41.225 [JavaFX Application Thread] DEBUG LoopRunner           - Initializing JavaFX AnimationTimerLoop
18:20:41.231 [JavaFX Application Thread] DEBUG Input                - Clearing active input actions
18:20:41.234 [JavaFX Application Thread] DEBUG GameApplicationServi - Removing overlay from FXGLStartupScene and adding to FXGLMainMenuDummyScene
18:20:41.234 [JavaFX Application Thread] DEBUG PrimaryStageWindow   - FXGLStartupScene -> FXGLMainMenuDummyScene
18:20:41.235 [JavaFX Application Thread] DEBUG PrimaryStageWindow   - Push state: MainMenuScene
18:20:41.235 [JavaFX Application Thread] DEBUG Input                - Clearing active input actions
18:20:41.239 [JavaFX Application Thread] DEBUG GameApplicationServi - Removing overlay from FXGLMainMenuDummyScene and adding to MainMenuScene
18:20:41.240 [JavaFX Application Thread] DEBUG PrimaryStageWindow   - FXGLMainMenuDummyScene -> MainMenuScene
18:20:41.265 [JavaFX Application Thread] DEBUG FXGLApplication      - Registering font factories with UI factory
18:20:42.923 [JavaFX Application Thread] DEBUG FXGLAssetLoaderServi - Loading from file system: file:/D:/Github/javaA-xiangqi-project-main-yxh-1125/target/classes/assets/music/%e6%8c%89%e9%92%ae%e9%9f%b3%e6%95%881.mp3
18:20:42.990 [JavaFX Application Thread] DEBUG AudioPlayer          - Playing music com.almasb.fxgl.audio.Music@502a0726
18:20:43.051 [JavaFX Application Thread] DEBUG AudioPlayer          - Playing music com.almasb.fxgl.audio.Music@502a0726
18:20:43.332 [JavaFX Application Thread] DEBUG AudioPlayer          - Playing music com.almasb.fxgl.audio.Music@502a0726
18:20:43.459 [JavaFX Application Thread] DEBUG Menu                 - fireExit()
18:20:43.463 [JavaFX Application Thread] DEBUG PrimaryStageWindow   - Push state: DialogSubScene
18:20:43.463 [JavaFX Application Thread] DEBUG Input                - Clearing active input actions
18:20:43.465 [JavaFX Application Thread] DEBUG GameApplicationServi - Removing overlay from MainMenuScene and adding to DialogSubScene
18:20:43.465 [JavaFX Application Thread] DEBUG PrimaryStageWindow   - MainMenuScene -> DialogSubScene
18:20:44.158 [FXGL Background Thread 3 ] DEBUG Engine               - Logging environment variables
18:20:44.158 [FXGL Background Thread 3 ] DEBUG Engine               - achievements: []
18:20:44.158 [FXGL Background Thread 3 ] DEBUG Engine               - actualHeight: 1007.0
18:20:44.158 [FXGL Background Thread 3 ] DEBUG Engine               - actualHeightProperty: ReadOnlyDoubleProperty [value: 1007.0]
18:20:44.158 [FXGL Background Thread 3 ] DEBUG Engine               - actualWidth: 1316.0
18:20:44.158 [FXGL Background Thread 3 ] DEBUG Engine               - actualWidthProperty: ReadOnlyDoubleProperty [value: 1316.0]
18:20:44.158 [FXGL Background Thread 3 ] DEBUG Engine               - appIcon: fxgl_icon.png
18:20:44.158 [FXGL Background Thread 3 ] DEBUG Engine               - applicationMode: DEVELOPER
18:20:44.158 [FXGL Background Thread 3 ] DEBUG Engine               - cSSList: [fxgl_dark.css]
18:20:44.158 [FXGL Background Thread 3 ] DEBUG Engine               - collisionDetectionStrategy: BRUTE_FORCE
18:20:44.158 [FXGL Background Thread 3 ] DEBUG Engine               - configClass: Optional.empty
18:20:44.158 [FXGL Background Thread 3 ] DEBUG Engine               - credits: []
18:20:44.159 [FXGL Background Thread 3 ] DEBUG Engine               - defaultCursor: CursorInfo(imageName=fxgl_default_cursor.png, hotspotX=7.0, hotspotY=6.0)
18:20:44.159 [FXGL Background Thread 3 ] DEBUG Engine               - devBBoxColorProperty: ObjectProperty [value: 0xff0000ff]
18:20:44.159 [FXGL Background Thread 3 ] DEBUG Engine               - devEnableDebugCameraProperty: BooleanProperty [value: false]
18:20:44.159 [FXGL Background Thread 3 ] DEBUG Engine               - devSensorColorProperty: ObjectProperty [value: 0xffff00ff]
18:20:44.159 [FXGL Background Thread 3 ] DEBUG Engine               - devShowBBoxProperty: BooleanProperty [value: false]
18:20:44.159 [FXGL Background Thread 3 ] DEBUG Engine               - devShowPositionProperty: BooleanProperty [value: false]
18:20:44.159 [FXGL Background Thread 3 ] DEBUG Engine               - enabledMenuItems: []
18:20:44.159 [FXGL Background Thread 3 ] DEBUG Engine               - engineServices: [class com.almasb.fxgl.app.services.FXGLAssetLoaderService, class com.almasb.fxgl.app.FXGLApplication$GameApplicationService, class com.almasb.fxgl.app.services.FXGLDialogService, class com.almasb.fxgl.app.services.IOTaskExecutorService, class com.almasb.fxgl.io.FileSystemService, class com.almasb.fxgl.localization.LocalizationService, class com.almasb.fxgl.app.services.SystemBundleService, class com.almasb.fxgl.profile.SaveLoadService, class com.almasb.fxgl.ui.FXGLUIFactoryServiceProvider, class com.almasb.fxgl.ui.FXGLDialogFactoryServiceProvider, class com.almasb.fxgl.audio.AudioPlayer, class com.almasb.fxgl.notification.impl.NotificationServiceProvider, class com.almasb.fxgl.achievement.AchievementService, class com.almasb.fxgl.cutscene.CutsceneService, class com.almasb.fxgl.minigames.MiniGameService, class com.almasb.fxgl.net.NetService, class com.almasb.fxgl.app.services.UpdaterService, class com.almasb.fxgl.dev.DevService]
18:20:44.160 [FXGL Background Thread 3 ] DEBUG Engine               - fontGame: Abel-Regular.ttf
18:20:44.160 [FXGL Background Thread 3 ] DEBUG Engine               - fontMono: TerminalLandMono-Regular.otf
18:20:44.160 [FXGL Background Thread 3 ] DEBUG Engine               - fontSizeScaleUI: 1.0
18:20:44.160 [FXGL Background Thread 3 ] DEBUG Engine               - fontText: Courier-Prime.ttf
18:20:44.160 [FXGL Background Thread 3 ] DEBUG Engine               - fontUI: VarelaRound-Regular.ttf
18:20:44.160 [FXGL Background Thread 3 ] DEBUG Engine               - fullScreen: BooleanProperty [value: false]
18:20:44.160 [FXGL Background Thread 3 ] DEBUG Engine               - gameDifficulty: MEDIUM
18:20:44.160 [FXGL Background Thread 3 ] DEBUG Engine               - gameDifficultyProperty: ObjectProperty [value: MEDIUM]
18:20:44.160 [FXGL Background Thread 3 ] DEBUG Engine               - globalMusicVolume: 0.5
18:20:44.160 [FXGL Background Thread 3 ] DEBUG Engine               - globalMusicVolumeProperty: DoubleProperty [value: 0.5]
18:20:44.160 [FXGL Background Thread 3 ] DEBUG Engine               - globalSoundVolume: 0.5
18:20:44.160 [FXGL Background Thread 3 ] DEBUG Engine               - globalSoundVolumeProperty: DoubleProperty [value: 0.5]
18:20:44.160 [FXGL Background Thread 3 ] DEBUG Engine               - height: 1007
18:20:44.160 [FXGL Background Thread 3 ] DEBUG Engine               - is3D: false
18:20:44.160 [FXGL Background Thread 3 ] DEBUG Engine               - isAndroid: false
18:20:44.160 [FXGL Background Thread 3 ] DEBUG Engine               - isBrowser: false
18:20:44.160 [FXGL Background Thread 3 ] DEBUG Engine               - isClickFeedbackEnabled: false
18:20:44.160 [FXGL Background Thread 3 ] DEBUG Engine               - isCloseConfirmation: false
18:20:44.160 [FXGL Background Thread 3 ] DEBUG Engine               - isDesktop: true
18:20:44.160 [FXGL Background Thread 3 ] DEBUG Engine               - isDeveloperMenuEnabled: false
18:20:44.160 [FXGL Background Thread 3 ] DEBUG Engine               - isEmbedded: false
18:20:44.160 [FXGL Background Thread 3 ] DEBUG Engine               - isEntityPreloadEnabled: true
18:20:44.160 [FXGL Background Thread 3 ] DEBUG Engine               - isExperimentalTiledLargeMap: false
18:20:44.160 [FXGL Background Thread 3 ] DEBUG Engine               - isFileSystemWriteAllowed: true
18:20:44.160 [FXGL Background Thread 3 ] DEBUG Engine               - isFullScreenAllowed: false
18:20:44.160 [FXGL Background Thread 3 ] DEBUG Engine               - isFullScreenFromStart: false
18:20:44.160 [FXGL Background Thread 3 ] DEBUG Engine               - isGameMenuEnabled: true
18:20:44.160 [FXGL Background Thread 3 ] DEBUG Engine               - isIOS: false
18:20:44.160 [FXGL Background Thread 3 ] DEBUG Engine               - isIntroEnabled: false
18:20:44.160 [FXGL Background Thread 3 ] DEBUG Engine               - isLinux: false
18:20:44.160 [FXGL Background Thread 3 ] DEBUG Engine               - isMac: false
18:20:44.160 [FXGL Background Thread 3 ] DEBUG Engine               - isMainMenuEnabled: true
18:20:44.160 [FXGL Background Thread 3 ] DEBUG Engine               - isManualResizeEnabled: false
18:20:44.160 [FXGL Background Thread 3 ] DEBUG Engine               - isMobile: false
18:20:44.160 [FXGL Background Thread 3 ] DEBUG Engine               - isNative: false
18:20:44.160 [FXGL Background Thread 3 ] DEBUG Engine               - isPauseMusicWhenMinimized: true
18:20:44.160 [FXGL Background Thread 3 ] DEBUG Engine               - isPreserveResizeRatio: false
18:20:44.160 [FXGL Background Thread 3 ] DEBUG Engine               - isProfilingEnabled: false
18:20:44.160 [FXGL Background Thread 3 ] DEBUG Engine               - isScaleAffectedOnResize: true
18:20:44.160 [FXGL Background Thread 3 ] DEBUG Engine               - isSingleStep: false
18:20:44.160 [FXGL Background Thread 3 ] DEBUG Engine               - isUserProfileEnabled: false
18:20:44.160 [FXGL Background Thread 3 ] DEBUG Engine               - isWindows: true
18:20:44.160 [FXGL Background Thread 3 ] DEBUG Engine               - language: ObjectProperty [value: ENGLISH]
18:20:44.160 [FXGL Background Thread 3 ] DEBUG Engine               - menuKey: ESCAPE
18:20:44.160 [FXGL Background Thread 3 ] DEBUG Engine               - mouseSensitivity: 0.2
18:20:44.160 [FXGL Background Thread 3 ] DEBUG Engine               - notificationViewClass: class com.almasb.fxgl.notification.view.XboxNotificationView
18:20:44.160 [FXGL Background Thread 3 ] DEBUG Engine               - pixelsPerMeter: 50.0
18:20:44.160 [FXGL Background Thread 3 ] DEBUG Engine               - platform: WINDOWS
18:20:44.160 [FXGL Background Thread 3 ] DEBUG Engine               - prefHeightProperty: ReadOnlyDoubleProperty [value: 1007.0]
18:20:44.160 [FXGL Background Thread 3 ] DEBUG Engine               - prefWidthProperty: ReadOnlyDoubleProperty [value: 1316.0]
18:20:44.160 [FXGL Background Thread 3 ] DEBUG Engine               - profileDir: profiles/
18:20:44.160 [FXGL Background Thread 3 ] DEBUG Engine               - profileName: StringProperty [value: DEFAULT]
18:20:44.160 [FXGL Background Thread 3 ] DEBUG Engine               - randomSeed: -1
18:20:44.161 [FXGL Background Thread 3 ] DEBUG Engine               - runtimeInfo: RuntimeInfo(platform=WINDOWS, version=21.1, build=27.03.2024 07.52)
18:20:44.161 [FXGL Background Thread 3 ] DEBUG Engine               - saveFileExt: sav
18:20:44.161 [FXGL Background Thread 3 ] DEBUG Engine               - scaledHeightProp$fxgl: DoubleProperty [bound, value: 1007.0]
18:20:44.161 [FXGL Background Thread 3 ] DEBUG Engine               - scaledWidthProp$fxgl: DoubleProperty [bound, value: 1316.0]
18:20:44.161 [FXGL Background Thread 3 ] DEBUG Engine               - sceneFactory: edu.sustech.xiangqi.XiangQiApp$1@17955bf0
18:20:44.161 [FXGL Background Thread 3 ] DEBUG Engine               - secondsIn24h: 60
18:20:44.161 [FXGL Background Thread 3 ] DEBUG Engine               - soundMenuBack: menu/back.wav
18:20:44.161 [FXGL Background Thread 3 ] DEBUG Engine               - soundMenuPress: menu/press.wav
18:20:44.161 [FXGL Background Thread 3 ] DEBUG Engine               - soundMenuSelect: menu/select.wav
18:20:44.161 [FXGL Background Thread 3 ] DEBUG Engine               - soundNotification: core/notification.wav
18:20:44.161 [FXGL Background Thread 3 ] DEBUG Engine               - stageStyle: DECORATED
18:20:44.161 [FXGL Background Thread 3 ] DEBUG Engine               - supportedLanguages: [ENGLISH, FRENCH, GERMAN, HUNGARIAN, RUSSIAN]
18:20:44.161 [FXGL Background Thread 3 ] DEBUG Engine               - ticksPerSecond: -1
18:20:44.161 [FXGL Background Thread 3 ] DEBUG Engine               - title: 中国象棋 1.0
18:20:44.161 [FXGL Background Thread 3 ] DEBUG Engine               - urlGithub: https://github.com/AlmasB/FXGL
18:20:44.161 [FXGL Background Thread 3 ] DEBUG Engine               - urlLeaderboard: http://fxgl-top.herokuapp.com/
18:20:44.161 [FXGL Background Thread 3 ] DEBUG Engine               - urlPOM: https://raw.githubusercontent.com/AlmasB/FXGL/release/README.md
18:20:44.161 [FXGL Background Thread 3 ] DEBUG Engine               - userAppClass: class edu.sustech.xiangqi.XiangQiApp
18:20:44.161 [FXGL Background Thread 3 ] DEBUG Engine               - version: 1.0
18:20:44.161 [FXGL Background Thread 3 ] DEBUG Engine               - versionCheckDays: 7
18:20:44.161 [FXGL Background Thread 3 ] DEBUG Engine               - width: 1316
18:20:44.161 [FXGL Background Thread 3 ] DEBUG Engine               - Logging services
18:20:44.161 [FXGL Background Thread 3 ] DEBUG Engine               - class com.almasb.fxgl.app.services.FXGLAssetLoaderService
18:20:44.161 [FXGL Background Thread 3 ] DEBUG Engine               - class com.almasb.fxgl.app.FXGLApplication$GameApplicationService
18:20:44.161 [FXGL Background Thread 3 ] DEBUG Engine               - class com.almasb.fxgl.app.services.FXGLDialogService
18:20:44.161 [FXGL Background Thread 3 ] DEBUG Engine               - class com.almasb.fxgl.app.services.IOTaskExecutorService
18:20:44.161 [FXGL Background Thread 3 ] DEBUG Engine               - class com.almasb.fxgl.io.FileSystemService
18:20:44.161 [FXGL Background Thread 3 ] DEBUG Engine               - class com.almasb.fxgl.localization.LocalizationService
18:20:44.161 [FXGL Background Thread 3 ] DEBUG Engine               - class com.almasb.fxgl.app.services.SystemBundleService
18:20:44.161 [FXGL Background Thread 3 ] DEBUG Engine               - class com.almasb.fxgl.profile.SaveLoadService
18:20:44.161 [FXGL Background Thread 3 ] DEBUG Engine               - class com.almasb.fxgl.ui.FXGLUIFactoryServiceProvider
18:20:44.161 [FXGL Background Thread 3 ] DEBUG Engine               - class com.almasb.fxgl.ui.FXGLDialogFactoryServiceProvider
18:20:44.161 [FXGL Background Thread 3 ] DEBUG Engine               - class com.almasb.fxgl.audio.AudioPlayer
18:20:44.161 [FXGL Background Thread 3 ] DEBUG Engine               - class com.almasb.fxgl.notification.impl.NotificationServiceProvider
18:20:44.161 [FXGL Background Thread 3 ] DEBUG Engine               - class com.almasb.fxgl.achievement.AchievementService
18:20:44.161 [FXGL Background Thread 3 ] DEBUG Engine               - class com.almasb.fxgl.cutscene.CutsceneService
18:20:44.161 [FXGL Background Thread 3 ] DEBUG Engine               - class com.almasb.fxgl.minigames.MiniGameService
18:20:44.161 [FXGL Background Thread 3 ] DEBUG Engine               - class com.almasb.fxgl.net.NetService
18:20:44.161 [FXGL Background Thread 3 ] DEBUG Engine               - class com.almasb.fxgl.app.services.UpdaterService
18:20:44.161 [FXGL Background Thread 3 ] DEBUG Engine               - class com.almasb.fxgl.dev.DevService
18:20:44.454 [JavaFX Application Thread] DEBUG PrimaryStageWindow   - Pop state: DialogSubScene
18:20:44.454 [JavaFX Application Thread] DEBUG Input                - Clearing active input actions
18:20:44.455 [JavaFX Application Thread] DEBUG GameApplicationServi - Removing overlay from DialogSubScene and adding to MainMenuScene
18:20:44.455 [JavaFX Application Thread] DEBUG PrimaryStageWindow   - MainMenuScene <- DialogSubScene
18:20:44.642 [JavaFX Application Thread] DEBUG AudioPlayer          - Playing music com.almasb.fxgl.audio.Music@502a0726
18:20:44.679 [JavaFX Application Thread] DEBUG AudioPlayer          - Playing music com.almasb.fxgl.audio.Music@502a0726
18:20:45.079 [JavaFX Application Thread] DEBUG AudioPlayer          - Playing music com.almasb.fxgl.audio.Music@502a0726
18:20:45.227 [JavaFX Application Thread] DEBUG Menu                 - fireExit()
18:20:45.227 [JavaFX Application Thread] DEBUG PrimaryStageWindow   - Push state: DialogSubScene
18:20:45.228 [JavaFX Application Thread] DEBUG Input                - Clearing active input actions
18:20:45.229 [JavaFX Application Thread] DEBUG GameApplicationServi - Removing overlay from MainMenuScene and adding to DialogSubScene
18:20:45.229 [JavaFX Application Thread] DEBUG PrimaryStageWindow   - MainMenuScene -> DialogSubScene
18:20:46.123 [JavaFX Application Thread] DEBUG PrimaryStageWindow   - Pop state: DialogSubScene
18:20:46.124 [JavaFX Application Thread] DEBUG Input                - Clearing active input actions
18:20:46.124 [JavaFX Application Thread] DEBUG GameApplicationServi - Removing overlay from DialogSubScene and adding to MainMenuScene
18:20:46.124 [JavaFX Application Thread] DEBUG PrimaryStageWindow   - MainMenuScene <- DialogSubScene
18:20:46.653 [JavaFX Application Thread] DEBUG AudioPlayer          - Playing music com.almasb.fxgl.audio.Music@502a0726
18:20:46.678 [JavaFX Application Thread] DEBUG AudioPlayer          - Playing music com.almasb.fxgl.audio.Music@502a0726
18:20:46.782 [JavaFX Application Thread] DEBUG AudioPlayer          - Playing music com.almasb.fxgl.audio.Music@502a0726
18:20:46.930 [JavaFX Application Thread] DEBUG Menu                 - fireExit()
18:20:46.930 [JavaFX Application Thread] DEBUG PrimaryStageWindow   - Push state: DialogSubScene
18:20:46.930 [JavaFX Application Thread] DEBUG Input                - Clearing active input actions
18:20:46.931 [JavaFX Application Thread] DEBUG GameApplicationServi - Removing overlay from MainMenuScene and adding to DialogSubScene
18:20:46.931 [JavaFX Application Thread] DEBUG PrimaryStageWindow   - MainMenuScene -> DialogSubScene
18:20:47.810 [JavaFX Application Thread] DEBUG PrimaryStageWindow   - Pop state: DialogSubScene
18:20:47.810 [JavaFX Application Thread] DEBUG Input                - Clearing active input actions
18:20:47.810 [JavaFX Application Thread] DEBUG GameApplicationServi - Removing overlay from DialogSubScene and adding to MainMenuScene
18:20:47.810 [JavaFX Application Thread] DEBUG PrimaryStageWindow   - MainMenuScene <- DialogSubScene
18:20:47.811 [JavaFX Application Thread] DEBUG AudioPlayer          - Playing music com.almasb.fxgl.audio.Music@502a0726
18:20:48.164 [JavaFX Application Thread] DEBUG AudioPlayer          - Playing music com.almasb.fxgl.audio.Music@502a0726
18:20:48.285 [JavaFX Application Thread] DEBUG AudioPlayer          - Playing music com.almasb.fxgl.audio.Music@502a0726
18:20:48.487 [JavaFX Application Thread] DEBUG AudioPlayer          - Playing music com.almasb.fxgl.audio.Music@502a0726
18:20:48.635 [JavaFX Application Thread] DEBUG AudioPlayer          - Playing music com.almasb.fxgl.audio.Music@502a0726
18:20:48.816 [JavaFX Application Thread] DEBUG AudioPlayer          - Playing music com.almasb.fxgl.audio.Music@502a0726
18:20:48.936 [JavaFX Application Thread] DEBUG AudioPlayer          - Playing music com.almasb.fxgl.audio.Music@502a0726
18:20:49.093 [JavaFX Application Thread] DEBUG PrimaryStageWindow   - Push state: DialogSubScene
18:20:49.093 [JavaFX Application Thread] DEBUG Input                - Clearing active input actions
18:20:49.094 [JavaFX Application Thread] DEBUG GameApplicationServi - Removing overlay from MainMenuScene and adding to DialogSubScene
18:20:49.094 [JavaFX Application Thread] DEBUG PrimaryStageWindow   - MainMenuScene -> DialogSubScene
18:20:49.775 [JavaFX Application Thread] DEBUG PrimaryStageWindow   - Pop state: DialogSubScene
18:20:49.775 [JavaFX Application Thread] DEBUG Input                - Clearing active input actions
18:20:49.776 [JavaFX Application Thread] DEBUG GameApplicationServi - Removing overlay from DialogSubScene and adding to MainMenuScene
18:20:49.776 [JavaFX Application Thread] DEBUG PrimaryStageWindow   - MainMenuScene <- DialogSubScene
18:20:49.776 [JavaFX Application Thread] DEBUG AudioPlayer          - Playing music com.almasb.fxgl.audio.Music@502a0726
18:20:50.779 [JavaFX Application Thread] DEBUG FXGLApplication      - Exiting FXGL
18:20:50.779 [JavaFX Application Thread] DEBUG LoopRunner           - Stopping loop
18:20:50.779 [JavaFX Application Thread] DEBUG SystemBundleService  - Saving FXGL system data
18:20:50.780 [JavaFX Application Thread] DEBUG FileSystemAccess     - Writing to: D:\Github\javaA-xiangqi-project-main-yxh-1125\system\fxgl.bundle
18:20:50.780 [JavaFX Application Thread] DEBUG Async                - Shutting down background threads
18:20:50.780 [JavaFX Application Thread] DEBUG PrimaryStageWindow   - Closing main window
18:20:50.802 [JavaFX Application Thread] DEBUG Logger               - Closing Logger
