15:22:22.188 [main                     ] DEBUG Logger               - Configured Logger
15:22:22.201 [main                     ] DEBUG GameApplication      - Logging settings
Title: 中国象棋 1.0
Version: 1.0
Width: 1316
Height: 1007
Fullscreen: false
Intro: false
Profiling: false
Single step:false
App Mode: DEVELOPER
Menu Key: ESCAPE
Stage Style: DECORATED
Scene Factory: class edu.sustech.xiangqi.XiangQiApp$1

15:22:22.612 [JavaFX Application Thread] DEBUG FXGLApplication      - Initializing FXGL
15:22:22.614 [JavaFX Application Thread] INFO  Engine               - FXGL-21.1 (27.03.2024 07.52) on WINDOWS (J:23.0.2 FX:21.0.1)
15:22:22.614 [JavaFX Application Thread] DEBUG Engine               - JRE Vendor Name: Amazon.com Inc.
15:22:22.614 [JavaFX Application Thread] DEBUG Engine               - Running on OS: Windows 11 version 10.0
15:22:22.614 [JavaFX Application Thread] DEBUG Engine               - Architecture: amd64
15:22:22.614 [JavaFX Application Thread] INFO  Engine               - Source code and latest versions at: https://github.com/AlmasB/FXGL
15:22:22.614 [JavaFX Application Thread] INFO  Engine               -       Ask questions and discuss at: https://github.com/AlmasB/FXGL/discussions
15:22:22.614 [JavaFX Application Thread] INFO  Engine               -              Join the FXGL chat at: https://gitter.im/AlmasB/FXGL
15:22:22.677 [JavaFX Application Thread] DEBUG PrimaryStageWindow   - Creating a JavaFX scene
15:22:22.706 [JavaFX Application Thread] DEBUG PrimaryStageWindow   - Target settings size: 1316.0 x 1007.0
15:22:22.707 [JavaFX Application Thread] DEBUG PrimaryStageWindow   - Scaled scene size:    1316.0 x 1007.0
15:22:22.707 [JavaFX Application Thread] DEBUG PrimaryStageWindow   - Scaled ratio: (1.0, 1.0)
15:22:22.707 [JavaFX Application Thread] DEBUG PrimaryStageWindow   - Set initial scene to FXGLStartupScene
15:22:22.709 [JavaFX Application Thread] DEBUG PrimaryStageWindow   - Opening main window
15:22:22.801 [JavaFX Application Thread] DEBUG PrimaryStageWindow   - Window border size: (14.6666259765625, 37.6666259765625)
15:22:22.801 [JavaFX Application Thread] DEBUG PrimaryStageWindow   - Scaled size: 1316.0 x 1007.0
15:22:22.801 [JavaFX Application Thread] DEBUG PrimaryStageWindow   - Scaled ratio: (1.0, 1.0)
15:22:22.801 [JavaFX Application Thread] DEBUG PrimaryStageWindow   - Scene size: 1316.0 x 1007.0
15:22:22.801 [JavaFX Application Thread] DEBUG PrimaryStageWindow   - Stage size: 1330.6666259765625 x 1044.6666259765625
15:22:22.805 [FXGL Background Thread 1 ] DEBUG Engine               - Initializing environment variables
15:22:22.865 [FXGL Background Thread 1 ] DEBUG FXGLAssetLoaderServi - User app class for loading assets: class edu.sustech.xiangqi.XiangQiApp
15:22:22.865 [FXGL Background Thread 1 ] DEBUG GameApplicationServi - Applying CSS: fxgl_dark.css
15:22:22.866 [FXGL Background Thread 1 ] DEBUG FXGLAssetLoaderServi - Loading from file system: jar:file:/C:/Users/%e5%b0%b9%e7%8e%ba%e9%aa%85/.m2/repository/com/github/almasb/fxgl/21.1/fxgl-21.1.jar!/fxglassets/ui/css/fxgl_dark.css
15:22:22.897 [FXGL Background Thread 1 ] DEBUG GameApplicationServi - Initializing application scenes
15:22:22.965 [FXGL Background Thread 1 ] DEBUG GameWorld            - Game world initialized
15:22:23.015 [FXGL Background Thread 1 ] DEBUG PhysicsWorld         - Physics world initialized: appHeight=1007, physics.ppm=50.0
15:22:23.015 [FXGL Background Thread 1 ] DEBUG PhysicsWorld         - Using strategy: BRUTE_FORCE
15:22:23.021 [FXGL Background Thread 1 ] DEBUG GameScene            - Game scene initialized: 1316x1007
15:22:23.029 [FXGL Background Thread 1 ] DEBUG FXGLAssetLoaderServi - Loading from file system: file:/E:/G2/java/final_project/team_project_1124/javaA-xiangqi-project-main/target/classes/assets/ui/fonts/HYPixel11pxU-2.ttf
15:22:23.068 [FXGL Background Thread 1 ] DEBUG FXGLAssetLoaderServi - Loading from file system: file:/E:/G2/java/final_project/team_project_1124/javaA-xiangqi-project-main/target/classes/assets/textures/Button1.png
15:22:23.082 [FXGL Background Thread 1 ] DEBUG FXGLAssetLoaderServi - Loading from file system: file:/E:/G2/java/final_project/team_project_1124/javaA-xiangqi-project-main/target/classes/assets/textures/Press.png
15:22:23.113 [FXGL Background Thread 1 ] DEBUG GameApplicationServi - Application scenes initialized
15:22:23.122 [FXGL Background Thread 1 ] DEBUG SystemBundleService  - Loading FXGL system data
15:22:23.126 [FXGL Background Thread 1 ] DEBUG FileSystemAccess     - Reading from: E:\G2\java\final_project\team_project_1124\javaA-xiangqi-project-main\system\fxgl.bundle
15:22:23.131 [FXGL Background Thread 1 ] DEBUG SystemBundleService  - Bundle FXGL: {}
15:22:23.131 [FXGL Background Thread 1 ] DEBUG UpdaterService       - Checking for updates
15:22:23.134 [FXGL Background Thread 4 ] DEBUG FXGLApplication      - Loading fonts
15:22:23.134 [FXGL Background Thread 1 ] DEBUG FXGLApplication      - Loading default localization
15:22:23.134 [FXGL Background Thread 4 ] DEBUG FXGLAssetLoaderServi - Loading from file system: jar:file:/C:/Users/%e5%b0%b9%e7%8e%ba%e9%aa%85/.m2/repository/com/github/almasb/fxgl/21.1/fxgl-21.1.jar!/fxglassets/ui/fonts/VarelaRound-Regular.ttf
15:22:23.135 [FXGL Background Thread 1 ] DEBUG FXGLAssetLoaderServi - Loading from file system: jar:file:/C:/Users/%e5%b0%b9%e7%8e%ba%e9%aa%85/.m2/repository/com/github/almasb/fxgl/21.1/fxgl-21.1.jar!/fxglassets/languages/english.lang
15:22:23.138 [FXGL Background Thread 4 ] DEBUG FXGLAssetLoaderServi - Loading from file system: jar:file:/C:/Users/%e5%b0%b9%e7%8e%ba%e9%aa%85/.m2/repository/com/github/almasb/fxgl/21.1/fxgl-21.1.jar!/fxglassets/ui/fonts/Abel-Regular.ttf
15:22:23.142 [FXGL Background Thread 4 ] DEBUG FXGLAssetLoaderServi - Loading from file system: jar:file:/C:/Users/%e5%b0%b9%e7%8e%ba%e9%aa%85/.m2/repository/com/github/almasb/fxgl/21.1/fxgl-21.1.jar!/fxglassets/ui/fonts/TerminalLandMono-Regular.otf
15:22:23.144 [FXGL Background Thread 4 ] DEBUG FXGLAssetLoaderServi - Loading from file system: jar:file:/C:/Users/%e5%b0%b9%e7%8e%ba%e9%aa%85/.m2/repository/com/github/almasb/fxgl/21.1/fxgl-21.1.jar!/fxglassets/ui/fonts/Courier-Prime.ttf
15:22:23.151 [JavaFX Application Thread] DEBUG FXGLApplication      - Registering font factories with UI factory
15:22:23.164 [FXGL Background Thread 1 ] INFO  FXGLApplication      - FXGL initialization took: 0.359 sec
15:22:23.171 [JavaFX Application Thread] DEBUG Input                - Registered new binding: Click - LMB
15:22:23.172 [JavaFX Application Thread] DEBUG FXGLAssetLoaderServi - Loading from file system: jar:file:/C:/Users/%e5%b0%b9%e7%8e%ba%e9%aa%85/.m2/repository/com/github/almasb/fxgl/21.1/fxgl-21.1.jar!/fxglassets/textures/fxgl_icon.png
15:22:23.192 [JavaFX Application Thread] DEBUG FXGLAssetLoaderServi - Loading from file system: jar:file:/C:/Users/%e5%b0%b9%e7%8e%ba%e9%aa%85/.m2/repository/com/github/almasb/fxgl/21.1/fxgl-21.1.jar!/fxglassets/textures/fxgl_default_cursor.png
15:22:23.201 [JavaFX Application Thread] DEBUG Input                - Registered new binding: Screenshot - CTRL+8
15:22:23.201 [JavaFX Application Thread] DEBUG Input                - Registered new binding: System info dump - CTRL+9
15:22:23.201 [JavaFX Application Thread] DEBUG Input                - Registered new binding: Restart - CTRL+R
15:22:23.202 [JavaFX Application Thread] DEBUG Input                - Registered new binding: Toggle Debug Camera - CTRL+7
15:22:23.206 [JavaFX Application Thread] DEBUG LoopRunner           - Starting loop
15:22:23.206 [JavaFX Application Thread] DEBUG LoopRunner           - Initializing JavaFX AnimationTimerLoop
15:22:23.210 [JavaFX Application Thread] DEBUG Input                - Clearing active input actions
15:22:23.217 [JavaFX Application Thread] DEBUG GameApplicationServi - Removing overlay from FXGLStartupScene and adding to FXGLMainMenuDummyScene
15:22:23.217 [JavaFX Application Thread] DEBUG PrimaryStageWindow   - FXGLStartupScene -> FXGLMainMenuDummyScene
15:22:23.217 [JavaFX Application Thread] DEBUG PrimaryStageWindow   - Push state: MainMenuScene
15:22:23.218 [JavaFX Application Thread] DEBUG Input                - Clearing active input actions
15:22:23.223 [JavaFX Application Thread] DEBUG GameApplicationServi - Removing overlay from FXGLMainMenuDummyScene and adding to MainMenuScene
15:22:23.224 [JavaFX Application Thread] DEBUG PrimaryStageWindow   - FXGLMainMenuDummyScene -> MainMenuScene
15:22:26.134 [FXGL Background Thread 3 ] DEBUG Engine               - Logging environment variables
15:22:26.134 [FXGL Background Thread 3 ] DEBUG Engine               - achievements: []
15:22:26.134 [FXGL Background Thread 3 ] DEBUG Engine               - actualHeight: 1007.0
15:22:26.134 [FXGL Background Thread 3 ] DEBUG Engine               - actualHeightProperty: ReadOnlyDoubleProperty [value: 1007.0]
15:22:26.134 [FXGL Background Thread 3 ] DEBUG Engine               - actualWidth: 1316.0
15:22:26.134 [FXGL Background Thread 3 ] DEBUG Engine               - actualWidthProperty: ReadOnlyDoubleProperty [value: 1316.0]
15:22:26.134 [FXGL Background Thread 3 ] DEBUG Engine               - appIcon: fxgl_icon.png
15:22:26.134 [FXGL Background Thread 3 ] DEBUG Engine               - applicationMode: DEVELOPER
15:22:26.134 [FXGL Background Thread 3 ] DEBUG Engine               - cSSList: [fxgl_dark.css]
15:22:26.134 [FXGL Background Thread 3 ] DEBUG Engine               - collisionDetectionStrategy: BRUTE_FORCE
15:22:26.134 [FXGL Background Thread 3 ] DEBUG Engine               - configClass: Optional.empty
15:22:26.134 [FXGL Background Thread 3 ] DEBUG Engine               - credits: []
15:22:26.136 [FXGL Background Thread 3 ] DEBUG Engine               - defaultCursor: CursorInfo(imageName=fxgl_default_cursor.png, hotspotX=7.0, hotspotY=6.0)
15:22:26.136 [FXGL Background Thread 3 ] DEBUG Engine               - devBBoxColorProperty: ObjectProperty [value: 0xff0000ff]
15:22:26.136 [FXGL Background Thread 3 ] DEBUG Engine               - devEnableDebugCameraProperty: BooleanProperty [value: false]
15:22:26.136 [FXGL Background Thread 3 ] DEBUG Engine               - devSensorColorProperty: ObjectProperty [value: 0xffff00ff]
15:22:26.136 [FXGL Background Thread 3 ] DEBUG Engine               - devShowBBoxProperty: BooleanProperty [value: false]
15:22:26.136 [FXGL Background Thread 3 ] DEBUG Engine               - devShowPositionProperty: BooleanProperty [value: false]
15:22:26.136 [FXGL Background Thread 3 ] DEBUG Engine               - enabledMenuItems: []
15:22:26.136 [FXGL Background Thread 3 ] DEBUG Engine               - engineServices: [class com.almasb.fxgl.app.services.FXGLAssetLoaderService, class com.almasb.fxgl.app.FXGLApplication$GameApplicationService, class com.almasb.fxgl.app.services.FXGLDialogService, class com.almasb.fxgl.app.services.IOTaskExecutorService, class com.almasb.fxgl.io.FileSystemService, class com.almasb.fxgl.localization.LocalizationService, class com.almasb.fxgl.app.services.SystemBundleService, class com.almasb.fxgl.profile.SaveLoadService, class com.almasb.fxgl.ui.FXGLUIFactoryServiceProvider, class com.almasb.fxgl.ui.FXGLDialogFactoryServiceProvider, class com.almasb.fxgl.audio.AudioPlayer, class com.almasb.fxgl.notification.impl.NotificationServiceProvider, class com.almasb.fxgl.achievement.AchievementService, class com.almasb.fxgl.cutscene.CutsceneService, class com.almasb.fxgl.minigames.MiniGameService, class com.almasb.fxgl.net.NetService, class com.almasb.fxgl.app.services.UpdaterService, class com.almasb.fxgl.dev.DevService]
15:22:26.138 [FXGL Background Thread 3 ] DEBUG Engine               - fontGame: Abel-Regular.ttf
15:22:26.138 [FXGL Background Thread 3 ] DEBUG Engine               - fontMono: TerminalLandMono-Regular.otf
15:22:26.138 [FXGL Background Thread 3 ] DEBUG Engine               - fontSizeScaleUI: 1.0
15:22:26.138 [FXGL Background Thread 3 ] DEBUG Engine               - fontText: Courier-Prime.ttf
15:22:26.138 [FXGL Background Thread 3 ] DEBUG Engine               - fontUI: VarelaRound-Regular.ttf
15:22:26.138 [FXGL Background Thread 3 ] DEBUG Engine               - fullScreen: BooleanProperty [value: false]
15:22:26.138 [FXGL Background Thread 3 ] DEBUG Engine               - gameDifficulty: MEDIUM
15:22:26.138 [FXGL Background Thread 3 ] DEBUG Engine               - gameDifficultyProperty: ObjectProperty [value: MEDIUM]
15:22:26.138 [FXGL Background Thread 3 ] DEBUG Engine               - globalMusicVolume: 0.5
15:22:26.138 [FXGL Background Thread 3 ] DEBUG Engine               - globalMusicVolumeProperty: DoubleProperty [value: 0.5]
15:22:26.138 [FXGL Background Thread 3 ] DEBUG Engine               - globalSoundVolume: 0.5
15:22:26.138 [FXGL Background Thread 3 ] DEBUG Engine               - globalSoundVolumeProperty: DoubleProperty [value: 0.5]
15:22:26.138 [FXGL Background Thread 3 ] DEBUG Engine               - height: 1007
15:22:26.138 [FXGL Background Thread 3 ] DEBUG Engine               - is3D: false
15:22:26.138 [FXGL Background Thread 3 ] DEBUG Engine               - isAndroid: false
15:22:26.138 [FXGL Background Thread 3 ] DEBUG Engine               - isBrowser: false
15:22:26.138 [FXGL Background Thread 3 ] DEBUG Engine               - isClickFeedbackEnabled: false
15:22:26.138 [FXGL Background Thread 3 ] DEBUG Engine               - isCloseConfirmation: false
15:22:26.138 [FXGL Background Thread 3 ] DEBUG Engine               - isDesktop: true
15:22:26.138 [FXGL Background Thread 3 ] DEBUG Engine               - isDeveloperMenuEnabled: false
15:22:26.138 [FXGL Background Thread 3 ] DEBUG Engine               - isEmbedded: false
15:22:26.138 [FXGL Background Thread 3 ] DEBUG Engine               - isEntityPreloadEnabled: true
15:22:26.138 [FXGL Background Thread 3 ] DEBUG Engine               - isExperimentalTiledLargeMap: false
15:22:26.138 [FXGL Background Thread 3 ] DEBUG Engine               - isFileSystemWriteAllowed: true
15:22:26.138 [FXGL Background Thread 3 ] DEBUG Engine               - isFullScreenAllowed: false
15:22:26.138 [FXGL Background Thread 3 ] DEBUG Engine               - isFullScreenFromStart: false
15:22:26.138 [FXGL Background Thread 3 ] DEBUG Engine               - isGameMenuEnabled: true
15:22:26.138 [FXGL Background Thread 3 ] DEBUG Engine               - isIOS: false
15:22:26.138 [FXGL Background Thread 3 ] DEBUG Engine               - isIntroEnabled: false
15:22:26.138 [FXGL Background Thread 3 ] DEBUG Engine               - isLinux: false
15:22:26.138 [FXGL Background Thread 3 ] DEBUG Engine               - isMac: false
15:22:26.138 [FXGL Background Thread 3 ] DEBUG Engine               - isMainMenuEnabled: true
15:22:26.138 [FXGL Background Thread 3 ] DEBUG Engine               - isManualResizeEnabled: false
15:22:26.138 [FXGL Background Thread 3 ] DEBUG Engine               - isMobile: false
15:22:26.138 [FXGL Background Thread 3 ] DEBUG Engine               - isNative: false
15:22:26.138 [FXGL Background Thread 3 ] DEBUG Engine               - isPauseMusicWhenMinimized: true
15:22:26.138 [FXGL Background Thread 3 ] DEBUG Engine               - isPreserveResizeRatio: false
15:22:26.138 [FXGL Background Thread 3 ] DEBUG Engine               - isProfilingEnabled: false
15:22:26.139 [FXGL Background Thread 3 ] DEBUG Engine               - isScaleAffectedOnResize: true
15:22:26.139 [FXGL Background Thread 3 ] DEBUG Engine               - isSingleStep: false
15:22:26.139 [FXGL Background Thread 3 ] DEBUG Engine               - isUserProfileEnabled: false
15:22:26.139 [FXGL Background Thread 3 ] DEBUG Engine               - isWindows: true
15:22:26.139 [FXGL Background Thread 3 ] DEBUG Engine               - language: ObjectProperty [value: ENGLISH]
15:22:26.139 [FXGL Background Thread 3 ] DEBUG Engine               - menuKey: ESCAPE
15:22:26.139 [FXGL Background Thread 3 ] DEBUG Engine               - mouseSensitivity: 0.2
15:22:26.139 [FXGL Background Thread 3 ] DEBUG Engine               - notificationViewClass: class com.almasb.fxgl.notification.view.XboxNotificationView
15:22:26.139 [FXGL Background Thread 3 ] DEBUG Engine               - pixelsPerMeter: 50.0
15:22:26.139 [FXGL Background Thread 3 ] DEBUG Engine               - platform: WINDOWS
15:22:26.139 [FXGL Background Thread 3 ] DEBUG Engine               - prefHeightProperty: ReadOnlyDoubleProperty [value: 1007.0]
15:22:26.139 [FXGL Background Thread 3 ] DEBUG Engine               - prefWidthProperty: ReadOnlyDoubleProperty [value: 1316.0]
15:22:26.139 [FXGL Background Thread 3 ] DEBUG Engine               - profileDir: profiles/
15:22:26.139 [FXGL Background Thread 3 ] DEBUG Engine               - profileName: StringProperty [value: DEFAULT]
15:22:26.139 [FXGL Background Thread 3 ] DEBUG Engine               - randomSeed: -1
15:22:26.139 [FXGL Background Thread 3 ] DEBUG Engine               - runtimeInfo: RuntimeInfo(platform=WINDOWS, version=21.1, build=27.03.2024 07.52)
15:22:26.139 [FXGL Background Thread 3 ] DEBUG Engine               - saveFileExt: sav
15:22:26.139 [FXGL Background Thread 3 ] DEBUG Engine               - scaledHeightProp$fxgl: DoubleProperty [bound, value: 1007.0]
15:22:26.139 [FXGL Background Thread 3 ] DEBUG Engine               - scaledWidthProp$fxgl: DoubleProperty [bound, value: 1316.0]
15:22:26.139 [FXGL Background Thread 3 ] DEBUG Engine               - sceneFactory: edu.sustech.xiangqi.XiangQiApp$1@4ccf2c6e
15:22:26.140 [FXGL Background Thread 3 ] DEBUG Engine               - secondsIn24h: 60
15:22:26.140 [FXGL Background Thread 3 ] DEBUG Engine               - soundMenuBack: menu/back.wav
15:22:26.140 [FXGL Background Thread 3 ] DEBUG Engine               - soundMenuPress: menu/press.wav
15:22:26.140 [FXGL Background Thread 3 ] DEBUG Engine               - soundMenuSelect: menu/select.wav
15:22:26.140 [FXGL Background Thread 3 ] DEBUG Engine               - soundNotification: core/notification.wav
15:22:26.140 [FXGL Background Thread 3 ] DEBUG Engine               - stageStyle: DECORATED
15:22:26.140 [FXGL Background Thread 3 ] DEBUG Engine               - supportedLanguages: [ENGLISH, FRENCH, GERMAN, HUNGARIAN, RUSSIAN]
15:22:26.140 [FXGL Background Thread 3 ] DEBUG Engine               - ticksPerSecond: -1
15:22:26.140 [FXGL Background Thread 3 ] DEBUG Engine               - title: 中国象棋 1.0
15:22:26.140 [FXGL Background Thread 3 ] DEBUG Engine               - urlGithub: https://github.com/AlmasB/FXGL
15:22:26.140 [FXGL Background Thread 3 ] DEBUG Engine               - urlLeaderboard: http://fxgl-top.herokuapp.com/
15:22:26.140 [FXGL Background Thread 3 ] DEBUG Engine               - urlPOM: https://raw.githubusercontent.com/AlmasB/FXGL/release/README.md
15:22:26.140 [FXGL Background Thread 3 ] DEBUG Engine               - userAppClass: class edu.sustech.xiangqi.XiangQiApp
15:22:26.140 [FXGL Background Thread 3 ] DEBUG Engine               - version: 1.0
15:22:26.140 [FXGL Background Thread 3 ] DEBUG Engine               - versionCheckDays: 7
15:22:26.140 [FXGL Background Thread 3 ] DEBUG Engine               - width: 1316
15:22:26.140 [FXGL Background Thread 3 ] DEBUG Engine               - Logging services
15:22:26.140 [FXGL Background Thread 3 ] DEBUG Engine               - class com.almasb.fxgl.app.services.FXGLAssetLoaderService
15:22:26.140 [FXGL Background Thread 3 ] DEBUG Engine               - class com.almasb.fxgl.app.FXGLApplication$GameApplicationService
15:22:26.140 [FXGL Background Thread 3 ] DEBUG Engine               - class com.almasb.fxgl.app.services.FXGLDialogService
15:22:26.140 [FXGL Background Thread 3 ] DEBUG Engine               - class com.almasb.fxgl.app.services.IOTaskExecutorService
15:22:26.140 [FXGL Background Thread 3 ] DEBUG Engine               - class com.almasb.fxgl.io.FileSystemService
15:22:26.140 [FXGL Background Thread 3 ] DEBUG Engine               - class com.almasb.fxgl.localization.LocalizationService
15:22:26.140 [FXGL Background Thread 3 ] DEBUG Engine               - class com.almasb.fxgl.app.services.SystemBundleService
15:22:26.140 [FXGL Background Thread 3 ] DEBUG Engine               - class com.almasb.fxgl.profile.SaveLoadService
15:22:26.140 [FXGL Background Thread 3 ] DEBUG Engine               - class com.almasb.fxgl.ui.FXGLUIFactoryServiceProvider
15:22:26.140 [FXGL Background Thread 3 ] DEBUG Engine               - class com.almasb.fxgl.ui.FXGLDialogFactoryServiceProvider
15:22:26.140 [FXGL Background Thread 3 ] DEBUG Engine               - class com.almasb.fxgl.audio.AudioPlayer
15:22:26.140 [FXGL Background Thread 3 ] DEBUG Engine               - class com.almasb.fxgl.notification.impl.NotificationServiceProvider
15:22:26.140 [FXGL Background Thread 3 ] DEBUG Engine               - class com.almasb.fxgl.achievement.AchievementService
15:22:26.140 [FXGL Background Thread 3 ] DEBUG Engine               - class com.almasb.fxgl.cutscene.CutsceneService
15:22:26.140 [FXGL Background Thread 3 ] DEBUG Engine               - class com.almasb.fxgl.minigames.MiniGameService
15:22:26.140 [FXGL Background Thread 3 ] DEBUG Engine               - class com.almasb.fxgl.net.NetService
15:22:26.140 [FXGL Background Thread 3 ] DEBUG Engine               - class com.almasb.fxgl.app.services.UpdaterService
15:22:26.140 [FXGL Background Thread 3 ] DEBUG Engine               - class com.almasb.fxgl.dev.DevService
15:22:28.935 [JavaFX Application Thread] DEBUG FXGLAssetLoaderServi - Loading from file system: file:/E:/G2/java/final_project/team_project_1124/javaA-xiangqi-project-main/target/classes/assets/music/%e6%8c%89%e9%92%ae%e9%9f%b3%e6%95%881.mp3
15:22:29.203 [JavaFX Application Thread] DEBUG AudioPlayer          - Playing music com.almasb.fxgl.audio.Music@74904cd3
15:22:29.620 [JavaFX Application Thread] DEBUG AudioPlayer          - Playing music com.almasb.fxgl.audio.Music@74904cd3
15:22:30.394 [JavaFX Application Thread] DEBUG AudioPlayer          - Playing music com.almasb.fxgl.audio.Music@74904cd3
15:22:31.843 [JavaFX Application Thread] DEBUG AudioPlayer          - Playing music com.almasb.fxgl.audio.Music@74904cd3
15:22:31.870 [JavaFX Application Thread] DEBUG AudioPlayer          - Playing music com.almasb.fxgl.audio.Music@74904cd3
15:22:33.435 [JavaFX Application Thread] DEBUG AudioPlayer          - Playing music com.almasb.fxgl.audio.Music@74904cd3
15:22:33.616 [JavaFX Application Thread] DEBUG GameApplicationServi - Starting new game
15:22:33.617 [JavaFX Application Thread] DEBUG PrimaryStageWindow   - Pop state: MainMenuScene
15:22:33.617 [JavaFX Application Thread] DEBUG Input                - Clearing active input actions
15:22:33.617 [JavaFX Application Thread] DEBUG GameApplicationServi - Removing overlay from MainMenuScene and adding to FXGLMainMenuDummyScene
15:22:33.617 [JavaFX Application Thread] DEBUG PrimaryStageWindow   - FXGLMainMenuDummyScene <- MainMenuScene
15:22:33.617 [JavaFX Application Thread] DEBUG Input                - Clearing active input actions
15:22:33.620 [JavaFX Application Thread] DEBUG GameApplicationServi - Removing overlay from FXGLMainMenuDummyScene and adding to FXGLLoadingScene
15:22:33.620 [JavaFX Application Thread] DEBUG PrimaryStageWindow   - FXGLMainMenuDummyScene -> FXGLLoadingScene
15:22:33.620 [JavaFX Application Thread] DEBUG GameApplicationServi - Clearing previous game
15:22:33.621 [JavaFX Application Thread] DEBUG GameScene            - Clearing game scene
15:22:33.621 [JavaFX Application Thread] DEBUG GameWorld            - Clearing game world
15:22:33.621 [JavaFX Application Thread] DEBUG PhysicsWorld         - Clearing physics world
15:22:33.621 [FXGL Background Thread 2 ] DEBUG FXGLApplication      - Initializing game
15:22:33.634 [FXGL Background Thread 2 ] DEBUG FXGLAssetLoaderServi - Loading from file system: file:/E:/G2/java/final_project/team_project_1124/javaA-xiangqi-project-main/target/classes/assets/textures/%e8%83%8c%e6%99%af.jpg
15:22:33.710 [FXGL Background Thread 2 ] DEBUG FXGLAssetLoaderServi - Loading from file system: file:/E:/G2/java/final_project/team_project_1124/javaA-xiangqi-project-main/target/classes/assets/textures/ChessBoard.png
15:22:33.739 [FXGL Background Thread 2 ] DEBUG FXGLAssetLoaderServi - Loading from file system: file:/E:/G2/java/final_project/team_project_1124/javaA-xiangqi-project-main/target/classes/assets/textures/BlackChariot.png
15:22:33.757 [FXGL Background Thread 2 ] DEBUG FXGLAssetLoaderServi - Loading from file system: file:/E:/G2/java/final_project/team_project_1124/javaA-xiangqi-project-main/target/classes/assets/textures/BlackHorse.png
15:22:33.759 [FXGL Background Thread 2 ] DEBUG FXGLAssetLoaderServi - Loading from file system: file:/E:/G2/java/final_project/team_project_1124/javaA-xiangqi-project-main/target/classes/assets/textures/BlackElephant.png
15:22:33.762 [FXGL Background Thread 2 ] DEBUG FXGLAssetLoaderServi - Loading from file system: file:/E:/G2/java/final_project/team_project_1124/javaA-xiangqi-project-main/target/classes/assets/textures/BlackAdvisor.png
15:22:33.763 [FXGL Background Thread 2 ] DEBUG FXGLAssetLoaderServi - Loading from file system: file:/E:/G2/java/final_project/team_project_1124/javaA-xiangqi-project-main/target/classes/assets/textures/BlackGeneral.png
15:22:33.767 [FXGL Background Thread 2 ] DEBUG FXGLAssetLoaderServi - Loading from file system: file:/E:/G2/java/final_project/team_project_1124/javaA-xiangqi-project-main/target/classes/assets/textures/BlackCannon.png
15:22:33.768 [FXGL Background Thread 2 ] DEBUG FXGLAssetLoaderServi - Loading from file system: file:/E:/G2/java/final_project/team_project_1124/javaA-xiangqi-project-main/target/classes/assets/textures/BlackSoldier.png
15:22:33.772 [FXGL Background Thread 2 ] DEBUG FXGLAssetLoaderServi - Loading from file system: file:/E:/G2/java/final_project/team_project_1124/javaA-xiangqi-project-main/target/classes/assets/textures/RedSoldier.png
15:22:33.776 [FXGL Background Thread 2 ] DEBUG FXGLAssetLoaderServi - Loading from file system: file:/E:/G2/java/final_project/team_project_1124/javaA-xiangqi-project-main/target/classes/assets/textures/RedCannon.png
15:22:33.778 [FXGL Background Thread 2 ] DEBUG FXGLAssetLoaderServi - Loading from file system: file:/E:/G2/java/final_project/team_project_1124/javaA-xiangqi-project-main/target/classes/assets/textures/RedChariot.png
15:22:33.779 [FXGL Background Thread 2 ] DEBUG FXGLAssetLoaderServi - Loading from file system: file:/E:/G2/java/final_project/team_project_1124/javaA-xiangqi-project-main/target/classes/assets/textures/RedHorse.png
15:22:33.780 [FXGL Background Thread 2 ] DEBUG FXGLAssetLoaderServi - Loading from file system: file:/E:/G2/java/final_project/team_project_1124/javaA-xiangqi-project-main/target/classes/assets/textures/RedElephant.png
15:22:33.782 [FXGL Background Thread 2 ] DEBUG FXGLAssetLoaderServi - Loading from file system: file:/E:/G2/java/final_project/team_project_1124/javaA-xiangqi-project-main/target/classes/assets/textures/RedAdvisor.png
15:22:33.783 [FXGL Background Thread 2 ] DEBUG FXGLAssetLoaderServi - Loading from file system: file:/E:/G2/java/final_project/team_project_1124/javaA-xiangqi-project-main/target/classes/assets/textures/RedGeneral.png
15:22:33.789 [FXGL Background Thread 2 ] INFO  FXGLApplication      - Game initialization took: 0.167 sec
15:22:33.795 [JavaFX Application Thread] DEBUG Input                - Clearing active input actions
15:22:33.799 [JavaFX Application Thread] DEBUG GameApplicationServi - Removing overlay from FXGLLoadingScene and adding to GameScene
15:22:33.800 [JavaFX Application Thread] DEBUG PrimaryStageWindow   - FXGLLoadingScene -> GameScene
15:22:33.888 [JavaFX Application Thread] DEBUG PrimaryStageWindow   - Push state: DialogSubScene
15:22:33.888 [JavaFX Application Thread] DEBUG Input                - Clearing active input actions
15:22:33.889 [JavaFX Application Thread] DEBUG GameApplicationServi - Removing overlay from GameScene and adding to DialogSubScene
15:22:33.889 [JavaFX Application Thread] DEBUG PrimaryStageWindow   - GameScene -> DialogSubScene
15:22:35.439 [JavaFX Application Thread] DEBUG PrimaryStageWindow   - Pop state: DialogSubScene
15:22:35.439 [JavaFX Application Thread] DEBUG Input                - Clearing active input actions
15:22:35.439 [JavaFX Application Thread] DEBUG GameApplicationServi - Removing overlay from DialogSubScene and adding to GameScene
15:22:35.439 [JavaFX Application Thread] DEBUG PrimaryStageWindow   - GameScene <- DialogSubScene
15:22:37.063 [JavaFX Application Thread] DEBUG FXGLAssetLoaderServi - Loading from file system: file:/E:/G2/java/final_project/team_project_1124/javaA-xiangqi-project-main/target/classes/assets/textures/%e9%80%89%e4%b8%ad.png
15:22:51.857 [JavaFX Application Thread] DEBUG AudioPlayer          - Playing music com.almasb.fxgl.audio.Music@74904cd3
15:22:51.895 [JavaFX Application Thread] DEBUG AudioPlayer          - Playing music com.almasb.fxgl.audio.Music@74904cd3
15:22:52.016 [JavaFX Application Thread] DEBUG AudioPlayer          - Playing music com.almasb.fxgl.audio.Music@74904cd3
15:22:52.457 [JavaFX Application Thread] DEBUG Input                - Clearing active input actions
15:22:52.459 [JavaFX Application Thread] DEBUG GameApplicationServi - Removing overlay from GameScene and adding to FXGLMainMenuDummyScene
15:22:52.460 [JavaFX Application Thread] DEBUG PrimaryStageWindow   - GameScene -> FXGLMainMenuDummyScene
15:22:52.460 [JavaFX Application Thread] DEBUG PrimaryStageWindow   - Push state: MainMenuScene
15:22:52.460 [JavaFX Application Thread] DEBUG Input                - Clearing active input actions
15:22:52.460 [JavaFX Application Thread] DEBUG GameApplicationServi - Removing overlay from FXGLMainMenuDummyScene and adding to MainMenuScene
15:22:52.460 [JavaFX Application Thread] DEBUG PrimaryStageWindow   - FXGLMainMenuDummyScene -> MainMenuScene
15:22:52.695 [JavaFX Application Thread] DEBUG AudioPlayer          - Playing music com.almasb.fxgl.audio.Music@74904cd3
15:22:52.792 [JavaFX Application Thread] DEBUG AudioPlayer          - Playing music com.almasb.fxgl.audio.Music@74904cd3
15:22:53.208 [JavaFX Application Thread] DEBUG GameApplicationServi - Starting new game
15:22:53.208 [JavaFX Application Thread] DEBUG PrimaryStageWindow   - Pop state: MainMenuScene
15:22:53.208 [JavaFX Application Thread] DEBUG Input                - Clearing active input actions
15:22:53.208 [JavaFX Application Thread] DEBUG GameApplicationServi - Removing overlay from MainMenuScene and adding to FXGLMainMenuDummyScene
15:22:53.208 [JavaFX Application Thread] DEBUG PrimaryStageWindow   - FXGLMainMenuDummyScene <- MainMenuScene
15:22:53.208 [JavaFX Application Thread] DEBUG Input                - Clearing active input actions
15:22:53.211 [JavaFX Application Thread] DEBUG GameApplicationServi - Removing overlay from FXGLMainMenuDummyScene and adding to FXGLLoadingScene
15:22:53.211 [JavaFX Application Thread] DEBUG PrimaryStageWindow   - FXGLMainMenuDummyScene -> FXGLLoadingScene
15:22:53.211 [JavaFX Application Thread] DEBUG GameApplicationServi - Clearing previous game
15:22:53.211 [JavaFX Application Thread] DEBUG GameScene            - Clearing game scene
15:22:53.211 [JavaFX Application Thread] DEBUG GameWorld            - Clearing game world
15:22:53.211 [JavaFX Application Thread] DEBUG PhysicsWorld         - Clearing physics world
15:22:53.213 [FXGL Background Thread 2 ] DEBUG FXGLApplication      - Initializing game
15:22:53.219 [FXGL Background Thread 2 ] INFO  FXGLApplication      - Game initialization took: 0.007 sec
15:22:53.219 [JavaFX Application Thread] DEBUG Input                - Clearing active input actions
15:22:53.222 [JavaFX Application Thread] DEBUG GameApplicationServi - Removing overlay from FXGLLoadingScene and adding to GameScene
15:22:53.222 [JavaFX Application Thread] DEBUG PrimaryStageWindow   - FXGLLoadingScene -> GameScene
15:22:53.310 [JavaFX Application Thread] DEBUG PrimaryStageWindow   - Push state: DialogSubScene
15:22:53.310 [JavaFX Application Thread] DEBUG Input                - Clearing active input actions
15:22:53.310 [JavaFX Application Thread] DEBUG GameApplicationServi - Removing overlay from GameScene and adding to DialogSubScene
15:22:53.310 [JavaFX Application Thread] DEBUG PrimaryStageWindow   - GameScene -> DialogSubScene
15:22:54.028 [JavaFX Application Thread] DEBUG PrimaryStageWindow   - Pop state: DialogSubScene
15:22:54.028 [JavaFX Application Thread] DEBUG Input                - Clearing active input actions
15:22:54.028 [JavaFX Application Thread] DEBUG GameApplicationServi - Removing overlay from DialogSubScene and adding to GameScene
15:22:54.028 [JavaFX Application Thread] DEBUG PrimaryStageWindow   - GameScene <- DialogSubScene
15:22:54.267 [JavaFX Application Thread] DEBUG AudioPlayer          - Playing music com.almasb.fxgl.audio.Music@74904cd3
15:22:54.315 [JavaFX Application Thread] DEBUG AudioPlayer          - Playing music com.almasb.fxgl.audio.Music@74904cd3
15:22:55.692 [JavaFX Application Thread] DEBUG AudioPlayer          - Playing music com.almasb.fxgl.audio.Music@74904cd3
15:22:55.732 [JavaFX Application Thread] DEBUG AudioPlayer          - Playing music com.almasb.fxgl.audio.Music@74904cd3
15:22:55.761 [JavaFX Application Thread] DEBUG AudioPlayer          - Playing music com.almasb.fxgl.audio.Music@74904cd3
15:22:55.792 [JavaFX Application Thread] DEBUG AudioPlayer          - Playing music com.almasb.fxgl.audio.Music@74904cd3
15:22:55.864 [JavaFX Application Thread] DEBUG AudioPlayer          - Playing music com.almasb.fxgl.audio.Music@74904cd3
15:22:56.542 [JavaFX Application Thread] DEBUG PrimaryStageWindow   - Push state: InGameMenuScene
15:22:56.542 [JavaFX Application Thread] DEBUG Input                - Clearing active input actions
15:22:56.542 [JavaFX Application Thread] DEBUG GameApplicationServi - Removing overlay from GameScene and adding to InGameMenuScene
15:22:56.542 [JavaFX Application Thread] DEBUG PrimaryStageWindow   - GameScene -> InGameMenuScene
15:22:56.557 [JavaFX Application Thread] DEBUG AudioPlayer          - Playing music com.almasb.fxgl.audio.Music@74904cd3
15:22:56.768 [JavaFX Application Thread] DEBUG AudioPlayer          - Playing music com.almasb.fxgl.audio.Music@74904cd3
15:22:57.030 [JavaFX Application Thread] DEBUG PrimaryStageWindow   - Pop state: InGameMenuScene
15:22:57.030 [JavaFX Application Thread] DEBUG Input                - Clearing active input actions
15:22:57.030 [JavaFX Application Thread] DEBUG GameApplicationServi - Removing overlay from InGameMenuScene and adding to GameScene
15:22:57.030 [JavaFX Application Thread] DEBUG PrimaryStageWindow   - GameScene <- InGameMenuScene
15:22:57.318 [JavaFX Application Thread] DEBUG AudioPlayer          - Playing music com.almasb.fxgl.audio.Music@74904cd3
15:22:57.515 [JavaFX Application Thread] DEBUG Input                - Clearing active input actions
15:22:57.517 [JavaFX Application Thread] DEBUG GameApplicationServi - Removing overlay from GameScene and adding to FXGLMainMenuDummyScene
15:22:57.517 [JavaFX Application Thread] DEBUG PrimaryStageWindow   - GameScene -> FXGLMainMenuDummyScene
15:22:57.517 [JavaFX Application Thread] DEBUG PrimaryStageWindow   - Push state: MainMenuScene
15:22:57.517 [JavaFX Application Thread] DEBUG Input                - Clearing active input actions
15:22:57.517 [JavaFX Application Thread] DEBUG GameApplicationServi - Removing overlay from FXGLMainMenuDummyScene and adding to MainMenuScene
15:22:57.517 [JavaFX Application Thread] DEBUG PrimaryStageWindow   - FXGLMainMenuDummyScene -> MainMenuScene
15:22:57.753 [JavaFX Application Thread] DEBUG AudioPlayer          - Playing music com.almasb.fxgl.audio.Music@74904cd3
15:22:57.811 [JavaFX Application Thread] DEBUG AudioPlayer          - Playing music com.almasb.fxgl.audio.Music@74904cd3
15:22:57.845 [JavaFX Application Thread] DEBUG AudioPlayer          - Playing music com.almasb.fxgl.audio.Music@74904cd3
15:22:58.100 [JavaFX Application Thread] DEBUG AudioPlayer          - Playing music com.almasb.fxgl.audio.Music@74904cd3
15:22:58.682 [JavaFX Application Thread] DEBUG AudioPlayer          - Playing music com.almasb.fxgl.audio.Music@74904cd3
15:22:59.015 [JavaFX Application Thread] DEBUG AudioPlayer          - Playing music com.almasb.fxgl.audio.Music@74904cd3
15:22:59.606 [JavaFX Application Thread] DEBUG AudioPlayer          - Playing music com.almasb.fxgl.audio.Music@74904cd3
15:22:59.799 [JavaFX Application Thread] DEBUG AudioPlayer          - Playing music com.almasb.fxgl.audio.Music@74904cd3
15:22:59.923 [JavaFX Application Thread] DEBUG AudioPlayer          - Playing music com.almasb.fxgl.audio.Music@74904cd3
15:23:00.010 [JavaFX Application Thread] DEBUG AudioPlayer          - Playing music com.almasb.fxgl.audio.Music@74904cd3
15:23:00.059 [JavaFX Application Thread] DEBUG AudioPlayer          - Playing music com.almasb.fxgl.audio.Music@74904cd3
15:23:00.711 [JavaFX Application Thread] DEBUG AudioPlayer          - Playing music com.almasb.fxgl.audio.Music@74904cd3
15:23:00.792 [JavaFX Application Thread] DEBUG AudioPlayer          - Playing music com.almasb.fxgl.audio.Music@74904cd3
15:23:01.269 [JavaFX Application Thread] DEBUG AudioPlayer          - Playing music com.almasb.fxgl.audio.Music@74904cd3
15:23:01.670 [JavaFX Application Thread] DEBUG AudioPlayer          - Playing music com.almasb.fxgl.audio.Music@74904cd3
15:23:01.965 [JavaFX Application Thread] DEBUG AudioPlayer          - Playing music com.almasb.fxgl.audio.Music@74904cd3
15:23:02.132 [JavaFX Application Thread] DEBUG AudioPlayer          - Playing music com.almasb.fxgl.audio.Music@74904cd3
15:23:02.361 [JavaFX Application Thread] DEBUG AudioPlayer          - Playing music com.almasb.fxgl.audio.Music@74904cd3
15:23:02.531 [JavaFX Application Thread] DEBUG AudioPlayer          - Playing music com.almasb.fxgl.audio.Music@74904cd3
15:23:02.979 [JavaFX Application Thread] DEBUG AudioPlayer          - Playing music com.almasb.fxgl.audio.Music@74904cd3
15:23:03.162 [JavaFX Application Thread] DEBUG PrimaryStageWindow   - Push state: DialogSubScene
15:23:03.162 [JavaFX Application Thread] DEBUG Input                - Clearing active input actions
15:23:03.163 [JavaFX Application Thread] DEBUG GameApplicationServi - Removing overlay from MainMenuScene and adding to DialogSubScene
15:23:03.163 [JavaFX Application Thread] DEBUG PrimaryStageWindow   - MainMenuScene -> DialogSubScene
15:23:03.934 [JavaFX Application Thread] DEBUG PrimaryStageWindow   - Pop state: DialogSubScene
15:23:03.934 [JavaFX Application Thread] DEBUG Input                - Clearing active input actions
15:23:03.934 [JavaFX Application Thread] DEBUG GameApplicationServi - Removing overlay from DialogSubScene and adding to MainMenuScene
15:23:03.934 [JavaFX Application Thread] DEBUG PrimaryStageWindow   - MainMenuScene <- DialogSubScene
15:23:03.934 [JavaFX Application Thread] DEBUG AudioPlayer          - Playing music com.almasb.fxgl.audio.Music@74904cd3
15:23:03.972 [JavaFX Application Thread] DEBUG AudioPlayer          - Playing music com.almasb.fxgl.audio.Music@74904cd3
15:23:04.033 [JavaFX Application Thread] DEBUG AudioPlayer          - Playing music com.almasb.fxgl.audio.Music@74904cd3
15:23:04.297 [JavaFX Application Thread] DEBUG PrimaryStageWindow   - Push state: DialogSubScene
15:23:04.297 [JavaFX Application Thread] DEBUG Input                - Clearing active input actions
15:23:04.297 [JavaFX Application Thread] DEBUG GameApplicationServi - Removing overlay from MainMenuScene and adding to DialogSubScene
15:23:04.297 [JavaFX Application Thread] DEBUG PrimaryStageWindow   - MainMenuScene -> DialogSubScene
15:23:04.791 [JavaFX Application Thread] DEBUG PrimaryStageWindow   - Pop state: DialogSubScene
15:23:04.791 [JavaFX Application Thread] DEBUG Input                - Clearing active input actions
15:23:04.792 [JavaFX Application Thread] DEBUG GameApplicationServi - Removing overlay from DialogSubScene and adding to MainMenuScene
15:23:04.792 [JavaFX Application Thread] DEBUG PrimaryStageWindow   - MainMenuScene <- DialogSubScene
15:23:04.851 [JavaFX Application Thread] DEBUG AudioPlayer          - Playing music com.almasb.fxgl.audio.Music@74904cd3
15:23:05.140 [JavaFX Application Thread] DEBUG AudioPlayer          - Playing music com.almasb.fxgl.audio.Music@74904cd3
15:23:05.307 [JavaFX Application Thread] DEBUG AudioPlayer          - Playing music com.almasb.fxgl.audio.Music@74904cd3
15:23:05.639 [JavaFX Application Thread] DEBUG AudioPlayer          - Playing music com.almasb.fxgl.audio.Music@74904cd3
15:23:05.977 [JavaFX Application Thread] DEBUG AudioPlayer          - Playing music com.almasb.fxgl.audio.Music@74904cd3
15:23:06.269 [JavaFX Application Thread] DEBUG AudioPlayer          - Playing music com.almasb.fxgl.audio.Music@74904cd3
15:23:06.409 [JavaFX Application Thread] DEBUG AudioPlayer          - Playing music com.almasb.fxgl.audio.Music@74904cd3
15:23:06.470 [JavaFX Application Thread] DEBUG AudioPlayer          - Playing music com.almasb.fxgl.audio.Music@74904cd3
15:23:06.547 [JavaFX Application Thread] DEBUG AudioPlayer          - Playing music com.almasb.fxgl.audio.Music@74904cd3
15:23:06.931 [JavaFX Application Thread] DEBUG Menu                 - fireNewGame()
15:23:06.931 [JavaFX Application Thread] DEBUG GameApplicationServi - Starting new game
15:23:06.931 [JavaFX Application Thread] DEBUG PrimaryStageWindow   - Pop state: MainMenuScene
15:23:06.931 [JavaFX Application Thread] DEBUG Input                - Clearing active input actions
15:23:06.931 [JavaFX Application Thread] DEBUG GameApplicationServi - Removing overlay from MainMenuScene and adding to FXGLMainMenuDummyScene
15:23:06.931 [JavaFX Application Thread] DEBUG PrimaryStageWindow   - FXGLMainMenuDummyScene <- MainMenuScene
15:23:06.931 [JavaFX Application Thread] DEBUG Input                - Clearing active input actions
15:23:06.933 [JavaFX Application Thread] DEBUG GameApplicationServi - Removing overlay from FXGLMainMenuDummyScene and adding to FXGLLoadingScene
15:23:06.933 [JavaFX Application Thread] DEBUG PrimaryStageWindow   - FXGLMainMenuDummyScene -> FXGLLoadingScene
15:23:06.933 [JavaFX Application Thread] DEBUG GameApplicationServi - Clearing previous game
15:23:06.933 [JavaFX Application Thread] DEBUG GameScene            - Clearing game scene
15:23:06.933 [JavaFX Application Thread] DEBUG GameWorld            - Clearing game world
15:23:06.934 [JavaFX Application Thread] DEBUG PhysicsWorld         - Clearing physics world
15:23:06.934 [FXGL Background Thread 2 ] DEBUG FXGLApplication      - Initializing game
15:23:06.937 [FXGL Background Thread 2 ] INFO  FXGLApplication      - Game initialization took: 0.003 sec
15:23:06.937 [JavaFX Application Thread] DEBUG Input                - Clearing active input actions
15:23:06.940 [JavaFX Application Thread] DEBUG GameApplicationServi - Removing overlay from FXGLLoadingScene and adding to GameScene
15:23:06.940 [JavaFX Application Thread] DEBUG PrimaryStageWindow   - FXGLLoadingScene -> GameScene
15:23:08.089 [JavaFX Application Thread] DEBUG PrimaryStageWindow   - Push state: InGameMenuScene
15:23:08.089 [JavaFX Application Thread] DEBUG Input                - Clearing active input actions
15:23:08.090 [JavaFX Application Thread] DEBUG GameApplicationServi - Removing overlay from GameScene and adding to InGameMenuScene
15:23:08.090 [JavaFX Application Thread] DEBUG PrimaryStageWindow   - GameScene -> InGameMenuScene
15:23:08.100 [JavaFX Application Thread] DEBUG AudioPlayer          - Playing music com.almasb.fxgl.audio.Music@74904cd3
15:23:08.727 [JavaFX Application Thread] DEBUG Menu                 - fireExitToMainMenu()
15:23:08.728 [JavaFX Application Thread] DEBUG PrimaryStageWindow   - Push state: DialogSubScene
15:23:08.728 [JavaFX Application Thread] DEBUG Input                - Clearing active input actions
15:23:08.729 [JavaFX Application Thread] DEBUG GameApplicationServi - Removing overlay from InGameMenuScene and adding to DialogSubScene
15:23:08.729 [JavaFX Application Thread] DEBUG PrimaryStageWindow   - InGameMenuScene -> DialogSubScene
15:23:09.429 [JavaFX Application Thread] DEBUG PrimaryStageWindow   - Pop state: DialogSubScene
15:23:09.429 [JavaFX Application Thread] DEBUG Input                - Clearing active input actions
15:23:09.429 [JavaFX Application Thread] DEBUG GameApplicationServi - Removing overlay from DialogSubScene and adding to InGameMenuScene
15:23:09.429 [JavaFX Application Thread] DEBUG PrimaryStageWindow   - InGameMenuScene <- DialogSubScene
15:23:09.429 [JavaFX Application Thread] DEBUG PrimaryStageWindow   - Pop state: InGameMenuScene
15:23:09.429 [JavaFX Application Thread] DEBUG Input                - Clearing active input actions
15:23:09.429 [JavaFX Application Thread] DEBUG GameApplicationServi - Removing overlay from InGameMenuScene and adding to GameScene
15:23:09.429 [JavaFX Application Thread] DEBUG PrimaryStageWindow   - GameScene <- InGameMenuScene
15:23:09.429 [JavaFX Application Thread] DEBUG Input                - Clearing active input actions
15:23:09.430 [JavaFX Application Thread] DEBUG GameApplicationServi - Removing overlay from GameScene and adding to FXGLMainMenuDummyScene
15:23:09.430 [JavaFX Application Thread] DEBUG PrimaryStageWindow   - GameScene -> FXGLMainMenuDummyScene
15:23:09.430 [JavaFX Application Thread] DEBUG PrimaryStageWindow   - Push state: MainMenuScene
15:23:09.430 [JavaFX Application Thread] DEBUG Input                - Clearing active input actions
15:23:09.431 [JavaFX Application Thread] DEBUG GameApplicationServi - Removing overlay from FXGLMainMenuDummyScene and adding to MainMenuScene
15:23:09.431 [JavaFX Application Thread] DEBUG PrimaryStageWindow   - FXGLMainMenuDummyScene -> MainMenuScene
15:23:09.431 [JavaFX Application Thread] DEBUG AudioPlayer          - Playing music com.almasb.fxgl.audio.Music@74904cd3
15:23:10.482 [JavaFX Application Thread] DEBUG Menu                 - fireNewGame()
15:23:10.482 [JavaFX Application Thread] DEBUG GameApplicationServi - Starting new game
15:23:10.482 [JavaFX Application Thread] DEBUG PrimaryStageWindow   - Pop state: MainMenuScene
15:23:10.482 [JavaFX Application Thread] DEBUG Input                - Clearing active input actions
15:23:10.482 [JavaFX Application Thread] DEBUG GameApplicationServi - Removing overlay from MainMenuScene and adding to FXGLMainMenuDummyScene
15:23:10.482 [JavaFX Application Thread] DEBUG PrimaryStageWindow   - FXGLMainMenuDummyScene <- MainMenuScene
15:23:10.482 [JavaFX Application Thread] DEBUG Input                - Clearing active input actions
15:23:10.484 [JavaFX Application Thread] DEBUG GameApplicationServi - Removing overlay from FXGLMainMenuDummyScene and adding to FXGLLoadingScene
15:23:10.484 [JavaFX Application Thread] DEBUG PrimaryStageWindow   - FXGLMainMenuDummyScene -> FXGLLoadingScene
15:23:10.484 [JavaFX Application Thread] DEBUG GameApplicationServi - Clearing previous game
15:23:10.484 [JavaFX Application Thread] DEBUG GameScene            - Clearing game scene
15:23:10.484 [JavaFX Application Thread] DEBUG GameWorld            - Clearing game world
15:23:10.484 [JavaFX Application Thread] DEBUG PhysicsWorld         - Clearing physics world
15:23:10.484 [FXGL Background Thread 2 ] DEBUG FXGLApplication      - Initializing game
15:23:10.485 [FXGL Background Thread 2 ] INFO  FXGLApplication      - Game initialization took: 0.002 sec
15:23:10.485 [JavaFX Application Thread] DEBUG Input                - Clearing active input actions
15:23:10.488 [JavaFX Application Thread] DEBUG GameApplicationServi - Removing overlay from FXGLLoadingScene and adding to GameScene
15:23:10.488 [JavaFX Application Thread] DEBUG PrimaryStageWindow   - FXGLLoadingScene -> GameScene
15:23:11.556 [JavaFX Application Thread] DEBUG PrimaryStageWindow   - Push state: InGameMenuScene
15:23:11.556 [JavaFX Application Thread] DEBUG Input                - Clearing active input actions
15:23:11.556 [JavaFX Application Thread] DEBUG GameApplicationServi - Removing overlay from GameScene and adding to InGameMenuScene
15:23:11.556 [JavaFX Application Thread] DEBUG PrimaryStageWindow   - GameScene -> InGameMenuScene
15:23:11.724 [JavaFX Application Thread] DEBUG AudioPlayer          - Playing music com.almasb.fxgl.audio.Music@74904cd3
15:23:11.871 [JavaFX Application Thread] DEBUG AudioPlayer          - Playing music com.almasb.fxgl.audio.Music@74904cd3
15:23:12.154 [JavaFX Application Thread] DEBUG Menu                 - fireExitToMainMenu()
15:23:12.154 [JavaFX Application Thread] DEBUG PrimaryStageWindow   - Push state: DialogSubScene
15:23:12.154 [JavaFX Application Thread] DEBUG Input                - Clearing active input actions
15:23:12.154 [JavaFX Application Thread] DEBUG GameApplicationServi - Removing overlay from InGameMenuScene and adding to DialogSubScene
15:23:12.154 [JavaFX Application Thread] DEBUG PrimaryStageWindow   - InGameMenuScene -> DialogSubScene
15:23:12.634 [JavaFX Application Thread] DEBUG PrimaryStageWindow   - Pop state: DialogSubScene
15:23:12.634 [JavaFX Application Thread] DEBUG Input                - Clearing active input actions
15:23:12.634 [JavaFX Application Thread] DEBUG GameApplicationServi - Removing overlay from DialogSubScene and adding to InGameMenuScene
15:23:12.634 [JavaFX Application Thread] DEBUG PrimaryStageWindow   - InGameMenuScene <- DialogSubScene
15:23:12.634 [JavaFX Application Thread] DEBUG PrimaryStageWindow   - Pop state: InGameMenuScene
15:23:12.634 [JavaFX Application Thread] DEBUG Input                - Clearing active input actions
15:23:12.634 [JavaFX Application Thread] DEBUG GameApplicationServi - Removing overlay from InGameMenuScene and adding to GameScene
15:23:12.634 [JavaFX Application Thread] DEBUG PrimaryStageWindow   - GameScene <- InGameMenuScene
15:23:12.634 [JavaFX Application Thread] DEBUG Input                - Clearing active input actions
15:23:12.638 [JavaFX Application Thread] DEBUG GameApplicationServi - Removing overlay from GameScene and adding to FXGLMainMenuDummyScene
15:23:12.638 [JavaFX Application Thread] DEBUG PrimaryStageWindow   - GameScene -> FXGLMainMenuDummyScene
15:23:12.638 [JavaFX Application Thread] DEBUG PrimaryStageWindow   - Push state: MainMenuScene
15:23:12.638 [JavaFX Application Thread] DEBUG Input                - Clearing active input actions
15:23:12.638 [JavaFX Application Thread] DEBUG GameApplicationServi - Removing overlay from FXGLMainMenuDummyScene and adding to MainMenuScene
15:23:12.638 [JavaFX Application Thread] DEBUG PrimaryStageWindow   - FXGLMainMenuDummyScene -> MainMenuScene
15:23:12.638 [JavaFX Application Thread] DEBUG AudioPlayer          - Playing music com.almasb.fxgl.audio.Music@74904cd3
15:23:13.461 [JavaFX Application Thread] DEBUG AudioPlayer          - Playing music com.almasb.fxgl.audio.Music@74904cd3
15:23:15.795 [JavaFX Application Thread] DEBUG AudioPlayer          - Playing music com.almasb.fxgl.audio.Music@74904cd3
15:23:16.601 [JavaFX Application Thread] DEBUG AudioPlayer          - Playing music com.almasb.fxgl.audio.Music@74904cd3
15:23:16.673 [JavaFX Application Thread] DEBUG AudioPlayer          - Playing music com.almasb.fxgl.audio.Music@74904cd3
15:23:16.715 [JavaFX Application Thread] DEBUG AudioPlayer          - Playing music com.almasb.fxgl.audio.Music@74904cd3
15:23:45.639 [JavaFX Application Thread] DEBUG AudioPlayer          - Pausing music com.almasb.fxgl.audio.Music@74904cd3
15:23:45.640 [JavaFX Application Thread] DEBUG LoopRunner           - Pausing loop
15:24:36.832 [JavaFX Application Thread] DEBUG LoopRunner           - Resuming loop
15:24:36.832 [JavaFX Application Thread] DEBUG AudioPlayer          - Resuming music com.almasb.fxgl.audio.Music@74904cd3
15:24:37.227 [JavaFX Application Thread] DEBUG AudioPlayer          - Playing music com.almasb.fxgl.audio.Music@74904cd3
15:24:37.386 [JavaFX Application Thread] DEBUG AudioPlayer          - Playing music com.almasb.fxgl.audio.Music@74904cd3
15:24:37.591 [JavaFX Application Thread] DEBUG Menu                 - fireNewGame()
15:24:37.591 [JavaFX Application Thread] DEBUG GameApplicationServi - Starting new game
15:24:37.591 [JavaFX Application Thread] DEBUG PrimaryStageWindow   - Pop state: MainMenuScene
15:24:37.591 [JavaFX Application Thread] DEBUG Input                - Clearing active input actions
15:24:37.592 [JavaFX Application Thread] DEBUG GameApplicationServi - Removing overlay from MainMenuScene and adding to FXGLMainMenuDummyScene
15:24:37.592 [JavaFX Application Thread] DEBUG PrimaryStageWindow   - FXGLMainMenuDummyScene <- MainMenuScene
15:24:37.592 [JavaFX Application Thread] DEBUG Input                - Clearing active input actions
15:24:37.593 [JavaFX Application Thread] DEBUG GameApplicationServi - Removing overlay from FXGLMainMenuDummyScene and adding to FXGLLoadingScene
15:24:37.593 [JavaFX Application Thread] DEBUG PrimaryStageWindow   - FXGLMainMenuDummyScene -> FXGLLoadingScene
15:24:37.593 [JavaFX Application Thread] DEBUG GameApplicationServi - Clearing previous game
15:24:37.593 [JavaFX Application Thread] DEBUG GameScene            - Clearing game scene
15:24:37.593 [JavaFX Application Thread] DEBUG GameWorld            - Clearing game world
15:24:37.593 [JavaFX Application Thread] DEBUG PhysicsWorld         - Clearing physics world
15:24:37.594 [FXGL Background Thread 5 ] DEBUG FXGLApplication      - Initializing game
15:24:37.595 [FXGL Background Thread 5 ] INFO  FXGLApplication      - Game initialization took: 0.002 sec
15:24:37.597 [JavaFX Application Thread] DEBUG Input                - Clearing active input actions
15:24:37.598 [JavaFX Application Thread] DEBUG GameApplicationServi - Removing overlay from FXGLLoadingScene and adding to GameScene
15:24:37.598 [JavaFX Application Thread] DEBUG PrimaryStageWindow   - FXGLLoadingScene -> GameScene
15:24:38.040 [JavaFX Application Thread] DEBUG AudioPlayer          - Playing music com.almasb.fxgl.audio.Music@74904cd3
15:24:38.391 [JavaFX Application Thread] DEBUG AudioPlayer          - Playing music com.almasb.fxgl.audio.Music@74904cd3
15:24:38.680 [JavaFX Application Thread] DEBUG AudioPlayer          - Playing music com.almasb.fxgl.audio.Music@74904cd3
15:24:38.968 [JavaFX Application Thread] DEBUG PrimaryStageWindow   - Push state: DialogSubScene
15:24:38.968 [JavaFX Application Thread] DEBUG Input                - Clearing active input actions
15:24:38.969 [JavaFX Application Thread] DEBUG GameApplicationServi - Removing overlay from GameScene and adding to DialogSubScene
15:24:38.969 [JavaFX Application Thread] DEBUG PrimaryStageWindow   - GameScene -> DialogSubScene
15:24:39.823 [JavaFX Application Thread] DEBUG PrimaryStageWindow   - Pop state: DialogSubScene
15:24:39.823 [JavaFX Application Thread] DEBUG Input                - Clearing active input actions
15:24:39.823 [JavaFX Application Thread] DEBUG GameApplicationServi - Removing overlay from DialogSubScene and adding to GameScene
15:24:39.823 [JavaFX Application Thread] DEBUG PrimaryStageWindow   - GameScene <- DialogSubScene
15:24:40.148 [JavaFX Application Thread] DEBUG PrimaryStageWindow   - Push state: InGameMenuScene
15:24:40.148 [JavaFX Application Thread] DEBUG Input                - Clearing active input actions
15:24:40.148 [JavaFX Application Thread] DEBUG GameApplicationServi - Removing overlay from GameScene and adding to InGameMenuScene
15:24:40.148 [JavaFX Application Thread] DEBUG PrimaryStageWindow   - GameScene -> InGameMenuScene
15:24:40.156 [JavaFX Application Thread] DEBUG AudioPlayer          - Playing music com.almasb.fxgl.audio.Music@74904cd3
15:24:40.551 [JavaFX Application Thread] DEBUG AudioPlayer          - Playing music com.almasb.fxgl.audio.Music@74904cd3
15:24:40.560 [JavaFX Application Thread] DEBUG AudioPlayer          - Playing music com.almasb.fxgl.audio.Music@74904cd3
15:24:40.698 [JavaFX Application Thread] DEBUG AudioPlayer          - Playing music com.almasb.fxgl.audio.Music@74904cd3
15:24:40.922 [JavaFX Application Thread] DEBUG Menu                 - fireExitToMainMenu()
15:24:40.922 [JavaFX Application Thread] DEBUG PrimaryStageWindow   - Push state: DialogSubScene
15:24:40.922 [JavaFX Application Thread] DEBUG Input                - Clearing active input actions
15:24:40.922 [JavaFX Application Thread] DEBUG GameApplicationServi - Removing overlay from InGameMenuScene and adding to DialogSubScene
15:24:40.922 [JavaFX Application Thread] DEBUG PrimaryStageWindow   - InGameMenuScene -> DialogSubScene
15:24:41.576 [JavaFX Application Thread] DEBUG PrimaryStageWindow   - Pop state: DialogSubScene
15:24:41.576 [JavaFX Application Thread] DEBUG Input                - Clearing active input actions
15:24:41.576 [JavaFX Application Thread] DEBUG GameApplicationServi - Removing overlay from DialogSubScene and adding to InGameMenuScene
15:24:41.576 [JavaFX Application Thread] DEBUG PrimaryStageWindow   - InGameMenuScene <- DialogSubScene
15:24:41.576 [JavaFX Application Thread] DEBUG PrimaryStageWindow   - Pop state: InGameMenuScene
15:24:41.576 [JavaFX Application Thread] DEBUG Input                - Clearing active input actions
15:24:41.576 [JavaFX Application Thread] DEBUG GameApplicationServi - Removing overlay from InGameMenuScene and adding to GameScene
15:24:41.576 [JavaFX Application Thread] DEBUG PrimaryStageWindow   - GameScene <- InGameMenuScene
15:24:41.576 [JavaFX Application Thread] DEBUG Input                - Clearing active input actions
15:24:41.576 [JavaFX Application Thread] DEBUG GameApplicationServi - Removing overlay from GameScene and adding to FXGLMainMenuDummyScene
15:24:41.576 [JavaFX Application Thread] DEBUG PrimaryStageWindow   - GameScene -> FXGLMainMenuDummyScene
15:24:41.576 [JavaFX Application Thread] DEBUG PrimaryStageWindow   - Push state: MainMenuScene
15:24:41.576 [JavaFX Application Thread] DEBUG Input                - Clearing active input actions
15:24:41.577 [JavaFX Application Thread] DEBUG GameApplicationServi - Removing overlay from FXGLMainMenuDummyScene and adding to MainMenuScene
15:24:41.577 [JavaFX Application Thread] DEBUG PrimaryStageWindow   - FXGLMainMenuDummyScene -> MainMenuScene
15:24:41.577 [JavaFX Application Thread] DEBUG AudioPlayer          - Playing music com.almasb.fxgl.audio.Music@74904cd3
15:24:41.785 [JavaFX Application Thread] DEBUG AudioPlayer          - Playing music com.almasb.fxgl.audio.Music@74904cd3
15:24:42.552 [JavaFX Application Thread] DEBUG FXGLApplication      - Exiting FXGL
15:24:42.552 [JavaFX Application Thread] DEBUG LoopRunner           - Stopping loop
15:24:42.552 [JavaFX Application Thread] DEBUG SystemBundleService  - Saving FXGL system data
15:24:42.553 [JavaFX Application Thread] DEBUG FileSystemAccess     - Writing to: E:\G2\java\final_project\team_project_1124\javaA-xiangqi-project-main\system\fxgl.bundle
15:24:42.554 [JavaFX Application Thread] DEBUG Async                - Shutting down background threads
15:24:42.554 [JavaFX Application Thread] DEBUG PrimaryStageWindow   - Closing main window
15:24:42.565 [JavaFX Application Thread] DEBUG Logger               - Closing Logger
