18:21:46.915 [main                     ] DEBUG Logger               - Configured Logger
18:21:46.934 [main                     ] DEBUG GameApplication      - Logging settings
Title: 中国象棋 1.0
Version: 1.0
Width: 1316
Height: 1007
Fullscreen: false
Intro: false
Profiling: false
Single step:false
App Mode: DEVELOPER
Menu Key: ESCAPE
Stage Style: DECORATED
Scene Factory: class edu.sustech.xiangqi.XiangQiApp$1

18:21:47.282 [JavaFX Application Thread] DEBUG FXGLApplication      - Initializing FXGL
18:21:47.283 [JavaFX Application Thread] INFO  Engine               - FXGL-21.1 (27.03.2024 07.52) on WINDOWS (J:23.0.1 FX:21.0.1)
18:21:47.284 [JavaFX Application Thread] DEBUG Engine               - JRE Vendor Name: Oracle Corporation
18:21:47.284 [JavaFX Application Thread] DEBUG Engine               - Running on OS: Windows 11 version 10.0
18:21:47.284 [JavaFX Application Thread] DEBUG Engine               - Architecture: amd64
18:21:47.284 [JavaFX Application Thread] INFO  Engine               - Source code and latest versions at: https://github.com/AlmasB/FXGL
18:21:47.284 [JavaFX Application Thread] INFO  Engine               -       Ask questions and discuss at: https://github.com/AlmasB/FXGL/discussions
18:21:47.284 [JavaFX Application Thread] INFO  Engine               -              Join the FXGL chat at: https://gitter.im/AlmasB/FXGL
18:21:47.336 [JavaFX Application Thread] DEBUG PrimaryStageWindow   - Creating a JavaFX scene
18:21:47.361 [JavaFX Application Thread] DEBUG PrimaryStageWindow   - Target settings size: 1316.0 x 1007.0
18:21:47.361 [JavaFX Application Thread] DEBUG PrimaryStageWindow   - Scaled scene size:    1316.0 x 1007.0
18:21:47.361 [JavaFX Application Thread] DEBUG PrimaryStageWindow   - Scaled ratio: (1.0, 1.0)
18:21:47.362 [JavaFX Application Thread] DEBUG PrimaryStageWindow   - Set initial scene to FXGLStartupScene
18:21:47.363 [JavaFX Application Thread] DEBUG PrimaryStageWindow   - Opening main window
18:21:47.420 [JavaFX Application Thread] DEBUG PrimaryStageWindow   - Window border size: (14.6666259765625, 37.6666259765625)
18:21:47.421 [JavaFX Application Thread] DEBUG PrimaryStageWindow   - Scaled size: 1316.0 x 1007.0
18:21:47.421 [JavaFX Application Thread] DEBUG PrimaryStageWindow   - Scaled ratio: (1.0, 1.0)
18:21:47.421 [JavaFX Application Thread] DEBUG PrimaryStageWindow   - Scene size: 1316.0 x 1007.0
18:21:47.421 [JavaFX Application Thread] DEBUG PrimaryStageWindow   - Stage size: 1330.6666259765625 x 1044.6666259765625
18:21:47.424 [FXGL Background Thread 1 ] DEBUG Engine               - Initializing environment variables
18:21:47.455 [FXGL Background Thread 1 ] DEBUG FXGLAssetLoaderServi - User app class for loading assets: class edu.sustech.xiangqi.XiangQiApp
18:21:47.455 [FXGL Background Thread 1 ] DEBUG GameApplicationServi - Applying CSS: fxgl_dark.css
18:21:47.456 [FXGL Background Thread 1 ] DEBUG FXGLAssetLoaderServi - Loading from file system: jar:file:/C:/Users/20140/.m2/repository/com/github/almasb/fxgl/21.1/fxgl-21.1.jar!/fxglassets/ui/css/fxgl_dark.css
18:21:47.485 [FXGL Background Thread 1 ] DEBUG GameApplicationServi - Initializing application scenes
18:21:47.548 [FXGL Background Thread 1 ] DEBUG GameWorld            - Game world initialized
18:21:47.594 [FXGL Background Thread 1 ] DEBUG PhysicsWorld         - Physics world initialized: appHeight=1007, physics.ppm=50.0
18:21:47.594 [FXGL Background Thread 1 ] DEBUG PhysicsWorld         - Using strategy: BRUTE_FORCE
18:21:47.596 [FXGL Background Thread 1 ] DEBUG GameScene            - Game scene initialized: 1316x1007
18:21:47.603 [FXGL Background Thread 1 ] DEBUG FXGLAssetLoaderServi - Loading from file system: file:/D:/Github/javaA-xiangqi-project-main-yxh-1125/target/classes/assets/ui/fonts/HYPixel11pxU-2.ttf
18:21:47.626 [FXGL Background Thread 1 ] DEBUG FXGLAssetLoaderServi - Loading from file system: file:/D:/Github/javaA-xiangqi-project-main-yxh-1125/target/classes/assets/textures/Button1.png
18:21:47.638 [FXGL Background Thread 1 ] DEBUG FXGLAssetLoaderServi - Loading from file system: file:/D:/Github/javaA-xiangqi-project-main-yxh-1125/target/classes/assets/textures/Press.png
18:21:47.657 [FXGL Background Thread 1 ] DEBUG GameApplicationServi - Application scenes initialized
18:21:47.664 [FXGL Background Thread 1 ] DEBUG SystemBundleService  - Loading FXGL system data
18:21:47.665 [FXGL Background Thread 1 ] DEBUG FileSystemAccess     - Reading from: D:\Github\javaA-xiangqi-project-main-yxh-1125\system\fxgl.bundle
18:21:47.667 [FXGL Background Thread 1 ] DEBUG SystemBundleService  - Bundle FXGL: {}
18:21:47.667 [FXGL Background Thread 1 ] DEBUG UpdaterService       - Checking for updates
18:21:47.670 [FXGL Background Thread 4 ] DEBUG FXGLApplication      - Loading fonts
18:21:47.670 [FXGL Background Thread 1 ] DEBUG FXGLApplication      - Loading default localization
18:21:47.670 [FXGL Background Thread 4 ] DEBUG FXGLAssetLoaderServi - Loading from file system: jar:file:/C:/Users/20140/.m2/repository/com/github/almasb/fxgl/21.1/fxgl-21.1.jar!/fxglassets/ui/fonts/VarelaRound-Regular.ttf
18:21:47.670 [FXGL Background Thread 1 ] DEBUG FXGLAssetLoaderServi - Loading from file system: jar:file:/C:/Users/20140/.m2/repository/com/github/almasb/fxgl/21.1/fxgl-21.1.jar!/fxglassets/languages/english.lang
18:21:47.685 [FXGL Background Thread 4 ] DEBUG FXGLAssetLoaderServi - Loading from file system: jar:file:/C:/Users/20140/.m2/repository/com/github/almasb/fxgl/21.1/fxgl-21.1.jar!/fxglassets/ui/fonts/Abel-Regular.ttf
18:21:47.693 [FXGL Background Thread 1 ] INFO  FXGLApplication      - FXGL initialization took: 0.269 sec
18:21:47.694 [FXGL Background Thread 4 ] DEBUG FXGLAssetLoaderServi - Loading from file system: jar:file:/C:/Users/20140/.m2/repository/com/github/almasb/fxgl/21.1/fxgl-21.1.jar!/fxglassets/ui/fonts/TerminalLandMono-Regular.otf
18:21:47.696 [JavaFX Application Thread] DEBUG Input                - Registered new binding: Click - LMB
18:21:47.700 [FXGL Background Thread 4 ] DEBUG FXGLAssetLoaderServi - Loading from file system: jar:file:/C:/Users/20140/.m2/repository/com/github/almasb/fxgl/21.1/fxgl-21.1.jar!/fxglassets/ui/fonts/Courier-Prime.ttf
18:21:47.702 [JavaFX Application Thread] DEBUG FXGLAssetLoaderServi - Loading from file system: jar:file:/C:/Users/20140/.m2/repository/com/github/almasb/fxgl/21.1/fxgl-21.1.jar!/fxglassets/textures/fxgl_icon.png
18:21:47.721 [JavaFX Application Thread] DEBUG FXGLAssetLoaderServi - Loading from file system: jar:file:/C:/Users/20140/.m2/repository/com/github/almasb/fxgl/21.1/fxgl-21.1.jar!/fxglassets/textures/fxgl_default_cursor.png
18:21:47.727 [JavaFX Application Thread] DEBUG Input                - Registered new binding: Screenshot - CTRL+8
18:21:47.728 [JavaFX Application Thread] DEBUG Input                - Registered new binding: System info dump - CTRL+9
18:21:47.728 [JavaFX Application Thread] DEBUG Input                - Registered new binding: Restart - CTRL+R
18:21:47.729 [JavaFX Application Thread] DEBUG Input                - Registered new binding: Toggle Debug Camera - CTRL+7
18:21:47.733 [JavaFX Application Thread] DEBUG LoopRunner           - Starting loop
18:21:47.733 [JavaFX Application Thread] DEBUG LoopRunner           - Initializing JavaFX AnimationTimerLoop
18:21:47.735 [JavaFX Application Thread] DEBUG Input                - Clearing active input actions
18:21:47.739 [JavaFX Application Thread] DEBUG GameApplicationServi - Removing overlay from FXGLStartupScene and adding to FXGLMainMenuDummyScene
18:21:47.739 [JavaFX Application Thread] DEBUG PrimaryStageWindow   - FXGLStartupScene -> FXGLMainMenuDummyScene
18:21:47.739 [JavaFX Application Thread] DEBUG PrimaryStageWindow   - Push state: MainMenuScene
18:21:47.740 [JavaFX Application Thread] DEBUG Input                - Clearing active input actions
18:21:47.745 [JavaFX Application Thread] DEBUG GameApplicationServi - Removing overlay from FXGLMainMenuDummyScene and adding to MainMenuScene
18:21:47.745 [JavaFX Application Thread] DEBUG PrimaryStageWindow   - FXGLMainMenuDummyScene -> MainMenuScene
18:21:47.777 [JavaFX Application Thread] DEBUG FXGLApplication      - Registering font factories with UI factory
18:21:49.444 [JavaFX Application Thread] DEBUG FXGLAssetLoaderServi - Loading from file system: file:/D:/Github/javaA-xiangqi-project-main-yxh-1125/target/classes/assets/music/%e6%8c%89%e9%92%ae%e9%9f%b3%e6%95%881.mp3
18:21:49.508 [JavaFX Application Thread] DEBUG AudioPlayer          - Playing music com.almasb.fxgl.audio.Music@317ee745
18:21:49.524 [JavaFX Application Thread] DEBUG AudioPlayer          - Playing music com.almasb.fxgl.audio.Music@317ee745
18:21:49.577 [JavaFX Application Thread] DEBUG AudioPlayer          - Playing music com.almasb.fxgl.audio.Music@317ee745
18:21:50.018 [JavaFX Application Thread] DEBUG AudioPlayer          - Playing music com.almasb.fxgl.audio.Music@317ee745
18:21:50.145 [JavaFX Application Thread] DEBUG AudioPlayer          - Playing music com.almasb.fxgl.audio.Music@317ee745
18:21:50.282 [JavaFX Application Thread] DEBUG AudioPlayer          - Playing music com.almasb.fxgl.audio.Music@317ee745
18:21:50.436 [JavaFX Application Thread] DEBUG AudioPlayer          - Playing music com.almasb.fxgl.audio.Music@317ee745
18:21:50.669 [FXGL Background Thread 3 ] DEBUG Engine               - Logging environment variables
18:21:50.669 [FXGL Background Thread 3 ] DEBUG Engine               - achievements: []
18:21:50.669 [FXGL Background Thread 3 ] DEBUG Engine               - actualHeight: 1007.0
18:21:50.669 [FXGL Background Thread 3 ] DEBUG Engine               - actualHeightProperty: ReadOnlyDoubleProperty [value: 1007.0]
18:21:50.669 [FXGL Background Thread 3 ] DEBUG Engine               - actualWidth: 1316.0
18:21:50.669 [FXGL Background Thread 3 ] DEBUG Engine               - actualWidthProperty: ReadOnlyDoubleProperty [value: 1316.0]
18:21:50.669 [FXGL Background Thread 3 ] DEBUG Engine               - appIcon: fxgl_icon.png
18:21:50.669 [FXGL Background Thread 3 ] DEBUG Engine               - applicationMode: DEVELOPER
18:21:50.669 [FXGL Background Thread 3 ] DEBUG Engine               - cSSList: [fxgl_dark.css]
18:21:50.669 [FXGL Background Thread 3 ] DEBUG Engine               - collisionDetectionStrategy: BRUTE_FORCE
18:21:50.669 [FXGL Background Thread 3 ] DEBUG Engine               - configClass: Optional.empty
18:21:50.669 [FXGL Background Thread 3 ] DEBUG Engine               - credits: []
18:21:50.671 [FXGL Background Thread 3 ] DEBUG Engine               - defaultCursor: CursorInfo(imageName=fxgl_default_cursor.png, hotspotX=7.0, hotspotY=6.0)
18:21:50.671 [FXGL Background Thread 3 ] DEBUG Engine               - devBBoxColorProperty: ObjectProperty [value: 0xff0000ff]
18:21:50.671 [FXGL Background Thread 3 ] DEBUG Engine               - devEnableDebugCameraProperty: BooleanProperty [value: false]
18:21:50.671 [FXGL Background Thread 3 ] DEBUG Engine               - devSensorColorProperty: ObjectProperty [value: 0xffff00ff]
18:21:50.671 [FXGL Background Thread 3 ] DEBUG Engine               - devShowBBoxProperty: BooleanProperty [value: false]
18:21:50.671 [FXGL Background Thread 3 ] DEBUG Engine               - devShowPositionProperty: BooleanProperty [value: false]
18:21:50.671 [FXGL Background Thread 3 ] DEBUG Engine               - enabledMenuItems: []
18:21:50.671 [FXGL Background Thread 3 ] DEBUG Engine               - engineServices: [class com.almasb.fxgl.app.services.FXGLAssetLoaderService, class com.almasb.fxgl.app.FXGLApplication$GameApplicationService, class com.almasb.fxgl.app.services.FXGLDialogService, class com.almasb.fxgl.app.services.IOTaskExecutorService, class com.almasb.fxgl.io.FileSystemService, class com.almasb.fxgl.localization.LocalizationService, class com.almasb.fxgl.app.services.SystemBundleService, class com.almasb.fxgl.profile.SaveLoadService, class com.almasb.fxgl.ui.FXGLUIFactoryServiceProvider, class com.almasb.fxgl.ui.FXGLDialogFactoryServiceProvider, class com.almasb.fxgl.audio.AudioPlayer, class com.almasb.fxgl.notification.impl.NotificationServiceProvider, class com.almasb.fxgl.achievement.AchievementService, class com.almasb.fxgl.cutscene.CutsceneService, class com.almasb.fxgl.minigames.MiniGameService, class com.almasb.fxgl.net.NetService, class com.almasb.fxgl.app.services.UpdaterService, class com.almasb.fxgl.dev.DevService]
18:21:50.671 [FXGL Background Thread 3 ] DEBUG Engine               - fontGame: Abel-Regular.ttf
18:21:50.671 [FXGL Background Thread 3 ] DEBUG Engine               - fontMono: TerminalLandMono-Regular.otf
18:21:50.671 [FXGL Background Thread 3 ] DEBUG Engine               - fontSizeScaleUI: 1.0
18:21:50.671 [FXGL Background Thread 3 ] DEBUG Engine               - fontText: Courier-Prime.ttf
18:21:50.671 [FXGL Background Thread 3 ] DEBUG Engine               - fontUI: VarelaRound-Regular.ttf
18:21:50.671 [FXGL Background Thread 3 ] DEBUG Engine               - fullScreen: BooleanProperty [value: false]
18:21:50.671 [FXGL Background Thread 3 ] DEBUG Engine               - gameDifficulty: MEDIUM
18:21:50.671 [FXGL Background Thread 3 ] DEBUG Engine               - gameDifficultyProperty: ObjectProperty [value: MEDIUM]
18:21:50.671 [FXGL Background Thread 3 ] DEBUG Engine               - globalMusicVolume: 0.5
18:21:50.671 [FXGL Background Thread 3 ] DEBUG Engine               - globalMusicVolumeProperty: DoubleProperty [value: 0.5]
18:21:50.671 [FXGL Background Thread 3 ] DEBUG Engine               - globalSoundVolume: 0.5
18:21:50.671 [FXGL Background Thread 3 ] DEBUG Engine               - globalSoundVolumeProperty: DoubleProperty [value: 0.5]
18:21:50.671 [FXGL Background Thread 3 ] DEBUG Engine               - height: 1007
18:21:50.671 [FXGL Background Thread 3 ] DEBUG Engine               - is3D: false
18:21:50.671 [FXGL Background Thread 3 ] DEBUG Engine               - isAndroid: false
18:21:50.671 [FXGL Background Thread 3 ] DEBUG Engine               - isBrowser: false
18:21:50.671 [FXGL Background Thread 3 ] DEBUG Engine               - isClickFeedbackEnabled: false
18:21:50.671 [FXGL Background Thread 3 ] DEBUG Engine               - isCloseConfirmation: false
18:21:50.671 [FXGL Background Thread 3 ] DEBUG Engine               - isDesktop: true
18:21:50.671 [FXGL Background Thread 3 ] DEBUG Engine               - isDeveloperMenuEnabled: false
18:21:50.671 [FXGL Background Thread 3 ] DEBUG Engine               - isEmbedded: false
18:21:50.671 [FXGL Background Thread 3 ] DEBUG Engine               - isEntityPreloadEnabled: true
18:21:50.671 [FXGL Background Thread 3 ] DEBUG Engine               - isExperimentalTiledLargeMap: false
18:21:50.671 [FXGL Background Thread 3 ] DEBUG Engine               - isFileSystemWriteAllowed: true
18:21:50.671 [FXGL Background Thread 3 ] DEBUG Engine               - isFullScreenAllowed: false
18:21:50.671 [FXGL Background Thread 3 ] DEBUG Engine               - isFullScreenFromStart: false
18:21:50.671 [FXGL Background Thread 3 ] DEBUG Engine               - isGameMenuEnabled: true
18:21:50.671 [FXGL Background Thread 3 ] DEBUG Engine               - isIOS: false
18:21:50.671 [FXGL Background Thread 3 ] DEBUG Engine               - isIntroEnabled: false
18:21:50.671 [FXGL Background Thread 3 ] DEBUG Engine               - isLinux: false
18:21:50.672 [FXGL Background Thread 3 ] DEBUG Engine               - isMac: false
18:21:50.672 [FXGL Background Thread 3 ] DEBUG Engine               - isMainMenuEnabled: true
18:21:50.672 [FXGL Background Thread 3 ] DEBUG Engine               - isManualResizeEnabled: false
18:21:50.672 [FXGL Background Thread 3 ] DEBUG Engine               - isMobile: false
18:21:50.672 [FXGL Background Thread 3 ] DEBUG Engine               - isNative: false
18:21:50.672 [FXGL Background Thread 3 ] DEBUG Engine               - isPauseMusicWhenMinimized: true
18:21:50.672 [FXGL Background Thread 3 ] DEBUG Engine               - isPreserveResizeRatio: false
18:21:50.672 [FXGL Background Thread 3 ] DEBUG Engine               - isProfilingEnabled: false
18:21:50.672 [FXGL Background Thread 3 ] DEBUG Engine               - isScaleAffectedOnResize: true
18:21:50.672 [FXGL Background Thread 3 ] DEBUG Engine               - isSingleStep: false
18:21:50.672 [FXGL Background Thread 3 ] DEBUG Engine               - isUserProfileEnabled: false
18:21:50.672 [FXGL Background Thread 3 ] DEBUG Engine               - isWindows: true
18:21:50.672 [FXGL Background Thread 3 ] DEBUG Engine               - language: ObjectProperty [value: ENGLISH]
18:21:50.672 [FXGL Background Thread 3 ] DEBUG Engine               - menuKey: ESCAPE
18:21:50.672 [FXGL Background Thread 3 ] DEBUG Engine               - mouseSensitivity: 0.2
18:21:50.672 [FXGL Background Thread 3 ] DEBUG Engine               - notificationViewClass: class com.almasb.fxgl.notification.view.XboxNotificationView
18:21:50.672 [FXGL Background Thread 3 ] DEBUG Engine               - pixelsPerMeter: 50.0
18:21:50.672 [FXGL Background Thread 3 ] DEBUG Engine               - platform: WINDOWS
18:21:50.672 [FXGL Background Thread 3 ] DEBUG Engine               - prefHeightProperty: ReadOnlyDoubleProperty [value: 1007.0]
18:21:50.672 [FXGL Background Thread 3 ] DEBUG Engine               - prefWidthProperty: ReadOnlyDoubleProperty [value: 1316.0]
18:21:50.672 [FXGL Background Thread 3 ] DEBUG Engine               - profileDir: profiles/
18:21:50.672 [FXGL Background Thread 3 ] DEBUG Engine               - profileName: StringProperty [value: DEFAULT]
18:21:50.672 [FXGL Background Thread 3 ] DEBUG Engine               - randomSeed: -1
18:21:50.672 [FXGL Background Thread 3 ] DEBUG Engine               - runtimeInfo: RuntimeInfo(platform=WINDOWS, version=21.1, build=27.03.2024 07.52)
18:21:50.672 [FXGL Background Thread 3 ] DEBUG Engine               - saveFileExt: sav
18:21:50.672 [FXGL Background Thread 3 ] DEBUG Engine               - scaledHeightProp$fxgl: DoubleProperty [bound, value: 1007.0]
18:21:50.672 [FXGL Background Thread 3 ] DEBUG Engine               - scaledWidthProp$fxgl: DoubleProperty [bound, value: 1316.0]
18:21:50.672 [FXGL Background Thread 3 ] DEBUG Engine               - sceneFactory: edu.sustech.xiangqi.XiangQiApp$1@5aee6f8b
18:21:50.672 [FXGL Background Thread 3 ] DEBUG Engine               - secondsIn24h: 60
18:21:50.672 [FXGL Background Thread 3 ] DEBUG Engine               - soundMenuBack: menu/back.wav
18:21:50.672 [FXGL Background Thread 3 ] DEBUG Engine               - soundMenuPress: menu/press.wav
18:21:50.672 [FXGL Background Thread 3 ] DEBUG Engine               - soundMenuSelect: menu/select.wav
18:21:50.672 [FXGL Background Thread 3 ] DEBUG Engine               - soundNotification: core/notification.wav
18:21:50.672 [FXGL Background Thread 3 ] DEBUG Engine               - stageStyle: DECORATED
18:21:50.672 [FXGL Background Thread 3 ] DEBUG Engine               - supportedLanguages: [ENGLISH, FRENCH, GERMAN, HUNGARIAN, RUSSIAN]
18:21:50.672 [FXGL Background Thread 3 ] DEBUG Engine               - ticksPerSecond: -1
18:21:50.672 [FXGL Background Thread 3 ] DEBUG Engine               - title: 中国象棋 1.0
18:21:50.672 [FXGL Background Thread 3 ] DEBUG Engine               - urlGithub: https://github.com/AlmasB/FXGL
18:21:50.672 [FXGL Background Thread 3 ] DEBUG Engine               - urlLeaderboard: http://fxgl-top.herokuapp.com/
18:21:50.672 [FXGL Background Thread 3 ] DEBUG Engine               - urlPOM: https://raw.githubusercontent.com/AlmasB/FXGL/release/README.md
18:21:50.672 [FXGL Background Thread 3 ] DEBUG Engine               - userAppClass: class edu.sustech.xiangqi.XiangQiApp
18:21:50.672 [FXGL Background Thread 3 ] DEBUG Engine               - version: 1.0
18:21:50.672 [FXGL Background Thread 3 ] DEBUG Engine               - versionCheckDays: 7
18:21:50.672 [FXGL Background Thread 3 ] DEBUG Engine               - width: 1316
18:21:50.672 [FXGL Background Thread 3 ] DEBUG Engine               - Logging services
18:21:50.672 [FXGL Background Thread 3 ] DEBUG Engine               - class com.almasb.fxgl.app.services.FXGLAssetLoaderService
18:21:50.672 [FXGL Background Thread 3 ] DEBUG Engine               - class com.almasb.fxgl.app.FXGLApplication$GameApplicationService
18:21:50.672 [FXGL Background Thread 3 ] DEBUG Engine               - class com.almasb.fxgl.app.services.FXGLDialogService
18:21:50.672 [FXGL Background Thread 3 ] DEBUG Engine               - class com.almasb.fxgl.app.services.IOTaskExecutorService
18:21:50.672 [FXGL Background Thread 3 ] DEBUG Engine               - class com.almasb.fxgl.io.FileSystemService
18:21:50.672 [FXGL Background Thread 3 ] DEBUG Engine               - class com.almasb.fxgl.localization.LocalizationService
18:21:50.672 [FXGL Background Thread 3 ] DEBUG Engine               - class com.almasb.fxgl.app.services.SystemBundleService
18:21:50.672 [FXGL Background Thread 3 ] DEBUG Engine               - class com.almasb.fxgl.profile.SaveLoadService
18:21:50.672 [FXGL Background Thread 3 ] DEBUG Engine               - class com.almasb.fxgl.ui.FXGLUIFactoryServiceProvider
18:21:50.672 [FXGL Background Thread 3 ] DEBUG Engine               - class com.almasb.fxgl.ui.FXGLDialogFactoryServiceProvider
18:21:50.672 [FXGL Background Thread 3 ] DEBUG Engine               - class com.almasb.fxgl.audio.AudioPlayer
18:21:50.672 [FXGL Background Thread 3 ] DEBUG Engine               - class com.almasb.fxgl.notification.impl.NotificationServiceProvider
18:21:50.672 [FXGL Background Thread 3 ] DEBUG Engine               - class com.almasb.fxgl.achievement.AchievementService
18:21:50.672 [FXGL Background Thread 3 ] DEBUG Engine               - class com.almasb.fxgl.cutscene.CutsceneService
18:21:50.672 [FXGL Background Thread 3 ] DEBUG Engine               - class com.almasb.fxgl.minigames.MiniGameService
18:21:50.672 [FXGL Background Thread 3 ] DEBUG Engine               - class com.almasb.fxgl.net.NetService
18:21:50.672 [FXGL Background Thread 3 ] DEBUG Engine               - class com.almasb.fxgl.app.services.UpdaterService
18:21:50.672 [FXGL Background Thread 3 ] DEBUG Engine               - class com.almasb.fxgl.dev.DevService
18:21:51.235 [JavaFX Application Thread] DEBUG AudioPlayer          - Playing music com.almasb.fxgl.audio.Music@317ee745
18:21:51.409 [JavaFX Application Thread] DEBUG AudioPlayer          - Playing music com.almasb.fxgl.audio.Music@317ee745
18:21:51.409 [JavaFX Application Thread] DEBUG Menu                 - fireNewGame()
18:21:51.409 [JavaFX Application Thread] DEBUG GameApplicationServi - Starting new game
18:21:51.409 [JavaFX Application Thread] DEBUG PrimaryStageWindow   - Pop state: MainMenuScene
18:21:51.409 [JavaFX Application Thread] DEBUG Input                - Clearing active input actions
18:21:51.409 [JavaFX Application Thread] DEBUG GameApplicationServi - Removing overlay from MainMenuScene and adding to FXGLMainMenuDummyScene
18:21:51.410 [JavaFX Application Thread] DEBUG PrimaryStageWindow   - FXGLMainMenuDummyScene <- MainMenuScene
18:21:51.410 [JavaFX Application Thread] DEBUG Input                - Clearing active input actions
18:21:51.416 [JavaFX Application Thread] DEBUG GameApplicationServi - Removing overlay from FXGLMainMenuDummyScene and adding to FXGLLoadingScene
18:21:51.417 [JavaFX Application Thread] DEBUG PrimaryStageWindow   - FXGLMainMenuDummyScene -> FXGLLoadingScene
18:21:51.417 [JavaFX Application Thread] DEBUG GameApplicationServi - Clearing previous game
18:21:51.417 [JavaFX Application Thread] DEBUG GameScene            - Clearing game scene
18:21:51.417 [JavaFX Application Thread] DEBUG GameWorld            - Clearing game world
18:21:51.417 [JavaFX Application Thread] DEBUG PhysicsWorld         - Clearing physics world
18:21:51.418 [FXGL Background Thread 2 ] DEBUG FXGLApplication      - Initializing game
18:21:51.426 [FXGL Background Thread 2 ] DEBUG FXGLAssetLoaderServi - Loading from file system: file:/D:/Github/javaA-xiangqi-project-main-yxh-1125/target/classes/assets/textures/%e8%83%8c%e6%99%af.jpg
18:21:51.498 [FXGL Background Thread 2 ] DEBUG FXGLAssetLoaderServi - Loading from file system: file:/D:/Github/javaA-xiangqi-project-main-yxh-1125/target/classes/assets/textures/ChessBoard.png
18:21:51.513 [FXGL Background Thread 2 ] DEBUG FXGLAssetLoaderServi - Loading from file system: file:/D:/Github/javaA-xiangqi-project-main-yxh-1125/target/classes/assets/textures/BlackChariot.png
18:21:51.525 [FXGL Background Thread 2 ] DEBUG FXGLAssetLoaderServi - Loading from file system: file:/D:/Github/javaA-xiangqi-project-main-yxh-1125/target/classes/assets/textures/BlackHorse.png
18:21:51.527 [FXGL Background Thread 2 ] DEBUG FXGLAssetLoaderServi - Loading from file system: file:/D:/Github/javaA-xiangqi-project-main-yxh-1125/target/classes/assets/textures/BlackElephant.png
18:21:51.528 [FXGL Background Thread 2 ] DEBUG FXGLAssetLoaderServi - Loading from file system: file:/D:/Github/javaA-xiangqi-project-main-yxh-1125/target/classes/assets/textures/BlackAdvisor.png
18:21:51.529 [FXGL Background Thread 2 ] DEBUG FXGLAssetLoaderServi - Loading from file system: file:/D:/Github/javaA-xiangqi-project-main-yxh-1125/target/classes/assets/textures/BlackGeneral.png
18:21:51.531 [FXGL Background Thread 2 ] DEBUG FXGLAssetLoaderServi - Loading from file system: file:/D:/Github/javaA-xiangqi-project-main-yxh-1125/target/classes/assets/textures/BlackCannon.png
18:21:51.532 [FXGL Background Thread 2 ] DEBUG FXGLAssetLoaderServi - Loading from file system: file:/D:/Github/javaA-xiangqi-project-main-yxh-1125/target/classes/assets/textures/BlackSoldier.png
18:21:51.533 [FXGL Background Thread 2 ] DEBUG FXGLAssetLoaderServi - Loading from file system: file:/D:/Github/javaA-xiangqi-project-main-yxh-1125/target/classes/assets/textures/RedSoldier.png
18:21:51.535 [FXGL Background Thread 2 ] DEBUG FXGLAssetLoaderServi - Loading from file system: file:/D:/Github/javaA-xiangqi-project-main-yxh-1125/target/classes/assets/textures/RedCannon.png
18:21:51.537 [FXGL Background Thread 2 ] DEBUG FXGLAssetLoaderServi - Loading from file system: file:/D:/Github/javaA-xiangqi-project-main-yxh-1125/target/classes/assets/textures/RedChariot.png
18:21:51.538 [FXGL Background Thread 2 ] DEBUG FXGLAssetLoaderServi - Loading from file system: file:/D:/Github/javaA-xiangqi-project-main-yxh-1125/target/classes/assets/textures/RedHorse.png
18:21:51.539 [FXGL Background Thread 2 ] DEBUG FXGLAssetLoaderServi - Loading from file system: file:/D:/Github/javaA-xiangqi-project-main-yxh-1125/target/classes/assets/textures/RedElephant.png
18:21:51.544 [FXGL Background Thread 2 ] DEBUG FXGLAssetLoaderServi - Loading from file system: file:/D:/Github/javaA-xiangqi-project-main-yxh-1125/target/classes/assets/textures/RedAdvisor.png
18:21:51.546 [FXGL Background Thread 2 ] DEBUG FXGLAssetLoaderServi - Loading from file system: file:/D:/Github/javaA-xiangqi-project-main-yxh-1125/target/classes/assets/textures/RedGeneral.png
18:21:51.561 [FXGL Background Thread 2 ] INFO  FXGLApplication      - Game initialization took: 0.143 sec
18:21:51.562 [JavaFX Application Thread] DEBUG Input                - Clearing active input actions
18:21:51.566 [JavaFX Application Thread] DEBUG GameApplicationServi - Removing overlay from FXGLLoadingScene and adding to GameScene
18:21:51.566 [JavaFX Application Thread] DEBUG PrimaryStageWindow   - FXGLLoadingScene -> GameScene
18:21:52.403 [JavaFX Application Thread] DEBUG AudioPlayer          - Playing music com.almasb.fxgl.audio.Music@317ee745
18:21:52.866 [JavaFX Application Thread] DEBUG AudioPlayer          - Playing music com.almasb.fxgl.audio.Music@317ee745
18:21:53.013 [JavaFX Application Thread] DEBUG PrimaryStageWindow   - Push state: InGameMenuScene
18:21:53.013 [JavaFX Application Thread] DEBUG Input                - Clearing active input actions
18:21:53.013 [JavaFX Application Thread] DEBUG GameApplicationServi - Removing overlay from GameScene and adding to InGameMenuScene
18:21:53.013 [JavaFX Application Thread] DEBUG PrimaryStageWindow   - GameScene -> InGameMenuScene
18:21:53.599 [JavaFX Application Thread] DEBUG AudioPlayer          - Playing music com.almasb.fxgl.audio.Music@317ee745
18:21:53.686 [JavaFX Application Thread] DEBUG AudioPlayer          - Playing music com.almasb.fxgl.audio.Music@317ee745
18:21:53.819 [JavaFX Application Thread] DEBUG Menu                 - fireExitToMainMenu()
18:21:53.823 [JavaFX Application Thread] DEBUG PrimaryStageWindow   - Push state: DialogSubScene
18:21:53.823 [JavaFX Application Thread] DEBUG Input                - Clearing active input actions
18:21:53.826 [JavaFX Application Thread] DEBUG GameApplicationServi - Removing overlay from InGameMenuScene and adding to DialogSubScene
18:21:53.826 [JavaFX Application Thread] DEBUG PrimaryStageWindow   - InGameMenuScene -> DialogSubScene
18:21:54.304 [JavaFX Application Thread] DEBUG PrimaryStageWindow   - Pop state: DialogSubScene
18:21:54.304 [JavaFX Application Thread] DEBUG Input                - Clearing active input actions
18:21:54.305 [JavaFX Application Thread] DEBUG GameApplicationServi - Removing overlay from DialogSubScene and adding to InGameMenuScene
18:21:54.305 [JavaFX Application Thread] DEBUG PrimaryStageWindow   - InGameMenuScene <- DialogSubScene
18:21:54.305 [JavaFX Application Thread] DEBUG PrimaryStageWindow   - Pop state: InGameMenuScene
18:21:54.305 [JavaFX Application Thread] DEBUG Input                - Clearing active input actions
18:21:54.305 [JavaFX Application Thread] DEBUG GameApplicationServi - Removing overlay from InGameMenuScene and adding to GameScene
18:21:54.305 [JavaFX Application Thread] DEBUG PrimaryStageWindow   - GameScene <- InGameMenuScene
18:21:54.305 [JavaFX Application Thread] DEBUG Input                - Clearing active input actions
18:21:54.309 [JavaFX Application Thread] DEBUG GameApplicationServi - Removing overlay from GameScene and adding to FXGLMainMenuDummyScene
18:21:54.309 [JavaFX Application Thread] DEBUG PrimaryStageWindow   - GameScene -> FXGLMainMenuDummyScene
18:21:54.309 [JavaFX Application Thread] DEBUG PrimaryStageWindow   - Push state: MainMenuScene
18:21:54.309 [JavaFX Application Thread] DEBUG Input                - Clearing active input actions
18:21:54.309 [JavaFX Application Thread] DEBUG GameApplicationServi - Removing overlay from FXGLMainMenuDummyScene and adding to MainMenuScene
18:21:54.309 [JavaFX Application Thread] DEBUG PrimaryStageWindow   - FXGLMainMenuDummyScene -> MainMenuScene
18:21:54.310 [JavaFX Application Thread] DEBUG AudioPlayer          - Playing music com.almasb.fxgl.audio.Music@317ee745
18:21:54.409 [JavaFX Application Thread] DEBUG AudioPlayer          - Playing music com.almasb.fxgl.audio.Music@317ee745
18:21:54.451 [JavaFX Application Thread] DEBUG AudioPlayer          - Playing music com.almasb.fxgl.audio.Music@317ee745
18:21:55.160 [JavaFX Application Thread] DEBUG AudioPlayer          - Playing music com.almasb.fxgl.audio.Music@317ee745
18:21:55.347 [JavaFX Application Thread] DEBUG AudioPlayer          - Playing music com.almasb.fxgl.audio.Music@317ee745
18:21:55.348 [JavaFX Application Thread] DEBUG Menu                 - fireNewGame()
18:21:55.348 [JavaFX Application Thread] DEBUG GameApplicationServi - Starting new game
18:21:55.348 [JavaFX Application Thread] DEBUG PrimaryStageWindow   - Pop state: MainMenuScene
18:21:55.348 [JavaFX Application Thread] DEBUG Input                - Clearing active input actions
18:21:55.348 [JavaFX Application Thread] DEBUG GameApplicationServi - Removing overlay from MainMenuScene and adding to FXGLMainMenuDummyScene
18:21:55.348 [JavaFX Application Thread] DEBUG PrimaryStageWindow   - FXGLMainMenuDummyScene <- MainMenuScene
18:21:55.348 [JavaFX Application Thread] DEBUG Input                - Clearing active input actions
18:21:55.350 [JavaFX Application Thread] DEBUG GameApplicationServi - Removing overlay from FXGLMainMenuDummyScene and adding to FXGLLoadingScene
18:21:55.350 [JavaFX Application Thread] DEBUG PrimaryStageWindow   - FXGLMainMenuDummyScene -> FXGLLoadingScene
18:21:55.350 [JavaFX Application Thread] DEBUG GameApplicationServi - Clearing previous game
18:21:55.350 [JavaFX Application Thread] DEBUG GameScene            - Clearing game scene
18:21:55.350 [JavaFX Application Thread] DEBUG GameWorld            - Clearing game world
18:21:55.354 [JavaFX Application Thread] DEBUG PhysicsWorld         - Clearing physics world
18:21:55.355 [FXGL Background Thread 2 ] DEBUG FXGLApplication      - Initializing game
18:21:55.361 [FXGL Background Thread 2 ] INFO  FXGLApplication      - Game initialization took: 0.007 sec
18:21:55.361 [JavaFX Application Thread] DEBUG Input                - Clearing active input actions
18:21:55.366 [JavaFX Application Thread] DEBUG GameApplicationServi - Removing overlay from FXGLLoadingScene and adding to GameScene
18:21:55.366 [JavaFX Application Thread] DEBUG PrimaryStageWindow   - FXGLLoadingScene -> GameScene
18:21:55.693 [JavaFX Application Thread] DEBUG AudioPlayer          - Playing music com.almasb.fxgl.audio.Music@317ee745
18:21:55.704 [JavaFX Application Thread] DEBUG AudioPlayer          - Playing music com.almasb.fxgl.audio.Music@317ee745
18:21:56.014 [JavaFX Application Thread] DEBUG AudioPlayer          - Playing music com.almasb.fxgl.audio.Music@317ee745
18:21:56.121 [JavaFX Application Thread] DEBUG PrimaryStageWindow   - Push state: InGameMenuScene
18:21:56.121 [JavaFX Application Thread] DEBUG Input                - Clearing active input actions
18:21:56.122 [JavaFX Application Thread] DEBUG GameApplicationServi - Removing overlay from GameScene and adding to InGameMenuScene
18:21:56.122 [JavaFX Application Thread] DEBUG PrimaryStageWindow   - GameScene -> InGameMenuScene
18:21:56.573 [JavaFX Application Thread] DEBUG AudioPlayer          - Playing music com.almasb.fxgl.audio.Music@317ee745
18:21:56.656 [JavaFX Application Thread] DEBUG AudioPlayer          - Playing music com.almasb.fxgl.audio.Music@317ee745
18:21:56.779 [JavaFX Application Thread] DEBUG Menu                 - fireExitToMainMenu()
18:21:56.780 [JavaFX Application Thread] DEBUG PrimaryStageWindow   - Push state: DialogSubScene
18:21:56.780 [JavaFX Application Thread] DEBUG Input                - Clearing active input actions
18:21:56.781 [JavaFX Application Thread] DEBUG GameApplicationServi - Removing overlay from InGameMenuScene and adding to DialogSubScene
18:21:56.781 [JavaFX Application Thread] DEBUG PrimaryStageWindow   - InGameMenuScene -> DialogSubScene
18:21:58.367 [JavaFX Application Thread] DEBUG PrimaryStageWindow   - Pop state: DialogSubScene
18:21:58.367 [JavaFX Application Thread] DEBUG Input                - Clearing active input actions
18:21:58.367 [JavaFX Application Thread] DEBUG GameApplicationServi - Removing overlay from DialogSubScene and adding to InGameMenuScene
18:21:58.368 [JavaFX Application Thread] DEBUG PrimaryStageWindow   - InGameMenuScene <- DialogSubScene
18:21:58.368 [JavaFX Application Thread] DEBUG PrimaryStageWindow   - Pop state: InGameMenuScene
18:21:58.368 [JavaFX Application Thread] DEBUG Input                - Clearing active input actions
18:21:58.368 [JavaFX Application Thread] DEBUG GameApplicationServi - Removing overlay from InGameMenuScene and adding to GameScene
18:21:58.368 [JavaFX Application Thread] DEBUG PrimaryStageWindow   - GameScene <- InGameMenuScene
18:21:58.368 [JavaFX Application Thread] DEBUG Input                - Clearing active input actions
18:21:58.370 [JavaFX Application Thread] DEBUG GameApplicationServi - Removing overlay from GameScene and adding to FXGLMainMenuDummyScene
18:21:58.370 [JavaFX Application Thread] DEBUG PrimaryStageWindow   - GameScene -> FXGLMainMenuDummyScene
18:21:58.370 [JavaFX Application Thread] DEBUG PrimaryStageWindow   - Push state: MainMenuScene
18:21:58.370 [JavaFX Application Thread] DEBUG Input                - Clearing active input actions
18:21:58.370 [JavaFX Application Thread] DEBUG GameApplicationServi - Removing overlay from FXGLMainMenuDummyScene and adding to MainMenuScene
18:21:58.370 [JavaFX Application Thread] DEBUG PrimaryStageWindow   - FXGLMainMenuDummyScene -> MainMenuScene
18:21:58.616 [JavaFX Application Thread] DEBUG AudioPlayer          - Playing music com.almasb.fxgl.audio.Music@317ee745
18:21:58.678 [JavaFX Application Thread] DEBUG AudioPlayer          - Playing music com.almasb.fxgl.audio.Music@317ee745
18:21:59.843 [JavaFX Application Thread] DEBUG AudioPlayer          - Playing music com.almasb.fxgl.audio.Music@317ee745
18:22:02.209 [JavaFX Application Thread] DEBUG AudioPlayer          - Playing music com.almasb.fxgl.audio.Music@317ee745
18:22:02.209 [JavaFX Application Thread] DEBUG Menu                 - fireNewGame()
18:22:02.209 [JavaFX Application Thread] DEBUG GameApplicationServi - Starting new game
18:22:02.209 [JavaFX Application Thread] DEBUG PrimaryStageWindow   - Pop state: MainMenuScene
18:22:02.209 [JavaFX Application Thread] DEBUG Input                - Clearing active input actions
18:22:02.209 [JavaFX Application Thread] DEBUG GameApplicationServi - Removing overlay from MainMenuScene and adding to FXGLMainMenuDummyScene
18:22:02.209 [JavaFX Application Thread] DEBUG PrimaryStageWindow   - FXGLMainMenuDummyScene <- MainMenuScene
18:22:02.209 [JavaFX Application Thread] DEBUG Input                - Clearing active input actions
18:22:02.212 [JavaFX Application Thread] DEBUG GameApplicationServi - Removing overlay from FXGLMainMenuDummyScene and adding to FXGLLoadingScene
18:22:02.212 [JavaFX Application Thread] DEBUG PrimaryStageWindow   - FXGLMainMenuDummyScene -> FXGLLoadingScene
18:22:02.212 [JavaFX Application Thread] DEBUG GameApplicationServi - Clearing previous game
18:22:02.212 [JavaFX Application Thread] DEBUG GameScene            - Clearing game scene
18:22:02.212 [JavaFX Application Thread] DEBUG GameWorld            - Clearing game world
18:22:02.213 [JavaFX Application Thread] DEBUG PhysicsWorld         - Clearing physics world
18:22:02.213 [FXGL Background Thread 2 ] DEBUG FXGLApplication      - Initializing game
18:22:02.220 [FXGL Background Thread 2 ] INFO  FXGLApplication      - Game initialization took: 0.007 sec
18:22:02.220 [JavaFX Application Thread] DEBUG Input                - Clearing active input actions
18:22:02.223 [JavaFX Application Thread] DEBUG GameApplicationServi - Removing overlay from FXGLLoadingScene and adding to GameScene
18:22:02.223 [JavaFX Application Thread] DEBUG PrimaryStageWindow   - FXGLLoadingScene -> GameScene
18:22:02.676 [JavaFX Application Thread] DEBUG AudioPlayer          - Playing music com.almasb.fxgl.audio.Music@317ee745
18:22:03.763 [JavaFX Application Thread] DEBUG FXGLApplication      - Exiting FXGL
18:22:03.763 [JavaFX Application Thread] DEBUG LoopRunner           - Stopping loop
18:22:03.763 [JavaFX Application Thread] DEBUG SystemBundleService  - Saving FXGL system data
18:22:03.764 [JavaFX Application Thread] DEBUG FileSystemAccess     - Writing to: D:\Github\javaA-xiangqi-project-main-yxh-1125\system\fxgl.bundle
18:22:03.765 [JavaFX Application Thread] DEBUG Async                - Shutting down background threads
18:22:03.765 [JavaFX Application Thread] DEBUG PrimaryStageWindow   - Closing main window
18:22:03.786 [JavaFX Application Thread] DEBUG Logger               - Closing Logger
