22:03:00.109 [main                     ] DEBUG Logger               - Configured Logger
22:03:00.131 [main                     ] DEBUG GameApplication      - Logging settings
Title: 中国象棋 1.0
Version: 1.0
Width: 1316
Height: 1007
Fullscreen: false
Intro: false
Profiling: false
Single step:false
App Mode: DEVELOPER
Menu Key: ESCAPE
Stage Style: DECORATED
Scene Factory: class edu.sustech.xiangqi.XiangQiApp$1

22:03:00.624 [JavaFX Application Thread] DEBUG FXGLApplication      - Initializing FXGL
22:03:00.627 [JavaFX Application Thread] INFO  Engine               - FXGL-21.1 (27.03.2024 07.52) on WINDOWS (J:23.0.1 FX:21.0.1)
22:03:00.627 [JavaFX Application Thread] DEBUG Engine               - JRE Vendor Name: Oracle Corporation
22:03:00.627 [JavaFX Application Thread] DEBUG Engine               - Running on OS: Windows 11 version 10.0
22:03:00.627 [JavaFX Application Thread] DEBUG Engine               - Architecture: amd64
22:03:00.627 [JavaFX Application Thread] INFO  Engine               - Source code and latest versions at: https://github.com/AlmasB/FXGL
22:03:00.627 [JavaFX Application Thread] INFO  Engine               -       Ask questions and discuss at: https://github.com/AlmasB/FXGL/discussions
22:03:00.627 [JavaFX Application Thread] INFO  Engine               -              Join the FXGL chat at: https://gitter.im/AlmasB/FXGL
22:03:00.723 [JavaFX Application Thread] DEBUG PrimaryStageWindow   - Creating a JavaFX scene
22:03:00.762 [JavaFX Application Thread] DEBUG PrimaryStageWindow   - Target settings size: 1316.0 x 1007.0
22:03:00.763 [JavaFX Application Thread] DEBUG PrimaryStageWindow   - Scaled scene size:    1316.0 x 1007.0
22:03:00.763 [JavaFX Application Thread] DEBUG PrimaryStageWindow   - Scaled ratio: (1.0, 1.0)
22:03:00.763 [JavaFX Application Thread] DEBUG PrimaryStageWindow   - Set initial scene to FXGLStartupScene
22:03:00.766 [JavaFX Application Thread] DEBUG PrimaryStageWindow   - Opening main window
22:03:00.871 [JavaFX Application Thread] DEBUG PrimaryStageWindow   - Window border size: (14.6666259765625, 37.6666259765625)
22:03:00.871 [JavaFX Application Thread] DEBUG PrimaryStageWindow   - Scaled size: 1316.0 x 1007.0
22:03:00.871 [JavaFX Application Thread] DEBUG PrimaryStageWindow   - Scaled ratio: (1.0, 1.0)
22:03:00.871 [JavaFX Application Thread] DEBUG PrimaryStageWindow   - Scene size: 1316.0 x 1007.0
22:03:00.872 [JavaFX Application Thread] DEBUG PrimaryStageWindow   - Stage size: 1330.6666259765625 x 1044.6666259765625
22:03:00.877 [FXGL Background Thread 1 ] DEBUG Engine               - Initializing environment variables
22:03:00.915 [FXGL Background Thread 1 ] DEBUG FXGLAssetLoaderServi - User app class for loading assets: class edu.sustech.xiangqi.XiangQiApp
22:03:00.915 [FXGL Background Thread 1 ] DEBUG GameApplicationServi - Applying CSS: fxgl_dark.css
22:03:00.915 [FXGL Background Thread 1 ] DEBUG FXGLAssetLoaderServi - Loading from file system: jar:file:/C:/Users/20140/.m2/repository/com/github/almasb/fxgl/21.1/fxgl-21.1.jar!/fxglassets/ui/css/fxgl_dark.css
22:03:00.945 [FXGL Background Thread 1 ] DEBUG GameApplicationServi - Initializing application scenes
22:03:01.050 [FXGL Background Thread 1 ] DEBUG GameWorld            - Game world initialized
22:03:01.093 [FXGL Background Thread 1 ] DEBUG PhysicsWorld         - Physics world initialized: appHeight=1007, physics.ppm=50.0
22:03:01.093 [FXGL Background Thread 1 ] DEBUG PhysicsWorld         - Using strategy: BRUTE_FORCE
22:03:01.095 [FXGL Background Thread 1 ] DEBUG GameScene            - Game scene initialized: 1316x1007
22:03:01.106 [FXGL Background Thread 1 ] DEBUG FXGLAssetLoaderServi - Loading from file system: file:/D:/Github/javaA-xiangqi-project-main-yxh-1125/target/classes/assets/ui/fonts/HYPixel11pxU-2.ttf
22:03:01.139 [FXGL Background Thread 1 ] DEBUG FXGLAssetLoaderServi - Loading from file system: file:/D:/Github/javaA-xiangqi-project-main-yxh-1125/target/classes/assets/textures/Button1.png
22:03:01.158 [FXGL Background Thread 1 ] DEBUG FXGLAssetLoaderServi - Loading from file system: file:/D:/Github/javaA-xiangqi-project-main-yxh-1125/target/classes/assets/textures/Press.png
22:03:01.188 [FXGL Background Thread 1 ] DEBUG GameApplicationServi - Application scenes initialized
22:03:01.198 [FXGL Background Thread 1 ] DEBUG SystemBundleService  - Loading FXGL system data
22:03:01.200 [FXGL Background Thread 1 ] DEBUG FileSystemAccess     - Reading from: D:\Github\javaA-xiangqi-project-main-yxh-1125\system\fxgl.bundle
22:03:01.202 [FXGL Background Thread 1 ] DEBUG SystemBundleService  - Bundle FXGL: {}
22:03:01.202 [FXGL Background Thread 1 ] DEBUG UpdaterService       - Checking for updates
22:03:01.207 [FXGL Background Thread 4 ] DEBUG FXGLApplication      - Loading fonts
22:03:01.208 [FXGL Background Thread 1 ] DEBUG FXGLApplication      - Loading default localization
22:03:01.208 [FXGL Background Thread 4 ] DEBUG FXGLAssetLoaderServi - Loading from file system: jar:file:/C:/Users/20140/.m2/repository/com/github/almasb/fxgl/21.1/fxgl-21.1.jar!/fxglassets/ui/fonts/VarelaRound-Regular.ttf
22:03:01.208 [FXGL Background Thread 1 ] DEBUG FXGLAssetLoaderServi - Loading from file system: jar:file:/C:/Users/20140/.m2/repository/com/github/almasb/fxgl/21.1/fxgl-21.1.jar!/fxglassets/languages/english.lang
22:03:01.224 [FXGL Background Thread 4 ] DEBUG FXGLAssetLoaderServi - Loading from file system: jar:file:/C:/Users/20140/.m2/repository/com/github/almasb/fxgl/21.1/fxgl-21.1.jar!/fxglassets/ui/fonts/Abel-Regular.ttf
22:03:01.235 [FXGL Background Thread 4 ] DEBUG FXGLAssetLoaderServi - Loading from file system: jar:file:/C:/Users/20140/.m2/repository/com/github/almasb/fxgl/21.1/fxgl-21.1.jar!/fxglassets/ui/fonts/TerminalLandMono-Regular.otf
22:03:01.242 [FXGL Background Thread 1 ] INFO  FXGLApplication      - FXGL initialization took: 0.364 sec
22:03:01.247 [FXGL Background Thread 4 ] DEBUG FXGLAssetLoaderServi - Loading from file system: jar:file:/C:/Users/20140/.m2/repository/com/github/almasb/fxgl/21.1/fxgl-21.1.jar!/fxglassets/ui/fonts/Courier-Prime.ttf
22:03:01.250 [JavaFX Application Thread] DEBUG Input                - Registered new binding: Click - LMB
22:03:01.259 [JavaFX Application Thread] DEBUG FXGLAssetLoaderServi - Loading from file system: jar:file:/C:/Users/20140/.m2/repository/com/github/almasb/fxgl/21.1/fxgl-21.1.jar!/fxglassets/textures/fxgl_icon.png
22:03:01.294 [JavaFX Application Thread] DEBUG FXGLAssetLoaderServi - Loading from file system: jar:file:/C:/Users/20140/.m2/repository/com/github/almasb/fxgl/21.1/fxgl-21.1.jar!/fxglassets/textures/fxgl_default_cursor.png
22:03:01.304 [JavaFX Application Thread] DEBUG Input                - Registered new binding: Screenshot - CTRL+8
22:03:01.304 [JavaFX Application Thread] DEBUG Input                - Registered new binding: System info dump - CTRL+9
22:03:01.305 [JavaFX Application Thread] DEBUG Input                - Registered new binding: Restart - CTRL+R
22:03:01.305 [JavaFX Application Thread] DEBUG Input                - Registered new binding: Toggle Debug Camera - CTRL+7
22:03:01.312 [JavaFX Application Thread] DEBUG LoopRunner           - Starting loop
22:03:01.312 [JavaFX Application Thread] DEBUG LoopRunner           - Initializing JavaFX AnimationTimerLoop
22:03:01.315 [JavaFX Application Thread] DEBUG Input                - Clearing active input actions
22:03:01.322 [JavaFX Application Thread] DEBUG GameApplicationServi - Removing overlay from FXGLStartupScene and adding to FXGLMainMenuDummyScene
22:03:01.322 [JavaFX Application Thread] DEBUG PrimaryStageWindow   - FXGLStartupScene -> FXGLMainMenuDummyScene
22:03:01.322 [JavaFX Application Thread] DEBUG PrimaryStageWindow   - Push state: MainMenuScene
22:03:01.323 [JavaFX Application Thread] DEBUG Input                - Clearing active input actions
22:03:01.331 [JavaFX Application Thread] DEBUG GameApplicationServi - Removing overlay from FXGLMainMenuDummyScene and adding to MainMenuScene
22:03:01.332 [JavaFX Application Thread] DEBUG PrimaryStageWindow   - FXGLMainMenuDummyScene -> MainMenuScene
22:03:01.380 [JavaFX Application Thread] DEBUG FXGLAssetLoaderServi - Loading from file system: file:/D:/Github/javaA-xiangqi-project-main-yxh-1125/target/classes/assets/music/%e6%8c%89%e9%92%ae%e9%9f%b3%e6%95%881.mp3
22:03:01.521 [JavaFX Application Thread] DEBUG AudioPlayer          - Playing music com.almasb.fxgl.audio.Music@70169106
22:03:01.522 [JavaFX Application Thread] DEBUG FXGLApplication      - Registering font factories with UI factory
22:03:01.820 [JavaFX Application Thread] DEBUG AudioPlayer          - Playing music com.almasb.fxgl.audio.Music@70169106
22:03:01.933 [JavaFX Application Thread] DEBUG AudioPlayer          - Playing music com.almasb.fxgl.audio.Music@70169106
22:03:04.208 [FXGL Background Thread 3 ] DEBUG Engine               - Logging environment variables
22:03:04.208 [FXGL Background Thread 3 ] DEBUG Engine               - achievements: []
22:03:04.208 [FXGL Background Thread 3 ] DEBUG Engine               - actualHeight: 1007.0
22:03:04.209 [FXGL Background Thread 3 ] DEBUG Engine               - actualHeightProperty: ReadOnlyDoubleProperty [value: 1007.0]
22:03:04.209 [FXGL Background Thread 3 ] DEBUG Engine               - actualWidth: 1316.0
22:03:04.209 [FXGL Background Thread 3 ] DEBUG Engine               - actualWidthProperty: ReadOnlyDoubleProperty [value: 1316.0]
22:03:04.209 [FXGL Background Thread 3 ] DEBUG Engine               - appIcon: fxgl_icon.png
22:03:04.209 [FXGL Background Thread 3 ] DEBUG Engine               - applicationMode: DEVELOPER
22:03:04.209 [FXGL Background Thread 3 ] DEBUG Engine               - cSSList: [fxgl_dark.css]
22:03:04.209 [FXGL Background Thread 3 ] DEBUG Engine               - collisionDetectionStrategy: BRUTE_FORCE
22:03:04.209 [FXGL Background Thread 3 ] DEBUG Engine               - configClass: Optional.empty
22:03:04.209 [FXGL Background Thread 3 ] DEBUG Engine               - credits: []
22:03:04.210 [FXGL Background Thread 3 ] DEBUG Engine               - defaultCursor: CursorInfo(imageName=fxgl_default_cursor.png, hotspotX=7.0, hotspotY=6.0)
22:03:04.210 [FXGL Background Thread 3 ] DEBUG Engine               - devBBoxColorProperty: ObjectProperty [value: 0xff0000ff]
22:03:04.211 [FXGL Background Thread 3 ] DEBUG Engine               - devEnableDebugCameraProperty: BooleanProperty [value: false]
22:03:04.211 [FXGL Background Thread 3 ] DEBUG Engine               - devSensorColorProperty: ObjectProperty [value: 0xffff00ff]
22:03:04.211 [FXGL Background Thread 3 ] DEBUG Engine               - devShowBBoxProperty: BooleanProperty [value: false]
22:03:04.211 [FXGL Background Thread 3 ] DEBUG Engine               - devShowPositionProperty: BooleanProperty [value: false]
22:03:04.211 [FXGL Background Thread 3 ] DEBUG Engine               - enabledMenuItems: []
22:03:04.211 [FXGL Background Thread 3 ] DEBUG Engine               - engineServices: [class com.almasb.fxgl.app.services.FXGLAssetLoaderService, class com.almasb.fxgl.app.FXGLApplication$GameApplicationService, class com.almasb.fxgl.app.services.FXGLDialogService, class com.almasb.fxgl.app.services.IOTaskExecutorService, class com.almasb.fxgl.io.FileSystemService, class com.almasb.fxgl.localization.LocalizationService, class com.almasb.fxgl.app.services.SystemBundleService, class com.almasb.fxgl.profile.SaveLoadService, class com.almasb.fxgl.ui.FXGLUIFactoryServiceProvider, class com.almasb.fxgl.ui.FXGLDialogFactoryServiceProvider, class com.almasb.fxgl.audio.AudioPlayer, class com.almasb.fxgl.notification.impl.NotificationServiceProvider, class com.almasb.fxgl.achievement.AchievementService, class com.almasb.fxgl.cutscene.CutsceneService, class com.almasb.fxgl.minigames.MiniGameService, class com.almasb.fxgl.net.NetService, class com.almasb.fxgl.app.services.UpdaterService, class com.almasb.fxgl.dev.DevService]
22:03:04.211 [FXGL Background Thread 3 ] DEBUG Engine               - fontGame: Abel-Regular.ttf
22:03:04.211 [FXGL Background Thread 3 ] DEBUG Engine               - fontMono: TerminalLandMono-Regular.otf
22:03:04.211 [FXGL Background Thread 3 ] DEBUG Engine               - fontSizeScaleUI: 1.0
22:03:04.211 [FXGL Background Thread 3 ] DEBUG Engine               - fontText: Courier-Prime.ttf
22:03:04.211 [FXGL Background Thread 3 ] DEBUG Engine               - fontUI: VarelaRound-Regular.ttf
22:03:04.211 [FXGL Background Thread 3 ] DEBUG Engine               - fullScreen: BooleanProperty [value: false]
22:03:04.211 [FXGL Background Thread 3 ] DEBUG Engine               - gameDifficulty: MEDIUM
22:03:04.211 [FXGL Background Thread 3 ] DEBUG Engine               - gameDifficultyProperty: ObjectProperty [value: MEDIUM]
22:03:04.211 [FXGL Background Thread 3 ] DEBUG Engine               - globalMusicVolume: 0.5
22:03:04.211 [FXGL Background Thread 3 ] DEBUG Engine               - globalMusicVolumeProperty: DoubleProperty [value: 0.5]
22:03:04.211 [FXGL Background Thread 3 ] DEBUG Engine               - globalSoundVolume: 0.5
22:03:04.211 [FXGL Background Thread 3 ] DEBUG Engine               - globalSoundVolumeProperty: DoubleProperty [value: 0.5]
22:03:04.211 [FXGL Background Thread 3 ] DEBUG Engine               - height: 1007
22:03:04.211 [FXGL Background Thread 3 ] DEBUG Engine               - is3D: false
22:03:04.211 [FXGL Background Thread 3 ] DEBUG Engine               - isAndroid: false
22:03:04.211 [FXGL Background Thread 3 ] DEBUG Engine               - isBrowser: false
22:03:04.211 [FXGL Background Thread 3 ] DEBUG Engine               - isClickFeedbackEnabled: false
22:03:04.211 [FXGL Background Thread 3 ] DEBUG Engine               - isCloseConfirmation: false
22:03:04.211 [FXGL Background Thread 3 ] DEBUG Engine               - isDesktop: true
22:03:04.211 [FXGL Background Thread 3 ] DEBUG Engine               - isDeveloperMenuEnabled: false
22:03:04.211 [FXGL Background Thread 3 ] DEBUG Engine               - isEmbedded: false
22:03:04.211 [FXGL Background Thread 3 ] DEBUG Engine               - isEntityPreloadEnabled: true
22:03:04.211 [FXGL Background Thread 3 ] DEBUG Engine               - isExperimentalTiledLargeMap: false
22:03:04.211 [FXGL Background Thread 3 ] DEBUG Engine               - isFileSystemWriteAllowed: true
22:03:04.211 [FXGL Background Thread 3 ] DEBUG Engine               - isFullScreenAllowed: false
22:03:04.211 [FXGL Background Thread 3 ] DEBUG Engine               - isFullScreenFromStart: false
22:03:04.211 [FXGL Background Thread 3 ] DEBUG Engine               - isGameMenuEnabled: true
22:03:04.211 [FXGL Background Thread 3 ] DEBUG Engine               - isIOS: false
22:03:04.211 [FXGL Background Thread 3 ] DEBUG Engine               - isIntroEnabled: false
22:03:04.211 [FXGL Background Thread 3 ] DEBUG Engine               - isLinux: false
22:03:04.211 [FXGL Background Thread 3 ] DEBUG Engine               - isMac: false
22:03:04.211 [FXGL Background Thread 3 ] DEBUG Engine               - isMainMenuEnabled: true
22:03:04.211 [FXGL Background Thread 3 ] DEBUG Engine               - isManualResizeEnabled: false
22:03:04.211 [FXGL Background Thread 3 ] DEBUG Engine               - isMobile: false
22:03:04.211 [FXGL Background Thread 3 ] DEBUG Engine               - isNative: false
22:03:04.211 [FXGL Background Thread 3 ] DEBUG Engine               - isPauseMusicWhenMinimized: true
22:03:04.211 [FXGL Background Thread 3 ] DEBUG Engine               - isPreserveResizeRatio: false
22:03:04.211 [FXGL Background Thread 3 ] DEBUG Engine               - isProfilingEnabled: false
22:03:04.211 [FXGL Background Thread 3 ] DEBUG Engine               - isScaleAffectedOnResize: true
22:03:04.211 [FXGL Background Thread 3 ] DEBUG Engine               - isSingleStep: false
22:03:04.211 [FXGL Background Thread 3 ] DEBUG Engine               - isUserProfileEnabled: false
22:03:04.211 [FXGL Background Thread 3 ] DEBUG Engine               - isWindows: true
22:03:04.211 [FXGL Background Thread 3 ] DEBUG Engine               - language: ObjectProperty [value: ENGLISH]
22:03:04.211 [FXGL Background Thread 3 ] DEBUG Engine               - menuKey: ESCAPE
22:03:04.211 [FXGL Background Thread 3 ] DEBUG Engine               - mouseSensitivity: 0.2
22:03:04.211 [FXGL Background Thread 3 ] DEBUG Engine               - notificationViewClass: class com.almasb.fxgl.notification.view.XboxNotificationView
22:03:04.212 [FXGL Background Thread 3 ] DEBUG Engine               - pixelsPerMeter: 50.0
22:03:04.212 [FXGL Background Thread 3 ] DEBUG Engine               - platform: WINDOWS
22:03:04.212 [FXGL Background Thread 3 ] DEBUG Engine               - prefHeightProperty: ReadOnlyDoubleProperty [value: 1007.0]
22:03:04.212 [FXGL Background Thread 3 ] DEBUG Engine               - prefWidthProperty: ReadOnlyDoubleProperty [value: 1316.0]
22:03:04.212 [FXGL Background Thread 3 ] DEBUG Engine               - profileDir: profiles/
22:03:04.212 [FXGL Background Thread 3 ] DEBUG Engine               - profileName: StringProperty [value: DEFAULT]
22:03:04.212 [FXGL Background Thread 3 ] DEBUG Engine               - randomSeed: -1
22:03:04.212 [FXGL Background Thread 3 ] DEBUG Engine               - runtimeInfo: RuntimeInfo(platform=WINDOWS, version=21.1, build=27.03.2024 07.52)
22:03:04.212 [FXGL Background Thread 3 ] DEBUG Engine               - saveFileExt: sav
22:03:04.212 [FXGL Background Thread 3 ] DEBUG Engine               - scaledHeightProp$fxgl: DoubleProperty [bound, value: 1007.0]
22:03:04.212 [FXGL Background Thread 3 ] DEBUG Engine               - scaledWidthProp$fxgl: DoubleProperty [bound, value: 1316.0]
22:03:04.212 [FXGL Background Thread 3 ] DEBUG Engine               - sceneFactory: edu.sustech.xiangqi.XiangQiApp$1@4a1ba93b
22:03:04.212 [FXGL Background Thread 3 ] DEBUG Engine               - secondsIn24h: 60
22:03:04.212 [FXGL Background Thread 3 ] DEBUG Engine               - soundMenuBack: menu/back.wav
22:03:04.212 [FXGL Background Thread 3 ] DEBUG Engine               - soundMenuPress: menu/press.wav
22:03:04.212 [FXGL Background Thread 3 ] DEBUG Engine               - soundMenuSelect: menu/select.wav
22:03:04.212 [FXGL Background Thread 3 ] DEBUG Engine               - soundNotification: core/notification.wav
22:03:04.212 [FXGL Background Thread 3 ] DEBUG Engine               - stageStyle: DECORATED
22:03:04.212 [FXGL Background Thread 3 ] DEBUG Engine               - supportedLanguages: [ENGLISH, FRENCH, GERMAN, HUNGARIAN, RUSSIAN]
22:03:04.212 [FXGL Background Thread 3 ] DEBUG Engine               - ticksPerSecond: -1
22:03:04.212 [FXGL Background Thread 3 ] DEBUG Engine               - title: 中国象棋 1.0
22:03:04.212 [FXGL Background Thread 3 ] DEBUG Engine               - urlGithub: https://github.com/AlmasB/FXGL
22:03:04.212 [FXGL Background Thread 3 ] DEBUG Engine               - urlLeaderboard: http://fxgl-top.herokuapp.com/
22:03:04.212 [FXGL Background Thread 3 ] DEBUG Engine               - urlPOM: https://raw.githubusercontent.com/AlmasB/FXGL/release/README.md
22:03:04.212 [FXGL Background Thread 3 ] DEBUG Engine               - userAppClass: class edu.sustech.xiangqi.XiangQiApp
22:03:04.212 [FXGL Background Thread 3 ] DEBUG Engine               - version: 1.0
22:03:04.212 [FXGL Background Thread 3 ] DEBUG Engine               - versionCheckDays: 7
22:03:04.212 [FXGL Background Thread 3 ] DEBUG Engine               - width: 1316
22:03:04.212 [FXGL Background Thread 3 ] DEBUG Engine               - Logging services
22:03:04.212 [FXGL Background Thread 3 ] DEBUG Engine               - class com.almasb.fxgl.app.services.FXGLAssetLoaderService
22:03:04.212 [FXGL Background Thread 3 ] DEBUG Engine               - class com.almasb.fxgl.app.FXGLApplication$GameApplicationService
22:03:04.212 [FXGL Background Thread 3 ] DEBUG Engine               - class com.almasb.fxgl.app.services.FXGLDialogService
22:03:04.212 [FXGL Background Thread 3 ] DEBUG Engine               - class com.almasb.fxgl.app.services.IOTaskExecutorService
22:03:04.212 [FXGL Background Thread 3 ] DEBUG Engine               - class com.almasb.fxgl.io.FileSystemService
22:03:04.212 [FXGL Background Thread 3 ] DEBUG Engine               - class com.almasb.fxgl.localization.LocalizationService
22:03:04.212 [FXGL Background Thread 3 ] DEBUG Engine               - class com.almasb.fxgl.app.services.SystemBundleService
22:03:04.212 [FXGL Background Thread 3 ] DEBUG Engine               - class com.almasb.fxgl.profile.SaveLoadService
22:03:04.212 [FXGL Background Thread 3 ] DEBUG Engine               - class com.almasb.fxgl.ui.FXGLUIFactoryServiceProvider
22:03:04.212 [FXGL Background Thread 3 ] DEBUG Engine               - class com.almasb.fxgl.ui.FXGLDialogFactoryServiceProvider
22:03:04.212 [FXGL Background Thread 3 ] DEBUG Engine               - class com.almasb.fxgl.audio.AudioPlayer
22:03:04.212 [FXGL Background Thread 3 ] DEBUG Engine               - class com.almasb.fxgl.notification.impl.NotificationServiceProvider
22:03:04.212 [FXGL Background Thread 3 ] DEBUG Engine               - class com.almasb.fxgl.achievement.AchievementService
22:03:04.212 [FXGL Background Thread 3 ] DEBUG Engine               - class com.almasb.fxgl.cutscene.CutsceneService
22:03:04.212 [FXGL Background Thread 3 ] DEBUG Engine               - class com.almasb.fxgl.minigames.MiniGameService
22:03:04.212 [FXGL Background Thread 3 ] DEBUG Engine               - class com.almasb.fxgl.net.NetService
22:03:04.212 [FXGL Background Thread 3 ] DEBUG Engine               - class com.almasb.fxgl.app.services.UpdaterService
22:03:04.212 [FXGL Background Thread 3 ] DEBUG Engine               - class com.almasb.fxgl.dev.DevService
22:03:09.326 [JavaFX Application Thread] DEBUG AudioPlayer          - Playing music com.almasb.fxgl.audio.Music@70169106
22:03:09.369 [JavaFX Application Thread] DEBUG AudioPlayer          - Playing music com.almasb.fxgl.audio.Music@70169106
22:03:09.409 [JavaFX Application Thread] DEBUG AudioPlayer          - Playing music com.almasb.fxgl.audio.Music@70169106
22:03:09.812 [JavaFX Application Thread] DEBUG AudioPlayer          - Playing music com.almasb.fxgl.audio.Music@70169106
22:03:14.249 [JavaFX Application Thread] DEBUG AudioPlayer          - Playing music com.almasb.fxgl.audio.Music@70169106
22:03:17.598 [JavaFX Application Thread] DEBUG AudioPlayer          - Playing music com.almasb.fxgl.audio.Music@70169106
22:03:18.370 [JavaFX Application Thread] DEBUG AudioPlayer          - Playing music com.almasb.fxgl.audio.Music@70169106
22:03:18.627 [JavaFX Application Thread] DEBUG AudioPlayer          - Playing music com.almasb.fxgl.audio.Music@70169106
22:03:18.951 [JavaFX Application Thread] DEBUG AudioPlayer          - Playing music com.almasb.fxgl.audio.Music@70169106
22:03:18.976 [JavaFX Application Thread] DEBUG AudioPlayer          - Playing music com.almasb.fxgl.audio.Music@70169106
22:03:19.660 [JavaFX Application Thread] DEBUG AudioPlayer          - Playing music com.almasb.fxgl.audio.Music@70169106
22:03:19.687 [JavaFX Application Thread] DEBUG AudioPlayer          - Playing music com.almasb.fxgl.audio.Music@70169106
22:03:20.584 [JavaFX Application Thread] DEBUG AudioPlayer          - Playing music com.almasb.fxgl.audio.Music@70169106
22:03:21.096 [JavaFX Application Thread] DEBUG AudioPlayer          - Playing music com.almasb.fxgl.audio.Music@70169106
22:03:24.104 [JavaFX Application Thread] DEBUG AudioPlayer          - Playing music com.almasb.fxgl.audio.Music@70169106
22:03:25.193 [JavaFX Application Thread] DEBUG AudioPlayer          - Playing music com.almasb.fxgl.audio.Music@70169106
22:03:25.589 [JavaFX Application Thread] DEBUG AudioPlayer          - Playing music com.almasb.fxgl.audio.Music@70169106
22:03:25.606 [JavaFX Application Thread] DEBUG AudioPlayer          - Playing music com.almasb.fxgl.audio.Music@70169106
22:09:46.348 [JavaFX Application Thread] DEBUG AudioPlayer          - Playing music com.almasb.fxgl.audio.Music@70169106
22:09:47.059 [JavaFX Application Thread] DEBUG AudioPlayer          - Playing music com.almasb.fxgl.audio.Music@70169106
22:09:47.154 [JavaFX Application Thread] DEBUG AudioPlayer          - Playing music com.almasb.fxgl.audio.Music@70169106
22:09:47.772 [JavaFX Application Thread] DEBUG AudioPlayer          - Playing music com.almasb.fxgl.audio.Music@70169106
22:09:48.569 [JavaFX Application Thread] DEBUG AudioPlayer          - Playing music com.almasb.fxgl.audio.Music@70169106
22:09:49.068 [JavaFX Application Thread] DEBUG AudioPlayer          - Playing music com.almasb.fxgl.audio.Music@70169106
22:09:49.162 [JavaFX Application Thread] DEBUG AudioPlayer          - Playing music com.almasb.fxgl.audio.Music@70169106
22:09:49.347 [JavaFX Application Thread] DEBUG AudioPlayer          - Playing music com.almasb.fxgl.audio.Music@70169106
22:09:49.592 [JavaFX Application Thread] DEBUG AudioPlayer          - Playing music com.almasb.fxgl.audio.Music@70169106
22:09:49.979 [JavaFX Application Thread] DEBUG AudioPlayer          - Playing music com.almasb.fxgl.audio.Music@70169106
22:09:50.545 [JavaFX Application Thread] DEBUG AudioPlayer          - Playing music com.almasb.fxgl.audio.Music@70169106
22:09:50.785 [JavaFX Application Thread] DEBUG PrimaryStageWindow   - Push state: DialogSubScene
22:09:50.785 [JavaFX Application Thread] DEBUG Input                - Clearing active input actions
22:09:50.785 [JavaFX Application Thread] DEBUG GameApplicationServi - Removing overlay from MainMenuScene and adding to DialogSubScene
22:09:50.786 [JavaFX Application Thread] DEBUG PrimaryStageWindow   - MainMenuScene -> DialogSubScene
22:09:51.728 [JavaFX Application Thread] DEBUG PrimaryStageWindow   - Pop state: DialogSubScene
22:09:51.728 [JavaFX Application Thread] DEBUG Input                - Clearing active input actions
22:09:51.728 [JavaFX Application Thread] DEBUG GameApplicationServi - Removing overlay from DialogSubScene and adding to MainMenuScene
22:09:51.728 [JavaFX Application Thread] DEBUG PrimaryStageWindow   - MainMenuScene <- DialogSubScene
22:09:51.729 [JavaFX Application Thread] DEBUG AudioPlayer          - Playing music com.almasb.fxgl.audio.Music@70169106
22:09:51.992 [JavaFX Application Thread] DEBUG PrimaryStageWindow   - Push state: DialogSubScene
22:09:51.992 [JavaFX Application Thread] DEBUG Input                - Clearing active input actions
22:09:51.992 [JavaFX Application Thread] DEBUG GameApplicationServi - Removing overlay from MainMenuScene and adding to DialogSubScene
22:09:51.992 [JavaFX Application Thread] DEBUG PrimaryStageWindow   - MainMenuScene -> DialogSubScene
22:09:52.477 [JavaFX Application Thread] DEBUG PrimaryStageWindow   - Pop state: DialogSubScene
22:09:52.477 [JavaFX Application Thread] DEBUG Input                - Clearing active input actions
22:09:52.477 [JavaFX Application Thread] DEBUG GameApplicationServi - Removing overlay from DialogSubScene and adding to MainMenuScene
22:09:52.477 [JavaFX Application Thread] DEBUG PrimaryStageWindow   - MainMenuScene <- DialogSubScene
22:09:52.477 [JavaFX Application Thread] DEBUG AudioPlayer          - Playing music com.almasb.fxgl.audio.Music@70169106
22:09:52.585 [JavaFX Application Thread] DEBUG AudioPlayer          - Playing music com.almasb.fxgl.audio.Music@70169106
22:09:52.829 [JavaFX Application Thread] DEBUG Menu                 - fireNewGame()
22:09:52.830 [JavaFX Application Thread] DEBUG GameApplicationServi - Starting new game
22:09:52.830 [JavaFX Application Thread] DEBUG PrimaryStageWindow   - Pop state: MainMenuScene
22:09:52.830 [JavaFX Application Thread] DEBUG Input                - Clearing active input actions
22:09:52.830 [JavaFX Application Thread] DEBUG GameApplicationServi - Removing overlay from MainMenuScene and adding to FXGLMainMenuDummyScene
22:09:52.830 [JavaFX Application Thread] DEBUG PrimaryStageWindow   - FXGLMainMenuDummyScene <- MainMenuScene
22:09:52.830 [JavaFX Application Thread] DEBUG Input                - Clearing active input actions
22:09:52.832 [JavaFX Application Thread] DEBUG GameApplicationServi - Removing overlay from FXGLMainMenuDummyScene and adding to FXGLLoadingScene
22:09:52.832 [JavaFX Application Thread] DEBUG PrimaryStageWindow   - FXGLMainMenuDummyScene -> FXGLLoadingScene
22:09:52.832 [JavaFX Application Thread] DEBUG GameApplicationServi - Clearing previous game
22:09:52.832 [JavaFX Application Thread] DEBUG GameScene            - Clearing game scene
22:09:52.832 [JavaFX Application Thread] DEBUG GameWorld            - Clearing game world
22:09:52.832 [JavaFX Application Thread] DEBUG PhysicsWorld         - Clearing physics world
22:09:52.833 [FXGL Background Thread 5 ] DEBUG FXGLApplication      - Initializing game
22:09:52.848 [FXGL Background Thread 5 ] DEBUG FXGLAssetLoaderServi - Loading from file system: file:/D:/Github/javaA-xiangqi-project-main-yxh-1125/target/classes/assets/textures/%e8%83%8c%e6%99%af.jpg
22:09:52.915 [FXGL Background Thread 5 ] DEBUG FXGLAssetLoaderServi - Loading from file system: file:/D:/Github/javaA-xiangqi-project-main-yxh-1125/target/classes/assets/textures/ChessBoard.png
22:09:52.934 [FXGL Background Thread 5 ] DEBUG FXGLAssetLoaderServi - Loading from file system: file:/D:/Github/javaA-xiangqi-project-main-yxh-1125/target/classes/assets/textures/RedGeneral.png
22:09:52.937 [FXGL Background Thread 5 ] DEBUG FXGLAssetLoaderServi - Loading from file system: file:/D:/Github/javaA-xiangqi-project-main-yxh-1125/target/classes/assets/textures/RedAdvisor.png
22:09:52.937 [FXGL Background Thread 5 ] DEBUG FXGLAssetLoaderServi - Loading from file system: file:/D:/Github/javaA-xiangqi-project-main-yxh-1125/target/classes/assets/textures/RedElephant.png
22:09:52.938 [FXGL Background Thread 5 ] DEBUG FXGLAssetLoaderServi - Loading from file system: file:/D:/Github/javaA-xiangqi-project-main-yxh-1125/target/classes/assets/textures/RedHorse.png
22:09:52.938 [FXGL Background Thread 5 ] DEBUG FXGLAssetLoaderServi - Loading from file system: file:/D:/Github/javaA-xiangqi-project-main-yxh-1125/target/classes/assets/textures/RedChariot.png
22:09:52.939 [FXGL Background Thread 5 ] DEBUG FXGLAssetLoaderServi - Loading from file system: file:/D:/Github/javaA-xiangqi-project-main-yxh-1125/target/classes/assets/textures/RedCannon.png
22:09:52.939 [FXGL Background Thread 5 ] DEBUG FXGLAssetLoaderServi - Loading from file system: file:/D:/Github/javaA-xiangqi-project-main-yxh-1125/target/classes/assets/textures/RedSoldier.png
22:09:52.940 [FXGL Background Thread 5 ] DEBUG FXGLAssetLoaderServi - Loading from file system: file:/D:/Github/javaA-xiangqi-project-main-yxh-1125/target/classes/assets/textures/BlackGeneral.png
22:09:52.940 [FXGL Background Thread 5 ] DEBUG FXGLAssetLoaderServi - Loading from file system: file:/D:/Github/javaA-xiangqi-project-main-yxh-1125/target/classes/assets/textures/BlackAdvisor.png
22:09:52.941 [FXGL Background Thread 5 ] DEBUG FXGLAssetLoaderServi - Loading from file system: file:/D:/Github/javaA-xiangqi-project-main-yxh-1125/target/classes/assets/textures/BlackElephant.png
22:09:52.942 [FXGL Background Thread 5 ] DEBUG FXGLAssetLoaderServi - Loading from file system: file:/D:/Github/javaA-xiangqi-project-main-yxh-1125/target/classes/assets/textures/BlackHorse.png
22:09:52.942 [FXGL Background Thread 5 ] DEBUG FXGLAssetLoaderServi - Loading from file system: file:/D:/Github/javaA-xiangqi-project-main-yxh-1125/target/classes/assets/textures/BlackChariot.png
22:09:52.943 [FXGL Background Thread 5 ] DEBUG FXGLAssetLoaderServi - Loading from file system: file:/D:/Github/javaA-xiangqi-project-main-yxh-1125/target/classes/assets/textures/BlackCannon.png
22:09:52.943 [FXGL Background Thread 5 ] DEBUG FXGLAssetLoaderServi - Loading from file system: file:/D:/Github/javaA-xiangqi-project-main-yxh-1125/target/classes/assets/textures/BlackSoldier.png
22:09:52.946 [FXGL Background Thread 5 ] INFO  FXGLApplication      - Game initialization took: 0.112 sec
22:09:52.946 [JavaFX Application Thread] DEBUG Input                - Clearing active input actions
22:09:52.950 [JavaFX Application Thread] DEBUG GameApplicationServi - Removing overlay from FXGLLoadingScene and adding to GameScene
22:09:52.950 [JavaFX Application Thread] DEBUG PrimaryStageWindow   - FXGLLoadingScene -> GameScene
22:09:54.172 [JavaFX Application Thread] DEBUG AudioPlayer          - Playing music com.almasb.fxgl.audio.Music@70169106
22:09:55.677 [JavaFX Application Thread] DEBUG FXGLApplication      - Exiting FXGL
22:09:55.677 [JavaFX Application Thread] DEBUG LoopRunner           - Stopping loop
22:09:55.677 [JavaFX Application Thread] DEBUG SystemBundleService  - Saving FXGL system data
22:09:55.678 [JavaFX Application Thread] DEBUG FileSystemAccess     - Writing to: D:\Github\javaA-xiangqi-project-main-yxh-1125\system\fxgl.bundle
22:09:55.684 [JavaFX Application Thread] DEBUG Async                - Shutting down background threads
22:09:55.684 [JavaFX Application Thread] DEBUG PrimaryStageWindow   - Closing main window
22:09:55.710 [JavaFX Application Thread] DEBUG Logger               - Closing Logger
