22:32:14.474 [main                     ] DEBUG Logger               - Configured Logger
22:32:14.495 [main                     ] DEBUG GameApplication      - Logging settings
Title: 中国象棋 1.0
Version: 1.0
Width: 1316
Height: 1007
Fullscreen: false
Intro: false
Profiling: false
Single step:false
App Mode: DEVELOPER
Menu Key: ESCAPE
Stage Style: DECORATED
Scene Factory: class edu.sustech.xiangqi.XiangQiApp$1

22:32:14.941 [JavaFX Application Thread] DEBUG FXGLApplication      - Initializing FXGL
22:32:14.943 [JavaFX Application Thread] INFO  Engine               - FXGL-21.1 (27.03.2024 07.52) on WINDOWS (J:23.0.1 FX:21.0.1)
22:32:14.943 [JavaFX Application Thread] DEBUG Engine               - JRE Vendor Name: Oracle Corporation
22:32:14.943 [JavaFX Application Thread] DEBUG Engine               - Running on OS: Windows 11 version 10.0
22:32:14.944 [JavaFX Application Thread] DEBUG Engine               - Architecture: amd64
22:32:14.944 [JavaFX Application Thread] INFO  Engine               - Source code and latest versions at: https://github.com/AlmasB/FXGL
22:32:14.944 [JavaFX Application Thread] INFO  Engine               -       Ask questions and discuss at: https://github.com/AlmasB/FXGL/discussions
22:32:14.944 [JavaFX Application Thread] INFO  Engine               -              Join the FXGL chat at: https://gitter.im/AlmasB/FXGL
22:32:15.022 [JavaFX Application Thread] DEBUG PrimaryStageWindow   - Creating a JavaFX scene
22:32:15.061 [JavaFX Application Thread] DEBUG PrimaryStageWindow   - Target settings size: 1316.0 x 1007.0
22:32:15.061 [JavaFX Application Thread] DEBUG PrimaryStageWindow   - Scaled scene size:    1316.0 x 1007.0
22:32:15.062 [JavaFX Application Thread] DEBUG PrimaryStageWindow   - Scaled ratio: (1.0, 1.0)
22:32:15.062 [JavaFX Application Thread] DEBUG PrimaryStageWindow   - Set initial scene to FXGLStartupScene
22:32:15.064 [JavaFX Application Thread] DEBUG PrimaryStageWindow   - Opening main window
22:32:15.161 [JavaFX Application Thread] DEBUG PrimaryStageWindow   - Window border size: (14.6666259765625, 37.6666259765625)
22:32:15.161 [JavaFX Application Thread] DEBUG PrimaryStageWindow   - Scaled size: 1316.0 x 1007.0
22:32:15.161 [JavaFX Application Thread] DEBUG PrimaryStageWindow   - Scaled ratio: (1.0, 1.0)
22:32:15.161 [JavaFX Application Thread] DEBUG PrimaryStageWindow   - Scene size: 1316.0 x 1007.0
22:32:15.161 [JavaFX Application Thread] DEBUG PrimaryStageWindow   - Stage size: 1330.6666259765625 x 1044.6666259765625
22:32:15.172 [FXGL Background Thread 1 ] DEBUG Engine               - Initializing environment variables
22:32:15.205 [FXGL Background Thread 1 ] DEBUG FXGLAssetLoaderServi - User app class for loading assets: class edu.sustech.xiangqi.XiangQiApp
22:32:15.205 [FXGL Background Thread 1 ] DEBUG GameApplicationServi - Applying CSS: fxgl_dark.css
22:32:15.206 [FXGL Background Thread 1 ] DEBUG FXGLAssetLoaderServi - Loading from file system: jar:file:/C:/Users/20140/.m2/repository/com/github/almasb/fxgl/21.1/fxgl-21.1.jar!/fxglassets/ui/css/fxgl_dark.css
22:32:15.237 [FXGL Background Thread 1 ] DEBUG GameApplicationServi - Initializing application scenes
22:32:15.320 [FXGL Background Thread 1 ] DEBUG GameWorld            - Game world initialized
22:32:15.359 [FXGL Background Thread 1 ] DEBUG PhysicsWorld         - Physics world initialized: appHeight=1007, physics.ppm=50.0
22:32:15.359 [FXGL Background Thread 1 ] DEBUG PhysicsWorld         - Using strategy: BRUTE_FORCE
22:32:15.362 [FXGL Background Thread 1 ] DEBUG GameScene            - Game scene initialized: 1316x1007
22:32:15.371 [FXGL Background Thread 1 ] DEBUG FXGLAssetLoaderServi - Loading from file system: file:/D:/Github/javaA-xiangqi-project-main-yxh-1125/target/classes/assets/ui/fonts/HYPixel11pxU-2.ttf
22:32:15.399 [FXGL Background Thread 1 ] DEBUG FXGLAssetLoaderServi - Loading from file system: file:/D:/Github/javaA-xiangqi-project-main-yxh-1125/target/classes/assets/textures/Button1.png
22:32:15.415 [FXGL Background Thread 1 ] DEBUG FXGLAssetLoaderServi - Loading from file system: file:/D:/Github/javaA-xiangqi-project-main-yxh-1125/target/classes/assets/textures/Press.png
22:32:15.440 [FXGL Background Thread 1 ] DEBUG GameApplicationServi - Application scenes initialized
22:32:15.447 [FXGL Background Thread 1 ] DEBUG SystemBundleService  - Loading FXGL system data
22:32:15.448 [FXGL Background Thread 1 ] DEBUG FileSystemAccess     - Reading from: D:\Github\javaA-xiangqi-project-main-yxh-1125\system\fxgl.bundle
22:32:15.451 [FXGL Background Thread 1 ] DEBUG SystemBundleService  - Bundle FXGL: {}
22:32:15.451 [FXGL Background Thread 1 ] DEBUG UpdaterService       - Checking for updates
22:32:15.454 [FXGL Background Thread 4 ] DEBUG FXGLApplication      - Loading fonts
22:32:15.454 [FXGL Background Thread 4 ] DEBUG FXGLAssetLoaderServi - Loading from file system: jar:file:/C:/Users/20140/.m2/repository/com/github/almasb/fxgl/21.1/fxgl-21.1.jar!/fxglassets/ui/fonts/VarelaRound-Regular.ttf
22:32:15.455 [FXGL Background Thread 1 ] DEBUG FXGLApplication      - Loading default localization
22:32:15.455 [FXGL Background Thread 1 ] DEBUG FXGLAssetLoaderServi - Loading from file system: jar:file:/C:/Users/20140/.m2/repository/com/github/almasb/fxgl/21.1/fxgl-21.1.jar!/fxglassets/languages/english.lang
22:32:15.467 [FXGL Background Thread 4 ] DEBUG FXGLAssetLoaderServi - Loading from file system: jar:file:/C:/Users/20140/.m2/repository/com/github/almasb/fxgl/21.1/fxgl-21.1.jar!/fxglassets/ui/fonts/Abel-Regular.ttf
22:32:15.476 [FXGL Background Thread 4 ] DEBUG FXGLAssetLoaderServi - Loading from file system: jar:file:/C:/Users/20140/.m2/repository/com/github/almasb/fxgl/21.1/fxgl-21.1.jar!/fxglassets/ui/fonts/TerminalLandMono-Regular.otf
22:32:15.478 [FXGL Background Thread 1 ] INFO  FXGLApplication      - FXGL initialization took: 0.305 sec
22:32:15.485 [JavaFX Application Thread] DEBUG Input                - Registered new binding: Click - LMB
22:32:15.486 [FXGL Background Thread 4 ] DEBUG FXGLAssetLoaderServi - Loading from file system: jar:file:/C:/Users/20140/.m2/repository/com/github/almasb/fxgl/21.1/fxgl-21.1.jar!/fxglassets/ui/fonts/Courier-Prime.ttf
22:32:15.487 [JavaFX Application Thread] DEBUG FXGLAssetLoaderServi - Loading from file system: jar:file:/C:/Users/20140/.m2/repository/com/github/almasb/fxgl/21.1/fxgl-21.1.jar!/fxglassets/textures/fxgl_icon.png
22:32:15.503 [JavaFX Application Thread] DEBUG FXGLAssetLoaderServi - Loading from file system: jar:file:/C:/Users/20140/.m2/repository/com/github/almasb/fxgl/21.1/fxgl-21.1.jar!/fxglassets/textures/fxgl_default_cursor.png
22:32:15.509 [JavaFX Application Thread] DEBUG Input                - Registered new binding: Screenshot - CTRL+8
22:32:15.509 [JavaFX Application Thread] DEBUG Input                - Registered new binding: System info dump - CTRL+9
22:32:15.509 [JavaFX Application Thread] DEBUG Input                - Registered new binding: Restart - CTRL+R
22:32:15.510 [JavaFX Application Thread] DEBUG Input                - Registered new binding: Toggle Debug Camera - CTRL+7
22:32:15.512 [JavaFX Application Thread] DEBUG LoopRunner           - Starting loop
22:32:15.512 [JavaFX Application Thread] DEBUG LoopRunner           - Initializing JavaFX AnimationTimerLoop
22:32:15.514 [JavaFX Application Thread] DEBUG Input                - Clearing active input actions
22:32:15.519 [JavaFX Application Thread] DEBUG GameApplicationServi - Removing overlay from FXGLStartupScene and adding to FXGLMainMenuDummyScene
22:32:15.519 [JavaFX Application Thread] DEBUG PrimaryStageWindow   - FXGLStartupScene -> FXGLMainMenuDummyScene
22:32:15.519 [JavaFX Application Thread] DEBUG PrimaryStageWindow   - Push state: MainMenuScene
22:32:15.520 [JavaFX Application Thread] DEBUG Input                - Clearing active input actions
22:32:15.523 [JavaFX Application Thread] DEBUG GameApplicationServi - Removing overlay from FXGLMainMenuDummyScene and adding to MainMenuScene
22:32:15.523 [JavaFX Application Thread] DEBUG PrimaryStageWindow   - FXGLMainMenuDummyScene -> MainMenuScene
22:32:15.555 [JavaFX Application Thread] DEBUG FXGLAssetLoaderServi - Loading from file system: file:/D:/Github/javaA-xiangqi-project-main-yxh-1125/target/classes/assets/music/%e6%8c%89%e9%92%ae%e9%9f%b3%e6%95%881.mp3
22:32:15.660 [JavaFX Application Thread] DEBUG AudioPlayer          - Playing music com.almasb.fxgl.audio.Music@17fce514
22:32:15.661 [JavaFX Application Thread] DEBUG FXGLApplication      - Registering font factories with UI factory
22:32:15.950 [JavaFX Application Thread] DEBUG AudioPlayer          - Playing music com.almasb.fxgl.audio.Music@17fce514
22:32:16.097 [JavaFX Application Thread] DEBUG AudioPlayer          - Playing music com.almasb.fxgl.audio.Music@17fce514
22:32:16.325 [JavaFX Application Thread] DEBUG AudioPlayer          - Playing music com.almasb.fxgl.audio.Music@17fce514
22:32:18.455 [FXGL Background Thread 3 ] DEBUG Engine               - Logging environment variables
22:32:18.455 [FXGL Background Thread 3 ] DEBUG Engine               - achievements: []
22:32:18.455 [FXGL Background Thread 3 ] DEBUG Engine               - actualHeight: 1007.0
22:32:18.455 [FXGL Background Thread 3 ] DEBUG Engine               - actualHeightProperty: ReadOnlyDoubleProperty [value: 1007.0]
22:32:18.456 [FXGL Background Thread 3 ] DEBUG Engine               - actualWidth: 1316.0
22:32:18.456 [FXGL Background Thread 3 ] DEBUG Engine               - actualWidthProperty: ReadOnlyDoubleProperty [value: 1316.0]
22:32:18.456 [FXGL Background Thread 3 ] DEBUG Engine               - appIcon: fxgl_icon.png
22:32:18.456 [FXGL Background Thread 3 ] DEBUG Engine               - applicationMode: DEVELOPER
22:32:18.456 [FXGL Background Thread 3 ] DEBUG Engine               - cSSList: [fxgl_dark.css]
22:32:18.456 [FXGL Background Thread 3 ] DEBUG Engine               - collisionDetectionStrategy: BRUTE_FORCE
22:32:18.456 [FXGL Background Thread 3 ] DEBUG Engine               - configClass: Optional.empty
22:32:18.456 [FXGL Background Thread 3 ] DEBUG Engine               - credits: []
22:32:18.456 [FXGL Background Thread 3 ] DEBUG Engine               - defaultCursor: CursorInfo(imageName=fxgl_default_cursor.png, hotspotX=7.0, hotspotY=6.0)
22:32:18.456 [FXGL Background Thread 3 ] DEBUG Engine               - devBBoxColorProperty: ObjectProperty [value: 0xff0000ff]
22:32:18.456 [FXGL Background Thread 3 ] DEBUG Engine               - devEnableDebugCameraProperty: BooleanProperty [value: false]
22:32:18.456 [FXGL Background Thread 3 ] DEBUG Engine               - devSensorColorProperty: ObjectProperty [value: 0xffff00ff]
22:32:18.456 [FXGL Background Thread 3 ] DEBUG Engine               - devShowBBoxProperty: BooleanProperty [value: false]
22:32:18.456 [FXGL Background Thread 3 ] DEBUG Engine               - devShowPositionProperty: BooleanProperty [value: false]
22:32:18.456 [FXGL Background Thread 3 ] DEBUG Engine               - enabledMenuItems: []
22:32:18.456 [FXGL Background Thread 3 ] DEBUG Engine               - engineServices: [class com.almasb.fxgl.app.services.FXGLAssetLoaderService, class com.almasb.fxgl.app.FXGLApplication$GameApplicationService, class com.almasb.fxgl.app.services.FXGLDialogService, class com.almasb.fxgl.app.services.IOTaskExecutorService, class com.almasb.fxgl.io.FileSystemService, class com.almasb.fxgl.localization.LocalizationService, class com.almasb.fxgl.app.services.SystemBundleService, class com.almasb.fxgl.profile.SaveLoadService, class com.almasb.fxgl.ui.FXGLUIFactoryServiceProvider, class com.almasb.fxgl.ui.FXGLDialogFactoryServiceProvider, class com.almasb.fxgl.audio.AudioPlayer, class com.almasb.fxgl.notification.impl.NotificationServiceProvider, class com.almasb.fxgl.achievement.AchievementService, class com.almasb.fxgl.cutscene.CutsceneService, class com.almasb.fxgl.minigames.MiniGameService, class com.almasb.fxgl.net.NetService, class com.almasb.fxgl.app.services.UpdaterService, class com.almasb.fxgl.dev.DevService]
22:32:18.456 [FXGL Background Thread 3 ] DEBUG Engine               - fontGame: Abel-Regular.ttf
22:32:18.456 [FXGL Background Thread 3 ] DEBUG Engine               - fontMono: TerminalLandMono-Regular.otf
22:32:18.457 [FXGL Background Thread 3 ] DEBUG Engine               - fontSizeScaleUI: 1.0
22:32:18.457 [FXGL Background Thread 3 ] DEBUG Engine               - fontText: Courier-Prime.ttf
22:32:18.457 [FXGL Background Thread 3 ] DEBUG Engine               - fontUI: VarelaRound-Regular.ttf
22:32:18.457 [FXGL Background Thread 3 ] DEBUG Engine               - fullScreen: BooleanProperty [value: false]
22:32:18.457 [FXGL Background Thread 3 ] DEBUG Engine               - gameDifficulty: MEDIUM
22:32:18.457 [FXGL Background Thread 3 ] DEBUG Engine               - gameDifficultyProperty: ObjectProperty [value: MEDIUM]
22:32:18.457 [FXGL Background Thread 3 ] DEBUG Engine               - globalMusicVolume: 0.5
22:32:18.457 [FXGL Background Thread 3 ] DEBUG Engine               - globalMusicVolumeProperty: DoubleProperty [value: 0.5]
22:32:18.457 [FXGL Background Thread 3 ] DEBUG Engine               - globalSoundVolume: 0.5
22:32:18.457 [FXGL Background Thread 3 ] DEBUG Engine               - globalSoundVolumeProperty: DoubleProperty [value: 0.5]
22:32:18.457 [FXGL Background Thread 3 ] DEBUG Engine               - height: 1007
22:32:18.457 [FXGL Background Thread 3 ] DEBUG Engine               - is3D: false
22:32:18.457 [FXGL Background Thread 3 ] DEBUG Engine               - isAndroid: false
22:32:18.457 [FXGL Background Thread 3 ] DEBUG Engine               - isBrowser: false
22:32:18.457 [FXGL Background Thread 3 ] DEBUG Engine               - isClickFeedbackEnabled: false
22:32:18.457 [FXGL Background Thread 3 ] DEBUG Engine               - isCloseConfirmation: false
22:32:18.457 [FXGL Background Thread 3 ] DEBUG Engine               - isDesktop: true
22:32:18.457 [FXGL Background Thread 3 ] DEBUG Engine               - isDeveloperMenuEnabled: false
22:32:18.457 [FXGL Background Thread 3 ] DEBUG Engine               - isEmbedded: false
22:32:18.457 [FXGL Background Thread 3 ] DEBUG Engine               - isEntityPreloadEnabled: true
22:32:18.458 [FXGL Background Thread 3 ] DEBUG Engine               - isExperimentalTiledLargeMap: false
22:32:18.458 [FXGL Background Thread 3 ] DEBUG Engine               - isFileSystemWriteAllowed: true
22:32:18.458 [FXGL Background Thread 3 ] DEBUG Engine               - isFullScreenAllowed: false
22:32:18.458 [FXGL Background Thread 3 ] DEBUG Engine               - isFullScreenFromStart: false
22:32:18.458 [FXGL Background Thread 3 ] DEBUG Engine               - isGameMenuEnabled: true
22:32:18.458 [FXGL Background Thread 3 ] DEBUG Engine               - isIOS: false
22:32:18.458 [FXGL Background Thread 3 ] DEBUG Engine               - isIntroEnabled: false
22:32:18.458 [FXGL Background Thread 3 ] DEBUG Engine               - isLinux: false
22:32:18.458 [FXGL Background Thread 3 ] DEBUG Engine               - isMac: false
22:32:18.458 [FXGL Background Thread 3 ] DEBUG Engine               - isMainMenuEnabled: true
22:32:18.458 [FXGL Background Thread 3 ] DEBUG Engine               - isManualResizeEnabled: false
22:32:18.458 [FXGL Background Thread 3 ] DEBUG Engine               - isMobile: false
22:32:18.458 [FXGL Background Thread 3 ] DEBUG Engine               - isNative: false
22:32:18.458 [FXGL Background Thread 3 ] DEBUG Engine               - isPauseMusicWhenMinimized: true
22:32:18.458 [FXGL Background Thread 3 ] DEBUG Engine               - isPreserveResizeRatio: false
22:32:18.458 [FXGL Background Thread 3 ] DEBUG Engine               - isProfilingEnabled: false
22:32:18.458 [FXGL Background Thread 3 ] DEBUG Engine               - isScaleAffectedOnResize: true
22:32:18.458 [FXGL Background Thread 3 ] DEBUG Engine               - isSingleStep: false
22:32:18.458 [FXGL Background Thread 3 ] DEBUG Engine               - isUserProfileEnabled: false
22:32:18.458 [FXGL Background Thread 3 ] DEBUG Engine               - isWindows: true
22:32:18.458 [FXGL Background Thread 3 ] DEBUG Engine               - language: ObjectProperty [value: ENGLISH]
22:32:18.458 [FXGL Background Thread 3 ] DEBUG Engine               - menuKey: ESCAPE
22:32:18.458 [FXGL Background Thread 3 ] DEBUG Engine               - mouseSensitivity: 0.2
22:32:18.458 [FXGL Background Thread 3 ] DEBUG Engine               - notificationViewClass: class com.almasb.fxgl.notification.view.XboxNotificationView
22:32:18.458 [FXGL Background Thread 3 ] DEBUG Engine               - pixelsPerMeter: 50.0
22:32:18.458 [FXGL Background Thread 3 ] DEBUG Engine               - platform: WINDOWS
22:32:18.458 [FXGL Background Thread 3 ] DEBUG Engine               - prefHeightProperty: ReadOnlyDoubleProperty [value: 1007.0]
22:32:18.458 [FXGL Background Thread 3 ] DEBUG Engine               - prefWidthProperty: ReadOnlyDoubleProperty [value: 1316.0]
22:32:18.458 [FXGL Background Thread 3 ] DEBUG Engine               - profileDir: profiles/
22:32:18.458 [FXGL Background Thread 3 ] DEBUG Engine               - profileName: StringProperty [value: DEFAULT]
22:32:18.458 [FXGL Background Thread 3 ] DEBUG Engine               - randomSeed: -1
22:32:18.458 [FXGL Background Thread 3 ] DEBUG Engine               - runtimeInfo: RuntimeInfo(platform=WINDOWS, version=21.1, build=27.03.2024 07.52)
22:32:18.458 [FXGL Background Thread 3 ] DEBUG Engine               - saveFileExt: sav
22:32:18.458 [FXGL Background Thread 3 ] DEBUG Engine               - scaledHeightProp$fxgl: DoubleProperty [bound, value: 1007.0]
22:32:18.458 [FXGL Background Thread 3 ] DEBUG Engine               - scaledWidthProp$fxgl: DoubleProperty [bound, value: 1316.0]
22:32:18.458 [FXGL Background Thread 3 ] DEBUG Engine               - sceneFactory: edu.sustech.xiangqi.XiangQiApp$1@2218f3fb
22:32:18.458 [FXGL Background Thread 3 ] DEBUG Engine               - secondsIn24h: 60
22:32:18.458 [FXGL Background Thread 3 ] DEBUG Engine               - soundMenuBack: menu/back.wav
22:32:18.458 [FXGL Background Thread 3 ] DEBUG Engine               - soundMenuPress: menu/press.wav
22:32:18.458 [FXGL Background Thread 3 ] DEBUG Engine               - soundMenuSelect: menu/select.wav
22:32:18.458 [FXGL Background Thread 3 ] DEBUG Engine               - soundNotification: core/notification.wav
22:32:18.458 [FXGL Background Thread 3 ] DEBUG Engine               - stageStyle: DECORATED
22:32:18.458 [FXGL Background Thread 3 ] DEBUG Engine               - supportedLanguages: [ENGLISH, FRENCH, GERMAN, HUNGARIAN, RUSSIAN]
22:32:18.458 [FXGL Background Thread 3 ] DEBUG Engine               - ticksPerSecond: -1
22:32:18.458 [FXGL Background Thread 3 ] DEBUG Engine               - title: 中国象棋 1.0
22:32:18.458 [FXGL Background Thread 3 ] DEBUG Engine               - urlGithub: https://github.com/AlmasB/FXGL
22:32:18.458 [FXGL Background Thread 3 ] DEBUG Engine               - urlLeaderboard: http://fxgl-top.herokuapp.com/
22:32:18.458 [FXGL Background Thread 3 ] DEBUG Engine               - urlPOM: https://raw.githubusercontent.com/AlmasB/FXGL/release/README.md
22:32:18.458 [FXGL Background Thread 3 ] DEBUG Engine               - userAppClass: class edu.sustech.xiangqi.XiangQiApp
22:32:18.458 [FXGL Background Thread 3 ] DEBUG Engine               - version: 1.0
22:32:18.458 [FXGL Background Thread 3 ] DEBUG Engine               - versionCheckDays: 7
22:32:18.458 [FXGL Background Thread 3 ] DEBUG Engine               - width: 1316
22:32:18.458 [FXGL Background Thread 3 ] DEBUG Engine               - Logging services
22:32:18.458 [FXGL Background Thread 3 ] DEBUG Engine               - class com.almasb.fxgl.app.services.FXGLAssetLoaderService
22:32:18.458 [FXGL Background Thread 3 ] DEBUG Engine               - class com.almasb.fxgl.app.FXGLApplication$GameApplicationService
22:32:18.458 [FXGL Background Thread 3 ] DEBUG Engine               - class com.almasb.fxgl.app.services.FXGLDialogService
22:32:18.458 [FXGL Background Thread 3 ] DEBUG Engine               - class com.almasb.fxgl.app.services.IOTaskExecutorService
22:32:18.458 [FXGL Background Thread 3 ] DEBUG Engine               - class com.almasb.fxgl.io.FileSystemService
22:32:18.458 [FXGL Background Thread 3 ] DEBUG Engine               - class com.almasb.fxgl.localization.LocalizationService
22:32:18.458 [FXGL Background Thread 3 ] DEBUG Engine               - class com.almasb.fxgl.app.services.SystemBundleService
22:32:18.458 [FXGL Background Thread 3 ] DEBUG Engine               - class com.almasb.fxgl.profile.SaveLoadService
22:32:18.458 [FXGL Background Thread 3 ] DEBUG Engine               - class com.almasb.fxgl.ui.FXGLUIFactoryServiceProvider
22:32:18.458 [FXGL Background Thread 3 ] DEBUG Engine               - class com.almasb.fxgl.ui.FXGLDialogFactoryServiceProvider
22:32:18.458 [FXGL Background Thread 3 ] DEBUG Engine               - class com.almasb.fxgl.audio.AudioPlayer
22:32:18.458 [FXGL Background Thread 3 ] DEBUG Engine               - class com.almasb.fxgl.notification.impl.NotificationServiceProvider
22:32:18.458 [FXGL Background Thread 3 ] DEBUG Engine               - class com.almasb.fxgl.achievement.AchievementService
22:32:18.458 [FXGL Background Thread 3 ] DEBUG Engine               - class com.almasb.fxgl.cutscene.CutsceneService
22:32:18.458 [FXGL Background Thread 3 ] DEBUG Engine               - class com.almasb.fxgl.minigames.MiniGameService
22:32:18.458 [FXGL Background Thread 3 ] DEBUG Engine               - class com.almasb.fxgl.net.NetService
22:32:18.459 [FXGL Background Thread 3 ] DEBUG Engine               - class com.almasb.fxgl.app.services.UpdaterService
22:32:18.459 [FXGL Background Thread 3 ] DEBUG Engine               - class com.almasb.fxgl.dev.DevService
22:32:18.890 [JavaFX Application Thread] DEBUG AudioPlayer          - Playing music com.almasb.fxgl.audio.Music@17fce514
22:32:19.608 [JavaFX Application Thread] DEBUG AudioPlayer          - Playing music com.almasb.fxgl.audio.Music@17fce514
22:32:19.713 [JavaFX Application Thread] DEBUG AudioPlayer          - Playing music com.almasb.fxgl.audio.Music@17fce514
22:32:19.952 [JavaFX Application Thread] DEBUG AudioPlayer          - Playing music com.almasb.fxgl.audio.Music@17fce514
22:32:19.998 [JavaFX Application Thread] DEBUG AudioPlayer          - Playing music com.almasb.fxgl.audio.Music@17fce514
22:32:20.248 [JavaFX Application Thread] DEBUG AudioPlayer          - Playing music com.almasb.fxgl.audio.Music@17fce514
22:32:20.814 [JavaFX Application Thread] DEBUG AudioPlayer          - Playing music com.almasb.fxgl.audio.Music@17fce514
22:32:21.018 [JavaFX Application Thread] DEBUG GameApplicationServi - Starting new game
22:32:21.019 [JavaFX Application Thread] DEBUG PrimaryStageWindow   - Pop state: MainMenuScene
22:32:21.019 [JavaFX Application Thread] DEBUG Input                - Clearing active input actions
22:32:21.019 [JavaFX Application Thread] DEBUG GameApplicationServi - Removing overlay from MainMenuScene and adding to FXGLMainMenuDummyScene
22:32:21.019 [JavaFX Application Thread] DEBUG PrimaryStageWindow   - FXGLMainMenuDummyScene <- MainMenuScene
22:32:21.019 [JavaFX Application Thread] DEBUG Input                - Clearing active input actions
22:32:21.022 [JavaFX Application Thread] DEBUG GameApplicationServi - Removing overlay from FXGLMainMenuDummyScene and adding to FXGLLoadingScene
22:32:21.022 [JavaFX Application Thread] DEBUG PrimaryStageWindow   - FXGLMainMenuDummyScene -> FXGLLoadingScene
22:32:21.022 [JavaFX Application Thread] DEBUG GameApplicationServi - Clearing previous game
22:32:21.022 [JavaFX Application Thread] DEBUG GameScene            - Clearing game scene
22:32:21.022 [JavaFX Application Thread] DEBUG GameWorld            - Clearing game world
22:32:21.022 [JavaFX Application Thread] DEBUG PhysicsWorld         - Clearing physics world
22:32:21.024 [FXGL Background Thread 2 ] DEBUG FXGLApplication      - Initializing game
22:32:21.035 [FXGL Background Thread 2 ] DEBUG FXGLAssetLoaderServi - Loading from file system: file:/D:/Github/javaA-xiangqi-project-main-yxh-1125/target/classes/assets/textures/%e8%83%8c%e6%99%af.jpg
22:32:21.096 [FXGL Background Thread 2 ] DEBUG FXGLAssetLoaderServi - Loading from file system: file:/D:/Github/javaA-xiangqi-project-main-yxh-1125/target/classes/assets/textures/ChessBoard.png
22:32:21.118 [FXGL Background Thread 2 ] DEBUG FXGLAssetLoaderServi - Loading from file system: file:/D:/Github/javaA-xiangqi-project-main-yxh-1125/target/classes/assets/textures/BlackChariot.png
22:32:21.131 [FXGL Background Thread 2 ] DEBUG FXGLAssetLoaderServi - Loading from file system: file:/D:/Github/javaA-xiangqi-project-main-yxh-1125/target/classes/assets/textures/BlackHorse.png
22:32:21.134 [FXGL Background Thread 2 ] DEBUG FXGLAssetLoaderServi - Loading from file system: file:/D:/Github/javaA-xiangqi-project-main-yxh-1125/target/classes/assets/textures/BlackElephant.png
22:32:21.135 [FXGL Background Thread 2 ] DEBUG FXGLAssetLoaderServi - Loading from file system: file:/D:/Github/javaA-xiangqi-project-main-yxh-1125/target/classes/assets/textures/BlackAdvisor.png
22:32:21.136 [FXGL Background Thread 2 ] DEBUG FXGLAssetLoaderServi - Loading from file system: file:/D:/Github/javaA-xiangqi-project-main-yxh-1125/target/classes/assets/textures/BlackGeneral.png
22:32:21.138 [FXGL Background Thread 2 ] DEBUG FXGLAssetLoaderServi - Loading from file system: file:/D:/Github/javaA-xiangqi-project-main-yxh-1125/target/classes/assets/textures/BlackCannon.png
22:32:21.139 [FXGL Background Thread 2 ] DEBUG FXGLAssetLoaderServi - Loading from file system: file:/D:/Github/javaA-xiangqi-project-main-yxh-1125/target/classes/assets/textures/BlackSoldier.png
22:32:21.141 [FXGL Background Thread 2 ] DEBUG FXGLAssetLoaderServi - Loading from file system: file:/D:/Github/javaA-xiangqi-project-main-yxh-1125/target/classes/assets/textures/RedSoldier.png
22:32:21.144 [FXGL Background Thread 2 ] DEBUG FXGLAssetLoaderServi - Loading from file system: file:/D:/Github/javaA-xiangqi-project-main-yxh-1125/target/classes/assets/textures/RedCannon.png
22:32:21.145 [FXGL Background Thread 2 ] DEBUG FXGLAssetLoaderServi - Loading from file system: file:/D:/Github/javaA-xiangqi-project-main-yxh-1125/target/classes/assets/textures/RedChariot.png
22:32:21.146 [FXGL Background Thread 2 ] DEBUG FXGLAssetLoaderServi - Loading from file system: file:/D:/Github/javaA-xiangqi-project-main-yxh-1125/target/classes/assets/textures/RedHorse.png
22:32:21.147 [FXGL Background Thread 2 ] DEBUG FXGLAssetLoaderServi - Loading from file system: file:/D:/Github/javaA-xiangqi-project-main-yxh-1125/target/classes/assets/textures/RedElephant.png
22:32:21.148 [FXGL Background Thread 2 ] DEBUG FXGLAssetLoaderServi - Loading from file system: file:/D:/Github/javaA-xiangqi-project-main-yxh-1125/target/classes/assets/textures/RedAdvisor.png
22:32:21.150 [FXGL Background Thread 2 ] DEBUG FXGLAssetLoaderServi - Loading from file system: file:/D:/Github/javaA-xiangqi-project-main-yxh-1125/target/classes/assets/textures/RedGeneral.png
22:32:21.154 [FXGL Background Thread 2 ] INFO  FXGLApplication      - Game initialization took: 0.130 sec
22:32:21.154 [JavaFX Application Thread] DEBUG Input                - Clearing active input actions
22:32:21.157 [JavaFX Application Thread] DEBUG GameApplicationServi - Removing overlay from FXGLLoadingScene and adding to GameScene
22:32:21.157 [JavaFX Application Thread] DEBUG PrimaryStageWindow   - FXGLLoadingScene -> GameScene
22:32:21.419 [JavaFX Application Thread] DEBUG PrimaryStageWindow   - Push state: DialogSubScene
22:32:21.419 [JavaFX Application Thread] DEBUG Input                - Clearing active input actions
22:32:21.419 [JavaFX Application Thread] DEBUG GameApplicationServi - Removing overlay from GameScene and adding to DialogSubScene
22:32:21.419 [JavaFX Application Thread] DEBUG PrimaryStageWindow   - GameScene -> DialogSubScene
22:32:22.458 [JavaFX Application Thread] DEBUG PrimaryStageWindow   - Pop state: DialogSubScene
22:32:22.458 [JavaFX Application Thread] DEBUG Input                - Clearing active input actions
22:32:22.459 [JavaFX Application Thread] DEBUG GameApplicationServi - Removing overlay from DialogSubScene and adding to GameScene
22:32:22.459 [JavaFX Application Thread] DEBUG PrimaryStageWindow   - GameScene <- DialogSubScene
22:32:22.586 [JavaFX Application Thread] DEBUG AudioPlayer          - Playing music com.almasb.fxgl.audio.Music@17fce514
22:32:22.961 [JavaFX Application Thread] DEBUG Input                - Clearing active input actions
22:32:22.964 [JavaFX Application Thread] DEBUG GameApplicationServi - Removing overlay from GameScene and adding to FXGLMainMenuDummyScene
22:32:22.964 [JavaFX Application Thread] DEBUG PrimaryStageWindow   - GameScene -> FXGLMainMenuDummyScene
22:32:22.964 [JavaFX Application Thread] DEBUG PrimaryStageWindow   - Push state: MainMenuScene
22:32:22.964 [JavaFX Application Thread] DEBUG Input                - Clearing active input actions
22:32:22.966 [JavaFX Application Thread] DEBUG GameApplicationServi - Removing overlay from FXGLMainMenuDummyScene and adding to MainMenuScene
22:32:22.966 [JavaFX Application Thread] DEBUG PrimaryStageWindow   - FXGLMainMenuDummyScene -> MainMenuScene
22:32:23.485 [JavaFX Application Thread] DEBUG AudioPlayer          - Playing music com.almasb.fxgl.audio.Music@17fce514
22:32:24.077 [JavaFX Application Thread] DEBUG AudioPlayer          - Playing music com.almasb.fxgl.audio.Music@17fce514
22:32:24.114 [JavaFX Application Thread] DEBUG AudioPlayer          - Playing music com.almasb.fxgl.audio.Music@17fce514
22:32:24.197 [JavaFX Application Thread] DEBUG AudioPlayer          - Playing music com.almasb.fxgl.audio.Music@17fce514
22:32:24.512 [JavaFX Application Thread] DEBUG AudioPlayer          - Playing music com.almasb.fxgl.audio.Music@17fce514
22:32:25.279 [JavaFX Application Thread] DEBUG GameApplicationServi - Starting new game
22:32:25.279 [JavaFX Application Thread] DEBUG PrimaryStageWindow   - Pop state: MainMenuScene
22:32:25.279 [JavaFX Application Thread] DEBUG Input                - Clearing active input actions
22:32:25.279 [JavaFX Application Thread] DEBUG GameApplicationServi - Removing overlay from MainMenuScene and adding to FXGLMainMenuDummyScene
22:32:25.279 [JavaFX Application Thread] DEBUG PrimaryStageWindow   - FXGLMainMenuDummyScene <- MainMenuScene
22:32:25.279 [JavaFX Application Thread] DEBUG Input                - Clearing active input actions
22:32:25.280 [JavaFX Application Thread] DEBUG GameApplicationServi - Removing overlay from FXGLMainMenuDummyScene and adding to FXGLLoadingScene
22:32:25.280 [JavaFX Application Thread] DEBUG PrimaryStageWindow   - FXGLMainMenuDummyScene -> FXGLLoadingScene
22:32:25.280 [JavaFX Application Thread] DEBUG GameApplicationServi - Clearing previous game
22:32:25.280 [JavaFX Application Thread] DEBUG GameScene            - Clearing game scene
22:32:25.280 [JavaFX Application Thread] DEBUG GameWorld            - Clearing game world
22:32:25.286 [JavaFX Application Thread] DEBUG PhysicsWorld         - Clearing physics world
22:32:25.286 [FXGL Background Thread 2 ] DEBUG FXGLApplication      - Initializing game
22:32:25.294 [FXGL Background Thread 2 ] INFO  FXGLApplication      - Game initialization took: 0.008 sec
22:32:25.294 [JavaFX Application Thread] DEBUG Input                - Clearing active input actions
22:32:25.295 [JavaFX Application Thread] DEBUG GameApplicationServi - Removing overlay from FXGLLoadingScene and adding to GameScene
22:32:25.295 [JavaFX Application Thread] DEBUG PrimaryStageWindow   - FXGLLoadingScene -> GameScene
22:32:25.430 [JavaFX Application Thread] DEBUG PrimaryStageWindow   - Push state: DialogSubScene
22:32:25.431 [JavaFX Application Thread] DEBUG Input                - Clearing active input actions
22:32:25.431 [JavaFX Application Thread] DEBUG GameApplicationServi - Removing overlay from GameScene and adding to DialogSubScene
22:32:25.431 [JavaFX Application Thread] DEBUG PrimaryStageWindow   - GameScene -> DialogSubScene
22:32:28.016 [JavaFX Application Thread] DEBUG PrimaryStageWindow   - Pop state: DialogSubScene
22:32:28.016 [JavaFX Application Thread] DEBUG Input                - Clearing active input actions
22:32:28.016 [JavaFX Application Thread] DEBUG GameApplicationServi - Removing overlay from DialogSubScene and adding to GameScene
22:32:28.016 [JavaFX Application Thread] DEBUG PrimaryStageWindow   - GameScene <- DialogSubScene
22:32:28.248 [JavaFX Application Thread] DEBUG AudioPlayer          - Playing music com.almasb.fxgl.audio.Music@17fce514
22:32:28.675 [JavaFX Application Thread] DEBUG AudioPlayer          - Playing music com.almasb.fxgl.audio.Music@17fce514
22:32:29.209 [JavaFX Application Thread] DEBUG Input                - Clearing active input actions
22:32:29.210 [JavaFX Application Thread] DEBUG GameApplicationServi - Removing overlay from GameScene and adding to FXGLMainMenuDummyScene
22:32:29.210 [JavaFX Application Thread] DEBUG PrimaryStageWindow   - GameScene -> FXGLMainMenuDummyScene
22:32:29.210 [JavaFX Application Thread] DEBUG PrimaryStageWindow   - Push state: MainMenuScene
22:32:29.210 [JavaFX Application Thread] DEBUG Input                - Clearing active input actions
22:32:29.212 [JavaFX Application Thread] DEBUG GameApplicationServi - Removing overlay from FXGLMainMenuDummyScene and adding to MainMenuScene
22:32:29.212 [JavaFX Application Thread] DEBUG PrimaryStageWindow   - FXGLMainMenuDummyScene -> MainMenuScene
22:32:29.635 [JavaFX Application Thread] DEBUG AudioPlayer          - Playing music com.almasb.fxgl.audio.Music@17fce514
22:32:29.928 [JavaFX Application Thread] DEBUG AudioPlayer          - Playing music com.almasb.fxgl.audio.Music@17fce514
22:32:30.130 [JavaFX Application Thread] DEBUG GameApplicationServi - Starting new game
22:32:30.130 [JavaFX Application Thread] DEBUG PrimaryStageWindow   - Pop state: MainMenuScene
22:32:30.130 [JavaFX Application Thread] DEBUG Input                - Clearing active input actions
22:32:30.130 [JavaFX Application Thread] DEBUG GameApplicationServi - Removing overlay from MainMenuScene and adding to FXGLMainMenuDummyScene
22:32:30.130 [JavaFX Application Thread] DEBUG PrimaryStageWindow   - FXGLMainMenuDummyScene <- MainMenuScene
22:32:30.130 [JavaFX Application Thread] DEBUG Input                - Clearing active input actions
22:32:30.133 [JavaFX Application Thread] DEBUG GameApplicationServi - Removing overlay from FXGLMainMenuDummyScene and adding to FXGLLoadingScene
22:32:30.133 [JavaFX Application Thread] DEBUG PrimaryStageWindow   - FXGLMainMenuDummyScene -> FXGLLoadingScene
22:32:30.133 [JavaFX Application Thread] DEBUG GameApplicationServi - Clearing previous game
22:32:30.133 [JavaFX Application Thread] DEBUG GameScene            - Clearing game scene
22:32:30.133 [JavaFX Application Thread] DEBUG GameWorld            - Clearing game world
22:32:30.134 [JavaFX Application Thread] DEBUG PhysicsWorld         - Clearing physics world
22:32:30.134 [FXGL Background Thread 2 ] DEBUG FXGLApplication      - Initializing game
22:32:30.139 [FXGL Background Thread 2 ] INFO  FXGLApplication      - Game initialization took: 0.006 sec
22:32:30.139 [JavaFX Application Thread] DEBUG Input                - Clearing active input actions
22:32:30.141 [JavaFX Application Thread] DEBUG GameApplicationServi - Removing overlay from FXGLLoadingScene and adding to GameScene
22:32:30.142 [JavaFX Application Thread] DEBUG PrimaryStageWindow   - FXGLLoadingScene -> GameScene
22:32:30.246 [JavaFX Application Thread] DEBUG PrimaryStageWindow   - Push state: DialogSubScene
22:32:30.246 [JavaFX Application Thread] DEBUG Input                - Clearing active input actions
22:32:30.246 [JavaFX Application Thread] DEBUG GameApplicationServi - Removing overlay from GameScene and adding to DialogSubScene
22:32:30.246 [JavaFX Application Thread] DEBUG PrimaryStageWindow   - GameScene -> DialogSubScene
22:32:30.861 [JavaFX Application Thread] DEBUG PrimaryStageWindow   - Pop state: DialogSubScene
22:32:30.861 [JavaFX Application Thread] DEBUG Input                - Clearing active input actions
22:32:30.861 [JavaFX Application Thread] DEBUG GameApplicationServi - Removing overlay from DialogSubScene and adding to GameScene
22:32:30.861 [JavaFX Application Thread] DEBUG PrimaryStageWindow   - GameScene <- DialogSubScene
22:32:30.992 [JavaFX Application Thread] DEBUG AudioPlayer          - Playing music com.almasb.fxgl.audio.Music@17fce514
22:32:31.220 [JavaFX Application Thread] DEBUG PrimaryStageWindow   - Push state: DialogSubScene
22:32:31.220 [JavaFX Application Thread] DEBUG Input                - Clearing active input actions
22:32:31.221 [JavaFX Application Thread] DEBUG GameApplicationServi - Removing overlay from GameScene and adding to DialogSubScene
22:32:31.221 [JavaFX Application Thread] DEBUG PrimaryStageWindow   - GameScene -> DialogSubScene
22:32:31.917 [JavaFX Application Thread] DEBUG PrimaryStageWindow   - Pop state: DialogSubScene
22:32:31.917 [JavaFX Application Thread] DEBUG Input                - Clearing active input actions
22:32:31.917 [JavaFX Application Thread] DEBUG GameApplicationServi - Removing overlay from DialogSubScene and adding to GameScene
22:32:31.917 [JavaFX Application Thread] DEBUG PrimaryStageWindow   - GameScene <- DialogSubScene
22:32:32.440 [JavaFX Application Thread] DEBUG AudioPlayer          - Playing music com.almasb.fxgl.audio.Music@17fce514
22:32:32.500 [JavaFX Application Thread] DEBUG AudioPlayer          - Playing music com.almasb.fxgl.audio.Music@17fce514
22:32:32.838 [JavaFX Application Thread] DEBUG AudioPlayer          - Playing music com.almasb.fxgl.audio.Music@17fce514
22:32:32.897 [JavaFX Application Thread] DEBUG AudioPlayer          - Playing music com.almasb.fxgl.audio.Music@17fce514
22:32:32.943 [JavaFX Application Thread] DEBUG AudioPlayer          - Playing music com.almasb.fxgl.audio.Music@17fce514
22:32:33.025 [JavaFX Application Thread] DEBUG AudioPlayer          - Playing music com.almasb.fxgl.audio.Music@17fce514
22:32:33.252 [JavaFX Application Thread] DEBUG PrimaryStageWindow   - Push state: DialogSubScene
22:32:33.252 [JavaFX Application Thread] DEBUG Input                - Clearing active input actions
22:32:33.252 [JavaFX Application Thread] DEBUG GameApplicationServi - Removing overlay from GameScene and adding to DialogSubScene
22:32:33.252 [JavaFX Application Thread] DEBUG PrimaryStageWindow   - GameScene -> DialogSubScene
22:32:33.972 [JavaFX Application Thread] DEBUG PrimaryStageWindow   - Pop state: DialogSubScene
22:32:33.972 [JavaFX Application Thread] DEBUG Input                - Clearing active input actions
22:32:33.973 [JavaFX Application Thread] DEBUG GameApplicationServi - Removing overlay from DialogSubScene and adding to GameScene
22:32:33.973 [JavaFX Application Thread] DEBUG PrimaryStageWindow   - GameScene <- DialogSubScene
22:32:34.090 [JavaFX Application Thread] DEBUG AudioPlayer          - Playing music com.almasb.fxgl.audio.Music@17fce514
22:32:34.338 [JavaFX Application Thread] DEBUG Input                - Clearing active input actions
22:32:34.341 [JavaFX Application Thread] DEBUG GameApplicationServi - Removing overlay from GameScene and adding to FXGLMainMenuDummyScene
22:32:34.341 [JavaFX Application Thread] DEBUG PrimaryStageWindow   - GameScene -> FXGLMainMenuDummyScene
22:32:34.341 [JavaFX Application Thread] DEBUG PrimaryStageWindow   - Push state: MainMenuScene
22:32:34.341 [JavaFX Application Thread] DEBUG Input                - Clearing active input actions
22:32:34.342 [JavaFX Application Thread] DEBUG GameApplicationServi - Removing overlay from FXGLMainMenuDummyScene and adding to MainMenuScene
22:32:34.342 [JavaFX Application Thread] DEBUG PrimaryStageWindow   - FXGLMainMenuDummyScene -> MainMenuScene
22:32:34.690 [JavaFX Application Thread] DEBUG AudioPlayer          - Playing music com.almasb.fxgl.audio.Music@17fce514
22:32:35.238 [JavaFX Application Thread] DEBUG AudioPlayer          - Playing music com.almasb.fxgl.audio.Music@17fce514
22:32:35.373 [JavaFX Application Thread] DEBUG AudioPlayer          - Playing music com.almasb.fxgl.audio.Music@17fce514
22:32:35.470 [JavaFX Application Thread] DEBUG AudioPlayer          - Playing music com.almasb.fxgl.audio.Music@17fce514
22:32:36.198 [JavaFX Application Thread] DEBUG AudioPlayer          - Playing music com.almasb.fxgl.audio.Music@17fce514
22:32:36.738 [JavaFX Application Thread] DEBUG AudioPlayer          - Playing music com.almasb.fxgl.audio.Music@17fce514
22:32:36.902 [JavaFX Application Thread] DEBUG AudioPlayer          - Playing music com.almasb.fxgl.audio.Music@17fce514
22:32:37.781 [JavaFX Application Thread] DEBUG FXGLApplication      - Exiting FXGL
22:32:37.781 [JavaFX Application Thread] DEBUG LoopRunner           - Stopping loop
22:32:37.781 [JavaFX Application Thread] DEBUG SystemBundleService  - Saving FXGL system data
22:32:37.782 [JavaFX Application Thread] DEBUG FileSystemAccess     - Writing to: D:\Github\javaA-xiangqi-project-main-yxh-1125\system\fxgl.bundle
22:32:37.783 [JavaFX Application Thread] DEBUG Async                - Shutting down background threads
22:32:37.783 [JavaFX Application Thread] DEBUG PrimaryStageWindow   - Closing main window
22:32:37.808 [JavaFX Application Thread] DEBUG Logger               - Closing Logger
