18:24:26.540 [main                     ] DEBUG Logger               - Configured Logger
18:24:26.561 [main                     ] DEBUG GameApplication      - Logging settings
Title: 中国象棋 1.0
Version: 1.0
Width: 1316
Height: 1007
Fullscreen: false
Intro: false
Profiling: false
Single step:false
App Mode: DEVELOPER
Menu Key: ESCAPE
Stage Style: DECORATED
Scene Factory: class edu.sustech.xiangqi.XiangQiApp$1

18:24:26.889 [JavaFX Application Thread] DEBUG FXGLApplication      - Initializing FXGL
18:24:26.890 [JavaFX Application Thread] INFO  Engine               - FXGL-21.1 (27.03.2024 07.52) on WINDOWS (J:23.0.1 FX:21.0.1)
18:24:26.890 [JavaFX Application Thread] DEBUG Engine               - JRE Vendor Name: Oracle Corporation
18:24:26.890 [JavaFX Application Thread] DEBUG Engine               - Running on OS: Windows 11 version 10.0
18:24:26.890 [JavaFX Application Thread] DEBUG Engine               - Architecture: amd64
18:24:26.890 [JavaFX Application Thread] INFO  Engine               - Source code and latest versions at: https://github.com/AlmasB/FXGL
18:24:26.892 [JavaFX Application Thread] INFO  Engine               -       Ask questions and discuss at: https://github.com/AlmasB/FXGL/discussions
18:24:26.892 [JavaFX Application Thread] INFO  Engine               -              Join the FXGL chat at: https://gitter.im/AlmasB/FXGL
18:24:26.942 [JavaFX Application Thread] DEBUG PrimaryStageWindow   - Creating a JavaFX scene
18:24:26.967 [JavaFX Application Thread] DEBUG PrimaryStageWindow   - Target settings size: 1316.0 x 1007.0
18:24:26.967 [JavaFX Application Thread] DEBUG PrimaryStageWindow   - Scaled scene size:    1316.0 x 1007.0
18:24:26.967 [JavaFX Application Thread] DEBUG PrimaryStageWindow   - Scaled ratio: (1.0, 1.0)
18:24:26.967 [JavaFX Application Thread] DEBUG PrimaryStageWindow   - Set initial scene to FXGLStartupScene
18:24:26.969 [JavaFX Application Thread] DEBUG PrimaryStageWindow   - Opening main window
18:24:27.054 [JavaFX Application Thread] DEBUG PrimaryStageWindow   - Window border size: (14.6666259765625, 37.6666259765625)
18:24:27.054 [JavaFX Application Thread] DEBUG PrimaryStageWindow   - Scaled size: 1316.0 x 1007.0
18:24:27.054 [JavaFX Application Thread] DEBUG PrimaryStageWindow   - Scaled ratio: (1.0, 1.0)
18:24:27.054 [JavaFX Application Thread] DEBUG PrimaryStageWindow   - Scene size: 1316.0 x 1007.0
18:24:27.058 [JavaFX Application Thread] DEBUG PrimaryStageWindow   - Stage size: 1330.6666259765625 x 1044.6666259765625
18:24:27.062 [FXGL Background Thread 1 ] DEBUG Engine               - Initializing environment variables
18:24:27.093 [FXGL Background Thread 1 ] DEBUG FXGLAssetLoaderServi - User app class for loading assets: class edu.sustech.xiangqi.XiangQiApp
18:24:27.093 [FXGL Background Thread 1 ] DEBUG GameApplicationServi - Applying CSS: fxgl_dark.css
18:24:27.094 [FXGL Background Thread 1 ] DEBUG FXGLAssetLoaderServi - Loading from file system: jar:file:/C:/Users/20140/.m2/repository/com/github/almasb/fxgl/21.1/fxgl-21.1.jar!/fxglassets/ui/css/fxgl_dark.css
18:24:27.120 [FXGL Background Thread 1 ] DEBUG GameApplicationServi - Initializing application scenes
18:24:27.184 [FXGL Background Thread 1 ] DEBUG GameWorld            - Game world initialized
18:24:27.230 [FXGL Background Thread 1 ] DEBUG PhysicsWorld         - Physics world initialized: appHeight=1007, physics.ppm=50.0
18:24:27.231 [FXGL Background Thread 1 ] DEBUG PhysicsWorld         - Using strategy: BRUTE_FORCE
18:24:27.233 [FXGL Background Thread 1 ] DEBUG GameScene            - Game scene initialized: 1316x1007
18:24:27.239 [FXGL Background Thread 1 ] DEBUG FXGLAssetLoaderServi - Loading from file system: file:/D:/Github/javaA-xiangqi-project-main-yxh-1125/target/classes/assets/ui/fonts/HYPixel11pxU-2.ttf
18:24:27.260 [FXGL Background Thread 1 ] DEBUG FXGLAssetLoaderServi - Loading from file system: file:/D:/Github/javaA-xiangqi-project-main-yxh-1125/target/classes/assets/textures/Button1.png
18:24:27.273 [FXGL Background Thread 1 ] DEBUG FXGLAssetLoaderServi - Loading from file system: file:/D:/Github/javaA-xiangqi-project-main-yxh-1125/target/classes/assets/textures/Press.png
18:24:27.292 [FXGL Background Thread 1 ] DEBUG GameApplicationServi - Application scenes initialized
18:24:27.299 [FXGL Background Thread 1 ] DEBUG SystemBundleService  - Loading FXGL system data
18:24:27.299 [FXGL Background Thread 1 ] DEBUG FileSystemAccess     - Reading from: D:\Github\javaA-xiangqi-project-main-yxh-1125\system\fxgl.bundle
18:24:27.300 [FXGL Background Thread 1 ] DEBUG SystemBundleService  - Bundle FXGL: {}
18:24:27.300 [FXGL Background Thread 1 ] DEBUG UpdaterService       - Checking for updates
18:24:27.306 [FXGL Background Thread 4 ] DEBUG FXGLApplication      - Loading fonts
18:24:27.306 [FXGL Background Thread 4 ] DEBUG FXGLAssetLoaderServi - Loading from file system: jar:file:/C:/Users/20140/.m2/repository/com/github/almasb/fxgl/21.1/fxgl-21.1.jar!/fxglassets/ui/fonts/VarelaRound-Regular.ttf
18:24:27.306 [FXGL Background Thread 1 ] DEBUG FXGLApplication      - Loading default localization
18:24:27.309 [FXGL Background Thread 1 ] DEBUG FXGLAssetLoaderServi - Loading from file system: jar:file:/C:/Users/20140/.m2/repository/com/github/almasb/fxgl/21.1/fxgl-21.1.jar!/fxglassets/languages/english.lang
18:24:27.319 [FXGL Background Thread 4 ] DEBUG FXGLAssetLoaderServi - Loading from file system: jar:file:/C:/Users/20140/.m2/repository/com/github/almasb/fxgl/21.1/fxgl-21.1.jar!/fxglassets/ui/fonts/Abel-Regular.ttf
18:24:27.326 [FXGL Background Thread 4 ] DEBUG FXGLAssetLoaderServi - Loading from file system: jar:file:/C:/Users/20140/.m2/repository/com/github/almasb/fxgl/21.1/fxgl-21.1.jar!/fxglassets/ui/fonts/TerminalLandMono-Regular.otf
18:24:27.332 [FXGL Background Thread 4 ] DEBUG FXGLAssetLoaderServi - Loading from file system: jar:file:/C:/Users/20140/.m2/repository/com/github/almasb/fxgl/21.1/fxgl-21.1.jar!/fxglassets/ui/fonts/Courier-Prime.ttf
18:24:27.345 [FXGL Background Thread 1 ] INFO  FXGLApplication      - FXGL initialization took: 0.282 sec
18:24:27.351 [JavaFX Application Thread] DEBUG Input                - Registered new binding: Click - LMB
18:24:27.352 [JavaFX Application Thread] DEBUG FXGLAssetLoaderServi - Loading from file system: jar:file:/C:/Users/20140/.m2/repository/com/github/almasb/fxgl/21.1/fxgl-21.1.jar!/fxglassets/textures/fxgl_icon.png
18:24:27.365 [JavaFX Application Thread] DEBUG FXGLAssetLoaderServi - Loading from file system: jar:file:/C:/Users/20140/.m2/repository/com/github/almasb/fxgl/21.1/fxgl-21.1.jar!/fxglassets/textures/fxgl_default_cursor.png
18:24:27.375 [JavaFX Application Thread] DEBUG Input                - Registered new binding: Screenshot - CTRL+8
18:24:27.376 [JavaFX Application Thread] DEBUG Input                - Registered new binding: System info dump - CTRL+9
18:24:27.376 [JavaFX Application Thread] DEBUG Input                - Registered new binding: Restart - CTRL+R
18:24:27.378 [JavaFX Application Thread] DEBUG Input                - Registered new binding: Toggle Debug Camera - CTRL+7
18:24:27.384 [JavaFX Application Thread] DEBUG LoopRunner           - Starting loop
18:24:27.384 [JavaFX Application Thread] DEBUG LoopRunner           - Initializing JavaFX AnimationTimerLoop
18:24:27.388 [JavaFX Application Thread] DEBUG Input                - Clearing active input actions
18:24:27.393 [JavaFX Application Thread] DEBUG GameApplicationServi - Removing overlay from FXGLStartupScene and adding to FXGLMainMenuDummyScene
18:24:27.393 [JavaFX Application Thread] DEBUG PrimaryStageWindow   - FXGLStartupScene -> FXGLMainMenuDummyScene
18:24:27.393 [JavaFX Application Thread] DEBUG PrimaryStageWindow   - Push state: MainMenuScene
18:24:27.394 [JavaFX Application Thread] DEBUG Input                - Clearing active input actions
18:24:27.399 [JavaFX Application Thread] DEBUG GameApplicationServi - Removing overlay from FXGLMainMenuDummyScene and adding to MainMenuScene
18:24:27.399 [JavaFX Application Thread] DEBUG PrimaryStageWindow   - FXGLMainMenuDummyScene -> MainMenuScene
18:24:27.427 [JavaFX Application Thread] DEBUG FXGLAssetLoaderServi - Loading from file system: file:/D:/Github/javaA-xiangqi-project-main-yxh-1125/target/classes/assets/music/%e6%8c%89%e9%92%ae%e9%9f%b3%e6%95%881.mp3
18:24:27.502 [JavaFX Application Thread] DEBUG AudioPlayer          - Playing music com.almasb.fxgl.audio.Music@415ffe7f
18:24:27.502 [JavaFX Application Thread] DEBUG FXGLApplication      - Registering font factories with UI factory
18:24:27.667 [JavaFX Application Thread] DEBUG AudioPlayer          - Playing music com.almasb.fxgl.audio.Music@415ffe7f
18:24:27.962 [JavaFX Application Thread] DEBUG AudioPlayer          - Playing music com.almasb.fxgl.audio.Music@415ffe7f
18:24:28.029 [JavaFX Application Thread] DEBUG AudioPlayer          - Playing music com.almasb.fxgl.audio.Music@415ffe7f
18:24:28.185 [JavaFX Application Thread] DEBUG AudioPlayer          - Playing music com.almasb.fxgl.audio.Music@415ffe7f
18:24:28.380 [JavaFX Application Thread] DEBUG AudioPlayer          - Playing music com.almasb.fxgl.audio.Music@415ffe7f
18:24:28.441 [JavaFX Application Thread] DEBUG Menu                 - fireNewGame()
18:24:28.441 [JavaFX Application Thread] DEBUG GameApplicationServi - Starting new game
18:24:28.441 [JavaFX Application Thread] DEBUG PrimaryStageWindow   - Pop state: MainMenuScene
18:24:28.441 [JavaFX Application Thread] DEBUG Input                - Clearing active input actions
18:24:28.442 [JavaFX Application Thread] DEBUG GameApplicationServi - Removing overlay from MainMenuScene and adding to FXGLMainMenuDummyScene
18:24:28.442 [JavaFX Application Thread] DEBUG PrimaryStageWindow   - FXGLMainMenuDummyScene <- MainMenuScene
18:24:28.442 [JavaFX Application Thread] DEBUG Input                - Clearing active input actions
18:24:28.448 [JavaFX Application Thread] DEBUG GameApplicationServi - Removing overlay from FXGLMainMenuDummyScene and adding to FXGLLoadingScene
18:24:28.448 [JavaFX Application Thread] DEBUG PrimaryStageWindow   - FXGLMainMenuDummyScene -> FXGLLoadingScene
18:24:28.448 [JavaFX Application Thread] DEBUG GameApplicationServi - Clearing previous game
18:24:28.448 [JavaFX Application Thread] DEBUG GameScene            - Clearing game scene
18:24:28.448 [JavaFX Application Thread] DEBUG GameWorld            - Clearing game world
18:24:28.448 [JavaFX Application Thread] DEBUG PhysicsWorld         - Clearing physics world
18:24:28.450 [FXGL Background Thread 4 ] DEBUG FXGLApplication      - Initializing game
18:24:28.459 [FXGL Background Thread 4 ] DEBUG FXGLAssetLoaderServi - Loading from file system: file:/D:/Github/javaA-xiangqi-project-main-yxh-1125/target/classes/assets/textures/%e8%83%8c%e6%99%af.jpg
18:24:28.507 [FXGL Background Thread 4 ] DEBUG FXGLAssetLoaderServi - Loading from file system: file:/D:/Github/javaA-xiangqi-project-main-yxh-1125/target/classes/assets/textures/ChessBoard.png
18:24:28.539 [FXGL Background Thread 4 ] DEBUG FXGLAssetLoaderServi - Loading from file system: file:/D:/Github/javaA-xiangqi-project-main-yxh-1125/target/classes/assets/textures/BlackChariot.png
18:24:28.550 [FXGL Background Thread 4 ] DEBUG FXGLAssetLoaderServi - Loading from file system: file:/D:/Github/javaA-xiangqi-project-main-yxh-1125/target/classes/assets/textures/BlackHorse.png
18:24:28.551 [FXGL Background Thread 4 ] DEBUG FXGLAssetLoaderServi - Loading from file system: file:/D:/Github/javaA-xiangqi-project-main-yxh-1125/target/classes/assets/textures/BlackElephant.png
18:24:28.553 [FXGL Background Thread 4 ] DEBUG FXGLAssetLoaderServi - Loading from file system: file:/D:/Github/javaA-xiangqi-project-main-yxh-1125/target/classes/assets/textures/BlackAdvisor.png
18:24:28.553 [FXGL Background Thread 4 ] DEBUG FXGLAssetLoaderServi - Loading from file system: file:/D:/Github/javaA-xiangqi-project-main-yxh-1125/target/classes/assets/textures/BlackGeneral.png
18:24:28.555 [FXGL Background Thread 4 ] DEBUG FXGLAssetLoaderServi - Loading from file system: file:/D:/Github/javaA-xiangqi-project-main-yxh-1125/target/classes/assets/textures/BlackCannon.png
18:24:28.556 [FXGL Background Thread 4 ] DEBUG FXGLAssetLoaderServi - Loading from file system: file:/D:/Github/javaA-xiangqi-project-main-yxh-1125/target/classes/assets/textures/BlackSoldier.png
18:24:28.559 [FXGL Background Thread 4 ] DEBUG FXGLAssetLoaderServi - Loading from file system: file:/D:/Github/javaA-xiangqi-project-main-yxh-1125/target/classes/assets/textures/RedSoldier.png
18:24:28.562 [FXGL Background Thread 4 ] DEBUG FXGLAssetLoaderServi - Loading from file system: file:/D:/Github/javaA-xiangqi-project-main-yxh-1125/target/classes/assets/textures/RedCannon.png
18:24:28.563 [FXGL Background Thread 4 ] DEBUG FXGLAssetLoaderServi - Loading from file system: file:/D:/Github/javaA-xiangqi-project-main-yxh-1125/target/classes/assets/textures/RedChariot.png
18:24:28.563 [FXGL Background Thread 4 ] DEBUG FXGLAssetLoaderServi - Loading from file system: file:/D:/Github/javaA-xiangqi-project-main-yxh-1125/target/classes/assets/textures/RedHorse.png
18:24:28.565 [FXGL Background Thread 4 ] DEBUG FXGLAssetLoaderServi - Loading from file system: file:/D:/Github/javaA-xiangqi-project-main-yxh-1125/target/classes/assets/textures/RedElephant.png
18:24:28.565 [FXGL Background Thread 4 ] DEBUG FXGLAssetLoaderServi - Loading from file system: file:/D:/Github/javaA-xiangqi-project-main-yxh-1125/target/classes/assets/textures/RedAdvisor.png
18:24:28.567 [FXGL Background Thread 4 ] DEBUG FXGLAssetLoaderServi - Loading from file system: file:/D:/Github/javaA-xiangqi-project-main-yxh-1125/target/classes/assets/textures/RedGeneral.png
18:24:28.579 [FXGL Background Thread 4 ] INFO  FXGLApplication      - Game initialization took: 0.129 sec
18:24:28.579 [JavaFX Application Thread] DEBUG Input                - Clearing active input actions
18:24:28.584 [JavaFX Application Thread] DEBUG GameApplicationServi - Removing overlay from FXGLLoadingScene and adding to GameScene
18:24:28.584 [JavaFX Application Thread] DEBUG PrimaryStageWindow   - FXGLLoadingScene -> GameScene
18:24:29.265 [JavaFX Application Thread] DEBUG FXGLAssetLoaderServi - Loading from file system: file:/D:/Github/javaA-xiangqi-project-main-yxh-1125/target/classes/assets/textures/%e9%80%89%e4%b8%ad.png
18:24:30.305 [FXGL Background Thread 3 ] DEBUG Engine               - Logging environment variables
18:24:30.305 [FXGL Background Thread 3 ] DEBUG Engine               - achievements: []
18:24:30.305 [FXGL Background Thread 3 ] DEBUG Engine               - actualHeight: 1007.0
18:24:30.305 [FXGL Background Thread 3 ] DEBUG Engine               - actualHeightProperty: ReadOnlyDoubleProperty [value: 1007.0]
18:24:30.305 [FXGL Background Thread 3 ] DEBUG Engine               - actualWidth: 1316.0
18:24:30.305 [FXGL Background Thread 3 ] DEBUG Engine               - actualWidthProperty: ReadOnlyDoubleProperty [value: 1316.0]
18:24:30.305 [FXGL Background Thread 3 ] DEBUG Engine               - appIcon: fxgl_icon.png
18:24:30.305 [FXGL Background Thread 3 ] DEBUG Engine               - applicationMode: DEVELOPER
18:24:30.305 [FXGL Background Thread 3 ] DEBUG Engine               - cSSList: [fxgl_dark.css]
18:24:30.305 [FXGL Background Thread 3 ] DEBUG Engine               - collisionDetectionStrategy: BRUTE_FORCE
18:24:30.305 [FXGL Background Thread 3 ] DEBUG Engine               - configClass: Optional.empty
18:24:30.305 [FXGL Background Thread 3 ] DEBUG Engine               - credits: []
18:24:30.306 [FXGL Background Thread 3 ] DEBUG Engine               - defaultCursor: CursorInfo(imageName=fxgl_default_cursor.png, hotspotX=7.0, hotspotY=6.0)
18:24:30.306 [FXGL Background Thread 3 ] DEBUG Engine               - devBBoxColorProperty: ObjectProperty [value: 0xff0000ff]
18:24:30.306 [FXGL Background Thread 3 ] DEBUG Engine               - devEnableDebugCameraProperty: BooleanProperty [value: false]
18:24:30.306 [FXGL Background Thread 3 ] DEBUG Engine               - devSensorColorProperty: ObjectProperty [value: 0xffff00ff]
18:24:30.306 [FXGL Background Thread 3 ] DEBUG Engine               - devShowBBoxProperty: BooleanProperty [value: false]
18:24:30.306 [FXGL Background Thread 3 ] DEBUG Engine               - devShowPositionProperty: BooleanProperty [value: false]
18:24:30.307 [FXGL Background Thread 3 ] DEBUG Engine               - enabledMenuItems: []
18:24:30.307 [FXGL Background Thread 3 ] DEBUG Engine               - engineServices: [class com.almasb.fxgl.app.services.FXGLAssetLoaderService, class com.almasb.fxgl.app.FXGLApplication$GameApplicationService, class com.almasb.fxgl.app.services.FXGLDialogService, class com.almasb.fxgl.app.services.IOTaskExecutorService, class com.almasb.fxgl.io.FileSystemService, class com.almasb.fxgl.localization.LocalizationService, class com.almasb.fxgl.app.services.SystemBundleService, class com.almasb.fxgl.profile.SaveLoadService, class com.almasb.fxgl.ui.FXGLUIFactoryServiceProvider, class com.almasb.fxgl.ui.FXGLDialogFactoryServiceProvider, class com.almasb.fxgl.audio.AudioPlayer, class com.almasb.fxgl.notification.impl.NotificationServiceProvider, class com.almasb.fxgl.achievement.AchievementService, class com.almasb.fxgl.cutscene.CutsceneService, class com.almasb.fxgl.minigames.MiniGameService, class com.almasb.fxgl.net.NetService, class com.almasb.fxgl.app.services.UpdaterService, class com.almasb.fxgl.dev.DevService]
18:24:30.307 [FXGL Background Thread 3 ] DEBUG Engine               - fontGame: Abel-Regular.ttf
18:24:30.307 [FXGL Background Thread 3 ] DEBUG Engine               - fontMono: TerminalLandMono-Regular.otf
18:24:30.307 [FXGL Background Thread 3 ] DEBUG Engine               - fontSizeScaleUI: 1.0
18:24:30.307 [FXGL Background Thread 3 ] DEBUG Engine               - fontText: Courier-Prime.ttf
18:24:30.307 [FXGL Background Thread 3 ] DEBUG Engine               - fontUI: VarelaRound-Regular.ttf
18:24:30.307 [FXGL Background Thread 3 ] DEBUG Engine               - fullScreen: BooleanProperty [value: false]
18:24:30.307 [FXGL Background Thread 3 ] DEBUG Engine               - gameDifficulty: MEDIUM
18:24:30.308 [FXGL Background Thread 3 ] DEBUG Engine               - gameDifficultyProperty: ObjectProperty [value: MEDIUM]
18:24:30.308 [FXGL Background Thread 3 ] DEBUG Engine               - globalMusicVolume: 0.5
18:24:30.308 [FXGL Background Thread 3 ] DEBUG Engine               - globalMusicVolumeProperty: DoubleProperty [value: 0.5]
18:24:30.308 [FXGL Background Thread 3 ] DEBUG Engine               - globalSoundVolume: 0.5
18:24:30.308 [FXGL Background Thread 3 ] DEBUG Engine               - globalSoundVolumeProperty: DoubleProperty [value: 0.5]
18:24:30.308 [FXGL Background Thread 3 ] DEBUG Engine               - height: 1007
18:24:30.308 [FXGL Background Thread 3 ] DEBUG Engine               - is3D: false
18:24:30.308 [FXGL Background Thread 3 ] DEBUG Engine               - isAndroid: false
18:24:30.308 [FXGL Background Thread 3 ] DEBUG Engine               - isBrowser: false
18:24:30.308 [FXGL Background Thread 3 ] DEBUG Engine               - isClickFeedbackEnabled: false
18:24:30.308 [FXGL Background Thread 3 ] DEBUG Engine               - isCloseConfirmation: false
18:24:30.308 [FXGL Background Thread 3 ] DEBUG Engine               - isDesktop: true
18:24:30.308 [FXGL Background Thread 3 ] DEBUG Engine               - isDeveloperMenuEnabled: false
18:24:30.308 [FXGL Background Thread 3 ] DEBUG Engine               - isEmbedded: false
18:24:30.308 [FXGL Background Thread 3 ] DEBUG Engine               - isEntityPreloadEnabled: true
18:24:30.308 [FXGL Background Thread 3 ] DEBUG Engine               - isExperimentalTiledLargeMap: false
18:24:30.308 [FXGL Background Thread 3 ] DEBUG Engine               - isFileSystemWriteAllowed: true
18:24:30.308 [FXGL Background Thread 3 ] DEBUG Engine               - isFullScreenAllowed: false
18:24:30.308 [FXGL Background Thread 3 ] DEBUG Engine               - isFullScreenFromStart: false
18:24:30.308 [FXGL Background Thread 3 ] DEBUG Engine               - isGameMenuEnabled: true
18:24:30.308 [FXGL Background Thread 3 ] DEBUG Engine               - isIOS: false
18:24:30.308 [FXGL Background Thread 3 ] DEBUG Engine               - isIntroEnabled: false
18:24:30.308 [FXGL Background Thread 3 ] DEBUG Engine               - isLinux: false
18:24:30.308 [FXGL Background Thread 3 ] DEBUG Engine               - isMac: false
18:24:30.308 [FXGL Background Thread 3 ] DEBUG Engine               - isMainMenuEnabled: true
18:24:30.308 [FXGL Background Thread 3 ] DEBUG Engine               - isManualResizeEnabled: false
18:24:30.308 [FXGL Background Thread 3 ] DEBUG Engine               - isMobile: false
18:24:30.308 [FXGL Background Thread 3 ] DEBUG Engine               - isNative: false
18:24:30.308 [FXGL Background Thread 3 ] DEBUG Engine               - isPauseMusicWhenMinimized: true
18:24:30.308 [FXGL Background Thread 3 ] DEBUG Engine               - isPreserveResizeRatio: false
18:24:30.308 [FXGL Background Thread 3 ] DEBUG Engine               - isProfilingEnabled: false
18:24:30.308 [FXGL Background Thread 3 ] DEBUG Engine               - isScaleAffectedOnResize: true
18:24:30.308 [FXGL Background Thread 3 ] DEBUG Engine               - isSingleStep: false
18:24:30.308 [FXGL Background Thread 3 ] DEBUG Engine               - isUserProfileEnabled: false
18:24:30.308 [FXGL Background Thread 3 ] DEBUG Engine               - isWindows: true
18:24:30.308 [FXGL Background Thread 3 ] DEBUG Engine               - language: ObjectProperty [value: ENGLISH]
18:24:30.308 [FXGL Background Thread 3 ] DEBUG Engine               - menuKey: ESCAPE
18:24:30.308 [FXGL Background Thread 3 ] DEBUG Engine               - mouseSensitivity: 0.2
18:24:30.308 [FXGL Background Thread 3 ] DEBUG Engine               - notificationViewClass: class com.almasb.fxgl.notification.view.XboxNotificationView
18:24:30.308 [FXGL Background Thread 3 ] DEBUG Engine               - pixelsPerMeter: 50.0
18:24:30.308 [FXGL Background Thread 3 ] DEBUG Engine               - platform: WINDOWS
18:24:30.308 [FXGL Background Thread 3 ] DEBUG Engine               - prefHeightProperty: ReadOnlyDoubleProperty [value: 1007.0]
18:24:30.308 [FXGL Background Thread 3 ] DEBUG Engine               - prefWidthProperty: ReadOnlyDoubleProperty [value: 1316.0]
18:24:30.308 [FXGL Background Thread 3 ] DEBUG Engine               - profileDir: profiles/
18:24:30.308 [FXGL Background Thread 3 ] DEBUG Engine               - profileName: StringProperty [value: DEFAULT]
18:24:30.308 [FXGL Background Thread 3 ] DEBUG Engine               - randomSeed: -1
18:24:30.308 [FXGL Background Thread 3 ] DEBUG Engine               - runtimeInfo: RuntimeInfo(platform=WINDOWS, version=21.1, build=27.03.2024 07.52)
18:24:30.308 [FXGL Background Thread 3 ] DEBUG Engine               - saveFileExt: sav
18:24:30.308 [FXGL Background Thread 3 ] DEBUG Engine               - scaledHeightProp$fxgl: DoubleProperty [bound, value: 1007.0]
18:24:30.309 [FXGL Background Thread 3 ] DEBUG Engine               - scaledWidthProp$fxgl: DoubleProperty [bound, value: 1316.0]
18:24:30.309 [FXGL Background Thread 3 ] DEBUG Engine               - sceneFactory: edu.sustech.xiangqi.XiangQiApp$1@24562342
18:24:30.309 [FXGL Background Thread 3 ] DEBUG Engine               - secondsIn24h: 60
18:24:30.309 [FXGL Background Thread 3 ] DEBUG Engine               - soundMenuBack: menu/back.wav
18:24:30.309 [FXGL Background Thread 3 ] DEBUG Engine               - soundMenuPress: menu/press.wav
18:24:30.309 [FXGL Background Thread 3 ] DEBUG Engine               - soundMenuSelect: menu/select.wav
18:24:30.309 [FXGL Background Thread 3 ] DEBUG Engine               - soundNotification: core/notification.wav
18:24:30.309 [FXGL Background Thread 3 ] DEBUG Engine               - stageStyle: DECORATED
18:24:30.309 [FXGL Background Thread 3 ] DEBUG Engine               - supportedLanguages: [ENGLISH, FRENCH, GERMAN, HUNGARIAN, RUSSIAN]
18:24:30.309 [FXGL Background Thread 3 ] DEBUG Engine               - ticksPerSecond: -1
18:24:30.309 [FXGL Background Thread 3 ] DEBUG Engine               - title: 中国象棋 1.0
18:24:30.309 [FXGL Background Thread 3 ] DEBUG Engine               - urlGithub: https://github.com/AlmasB/FXGL
18:24:30.309 [FXGL Background Thread 3 ] DEBUG Engine               - urlLeaderboard: http://fxgl-top.herokuapp.com/
18:24:30.309 [FXGL Background Thread 3 ] DEBUG Engine               - urlPOM: https://raw.githubusercontent.com/AlmasB/FXGL/release/README.md
18:24:30.309 [FXGL Background Thread 3 ] DEBUG Engine               - userAppClass: class edu.sustech.xiangqi.XiangQiApp
18:24:30.309 [FXGL Background Thread 3 ] DEBUG Engine               - version: 1.0
18:24:30.309 [FXGL Background Thread 3 ] DEBUG Engine               - versionCheckDays: 7
18:24:30.309 [FXGL Background Thread 3 ] DEBUG Engine               - width: 1316
18:24:30.309 [FXGL Background Thread 3 ] DEBUG Engine               - Logging services
18:24:30.309 [FXGL Background Thread 3 ] DEBUG Engine               - class com.almasb.fxgl.app.services.FXGLAssetLoaderService
18:24:30.309 [FXGL Background Thread 3 ] DEBUG Engine               - class com.almasb.fxgl.app.FXGLApplication$GameApplicationService
18:24:30.309 [FXGL Background Thread 3 ] DEBUG Engine               - class com.almasb.fxgl.app.services.FXGLDialogService
18:24:30.309 [FXGL Background Thread 3 ] DEBUG Engine               - class com.almasb.fxgl.app.services.IOTaskExecutorService
18:24:30.309 [FXGL Background Thread 3 ] DEBUG Engine               - class com.almasb.fxgl.io.FileSystemService
18:24:30.309 [FXGL Background Thread 3 ] DEBUG Engine               - class com.almasb.fxgl.localization.LocalizationService
18:24:30.309 [FXGL Background Thread 3 ] DEBUG Engine               - class com.almasb.fxgl.app.services.SystemBundleService
18:24:30.309 [FXGL Background Thread 3 ] DEBUG Engine               - class com.almasb.fxgl.profile.SaveLoadService
18:24:30.309 [FXGL Background Thread 3 ] DEBUG Engine               - class com.almasb.fxgl.ui.FXGLUIFactoryServiceProvider
18:24:30.309 [FXGL Background Thread 3 ] DEBUG Engine               - class com.almasb.fxgl.ui.FXGLDialogFactoryServiceProvider
18:24:30.309 [FXGL Background Thread 3 ] DEBUG Engine               - class com.almasb.fxgl.audio.AudioPlayer
18:24:30.309 [FXGL Background Thread 3 ] DEBUG Engine               - class com.almasb.fxgl.notification.impl.NotificationServiceProvider
18:24:30.309 [FXGL Background Thread 3 ] DEBUG Engine               - class com.almasb.fxgl.achievement.AchievementService
18:24:30.309 [FXGL Background Thread 3 ] DEBUG Engine               - class com.almasb.fxgl.cutscene.CutsceneService
18:24:30.309 [FXGL Background Thread 3 ] DEBUG Engine               - class com.almasb.fxgl.minigames.MiniGameService
18:24:30.309 [FXGL Background Thread 3 ] DEBUG Engine               - class com.almasb.fxgl.net.NetService
18:24:30.309 [FXGL Background Thread 3 ] DEBUG Engine               - class com.almasb.fxgl.app.services.UpdaterService
18:24:30.309 [FXGL Background Thread 3 ] DEBUG Engine               - class com.almasb.fxgl.dev.DevService
18:24:32.137 [JavaFX Application Thread] DEBUG AudioPlayer          - Playing music com.almasb.fxgl.audio.Music@415ffe7f
18:24:32.159 [JavaFX Application Thread] DEBUG AudioPlayer          - Playing music com.almasb.fxgl.audio.Music@415ffe7f
18:24:33.436 [JavaFX Application Thread] DEBUG FXGLApplication      - Exiting FXGL
18:24:33.436 [JavaFX Application Thread] DEBUG LoopRunner           - Stopping loop
18:24:33.436 [JavaFX Application Thread] DEBUG SystemBundleService  - Saving FXGL system data
18:24:33.437 [JavaFX Application Thread] DEBUG FileSystemAccess     - Writing to: D:\Github\javaA-xiangqi-project-main-yxh-1125\system\fxgl.bundle
18:24:33.438 [JavaFX Application Thread] DEBUG Async                - Shutting down background threads
18:24:33.438 [JavaFX Application Thread] DEBUG PrimaryStageWindow   - Closing main window
18:24:33.458 [JavaFX Application Thread] DEBUG Logger               - Closing Logger
