20:37:17.097 [main                     ] DEBUG Logger               - Configured Logger
20:37:17.116 [main                     ] DEBUG GameApplication      - Logging settings
Title: 中国象棋 1.0
Version: 1.0
Width: 1316
Height: 1007
Fullscreen: false
Intro: false
Profiling: false
Single step:false
App Mode: DEVELOPER
Menu Key: ESCAPE
Stage Style: DECORATED
Scene Factory: class edu.sustech.xiangqi.XiangQiApp$1

20:37:17.555 [JavaFX Application Thread] DEBUG FXGLApplication      - Initializing FXGL
20:37:17.557 [JavaFX Application Thread] INFO  Engine               - FXGL-21.1 (27.03.2024 07.52) on WINDOWS (J:23.0.1 FX:21.0.1)
20:37:17.557 [JavaFX Application Thread] DEBUG Engine               - JRE Vendor Name: Oracle Corporation
20:37:17.557 [JavaFX Application Thread] DEBUG Engine               - Running on OS: Windows 11 version 10.0
20:37:17.557 [JavaFX Application Thread] DEBUG Engine               - Architecture: amd64
20:37:17.557 [JavaFX Application Thread] INFO  Engine               - Source code and latest versions at: https://github.com/AlmasB/FXGL
20:37:17.557 [JavaFX Application Thread] INFO  Engine               -       Ask questions and discuss at: https://github.com/AlmasB/FXGL/discussions
20:37:17.557 [JavaFX Application Thread] INFO  Engine               -              Join the FXGL chat at: https://gitter.im/AlmasB/FXGL
20:37:17.635 [JavaFX Application Thread] DEBUG PrimaryStageWindow   - Creating a JavaFX scene
20:37:17.667 [JavaFX Application Thread] DEBUG PrimaryStageWindow   - Target settings size: 1316.0 x 1007.0
20:37:17.667 [JavaFX Application Thread] DEBUG PrimaryStageWindow   - Scaled scene size:    1316.0 x 1007.0
20:37:17.667 [JavaFX Application Thread] DEBUG PrimaryStageWindow   - Scaled ratio: (1.0, 1.0)
20:37:17.668 [JavaFX Application Thread] DEBUG PrimaryStageWindow   - Set initial scene to FXGLStartupScene
20:37:17.670 [JavaFX Application Thread] DEBUG PrimaryStageWindow   - Opening main window
20:37:17.764 [JavaFX Application Thread] DEBUG PrimaryStageWindow   - Window border size: (14.6666259765625, 37.6666259765625)
20:37:17.764 [JavaFX Application Thread] DEBUG PrimaryStageWindow   - Scaled size: 1316.0 x 1007.0
20:37:17.764 [JavaFX Application Thread] DEBUG PrimaryStageWindow   - Scaled ratio: (1.0, 1.0)
20:37:17.764 [JavaFX Application Thread] DEBUG PrimaryStageWindow   - Scene size: 1316.0 x 1007.0
20:37:17.764 [JavaFX Application Thread] DEBUG PrimaryStageWindow   - Stage size: 1330.6666259765625 x 1044.6666259765625
20:37:17.769 [FXGL Background Thread 1 ] DEBUG Engine               - Initializing environment variables
20:37:17.806 [FXGL Background Thread 1 ] DEBUG FXGLAssetLoaderServi - User app class for loading assets: class edu.sustech.xiangqi.XiangQiApp
20:37:17.806 [FXGL Background Thread 1 ] DEBUG GameApplicationServi - Applying CSS: fxgl_dark.css
20:37:17.806 [FXGL Background Thread 1 ] DEBUG FXGLAssetLoaderServi - Loading from file system: jar:file:/C:/Users/20140/.m2/repository/com/github/almasb/fxgl/21.1/fxgl-21.1.jar!/fxglassets/ui/css/fxgl_dark.css
20:37:17.836 [FXGL Background Thread 1 ] DEBUG GameApplicationServi - Initializing application scenes
20:37:17.903 [FXGL Background Thread 1 ] DEBUG GameWorld            - Game world initialized
20:37:17.927 [FXGL Background Thread 1 ] DEBUG PhysicsWorld         - Physics world initialized: appHeight=1007, physics.ppm=50.0
20:37:17.927 [FXGL Background Thread 1 ] DEBUG PhysicsWorld         - Using strategy: BRUTE_FORCE
20:37:17.929 [FXGL Background Thread 1 ] DEBUG GameScene            - Game scene initialized: 1316x1007
20:37:17.935 [FXGL Background Thread 1 ] DEBUG FXGLAssetLoaderServi - Loading from file system: file:/D:/Github/javaA-xiangqi-project-main-yxh-1125/target/classes/assets/ui/fonts/HYPixel11pxU-2.ttf
20:37:17.960 [FXGL Background Thread 1 ] DEBUG FXGLAssetLoaderServi - Loading from file system: file:/D:/Github/javaA-xiangqi-project-main-yxh-1125/target/classes/assets/textures/Button1.png
20:37:17.972 [FXGL Background Thread 1 ] DEBUG FXGLAssetLoaderServi - Loading from file system: file:/D:/Github/javaA-xiangqi-project-main-yxh-1125/target/classes/assets/textures/Press.png
20:37:17.990 [FXGL Background Thread 1 ] DEBUG GameApplicationServi - Application scenes initialized
20:37:17.996 [FXGL Background Thread 1 ] DEBUG SystemBundleService  - Loading FXGL system data
20:37:17.996 [FXGL Background Thread 1 ] DEBUG FileSystemAccess     - Reading from: D:\Github\javaA-xiangqi-project-main-yxh-1125\system\fxgl.bundle
20:37:17.998 [FXGL Background Thread 1 ] DEBUG SystemBundleService  - Bundle FXGL: {}
20:37:17.998 [FXGL Background Thread 1 ] DEBUG UpdaterService       - Checking for updates
20:37:18.001 [FXGL Background Thread 4 ] DEBUG FXGLApplication      - Loading fonts
20:37:18.001 [FXGL Background Thread 4 ] DEBUG FXGLAssetLoaderServi - Loading from file system: jar:file:/C:/Users/20140/.m2/repository/com/github/almasb/fxgl/21.1/fxgl-21.1.jar!/fxglassets/ui/fonts/VarelaRound-Regular.ttf
20:37:18.001 [FXGL Background Thread 1 ] DEBUG FXGLApplication      - Loading default localization
20:37:18.002 [FXGL Background Thread 1 ] DEBUG FXGLAssetLoaderServi - Loading from file system: jar:file:/C:/Users/20140/.m2/repository/com/github/almasb/fxgl/21.1/fxgl-21.1.jar!/fxglassets/languages/english.lang
20:37:18.014 [FXGL Background Thread 4 ] DEBUG FXGLAssetLoaderServi - Loading from file system: jar:file:/C:/Users/20140/.m2/repository/com/github/almasb/fxgl/21.1/fxgl-21.1.jar!/fxglassets/ui/fonts/Abel-Regular.ttf
20:37:18.023 [FXGL Background Thread 4 ] DEBUG FXGLAssetLoaderServi - Loading from file system: jar:file:/C:/Users/20140/.m2/repository/com/github/almasb/fxgl/21.1/fxgl-21.1.jar!/fxglassets/ui/fonts/TerminalLandMono-Regular.otf
20:37:18.031 [FXGL Background Thread 4 ] DEBUG FXGLAssetLoaderServi - Loading from file system: jar:file:/C:/Users/20140/.m2/repository/com/github/almasb/fxgl/21.1/fxgl-21.1.jar!/fxglassets/ui/fonts/Courier-Prime.ttf
20:37:18.031 [FXGL Background Thread 1 ] INFO  FXGLApplication      - FXGL initialization took: 0.263 sec
20:37:18.041 [JavaFX Application Thread] DEBUG Input                - Registered new binding: Click - LMB
20:37:18.042 [JavaFX Application Thread] DEBUG FXGLAssetLoaderServi - Loading from file system: jar:file:/C:/Users/20140/.m2/repository/com/github/almasb/fxgl/21.1/fxgl-21.1.jar!/fxglassets/textures/fxgl_icon.png
20:37:18.060 [JavaFX Application Thread] DEBUG FXGLAssetLoaderServi - Loading from file system: jar:file:/C:/Users/20140/.m2/repository/com/github/almasb/fxgl/21.1/fxgl-21.1.jar!/fxglassets/textures/fxgl_default_cursor.png
20:37:18.068 [JavaFX Application Thread] DEBUG Input                - Registered new binding: Screenshot - CTRL+8
20:37:18.070 [JavaFX Application Thread] DEBUG Input                - Registered new binding: System info dump - CTRL+9
20:37:18.070 [JavaFX Application Thread] DEBUG Input                - Registered new binding: Restart - CTRL+R
20:37:18.071 [JavaFX Application Thread] DEBUG Input                - Registered new binding: Toggle Debug Camera - CTRL+7
20:37:18.077 [JavaFX Application Thread] DEBUG LoopRunner           - Starting loop
20:37:18.077 [JavaFX Application Thread] DEBUG LoopRunner           - Initializing JavaFX AnimationTimerLoop
20:37:18.081 [JavaFX Application Thread] DEBUG Input                - Clearing active input actions
20:37:18.085 [JavaFX Application Thread] DEBUG GameApplicationServi - Removing overlay from FXGLStartupScene and adding to FXGLMainMenuDummyScene
20:37:18.086 [JavaFX Application Thread] DEBUG PrimaryStageWindow   - FXGLStartupScene -> FXGLMainMenuDummyScene
20:37:18.086 [JavaFX Application Thread] DEBUG PrimaryStageWindow   - Push state: MainMenuScene
20:37:18.086 [JavaFX Application Thread] DEBUG Input                - Clearing active input actions
20:37:18.090 [JavaFX Application Thread] DEBUG GameApplicationServi - Removing overlay from FXGLMainMenuDummyScene and adding to MainMenuScene
20:37:18.091 [JavaFX Application Thread] DEBUG PrimaryStageWindow   - FXGLMainMenuDummyScene -> MainMenuScene
20:37:18.091 [JavaFX Application Thread] DEBUG FXGLApplication      - Registering font factories with UI factory
20:37:18.342 [JavaFX Application Thread] DEBUG FXGLAssetLoaderServi - Loading from file system: file:/D:/Github/javaA-xiangqi-project-main-yxh-1125/target/classes/assets/music/%e6%8c%89%e9%92%ae%e9%9f%b3%e6%95%881.mp3
20:37:18.430 [JavaFX Application Thread] DEBUG AudioPlayer          - Playing music com.almasb.fxgl.audio.Music@5f97fb36
20:37:18.529 [JavaFX Application Thread] DEBUG AudioPlayer          - Playing music com.almasb.fxgl.audio.Music@5f97fb36
20:37:18.801 [JavaFX Application Thread] DEBUG AudioPlayer          - Playing music com.almasb.fxgl.audio.Music@5f97fb36
20:37:21.003 [FXGL Background Thread 3 ] DEBUG Engine               - Logging environment variables
20:37:21.003 [FXGL Background Thread 3 ] DEBUG Engine               - achievements: []
20:37:21.003 [FXGL Background Thread 3 ] DEBUG Engine               - actualHeight: 1007.0
20:37:21.003 [FXGL Background Thread 3 ] DEBUG Engine               - actualHeightProperty: ReadOnlyDoubleProperty [value: 1007.0]
20:37:21.003 [FXGL Background Thread 3 ] DEBUG Engine               - actualWidth: 1316.0
20:37:21.003 [FXGL Background Thread 3 ] DEBUG Engine               - actualWidthProperty: ReadOnlyDoubleProperty [value: 1316.0]
20:37:21.003 [FXGL Background Thread 3 ] DEBUG Engine               - appIcon: fxgl_icon.png
20:37:21.003 [FXGL Background Thread 3 ] DEBUG Engine               - applicationMode: DEVELOPER
20:37:21.003 [FXGL Background Thread 3 ] DEBUG Engine               - cSSList: [fxgl_dark.css]
20:37:21.003 [FXGL Background Thread 3 ] DEBUG Engine               - collisionDetectionStrategy: BRUTE_FORCE
20:37:21.003 [FXGL Background Thread 3 ] DEBUG Engine               - configClass: Optional.empty
20:37:21.003 [FXGL Background Thread 3 ] DEBUG Engine               - credits: []
20:37:21.004 [FXGL Background Thread 3 ] DEBUG Engine               - defaultCursor: CursorInfo(imageName=fxgl_default_cursor.png, hotspotX=7.0, hotspotY=6.0)
20:37:21.004 [FXGL Background Thread 3 ] DEBUG Engine               - devBBoxColorProperty: ObjectProperty [value: 0xff0000ff]
20:37:21.004 [FXGL Background Thread 3 ] DEBUG Engine               - devEnableDebugCameraProperty: BooleanProperty [value: false]
20:37:21.005 [FXGL Background Thread 3 ] DEBUG Engine               - devSensorColorProperty: ObjectProperty [value: 0xffff00ff]
20:37:21.005 [FXGL Background Thread 3 ] DEBUG Engine               - devShowBBoxProperty: BooleanProperty [value: false]
20:37:21.005 [FXGL Background Thread 3 ] DEBUG Engine               - devShowPositionProperty: BooleanProperty [value: false]
20:37:21.005 [FXGL Background Thread 3 ] DEBUG Engine               - enabledMenuItems: []
20:37:21.005 [FXGL Background Thread 3 ] DEBUG Engine               - engineServices: [class com.almasb.fxgl.app.services.FXGLAssetLoaderService, class com.almasb.fxgl.app.FXGLApplication$GameApplicationService, class com.almasb.fxgl.app.services.FXGLDialogService, class com.almasb.fxgl.app.services.IOTaskExecutorService, class com.almasb.fxgl.io.FileSystemService, class com.almasb.fxgl.localization.LocalizationService, class com.almasb.fxgl.app.services.SystemBundleService, class com.almasb.fxgl.profile.SaveLoadService, class com.almasb.fxgl.ui.FXGLUIFactoryServiceProvider, class com.almasb.fxgl.ui.FXGLDialogFactoryServiceProvider, class com.almasb.fxgl.audio.AudioPlayer, class com.almasb.fxgl.notification.impl.NotificationServiceProvider, class com.almasb.fxgl.achievement.AchievementService, class com.almasb.fxgl.cutscene.CutsceneService, class com.almasb.fxgl.minigames.MiniGameService, class com.almasb.fxgl.net.NetService, class com.almasb.fxgl.app.services.UpdaterService, class com.almasb.fxgl.dev.DevService]
20:37:21.005 [FXGL Background Thread 3 ] DEBUG Engine               - fontGame: Abel-Regular.ttf
20:37:21.005 [FXGL Background Thread 3 ] DEBUG Engine               - fontMono: TerminalLandMono-Regular.otf
20:37:21.005 [FXGL Background Thread 3 ] DEBUG Engine               - fontSizeScaleUI: 1.0
20:37:21.005 [FXGL Background Thread 3 ] DEBUG Engine               - fontText: Courier-Prime.ttf
20:37:21.005 [FXGL Background Thread 3 ] DEBUG Engine               - fontUI: VarelaRound-Regular.ttf
20:37:21.005 [FXGL Background Thread 3 ] DEBUG Engine               - fullScreen: BooleanProperty [value: false]
20:37:21.005 [FXGL Background Thread 3 ] DEBUG Engine               - gameDifficulty: MEDIUM
20:37:21.005 [FXGL Background Thread 3 ] DEBUG Engine               - gameDifficultyProperty: ObjectProperty [value: MEDIUM]
20:37:21.005 [FXGL Background Thread 3 ] DEBUG Engine               - globalMusicVolume: 0.5
20:37:21.005 [FXGL Background Thread 3 ] DEBUG Engine               - globalMusicVolumeProperty: DoubleProperty [value: 0.5]
20:37:21.005 [FXGL Background Thread 3 ] DEBUG Engine               - globalSoundVolume: 0.5
20:37:21.005 [FXGL Background Thread 3 ] DEBUG Engine               - globalSoundVolumeProperty: DoubleProperty [value: 0.5]
20:37:21.006 [FXGL Background Thread 3 ] DEBUG Engine               - height: 1007
20:37:21.006 [FXGL Background Thread 3 ] DEBUG Engine               - is3D: false
20:37:21.006 [FXGL Background Thread 3 ] DEBUG Engine               - isAndroid: false
20:37:21.006 [FXGL Background Thread 3 ] DEBUG Engine               - isBrowser: false
20:37:21.006 [FXGL Background Thread 3 ] DEBUG Engine               - isClickFeedbackEnabled: false
20:37:21.006 [FXGL Background Thread 3 ] DEBUG Engine               - isCloseConfirmation: false
20:37:21.006 [FXGL Background Thread 3 ] DEBUG Engine               - isDesktop: true
20:37:21.006 [FXGL Background Thread 3 ] DEBUG Engine               - isDeveloperMenuEnabled: false
20:37:21.006 [FXGL Background Thread 3 ] DEBUG Engine               - isEmbedded: false
20:37:21.006 [FXGL Background Thread 3 ] DEBUG Engine               - isEntityPreloadEnabled: true
20:37:21.006 [FXGL Background Thread 3 ] DEBUG Engine               - isExperimentalTiledLargeMap: false
20:37:21.006 [FXGL Background Thread 3 ] DEBUG Engine               - isFileSystemWriteAllowed: true
20:37:21.006 [FXGL Background Thread 3 ] DEBUG Engine               - isFullScreenAllowed: false
20:37:21.006 [FXGL Background Thread 3 ] DEBUG Engine               - isFullScreenFromStart: false
20:37:21.006 [FXGL Background Thread 3 ] DEBUG Engine               - isGameMenuEnabled: true
20:37:21.006 [FXGL Background Thread 3 ] DEBUG Engine               - isIOS: false
20:37:21.006 [FXGL Background Thread 3 ] DEBUG Engine               - isIntroEnabled: false
20:37:21.006 [FXGL Background Thread 3 ] DEBUG Engine               - isLinux: false
20:37:21.006 [FXGL Background Thread 3 ] DEBUG Engine               - isMac: false
20:37:21.006 [FXGL Background Thread 3 ] DEBUG Engine               - isMainMenuEnabled: true
20:37:21.006 [FXGL Background Thread 3 ] DEBUG Engine               - isManualResizeEnabled: false
20:37:21.006 [FXGL Background Thread 3 ] DEBUG Engine               - isMobile: false
20:37:21.006 [FXGL Background Thread 3 ] DEBUG Engine               - isNative: false
20:37:21.006 [FXGL Background Thread 3 ] DEBUG Engine               - isPauseMusicWhenMinimized: true
20:37:21.006 [FXGL Background Thread 3 ] DEBUG Engine               - isPreserveResizeRatio: false
20:37:21.006 [FXGL Background Thread 3 ] DEBUG Engine               - isProfilingEnabled: false
20:37:21.006 [FXGL Background Thread 3 ] DEBUG Engine               - isScaleAffectedOnResize: true
20:37:21.006 [FXGL Background Thread 3 ] DEBUG Engine               - isSingleStep: false
20:37:21.006 [FXGL Background Thread 3 ] DEBUG Engine               - isUserProfileEnabled: false
20:37:21.006 [FXGL Background Thread 3 ] DEBUG Engine               - isWindows: true
20:37:21.006 [FXGL Background Thread 3 ] DEBUG Engine               - language: ObjectProperty [value: ENGLISH]
20:37:21.006 [FXGL Background Thread 3 ] DEBUG Engine               - menuKey: ESCAPE
20:37:21.006 [FXGL Background Thread 3 ] DEBUG Engine               - mouseSensitivity: 0.2
20:37:21.006 [FXGL Background Thread 3 ] DEBUG Engine               - notificationViewClass: class com.almasb.fxgl.notification.view.XboxNotificationView
20:37:21.006 [FXGL Background Thread 3 ] DEBUG Engine               - pixelsPerMeter: 50.0
20:37:21.006 [FXGL Background Thread 3 ] DEBUG Engine               - platform: WINDOWS
20:37:21.006 [FXGL Background Thread 3 ] DEBUG Engine               - prefHeightProperty: ReadOnlyDoubleProperty [value: 1007.0]
20:37:21.006 [FXGL Background Thread 3 ] DEBUG Engine               - prefWidthProperty: ReadOnlyDoubleProperty [value: 1316.0]
20:37:21.006 [FXGL Background Thread 3 ] DEBUG Engine               - profileDir: profiles/
20:37:21.006 [FXGL Background Thread 3 ] DEBUG Engine               - profileName: StringProperty [value: DEFAULT]
20:37:21.006 [FXGL Background Thread 3 ] DEBUG Engine               - randomSeed: -1
20:37:21.007 [FXGL Background Thread 3 ] DEBUG Engine               - runtimeInfo: RuntimeInfo(platform=WINDOWS, version=21.1, build=27.03.2024 07.52)
20:37:21.007 [FXGL Background Thread 3 ] DEBUG Engine               - saveFileExt: sav
20:37:21.007 [FXGL Background Thread 3 ] DEBUG Engine               - scaledHeightProp$fxgl: DoubleProperty [bound, value: 1007.0]
20:37:21.007 [FXGL Background Thread 3 ] DEBUG Engine               - scaledWidthProp$fxgl: DoubleProperty [bound, value: 1316.0]
20:37:21.007 [FXGL Background Thread 3 ] DEBUG Engine               - sceneFactory: edu.sustech.xiangqi.XiangQiApp$1@5b7eb7a3
20:37:21.007 [FXGL Background Thread 3 ] DEBUG Engine               - secondsIn24h: 60
20:37:21.007 [FXGL Background Thread 3 ] DEBUG Engine               - soundMenuBack: menu/back.wav
20:37:21.007 [FXGL Background Thread 3 ] DEBUG Engine               - soundMenuPress: menu/press.wav
20:37:21.007 [FXGL Background Thread 3 ] DEBUG Engine               - soundMenuSelect: menu/select.wav
20:37:21.007 [FXGL Background Thread 3 ] DEBUG Engine               - soundNotification: core/notification.wav
20:37:21.007 [FXGL Background Thread 3 ] DEBUG Engine               - stageStyle: DECORATED
20:37:21.007 [FXGL Background Thread 3 ] DEBUG Engine               - supportedLanguages: [ENGLISH, FRENCH, GERMAN, HUNGARIAN, RUSSIAN]
20:37:21.007 [FXGL Background Thread 3 ] DEBUG Engine               - ticksPerSecond: -1
20:37:21.007 [FXGL Background Thread 3 ] DEBUG Engine               - title: 中国象棋 1.0
20:37:21.007 [FXGL Background Thread 3 ] DEBUG Engine               - urlGithub: https://github.com/AlmasB/FXGL
20:37:21.007 [FXGL Background Thread 3 ] DEBUG Engine               - urlLeaderboard: http://fxgl-top.herokuapp.com/
20:37:21.007 [FXGL Background Thread 3 ] DEBUG Engine               - urlPOM: https://raw.githubusercontent.com/AlmasB/FXGL/release/README.md
20:37:21.007 [FXGL Background Thread 3 ] DEBUG Engine               - userAppClass: class edu.sustech.xiangqi.XiangQiApp
20:37:21.007 [FXGL Background Thread 3 ] DEBUG Engine               - version: 1.0
20:37:21.007 [FXGL Background Thread 3 ] DEBUG Engine               - versionCheckDays: 7
20:37:21.007 [FXGL Background Thread 3 ] DEBUG Engine               - width: 1316
20:37:21.007 [FXGL Background Thread 3 ] DEBUG Engine               - Logging services
20:37:21.007 [FXGL Background Thread 3 ] DEBUG Engine               - class com.almasb.fxgl.app.services.FXGLAssetLoaderService
20:37:21.007 [FXGL Background Thread 3 ] DEBUG Engine               - class com.almasb.fxgl.app.FXGLApplication$GameApplicationService
20:37:21.007 [FXGL Background Thread 3 ] DEBUG Engine               - class com.almasb.fxgl.app.services.FXGLDialogService
20:37:21.007 [FXGL Background Thread 3 ] DEBUG Engine               - class com.almasb.fxgl.app.services.IOTaskExecutorService
20:37:21.007 [FXGL Background Thread 3 ] DEBUG Engine               - class com.almasb.fxgl.io.FileSystemService
20:37:21.007 [FXGL Background Thread 3 ] DEBUG Engine               - class com.almasb.fxgl.localization.LocalizationService
20:37:21.007 [FXGL Background Thread 3 ] DEBUG Engine               - class com.almasb.fxgl.app.services.SystemBundleService
20:37:21.007 [FXGL Background Thread 3 ] DEBUG Engine               - class com.almasb.fxgl.profile.SaveLoadService
20:37:21.007 [FXGL Background Thread 3 ] DEBUG Engine               - class com.almasb.fxgl.ui.FXGLUIFactoryServiceProvider
20:37:21.007 [FXGL Background Thread 3 ] DEBUG Engine               - class com.almasb.fxgl.ui.FXGLDialogFactoryServiceProvider
20:37:21.007 [FXGL Background Thread 3 ] DEBUG Engine               - class com.almasb.fxgl.audio.AudioPlayer
20:37:21.007 [FXGL Background Thread 3 ] DEBUG Engine               - class com.almasb.fxgl.notification.impl.NotificationServiceProvider
20:37:21.007 [FXGL Background Thread 3 ] DEBUG Engine               - class com.almasb.fxgl.achievement.AchievementService
20:37:21.007 [FXGL Background Thread 3 ] DEBUG Engine               - class com.almasb.fxgl.cutscene.CutsceneService
20:37:21.007 [FXGL Background Thread 3 ] DEBUG Engine               - class com.almasb.fxgl.minigames.MiniGameService
20:37:21.007 [FXGL Background Thread 3 ] DEBUG Engine               - class com.almasb.fxgl.net.NetService
20:37:21.007 [FXGL Background Thread 3 ] DEBUG Engine               - class com.almasb.fxgl.app.services.UpdaterService
20:37:21.007 [FXGL Background Thread 3 ] DEBUG Engine               - class com.almasb.fxgl.dev.DevService
20:37:24.686 [JavaFX Application Thread] DEBUG AudioPlayer          - Playing music com.almasb.fxgl.audio.Music@5f97fb36
20:37:25.698 [JavaFX Application Thread] DEBUG AudioPlayer          - Playing music com.almasb.fxgl.audio.Music@5f97fb36
20:37:26.462 [JavaFX Application Thread] DEBUG AudioPlayer          - Playing music com.almasb.fxgl.audio.Music@5f97fb36
20:37:26.831 [JavaFX Application Thread] DEBUG Menu                 - fireNewGame()
20:37:26.831 [JavaFX Application Thread] DEBUG GameApplicationServi - Starting new game
20:37:26.831 [JavaFX Application Thread] DEBUG PrimaryStageWindow   - Pop state: MainMenuScene
20:37:26.831 [JavaFX Application Thread] DEBUG Input                - Clearing active input actions
20:37:26.831 [JavaFX Application Thread] DEBUG GameApplicationServi - Removing overlay from MainMenuScene and adding to FXGLMainMenuDummyScene
20:37:26.831 [JavaFX Application Thread] DEBUG PrimaryStageWindow   - FXGLMainMenuDummyScene <- MainMenuScene
20:37:26.831 [JavaFX Application Thread] DEBUG Input                - Clearing active input actions
20:37:26.834 [JavaFX Application Thread] DEBUG GameApplicationServi - Removing overlay from FXGLMainMenuDummyScene and adding to FXGLLoadingScene
20:37:26.834 [JavaFX Application Thread] DEBUG PrimaryStageWindow   - FXGLMainMenuDummyScene -> FXGLLoadingScene
20:37:26.834 [JavaFX Application Thread] DEBUG GameApplicationServi - Clearing previous game
20:37:26.834 [JavaFX Application Thread] DEBUG GameScene            - Clearing game scene
20:37:26.834 [JavaFX Application Thread] DEBUG GameWorld            - Clearing game world
20:37:26.834 [JavaFX Application Thread] DEBUG PhysicsWorld         - Clearing physics world
20:37:26.836 [FXGL Background Thread 2 ] DEBUG FXGLApplication      - Initializing game
20:37:26.851 [FXGL Background Thread 2 ] DEBUG FXGLAssetLoaderServi - Loading from file system: file:/D:/Github/javaA-xiangqi-project-main-yxh-1125/target/classes/assets/textures/%e8%83%8c%e6%99%af.jpg
20:37:26.899 [FXGL Background Thread 2 ] DEBUG FXGLAssetLoaderServi - Loading from file system: file:/D:/Github/javaA-xiangqi-project-main-yxh-1125/target/classes/assets/textures/ChessBoard.png
20:37:26.920 [FXGL Background Thread 2 ] DEBUG FXGLAssetLoaderServi - Loading from file system: file:/D:/Github/javaA-xiangqi-project-main-yxh-1125/target/classes/assets/textures/BlackChariot.png
20:37:26.936 [FXGL Background Thread 2 ] DEBUG FXGLAssetLoaderServi - Loading from file system: file:/D:/Github/javaA-xiangqi-project-main-yxh-1125/target/classes/assets/textures/BlackHorse.png
20:37:26.937 [FXGL Background Thread 2 ] DEBUG FXGLAssetLoaderServi - Loading from file system: file:/D:/Github/javaA-xiangqi-project-main-yxh-1125/target/classes/assets/textures/BlackElephant.png
20:37:26.938 [FXGL Background Thread 2 ] DEBUG FXGLAssetLoaderServi - Loading from file system: file:/D:/Github/javaA-xiangqi-project-main-yxh-1125/target/classes/assets/textures/BlackAdvisor.png
20:37:26.939 [FXGL Background Thread 2 ] DEBUG FXGLAssetLoaderServi - Loading from file system: file:/D:/Github/javaA-xiangqi-project-main-yxh-1125/target/classes/assets/textures/BlackGeneral.png
20:37:26.941 [FXGL Background Thread 2 ] DEBUG FXGLAssetLoaderServi - Loading from file system: file:/D:/Github/javaA-xiangqi-project-main-yxh-1125/target/classes/assets/textures/BlackCannon.png
20:37:26.943 [FXGL Background Thread 2 ] DEBUG FXGLAssetLoaderServi - Loading from file system: file:/D:/Github/javaA-xiangqi-project-main-yxh-1125/target/classes/assets/textures/BlackSoldier.png
20:37:26.945 [FXGL Background Thread 2 ] DEBUG FXGLAssetLoaderServi - Loading from file system: file:/D:/Github/javaA-xiangqi-project-main-yxh-1125/target/classes/assets/textures/RedSoldier.png
20:37:26.948 [FXGL Background Thread 2 ] DEBUG FXGLAssetLoaderServi - Loading from file system: file:/D:/Github/javaA-xiangqi-project-main-yxh-1125/target/classes/assets/textures/RedCannon.png
20:37:26.949 [FXGL Background Thread 2 ] DEBUG FXGLAssetLoaderServi - Loading from file system: file:/D:/Github/javaA-xiangqi-project-main-yxh-1125/target/classes/assets/textures/RedChariot.png
20:37:26.951 [FXGL Background Thread 2 ] DEBUG FXGLAssetLoaderServi - Loading from file system: file:/D:/Github/javaA-xiangqi-project-main-yxh-1125/target/classes/assets/textures/RedHorse.png
20:37:26.952 [FXGL Background Thread 2 ] DEBUG FXGLAssetLoaderServi - Loading from file system: file:/D:/Github/javaA-xiangqi-project-main-yxh-1125/target/classes/assets/textures/RedElephant.png
20:37:26.953 [FXGL Background Thread 2 ] DEBUG FXGLAssetLoaderServi - Loading from file system: file:/D:/Github/javaA-xiangqi-project-main-yxh-1125/target/classes/assets/textures/RedAdvisor.png
20:37:26.955 [FXGL Background Thread 2 ] DEBUG FXGLAssetLoaderServi - Loading from file system: file:/D:/Github/javaA-xiangqi-project-main-yxh-1125/target/classes/assets/textures/RedGeneral.png
20:37:26.969 [FXGL Background Thread 2 ] INFO  FXGLApplication      - Game initialization took: 0.133 sec
20:37:26.970 [JavaFX Application Thread] DEBUG Input                - Clearing active input actions
20:37:26.973 [JavaFX Application Thread] DEBUG GameApplicationServi - Removing overlay from FXGLLoadingScene and adding to GameScene
20:37:26.973 [JavaFX Application Thread] DEBUG PrimaryStageWindow   - FXGLLoadingScene -> GameScene
20:37:27.779 [JavaFX Application Thread] DEBUG AudioPlayer          - Playing music com.almasb.fxgl.audio.Music@5f97fb36
20:37:28.148 [JavaFX Application Thread] DEBUG PrimaryStageWindow   - Push state: InGameMenuScene
20:37:28.148 [JavaFX Application Thread] DEBUG Input                - Clearing active input actions
20:37:28.148 [JavaFX Application Thread] DEBUG GameApplicationServi - Removing overlay from GameScene and adding to InGameMenuScene
20:37:28.148 [JavaFX Application Thread] DEBUG PrimaryStageWindow   - GameScene -> InGameMenuScene
20:37:28.474 [JavaFX Application Thread] DEBUG AudioPlayer          - Playing music com.almasb.fxgl.audio.Music@5f97fb36
20:37:28.787 [JavaFX Application Thread] DEBUG Menu                 - fireExitToMainMenu()
20:37:28.791 [JavaFX Application Thread] DEBUG PrimaryStageWindow   - Push state: DialogSubScene
20:37:28.791 [JavaFX Application Thread] DEBUG Input                - Clearing active input actions
20:37:28.791 [JavaFX Application Thread] DEBUG GameApplicationServi - Removing overlay from InGameMenuScene and adding to DialogSubScene
20:37:28.791 [JavaFX Application Thread] DEBUG PrimaryStageWindow   - InGameMenuScene -> DialogSubScene
20:37:29.380 [JavaFX Application Thread] DEBUG PrimaryStageWindow   - Pop state: DialogSubScene
20:37:29.380 [JavaFX Application Thread] DEBUG Input                - Clearing active input actions
20:37:29.380 [JavaFX Application Thread] DEBUG GameApplicationServi - Removing overlay from DialogSubScene and adding to InGameMenuScene
20:37:29.380 [JavaFX Application Thread] DEBUG PrimaryStageWindow   - InGameMenuScene <- DialogSubScene
20:37:29.380 [JavaFX Application Thread] DEBUG PrimaryStageWindow   - Pop state: InGameMenuScene
20:37:29.380 [JavaFX Application Thread] DEBUG Input                - Clearing active input actions
20:37:29.380 [JavaFX Application Thread] DEBUG GameApplicationServi - Removing overlay from InGameMenuScene and adding to GameScene
20:37:29.380 [JavaFX Application Thread] DEBUG PrimaryStageWindow   - GameScene <- InGameMenuScene
20:37:29.380 [JavaFX Application Thread] DEBUG Input                - Clearing active input actions
20:37:29.382 [JavaFX Application Thread] DEBUG GameApplicationServi - Removing overlay from GameScene and adding to FXGLMainMenuDummyScene
20:37:29.383 [JavaFX Application Thread] DEBUG PrimaryStageWindow   - GameScene -> FXGLMainMenuDummyScene
20:37:29.383 [JavaFX Application Thread] DEBUG PrimaryStageWindow   - Push state: MainMenuScene
20:37:29.383 [JavaFX Application Thread] DEBUG Input                - Clearing active input actions
20:37:29.383 [JavaFX Application Thread] DEBUG GameApplicationServi - Removing overlay from FXGLMainMenuDummyScene and adding to MainMenuScene
20:37:29.383 [JavaFX Application Thread] DEBUG PrimaryStageWindow   - FXGLMainMenuDummyScene -> MainMenuScene
20:37:29.384 [JavaFX Application Thread] DEBUG AudioPlayer          - Playing music com.almasb.fxgl.audio.Music@5f97fb36
20:37:29.617 [JavaFX Application Thread] DEBUG AudioPlayer          - Playing music com.almasb.fxgl.audio.Music@5f97fb36
20:37:30.260 [JavaFX Application Thread] DEBUG Menu                 - fireNewGame()
20:37:30.260 [JavaFX Application Thread] DEBUG GameApplicationServi - Starting new game
20:37:30.260 [JavaFX Application Thread] DEBUG PrimaryStageWindow   - Pop state: MainMenuScene
20:37:30.260 [JavaFX Application Thread] DEBUG Input                - Clearing active input actions
20:37:30.260 [JavaFX Application Thread] DEBUG GameApplicationServi - Removing overlay from MainMenuScene and adding to FXGLMainMenuDummyScene
20:37:30.260 [JavaFX Application Thread] DEBUG PrimaryStageWindow   - FXGLMainMenuDummyScene <- MainMenuScene
20:37:30.260 [JavaFX Application Thread] DEBUG Input                - Clearing active input actions
20:37:30.262 [JavaFX Application Thread] DEBUG GameApplicationServi - Removing overlay from FXGLMainMenuDummyScene and adding to FXGLLoadingScene
20:37:30.262 [JavaFX Application Thread] DEBUG PrimaryStageWindow   - FXGLMainMenuDummyScene -> FXGLLoadingScene
20:37:30.262 [JavaFX Application Thread] DEBUG GameApplicationServi - Clearing previous game
20:37:30.262 [JavaFX Application Thread] DEBUG GameScene            - Clearing game scene
20:37:30.262 [JavaFX Application Thread] DEBUG GameWorld            - Clearing game world
20:37:30.268 [JavaFX Application Thread] DEBUG PhysicsWorld         - Clearing physics world
20:37:30.268 [FXGL Background Thread 2 ] DEBUG FXGLApplication      - Initializing game
20:37:30.272 [FXGL Background Thread 2 ] INFO  FXGLApplication      - Game initialization took: 0.004 sec
20:37:30.272 [JavaFX Application Thread] DEBUG Input                - Clearing active input actions
20:37:30.274 [JavaFX Application Thread] DEBUG GameApplicationServi - Removing overlay from FXGLLoadingScene and adding to GameScene
20:37:30.274 [JavaFX Application Thread] DEBUG PrimaryStageWindow   - FXGLLoadingScene -> GameScene
20:37:30.658 [JavaFX Application Thread] DEBUG PrimaryStageWindow   - Push state: InGameMenuScene
20:37:30.658 [JavaFX Application Thread] DEBUG Input                - Clearing active input actions
20:37:30.658 [JavaFX Application Thread] DEBUG GameApplicationServi - Removing overlay from GameScene and adding to InGameMenuScene
20:37:30.658 [JavaFX Application Thread] DEBUG PrimaryStageWindow   - GameScene -> InGameMenuScene
20:37:30.659 [JavaFX Application Thread] DEBUG AudioPlayer          - Playing music com.almasb.fxgl.audio.Music@5f97fb36
20:37:30.864 [JavaFX Application Thread] DEBUG AudioPlayer          - Playing music com.almasb.fxgl.audio.Music@5f97fb36
20:37:31.060 [JavaFX Application Thread] DEBUG AudioPlayer          - Playing music com.almasb.fxgl.audio.Music@5f97fb36
20:37:31.330 [JavaFX Application Thread] DEBUG Menu                 - fireExitToMainMenu()
20:37:31.330 [JavaFX Application Thread] DEBUG PrimaryStageWindow   - Push state: DialogSubScene
20:37:31.330 [JavaFX Application Thread] DEBUG Input                - Clearing active input actions
20:37:31.331 [JavaFX Application Thread] DEBUG GameApplicationServi - Removing overlay from InGameMenuScene and adding to DialogSubScene
20:37:31.331 [JavaFX Application Thread] DEBUG PrimaryStageWindow   - InGameMenuScene -> DialogSubScene
20:37:31.955 [JavaFX Application Thread] DEBUG PrimaryStageWindow   - Pop state: DialogSubScene
20:37:31.955 [JavaFX Application Thread] DEBUG Input                - Clearing active input actions
20:37:31.955 [JavaFX Application Thread] DEBUG GameApplicationServi - Removing overlay from DialogSubScene and adding to InGameMenuScene
20:37:31.955 [JavaFX Application Thread] DEBUG PrimaryStageWindow   - InGameMenuScene <- DialogSubScene
20:37:31.955 [JavaFX Application Thread] DEBUG PrimaryStageWindow   - Pop state: InGameMenuScene
20:37:31.955 [JavaFX Application Thread] DEBUG Input                - Clearing active input actions
20:37:31.955 [JavaFX Application Thread] DEBUG GameApplicationServi - Removing overlay from InGameMenuScene and adding to GameScene
20:37:31.955 [JavaFX Application Thread] DEBUG PrimaryStageWindow   - GameScene <- InGameMenuScene
20:37:31.955 [JavaFX Application Thread] DEBUG Input                - Clearing active input actions
20:37:31.957 [JavaFX Application Thread] DEBUG GameApplicationServi - Removing overlay from GameScene and adding to FXGLMainMenuDummyScene
20:37:31.957 [JavaFX Application Thread] DEBUG PrimaryStageWindow   - GameScene -> FXGLMainMenuDummyScene
20:37:31.957 [JavaFX Application Thread] DEBUG PrimaryStageWindow   - Push state: MainMenuScene
20:37:31.957 [JavaFX Application Thread] DEBUG Input                - Clearing active input actions
20:37:31.957 [JavaFX Application Thread] DEBUG GameApplicationServi - Removing overlay from FXGLMainMenuDummyScene and adding to MainMenuScene
20:37:31.957 [JavaFX Application Thread] DEBUG PrimaryStageWindow   - FXGLMainMenuDummyScene -> MainMenuScene
20:37:31.958 [JavaFX Application Thread] DEBUG AudioPlayer          - Playing music com.almasb.fxgl.audio.Music@5f97fb36
20:37:33.894 [JavaFX Application Thread] DEBUG AudioPlayer          - Playing music com.almasb.fxgl.audio.Music@5f97fb36
20:38:26.123 [JavaFX Application Thread] DEBUG AudioPlayer          - Playing music com.almasb.fxgl.audio.Music@5f97fb36
20:38:26.379 [JavaFX Application Thread] DEBUG Menu                 - fireNewGame()
20:38:26.379 [JavaFX Application Thread] DEBUG GameApplicationServi - Starting new game
20:38:26.379 [JavaFX Application Thread] DEBUG PrimaryStageWindow   - Pop state: MainMenuScene
20:38:26.379 [JavaFX Application Thread] DEBUG Input                - Clearing active input actions
20:38:26.379 [JavaFX Application Thread] DEBUG GameApplicationServi - Removing overlay from MainMenuScene and adding to FXGLMainMenuDummyScene
20:38:26.379 [JavaFX Application Thread] DEBUG PrimaryStageWindow   - FXGLMainMenuDummyScene <- MainMenuScene
20:38:26.379 [JavaFX Application Thread] DEBUG Input                - Clearing active input actions
20:38:26.382 [JavaFX Application Thread] DEBUG GameApplicationServi - Removing overlay from FXGLMainMenuDummyScene and adding to FXGLLoadingScene
20:38:26.382 [JavaFX Application Thread] DEBUG PrimaryStageWindow   - FXGLMainMenuDummyScene -> FXGLLoadingScene
20:38:26.382 [JavaFX Application Thread] DEBUG GameApplicationServi - Clearing previous game
20:38:26.382 [JavaFX Application Thread] DEBUG GameScene            - Clearing game scene
20:38:26.382 [JavaFX Application Thread] DEBUG GameWorld            - Clearing game world
20:38:26.382 [JavaFX Application Thread] DEBUG PhysicsWorld         - Clearing physics world
20:38:26.383 [FXGL Background Thread 2 ] DEBUG FXGLApplication      - Initializing game
20:38:26.389 [FXGL Background Thread 2 ] INFO  FXGLApplication      - Game initialization took: 0.006 sec
20:38:26.391 [JavaFX Application Thread] DEBUG Input                - Clearing active input actions
20:38:26.392 [JavaFX Application Thread] DEBUG GameApplicationServi - Removing overlay from FXGLLoadingScene and adding to GameScene
20:38:26.392 [JavaFX Application Thread] DEBUG PrimaryStageWindow   - FXGLLoadingScene -> GameScene
20:38:27.299 [JavaFX Application Thread] DEBUG AudioPlayer          - Playing music com.almasb.fxgl.audio.Music@5f97fb36
20:38:28.187 [JavaFX Application Thread] DEBUG AudioPlayer          - Playing music com.almasb.fxgl.audio.Music@5f97fb36
20:38:28.503 [JavaFX Application Thread] DEBUG PrimaryStageWindow   - Push state: DialogSubScene
20:38:28.503 [JavaFX Application Thread] DEBUG Input                - Clearing active input actions
20:38:28.504 [JavaFX Application Thread] DEBUG GameApplicationServi - Removing overlay from GameScene and adding to DialogSubScene
20:38:28.504 [JavaFX Application Thread] DEBUG PrimaryStageWindow   - GameScene -> DialogSubScene
20:38:30.665 [JavaFX Application Thread] DEBUG PrimaryStageWindow   - Pop state: DialogSubScene
20:38:30.665 [JavaFX Application Thread] DEBUG Input                - Clearing active input actions
20:38:30.665 [JavaFX Application Thread] DEBUG GameApplicationServi - Removing overlay from DialogSubScene and adding to GameScene
20:38:30.665 [JavaFX Application Thread] DEBUG PrimaryStageWindow   - GameScene <- DialogSubScene
20:38:30.677 [JavaFX Application Thread] DEBUG PrimaryStageWindow   - Push state: DialogSubScene
20:38:30.677 [JavaFX Application Thread] DEBUG Input                - Clearing active input actions
20:38:30.678 [JavaFX Application Thread] DEBUG GameApplicationServi - Removing overlay from GameScene and adding to DialogSubScene
20:38:30.678 [JavaFX Application Thread] DEBUG PrimaryStageWindow   - GameScene -> DialogSubScene
20:38:31.182 [JavaFX Application Thread] DEBUG PrimaryStageWindow   - Pop state: DialogSubScene
20:38:31.182 [JavaFX Application Thread] DEBUG Input                - Clearing active input actions
20:38:31.183 [JavaFX Application Thread] DEBUG GameApplicationServi - Removing overlay from DialogSubScene and adding to GameScene
20:38:31.183 [JavaFX Application Thread] DEBUG PrimaryStageWindow   - GameScene <- DialogSubScene
20:38:31.680 [JavaFX Application Thread] DEBUG FXGLAssetLoaderServi - Loading from file system: file:/D:/Github/javaA-xiangqi-project-main-yxh-1125/target/classes/assets/textures/%e9%80%89%e4%b8%ad.png
20:38:56.037 [JavaFX Application Thread] DEBUG AudioPlayer          - Playing music com.almasb.fxgl.audio.Music@5f97fb36
20:38:56.378 [JavaFX Application Thread] DEBUG AudioPlayer          - Playing music com.almasb.fxgl.audio.Music@5f97fb36
20:39:09.527 [JavaFX Application Thread] DEBUG AudioPlayer          - Playing music com.almasb.fxgl.audio.Music@5f97fb36
20:39:11.292 [JavaFX Application Thread] DEBUG AudioPlayer          - Playing music com.almasb.fxgl.audio.Music@5f97fb36
20:40:01.208 [JavaFX Application Thread] DEBUG AudioPlayer          - Playing music com.almasb.fxgl.audio.Music@5f97fb36
20:40:01.258 [JavaFX Application Thread] DEBUG AudioPlayer          - Playing music com.almasb.fxgl.audio.Music@5f97fb36
20:40:02.529 [JavaFX Application Thread] DEBUG AudioPlayer          - Playing music com.almasb.fxgl.audio.Music@5f97fb36
20:40:15.152 [JavaFX Application Thread] DEBUG AudioPlayer          - Playing music com.almasb.fxgl.audio.Music@5f97fb36
20:40:18.007 [JavaFX Application Thread] DEBUG AudioPlayer          - Playing music com.almasb.fxgl.audio.Music@5f97fb36
20:40:30.016 [JavaFX Application Thread] DEBUG AudioPlayer          - Playing music com.almasb.fxgl.audio.Music@5f97fb36
20:41:02.564 [JavaFX Application Thread] DEBUG AudioPlayer          - Playing music com.almasb.fxgl.audio.Music@5f97fb36
20:41:02.634 [JavaFX Application Thread] DEBUG AudioPlayer          - Playing music com.almasb.fxgl.audio.Music@5f97fb36
20:41:03.106 [JavaFX Application Thread] DEBUG AudioPlayer          - Playing music com.almasb.fxgl.audio.Music@5f97fb36
20:41:03.826 [JavaFX Application Thread] DEBUG AudioPlayer          - Playing music com.almasb.fxgl.audio.Music@5f97fb36
20:41:05.842 [JavaFX Application Thread] DEBUG AudioPlayer          - Playing music com.almasb.fxgl.audio.Music@5f97fb36
20:41:11.885 [JavaFX Application Thread] DEBUG AudioPlayer          - Playing music com.almasb.fxgl.audio.Music@5f97fb36
20:41:16.586 [JavaFX Application Thread] DEBUG AudioPlayer          - Playing music com.almasb.fxgl.audio.Music@5f97fb36
20:41:19.071 [JavaFX Application Thread] DEBUG AudioPlayer          - Playing music com.almasb.fxgl.audio.Music@5f97fb36
20:41:20.897 [JavaFX Application Thread] DEBUG AudioPlayer          - Playing music com.almasb.fxgl.audio.Music@5f97fb36
20:41:34.997 [JavaFX Application Thread] DEBUG AudioPlayer          - Playing music com.almasb.fxgl.audio.Music@5f97fb36
20:41:35.133 [JavaFX Application Thread] DEBUG AudioPlayer          - Playing music com.almasb.fxgl.audio.Music@5f97fb36
20:41:35.153 [JavaFX Application Thread] DEBUG AudioPlayer          - Playing music com.almasb.fxgl.audio.Music@5f97fb36
20:41:39.259 [JavaFX Application Thread] DEBUG AudioPlayer          - Playing music com.almasb.fxgl.audio.Music@5f97fb36
20:41:39.267 [JavaFX Application Thread] DEBUG AudioPlayer          - Playing music com.almasb.fxgl.audio.Music@5f97fb36
20:41:39.724 [JavaFX Application Thread] DEBUG AudioPlayer          - Playing music com.almasb.fxgl.audio.Music@5f97fb36
20:41:48.900 [JavaFX Application Thread] DEBUG AudioPlayer          - Playing music com.almasb.fxgl.audio.Music@5f97fb36
20:41:49.031 [JavaFX Application Thread] DEBUG AudioPlayer          - Playing music com.almasb.fxgl.audio.Music@5f97fb36
20:42:09.454 [JavaFX Application Thread] DEBUG AudioPlayer          - Playing music com.almasb.fxgl.audio.Music@5f97fb36
20:42:16.393 [JavaFX Application Thread] DEBUG AudioPlayer          - Playing music com.almasb.fxgl.audio.Music@5f97fb36
20:42:16.416 [JavaFX Application Thread] DEBUG AudioPlayer          - Playing music com.almasb.fxgl.audio.Music@5f97fb36
20:42:18.680 [JavaFX Application Thread] DEBUG AudioPlayer          - Playing music com.almasb.fxgl.audio.Music@5f97fb36
20:42:20.731 [JavaFX Application Thread] DEBUG AudioPlayer          - Playing music com.almasb.fxgl.audio.Music@5f97fb36
20:42:21.007 [JavaFX Application Thread] DEBUG AudioPlayer          - Playing music com.almasb.fxgl.audio.Music@5f97fb36
20:42:21.398 [JavaFX Application Thread] DEBUG AudioPlayer          - Playing music com.almasb.fxgl.audio.Music@5f97fb36
20:42:30.323 [JavaFX Application Thread] DEBUG AudioPlayer          - Playing music com.almasb.fxgl.audio.Music@5f97fb36
20:42:33.540 [JavaFX Application Thread] DEBUG AudioPlayer          - Playing music com.almasb.fxgl.audio.Music@5f97fb36
20:42:35.868 [JavaFX Application Thread] DEBUG AudioPlayer          - Playing music com.almasb.fxgl.audio.Music@5f97fb36
20:42:37.600 [JavaFX Application Thread] DEBUG AudioPlayer          - Playing music com.almasb.fxgl.audio.Music@5f97fb36
20:42:39.282 [JavaFX Application Thread] DEBUG AudioPlayer          - Playing music com.almasb.fxgl.audio.Music@5f97fb36
20:42:44.662 [JavaFX Application Thread] DEBUG AudioPlayer          - Playing music com.almasb.fxgl.audio.Music@5f97fb36
20:42:46.208 [JavaFX Application Thread] DEBUG AudioPlayer          - Playing music com.almasb.fxgl.audio.Music@5f97fb36
20:42:46.261 [JavaFX Application Thread] DEBUG AudioPlayer          - Playing music com.almasb.fxgl.audio.Music@5f97fb36
20:42:47.949 [JavaFX Application Thread] DEBUG AudioPlayer          - Playing music com.almasb.fxgl.audio.Music@5f97fb36
20:42:49.528 [JavaFX Application Thread] DEBUG AudioPlayer          - Playing music com.almasb.fxgl.audio.Music@5f97fb36
20:42:51.305 [JavaFX Application Thread] DEBUG AudioPlayer          - Playing music com.almasb.fxgl.audio.Music@5f97fb36
20:42:55.733 [JavaFX Application Thread] DEBUG FXGLApplication      - Exiting FXGL
20:42:55.733 [JavaFX Application Thread] DEBUG LoopRunner           - Stopping loop
20:42:55.733 [JavaFX Application Thread] DEBUG SystemBundleService  - Saving FXGL system data
20:42:55.734 [JavaFX Application Thread] DEBUG FileSystemAccess     - Writing to: D:\Github\javaA-xiangqi-project-main-yxh-1125\system\fxgl.bundle
20:42:55.734 [JavaFX Application Thread] DEBUG Async                - Shutting down background threads
20:42:55.735 [JavaFX Application Thread] DEBUG PrimaryStageWindow   - Closing main window
20:42:55.763 [JavaFX Application Thread] DEBUG Logger               - Closing Logger
