23:42:12.560 [main                     ] DEBUG Logger               - Configured Logger
23:42:12.577 [main                     ] DEBUG GameApplication      - Logging settings
Title: 中国象棋 1.0
Version: 1.0
Width: 1316
Height: 1007
Fullscreen: false
Intro: false
Profiling: false
Single step:false
App Mode: DEVELOPER
Menu Key: ESCAPE
Stage Style: DECORATED
Scene Factory: class edu.sustech.xiangqi.XiangQiApp$1

23:42:13.003 [JavaFX Application Thread] DEBUG FXGLApplication      - Initializing FXGL
23:42:13.005 [JavaFX Application Thread] INFO  Engine               - FXGL-21.1 (27.03.2024 07.52) on WINDOWS (J:23.0.1 FX:21.0.1)
23:42:13.005 [JavaFX Application Thread] DEBUG Engine               - JRE Vendor Name: Oracle Corporation
23:42:13.005 [JavaFX Application Thread] DEBUG Engine               - Running on OS: Windows 11 version 10.0
23:42:13.005 [JavaFX Application Thread] DEBUG Engine               - Architecture: amd64
23:42:13.005 [JavaFX Application Thread] INFO  Engine               - Source code and latest versions at: https://github.com/AlmasB/FXGL
23:42:13.005 [JavaFX Application Thread] INFO  Engine               -       Ask questions and discuss at: https://github.com/AlmasB/FXGL/discussions
23:42:13.005 [JavaFX Application Thread] INFO  Engine               -              Join the FXGL chat at: https://gitter.im/AlmasB/FXGL
23:42:13.087 [JavaFX Application Thread] DEBUG PrimaryStageWindow   - Creating a JavaFX scene
23:42:13.129 [JavaFX Application Thread] DEBUG PrimaryStageWindow   - Target settings size: 1316.0 x 1007.0
23:42:13.129 [JavaFX Application Thread] DEBUG PrimaryStageWindow   - Scaled scene size:    1316.0 x 1007.0
23:42:13.129 [JavaFX Application Thread] DEBUG PrimaryStageWindow   - Scaled ratio: (1.0, 1.0)
23:42:13.130 [JavaFX Application Thread] DEBUG PrimaryStageWindow   - Set initial scene to FXGLStartupScene
23:42:13.131 [JavaFX Application Thread] DEBUG PrimaryStageWindow   - Opening main window
23:42:13.258 [JavaFX Application Thread] DEBUG PrimaryStageWindow   - Window border size: (14.6666259765625, 37.6666259765625)
23:42:13.258 [JavaFX Application Thread] DEBUG PrimaryStageWindow   - Scaled size: 1316.0 x 1007.0
23:42:13.258 [JavaFX Application Thread] DEBUG PrimaryStageWindow   - Scaled ratio: (1.0, 1.0)
23:42:13.258 [JavaFX Application Thread] DEBUG PrimaryStageWindow   - Scene size: 1316.0 x 1007.0
23:42:13.258 [JavaFX Application Thread] DEBUG PrimaryStageWindow   - Stage size: 1330.6666259765625 x 1044.6666259765625
23:42:13.262 [FXGL Background Thread 1 ] DEBUG Engine               - Initializing environment variables
23:42:13.292 [FXGL Background Thread 1 ] DEBUG FXGLAssetLoaderServi - User app class for loading assets: class edu.sustech.xiangqi.XiangQiApp
23:42:13.293 [FXGL Background Thread 1 ] DEBUG GameApplicationServi - Applying CSS: fxgl_dark.css
23:42:13.293 [FXGL Background Thread 1 ] DEBUG FXGLAssetLoaderServi - Loading from file system: jar:file:/C:/Users/20140/.m2/repository/com/github/almasb/fxgl/21.1/fxgl-21.1.jar!/fxglassets/ui/css/fxgl_dark.css
23:42:13.317 [FXGL Background Thread 1 ] DEBUG GameApplicationServi - Initializing application scenes
23:42:13.399 [FXGL Background Thread 1 ] DEBUG GameWorld            - Game world initialized
23:42:13.426 [FXGL Background Thread 1 ] DEBUG PhysicsWorld         - Physics world initialized: appHeight=1007, physics.ppm=50.0
23:42:13.427 [FXGL Background Thread 1 ] DEBUG PhysicsWorld         - Using strategy: BRUTE_FORCE
23:42:13.429 [FXGL Background Thread 1 ] DEBUG GameScene            - Game scene initialized: 1316x1007
23:42:13.435 [FXGL Background Thread 1 ] DEBUG FXGLAssetLoaderServi - Loading from file system: file:/D:/Github/javaA-xiangqi-project-main-yxh-1125/target/classes/assets/ui/fonts/HYPixel11pxU-2.ttf
23:42:13.460 [FXGL Background Thread 1 ] DEBUG FXGLAssetLoaderServi - Loading from file system: file:/D:/Github/javaA-xiangqi-project-main-yxh-1125/target/classes/assets/textures/Button1.png
23:42:13.474 [FXGL Background Thread 1 ] DEBUG FXGLAssetLoaderServi - Loading from file system: file:/D:/Github/javaA-xiangqi-project-main-yxh-1125/target/classes/assets/textures/Press.png
23:42:13.496 [FXGL Background Thread 1 ] DEBUG GameApplicationServi - Application scenes initialized
23:42:13.501 [FXGL Background Thread 1 ] DEBUG SystemBundleService  - Loading FXGL system data
23:42:13.503 [FXGL Background Thread 1 ] DEBUG FileSystemAccess     - Reading from: D:\Github\javaA-xiangqi-project-main-yxh-1125\system\fxgl.bundle
23:42:13.503 [FXGL Background Thread 1 ] DEBUG SystemBundleService  - Bundle FXGL: {}
23:42:13.504 [FXGL Background Thread 1 ] DEBUG UpdaterService       - Checking for updates
23:42:13.507 [FXGL Background Thread 4 ] DEBUG FXGLApplication      - Loading fonts
23:42:13.507 [FXGL Background Thread 4 ] DEBUG FXGLAssetLoaderServi - Loading from file system: jar:file:/C:/Users/20140/.m2/repository/com/github/almasb/fxgl/21.1/fxgl-21.1.jar!/fxglassets/ui/fonts/VarelaRound-Regular.ttf
23:42:13.507 [FXGL Background Thread 1 ] DEBUG FXGLApplication      - Loading default localization
23:42:13.507 [FXGL Background Thread 1 ] DEBUG FXGLAssetLoaderServi - Loading from file system: jar:file:/C:/Users/20140/.m2/repository/com/github/almasb/fxgl/21.1/fxgl-21.1.jar!/fxglassets/languages/english.lang
23:42:13.518 [FXGL Background Thread 4 ] DEBUG FXGLAssetLoaderServi - Loading from file system: jar:file:/C:/Users/20140/.m2/repository/com/github/almasb/fxgl/21.1/fxgl-21.1.jar!/fxglassets/ui/fonts/Abel-Regular.ttf
23:42:13.526 [FXGL Background Thread 4 ] DEBUG FXGLAssetLoaderServi - Loading from file system: jar:file:/C:/Users/20140/.m2/repository/com/github/almasb/fxgl/21.1/fxgl-21.1.jar!/fxglassets/ui/fonts/TerminalLandMono-Regular.otf
23:42:13.531 [FXGL Background Thread 1 ] INFO  FXGLApplication      - FXGL initialization took: 0.269 sec
23:42:13.535 [FXGL Background Thread 4 ] DEBUG FXGLAssetLoaderServi - Loading from file system: jar:file:/C:/Users/20140/.m2/repository/com/github/almasb/fxgl/21.1/fxgl-21.1.jar!/fxglassets/ui/fonts/Courier-Prime.ttf
23:42:13.540 [JavaFX Application Thread] DEBUG Input                - Registered new binding: Click - LMB
23:42:13.544 [JavaFX Application Thread] DEBUG FXGLAssetLoaderServi - Loading from file system: jar:file:/C:/Users/20140/.m2/repository/com/github/almasb/fxgl/21.1/fxgl-21.1.jar!/fxglassets/textures/fxgl_icon.png
23:42:13.557 [JavaFX Application Thread] DEBUG FXGLAssetLoaderServi - Loading from file system: jar:file:/C:/Users/20140/.m2/repository/com/github/almasb/fxgl/21.1/fxgl-21.1.jar!/fxglassets/textures/fxgl_default_cursor.png
23:42:13.566 [JavaFX Application Thread] DEBUG Input                - Registered new binding: Screenshot - CTRL+8
23:42:13.567 [JavaFX Application Thread] DEBUG Input                - Registered new binding: System info dump - CTRL+9
23:42:13.567 [JavaFX Application Thread] DEBUG Input                - Registered new binding: Restart - CTRL+R
23:42:13.569 [JavaFX Application Thread] DEBUG Input                - Registered new binding: Toggle Debug Camera - CTRL+7
23:42:13.574 [JavaFX Application Thread] DEBUG LoopRunner           - Starting loop
23:42:13.574 [JavaFX Application Thread] DEBUG LoopRunner           - Initializing JavaFX AnimationTimerLoop
23:42:13.579 [JavaFX Application Thread] DEBUG Input                - Clearing active input actions
23:42:13.583 [JavaFX Application Thread] DEBUG GameApplicationServi - Removing overlay from FXGLStartupScene and adding to FXGLMainMenuDummyScene
23:42:13.583 [JavaFX Application Thread] DEBUG PrimaryStageWindow   - FXGLStartupScene -> FXGLMainMenuDummyScene
23:42:13.583 [JavaFX Application Thread] DEBUG PrimaryStageWindow   - Push state: MainMenuScene
23:42:13.584 [JavaFX Application Thread] DEBUG Input                - Clearing active input actions
23:42:13.589 [JavaFX Application Thread] DEBUG GameApplicationServi - Removing overlay from FXGLMainMenuDummyScene and adding to MainMenuScene
23:42:13.589 [JavaFX Application Thread] DEBUG PrimaryStageWindow   - FXGLMainMenuDummyScene -> MainMenuScene
23:42:13.638 [JavaFX Application Thread] DEBUG FXGLAssetLoaderServi - Loading from file system: file:/D:/Github/javaA-xiangqi-project-main-yxh-1125/target/classes/assets/music/%e6%8c%89%e9%92%ae%e9%9f%b3%e6%95%881.mp3
23:42:13.728 [JavaFX Application Thread] DEBUG AudioPlayer          - Playing music com.almasb.fxgl.audio.Music@53e592fa
23:42:13.729 [JavaFX Application Thread] DEBUG FXGLApplication      - Registering font factories with UI factory
23:42:14.072 [JavaFX Application Thread] DEBUG AudioPlayer          - Playing music com.almasb.fxgl.audio.Music@53e592fa
23:42:14.309 [JavaFX Application Thread] DEBUG AudioPlayer          - Playing music com.almasb.fxgl.audio.Music@53e592fa
23:42:14.702 [JavaFX Application Thread] DEBUG AudioPlayer          - Playing music com.almasb.fxgl.audio.Music@53e592fa
23:42:14.934 [JavaFX Application Thread] DEBUG Menu                 - fireNewGame()
23:42:14.935 [JavaFX Application Thread] DEBUG GameApplicationServi - Starting new game
23:42:14.935 [JavaFX Application Thread] DEBUG PrimaryStageWindow   - Pop state: MainMenuScene
23:42:14.935 [JavaFX Application Thread] DEBUG Input                - Clearing active input actions
23:42:14.935 [JavaFX Application Thread] DEBUG GameApplicationServi - Removing overlay from MainMenuScene and adding to FXGLMainMenuDummyScene
23:42:14.935 [JavaFX Application Thread] DEBUG PrimaryStageWindow   - FXGLMainMenuDummyScene <- MainMenuScene
23:42:14.935 [JavaFX Application Thread] DEBUG Input                - Clearing active input actions
23:42:14.941 [JavaFX Application Thread] DEBUG GameApplicationServi - Removing overlay from FXGLMainMenuDummyScene and adding to FXGLLoadingScene
23:42:14.941 [JavaFX Application Thread] DEBUG PrimaryStageWindow   - FXGLMainMenuDummyScene -> FXGLLoadingScene
23:42:14.941 [JavaFX Application Thread] DEBUG GameApplicationServi - Clearing previous game
23:42:14.941 [JavaFX Application Thread] DEBUG GameScene            - Clearing game scene
23:42:14.941 [JavaFX Application Thread] DEBUG GameWorld            - Clearing game world
23:42:14.941 [JavaFX Application Thread] DEBUG PhysicsWorld         - Clearing physics world
23:42:14.944 [FXGL Background Thread 4 ] DEBUG FXGLApplication      - Initializing game
23:42:14.962 [FXGL Background Thread 4 ] DEBUG FXGLAssetLoaderServi - Loading from file system: file:/D:/Github/javaA-xiangqi-project-main-yxh-1125/target/classes/assets/textures/%e8%83%8c%e6%99%af.jpg
23:42:15.023 [FXGL Background Thread 4 ] DEBUG FXGLAssetLoaderServi - Loading from file system: file:/D:/Github/javaA-xiangqi-project-main-yxh-1125/target/classes/assets/textures/ChessBoard.png
23:42:15.050 [FXGL Background Thread 4 ] DEBUG FXGLAssetLoaderServi - Loading from file system: file:/D:/Github/javaA-xiangqi-project-main-yxh-1125/target/classes/assets/textures/BlackChariot.png
23:42:15.064 [FXGL Background Thread 4 ] DEBUG FXGLAssetLoaderServi - Loading from file system: file:/D:/Github/javaA-xiangqi-project-main-yxh-1125/target/classes/assets/textures/BlackHorse.png
23:42:15.066 [FXGL Background Thread 4 ] DEBUG FXGLAssetLoaderServi - Loading from file system: file:/D:/Github/javaA-xiangqi-project-main-yxh-1125/target/classes/assets/textures/BlackElephant.png
23:42:15.068 [FXGL Background Thread 4 ] DEBUG FXGLAssetLoaderServi - Loading from file system: file:/D:/Github/javaA-xiangqi-project-main-yxh-1125/target/classes/assets/textures/BlackAdvisor.png
23:42:15.069 [FXGL Background Thread 4 ] DEBUG FXGLAssetLoaderServi - Loading from file system: file:/D:/Github/javaA-xiangqi-project-main-yxh-1125/target/classes/assets/textures/BlackGeneral.png
23:42:15.073 [FXGL Background Thread 4 ] DEBUG FXGLAssetLoaderServi - Loading from file system: file:/D:/Github/javaA-xiangqi-project-main-yxh-1125/target/classes/assets/textures/BlackCannon.png
23:42:15.074 [FXGL Background Thread 4 ] DEBUG FXGLAssetLoaderServi - Loading from file system: file:/D:/Github/javaA-xiangqi-project-main-yxh-1125/target/classes/assets/textures/BlackSoldier.png
23:42:15.077 [FXGL Background Thread 4 ] DEBUG FXGLAssetLoaderServi - Loading from file system: file:/D:/Github/javaA-xiangqi-project-main-yxh-1125/target/classes/assets/textures/RedSoldier.png
23:42:15.080 [FXGL Background Thread 4 ] DEBUG FXGLAssetLoaderServi - Loading from file system: file:/D:/Github/javaA-xiangqi-project-main-yxh-1125/target/classes/assets/textures/RedCannon.png
23:42:15.080 [FXGL Background Thread 4 ] DEBUG FXGLAssetLoaderServi - Loading from file system: file:/D:/Github/javaA-xiangqi-project-main-yxh-1125/target/classes/assets/textures/RedChariot.png
23:42:15.081 [FXGL Background Thread 4 ] DEBUG FXGLAssetLoaderServi - Loading from file system: file:/D:/Github/javaA-xiangqi-project-main-yxh-1125/target/classes/assets/textures/RedHorse.png
23:42:15.083 [FXGL Background Thread 4 ] DEBUG FXGLAssetLoaderServi - Loading from file system: file:/D:/Github/javaA-xiangqi-project-main-yxh-1125/target/classes/assets/textures/RedElephant.png
23:42:15.084 [FXGL Background Thread 4 ] DEBUG FXGLAssetLoaderServi - Loading from file system: file:/D:/Github/javaA-xiangqi-project-main-yxh-1125/target/classes/assets/textures/RedAdvisor.png
23:42:15.085 [FXGL Background Thread 4 ] DEBUG FXGLAssetLoaderServi - Loading from file system: file:/D:/Github/javaA-xiangqi-project-main-yxh-1125/target/classes/assets/textures/RedGeneral.png
23:42:15.098 [FXGL Background Thread 4 ] INFO  FXGLApplication      - Game initialization took: 0.155 sec
23:42:15.098 [JavaFX Application Thread] DEBUG Input                - Clearing active input actions
23:42:15.104 [JavaFX Application Thread] DEBUG GameApplicationServi - Removing overlay from FXGLLoadingScene and adding to GameScene
23:42:15.105 [JavaFX Application Thread] DEBUG PrimaryStageWindow   - FXGLLoadingScene -> GameScene
23:42:15.933 [JavaFX Application Thread] DEBUG FXGLAssetLoaderServi - Loading from file system: file:/D:/Github/javaA-xiangqi-project-main-yxh-1125/target/classes/assets/textures/%e9%80%89%e4%b8%ad.png
23:42:16.506 [FXGL Background Thread 3 ] DEBUG Engine               - Logging environment variables
23:42:16.506 [FXGL Background Thread 3 ] DEBUG Engine               - achievements: []
23:42:16.506 [FXGL Background Thread 3 ] DEBUG Engine               - actualHeight: 1007.0
23:42:16.506 [FXGL Background Thread 3 ] DEBUG Engine               - actualHeightProperty: ReadOnlyDoubleProperty [value: 1007.0]
23:42:16.506 [FXGL Background Thread 3 ] DEBUG Engine               - actualWidth: 1316.0
23:42:16.506 [FXGL Background Thread 3 ] DEBUG Engine               - actualWidthProperty: ReadOnlyDoubleProperty [value: 1316.0]
23:42:16.506 [FXGL Background Thread 3 ] DEBUG Engine               - appIcon: fxgl_icon.png
23:42:16.506 [FXGL Background Thread 3 ] DEBUG Engine               - applicationMode: DEVELOPER
23:42:16.506 [FXGL Background Thread 3 ] DEBUG Engine               - cSSList: [fxgl_dark.css]
23:42:16.506 [FXGL Background Thread 3 ] DEBUG Engine               - collisionDetectionStrategy: BRUTE_FORCE
23:42:16.506 [FXGL Background Thread 3 ] DEBUG Engine               - configClass: Optional.empty
23:42:16.506 [FXGL Background Thread 3 ] DEBUG Engine               - credits: []
23:42:16.508 [FXGL Background Thread 3 ] DEBUG Engine               - defaultCursor: CursorInfo(imageName=fxgl_default_cursor.png, hotspotX=7.0, hotspotY=6.0)
23:42:16.508 [FXGL Background Thread 3 ] DEBUG Engine               - devBBoxColorProperty: ObjectProperty [value: 0xff0000ff]
23:42:16.508 [FXGL Background Thread 3 ] DEBUG Engine               - devEnableDebugCameraProperty: BooleanProperty [value: false]
23:42:16.508 [FXGL Background Thread 3 ] DEBUG Engine               - devSensorColorProperty: ObjectProperty [value: 0xffff00ff]
23:42:16.508 [FXGL Background Thread 3 ] DEBUG Engine               - devShowBBoxProperty: BooleanProperty [value: false]
23:42:16.508 [FXGL Background Thread 3 ] DEBUG Engine               - devShowPositionProperty: BooleanProperty [value: false]
23:42:16.508 [FXGL Background Thread 3 ] DEBUG Engine               - enabledMenuItems: []
23:42:16.508 [FXGL Background Thread 3 ] DEBUG Engine               - engineServices: [class com.almasb.fxgl.app.services.FXGLAssetLoaderService, class com.almasb.fxgl.app.FXGLApplication$GameApplicationService, class com.almasb.fxgl.app.services.FXGLDialogService, class com.almasb.fxgl.app.services.IOTaskExecutorService, class com.almasb.fxgl.io.FileSystemService, class com.almasb.fxgl.localization.LocalizationService, class com.almasb.fxgl.app.services.SystemBundleService, class com.almasb.fxgl.profile.SaveLoadService, class com.almasb.fxgl.ui.FXGLUIFactoryServiceProvider, class com.almasb.fxgl.ui.FXGLDialogFactoryServiceProvider, class com.almasb.fxgl.audio.AudioPlayer, class com.almasb.fxgl.notification.impl.NotificationServiceProvider, class com.almasb.fxgl.achievement.AchievementService, class com.almasb.fxgl.cutscene.CutsceneService, class com.almasb.fxgl.minigames.MiniGameService, class com.almasb.fxgl.net.NetService, class com.almasb.fxgl.app.services.UpdaterService, class com.almasb.fxgl.dev.DevService]
23:42:16.508 [FXGL Background Thread 3 ] DEBUG Engine               - fontGame: Abel-Regular.ttf
23:42:16.508 [FXGL Background Thread 3 ] DEBUG Engine               - fontMono: TerminalLandMono-Regular.otf
23:42:16.508 [FXGL Background Thread 3 ] DEBUG Engine               - fontSizeScaleUI: 1.0
23:42:16.508 [FXGL Background Thread 3 ] DEBUG Engine               - fontText: Courier-Prime.ttf
23:42:16.508 [FXGL Background Thread 3 ] DEBUG Engine               - fontUI: VarelaRound-Regular.ttf
23:42:16.508 [FXGL Background Thread 3 ] DEBUG Engine               - fullScreen: BooleanProperty [value: false]
23:42:16.508 [FXGL Background Thread 3 ] DEBUG Engine               - gameDifficulty: MEDIUM
23:42:16.508 [FXGL Background Thread 3 ] DEBUG Engine               - gameDifficultyProperty: ObjectProperty [value: MEDIUM]
23:42:16.508 [FXGL Background Thread 3 ] DEBUG Engine               - globalMusicVolume: 0.5
23:42:16.508 [FXGL Background Thread 3 ] DEBUG Engine               - globalMusicVolumeProperty: DoubleProperty [value: 0.5]
23:42:16.508 [FXGL Background Thread 3 ] DEBUG Engine               - globalSoundVolume: 0.5
23:42:16.508 [FXGL Background Thread 3 ] DEBUG Engine               - globalSoundVolumeProperty: DoubleProperty [value: 0.5]
23:42:16.508 [FXGL Background Thread 3 ] DEBUG Engine               - height: 1007
23:42:16.508 [FXGL Background Thread 3 ] DEBUG Engine               - is3D: false
23:42:16.508 [FXGL Background Thread 3 ] DEBUG Engine               - isAndroid: false
23:42:16.508 [FXGL Background Thread 3 ] DEBUG Engine               - isBrowser: false
23:42:16.508 [FXGL Background Thread 3 ] DEBUG Engine               - isClickFeedbackEnabled: false
23:42:16.508 [FXGL Background Thread 3 ] DEBUG Engine               - isCloseConfirmation: false
23:42:16.508 [FXGL Background Thread 3 ] DEBUG Engine               - isDesktop: true
23:42:16.508 [FXGL Background Thread 3 ] DEBUG Engine               - isDeveloperMenuEnabled: false
23:42:16.508 [FXGL Background Thread 3 ] DEBUG Engine               - isEmbedded: false
23:42:16.508 [FXGL Background Thread 3 ] DEBUG Engine               - isEntityPreloadEnabled: true
23:42:16.508 [FXGL Background Thread 3 ] DEBUG Engine               - isExperimentalTiledLargeMap: false
23:42:16.508 [FXGL Background Thread 3 ] DEBUG Engine               - isFileSystemWriteAllowed: true
23:42:16.508 [FXGL Background Thread 3 ] DEBUG Engine               - isFullScreenAllowed: false
23:42:16.508 [FXGL Background Thread 3 ] DEBUG Engine               - isFullScreenFromStart: false
23:42:16.508 [FXGL Background Thread 3 ] DEBUG Engine               - isGameMenuEnabled: true
23:42:16.508 [FXGL Background Thread 3 ] DEBUG Engine               - isIOS: false
23:42:16.508 [FXGL Background Thread 3 ] DEBUG Engine               - isIntroEnabled: false
23:42:16.508 [FXGL Background Thread 3 ] DEBUG Engine               - isLinux: false
23:42:16.508 [FXGL Background Thread 3 ] DEBUG Engine               - isMac: false
23:42:16.508 [FXGL Background Thread 3 ] DEBUG Engine               - isMainMenuEnabled: true
23:42:16.508 [FXGL Background Thread 3 ] DEBUG Engine               - isManualResizeEnabled: false
23:42:16.508 [FXGL Background Thread 3 ] DEBUG Engine               - isMobile: false
23:42:16.508 [FXGL Background Thread 3 ] DEBUG Engine               - isNative: false
23:42:16.508 [FXGL Background Thread 3 ] DEBUG Engine               - isPauseMusicWhenMinimized: true
23:42:16.508 [FXGL Background Thread 3 ] DEBUG Engine               - isPreserveResizeRatio: false
23:42:16.508 [FXGL Background Thread 3 ] DEBUG Engine               - isProfilingEnabled: false
23:42:16.508 [FXGL Background Thread 3 ] DEBUG Engine               - isScaleAffectedOnResize: true
23:42:16.508 [FXGL Background Thread 3 ] DEBUG Engine               - isSingleStep: false
23:42:16.508 [FXGL Background Thread 3 ] DEBUG Engine               - isUserProfileEnabled: false
23:42:16.508 [FXGL Background Thread 3 ] DEBUG Engine               - isWindows: true
23:42:16.508 [FXGL Background Thread 3 ] DEBUG Engine               - language: ObjectProperty [value: ENGLISH]
23:42:16.508 [FXGL Background Thread 3 ] DEBUG Engine               - menuKey: ESCAPE
23:42:16.508 [FXGL Background Thread 3 ] DEBUG Engine               - mouseSensitivity: 0.2
23:42:16.508 [FXGL Background Thread 3 ] DEBUG Engine               - notificationViewClass: class com.almasb.fxgl.notification.view.XboxNotificationView
23:42:16.508 [FXGL Background Thread 3 ] DEBUG Engine               - pixelsPerMeter: 50.0
23:42:16.508 [FXGL Background Thread 3 ] DEBUG Engine               - platform: WINDOWS
23:42:16.508 [FXGL Background Thread 3 ] DEBUG Engine               - prefHeightProperty: ReadOnlyDoubleProperty [value: 1007.0]
23:42:16.508 [FXGL Background Thread 3 ] DEBUG Engine               - prefWidthProperty: ReadOnlyDoubleProperty [value: 1316.0]
23:42:16.508 [FXGL Background Thread 3 ] DEBUG Engine               - profileDir: profiles/
23:42:16.508 [FXGL Background Thread 3 ] DEBUG Engine               - profileName: StringProperty [value: DEFAULT]
23:42:16.508 [FXGL Background Thread 3 ] DEBUG Engine               - randomSeed: -1
23:42:16.509 [FXGL Background Thread 3 ] DEBUG Engine               - runtimeInfo: RuntimeInfo(platform=WINDOWS, version=21.1, build=27.03.2024 07.52)
23:42:16.509 [FXGL Background Thread 3 ] DEBUG Engine               - saveFileExt: sav
23:42:16.509 [FXGL Background Thread 3 ] DEBUG Engine               - scaledHeightProp$fxgl: DoubleProperty [bound, value: 1007.0]
23:42:16.509 [FXGL Background Thread 3 ] DEBUG Engine               - scaledWidthProp$fxgl: DoubleProperty [bound, value: 1316.0]
23:42:16.509 [FXGL Background Thread 3 ] DEBUG Engine               - sceneFactory: edu.sustech.xiangqi.XiangQiApp$1@2fe9fd17
23:42:16.509 [FXGL Background Thread 3 ] DEBUG Engine               - secondsIn24h: 60
23:42:16.509 [FXGL Background Thread 3 ] DEBUG Engine               - soundMenuBack: menu/back.wav
23:42:16.509 [FXGL Background Thread 3 ] DEBUG Engine               - soundMenuPress: menu/press.wav
23:42:16.509 [FXGL Background Thread 3 ] DEBUG Engine               - soundMenuSelect: menu/select.wav
23:42:16.509 [FXGL Background Thread 3 ] DEBUG Engine               - soundNotification: core/notification.wav
23:42:16.509 [FXGL Background Thread 3 ] DEBUG Engine               - stageStyle: DECORATED
23:42:16.509 [FXGL Background Thread 3 ] DEBUG Engine               - supportedLanguages: [ENGLISH, FRENCH, GERMAN, HUNGARIAN, RUSSIAN]
23:42:16.509 [FXGL Background Thread 3 ] DEBUG Engine               - ticksPerSecond: -1
23:42:16.509 [FXGL Background Thread 3 ] DEBUG Engine               - title: 中国象棋 1.0
23:42:16.509 [FXGL Background Thread 3 ] DEBUG Engine               - urlGithub: https://github.com/AlmasB/FXGL
23:42:16.509 [FXGL Background Thread 3 ] DEBUG Engine               - urlLeaderboard: http://fxgl-top.herokuapp.com/
23:42:16.509 [FXGL Background Thread 3 ] DEBUG Engine               - urlPOM: https://raw.githubusercontent.com/AlmasB/FXGL/release/README.md
23:42:16.509 [FXGL Background Thread 3 ] DEBUG Engine               - userAppClass: class edu.sustech.xiangqi.XiangQiApp
23:42:16.509 [FXGL Background Thread 3 ] DEBUG Engine               - version: 1.0
23:42:16.509 [FXGL Background Thread 3 ] DEBUG Engine               - versionCheckDays: 7
23:42:16.509 [FXGL Background Thread 3 ] DEBUG Engine               - width: 1316
23:42:16.509 [FXGL Background Thread 3 ] DEBUG Engine               - Logging services
23:42:16.509 [FXGL Background Thread 3 ] DEBUG Engine               - class com.almasb.fxgl.app.services.FXGLAssetLoaderService
23:42:16.509 [FXGL Background Thread 3 ] DEBUG Engine               - class com.almasb.fxgl.app.FXGLApplication$GameApplicationService
23:42:16.509 [FXGL Background Thread 3 ] DEBUG Engine               - class com.almasb.fxgl.app.services.FXGLDialogService
23:42:16.509 [FXGL Background Thread 3 ] DEBUG Engine               - class com.almasb.fxgl.app.services.IOTaskExecutorService
23:42:16.509 [FXGL Background Thread 3 ] DEBUG Engine               - class com.almasb.fxgl.io.FileSystemService
23:42:16.509 [FXGL Background Thread 3 ] DEBUG Engine               - class com.almasb.fxgl.localization.LocalizationService
23:42:16.509 [FXGL Background Thread 3 ] DEBUG Engine               - class com.almasb.fxgl.app.services.SystemBundleService
23:42:16.509 [FXGL Background Thread 3 ] DEBUG Engine               - class com.almasb.fxgl.profile.SaveLoadService
23:42:16.509 [FXGL Background Thread 3 ] DEBUG Engine               - class com.almasb.fxgl.ui.FXGLUIFactoryServiceProvider
23:42:16.509 [FXGL Background Thread 3 ] DEBUG Engine               - class com.almasb.fxgl.ui.FXGLDialogFactoryServiceProvider
23:42:16.509 [FXGL Background Thread 3 ] DEBUG Engine               - class com.almasb.fxgl.audio.AudioPlayer
23:42:16.509 [FXGL Background Thread 3 ] DEBUG Engine               - class com.almasb.fxgl.notification.impl.NotificationServiceProvider
23:42:16.509 [FXGL Background Thread 3 ] DEBUG Engine               - class com.almasb.fxgl.achievement.AchievementService
23:42:16.509 [FXGL Background Thread 3 ] DEBUG Engine               - class com.almasb.fxgl.cutscene.CutsceneService
23:42:16.509 [FXGL Background Thread 3 ] DEBUG Engine               - class com.almasb.fxgl.minigames.MiniGameService
23:42:16.509 [FXGL Background Thread 3 ] DEBUG Engine               - class com.almasb.fxgl.net.NetService
23:42:16.509 [FXGL Background Thread 3 ] DEBUG Engine               - class com.almasb.fxgl.app.services.UpdaterService
23:42:16.509 [FXGL Background Thread 3 ] DEBUG Engine               - class com.almasb.fxgl.dev.DevService
23:42:17.410 [JavaFX Application Thread] DEBUG AudioPlayer          - Playing music com.almasb.fxgl.audio.Music@53e592fa
23:42:20.836 [JavaFX Application Thread] DEBUG AudioPlayer          - Playing music com.almasb.fxgl.audio.Music@53e592fa
23:42:21.176 [JavaFX Application Thread] DEBUG AudioPlayer          - Playing music com.almasb.fxgl.audio.Music@53e592fa
23:42:22.817 [JavaFX Application Thread] DEBUG AudioPlayer          - Playing music com.almasb.fxgl.audio.Music@53e592fa
23:42:24.069 [JavaFX Application Thread] DEBUG AudioPlayer          - Playing music com.almasb.fxgl.audio.Music@53e592fa
23:42:24.205 [JavaFX Application Thread] DEBUG AudioPlayer          - Playing music com.almasb.fxgl.audio.Music@53e592fa
23:42:24.601 [JavaFX Application Thread] DEBUG AudioPlayer          - Playing music com.almasb.fxgl.audio.Music@53e592fa
23:42:33.940 [JavaFX Application Thread] DEBUG AudioPlayer          - Playing music com.almasb.fxgl.audio.Music@53e592fa
23:42:34.021 [JavaFX Application Thread] DEBUG AudioPlayer          - Playing music com.almasb.fxgl.audio.Music@53e592fa
23:42:34.990 [JavaFX Application Thread] DEBUG AudioPlayer          - Playing music com.almasb.fxgl.audio.Music@53e592fa
23:42:54.069 [JavaFX Application Thread] DEBUG AudioPlayer          - Playing music com.almasb.fxgl.audio.Music@53e592fa
23:42:55.030 [JavaFX Application Thread] DEBUG AudioPlayer          - Playing music com.almasb.fxgl.audio.Music@53e592fa
23:42:58.480 [JavaFX Application Thread] DEBUG AudioPlayer          - Playing music com.almasb.fxgl.audio.Music@53e592fa
23:42:58.524 [JavaFX Application Thread] DEBUG AudioPlayer          - Playing music com.almasb.fxgl.audio.Music@53e592fa
23:43:31.284 [JavaFX Application Thread] DEBUG AudioPlayer          - Playing music com.almasb.fxgl.audio.Music@53e592fa
23:43:31.292 [JavaFX Application Thread] DEBUG AudioPlayer          - Playing music com.almasb.fxgl.audio.Music@53e592fa
23:43:31.337 [JavaFX Application Thread] DEBUG AudioPlayer          - Playing music com.almasb.fxgl.audio.Music@53e592fa
23:44:21.385 [JavaFX Application Thread] DEBUG AudioPlayer          - Playing music com.almasb.fxgl.audio.Music@53e592fa
23:44:21.684 [JavaFX Application Thread] DEBUG PrimaryStageWindow   - Push state: DialogSubScene
23:44:21.684 [JavaFX Application Thread] DEBUG Input                - Clearing active input actions
23:44:21.684 [JavaFX Application Thread] DEBUG GameApplicationServi - Removing overlay from GameScene and adding to DialogSubScene
23:44:21.684 [JavaFX Application Thread] DEBUG PrimaryStageWindow   - GameScene -> DialogSubScene
23:44:22.617 [JavaFX Application Thread] DEBUG PrimaryStageWindow   - Pop state: DialogSubScene
23:44:22.617 [JavaFX Application Thread] DEBUG Input                - Clearing active input actions
23:44:22.617 [JavaFX Application Thread] DEBUG GameApplicationServi - Removing overlay from DialogSubScene and adding to GameScene
23:44:22.617 [JavaFX Application Thread] DEBUG PrimaryStageWindow   - GameScene <- DialogSubScene
23:44:22.772 [JavaFX Application Thread] DEBUG AudioPlayer          - Playing music com.almasb.fxgl.audio.Music@53e592fa
23:44:22.812 [JavaFX Application Thread] DEBUG AudioPlayer          - Playing music com.almasb.fxgl.audio.Music@53e592fa
23:44:23.074 [JavaFX Application Thread] DEBUG AudioPlayer          - Playing music com.almasb.fxgl.audio.Music@53e592fa
23:44:33.416 [JavaFX Application Thread] DEBUG AudioPlayer          - Playing music com.almasb.fxgl.audio.Music@53e592fa
23:44:33.432 [JavaFX Application Thread] DEBUG AudioPlayer          - Playing music com.almasb.fxgl.audio.Music@53e592fa
23:44:33.582 [JavaFX Application Thread] DEBUG AudioPlayer          - Playing music com.almasb.fxgl.audio.Music@53e592fa
23:44:33.602 [JavaFX Application Thread] DEBUG AudioPlayer          - Playing music com.almasb.fxgl.audio.Music@53e592fa
23:44:41.365 [JavaFX Application Thread] DEBUG AudioPlayer          - Playing music com.almasb.fxgl.audio.Music@53e592fa
23:44:41.373 [JavaFX Application Thread] DEBUG AudioPlayer          - Playing music com.almasb.fxgl.audio.Music@53e592fa
23:44:41.605 [JavaFX Application Thread] DEBUG AudioPlayer          - Playing music com.almasb.fxgl.audio.Music@53e592fa
23:44:41.667 [JavaFX Application Thread] DEBUG AudioPlayer          - Playing music com.almasb.fxgl.audio.Music@53e592fa
23:44:41.712 [JavaFX Application Thread] DEBUG AudioPlayer          - Playing music com.almasb.fxgl.audio.Music@53e592fa
23:44:41.763 [JavaFX Application Thread] DEBUG AudioPlayer          - Playing music com.almasb.fxgl.audio.Music@53e592fa
23:44:42.117 [JavaFX Application Thread] DEBUG AudioPlayer          - Playing music com.almasb.fxgl.audio.Music@53e592fa
23:44:42.858 [JavaFX Application Thread] DEBUG AudioPlayer          - Playing music com.almasb.fxgl.audio.Music@53e592fa
23:44:43.098 [JavaFX Application Thread] DEBUG AudioPlayer          - Playing music com.almasb.fxgl.audio.Music@53e592fa
23:44:43.286 [JavaFX Application Thread] DEBUG AudioPlayer          - Playing music com.almasb.fxgl.audio.Music@53e592fa
23:44:43.828 [JavaFX Application Thread] DEBUG PrimaryStageWindow   - Push state: InGameMenuScene
23:44:43.828 [JavaFX Application Thread] DEBUG Input                - Clearing active input actions
23:44:43.828 [JavaFX Application Thread] DEBUG GameApplicationServi - Removing overlay from GameScene and adding to InGameMenuScene
23:44:43.828 [JavaFX Application Thread] DEBUG PrimaryStageWindow   - GameScene -> InGameMenuScene
23:44:44.194 [JavaFX Application Thread] DEBUG AudioPlayer          - Playing music com.almasb.fxgl.audio.Music@53e592fa
23:44:44.457 [JavaFX Application Thread] DEBUG PrimaryStageWindow   - Push state: DialogSubScene
23:44:44.457 [JavaFX Application Thread] DEBUG Input                - Clearing active input actions
23:44:44.457 [JavaFX Application Thread] DEBUG GameApplicationServi - Removing overlay from InGameMenuScene and adding to DialogSubScene
23:44:44.457 [JavaFX Application Thread] DEBUG PrimaryStageWindow   - InGameMenuScene -> DialogSubScene
23:44:45.110 [JavaFX Application Thread] DEBUG PrimaryStageWindow   - Pop state: DialogSubScene
23:44:45.110 [JavaFX Application Thread] DEBUG Input                - Clearing active input actions
23:44:45.110 [JavaFX Application Thread] DEBUG GameApplicationServi - Removing overlay from DialogSubScene and adding to InGameMenuScene
23:44:45.110 [JavaFX Application Thread] DEBUG PrimaryStageWindow   - InGameMenuScene <- DialogSubScene
23:44:45.110 [JavaFX Application Thread] DEBUG AudioPlayer          - Playing music com.almasb.fxgl.audio.Music@53e592fa
23:44:45.236 [JavaFX Application Thread] DEBUG AudioPlayer          - Playing music com.almasb.fxgl.audio.Music@53e592fa
23:44:45.371 [JavaFX Application Thread] DEBUG AudioPlayer          - Playing music com.almasb.fxgl.audio.Music@53e592fa
23:44:45.589 [JavaFX Application Thread] DEBUG Menu                 - fireExitToMainMenu()
23:44:45.591 [JavaFX Application Thread] DEBUG PrimaryStageWindow   - Push state: DialogSubScene
23:44:45.591 [JavaFX Application Thread] DEBUG Input                - Clearing active input actions
23:44:45.591 [JavaFX Application Thread] DEBUG GameApplicationServi - Removing overlay from InGameMenuScene and adding to DialogSubScene
23:44:45.591 [JavaFX Application Thread] DEBUG PrimaryStageWindow   - InGameMenuScene -> DialogSubScene
23:44:46.663 [JavaFX Application Thread] DEBUG PrimaryStageWindow   - Pop state: DialogSubScene
23:44:46.663 [JavaFX Application Thread] DEBUG Input                - Clearing active input actions
23:44:46.663 [JavaFX Application Thread] DEBUG GameApplicationServi - Removing overlay from DialogSubScene and adding to InGameMenuScene
23:44:46.663 [JavaFX Application Thread] DEBUG PrimaryStageWindow   - InGameMenuScene <- DialogSubScene
23:44:46.663 [JavaFX Application Thread] DEBUG PrimaryStageWindow   - Pop state: InGameMenuScene
23:44:46.663 [JavaFX Application Thread] DEBUG Input                - Clearing active input actions
23:44:46.663 [JavaFX Application Thread] DEBUG GameApplicationServi - Removing overlay from InGameMenuScene and adding to GameScene
23:44:46.663 [JavaFX Application Thread] DEBUG PrimaryStageWindow   - GameScene <- InGameMenuScene
23:44:46.663 [JavaFX Application Thread] DEBUG Input                - Clearing active input actions
23:44:46.665 [JavaFX Application Thread] DEBUG GameApplicationServi - Removing overlay from GameScene and adding to FXGLMainMenuDummyScene
23:44:46.665 [JavaFX Application Thread] DEBUG PrimaryStageWindow   - GameScene -> FXGLMainMenuDummyScene
23:44:46.665 [JavaFX Application Thread] DEBUG PrimaryStageWindow   - Push state: MainMenuScene
23:44:46.665 [JavaFX Application Thread] DEBUG Input                - Clearing active input actions
23:44:46.666 [JavaFX Application Thread] DEBUG GameApplicationServi - Removing overlay from FXGLMainMenuDummyScene and adding to MainMenuScene
23:44:46.666 [JavaFX Application Thread] DEBUG PrimaryStageWindow   - FXGLMainMenuDummyScene -> MainMenuScene
23:44:46.666 [JavaFX Application Thread] DEBUG AudioPlayer          - Playing music com.almasb.fxgl.audio.Music@53e592fa
23:44:46.871 [JavaFX Application Thread] DEBUG AudioPlayer          - Playing music com.almasb.fxgl.audio.Music@53e592fa
23:44:46.990 [JavaFX Application Thread] DEBUG AudioPlayer          - Playing music com.almasb.fxgl.audio.Music@53e592fa
23:44:47.757 [JavaFX Application Thread] DEBUG Menu                 - fireNewGame()
23:44:47.757 [JavaFX Application Thread] DEBUG GameApplicationServi - Starting new game
23:44:47.759 [JavaFX Application Thread] DEBUG PrimaryStageWindow   - Pop state: MainMenuScene
23:44:47.759 [JavaFX Application Thread] DEBUG Input                - Clearing active input actions
23:44:47.759 [JavaFX Application Thread] DEBUG GameApplicationServi - Removing overlay from MainMenuScene and adding to FXGLMainMenuDummyScene
23:44:47.759 [JavaFX Application Thread] DEBUG PrimaryStageWindow   - FXGLMainMenuDummyScene <- MainMenuScene
23:44:47.759 [JavaFX Application Thread] DEBUG Input                - Clearing active input actions
23:44:47.761 [JavaFX Application Thread] DEBUG GameApplicationServi - Removing overlay from FXGLMainMenuDummyScene and adding to FXGLLoadingScene
23:44:47.761 [JavaFX Application Thread] DEBUG PrimaryStageWindow   - FXGLMainMenuDummyScene -> FXGLLoadingScene
23:44:47.761 [JavaFX Application Thread] DEBUG GameApplicationServi - Clearing previous game
23:44:47.761 [JavaFX Application Thread] DEBUG GameScene            - Clearing game scene
23:44:47.761 [JavaFX Application Thread] DEBUG GameWorld            - Clearing game world
23:44:47.761 [JavaFX Application Thread] DEBUG PhysicsWorld         - Clearing physics world
23:44:47.762 [FXGL Background Thread 5 ] DEBUG FXGLApplication      - Initializing game
23:44:47.765 [FXGL Background Thread 5 ] INFO  FXGLApplication      - Game initialization took: 0.003 sec
23:44:47.766 [JavaFX Application Thread] DEBUG Input                - Clearing active input actions
23:44:47.768 [JavaFX Application Thread] DEBUG GameApplicationServi - Removing overlay from FXGLLoadingScene and adding to GameScene
23:44:47.768 [JavaFX Application Thread] DEBUG PrimaryStageWindow   - FXGLLoadingScene -> GameScene
23:44:47.777 [JavaFX Application Thread] DEBUG AudioPlayer          - Playing music com.almasb.fxgl.audio.Music@53e592fa
23:44:47.935 [JavaFX Application Thread] DEBUG AudioPlayer          - Playing music com.almasb.fxgl.audio.Music@53e592fa
23:44:48.575 [JavaFX Application Thread] DEBUG PrimaryStageWindow   - Push state: InGameMenuScene
23:44:48.575 [JavaFX Application Thread] DEBUG Input                - Clearing active input actions
23:44:48.575 [JavaFX Application Thread] DEBUG GameApplicationServi - Removing overlay from GameScene and adding to InGameMenuScene
23:44:48.575 [JavaFX Application Thread] DEBUG PrimaryStageWindow   - GameScene -> InGameMenuScene
23:44:48.844 [JavaFX Application Thread] DEBUG AudioPlayer          - Playing music com.almasb.fxgl.audio.Music@53e592fa
23:44:49.069 [JavaFX Application Thread] DEBUG Menu                 - fireExitToMainMenu()
23:44:49.070 [JavaFX Application Thread] DEBUG PrimaryStageWindow   - Push state: DialogSubScene
23:44:49.070 [JavaFX Application Thread] DEBUG Input                - Clearing active input actions
23:44:49.070 [JavaFX Application Thread] DEBUG GameApplicationServi - Removing overlay from InGameMenuScene and adding to DialogSubScene
23:44:49.071 [JavaFX Application Thread] DEBUG PrimaryStageWindow   - InGameMenuScene -> DialogSubScene
23:44:49.909 [JavaFX Application Thread] DEBUG PrimaryStageWindow   - Pop state: DialogSubScene
23:44:49.909 [JavaFX Application Thread] DEBUG Input                - Clearing active input actions
23:44:49.909 [JavaFX Application Thread] DEBUG GameApplicationServi - Removing overlay from DialogSubScene and adding to InGameMenuScene
23:44:49.909 [JavaFX Application Thread] DEBUG PrimaryStageWindow   - InGameMenuScene <- DialogSubScene
23:44:49.909 [JavaFX Application Thread] DEBUG PrimaryStageWindow   - Pop state: InGameMenuScene
23:44:49.909 [JavaFX Application Thread] DEBUG Input                - Clearing active input actions
23:44:49.909 [JavaFX Application Thread] DEBUG GameApplicationServi - Removing overlay from InGameMenuScene and adding to GameScene
23:44:49.909 [JavaFX Application Thread] DEBUG PrimaryStageWindow   - GameScene <- InGameMenuScene
23:44:49.910 [JavaFX Application Thread] DEBUG Input                - Clearing active input actions
23:44:49.911 [JavaFX Application Thread] DEBUG GameApplicationServi - Removing overlay from GameScene and adding to FXGLMainMenuDummyScene
23:44:49.911 [JavaFX Application Thread] DEBUG PrimaryStageWindow   - GameScene -> FXGLMainMenuDummyScene
23:44:49.911 [JavaFX Application Thread] DEBUG PrimaryStageWindow   - Push state: MainMenuScene
23:44:49.911 [JavaFX Application Thread] DEBUG Input                - Clearing active input actions
23:44:49.911 [JavaFX Application Thread] DEBUG GameApplicationServi - Removing overlay from FXGLMainMenuDummyScene and adding to MainMenuScene
23:44:49.911 [JavaFX Application Thread] DEBUG PrimaryStageWindow   - FXGLMainMenuDummyScene -> MainMenuScene
23:44:49.954 [JavaFX Application Thread] DEBUG AudioPlayer          - Playing music com.almasb.fxgl.audio.Music@53e592fa
23:44:50.150 [JavaFX Application Thread] DEBUG AudioPlayer          - Playing music com.almasb.fxgl.audio.Music@53e592fa
23:44:50.268 [JavaFX Application Thread] DEBUG AudioPlayer          - Playing music com.almasb.fxgl.audio.Music@53e592fa
23:44:55.871 [JavaFX Application Thread] DEBUG AudioPlayer          - Playing music com.almasb.fxgl.audio.Music@53e592fa
23:44:55.887 [JavaFX Application Thread] DEBUG AudioPlayer          - Playing music com.almasb.fxgl.audio.Music@53e592fa
23:44:55.916 [JavaFX Application Thread] DEBUG AudioPlayer          - Playing music com.almasb.fxgl.audio.Music@53e592fa
23:45:29.853 [JavaFX Application Thread] DEBUG AudioPlayer          - Playing music com.almasb.fxgl.audio.Music@53e592fa
23:45:30.333 [JavaFX Application Thread] DEBUG AudioPlayer          - Playing music com.almasb.fxgl.audio.Music@53e592fa
23:45:30.747 [JavaFX Application Thread] DEBUG AudioPlayer          - Playing music com.almasb.fxgl.audio.Music@53e592fa
23:45:31.024 [JavaFX Application Thread] DEBUG AudioPlayer          - Playing music com.almasb.fxgl.audio.Music@53e592fa
23:45:31.068 [JavaFX Application Thread] DEBUG AudioPlayer          - Playing music com.almasb.fxgl.audio.Music@53e592fa
23:45:31.227 [JavaFX Application Thread] DEBUG AudioPlayer          - Playing music com.almasb.fxgl.audio.Music@53e592fa
23:45:32.014 [JavaFX Application Thread] DEBUG AudioPlayer          - Playing music com.almasb.fxgl.audio.Music@53e592fa
23:45:32.226 [JavaFX Application Thread] DEBUG GameApplicationServi - Starting new game
23:45:32.226 [JavaFX Application Thread] DEBUG PrimaryStageWindow   - Pop state: MainMenuScene
23:45:32.226 [JavaFX Application Thread] DEBUG Input                - Clearing active input actions
23:45:32.227 [JavaFX Application Thread] DEBUG GameApplicationServi - Removing overlay from MainMenuScene and adding to FXGLMainMenuDummyScene
23:45:32.227 [JavaFX Application Thread] DEBUG PrimaryStageWindow   - FXGLMainMenuDummyScene <- MainMenuScene
23:45:32.227 [JavaFX Application Thread] DEBUG Input                - Clearing active input actions
23:45:32.228 [JavaFX Application Thread] DEBUG GameApplicationServi - Removing overlay from FXGLMainMenuDummyScene and adding to FXGLLoadingScene
23:45:32.228 [JavaFX Application Thread] DEBUG PrimaryStageWindow   - FXGLMainMenuDummyScene -> FXGLLoadingScene
23:45:32.228 [JavaFX Application Thread] DEBUG GameApplicationServi - Clearing previous game
23:45:32.228 [JavaFX Application Thread] DEBUG GameScene            - Clearing game scene
23:45:32.228 [JavaFX Application Thread] DEBUG GameWorld            - Clearing game world
23:45:32.228 [JavaFX Application Thread] DEBUG PhysicsWorld         - Clearing physics world
23:45:32.229 [FXGL Background Thread 5 ] DEBUG FXGLApplication      - Initializing game
23:45:32.230 [FXGL Background Thread 5 ] INFO  FXGLApplication      - Game initialization took: 0.001 sec
23:45:32.230 [JavaFX Application Thread] DEBUG Input                - Clearing active input actions
23:45:32.232 [JavaFX Application Thread] DEBUG GameApplicationServi - Removing overlay from FXGLLoadingScene and adding to GameScene
23:45:32.232 [JavaFX Application Thread] DEBUG PrimaryStageWindow   - FXGLLoadingScene -> GameScene
23:45:32.734 [JavaFX Application Thread] DEBUG AudioPlayer          - Playing music com.almasb.fxgl.audio.Music@53e592fa
23:45:32.892 [JavaFX Application Thread] DEBUG AudioPlayer          - Playing music com.almasb.fxgl.audio.Music@53e592fa
23:45:33.117 [JavaFX Application Thread] DEBUG AudioPlayer          - Playing music com.almasb.fxgl.audio.Music@53e592fa
23:45:33.394 [JavaFX Application Thread] DEBUG AudioPlayer          - Playing music com.almasb.fxgl.audio.Music@53e592fa
23:45:33.431 [JavaFX Application Thread] DEBUG AudioPlayer          - Playing music com.almasb.fxgl.audio.Music@53e592fa
23:45:33.660 [JavaFX Application Thread] DEBUG PrimaryStageWindow   - Push state: DialogSubScene
23:45:33.660 [JavaFX Application Thread] DEBUG Input                - Clearing active input actions
23:45:33.660 [JavaFX Application Thread] DEBUG GameApplicationServi - Removing overlay from GameScene and adding to DialogSubScene
23:45:33.660 [JavaFX Application Thread] DEBUG PrimaryStageWindow   - GameScene -> DialogSubScene
23:45:34.116 [JavaFX Application Thread] DEBUG PrimaryStageWindow   - Pop state: DialogSubScene
23:45:34.116 [JavaFX Application Thread] DEBUG Input                - Clearing active input actions
23:45:34.116 [JavaFX Application Thread] DEBUG GameApplicationServi - Removing overlay from DialogSubScene and adding to GameScene
23:45:34.118 [JavaFX Application Thread] DEBUG PrimaryStageWindow   - GameScene <- DialogSubScene
23:45:34.118 [JavaFX Application Thread] DEBUG GameApplicationServi - Starting new game
23:45:34.118 [JavaFX Application Thread] DEBUG Input                - Clearing active input actions
23:45:34.119 [JavaFX Application Thread] DEBUG GameApplicationServi - Removing overlay from GameScene and adding to FXGLLoadingScene
23:45:34.119 [JavaFX Application Thread] DEBUG PrimaryStageWindow   - GameScene -> FXGLLoadingScene
23:45:34.119 [JavaFX Application Thread] DEBUG GameApplicationServi - Clearing previous game
23:45:34.119 [JavaFX Application Thread] DEBUG GameScene            - Clearing game scene
23:45:34.119 [JavaFX Application Thread] DEBUG GameWorld            - Clearing game world
23:45:34.119 [JavaFX Application Thread] DEBUG PhysicsWorld         - Clearing physics world
23:45:34.120 [FXGL Background Thread 5 ] DEBUG FXGLApplication      - Initializing game
23:45:34.124 [FXGL Background Thread 5 ] INFO  FXGLApplication      - Game initialization took: 0.004 sec
23:45:34.124 [JavaFX Application Thread] DEBUG Input                - Clearing active input actions
23:45:34.125 [JavaFX Application Thread] DEBUG GameApplicationServi - Removing overlay from FXGLLoadingScene and adding to GameScene
23:45:34.125 [JavaFX Application Thread] DEBUG PrimaryStageWindow   - FXGLLoadingScene -> GameScene
23:45:34.467 [JavaFX Application Thread] DEBUG AudioPlayer          - Playing music com.almasb.fxgl.audio.Music@53e592fa
23:45:34.722 [JavaFX Application Thread] DEBUG AudioPlayer          - Playing music com.almasb.fxgl.audio.Music@53e592fa
23:45:34.895 [JavaFX Application Thread] DEBUG PrimaryStageWindow   - Push state: InGameMenuScene
23:45:34.895 [JavaFX Application Thread] DEBUG Input                - Clearing active input actions
23:45:34.895 [JavaFX Application Thread] DEBUG GameApplicationServi - Removing overlay from GameScene and adding to InGameMenuScene
23:45:34.895 [JavaFX Application Thread] DEBUG PrimaryStageWindow   - GameScene -> InGameMenuScene
23:45:35.081 [JavaFX Application Thread] DEBUG AudioPlayer          - Playing music com.almasb.fxgl.audio.Music@53e592fa
23:45:35.443 [JavaFX Application Thread] DEBUG Menu                 - fireExitToMainMenu()
23:45:35.443 [JavaFX Application Thread] DEBUG PrimaryStageWindow   - Push state: DialogSubScene
23:45:35.443 [JavaFX Application Thread] DEBUG Input                - Clearing active input actions
23:45:35.444 [JavaFX Application Thread] DEBUG GameApplicationServi - Removing overlay from InGameMenuScene and adding to DialogSubScene
23:45:35.444 [JavaFX Application Thread] DEBUG PrimaryStageWindow   - InGameMenuScene -> DialogSubScene
23:45:36.703 [JavaFX Application Thread] DEBUG PrimaryStageWindow   - Pop state: DialogSubScene
23:45:36.703 [JavaFX Application Thread] DEBUG Input                - Clearing active input actions
23:45:36.703 [JavaFX Application Thread] DEBUG GameApplicationServi - Removing overlay from DialogSubScene and adding to InGameMenuScene
23:45:36.703 [JavaFX Application Thread] DEBUG PrimaryStageWindow   - InGameMenuScene <- DialogSubScene
23:45:36.703 [JavaFX Application Thread] DEBUG PrimaryStageWindow   - Pop state: InGameMenuScene
23:45:36.703 [JavaFX Application Thread] DEBUG Input                - Clearing active input actions
23:45:36.703 [JavaFX Application Thread] DEBUG GameApplicationServi - Removing overlay from InGameMenuScene and adding to GameScene
23:45:36.703 [JavaFX Application Thread] DEBUG PrimaryStageWindow   - GameScene <- InGameMenuScene
23:45:36.703 [JavaFX Application Thread] DEBUG Input                - Clearing active input actions
23:45:36.705 [JavaFX Application Thread] DEBUG GameApplicationServi - Removing overlay from GameScene and adding to FXGLMainMenuDummyScene
23:45:36.705 [JavaFX Application Thread] DEBUG PrimaryStageWindow   - GameScene -> FXGLMainMenuDummyScene
23:45:36.705 [JavaFX Application Thread] DEBUG PrimaryStageWindow   - Push state: MainMenuScene
23:45:36.705 [JavaFX Application Thread] DEBUG Input                - Clearing active input actions
23:45:36.706 [JavaFX Application Thread] DEBUG GameApplicationServi - Removing overlay from FXGLMainMenuDummyScene and adding to MainMenuScene
23:45:36.706 [JavaFX Application Thread] DEBUG PrimaryStageWindow   - FXGLMainMenuDummyScene -> MainMenuScene
23:45:36.971 [JavaFX Application Thread] DEBUG AudioPlayer          - Playing music com.almasb.fxgl.audio.Music@53e592fa
23:45:37.092 [JavaFX Application Thread] DEBUG AudioPlayer          - Playing music com.almasb.fxgl.audio.Music@53e592fa
23:45:37.377 [JavaFX Application Thread] DEBUG AudioPlayer          - Playing music com.almasb.fxgl.audio.Music@53e592fa
23:45:37.543 [JavaFX Application Thread] DEBUG AudioPlayer          - Playing music com.almasb.fxgl.audio.Music@53e592fa
23:45:37.654 [JavaFX Application Thread] DEBUG AudioPlayer          - Playing music com.almasb.fxgl.audio.Music@53e592fa
23:45:37.790 [JavaFX Application Thread] DEBUG AudioPlayer          - Playing music com.almasb.fxgl.audio.Music@53e592fa
23:45:38.391 [JavaFX Application Thread] DEBUG AudioPlayer          - Playing music com.almasb.fxgl.audio.Music@53e592fa
23:45:38.756 [JavaFX Application Thread] DEBUG AudioPlayer          - Playing music com.almasb.fxgl.audio.Music@53e592fa
23:45:38.965 [JavaFX Application Thread] DEBUG GameApplicationServi - Starting new game
23:45:38.965 [JavaFX Application Thread] DEBUG PrimaryStageWindow   - Pop state: MainMenuScene
23:45:38.965 [JavaFX Application Thread] DEBUG Input                - Clearing active input actions
23:45:38.965 [JavaFX Application Thread] DEBUG GameApplicationServi - Removing overlay from MainMenuScene and adding to FXGLMainMenuDummyScene
23:45:38.965 [JavaFX Application Thread] DEBUG PrimaryStageWindow   - FXGLMainMenuDummyScene <- MainMenuScene
23:45:38.965 [JavaFX Application Thread] DEBUG Input                - Clearing active input actions
23:45:38.967 [JavaFX Application Thread] DEBUG GameApplicationServi - Removing overlay from FXGLMainMenuDummyScene and adding to FXGLLoadingScene
23:45:38.967 [JavaFX Application Thread] DEBUG PrimaryStageWindow   - FXGLMainMenuDummyScene -> FXGLLoadingScene
23:45:38.967 [JavaFX Application Thread] DEBUG GameApplicationServi - Clearing previous game
23:45:38.967 [JavaFX Application Thread] DEBUG GameScene            - Clearing game scene
23:45:38.967 [JavaFX Application Thread] DEBUG GameWorld            - Clearing game world
23:45:38.967 [JavaFX Application Thread] DEBUG PhysicsWorld         - Clearing physics world
23:45:38.967 [FXGL Background Thread 5 ] DEBUG FXGLApplication      - Initializing game
23:45:38.969 [FXGL Background Thread 5 ] INFO  FXGLApplication      - Game initialization took: 0.002 sec
23:45:38.969 [JavaFX Application Thread] DEBUG Input                - Clearing active input actions
23:45:38.970 [JavaFX Application Thread] DEBUG GameApplicationServi - Removing overlay from FXGLLoadingScene and adding to GameScene
23:45:38.970 [JavaFX Application Thread] DEBUG PrimaryStageWindow   - FXGLLoadingScene -> GameScene
23:45:39.423 [JavaFX Application Thread] DEBUG AudioPlayer          - Playing music com.almasb.fxgl.audio.Music@53e592fa
23:45:39.621 [JavaFX Application Thread] DEBUG PrimaryStageWindow   - Push state: InGameMenuScene
23:45:39.621 [JavaFX Application Thread] DEBUG Input                - Clearing active input actions
23:45:39.621 [JavaFX Application Thread] DEBUG GameApplicationServi - Removing overlay from GameScene and adding to InGameMenuScene
23:45:39.621 [JavaFX Application Thread] DEBUG PrimaryStageWindow   - GameScene -> InGameMenuScene
23:45:39.866 [JavaFX Application Thread] DEBUG AudioPlayer          - Playing music com.almasb.fxgl.audio.Music@53e592fa
23:45:40.107 [JavaFX Application Thread] DEBUG Menu                 - fireExitToMainMenu()
23:45:40.107 [JavaFX Application Thread] DEBUG PrimaryStageWindow   - Push state: DialogSubScene
23:45:40.107 [JavaFX Application Thread] DEBUG Input                - Clearing active input actions
23:45:40.108 [JavaFX Application Thread] DEBUG GameApplicationServi - Removing overlay from InGameMenuScene and adding to DialogSubScene
23:45:40.108 [JavaFX Application Thread] DEBUG PrimaryStageWindow   - InGameMenuScene -> DialogSubScene
23:45:40.903 [JavaFX Application Thread] DEBUG PrimaryStageWindow   - Pop state: DialogSubScene
23:45:40.903 [JavaFX Application Thread] DEBUG Input                - Clearing active input actions
23:45:40.903 [JavaFX Application Thread] DEBUG GameApplicationServi - Removing overlay from DialogSubScene and adding to InGameMenuScene
23:45:40.903 [JavaFX Application Thread] DEBUG PrimaryStageWindow   - InGameMenuScene <- DialogSubScene
23:45:40.903 [JavaFX Application Thread] DEBUG PrimaryStageWindow   - Pop state: InGameMenuScene
23:45:40.903 [JavaFX Application Thread] DEBUG Input                - Clearing active input actions
23:45:40.903 [JavaFX Application Thread] DEBUG GameApplicationServi - Removing overlay from InGameMenuScene and adding to GameScene
23:45:40.903 [JavaFX Application Thread] DEBUG PrimaryStageWindow   - GameScene <- InGameMenuScene
23:45:40.903 [JavaFX Application Thread] DEBUG Input                - Clearing active input actions
23:45:40.904 [JavaFX Application Thread] DEBUG GameApplicationServi - Removing overlay from GameScene and adding to FXGLMainMenuDummyScene
23:45:40.904 [JavaFX Application Thread] DEBUG PrimaryStageWindow   - GameScene -> FXGLMainMenuDummyScene
23:45:40.904 [JavaFX Application Thread] DEBUG PrimaryStageWindow   - Push state: MainMenuScene
23:45:40.904 [JavaFX Application Thread] DEBUG Input                - Clearing active input actions
23:45:40.905 [JavaFX Application Thread] DEBUG GameApplicationServi - Removing overlay from FXGLMainMenuDummyScene and adding to MainMenuScene
23:45:40.905 [JavaFX Application Thread] DEBUG PrimaryStageWindow   - FXGLMainMenuDummyScene -> MainMenuScene
23:45:40.905 [JavaFX Application Thread] DEBUG AudioPlayer          - Playing music com.almasb.fxgl.audio.Music@53e592fa
23:45:41.016 [JavaFX Application Thread] DEBUG AudioPlayer          - Playing music com.almasb.fxgl.audio.Music@53e592fa
23:45:41.300 [JavaFX Application Thread] DEBUG AudioPlayer          - Playing music com.almasb.fxgl.audio.Music@53e592fa
23:45:41.554 [JavaFX Application Thread] DEBUG AudioPlayer          - Playing music com.almasb.fxgl.audio.Music@53e592fa
23:45:41.714 [JavaFX Application Thread] DEBUG AudioPlayer          - Playing music com.almasb.fxgl.audio.Music@53e592fa
23:45:41.793 [JavaFX Application Thread] DEBUG AudioPlayer          - Playing music com.almasb.fxgl.audio.Music@53e592fa
23:45:42.215 [JavaFX Application Thread] DEBUG AudioPlayer          - Playing music com.almasb.fxgl.audio.Music@53e592fa
23:45:42.441 [JavaFX Application Thread] DEBUG PrimaryStageWindow   - Push state: DialogSubScene
23:45:42.441 [JavaFX Application Thread] DEBUG Input                - Clearing active input actions
23:45:42.442 [JavaFX Application Thread] DEBUG GameApplicationServi - Removing overlay from MainMenuScene and adding to DialogSubScene
23:45:42.442 [JavaFX Application Thread] DEBUG PrimaryStageWindow   - MainMenuScene -> DialogSubScene
23:45:43.242 [JavaFX Application Thread] DEBUG PrimaryStageWindow   - Pop state: DialogSubScene
23:45:43.242 [JavaFX Application Thread] DEBUG Input                - Clearing active input actions
23:45:43.243 [JavaFX Application Thread] DEBUG GameApplicationServi - Removing overlay from DialogSubScene and adding to MainMenuScene
23:45:43.243 [JavaFX Application Thread] DEBUG PrimaryStageWindow   - MainMenuScene <- DialogSubScene
23:45:43.243 [JavaFX Application Thread] DEBUG AudioPlayer          - Playing music com.almasb.fxgl.audio.Music@53e592fa
23:45:43.278 [JavaFX Application Thread] DEBUG AudioPlayer          - Playing music com.almasb.fxgl.audio.Music@53e592fa
23:45:43.338 [JavaFX Application Thread] DEBUG AudioPlayer          - Playing music com.almasb.fxgl.audio.Music@53e592fa
23:45:43.368 [JavaFX Application Thread] DEBUG AudioPlayer          - Playing music com.almasb.fxgl.audio.Music@53e592fa
23:45:43.407 [JavaFX Application Thread] DEBUG AudioPlayer          - Playing music com.almasb.fxgl.audio.Music@53e592fa
23:45:43.811 [JavaFX Application Thread] DEBUG AudioPlayer          - Playing music com.almasb.fxgl.audio.Music@53e592fa
23:45:43.879 [JavaFX Application Thread] DEBUG AudioPlayer          - Playing music com.almasb.fxgl.audio.Music@53e592fa
23:45:44.096 [JavaFX Application Thread] DEBUG AudioPlayer          - Playing music com.almasb.fxgl.audio.Music@53e592fa
23:45:46.211 [JavaFX Application Thread] DEBUG AudioPlayer          - Playing music com.almasb.fxgl.audio.Music@53e592fa
23:45:46.980 [JavaFX Application Thread] DEBUG AudioPlayer          - Playing music com.almasb.fxgl.audio.Music@53e592fa
23:45:48.770 [JavaFX Application Thread] DEBUG FXGLApplication      - Exiting FXGL
23:45:48.770 [JavaFX Application Thread] DEBUG LoopRunner           - Stopping loop
23:45:48.770 [JavaFX Application Thread] DEBUG SystemBundleService  - Saving FXGL system data
23:45:48.770 [JavaFX Application Thread] DEBUG FileSystemAccess     - Writing to: D:\Github\javaA-xiangqi-project-main-yxh-1125\system\fxgl.bundle
23:45:48.772 [JavaFX Application Thread] DEBUG Async                - Shutting down background threads
23:45:48.772 [JavaFX Application Thread] DEBUG PrimaryStageWindow   - Closing main window
23:45:48.795 [JavaFX Application Thread] DEBUG Logger               - Closing Logger
