20:54:11.046 [main                     ] DEBUG Logger               - Configured Logger
20:54:11.063 [main                     ] DEBUG GameApplication      - Logging settings
Title: 中国象棋 1.0
Version: 1.0
Width: 1316
Height: 1007
Fullscreen: false
Intro: false
Profiling: false
Single step:false
App Mode: DEVELOPER
Menu Key: ESCAPE
Stage Style: DECORATED
Scene Factory: class edu.sustech.xiangqi.XiangQiApp$1

20:54:11.422 [JavaFX Application Thread] DEBUG FXGLApplication      - Initializing FXGL
20:54:11.424 [JavaFX Application Thread] INFO  Engine               - FXGL-21.1 (27.03.2024 07.52) on WINDOWS (J:23.0.1 FX:21.0.1)
20:54:11.424 [JavaFX Application Thread] DEBUG Engine               - JRE Vendor Name: Oracle Corporation
20:54:11.424 [JavaFX Application Thread] DEBUG Engine               - Running on OS: Windows 11 version 10.0
20:54:11.424 [JavaFX Application Thread] DEBUG Engine               - Architecture: amd64
20:54:11.424 [JavaFX Application Thread] INFO  Engine               - Source code and latest versions at: https://github.com/AlmasB/FXGL
20:54:11.424 [JavaFX Application Thread] INFO  Engine               -       Ask questions and discuss at: https://github.com/AlmasB/FXGL/discussions
20:54:11.424 [JavaFX Application Thread] INFO  Engine               -              Join the FXGL chat at: https://gitter.im/AlmasB/FXGL
20:54:11.478 [JavaFX Application Thread] DEBUG PrimaryStageWindow   - Creating a JavaFX scene
20:54:11.503 [JavaFX Application Thread] DEBUG PrimaryStageWindow   - Target settings size: 1316.0 x 1007.0
20:54:11.504 [JavaFX Application Thread] DEBUG PrimaryStageWindow   - Scaled scene size:    1316.0 x 1007.0
20:54:11.504 [JavaFX Application Thread] DEBUG PrimaryStageWindow   - Scaled ratio: (1.0, 1.0)
20:54:11.505 [JavaFX Application Thread] DEBUG PrimaryStageWindow   - Set initial scene to FXGLStartupScene
20:54:11.506 [JavaFX Application Thread] DEBUG PrimaryStageWindow   - Opening main window
20:54:11.603 [JavaFX Application Thread] DEBUG PrimaryStageWindow   - Window border size: (14.6666259765625, 37.6666259765625)
20:54:11.603 [JavaFX Application Thread] DEBUG PrimaryStageWindow   - Scaled size: 1316.0 x 1007.0
20:54:11.604 [JavaFX Application Thread] DEBUG PrimaryStageWindow   - Scaled ratio: (1.0, 1.0)
20:54:11.604 [JavaFX Application Thread] DEBUG PrimaryStageWindow   - Scene size: 1316.0 x 1007.0
20:54:11.604 [JavaFX Application Thread] DEBUG PrimaryStageWindow   - Stage size: 1330.6666259765625 x 1044.6666259765625
20:54:11.608 [FXGL Background Thread 1 ] DEBUG Engine               - Initializing environment variables
20:54:11.647 [FXGL Background Thread 1 ] DEBUG FXGLAssetLoaderServi - User app class for loading assets: class edu.sustech.xiangqi.XiangQiApp
20:54:11.647 [FXGL Background Thread 1 ] DEBUG GameApplicationServi - Applying CSS: fxgl_dark.css
20:54:11.647 [FXGL Background Thread 1 ] DEBUG FXGLAssetLoaderServi - Loading from file system: jar:file:/C:/Users/20140/.m2/repository/com/github/almasb/fxgl/21.1/fxgl-21.1.jar!/fxglassets/ui/css/fxgl_dark.css
20:54:11.677 [FXGL Background Thread 1 ] DEBUG GameApplicationServi - Initializing application scenes
20:54:11.741 [FXGL Background Thread 1 ] DEBUG GameWorld            - Game world initialized
20:54:11.789 [FXGL Background Thread 1 ] DEBUG PhysicsWorld         - Physics world initialized: appHeight=1007, physics.ppm=50.0
20:54:11.790 [FXGL Background Thread 1 ] DEBUG PhysicsWorld         - Using strategy: BRUTE_FORCE
20:54:11.792 [FXGL Background Thread 1 ] DEBUG GameScene            - Game scene initialized: 1316x1007
20:54:11.799 [FXGL Background Thread 1 ] DEBUG FXGLAssetLoaderServi - Loading from file system: file:/D:/Github/javaA-xiangqi-project-main-yxh-1125/target/classes/assets/ui/fonts/HYPixel11pxU-2.ttf
20:54:11.821 [FXGL Background Thread 1 ] DEBUG FXGLAssetLoaderServi - Loading from file system: file:/D:/Github/javaA-xiangqi-project-main-yxh-1125/target/classes/assets/textures/Button1.png
20:54:11.832 [FXGL Background Thread 1 ] DEBUG FXGLAssetLoaderServi - Loading from file system: file:/D:/Github/javaA-xiangqi-project-main-yxh-1125/target/classes/assets/textures/Press.png
20:54:11.855 [FXGL Background Thread 1 ] DEBUG GameApplicationServi - Application scenes initialized
20:54:11.861 [FXGL Background Thread 1 ] DEBUG SystemBundleService  - Loading FXGL system data
20:54:11.863 [FXGL Background Thread 1 ] DEBUG FileSystemAccess     - Reading from: D:\Github\javaA-xiangqi-project-main-yxh-1125\system\fxgl.bundle
20:54:11.864 [FXGL Background Thread 1 ] DEBUG SystemBundleService  - Bundle FXGL: {}
20:54:11.864 [FXGL Background Thread 1 ] DEBUG UpdaterService       - Checking for updates
20:54:11.867 [FXGL Background Thread 4 ] DEBUG FXGLApplication      - Loading fonts
20:54:11.867 [FXGL Background Thread 4 ] DEBUG FXGLAssetLoaderServi - Loading from file system: jar:file:/C:/Users/20140/.m2/repository/com/github/almasb/fxgl/21.1/fxgl-21.1.jar!/fxglassets/ui/fonts/VarelaRound-Regular.ttf
20:54:11.867 [FXGL Background Thread 1 ] DEBUG FXGLApplication      - Loading default localization
20:54:11.867 [FXGL Background Thread 1 ] DEBUG FXGLAssetLoaderServi - Loading from file system: jar:file:/C:/Users/20140/.m2/repository/com/github/almasb/fxgl/21.1/fxgl-21.1.jar!/fxglassets/languages/english.lang
20:54:11.883 [FXGL Background Thread 4 ] DEBUG FXGLAssetLoaderServi - Loading from file system: jar:file:/C:/Users/20140/.m2/repository/com/github/almasb/fxgl/21.1/fxgl-21.1.jar!/fxglassets/ui/fonts/Abel-Regular.ttf
20:54:11.893 [FXGL Background Thread 4 ] DEBUG FXGLAssetLoaderServi - Loading from file system: jar:file:/C:/Users/20140/.m2/repository/com/github/almasb/fxgl/21.1/fxgl-21.1.jar!/fxglassets/ui/fonts/TerminalLandMono-Regular.otf
20:54:11.895 [FXGL Background Thread 1 ] INFO  FXGLApplication      - FXGL initialization took: 0.286 sec
20:54:11.901 [FXGL Background Thread 4 ] DEBUG FXGLAssetLoaderServi - Loading from file system: jar:file:/C:/Users/20140/.m2/repository/com/github/almasb/fxgl/21.1/fxgl-21.1.jar!/fxglassets/ui/fonts/Courier-Prime.ttf
20:54:11.901 [JavaFX Application Thread] DEBUG Input                - Registered new binding: Click - LMB
20:54:11.902 [JavaFX Application Thread] DEBUG FXGLAssetLoaderServi - Loading from file system: jar:file:/C:/Users/20140/.m2/repository/com/github/almasb/fxgl/21.1/fxgl-21.1.jar!/fxglassets/textures/fxgl_icon.png
20:54:11.920 [JavaFX Application Thread] DEBUG FXGLAssetLoaderServi - Loading from file system: jar:file:/C:/Users/20140/.m2/repository/com/github/almasb/fxgl/21.1/fxgl-21.1.jar!/fxglassets/textures/fxgl_default_cursor.png
20:54:11.928 [JavaFX Application Thread] DEBUG Input                - Registered new binding: Screenshot - CTRL+8
20:54:11.929 [JavaFX Application Thread] DEBUG Input                - Registered new binding: System info dump - CTRL+9
20:54:11.929 [JavaFX Application Thread] DEBUG Input                - Registered new binding: Restart - CTRL+R
20:54:11.929 [JavaFX Application Thread] DEBUG Input                - Registered new binding: Toggle Debug Camera - CTRL+7
20:54:11.931 [JavaFX Application Thread] DEBUG LoopRunner           - Starting loop
20:54:11.931 [JavaFX Application Thread] DEBUG LoopRunner           - Initializing JavaFX AnimationTimerLoop
20:54:11.934 [JavaFX Application Thread] DEBUG Input                - Clearing active input actions
20:54:11.938 [JavaFX Application Thread] DEBUG GameApplicationServi - Removing overlay from FXGLStartupScene and adding to FXGLMainMenuDummyScene
20:54:11.938 [JavaFX Application Thread] DEBUG PrimaryStageWindow   - FXGLStartupScene -> FXGLMainMenuDummyScene
20:54:11.938 [JavaFX Application Thread] DEBUG PrimaryStageWindow   - Push state: MainMenuScene
20:54:11.939 [JavaFX Application Thread] DEBUG Input                - Clearing active input actions
20:54:11.943 [JavaFX Application Thread] DEBUG GameApplicationServi - Removing overlay from FXGLMainMenuDummyScene and adding to MainMenuScene
20:54:11.943 [JavaFX Application Thread] DEBUG PrimaryStageWindow   - FXGLMainMenuDummyScene -> MainMenuScene
20:54:11.978 [JavaFX Application Thread] DEBUG FXGLApplication      - Registering font factories with UI factory
20:54:12.346 [JavaFX Application Thread] DEBUG FXGLAssetLoaderServi - Loading from file system: file:/D:/Github/javaA-xiangqi-project-main-yxh-1125/target/classes/assets/music/%e6%8c%89%e9%92%ae%e9%9f%b3%e6%95%881.mp3
20:54:12.425 [JavaFX Application Thread] DEBUG AudioPlayer          - Playing music com.almasb.fxgl.audio.Music@76a8af71
20:54:12.799 [JavaFX Application Thread] DEBUG AudioPlayer          - Playing music com.almasb.fxgl.audio.Music@76a8af71
20:54:12.875 [JavaFX Application Thread] DEBUG AudioPlayer          - Playing music com.almasb.fxgl.audio.Music@76a8af71
20:54:13.019 [JavaFX Application Thread] DEBUG AudioPlayer          - Playing music com.almasb.fxgl.audio.Music@76a8af71
20:54:13.252 [JavaFX Application Thread] DEBUG AudioPlayer          - Playing music com.almasb.fxgl.audio.Music@76a8af71
20:54:13.312 [JavaFX Application Thread] DEBUG AudioPlayer          - Playing music com.almasb.fxgl.audio.Music@76a8af71
20:54:13.682 [JavaFX Application Thread] DEBUG AudioPlayer          - Playing music com.almasb.fxgl.audio.Music@76a8af71
20:54:13.893 [JavaFX Application Thread] DEBUG Menu                 - fireNewGame()
20:54:13.893 [JavaFX Application Thread] DEBUG GameApplicationServi - Starting new game
20:54:13.894 [JavaFX Application Thread] DEBUG PrimaryStageWindow   - Pop state: MainMenuScene
20:54:13.894 [JavaFX Application Thread] DEBUG Input                - Clearing active input actions
20:54:13.894 [JavaFX Application Thread] DEBUG GameApplicationServi - Removing overlay from MainMenuScene and adding to FXGLMainMenuDummyScene
20:54:13.895 [JavaFX Application Thread] DEBUG PrimaryStageWindow   - FXGLMainMenuDummyScene <- MainMenuScene
20:54:13.895 [JavaFX Application Thread] DEBUG Input                - Clearing active input actions
20:54:13.898 [JavaFX Application Thread] DEBUG GameApplicationServi - Removing overlay from FXGLMainMenuDummyScene and adding to FXGLLoadingScene
20:54:13.898 [JavaFX Application Thread] DEBUG PrimaryStageWindow   - FXGLMainMenuDummyScene -> FXGLLoadingScene
20:54:13.898 [JavaFX Application Thread] DEBUG GameApplicationServi - Clearing previous game
20:54:13.898 [JavaFX Application Thread] DEBUG GameScene            - Clearing game scene
20:54:13.898 [JavaFX Application Thread] DEBUG GameWorld            - Clearing game world
20:54:13.898 [JavaFX Application Thread] DEBUG PhysicsWorld         - Clearing physics world
20:54:13.901 [FXGL Background Thread 2 ] DEBUG FXGLApplication      - Initializing game
20:54:13.911 [FXGL Background Thread 2 ] DEBUG FXGLAssetLoaderServi - Loading from file system: file:/D:/Github/javaA-xiangqi-project-main-yxh-1125/target/classes/assets/textures/%e8%83%8c%e6%99%af.jpg
20:54:13.965 [FXGL Background Thread 2 ] DEBUG FXGLAssetLoaderServi - Loading from file system: file:/D:/Github/javaA-xiangqi-project-main-yxh-1125/target/classes/assets/textures/ChessBoard.png
20:54:14.005 [FXGL Background Thread 2 ] DEBUG FXGLAssetLoaderServi - Loading from file system: file:/D:/Github/javaA-xiangqi-project-main-yxh-1125/target/classes/assets/textures/BlackChariot.png
20:54:14.017 [FXGL Background Thread 2 ] DEBUG FXGLAssetLoaderServi - Loading from file system: file:/D:/Github/javaA-xiangqi-project-main-yxh-1125/target/classes/assets/textures/BlackHorse.png
20:54:14.018 [FXGL Background Thread 2 ] DEBUG FXGLAssetLoaderServi - Loading from file system: file:/D:/Github/javaA-xiangqi-project-main-yxh-1125/target/classes/assets/textures/BlackElephant.png
20:54:14.019 [FXGL Background Thread 2 ] DEBUG FXGLAssetLoaderServi - Loading from file system: file:/D:/Github/javaA-xiangqi-project-main-yxh-1125/target/classes/assets/textures/BlackAdvisor.png
20:54:14.020 [FXGL Background Thread 2 ] DEBUG FXGLAssetLoaderServi - Loading from file system: file:/D:/Github/javaA-xiangqi-project-main-yxh-1125/target/classes/assets/textures/BlackGeneral.png
20:54:14.023 [FXGL Background Thread 2 ] DEBUG FXGLAssetLoaderServi - Loading from file system: file:/D:/Github/javaA-xiangqi-project-main-yxh-1125/target/classes/assets/textures/BlackCannon.png
20:54:14.024 [FXGL Background Thread 2 ] DEBUG FXGLAssetLoaderServi - Loading from file system: file:/D:/Github/javaA-xiangqi-project-main-yxh-1125/target/classes/assets/textures/BlackSoldier.png
20:54:14.027 [FXGL Background Thread 2 ] DEBUG FXGLAssetLoaderServi - Loading from file system: file:/D:/Github/javaA-xiangqi-project-main-yxh-1125/target/classes/assets/textures/RedSoldier.png
20:54:14.029 [FXGL Background Thread 2 ] DEBUG FXGLAssetLoaderServi - Loading from file system: file:/D:/Github/javaA-xiangqi-project-main-yxh-1125/target/classes/assets/textures/RedCannon.png
20:54:14.030 [FXGL Background Thread 2 ] DEBUG FXGLAssetLoaderServi - Loading from file system: file:/D:/Github/javaA-xiangqi-project-main-yxh-1125/target/classes/assets/textures/RedChariot.png
20:54:14.031 [FXGL Background Thread 2 ] DEBUG FXGLAssetLoaderServi - Loading from file system: file:/D:/Github/javaA-xiangqi-project-main-yxh-1125/target/classes/assets/textures/RedHorse.png
20:54:14.032 [FXGL Background Thread 2 ] DEBUG FXGLAssetLoaderServi - Loading from file system: file:/D:/Github/javaA-xiangqi-project-main-yxh-1125/target/classes/assets/textures/RedElephant.png
20:54:14.033 [FXGL Background Thread 2 ] DEBUG FXGLAssetLoaderServi - Loading from file system: file:/D:/Github/javaA-xiangqi-project-main-yxh-1125/target/classes/assets/textures/RedAdvisor.png
20:54:14.033 [FXGL Background Thread 2 ] DEBUG FXGLAssetLoaderServi - Loading from file system: file:/D:/Github/javaA-xiangqi-project-main-yxh-1125/target/classes/assets/textures/RedGeneral.png
20:54:14.046 [FXGL Background Thread 2 ] INFO  FXGLApplication      - Game initialization took: 0.145 sec
20:54:14.046 [JavaFX Application Thread] DEBUG Input                - Clearing active input actions
20:54:14.051 [JavaFX Application Thread] DEBUG GameApplicationServi - Removing overlay from FXGLLoadingScene and adding to GameScene
20:54:14.051 [JavaFX Application Thread] DEBUG PrimaryStageWindow   - FXGLLoadingScene -> GameScene
20:54:14.107 [JavaFX Application Thread] DEBUG AudioPlayer          - Playing music com.almasb.fxgl.audio.Music@76a8af71
20:54:14.192 [JavaFX Application Thread] DEBUG AudioPlayer          - Playing music com.almasb.fxgl.audio.Music@76a8af71
20:54:14.867 [FXGL Background Thread 3 ] DEBUG Engine               - Logging environment variables
20:54:14.867 [FXGL Background Thread 3 ] DEBUG Engine               - achievements: []
20:54:14.867 [FXGL Background Thread 3 ] DEBUG Engine               - actualHeight: 1007.0
20:54:14.867 [FXGL Background Thread 3 ] DEBUG Engine               - actualHeightProperty: ReadOnlyDoubleProperty [value: 1007.0]
20:54:14.867 [FXGL Background Thread 3 ] DEBUG Engine               - actualWidth: 1316.0
20:54:14.867 [FXGL Background Thread 3 ] DEBUG Engine               - actualWidthProperty: ReadOnlyDoubleProperty [value: 1316.0]
20:54:14.867 [FXGL Background Thread 3 ] DEBUG Engine               - appIcon: fxgl_icon.png
20:54:14.867 [FXGL Background Thread 3 ] DEBUG Engine               - applicationMode: DEVELOPER
20:54:14.867 [FXGL Background Thread 3 ] DEBUG Engine               - cSSList: [fxgl_dark.css]
20:54:14.867 [FXGL Background Thread 3 ] DEBUG Engine               - collisionDetectionStrategy: BRUTE_FORCE
20:54:14.867 [FXGL Background Thread 3 ] DEBUG Engine               - configClass: Optional.empty
20:54:14.867 [FXGL Background Thread 3 ] DEBUG Engine               - credits: []
20:54:14.869 [FXGL Background Thread 3 ] DEBUG Engine               - defaultCursor: CursorInfo(imageName=fxgl_default_cursor.png, hotspotX=7.0, hotspotY=6.0)
20:54:14.869 [FXGL Background Thread 3 ] DEBUG Engine               - devBBoxColorProperty: ObjectProperty [value: 0xff0000ff]
20:54:14.869 [FXGL Background Thread 3 ] DEBUG Engine               - devEnableDebugCameraProperty: BooleanProperty [value: false]
20:54:14.869 [FXGL Background Thread 3 ] DEBUG Engine               - devSensorColorProperty: ObjectProperty [value: 0xffff00ff]
20:54:14.869 [FXGL Background Thread 3 ] DEBUG Engine               - devShowBBoxProperty: BooleanProperty [value: false]
20:54:14.869 [FXGL Background Thread 3 ] DEBUG Engine               - devShowPositionProperty: BooleanProperty [value: false]
20:54:14.869 [FXGL Background Thread 3 ] DEBUG Engine               - enabledMenuItems: []
20:54:14.869 [FXGL Background Thread 3 ] DEBUG Engine               - engineServices: [class com.almasb.fxgl.app.services.FXGLAssetLoaderService, class com.almasb.fxgl.app.FXGLApplication$GameApplicationService, class com.almasb.fxgl.app.services.FXGLDialogService, class com.almasb.fxgl.app.services.IOTaskExecutorService, class com.almasb.fxgl.io.FileSystemService, class com.almasb.fxgl.localization.LocalizationService, class com.almasb.fxgl.app.services.SystemBundleService, class com.almasb.fxgl.profile.SaveLoadService, class com.almasb.fxgl.ui.FXGLUIFactoryServiceProvider, class com.almasb.fxgl.ui.FXGLDialogFactoryServiceProvider, class com.almasb.fxgl.audio.AudioPlayer, class com.almasb.fxgl.notification.impl.NotificationServiceProvider, class com.almasb.fxgl.achievement.AchievementService, class com.almasb.fxgl.cutscene.CutsceneService, class com.almasb.fxgl.minigames.MiniGameService, class com.almasb.fxgl.net.NetService, class com.almasb.fxgl.app.services.UpdaterService, class com.almasb.fxgl.dev.DevService]
20:54:14.869 [FXGL Background Thread 3 ] DEBUG Engine               - fontGame: Abel-Regular.ttf
20:54:14.869 [FXGL Background Thread 3 ] DEBUG Engine               - fontMono: TerminalLandMono-Regular.otf
20:54:14.869 [FXGL Background Thread 3 ] DEBUG Engine               - fontSizeScaleUI: 1.0
20:54:14.869 [FXGL Background Thread 3 ] DEBUG Engine               - fontText: Courier-Prime.ttf
20:54:14.869 [FXGL Background Thread 3 ] DEBUG Engine               - fontUI: VarelaRound-Regular.ttf
20:54:14.869 [FXGL Background Thread 3 ] DEBUG Engine               - fullScreen: BooleanProperty [value: false]
20:54:14.869 [FXGL Background Thread 3 ] DEBUG Engine               - gameDifficulty: MEDIUM
20:54:14.869 [FXGL Background Thread 3 ] DEBUG Engine               - gameDifficultyProperty: ObjectProperty [value: MEDIUM]
20:54:14.869 [FXGL Background Thread 3 ] DEBUG Engine               - globalMusicVolume: 0.5
20:54:14.869 [FXGL Background Thread 3 ] DEBUG Engine               - globalMusicVolumeProperty: DoubleProperty [value: 0.5]
20:54:14.869 [FXGL Background Thread 3 ] DEBUG Engine               - globalSoundVolume: 0.5
20:54:14.869 [FXGL Background Thread 3 ] DEBUG Engine               - globalSoundVolumeProperty: DoubleProperty [value: 0.5]
20:54:14.869 [FXGL Background Thread 3 ] DEBUG Engine               - height: 1007
20:54:14.869 [FXGL Background Thread 3 ] DEBUG Engine               - is3D: false
20:54:14.869 [FXGL Background Thread 3 ] DEBUG Engine               - isAndroid: false
20:54:14.869 [FXGL Background Thread 3 ] DEBUG Engine               - isBrowser: false
20:54:14.869 [FXGL Background Thread 3 ] DEBUG Engine               - isClickFeedbackEnabled: false
20:54:14.869 [FXGL Background Thread 3 ] DEBUG Engine               - isCloseConfirmation: false
20:54:14.869 [FXGL Background Thread 3 ] DEBUG Engine               - isDesktop: true
20:54:14.869 [FXGL Background Thread 3 ] DEBUG Engine               - isDeveloperMenuEnabled: false
20:54:14.869 [FXGL Background Thread 3 ] DEBUG Engine               - isEmbedded: false
20:54:14.869 [FXGL Background Thread 3 ] DEBUG Engine               - isEntityPreloadEnabled: true
20:54:14.869 [FXGL Background Thread 3 ] DEBUG Engine               - isExperimentalTiledLargeMap: false
20:54:14.869 [FXGL Background Thread 3 ] DEBUG Engine               - isFileSystemWriteAllowed: true
20:54:14.869 [FXGL Background Thread 3 ] DEBUG Engine               - isFullScreenAllowed: false
20:54:14.869 [FXGL Background Thread 3 ] DEBUG Engine               - isFullScreenFromStart: false
20:54:14.869 [FXGL Background Thread 3 ] DEBUG Engine               - isGameMenuEnabled: true
20:54:14.869 [FXGL Background Thread 3 ] DEBUG Engine               - isIOS: false
20:54:14.869 [FXGL Background Thread 3 ] DEBUG Engine               - isIntroEnabled: false
20:54:14.869 [FXGL Background Thread 3 ] DEBUG Engine               - isLinux: false
20:54:14.869 [FXGL Background Thread 3 ] DEBUG Engine               - isMac: false
20:54:14.869 [FXGL Background Thread 3 ] DEBUG Engine               - isMainMenuEnabled: true
20:54:14.869 [FXGL Background Thread 3 ] DEBUG Engine               - isManualResizeEnabled: false
20:54:14.869 [FXGL Background Thread 3 ] DEBUG Engine               - isMobile: false
20:54:14.869 [FXGL Background Thread 3 ] DEBUG Engine               - isNative: false
20:54:14.869 [FXGL Background Thread 3 ] DEBUG Engine               - isPauseMusicWhenMinimized: true
20:54:14.869 [FXGL Background Thread 3 ] DEBUG Engine               - isPreserveResizeRatio: false
20:54:14.869 [FXGL Background Thread 3 ] DEBUG Engine               - isProfilingEnabled: false
20:54:14.869 [FXGL Background Thread 3 ] DEBUG Engine               - isScaleAffectedOnResize: true
20:54:14.869 [FXGL Background Thread 3 ] DEBUG Engine               - isSingleStep: false
20:54:14.869 [FXGL Background Thread 3 ] DEBUG Engine               - isUserProfileEnabled: false
20:54:14.869 [FXGL Background Thread 3 ] DEBUG Engine               - isWindows: true
20:54:14.869 [FXGL Background Thread 3 ] DEBUG Engine               - language: ObjectProperty [value: ENGLISH]
20:54:14.869 [FXGL Background Thread 3 ] DEBUG Engine               - menuKey: ESCAPE
20:54:14.869 [FXGL Background Thread 3 ] DEBUG Engine               - mouseSensitivity: 0.2
20:54:14.870 [FXGL Background Thread 3 ] DEBUG Engine               - notificationViewClass: class com.almasb.fxgl.notification.view.XboxNotificationView
20:54:14.870 [FXGL Background Thread 3 ] DEBUG Engine               - pixelsPerMeter: 50.0
20:54:14.870 [FXGL Background Thread 3 ] DEBUG Engine               - platform: WINDOWS
20:54:14.870 [FXGL Background Thread 3 ] DEBUG Engine               - prefHeightProperty: ReadOnlyDoubleProperty [value: 1007.0]
20:54:14.870 [FXGL Background Thread 3 ] DEBUG Engine               - prefWidthProperty: ReadOnlyDoubleProperty [value: 1316.0]
20:54:14.870 [FXGL Background Thread 3 ] DEBUG Engine               - profileDir: profiles/
20:54:14.870 [FXGL Background Thread 3 ] DEBUG Engine               - profileName: StringProperty [value: DEFAULT]
20:54:14.870 [FXGL Background Thread 3 ] DEBUG Engine               - randomSeed: -1
20:54:14.870 [FXGL Background Thread 3 ] DEBUG Engine               - runtimeInfo: RuntimeInfo(platform=WINDOWS, version=21.1, build=27.03.2024 07.52)
20:54:14.870 [FXGL Background Thread 3 ] DEBUG Engine               - saveFileExt: sav
20:54:14.870 [FXGL Background Thread 3 ] DEBUG Engine               - scaledHeightProp$fxgl: DoubleProperty [bound, value: 1007.0]
20:54:14.870 [FXGL Background Thread 3 ] DEBUG Engine               - scaledWidthProp$fxgl: DoubleProperty [bound, value: 1316.0]
20:54:14.870 [FXGL Background Thread 3 ] DEBUG Engine               - sceneFactory: edu.sustech.xiangqi.XiangQiApp$1@19e7072d
20:54:14.870 [FXGL Background Thread 3 ] DEBUG Engine               - secondsIn24h: 60
20:54:14.870 [FXGL Background Thread 3 ] DEBUG Engine               - soundMenuBack: menu/back.wav
20:54:14.870 [FXGL Background Thread 3 ] DEBUG Engine               - soundMenuPress: menu/press.wav
20:54:14.870 [FXGL Background Thread 3 ] DEBUG Engine               - soundMenuSelect: menu/select.wav
20:54:14.870 [FXGL Background Thread 3 ] DEBUG Engine               - soundNotification: core/notification.wav
20:54:14.870 [FXGL Background Thread 3 ] DEBUG Engine               - stageStyle: DECORATED
20:54:14.870 [FXGL Background Thread 3 ] DEBUG Engine               - supportedLanguages: [ENGLISH, FRENCH, GERMAN, HUNGARIAN, RUSSIAN]
20:54:14.870 [FXGL Background Thread 3 ] DEBUG Engine               - ticksPerSecond: -1
20:54:14.870 [FXGL Background Thread 3 ] DEBUG Engine               - title: 中国象棋 1.0
20:54:14.870 [FXGL Background Thread 3 ] DEBUG Engine               - urlGithub: https://github.com/AlmasB/FXGL
20:54:14.870 [FXGL Background Thread 3 ] DEBUG Engine               - urlLeaderboard: http://fxgl-top.herokuapp.com/
20:54:14.870 [FXGL Background Thread 3 ] DEBUG Engine               - urlPOM: https://raw.githubusercontent.com/AlmasB/FXGL/release/README.md
20:54:14.870 [FXGL Background Thread 3 ] DEBUG Engine               - userAppClass: class edu.sustech.xiangqi.XiangQiApp
20:54:14.870 [FXGL Background Thread 3 ] DEBUG Engine               - version: 1.0
20:54:14.870 [FXGL Background Thread 3 ] DEBUG Engine               - versionCheckDays: 7
20:54:14.870 [FXGL Background Thread 3 ] DEBUG Engine               - width: 1316
20:54:14.870 [FXGL Background Thread 3 ] DEBUG Engine               - Logging services
20:54:14.870 [FXGL Background Thread 3 ] DEBUG Engine               - class com.almasb.fxgl.app.services.FXGLAssetLoaderService
20:54:14.870 [FXGL Background Thread 3 ] DEBUG Engine               - class com.almasb.fxgl.app.FXGLApplication$GameApplicationService
20:54:14.870 [FXGL Background Thread 3 ] DEBUG Engine               - class com.almasb.fxgl.app.services.FXGLDialogService
20:54:14.870 [FXGL Background Thread 3 ] DEBUG Engine               - class com.almasb.fxgl.app.services.IOTaskExecutorService
20:54:14.870 [FXGL Background Thread 3 ] DEBUG Engine               - class com.almasb.fxgl.io.FileSystemService
20:54:14.870 [FXGL Background Thread 3 ] DEBUG Engine               - class com.almasb.fxgl.localization.LocalizationService
20:54:14.870 [FXGL Background Thread 3 ] DEBUG Engine               - class com.almasb.fxgl.app.services.SystemBundleService
20:54:14.870 [FXGL Background Thread 3 ] DEBUG Engine               - class com.almasb.fxgl.profile.SaveLoadService
20:54:14.870 [FXGL Background Thread 3 ] DEBUG Engine               - class com.almasb.fxgl.ui.FXGLUIFactoryServiceProvider
20:54:14.870 [FXGL Background Thread 3 ] DEBUG Engine               - class com.almasb.fxgl.ui.FXGLDialogFactoryServiceProvider
20:54:14.870 [FXGL Background Thread 3 ] DEBUG Engine               - class com.almasb.fxgl.audio.AudioPlayer
20:54:14.870 [FXGL Background Thread 3 ] DEBUG Engine               - class com.almasb.fxgl.notification.impl.NotificationServiceProvider
20:54:14.870 [FXGL Background Thread 3 ] DEBUG Engine               - class com.almasb.fxgl.achievement.AchievementService
20:54:14.870 [FXGL Background Thread 3 ] DEBUG Engine               - class com.almasb.fxgl.cutscene.CutsceneService
20:54:14.870 [FXGL Background Thread 3 ] DEBUG Engine               - class com.almasb.fxgl.minigames.MiniGameService
20:54:14.870 [FXGL Background Thread 3 ] DEBUG Engine               - class com.almasb.fxgl.net.NetService
20:54:14.870 [FXGL Background Thread 3 ] DEBUG Engine               - class com.almasb.fxgl.app.services.UpdaterService
20:54:14.870 [FXGL Background Thread 3 ] DEBUG Engine               - class com.almasb.fxgl.dev.DevService
20:54:15.463 [JavaFX Application Thread] DEBUG AudioPlayer          - Playing music com.almasb.fxgl.audio.Music@76a8af71
20:54:16.024 [JavaFX Application Thread] DEBUG FXGLAssetLoaderServi - Loading from file system: file:/D:/Github/javaA-xiangqi-project-main-yxh-1125/target/classes/assets/textures/%e9%80%89%e4%b8%ad.png
20:54:16.849 [JavaFX Application Thread] DEBUG AudioPlayer          - Playing music com.almasb.fxgl.audio.Music@76a8af71
20:54:16.977 [JavaFX Application Thread] DEBUG AudioPlayer          - Playing music com.almasb.fxgl.audio.Music@76a8af71
20:54:17.803 [JavaFX Application Thread] DEBUG AudioPlayer          - Playing music com.almasb.fxgl.audio.Music@76a8af71
20:54:19.654 [JavaFX Application Thread] DEBUG AudioPlayer          - Playing music com.almasb.fxgl.audio.Music@76a8af71
20:54:19.902 [JavaFX Application Thread] DEBUG AudioPlayer          - Playing music com.almasb.fxgl.audio.Music@76a8af71
20:54:21.818 [JavaFX Application Thread] DEBUG AudioPlayer          - Playing music com.almasb.fxgl.audio.Music@76a8af71
20:54:22.151 [JavaFX Application Thread] DEBUG AudioPlayer          - Playing music com.almasb.fxgl.audio.Music@76a8af71
20:54:23.377 [JavaFX Application Thread] DEBUG AudioPlayer          - Playing music com.almasb.fxgl.audio.Music@76a8af71
20:54:23.497 [JavaFX Application Thread] DEBUG AudioPlayer          - Playing music com.almasb.fxgl.audio.Music@76a8af71
20:54:27.815 [JavaFX Application Thread] DEBUG AudioPlayer          - Playing music com.almasb.fxgl.audio.Music@76a8af71
20:54:31.641 [JavaFX Application Thread] DEBUG AudioPlayer          - Playing music com.almasb.fxgl.audio.Music@76a8af71
20:54:31.916 [JavaFX Application Thread] DEBUG AudioPlayer          - Playing music com.almasb.fxgl.audio.Music@76a8af71
20:54:32.003 [JavaFX Application Thread] DEBUG AudioPlayer          - Playing music com.almasb.fxgl.audio.Music@76a8af71
20:54:34.525 [JavaFX Application Thread] DEBUG AudioPlayer          - Playing music com.almasb.fxgl.audio.Music@76a8af71
20:54:37.613 [JavaFX Application Thread] DEBUG AudioPlayer          - Playing music com.almasb.fxgl.audio.Music@76a8af71
20:54:40.607 [JavaFX Application Thread] DEBUG AudioPlayer          - Playing music com.almasb.fxgl.audio.Music@76a8af71
20:54:40.621 [JavaFX Application Thread] DEBUG AudioPlayer          - Playing music com.almasb.fxgl.audio.Music@76a8af71
20:54:42.093 [JavaFX Application Thread] DEBUG AudioPlayer          - Playing music com.almasb.fxgl.audio.Music@76a8af71
20:54:46.778 [JavaFX Application Thread] DEBUG AudioPlayer          - Playing music com.almasb.fxgl.audio.Music@76a8af71
20:54:50.801 [JavaFX Application Thread] DEBUG AudioPlayer          - Playing music com.almasb.fxgl.audio.Music@76a8af71
20:54:50.818 [JavaFX Application Thread] DEBUG AudioPlayer          - Playing music com.almasb.fxgl.audio.Music@76a8af71
20:54:51.208 [JavaFX Application Thread] DEBUG AudioPlayer          - Playing music com.almasb.fxgl.audio.Music@76a8af71
20:54:56.502 [JavaFX Application Thread] DEBUG AudioPlayer          - Playing music com.almasb.fxgl.audio.Music@76a8af71
20:55:00.542 [JavaFX Application Thread] DEBUG AudioPlayer          - Playing music com.almasb.fxgl.audio.Music@76a8af71
20:55:09.703 [JavaFX Application Thread] DEBUG AudioPlayer          - Playing music com.almasb.fxgl.audio.Music@76a8af71
20:55:11.196 [JavaFX Application Thread] DEBUG AudioPlayer          - Playing music com.almasb.fxgl.audio.Music@76a8af71
20:55:13.360 [JavaFX Application Thread] DEBUG AudioPlayer          - Playing music com.almasb.fxgl.audio.Music@76a8af71
20:55:16.049 [JavaFX Application Thread] DEBUG AudioPlayer          - Playing music com.almasb.fxgl.audio.Music@76a8af71
20:55:16.692 [JavaFX Application Thread] DEBUG AudioPlayer          - Playing music com.almasb.fxgl.audio.Music@76a8af71
20:55:20.106 [JavaFX Application Thread] DEBUG AudioPlayer          - Playing music com.almasb.fxgl.audio.Music@76a8af71
20:55:20.184 [JavaFX Application Thread] DEBUG AudioPlayer          - Playing music com.almasb.fxgl.audio.Music@76a8af71
20:55:20.739 [JavaFX Application Thread] DEBUG AudioPlayer          - Playing music com.almasb.fxgl.audio.Music@76a8af71
20:55:20.760 [JavaFX Application Thread] DEBUG AudioPlayer          - Playing music com.almasb.fxgl.audio.Music@76a8af71
20:55:21.525 [JavaFX Application Thread] DEBUG AudioPlayer          - Playing music com.almasb.fxgl.audio.Music@76a8af71
20:55:21.649 [JavaFX Application Thread] DEBUG AudioPlayer          - Playing music com.almasb.fxgl.audio.Music@76a8af71
20:55:22.015 [JavaFX Application Thread] DEBUG AudioPlayer          - Playing music com.almasb.fxgl.audio.Music@76a8af71
20:55:23.044 [JavaFX Application Thread] DEBUG AudioPlayer          - Playing music com.almasb.fxgl.audio.Music@76a8af71
20:55:23.051 [JavaFX Application Thread] DEBUG AudioPlayer          - Playing music com.almasb.fxgl.audio.Music@76a8af71
20:55:23.076 [JavaFX Application Thread] DEBUG AudioPlayer          - Playing music com.almasb.fxgl.audio.Music@76a8af71
20:55:23.986 [JavaFX Application Thread] DEBUG FXGLApplication      - Exiting FXGL
20:55:23.986 [JavaFX Application Thread] DEBUG LoopRunner           - Stopping loop
20:55:23.986 [JavaFX Application Thread] DEBUG SystemBundleService  - Saving FXGL system data
20:55:23.988 [JavaFX Application Thread] DEBUG FileSystemAccess     - Writing to: D:\Github\javaA-xiangqi-project-main-yxh-1125\system\fxgl.bundle
20:55:23.988 [JavaFX Application Thread] DEBUG Async                - Shutting down background threads
20:55:23.988 [JavaFX Application Thread] DEBUG PrimaryStageWindow   - Closing main window
20:55:24.010 [JavaFX Application Thread] DEBUG Logger               - Closing Logger
