20:57:19.407 [main                     ] DEBUG Logger               - Configured Logger
20:57:19.424 [main                     ] DEBUG GameApplication      - Logging settings
Title: 中国象棋 1.0
Version: 1.0
Width: 1316
Height: 1007
Fullscreen: false
Intro: false
Profiling: false
Single step:false
App Mode: DEVELOPER
Menu Key: ESCAPE
Stage Style: DECORATED
Scene Factory: class edu.sustech.xiangqi.XiangQiApp$1

20:57:19.771 [JavaFX Application Thread] DEBUG FXGLApplication      - Initializing FXGL
20:57:19.773 [JavaFX Application Thread] INFO  Engine               - FXGL-21.1 (27.03.2024 07.52) on WINDOWS (J:23.0.1 FX:21.0.1)
20:57:19.773 [JavaFX Application Thread] DEBUG Engine               - JRE Vendor Name: Oracle Corporation
20:57:19.773 [JavaFX Application Thread] DEBUG Engine               - Running on OS: Windows 11 version 10.0
20:57:19.773 [JavaFX Application Thread] DEBUG Engine               - Architecture: amd64
20:57:19.773 [JavaFX Application Thread] INFO  Engine               - Source code and latest versions at: https://github.com/AlmasB/FXGL
20:57:19.773 [JavaFX Application Thread] INFO  Engine               -       Ask questions and discuss at: https://github.com/AlmasB/FXGL/discussions
20:57:19.774 [JavaFX Application Thread] INFO  Engine               -              Join the FXGL chat at: https://gitter.im/AlmasB/FXGL
20:57:19.829 [JavaFX Application Thread] DEBUG PrimaryStageWindow   - Creating a JavaFX scene
20:57:19.854 [JavaFX Application Thread] DEBUG PrimaryStageWindow   - Target settings size: 1316.0 x 1007.0
20:57:19.854 [JavaFX Application Thread] DEBUG PrimaryStageWindow   - Scaled scene size:    1316.0 x 1007.0
20:57:19.854 [JavaFX Application Thread] DEBUG PrimaryStageWindow   - Scaled ratio: (1.0, 1.0)
20:57:19.855 [JavaFX Application Thread] DEBUG PrimaryStageWindow   - Set initial scene to FXGLStartupScene
20:57:19.856 [JavaFX Application Thread] DEBUG PrimaryStageWindow   - Opening main window
20:57:19.948 [JavaFX Application Thread] DEBUG PrimaryStageWindow   - Window border size: (14.6666259765625, 37.6666259765625)
20:57:19.948 [JavaFX Application Thread] DEBUG PrimaryStageWindow   - Scaled size: 1316.0 x 1007.0
20:57:19.948 [JavaFX Application Thread] DEBUG PrimaryStageWindow   - Scaled ratio: (1.0, 1.0)
20:57:19.949 [JavaFX Application Thread] DEBUG PrimaryStageWindow   - Scene size: 1316.0 x 1007.0
20:57:19.949 [JavaFX Application Thread] DEBUG PrimaryStageWindow   - Stage size: 1330.6666259765625 x 1044.6666259765625
20:57:19.957 [FXGL Background Thread 1 ] DEBUG Engine               - Initializing environment variables
20:57:19.990 [FXGL Background Thread 1 ] DEBUG FXGLAssetLoaderServi - User app class for loading assets: class edu.sustech.xiangqi.XiangQiApp
20:57:19.990 [FXGL Background Thread 1 ] DEBUG GameApplicationServi - Applying CSS: fxgl_dark.css
20:57:19.991 [FXGL Background Thread 1 ] DEBUG FXGLAssetLoaderServi - Loading from file system: jar:file:/C:/Users/20140/.m2/repository/com/github/almasb/fxgl/21.1/fxgl-21.1.jar!/fxglassets/ui/css/fxgl_dark.css
20:57:20.024 [FXGL Background Thread 1 ] DEBUG GameApplicationServi - Initializing application scenes
20:57:20.085 [FXGL Background Thread 1 ] DEBUG GameWorld            - Game world initialized
20:57:20.133 [FXGL Background Thread 1 ] DEBUG PhysicsWorld         - Physics world initialized: appHeight=1007, physics.ppm=50.0
20:57:20.133 [FXGL Background Thread 1 ] DEBUG PhysicsWorld         - Using strategy: BRUTE_FORCE
20:57:20.135 [FXGL Background Thread 1 ] DEBUG GameScene            - Game scene initialized: 1316x1007
20:57:20.141 [FXGL Background Thread 1 ] DEBUG FXGLAssetLoaderServi - Loading from file system: file:/D:/Github/javaA-xiangqi-project-main-yxh-1125/target/classes/assets/ui/fonts/HYPixel11pxU-2.ttf
20:57:20.166 [FXGL Background Thread 1 ] DEBUG FXGLAssetLoaderServi - Loading from file system: file:/D:/Github/javaA-xiangqi-project-main-yxh-1125/target/classes/assets/textures/Button1.png
20:57:20.178 [FXGL Background Thread 1 ] DEBUG FXGLAssetLoaderServi - Loading from file system: file:/D:/Github/javaA-xiangqi-project-main-yxh-1125/target/classes/assets/textures/Press.png
20:57:20.203 [FXGL Background Thread 1 ] DEBUG GameApplicationServi - Application scenes initialized
20:57:20.212 [FXGL Background Thread 1 ] DEBUG SystemBundleService  - Loading FXGL system data
20:57:20.213 [FXGL Background Thread 1 ] DEBUG FileSystemAccess     - Reading from: D:\Github\javaA-xiangqi-project-main-yxh-1125\system\fxgl.bundle
20:57:20.214 [FXGL Background Thread 1 ] DEBUG SystemBundleService  - Bundle FXGL: {}
20:57:20.215 [FXGL Background Thread 1 ] DEBUG UpdaterService       - Checking for updates
20:57:20.219 [FXGL Background Thread 4 ] DEBUG FXGLApplication      - Loading fonts
20:57:20.219 [FXGL Background Thread 4 ] DEBUG FXGLAssetLoaderServi - Loading from file system: jar:file:/C:/Users/20140/.m2/repository/com/github/almasb/fxgl/21.1/fxgl-21.1.jar!/fxglassets/ui/fonts/VarelaRound-Regular.ttf
20:57:20.219 [FXGL Background Thread 1 ] DEBUG FXGLApplication      - Loading default localization
20:57:20.219 [FXGL Background Thread 1 ] DEBUG FXGLAssetLoaderServi - Loading from file system: jar:file:/C:/Users/20140/.m2/repository/com/github/almasb/fxgl/21.1/fxgl-21.1.jar!/fxglassets/languages/english.lang
20:57:20.233 [FXGL Background Thread 4 ] DEBUG FXGLAssetLoaderServi - Loading from file system: jar:file:/C:/Users/20140/.m2/repository/com/github/almasb/fxgl/21.1/fxgl-21.1.jar!/fxglassets/ui/fonts/Abel-Regular.ttf
20:57:20.243 [FXGL Background Thread 4 ] DEBUG FXGLAssetLoaderServi - Loading from file system: jar:file:/C:/Users/20140/.m2/repository/com/github/almasb/fxgl/21.1/fxgl-21.1.jar!/fxglassets/ui/fonts/TerminalLandMono-Regular.otf
20:57:20.249 [FXGL Background Thread 1 ] INFO  FXGLApplication      - FXGL initialization took: 0.292 sec
20:57:20.252 [FXGL Background Thread 4 ] DEBUG FXGLAssetLoaderServi - Loading from file system: jar:file:/C:/Users/20140/.m2/repository/com/github/almasb/fxgl/21.1/fxgl-21.1.jar!/fxglassets/ui/fonts/Courier-Prime.ttf
20:57:20.254 [JavaFX Application Thread] DEBUG Input                - Registered new binding: Click - LMB
20:57:20.262 [JavaFX Application Thread] DEBUG FXGLAssetLoaderServi - Loading from file system: jar:file:/C:/Users/20140/.m2/repository/com/github/almasb/fxgl/21.1/fxgl-21.1.jar!/fxglassets/textures/fxgl_icon.png
20:57:20.282 [JavaFX Application Thread] DEBUG FXGLAssetLoaderServi - Loading from file system: jar:file:/C:/Users/20140/.m2/repository/com/github/almasb/fxgl/21.1/fxgl-21.1.jar!/fxglassets/textures/fxgl_default_cursor.png
20:57:20.290 [JavaFX Application Thread] DEBUG Input                - Registered new binding: Screenshot - CTRL+8
20:57:20.290 [JavaFX Application Thread] DEBUG Input                - Registered new binding: System info dump - CTRL+9
20:57:20.291 [JavaFX Application Thread] DEBUG Input                - Registered new binding: Restart - CTRL+R
20:57:20.292 [JavaFX Application Thread] DEBUG Input                - Registered new binding: Toggle Debug Camera - CTRL+7
20:57:20.297 [JavaFX Application Thread] DEBUG LoopRunner           - Starting loop
20:57:20.297 [JavaFX Application Thread] DEBUG LoopRunner           - Initializing JavaFX AnimationTimerLoop
20:57:20.301 [JavaFX Application Thread] DEBUG Input                - Clearing active input actions
20:57:20.306 [JavaFX Application Thread] DEBUG GameApplicationServi - Removing overlay from FXGLStartupScene and adding to FXGLMainMenuDummyScene
20:57:20.307 [JavaFX Application Thread] DEBUG PrimaryStageWindow   - FXGLStartupScene -> FXGLMainMenuDummyScene
20:57:20.307 [JavaFX Application Thread] DEBUG PrimaryStageWindow   - Push state: MainMenuScene
20:57:20.307 [JavaFX Application Thread] DEBUG Input                - Clearing active input actions
20:57:20.314 [JavaFX Application Thread] DEBUG GameApplicationServi - Removing overlay from FXGLMainMenuDummyScene and adding to MainMenuScene
20:57:20.314 [JavaFX Application Thread] DEBUG PrimaryStageWindow   - FXGLMainMenuDummyScene -> MainMenuScene
20:57:20.349 [JavaFX Application Thread] DEBUG FXGLApplication      - Registering font factories with UI factory
20:57:23.219 [FXGL Background Thread 3 ] DEBUG Engine               - Logging environment variables
20:57:23.219 [FXGL Background Thread 3 ] DEBUG Engine               - achievements: []
20:57:23.219 [FXGL Background Thread 3 ] DEBUG Engine               - actualHeight: 1007.0
20:57:23.219 [FXGL Background Thread 3 ] DEBUG Engine               - actualHeightProperty: ReadOnlyDoubleProperty [value: 1007.0]
20:57:23.219 [FXGL Background Thread 3 ] DEBUG Engine               - actualWidth: 1316.0
20:57:23.219 [FXGL Background Thread 3 ] DEBUG Engine               - actualWidthProperty: ReadOnlyDoubleProperty [value: 1316.0]
20:57:23.219 [FXGL Background Thread 3 ] DEBUG Engine               - appIcon: fxgl_icon.png
20:57:23.219 [FXGL Background Thread 3 ] DEBUG Engine               - applicationMode: DEVELOPER
20:57:23.219 [FXGL Background Thread 3 ] DEBUG Engine               - cSSList: [fxgl_dark.css]
20:57:23.219 [FXGL Background Thread 3 ] DEBUG Engine               - collisionDetectionStrategy: BRUTE_FORCE
20:57:23.219 [FXGL Background Thread 3 ] DEBUG Engine               - configClass: Optional.empty
20:57:23.219 [FXGL Background Thread 3 ] DEBUG Engine               - credits: []
20:57:23.220 [FXGL Background Thread 3 ] DEBUG Engine               - defaultCursor: CursorInfo(imageName=fxgl_default_cursor.png, hotspotX=7.0, hotspotY=6.0)
20:57:23.220 [FXGL Background Thread 3 ] DEBUG Engine               - devBBoxColorProperty: ObjectProperty [value: 0xff0000ff]
20:57:23.220 [FXGL Background Thread 3 ] DEBUG Engine               - devEnableDebugCameraProperty: BooleanProperty [value: false]
20:57:23.220 [FXGL Background Thread 3 ] DEBUG Engine               - devSensorColorProperty: ObjectProperty [value: 0xffff00ff]
20:57:23.220 [FXGL Background Thread 3 ] DEBUG Engine               - devShowBBoxProperty: BooleanProperty [value: false]
20:57:23.220 [FXGL Background Thread 3 ] DEBUG Engine               - devShowPositionProperty: BooleanProperty [value: false]
20:57:23.220 [FXGL Background Thread 3 ] DEBUG Engine               - enabledMenuItems: []
20:57:23.220 [FXGL Background Thread 3 ] DEBUG Engine               - engineServices: [class com.almasb.fxgl.app.services.FXGLAssetLoaderService, class com.almasb.fxgl.app.FXGLApplication$GameApplicationService, class com.almasb.fxgl.app.services.FXGLDialogService, class com.almasb.fxgl.app.services.IOTaskExecutorService, class com.almasb.fxgl.io.FileSystemService, class com.almasb.fxgl.localization.LocalizationService, class com.almasb.fxgl.app.services.SystemBundleService, class com.almasb.fxgl.profile.SaveLoadService, class com.almasb.fxgl.ui.FXGLUIFactoryServiceProvider, class com.almasb.fxgl.ui.FXGLDialogFactoryServiceProvider, class com.almasb.fxgl.audio.AudioPlayer, class com.almasb.fxgl.notification.impl.NotificationServiceProvider, class com.almasb.fxgl.achievement.AchievementService, class com.almasb.fxgl.cutscene.CutsceneService, class com.almasb.fxgl.minigames.MiniGameService, class com.almasb.fxgl.net.NetService, class com.almasb.fxgl.app.services.UpdaterService, class com.almasb.fxgl.dev.DevService]
20:57:23.222 [FXGL Background Thread 3 ] DEBUG Engine               - fontGame: Abel-Regular.ttf
20:57:23.222 [FXGL Background Thread 3 ] DEBUG Engine               - fontMono: TerminalLandMono-Regular.otf
20:57:23.222 [FXGL Background Thread 3 ] DEBUG Engine               - fontSizeScaleUI: 1.0
20:57:23.222 [FXGL Background Thread 3 ] DEBUG Engine               - fontText: Courier-Prime.ttf
20:57:23.222 [FXGL Background Thread 3 ] DEBUG Engine               - fontUI: VarelaRound-Regular.ttf
20:57:23.222 [FXGL Background Thread 3 ] DEBUG Engine               - fullScreen: BooleanProperty [value: false]
20:57:23.222 [FXGL Background Thread 3 ] DEBUG Engine               - gameDifficulty: MEDIUM
20:57:23.222 [FXGL Background Thread 3 ] DEBUG Engine               - gameDifficultyProperty: ObjectProperty [value: MEDIUM]
20:57:23.222 [FXGL Background Thread 3 ] DEBUG Engine               - globalMusicVolume: 0.5
20:57:23.222 [FXGL Background Thread 3 ] DEBUG Engine               - globalMusicVolumeProperty: DoubleProperty [value: 0.5]
20:57:23.222 [FXGL Background Thread 3 ] DEBUG Engine               - globalSoundVolume: 0.5
20:57:23.222 [FXGL Background Thread 3 ] DEBUG Engine               - globalSoundVolumeProperty: DoubleProperty [value: 0.5]
20:57:23.222 [FXGL Background Thread 3 ] DEBUG Engine               - height: 1007
20:57:23.222 [FXGL Background Thread 3 ] DEBUG Engine               - is3D: false
20:57:23.222 [FXGL Background Thread 3 ] DEBUG Engine               - isAndroid: false
20:57:23.222 [FXGL Background Thread 3 ] DEBUG Engine               - isBrowser: false
20:57:23.222 [FXGL Background Thread 3 ] DEBUG Engine               - isClickFeedbackEnabled: false
20:57:23.222 [FXGL Background Thread 3 ] DEBUG Engine               - isCloseConfirmation: false
20:57:23.222 [FXGL Background Thread 3 ] DEBUG Engine               - isDesktop: true
20:57:23.222 [FXGL Background Thread 3 ] DEBUG Engine               - isDeveloperMenuEnabled: false
20:57:23.222 [FXGL Background Thread 3 ] DEBUG Engine               - isEmbedded: false
20:57:23.222 [FXGL Background Thread 3 ] DEBUG Engine               - isEntityPreloadEnabled: true
20:57:23.222 [FXGL Background Thread 3 ] DEBUG Engine               - isExperimentalTiledLargeMap: false
20:57:23.222 [FXGL Background Thread 3 ] DEBUG Engine               - isFileSystemWriteAllowed: true
20:57:23.222 [FXGL Background Thread 3 ] DEBUG Engine               - isFullScreenAllowed: false
20:57:23.222 [FXGL Background Thread 3 ] DEBUG Engine               - isFullScreenFromStart: false
20:57:23.222 [FXGL Background Thread 3 ] DEBUG Engine               - isGameMenuEnabled: true
20:57:23.222 [FXGL Background Thread 3 ] DEBUG Engine               - isIOS: false
20:57:23.222 [FXGL Background Thread 3 ] DEBUG Engine               - isIntroEnabled: false
20:57:23.222 [FXGL Background Thread 3 ] DEBUG Engine               - isLinux: false
20:57:23.222 [FXGL Background Thread 3 ] DEBUG Engine               - isMac: false
20:57:23.222 [FXGL Background Thread 3 ] DEBUG Engine               - isMainMenuEnabled: true
20:57:23.222 [FXGL Background Thread 3 ] DEBUG Engine               - isManualResizeEnabled: false
20:57:23.222 [FXGL Background Thread 3 ] DEBUG Engine               - isMobile: false
20:57:23.222 [FXGL Background Thread 3 ] DEBUG Engine               - isNative: false
20:57:23.222 [FXGL Background Thread 3 ] DEBUG Engine               - isPauseMusicWhenMinimized: true
20:57:23.222 [FXGL Background Thread 3 ] DEBUG Engine               - isPreserveResizeRatio: false
20:57:23.222 [FXGL Background Thread 3 ] DEBUG Engine               - isProfilingEnabled: false
20:57:23.222 [FXGL Background Thread 3 ] DEBUG Engine               - isScaleAffectedOnResize: true
20:57:23.222 [FXGL Background Thread 3 ] DEBUG Engine               - isSingleStep: false
20:57:23.222 [FXGL Background Thread 3 ] DEBUG Engine               - isUserProfileEnabled: false
20:57:23.222 [FXGL Background Thread 3 ] DEBUG Engine               - isWindows: true
20:57:23.222 [FXGL Background Thread 3 ] DEBUG Engine               - language: ObjectProperty [value: ENGLISH]
20:57:23.222 [FXGL Background Thread 3 ] DEBUG Engine               - menuKey: ESCAPE
20:57:23.222 [FXGL Background Thread 3 ] DEBUG Engine               - mouseSensitivity: 0.2
20:57:23.223 [FXGL Background Thread 3 ] DEBUG Engine               - notificationViewClass: class com.almasb.fxgl.notification.view.XboxNotificationView
20:57:23.223 [FXGL Background Thread 3 ] DEBUG Engine               - pixelsPerMeter: 50.0
20:57:23.223 [FXGL Background Thread 3 ] DEBUG Engine               - platform: WINDOWS
20:57:23.223 [FXGL Background Thread 3 ] DEBUG Engine               - prefHeightProperty: ReadOnlyDoubleProperty [value: 1007.0]
20:57:23.223 [FXGL Background Thread 3 ] DEBUG Engine               - prefWidthProperty: ReadOnlyDoubleProperty [value: 1316.0]
20:57:23.223 [FXGL Background Thread 3 ] DEBUG Engine               - profileDir: profiles/
20:57:23.223 [FXGL Background Thread 3 ] DEBUG Engine               - profileName: StringProperty [value: DEFAULT]
20:57:23.223 [FXGL Background Thread 3 ] DEBUG Engine               - randomSeed: -1
20:57:23.223 [FXGL Background Thread 3 ] DEBUG Engine               - runtimeInfo: RuntimeInfo(platform=WINDOWS, version=21.1, build=27.03.2024 07.52)
20:57:23.223 [FXGL Background Thread 3 ] DEBUG Engine               - saveFileExt: sav
20:57:23.223 [FXGL Background Thread 3 ] DEBUG Engine               - scaledHeightProp$fxgl: DoubleProperty [bound, value: 1007.0]
20:57:23.223 [FXGL Background Thread 3 ] DEBUG Engine               - scaledWidthProp$fxgl: DoubleProperty [bound, value: 1316.0]
20:57:23.223 [FXGL Background Thread 3 ] DEBUG Engine               - sceneFactory: edu.sustech.xiangqi.XiangQiApp$1@3383da6e
20:57:23.223 [FXGL Background Thread 3 ] DEBUG Engine               - secondsIn24h: 60
20:57:23.223 [FXGL Background Thread 3 ] DEBUG Engine               - soundMenuBack: menu/back.wav
20:57:23.223 [FXGL Background Thread 3 ] DEBUG Engine               - soundMenuPress: menu/press.wav
20:57:23.223 [FXGL Background Thread 3 ] DEBUG Engine               - soundMenuSelect: menu/select.wav
20:57:23.223 [FXGL Background Thread 3 ] DEBUG Engine               - soundNotification: core/notification.wav
20:57:23.223 [FXGL Background Thread 3 ] DEBUG Engine               - stageStyle: DECORATED
20:57:23.223 [FXGL Background Thread 3 ] DEBUG Engine               - supportedLanguages: [ENGLISH, FRENCH, GERMAN, HUNGARIAN, RUSSIAN]
20:57:23.223 [FXGL Background Thread 3 ] DEBUG Engine               - ticksPerSecond: -1
20:57:23.223 [FXGL Background Thread 3 ] DEBUG Engine               - title: 中国象棋 1.0
20:57:23.223 [FXGL Background Thread 3 ] DEBUG Engine               - urlGithub: https://github.com/AlmasB/FXGL
20:57:23.223 [FXGL Background Thread 3 ] DEBUG Engine               - urlLeaderboard: http://fxgl-top.herokuapp.com/
20:57:23.223 [FXGL Background Thread 3 ] DEBUG Engine               - urlPOM: https://raw.githubusercontent.com/AlmasB/FXGL/release/README.md
20:57:23.223 [FXGL Background Thread 3 ] DEBUG Engine               - userAppClass: class edu.sustech.xiangqi.XiangQiApp
20:57:23.223 [FXGL Background Thread 3 ] DEBUG Engine               - version: 1.0
20:57:23.223 [FXGL Background Thread 3 ] DEBUG Engine               - versionCheckDays: 7
20:57:23.223 [FXGL Background Thread 3 ] DEBUG Engine               - width: 1316
20:57:23.223 [FXGL Background Thread 3 ] DEBUG Engine               - Logging services
20:57:23.223 [FXGL Background Thread 3 ] DEBUG Engine               - class com.almasb.fxgl.app.services.FXGLAssetLoaderService
20:57:23.223 [FXGL Background Thread 3 ] DEBUG Engine               - class com.almasb.fxgl.app.FXGLApplication$GameApplicationService
20:57:23.223 [FXGL Background Thread 3 ] DEBUG Engine               - class com.almasb.fxgl.app.services.FXGLDialogService
20:57:23.223 [FXGL Background Thread 3 ] DEBUG Engine               - class com.almasb.fxgl.app.services.IOTaskExecutorService
20:57:23.223 [FXGL Background Thread 3 ] DEBUG Engine               - class com.almasb.fxgl.io.FileSystemService
20:57:23.223 [FXGL Background Thread 3 ] DEBUG Engine               - class com.almasb.fxgl.localization.LocalizationService
20:57:23.223 [FXGL Background Thread 3 ] DEBUG Engine               - class com.almasb.fxgl.app.services.SystemBundleService
20:57:23.223 [FXGL Background Thread 3 ] DEBUG Engine               - class com.almasb.fxgl.profile.SaveLoadService
20:57:23.223 [FXGL Background Thread 3 ] DEBUG Engine               - class com.almasb.fxgl.ui.FXGLUIFactoryServiceProvider
20:57:23.223 [FXGL Background Thread 3 ] DEBUG Engine               - class com.almasb.fxgl.ui.FXGLDialogFactoryServiceProvider
20:57:23.223 [FXGL Background Thread 3 ] DEBUG Engine               - class com.almasb.fxgl.audio.AudioPlayer
20:57:23.223 [FXGL Background Thread 3 ] DEBUG Engine               - class com.almasb.fxgl.notification.impl.NotificationServiceProvider
20:57:23.223 [FXGL Background Thread 3 ] DEBUG Engine               - class com.almasb.fxgl.achievement.AchievementService
20:57:23.223 [FXGL Background Thread 3 ] DEBUG Engine               - class com.almasb.fxgl.cutscene.CutsceneService
20:57:23.223 [FXGL Background Thread 3 ] DEBUG Engine               - class com.almasb.fxgl.minigames.MiniGameService
20:57:23.223 [FXGL Background Thread 3 ] DEBUG Engine               - class com.almasb.fxgl.net.NetService
20:57:23.223 [FXGL Background Thread 3 ] DEBUG Engine               - class com.almasb.fxgl.app.services.UpdaterService
20:57:23.223 [FXGL Background Thread 3 ] DEBUG Engine               - class com.almasb.fxgl.dev.DevService
20:57:24.161 [JavaFX Application Thread] DEBUG FXGLAssetLoaderServi - Loading from file system: file:/D:/Github/javaA-xiangqi-project-main-yxh-1125/target/classes/assets/music/%e6%8c%89%e9%92%ae%e9%9f%b3%e6%95%881.mp3
20:57:24.232 [JavaFX Application Thread] DEBUG AudioPlayer          - Playing music com.almasb.fxgl.audio.Music@fa225f3
20:57:24.600 [JavaFX Application Thread] DEBUG AudioPlayer          - Playing music com.almasb.fxgl.audio.Music@fa225f3
20:57:25.345 [JavaFX Application Thread] DEBUG AudioPlayer          - Playing music com.almasb.fxgl.audio.Music@fa225f3
20:57:25.616 [JavaFX Application Thread] DEBUG AudioPlayer          - Playing music com.almasb.fxgl.audio.Music@fa225f3
20:57:25.847 [JavaFX Application Thread] DEBUG AudioPlayer          - Playing music com.almasb.fxgl.audio.Music@fa225f3
20:57:25.933 [JavaFX Application Thread] DEBUG AudioPlayer          - Playing music com.almasb.fxgl.audio.Music@fa225f3
20:57:26.303 [JavaFX Application Thread] DEBUG Menu                 - fireNewGame()
20:57:26.305 [JavaFX Application Thread] DEBUG GameApplicationServi - Starting new game
20:57:26.305 [JavaFX Application Thread] DEBUG PrimaryStageWindow   - Pop state: MainMenuScene
20:57:26.305 [JavaFX Application Thread] DEBUG Input                - Clearing active input actions
20:57:26.305 [JavaFX Application Thread] DEBUG GameApplicationServi - Removing overlay from MainMenuScene and adding to FXGLMainMenuDummyScene
20:57:26.305 [JavaFX Application Thread] DEBUG PrimaryStageWindow   - FXGLMainMenuDummyScene <- MainMenuScene
20:57:26.305 [JavaFX Application Thread] DEBUG Input                - Clearing active input actions
20:57:26.309 [JavaFX Application Thread] DEBUG GameApplicationServi - Removing overlay from FXGLMainMenuDummyScene and adding to FXGLLoadingScene
20:57:26.309 [JavaFX Application Thread] DEBUG PrimaryStageWindow   - FXGLMainMenuDummyScene -> FXGLLoadingScene
20:57:26.309 [JavaFX Application Thread] DEBUG GameApplicationServi - Clearing previous game
20:57:26.309 [JavaFX Application Thread] DEBUG GameScene            - Clearing game scene
20:57:26.309 [JavaFX Application Thread] DEBUG GameWorld            - Clearing game world
20:57:26.309 [JavaFX Application Thread] DEBUG PhysicsWorld         - Clearing physics world
20:57:26.311 [FXGL Background Thread 2 ] DEBUG FXGLApplication      - Initializing game
20:57:26.325 [FXGL Background Thread 2 ] DEBUG FXGLAssetLoaderServi - Loading from file system: file:/D:/Github/javaA-xiangqi-project-main-yxh-1125/target/classes/assets/textures/%e8%83%8c%e6%99%af.jpg
20:57:26.374 [FXGL Background Thread 2 ] DEBUG FXGLAssetLoaderServi - Loading from file system: file:/D:/Github/javaA-xiangqi-project-main-yxh-1125/target/classes/assets/textures/ChessBoard.png
20:57:26.393 [FXGL Background Thread 2 ] DEBUG FXGLAssetLoaderServi - Loading from file system: file:/D:/Github/javaA-xiangqi-project-main-yxh-1125/target/classes/assets/textures/BlackChariot.png
20:57:26.406 [FXGL Background Thread 2 ] DEBUG FXGLAssetLoaderServi - Loading from file system: file:/D:/Github/javaA-xiangqi-project-main-yxh-1125/target/classes/assets/textures/BlackHorse.png
20:57:26.408 [FXGL Background Thread 2 ] DEBUG FXGLAssetLoaderServi - Loading from file system: file:/D:/Github/javaA-xiangqi-project-main-yxh-1125/target/classes/assets/textures/BlackElephant.png
20:57:26.408 [FXGL Background Thread 2 ] DEBUG FXGLAssetLoaderServi - Loading from file system: file:/D:/Github/javaA-xiangqi-project-main-yxh-1125/target/classes/assets/textures/BlackAdvisor.png
20:57:26.409 [FXGL Background Thread 2 ] DEBUG FXGLAssetLoaderServi - Loading from file system: file:/D:/Github/javaA-xiangqi-project-main-yxh-1125/target/classes/assets/textures/BlackGeneral.png
20:57:26.412 [FXGL Background Thread 2 ] DEBUG FXGLAssetLoaderServi - Loading from file system: file:/D:/Github/javaA-xiangqi-project-main-yxh-1125/target/classes/assets/textures/BlackCannon.png
20:57:26.413 [FXGL Background Thread 2 ] DEBUG FXGLAssetLoaderServi - Loading from file system: file:/D:/Github/javaA-xiangqi-project-main-yxh-1125/target/classes/assets/textures/BlackSoldier.png
20:57:26.416 [FXGL Background Thread 2 ] DEBUG FXGLAssetLoaderServi - Loading from file system: file:/D:/Github/javaA-xiangqi-project-main-yxh-1125/target/classes/assets/textures/RedSoldier.png
20:57:26.418 [FXGL Background Thread 2 ] DEBUG FXGLAssetLoaderServi - Loading from file system: file:/D:/Github/javaA-xiangqi-project-main-yxh-1125/target/classes/assets/textures/RedCannon.png
20:57:26.419 [FXGL Background Thread 2 ] DEBUG FXGLAssetLoaderServi - Loading from file system: file:/D:/Github/javaA-xiangqi-project-main-yxh-1125/target/classes/assets/textures/RedChariot.png
20:57:26.420 [FXGL Background Thread 2 ] DEBUG FXGLAssetLoaderServi - Loading from file system: file:/D:/Github/javaA-xiangqi-project-main-yxh-1125/target/classes/assets/textures/RedHorse.png
20:57:26.421 [FXGL Background Thread 2 ] DEBUG FXGLAssetLoaderServi - Loading from file system: file:/D:/Github/javaA-xiangqi-project-main-yxh-1125/target/classes/assets/textures/RedElephant.png
20:57:26.422 [FXGL Background Thread 2 ] DEBUG FXGLAssetLoaderServi - Loading from file system: file:/D:/Github/javaA-xiangqi-project-main-yxh-1125/target/classes/assets/textures/RedAdvisor.png
20:57:26.422 [FXGL Background Thread 2 ] DEBUG FXGLAssetLoaderServi - Loading from file system: file:/D:/Github/javaA-xiangqi-project-main-yxh-1125/target/classes/assets/textures/RedGeneral.png
20:57:26.435 [FXGL Background Thread 2 ] INFO  FXGLApplication      - Game initialization took: 0.123 sec
20:57:26.435 [JavaFX Application Thread] DEBUG Input                - Clearing active input actions
20:57:26.439 [JavaFX Application Thread] DEBUG GameApplicationServi - Removing overlay from FXGLLoadingScene and adding to GameScene
20:57:26.439 [JavaFX Application Thread] DEBUG PrimaryStageWindow   - FXGLLoadingScene -> GameScene
20:57:26.953 [JavaFX Application Thread] DEBUG AudioPlayer          - Playing music com.almasb.fxgl.audio.Music@fa225f3
20:57:26.965 [JavaFX Application Thread] DEBUG AudioPlayer          - Playing music com.almasb.fxgl.audio.Music@fa225f3
20:57:26.981 [JavaFX Application Thread] DEBUG AudioPlayer          - Playing music com.almasb.fxgl.audio.Music@fa225f3
20:57:28.499 [JavaFX Application Thread] DEBUG AudioPlayer          - Playing music com.almasb.fxgl.audio.Music@fa225f3
20:57:29.094 [JavaFX Application Thread] DEBUG FXGLAssetLoaderServi - Loading from file system: file:/D:/Github/javaA-xiangqi-project-main-yxh-1125/target/classes/assets/textures/%e9%80%89%e4%b8%ad.png
20:57:30.515 [JavaFX Application Thread] DEBUG AudioPlayer          - Playing music com.almasb.fxgl.audio.Music@fa225f3
20:57:30.523 [JavaFX Application Thread] DEBUG AudioPlayer          - Playing music com.almasb.fxgl.audio.Music@fa225f3
20:57:30.569 [JavaFX Application Thread] DEBUG AudioPlayer          - Playing music com.almasb.fxgl.audio.Music@fa225f3
20:57:31.095 [JavaFX Application Thread] DEBUG AudioPlayer          - Playing music com.almasb.fxgl.audio.Music@fa225f3
20:57:32.189 [JavaFX Application Thread] DEBUG AudioPlayer          - Playing music com.almasb.fxgl.audio.Music@fa225f3
20:57:32.193 [JavaFX Application Thread] DEBUG AudioPlayer          - Playing music com.almasb.fxgl.audio.Music@fa225f3
20:57:33.085 [JavaFX Application Thread] DEBUG AudioPlayer          - Playing music com.almasb.fxgl.audio.Music@fa225f3
20:57:45.193 [JavaFX Application Thread] DEBUG AudioPlayer          - Playing music com.almasb.fxgl.audio.Music@fa225f3
20:57:45.205 [JavaFX Application Thread] DEBUG AudioPlayer          - Playing music com.almasb.fxgl.audio.Music@fa225f3
20:57:45.678 [JavaFX Application Thread] DEBUG AudioPlayer          - Playing music com.almasb.fxgl.audio.Music@fa225f3
20:57:46.537 [JavaFX Application Thread] DEBUG AudioPlayer          - Playing music com.almasb.fxgl.audio.Music@fa225f3
20:57:46.661 [JavaFX Application Thread] DEBUG AudioPlayer          - Playing music com.almasb.fxgl.audio.Music@fa225f3
20:57:47.254 [JavaFX Application Thread] DEBUG AudioPlayer          - Playing music com.almasb.fxgl.audio.Music@fa225f3
20:57:47.538 [JavaFX Application Thread] DEBUG AudioPlayer          - Playing music com.almasb.fxgl.audio.Music@fa225f3
20:57:48.446 [JavaFX Application Thread] DEBUG AudioPlayer          - Playing music com.almasb.fxgl.audio.Music@fa225f3
20:57:48.504 [JavaFX Application Thread] DEBUG AudioPlayer          - Playing music com.almasb.fxgl.audio.Music@fa225f3
20:58:12.898 [JavaFX Application Thread] DEBUG AudioPlayer          - Playing music com.almasb.fxgl.audio.Music@fa225f3
20:58:13.976 [JavaFX Application Thread] DEBUG AudioPlayer          - Playing music com.almasb.fxgl.audio.Music@fa225f3
20:58:14.004 [JavaFX Application Thread] DEBUG AudioPlayer          - Playing music com.almasb.fxgl.audio.Music@fa225f3
20:58:14.807 [JavaFX Application Thread] DEBUG AudioPlayer          - Playing music com.almasb.fxgl.audio.Music@fa225f3
20:58:15.185 [JavaFX Application Thread] DEBUG AudioPlayer          - Playing music com.almasb.fxgl.audio.Music@fa225f3
20:58:21.340 [JavaFX Application Thread] DEBUG AudioPlayer          - Playing music com.almasb.fxgl.audio.Music@fa225f3
20:58:21.344 [JavaFX Application Thread] DEBUG AudioPlayer          - Playing music com.almasb.fxgl.audio.Music@fa225f3
20:58:21.373 [JavaFX Application Thread] DEBUG AudioPlayer          - Playing music com.almasb.fxgl.audio.Music@fa225f3
20:58:21.693 [JavaFX Application Thread] DEBUG AudioPlayer          - Playing music com.almasb.fxgl.audio.Music@fa225f3
20:58:22.311 [JavaFX Application Thread] DEBUG AudioPlayer          - Playing music com.almasb.fxgl.audio.Music@fa225f3
20:58:22.602 [JavaFX Application Thread] DEBUG AudioPlayer          - Playing music com.almasb.fxgl.audio.Music@fa225f3
20:58:22.800 [JavaFX Application Thread] DEBUG AudioPlayer          - Playing music com.almasb.fxgl.audio.Music@fa225f3
20:58:22.808 [JavaFX Application Thread] DEBUG AudioPlayer          - Playing music com.almasb.fxgl.audio.Music@fa225f3
20:58:22.821 [JavaFX Application Thread] DEBUG AudioPlayer          - Playing music com.almasb.fxgl.audio.Music@fa225f3
20:58:22.833 [JavaFX Application Thread] DEBUG AudioPlayer          - Playing music com.almasb.fxgl.audio.Music@fa225f3
20:58:22.845 [JavaFX Application Thread] DEBUG AudioPlayer          - Playing music com.almasb.fxgl.audio.Music@fa225f3
20:58:23.170 [JavaFX Application Thread] DEBUG AudioPlayer          - Playing music com.almasb.fxgl.audio.Music@fa225f3
20:58:23.635 [JavaFX Application Thread] DEBUG AudioPlayer          - Playing music com.almasb.fxgl.audio.Music@fa225f3
20:58:23.713 [JavaFX Application Thread] DEBUG AudioPlayer          - Playing music com.almasb.fxgl.audio.Music@fa225f3
20:58:23.742 [JavaFX Application Thread] DEBUG AudioPlayer          - Playing music com.almasb.fxgl.audio.Music@fa225f3
20:58:23.939 [JavaFX Application Thread] DEBUG AudioPlayer          - Playing music com.almasb.fxgl.audio.Music@fa225f3
20:58:24.112 [JavaFX Application Thread] DEBUG AudioPlayer          - Playing music com.almasb.fxgl.audio.Music@fa225f3
20:58:24.153 [JavaFX Application Thread] DEBUG AudioPlayer          - Playing music com.almasb.fxgl.audio.Music@fa225f3
20:58:24.660 [JavaFX Application Thread] DEBUG AudioPlayer          - Playing music com.almasb.fxgl.audio.Music@fa225f3
20:58:24.688 [JavaFX Application Thread] DEBUG AudioPlayer          - Playing music com.almasb.fxgl.audio.Music@fa225f3
20:58:24.708 [JavaFX Application Thread] DEBUG AudioPlayer          - Playing music com.almasb.fxgl.audio.Music@fa225f3
20:58:38.847 [JavaFX Application Thread] DEBUG AudioPlayer          - Playing music com.almasb.fxgl.audio.Music@fa225f3
20:58:40.516 [JavaFX Application Thread] DEBUG AudioPlayer          - Playing music com.almasb.fxgl.audio.Music@fa225f3
20:58:40.537 [JavaFX Application Thread] DEBUG AudioPlayer          - Playing music com.almasb.fxgl.audio.Music@fa225f3
20:58:40.678 [JavaFX Application Thread] DEBUG AudioPlayer          - Playing music com.almasb.fxgl.audio.Music@fa225f3
20:59:49.335 [JavaFX Application Thread] DEBUG AudioPlayer          - Playing music com.almasb.fxgl.audio.Music@fa225f3
21:00:00.142 [JavaFX Application Thread] DEBUG AudioPlayer          - Playing music com.almasb.fxgl.audio.Music@fa225f3
21:00:00.204 [JavaFX Application Thread] DEBUG AudioPlayer          - Playing music com.almasb.fxgl.audio.Music@fa225f3
21:00:00.435 [JavaFX Application Thread] DEBUG AudioPlayer          - Playing music com.almasb.fxgl.audio.Music@fa225f3
21:00:00.479 [JavaFX Application Thread] DEBUG AudioPlayer          - Playing music com.almasb.fxgl.audio.Music@fa225f3
21:00:00.537 [JavaFX Application Thread] DEBUG AudioPlayer          - Playing music com.almasb.fxgl.audio.Music@fa225f3
21:00:01.718 [JavaFX Application Thread] DEBUG FXGLApplication      - Exiting FXGL
21:00:01.718 [JavaFX Application Thread] DEBUG LoopRunner           - Stopping loop
21:00:01.718 [JavaFX Application Thread] DEBUG SystemBundleService  - Saving FXGL system data
21:00:01.719 [JavaFX Application Thread] DEBUG FileSystemAccess     - Writing to: D:\Github\javaA-xiangqi-project-main-yxh-1125\system\fxgl.bundle
21:00:01.720 [JavaFX Application Thread] DEBUG Async                - Shutting down background threads
21:00:01.720 [JavaFX Application Thread] DEBUG PrimaryStageWindow   - Closing main window
21:00:01.743 [JavaFX Application Thread] DEBUG Logger               - Closing Logger
