12:51:47.055 [main                     ] DEBUG Logger               - Configured Logger
12:51:47.068 [main                     ] DEBUG GameApplication      - Logging settings
Title: 中国象棋 1.0
Version: 1.0
Width: 1316
Height: 1007
Fullscreen: false
Intro: false
Profiling: false
Single step:false
App Mode: DEVELOPER
Menu Key: ESCAPE
Stage Style: DECORATED
Scene Factory: class edu.sustech.xiangqi.XiangQiApp$1

12:51:47.542 [JavaFX Application Thread] DEBUG FXGLApplication      - Initializing FXGL
12:51:47.545 [JavaFX Application Thread] INFO  Engine               - FXGL-21.1 (27.03.2024 07.52) on WINDOWS (J:23.0.1 FX:21.0.1)
12:51:47.546 [JavaFX Application Thread] DEBUG Engine               - JRE Vendor Name: Oracle Corporation
12:51:47.546 [JavaFX Application Thread] DEBUG Engine               - Running on OS: Windows 11 version 10.0
12:51:47.546 [JavaFX Application Thread] DEBUG Engine               - Architecture: amd64
12:51:47.546 [JavaFX Application Thread] INFO  Engine               - Source code and latest versions at: https://github.com/AlmasB/FXGL
12:51:47.546 [JavaFX Application Thread] INFO  Engine               -       Ask questions and discuss at: https://github.com/AlmasB/FXGL/discussions
12:51:47.546 [JavaFX Application Thread] INFO  Engine               -              Join the FXGL chat at: https://gitter.im/AlmasB/FXGL
12:51:47.638 [JavaFX Application Thread] DEBUG PrimaryStageWindow   - Creating a JavaFX scene
12:51:47.695 [JavaFX Application Thread] DEBUG PrimaryStageWindow   - Target settings size: 1316.0 x 1007.0
12:51:47.695 [JavaFX Application Thread] DEBUG PrimaryStageWindow   - Scaled scene size:    1316.0 x 1007.0
12:51:47.695 [JavaFX Application Thread] DEBUG PrimaryStageWindow   - Scaled ratio: (1.0, 1.0)
12:51:47.696 [JavaFX Application Thread] DEBUG PrimaryStageWindow   - Set initial scene to FXGLStartupScene
12:51:47.699 [JavaFX Application Thread] DEBUG PrimaryStageWindow   - Opening main window
12:51:47.802 [JavaFX Application Thread] DEBUG PrimaryStageWindow   - Window border size: (14.6666259765625, 37.6666259765625)
12:51:47.802 [JavaFX Application Thread] DEBUG PrimaryStageWindow   - Scaled size: 1316.0 x 1007.0
12:51:47.802 [JavaFX Application Thread] DEBUG PrimaryStageWindow   - Scaled ratio: (1.0, 1.0)
12:51:47.802 [JavaFX Application Thread] DEBUG PrimaryStageWindow   - Scene size: 1316.0 x 1007.0
12:51:47.807 [JavaFX Application Thread] DEBUG PrimaryStageWindow   - Stage size: 1330.6666259765625 x 1044.6666259765625
12:51:47.814 [FXGL Background Thread 1 ] DEBUG Engine               - Initializing environment variables
12:51:47.847 [FXGL Background Thread 1 ] DEBUG FXGLAssetLoaderServi - User app class for loading assets: class edu.sustech.xiangqi.XiangQiApp
12:51:47.847 [FXGL Background Thread 1 ] DEBUG GameApplicationServi - Applying CSS: fxgl_dark.css
12:51:47.848 [FXGL Background Thread 1 ] DEBUG FXGLAssetLoaderServi - Loading from file system: jar:file:/C:/Users/20140/.m2/repository/com/github/almasb/fxgl/21.1/fxgl-21.1.jar!/fxglassets/ui/css/fxgl_dark.css
12:51:47.877 [FXGL Background Thread 1 ] DEBUG GameApplicationServi - Initializing application scenes
12:51:47.990 [FXGL Background Thread 1 ] DEBUG GameWorld            - Game world initialized
12:51:48.026 [FXGL Background Thread 1 ] DEBUG PhysicsWorld         - Physics world initialized: appHeight=1007, physics.ppm=50.0
12:51:48.026 [FXGL Background Thread 1 ] DEBUG PhysicsWorld         - Using strategy: BRUTE_FORCE
12:51:48.029 [FXGL Background Thread 1 ] DEBUG GameScene            - Game scene initialized: 1316x1007
12:51:48.038 [FXGL Background Thread 1 ] DEBUG FXGLAssetLoaderServi - Loading from file system: file:/D:/Github/javaA-xiangqi-project-main-yxh-1125/target/classes/assets/ui/fonts/HYPixel11pxU-2.ttf
12:51:48.061 [FXGL Background Thread 1 ] DEBUG FXGLAssetLoaderServi - Loading from file system: file:/D:/Github/javaA-xiangqi-project-main-yxh-1125/target/classes/assets/textures/Button1.png
12:51:48.073 [FXGL Background Thread 1 ] DEBUG FXGLAssetLoaderServi - Loading from file system: file:/D:/Github/javaA-xiangqi-project-main-yxh-1125/target/classes/assets/textures/Press.png
12:51:48.097 [FXGL Background Thread 1 ] DEBUG GameApplicationServi - Application scenes initialized
12:51:48.104 [FXGL Background Thread 1 ] DEBUG SystemBundleService  - Loading FXGL system data
12:51:48.105 [FXGL Background Thread 1 ] DEBUG FileSystemAccess     - Reading from: D:\Github\javaA-xiangqi-project-main-yxh-1125\system\fxgl.bundle
12:51:48.106 [FXGL Background Thread 1 ] DEBUG SystemBundleService  - Bundle FXGL: {}
12:51:48.107 [FXGL Background Thread 1 ] DEBUG UpdaterService       - Checking for updates
12:51:48.111 [FXGL Background Thread 4 ] DEBUG FXGLApplication      - Loading fonts
12:51:48.111 [FXGL Background Thread 4 ] DEBUG FXGLAssetLoaderServi - Loading from file system: jar:file:/C:/Users/20140/.m2/repository/com/github/almasb/fxgl/21.1/fxgl-21.1.jar!/fxglassets/ui/fonts/VarelaRound-Regular.ttf
12:51:48.111 [FXGL Background Thread 1 ] DEBUG FXGLApplication      - Loading default localization
12:51:48.111 [FXGL Background Thread 1 ] DEBUG FXGLAssetLoaderServi - Loading from file system: jar:file:/C:/Users/20140/.m2/repository/com/github/almasb/fxgl/21.1/fxgl-21.1.jar!/fxglassets/languages/english.lang
12:51:48.125 [FXGL Background Thread 4 ] DEBUG FXGLAssetLoaderServi - Loading from file system: jar:file:/C:/Users/20140/.m2/repository/com/github/almasb/fxgl/21.1/fxgl-21.1.jar!/fxglassets/ui/fonts/Abel-Regular.ttf
12:51:48.134 [FXGL Background Thread 4 ] DEBUG FXGLAssetLoaderServi - Loading from file system: jar:file:/C:/Users/20140/.m2/repository/com/github/almasb/fxgl/21.1/fxgl-21.1.jar!/fxglassets/ui/fonts/TerminalLandMono-Regular.otf
12:51:48.140 [FXGL Background Thread 1 ] INFO  FXGLApplication      - FXGL initialization took: 0.327 sec
12:51:48.143 [FXGL Background Thread 4 ] DEBUG FXGLAssetLoaderServi - Loading from file system: jar:file:/C:/Users/20140/.m2/repository/com/github/almasb/fxgl/21.1/fxgl-21.1.jar!/fxglassets/ui/fonts/Courier-Prime.ttf
12:51:48.146 [JavaFX Application Thread] DEBUG Input                - Registered new binding: Click - LMB
12:51:48.152 [JavaFX Application Thread] DEBUG FXGLAssetLoaderServi - Loading from file system: jar:file:/C:/Users/20140/.m2/repository/com/github/almasb/fxgl/21.1/fxgl-21.1.jar!/fxglassets/textures/fxgl_icon.png
12:51:48.165 [JavaFX Application Thread] DEBUG FXGLAssetLoaderServi - Loading from file system: jar:file:/C:/Users/20140/.m2/repository/com/github/almasb/fxgl/21.1/fxgl-21.1.jar!/fxglassets/textures/fxgl_default_cursor.png
12:51:48.171 [JavaFX Application Thread] DEBUG Input                - Registered new binding: Screenshot - CTRL+8
12:51:48.172 [JavaFX Application Thread] DEBUG Input                - Registered new binding: System info dump - CTRL+9
12:51:48.172 [JavaFX Application Thread] DEBUG Input                - Registered new binding: Restart - CTRL+R
12:51:48.172 [JavaFX Application Thread] DEBUG Input                - Registered new binding: Toggle Debug Camera - CTRL+7
12:51:48.175 [JavaFX Application Thread] DEBUG LoopRunner           - Starting loop
12:51:48.175 [JavaFX Application Thread] DEBUG LoopRunner           - Initializing JavaFX AnimationTimerLoop
12:51:48.178 [JavaFX Application Thread] DEBUG Input                - Clearing active input actions
12:51:48.181 [JavaFX Application Thread] DEBUG GameApplicationServi - Removing overlay from FXGLStartupScene and adding to FXGLMainMenuDummyScene
12:51:48.181 [JavaFX Application Thread] DEBUG PrimaryStageWindow   - FXGLStartupScene -> FXGLMainMenuDummyScene
12:51:48.181 [JavaFX Application Thread] DEBUG PrimaryStageWindow   - Push state: MainMenuScene
12:51:48.182 [JavaFX Application Thread] DEBUG Input                - Clearing active input actions
12:51:48.188 [JavaFX Application Thread] DEBUG GameApplicationServi - Removing overlay from FXGLMainMenuDummyScene and adding to MainMenuScene
12:51:48.188 [JavaFX Application Thread] DEBUG PrimaryStageWindow   - FXGLMainMenuDummyScene -> MainMenuScene
12:51:48.188 [JavaFX Application Thread] DEBUG FXGLApplication      - Registering font factories with UI factory
12:51:48.751 [JavaFX Application Thread] DEBUG FXGLAssetLoaderServi - Loading from file system: file:/D:/Github/javaA-xiangqi-project-main-yxh-1125/target/classes/assets/music/%e6%8c%89%e9%92%ae%e9%9f%b3%e6%95%881.mp3
12:51:48.927 [JavaFX Application Thread] DEBUG AudioPlayer          - Playing music com.almasb.fxgl.audio.Music@2be2875f
12:51:48.929 [JavaFX Application Thread] DEBUG AudioPlayer          - Playing music com.almasb.fxgl.audio.Music@2be2875f
12:51:49.302 [JavaFX Application Thread] DEBUG AudioPlayer          - Playing music com.almasb.fxgl.audio.Music@2be2875f
12:51:51.110 [FXGL Background Thread 3 ] DEBUG Engine               - Logging environment variables
12:51:51.110 [FXGL Background Thread 3 ] DEBUG Engine               - achievements: []
12:51:51.111 [FXGL Background Thread 3 ] DEBUG Engine               - actualHeight: 1007.0
12:51:51.111 [FXGL Background Thread 3 ] DEBUG Engine               - actualHeightProperty: ReadOnlyDoubleProperty [value: 1007.0]
12:51:51.111 [FXGL Background Thread 3 ] DEBUG Engine               - actualWidth: 1316.0
12:51:51.111 [FXGL Background Thread 3 ] DEBUG Engine               - actualWidthProperty: ReadOnlyDoubleProperty [value: 1316.0]
12:51:51.111 [FXGL Background Thread 3 ] DEBUG Engine               - appIcon: fxgl_icon.png
12:51:51.111 [FXGL Background Thread 3 ] DEBUG Engine               - applicationMode: DEVELOPER
12:51:51.111 [FXGL Background Thread 3 ] DEBUG Engine               - cSSList: [fxgl_dark.css]
12:51:51.111 [FXGL Background Thread 3 ] DEBUG Engine               - collisionDetectionStrategy: BRUTE_FORCE
12:51:51.111 [FXGL Background Thread 3 ] DEBUG Engine               - configClass: Optional.empty
12:51:51.111 [FXGL Background Thread 3 ] DEBUG Engine               - credits: []
12:51:51.112 [FXGL Background Thread 3 ] DEBUG Engine               - defaultCursor: CursorInfo(imageName=fxgl_default_cursor.png, hotspotX=7.0, hotspotY=6.0)
12:51:51.112 [FXGL Background Thread 3 ] DEBUG Engine               - devBBoxColorProperty: ObjectProperty [value: 0xff0000ff]
12:51:51.112 [FXGL Background Thread 3 ] DEBUG Engine               - devEnableDebugCameraProperty: BooleanProperty [value: false]
12:51:51.112 [FXGL Background Thread 3 ] DEBUG Engine               - devSensorColorProperty: ObjectProperty [value: 0xffff00ff]
12:51:51.112 [FXGL Background Thread 3 ] DEBUG Engine               - devShowBBoxProperty: BooleanProperty [value: false]
12:51:51.112 [FXGL Background Thread 3 ] DEBUG Engine               - devShowPositionProperty: BooleanProperty [value: false]
12:51:51.112 [FXGL Background Thread 3 ] DEBUG Engine               - enabledMenuItems: []
12:51:51.112 [FXGL Background Thread 3 ] DEBUG Engine               - engineServices: [class com.almasb.fxgl.app.services.FXGLAssetLoaderService, class com.almasb.fxgl.app.FXGLApplication$GameApplicationService, class com.almasb.fxgl.app.services.FXGLDialogService, class com.almasb.fxgl.app.services.IOTaskExecutorService, class com.almasb.fxgl.io.FileSystemService, class com.almasb.fxgl.localization.LocalizationService, class com.almasb.fxgl.app.services.SystemBundleService, class com.almasb.fxgl.profile.SaveLoadService, class com.almasb.fxgl.ui.FXGLUIFactoryServiceProvider, class com.almasb.fxgl.ui.FXGLDialogFactoryServiceProvider, class com.almasb.fxgl.audio.AudioPlayer, class com.almasb.fxgl.notification.impl.NotificationServiceProvider, class com.almasb.fxgl.achievement.AchievementService, class com.almasb.fxgl.cutscene.CutsceneService, class com.almasb.fxgl.minigames.MiniGameService, class com.almasb.fxgl.net.NetService, class com.almasb.fxgl.app.services.UpdaterService, class com.almasb.fxgl.dev.DevService]
12:51:51.112 [FXGL Background Thread 3 ] DEBUG Engine               - fontGame: Abel-Regular.ttf
12:51:51.112 [FXGL Background Thread 3 ] DEBUG Engine               - fontMono: TerminalLandMono-Regular.otf
12:51:51.112 [FXGL Background Thread 3 ] DEBUG Engine               - fontSizeScaleUI: 1.0
12:51:51.112 [FXGL Background Thread 3 ] DEBUG Engine               - fontText: Courier-Prime.ttf
12:51:51.112 [FXGL Background Thread 3 ] DEBUG Engine               - fontUI: VarelaRound-Regular.ttf
12:51:51.112 [FXGL Background Thread 3 ] DEBUG Engine               - fullScreen: BooleanProperty [value: false]
12:51:51.112 [FXGL Background Thread 3 ] DEBUG Engine               - gameDifficulty: MEDIUM
12:51:51.112 [FXGL Background Thread 3 ] DEBUG Engine               - gameDifficultyProperty: ObjectProperty [value: MEDIUM]
12:51:51.112 [FXGL Background Thread 3 ] DEBUG Engine               - globalMusicVolume: 0.5
12:51:51.112 [FXGL Background Thread 3 ] DEBUG Engine               - globalMusicVolumeProperty: DoubleProperty [value: 0.5]
12:51:51.112 [FXGL Background Thread 3 ] DEBUG Engine               - globalSoundVolume: 0.5
12:51:51.112 [FXGL Background Thread 3 ] DEBUG Engine               - globalSoundVolumeProperty: DoubleProperty [value: 0.5]
12:51:51.112 [FXGL Background Thread 3 ] DEBUG Engine               - height: 1007
12:51:51.112 [FXGL Background Thread 3 ] DEBUG Engine               - is3D: false
12:51:51.112 [FXGL Background Thread 3 ] DEBUG Engine               - isAndroid: false
12:51:51.112 [FXGL Background Thread 3 ] DEBUG Engine               - isBrowser: false
12:51:51.112 [FXGL Background Thread 3 ] DEBUG Engine               - isClickFeedbackEnabled: false
12:51:51.112 [FXGL Background Thread 3 ] DEBUG Engine               - isCloseConfirmation: false
12:51:51.112 [FXGL Background Thread 3 ] DEBUG Engine               - isDesktop: true
12:51:51.112 [FXGL Background Thread 3 ] DEBUG Engine               - isDeveloperMenuEnabled: false
12:51:51.112 [FXGL Background Thread 3 ] DEBUG Engine               - isEmbedded: false
12:51:51.112 [FXGL Background Thread 3 ] DEBUG Engine               - isEntityPreloadEnabled: true
12:51:51.112 [FXGL Background Thread 3 ] DEBUG Engine               - isExperimentalTiledLargeMap: false
12:51:51.113 [FXGL Background Thread 3 ] DEBUG Engine               - isFileSystemWriteAllowed: true
12:51:51.113 [FXGL Background Thread 3 ] DEBUG Engine               - isFullScreenAllowed: false
12:51:51.113 [FXGL Background Thread 3 ] DEBUG Engine               - isFullScreenFromStart: false
12:51:51.113 [FXGL Background Thread 3 ] DEBUG Engine               - isGameMenuEnabled: true
12:51:51.113 [FXGL Background Thread 3 ] DEBUG Engine               - isIOS: false
12:51:51.113 [FXGL Background Thread 3 ] DEBUG Engine               - isIntroEnabled: false
12:51:51.113 [FXGL Background Thread 3 ] DEBUG Engine               - isLinux: false
12:51:51.113 [FXGL Background Thread 3 ] DEBUG Engine               - isMac: false
12:51:51.113 [FXGL Background Thread 3 ] DEBUG Engine               - isMainMenuEnabled: true
12:51:51.113 [FXGL Background Thread 3 ] DEBUG Engine               - isManualResizeEnabled: false
12:51:51.113 [FXGL Background Thread 3 ] DEBUG Engine               - isMobile: false
12:51:51.113 [FXGL Background Thread 3 ] DEBUG Engine               - isNative: false
12:51:51.113 [FXGL Background Thread 3 ] DEBUG Engine               - isPauseMusicWhenMinimized: true
12:51:51.113 [FXGL Background Thread 3 ] DEBUG Engine               - isPreserveResizeRatio: false
12:51:51.113 [FXGL Background Thread 3 ] DEBUG Engine               - isProfilingEnabled: false
12:51:51.113 [FXGL Background Thread 3 ] DEBUG Engine               - isScaleAffectedOnResize: true
12:51:51.113 [FXGL Background Thread 3 ] DEBUG Engine               - isSingleStep: false
12:51:51.113 [FXGL Background Thread 3 ] DEBUG Engine               - isUserProfileEnabled: false
12:51:51.113 [FXGL Background Thread 3 ] DEBUG Engine               - isWindows: true
12:51:51.113 [FXGL Background Thread 3 ] DEBUG Engine               - language: ObjectProperty [value: ENGLISH]
12:51:51.113 [FXGL Background Thread 3 ] DEBUG Engine               - menuKey: ESCAPE
12:51:51.113 [FXGL Background Thread 3 ] DEBUG Engine               - mouseSensitivity: 0.2
12:51:51.113 [FXGL Background Thread 3 ] DEBUG Engine               - notificationViewClass: class com.almasb.fxgl.notification.view.XboxNotificationView
12:51:51.113 [FXGL Background Thread 3 ] DEBUG Engine               - pixelsPerMeter: 50.0
12:51:51.113 [FXGL Background Thread 3 ] DEBUG Engine               - platform: WINDOWS
12:51:51.113 [FXGL Background Thread 3 ] DEBUG Engine               - prefHeightProperty: ReadOnlyDoubleProperty [value: 1007.0]
12:51:51.113 [FXGL Background Thread 3 ] DEBUG Engine               - prefWidthProperty: ReadOnlyDoubleProperty [value: 1316.0]
12:51:51.113 [FXGL Background Thread 3 ] DEBUG Engine               - profileDir: profiles/
12:51:51.113 [FXGL Background Thread 3 ] DEBUG Engine               - profileName: StringProperty [value: DEFAULT]
12:51:51.113 [FXGL Background Thread 3 ] DEBUG Engine               - randomSeed: -1
12:51:51.114 [FXGL Background Thread 3 ] DEBUG Engine               - runtimeInfo: RuntimeInfo(platform=WINDOWS, version=21.1, build=27.03.2024 07.52)
12:51:51.114 [FXGL Background Thread 3 ] DEBUG Engine               - saveFileExt: sav
12:51:51.114 [FXGL Background Thread 3 ] DEBUG Engine               - scaledHeightProp$fxgl: DoubleProperty [bound, value: 1007.0]
12:51:51.114 [FXGL Background Thread 3 ] DEBUG Engine               - scaledWidthProp$fxgl: DoubleProperty [bound, value: 1316.0]
12:51:51.114 [FXGL Background Thread 3 ] DEBUG Engine               - sceneFactory: edu.sustech.xiangqi.XiangQiApp$1@2c47bf04
12:51:51.114 [FXGL Background Thread 3 ] DEBUG Engine               - secondsIn24h: 60
12:51:51.114 [FXGL Background Thread 3 ] DEBUG Engine               - soundMenuBack: menu/back.wav
12:51:51.114 [FXGL Background Thread 3 ] DEBUG Engine               - soundMenuPress: menu/press.wav
12:51:51.114 [FXGL Background Thread 3 ] DEBUG Engine               - soundMenuSelect: menu/select.wav
12:51:51.114 [FXGL Background Thread 3 ] DEBUG Engine               - soundNotification: core/notification.wav
12:51:51.114 [FXGL Background Thread 3 ] DEBUG Engine               - stageStyle: DECORATED
12:51:51.114 [FXGL Background Thread 3 ] DEBUG Engine               - supportedLanguages: [ENGLISH, FRENCH, GERMAN, HUNGARIAN, RUSSIAN]
12:51:51.114 [FXGL Background Thread 3 ] DEBUG Engine               - ticksPerSecond: -1
12:51:51.114 [FXGL Background Thread 3 ] DEBUG Engine               - title: 中国象棋 1.0
12:51:51.114 [FXGL Background Thread 3 ] DEBUG Engine               - urlGithub: https://github.com/AlmasB/FXGL
12:51:51.114 [FXGL Background Thread 3 ] DEBUG Engine               - urlLeaderboard: http://fxgl-top.herokuapp.com/
12:51:51.114 [FXGL Background Thread 3 ] DEBUG Engine               - urlPOM: https://raw.githubusercontent.com/AlmasB/FXGL/release/README.md
12:51:51.114 [FXGL Background Thread 3 ] DEBUG Engine               - userAppClass: class edu.sustech.xiangqi.XiangQiApp
12:51:51.114 [FXGL Background Thread 3 ] DEBUG Engine               - version: 1.0
12:51:51.114 [FXGL Background Thread 3 ] DEBUG Engine               - versionCheckDays: 7
12:51:51.114 [FXGL Background Thread 3 ] DEBUG Engine               - width: 1316
12:51:51.114 [FXGL Background Thread 3 ] DEBUG Engine               - Logging services
12:51:51.114 [FXGL Background Thread 3 ] DEBUG Engine               - class com.almasb.fxgl.app.services.FXGLAssetLoaderService
12:51:51.114 [FXGL Background Thread 3 ] DEBUG Engine               - class com.almasb.fxgl.app.FXGLApplication$GameApplicationService
12:51:51.114 [FXGL Background Thread 3 ] DEBUG Engine               - class com.almasb.fxgl.app.services.FXGLDialogService
12:51:51.114 [FXGL Background Thread 3 ] DEBUG Engine               - class com.almasb.fxgl.app.services.IOTaskExecutorService
12:51:51.114 [FXGL Background Thread 3 ] DEBUG Engine               - class com.almasb.fxgl.io.FileSystemService
12:51:51.114 [FXGL Background Thread 3 ] DEBUG Engine               - class com.almasb.fxgl.localization.LocalizationService
12:51:51.114 [FXGL Background Thread 3 ] DEBUG Engine               - class com.almasb.fxgl.app.services.SystemBundleService
12:51:51.114 [FXGL Background Thread 3 ] DEBUG Engine               - class com.almasb.fxgl.profile.SaveLoadService
12:51:51.114 [FXGL Background Thread 3 ] DEBUG Engine               - class com.almasb.fxgl.ui.FXGLUIFactoryServiceProvider
12:51:51.114 [FXGL Background Thread 3 ] DEBUG Engine               - class com.almasb.fxgl.ui.FXGLDialogFactoryServiceProvider
12:51:51.114 [FXGL Background Thread 3 ] DEBUG Engine               - class com.almasb.fxgl.audio.AudioPlayer
12:51:51.114 [FXGL Background Thread 3 ] DEBUG Engine               - class com.almasb.fxgl.notification.impl.NotificationServiceProvider
12:51:51.114 [FXGL Background Thread 3 ] DEBUG Engine               - class com.almasb.fxgl.achievement.AchievementService
12:51:51.114 [FXGL Background Thread 3 ] DEBUG Engine               - class com.almasb.fxgl.cutscene.CutsceneService
12:51:51.114 [FXGL Background Thread 3 ] DEBUG Engine               - class com.almasb.fxgl.minigames.MiniGameService
12:51:51.114 [FXGL Background Thread 3 ] DEBUG Engine               - class com.almasb.fxgl.net.NetService
12:51:51.114 [FXGL Background Thread 3 ] DEBUG Engine               - class com.almasb.fxgl.app.services.UpdaterService
12:51:51.114 [FXGL Background Thread 3 ] DEBUG Engine               - class com.almasb.fxgl.dev.DevService
12:51:52.393 [JavaFX Application Thread] DEBUG AudioPlayer          - Playing music com.almasb.fxgl.audio.Music@2be2875f
12:51:52.909 [JavaFX Application Thread] DEBUG AudioPlayer          - Playing music com.almasb.fxgl.audio.Music@2be2875f
12:51:56.601 [JavaFX Application Thread] DEBUG AudioPlayer          - Playing music com.almasb.fxgl.audio.Music@2be2875f
12:51:58.134 [JavaFX Application Thread] DEBUG AudioPlayer          - Playing music com.almasb.fxgl.audio.Music@2be2875f
12:51:58.690 [JavaFX Application Thread] DEBUG AudioPlayer          - Playing music com.almasb.fxgl.audio.Music@2be2875f
12:51:59.019 [JavaFX Application Thread] DEBUG AudioPlayer          - Playing music com.almasb.fxgl.audio.Music@2be2875f
12:51:59.866 [JavaFX Application Thread] DEBUG AudioPlayer          - Playing music com.almasb.fxgl.audio.Music@2be2875f
12:52:01.297 [JavaFX Application Thread] DEBUG AudioPlayer          - Playing music com.almasb.fxgl.audio.Music@2be2875f
12:52:01.345 [JavaFX Application Thread] DEBUG AudioPlayer          - Playing music com.almasb.fxgl.audio.Music@2be2875f
12:52:01.854 [JavaFX Application Thread] DEBUG AudioPlayer          - Playing music com.almasb.fxgl.audio.Music@2be2875f
12:52:02.818 [JavaFX Application Thread] DEBUG AudioPlayer          - Playing music com.almasb.fxgl.audio.Music@2be2875f
12:52:03.237 [JavaFX Application Thread] DEBUG PrimaryStageWindow   - Push state: DialogSubScene
12:52:03.237 [JavaFX Application Thread] DEBUG Input                - Clearing active input actions
12:52:03.237 [JavaFX Application Thread] DEBUG GameApplicationServi - Removing overlay from MainMenuScene and adding to DialogSubScene
12:52:03.237 [JavaFX Application Thread] DEBUG PrimaryStageWindow   - MainMenuScene -> DialogSubScene
12:52:04.290 [JavaFX Application Thread] DEBUG PrimaryStageWindow   - Pop state: DialogSubScene
12:52:04.290 [JavaFX Application Thread] DEBUG Input                - Clearing active input actions
12:52:04.290 [JavaFX Application Thread] DEBUG GameApplicationServi - Removing overlay from DialogSubScene and adding to MainMenuScene
12:52:04.290 [JavaFX Application Thread] DEBUG PrimaryStageWindow   - MainMenuScene <- DialogSubScene
12:52:04.298 [JavaFX Application Thread] DEBUG GameApplicationServi - Starting new game
12:52:04.298 [JavaFX Application Thread] DEBUG PrimaryStageWindow   - Pop state: MainMenuScene
12:52:04.298 [JavaFX Application Thread] DEBUG Input                - Clearing active input actions
12:52:04.298 [JavaFX Application Thread] DEBUG GameApplicationServi - Removing overlay from MainMenuScene and adding to FXGLMainMenuDummyScene
12:52:04.298 [JavaFX Application Thread] DEBUG PrimaryStageWindow   - FXGLMainMenuDummyScene <- MainMenuScene
12:52:04.298 [JavaFX Application Thread] DEBUG Input                - Clearing active input actions
12:52:04.301 [JavaFX Application Thread] DEBUG GameApplicationServi - Removing overlay from FXGLMainMenuDummyScene and adding to FXGLLoadingScene
12:52:04.301 [JavaFX Application Thread] DEBUG PrimaryStageWindow   - FXGLMainMenuDummyScene -> FXGLLoadingScene
12:52:04.301 [JavaFX Application Thread] DEBUG GameApplicationServi - Clearing previous game
12:52:04.301 [JavaFX Application Thread] DEBUG GameScene            - Clearing game scene
12:52:04.301 [JavaFX Application Thread] DEBUG GameWorld            - Clearing game world
12:52:04.302 [JavaFX Application Thread] DEBUG PhysicsWorld         - Clearing physics world
12:52:04.303 [FXGL Background Thread 2 ] DEBUG FXGLApplication      - Initializing game
12:52:04.309 [FXGL Background Thread 2 ] DEBUG FXGLAssetLoaderServi - Loading from file system: file:/D:/Github/javaA-xiangqi-project-main-yxh-1125/target/classes/assets/textures/%e8%83%8c%e6%99%af.jpg
12:52:04.359 [FXGL Background Thread 2 ] DEBUG FXGLAssetLoaderServi - Loading from file system: file:/D:/Github/javaA-xiangqi-project-main-yxh-1125/target/classes/assets/textures/ChessBoard.png
12:52:04.374 [FXGL Background Thread 2 ] DEBUG FXGLAssetLoaderServi - Loading from file system: file:/D:/Github/javaA-xiangqi-project-main-yxh-1125/target/classes/assets/textures/BlackChariot.png
12:52:04.386 [FXGL Background Thread 2 ] DEBUG FXGLAssetLoaderServi - Loading from file system: file:/D:/Github/javaA-xiangqi-project-main-yxh-1125/target/classes/assets/textures/BlackElephant.png
12:52:04.387 [FXGL Background Thread 2 ] DEBUG FXGLAssetLoaderServi - Loading from file system: file:/D:/Github/javaA-xiangqi-project-main-yxh-1125/target/classes/assets/textures/BlackAdvisor.png
12:52:04.388 [FXGL Background Thread 2 ] DEBUG FXGLAssetLoaderServi - Loading from file system: file:/D:/Github/javaA-xiangqi-project-main-yxh-1125/target/classes/assets/textures/BlackGeneral.png
12:52:04.388 [FXGL Background Thread 2 ] DEBUG FXGLAssetLoaderServi - Loading from file system: file:/D:/Github/javaA-xiangqi-project-main-yxh-1125/target/classes/assets/textures/BlackHorse.png
12:52:04.390 [FXGL Background Thread 2 ] DEBUG FXGLAssetLoaderServi - Loading from file system: file:/D:/Github/javaA-xiangqi-project-main-yxh-1125/target/classes/assets/textures/BlackCannon.png
12:52:04.391 [FXGL Background Thread 2 ] DEBUG FXGLAssetLoaderServi - Loading from file system: file:/D:/Github/javaA-xiangqi-project-main-yxh-1125/target/classes/assets/textures/BlackSoldier.png
12:52:04.394 [FXGL Background Thread 2 ] DEBUG FXGLAssetLoaderServi - Loading from file system: file:/D:/Github/javaA-xiangqi-project-main-yxh-1125/target/classes/assets/textures/RedSoldier.png
12:52:04.395 [FXGL Background Thread 2 ] DEBUG FXGLAssetLoaderServi - Loading from file system: file:/D:/Github/javaA-xiangqi-project-main-yxh-1125/target/classes/assets/textures/RedCannon.png
12:52:04.396 [FXGL Background Thread 2 ] DEBUG FXGLAssetLoaderServi - Loading from file system: file:/D:/Github/javaA-xiangqi-project-main-yxh-1125/target/classes/assets/textures/RedChariot.png
12:52:04.396 [FXGL Background Thread 2 ] DEBUG FXGLAssetLoaderServi - Loading from file system: file:/D:/Github/javaA-xiangqi-project-main-yxh-1125/target/classes/assets/textures/RedHorse.png
12:52:04.397 [FXGL Background Thread 2 ] DEBUG FXGLAssetLoaderServi - Loading from file system: file:/D:/Github/javaA-xiangqi-project-main-yxh-1125/target/classes/assets/textures/RedElephant.png
12:52:04.397 [FXGL Background Thread 2 ] DEBUG FXGLAssetLoaderServi - Loading from file system: file:/D:/Github/javaA-xiangqi-project-main-yxh-1125/target/classes/assets/textures/RedAdvisor.png
12:52:04.399 [FXGL Background Thread 2 ] DEBUG FXGLAssetLoaderServi - Loading from file system: file:/D:/Github/javaA-xiangqi-project-main-yxh-1125/target/classes/assets/textures/RedGeneral.png
12:52:04.412 [FXGL Background Thread 2 ] INFO  FXGLApplication      - Game initialization took: 0.110 sec
12:52:04.412 [JavaFX Application Thread] DEBUG Input                - Clearing active input actions
12:52:04.415 [JavaFX Application Thread] DEBUG GameApplicationServi - Removing overlay from FXGLLoadingScene and adding to GameScene
12:52:04.415 [JavaFX Application Thread] DEBUG PrimaryStageWindow   - FXGLLoadingScene -> GameScene
12:52:04.754 [JavaFX Application Thread] DEBUG PrimaryStageWindow   - Push state: InGameMenuScene
12:52:04.754 [JavaFX Application Thread] DEBUG Input                - Clearing active input actions
12:52:04.754 [JavaFX Application Thread] DEBUG GameApplicationServi - Removing overlay from GameScene and adding to InGameMenuScene
12:52:04.754 [JavaFX Application Thread] DEBUG PrimaryStageWindow   - GameScene -> InGameMenuScene
12:52:04.764 [JavaFX Application Thread] DEBUG AudioPlayer          - Playing music com.almasb.fxgl.audio.Music@2be2875f
12:52:05.094 [JavaFX Application Thread] DEBUG AudioPlayer          - Playing music com.almasb.fxgl.audio.Music@2be2875f
12:52:05.196 [JavaFX Application Thread] DEBUG AudioPlayer          - Playing music com.almasb.fxgl.audio.Music@2be2875f
12:52:05.712 [JavaFX Application Thread] DEBUG Menu                 - fireExitToMainMenu()
12:52:05.713 [JavaFX Application Thread] DEBUG PrimaryStageWindow   - Push state: DialogSubScene
12:52:05.713 [JavaFX Application Thread] DEBUG Input                - Clearing active input actions
12:52:05.714 [JavaFX Application Thread] DEBUG GameApplicationServi - Removing overlay from InGameMenuScene and adding to DialogSubScene
12:52:05.714 [JavaFX Application Thread] DEBUG PrimaryStageWindow   - InGameMenuScene -> DialogSubScene
12:52:06.370 [JavaFX Application Thread] DEBUG PrimaryStageWindow   - Pop state: DialogSubScene
12:52:06.370 [JavaFX Application Thread] DEBUG Input                - Clearing active input actions
12:52:06.371 [JavaFX Application Thread] DEBUG GameApplicationServi - Removing overlay from DialogSubScene and adding to InGameMenuScene
12:52:06.371 [JavaFX Application Thread] DEBUG PrimaryStageWindow   - InGameMenuScene <- DialogSubScene
12:52:06.371 [JavaFX Application Thread] DEBUG PrimaryStageWindow   - Pop state: InGameMenuScene
12:52:06.371 [JavaFX Application Thread] DEBUG Input                - Clearing active input actions
12:52:06.371 [JavaFX Application Thread] DEBUG GameApplicationServi - Removing overlay from InGameMenuScene and adding to GameScene
12:52:06.371 [JavaFX Application Thread] DEBUG PrimaryStageWindow   - GameScene <- InGameMenuScene
12:52:06.371 [JavaFX Application Thread] DEBUG Input                - Clearing active input actions
12:52:06.373 [JavaFX Application Thread] DEBUG GameApplicationServi - Removing overlay from GameScene and adding to FXGLMainMenuDummyScene
12:52:06.373 [JavaFX Application Thread] DEBUG PrimaryStageWindow   - GameScene -> FXGLMainMenuDummyScene
12:52:06.373 [JavaFX Application Thread] DEBUG PrimaryStageWindow   - Push state: MainMenuScene
12:52:06.373 [JavaFX Application Thread] DEBUG Input                - Clearing active input actions
12:52:06.374 [JavaFX Application Thread] DEBUG GameApplicationServi - Removing overlay from FXGLMainMenuDummyScene and adding to MainMenuScene
12:52:06.374 [JavaFX Application Thread] DEBUG PrimaryStageWindow   - FXGLMainMenuDummyScene -> MainMenuScene
12:52:06.374 [JavaFX Application Thread] DEBUG AudioPlayer          - Playing music com.almasb.fxgl.audio.Music@2be2875f
12:52:06.743 [JavaFX Application Thread] DEBUG AudioPlayer          - Playing music com.almasb.fxgl.audio.Music@2be2875f
12:52:11.752 [JavaFX Application Thread] DEBUG AudioPlayer          - Playing music com.almasb.fxgl.audio.Music@2be2875f
12:52:11.781 [JavaFX Application Thread] DEBUG AudioPlayer          - Playing music com.almasb.fxgl.audio.Music@2be2875f
12:52:12.209 [JavaFX Application Thread] DEBUG AudioPlayer          - Playing music com.almasb.fxgl.audio.Music@2be2875f
12:52:12.595 [JavaFX Application Thread] DEBUG Menu                 - fireNewGame()
12:52:12.595 [JavaFX Application Thread] DEBUG GameApplicationServi - Starting new game
12:52:12.595 [JavaFX Application Thread] DEBUG PrimaryStageWindow   - Pop state: MainMenuScene
12:52:12.595 [JavaFX Application Thread] DEBUG Input                - Clearing active input actions
12:52:12.596 [JavaFX Application Thread] DEBUG GameApplicationServi - Removing overlay from MainMenuScene and adding to FXGLMainMenuDummyScene
12:52:12.596 [JavaFX Application Thread] DEBUG PrimaryStageWindow   - FXGLMainMenuDummyScene <- MainMenuScene
12:52:12.596 [JavaFX Application Thread] DEBUG Input                - Clearing active input actions
12:52:12.598 [JavaFX Application Thread] DEBUG GameApplicationServi - Removing overlay from FXGLMainMenuDummyScene and adding to FXGLLoadingScene
12:52:12.598 [JavaFX Application Thread] DEBUG PrimaryStageWindow   - FXGLMainMenuDummyScene -> FXGLLoadingScene
12:52:12.598 [JavaFX Application Thread] DEBUG GameApplicationServi - Clearing previous game
12:52:12.598 [JavaFX Application Thread] DEBUG GameScene            - Clearing game scene
12:52:12.598 [JavaFX Application Thread] DEBUG GameWorld            - Clearing game world
12:52:12.605 [JavaFX Application Thread] DEBUG PhysicsWorld         - Clearing physics world
12:52:12.605 [FXGL Background Thread 2 ] DEBUG FXGLApplication      - Initializing game
12:52:12.609 [FXGL Background Thread 2 ] INFO  FXGLApplication      - Game initialization took: 0.004 sec
12:52:12.609 [JavaFX Application Thread] DEBUG Input                - Clearing active input actions
12:52:12.611 [JavaFX Application Thread] DEBUG GameApplicationServi - Removing overlay from FXGLLoadingScene and adding to GameScene
12:52:12.611 [JavaFX Application Thread] DEBUG PrimaryStageWindow   - FXGLLoadingScene -> GameScene
12:52:13.640 [JavaFX Application Thread] DEBUG PrimaryStageWindow   - Push state: InGameMenuScene
12:52:13.640 [JavaFX Application Thread] DEBUG Input                - Clearing active input actions
12:52:13.640 [JavaFX Application Thread] DEBUG GameApplicationServi - Removing overlay from GameScene and adding to InGameMenuScene
12:52:13.640 [JavaFX Application Thread] DEBUG PrimaryStageWindow   - GameScene -> InGameMenuScene
12:52:13.981 [JavaFX Application Thread] DEBUG AudioPlayer          - Playing music com.almasb.fxgl.audio.Music@2be2875f
12:52:14.302 [JavaFX Application Thread] DEBUG AudioPlayer          - Playing music com.almasb.fxgl.audio.Music@2be2875f
12:52:14.513 [JavaFX Application Thread] DEBUG Menu                 - fireExitToMainMenu()
12:52:14.513 [JavaFX Application Thread] DEBUG PrimaryStageWindow   - Push state: DialogSubScene
12:52:14.515 [JavaFX Application Thread] DEBUG Input                - Clearing active input actions
12:52:14.515 [JavaFX Application Thread] DEBUG GameApplicationServi - Removing overlay from InGameMenuScene and adding to DialogSubScene
12:52:14.515 [JavaFX Application Thread] DEBUG PrimaryStageWindow   - InGameMenuScene -> DialogSubScene
12:52:15.278 [JavaFX Application Thread] DEBUG PrimaryStageWindow   - Pop state: DialogSubScene
12:52:15.278 [JavaFX Application Thread] DEBUG Input                - Clearing active input actions
12:52:15.278 [JavaFX Application Thread] DEBUG GameApplicationServi - Removing overlay from DialogSubScene and adding to InGameMenuScene
12:52:15.278 [JavaFX Application Thread] DEBUG PrimaryStageWindow   - InGameMenuScene <- DialogSubScene
12:52:15.278 [JavaFX Application Thread] DEBUG PrimaryStageWindow   - Pop state: InGameMenuScene
12:52:15.278 [JavaFX Application Thread] DEBUG Input                - Clearing active input actions
12:52:15.278 [JavaFX Application Thread] DEBUG GameApplicationServi - Removing overlay from InGameMenuScene and adding to GameScene
12:52:15.278 [JavaFX Application Thread] DEBUG PrimaryStageWindow   - GameScene <- InGameMenuScene
12:52:15.278 [JavaFX Application Thread] DEBUG Input                - Clearing active input actions
12:52:15.280 [JavaFX Application Thread] DEBUG GameApplicationServi - Removing overlay from GameScene and adding to FXGLMainMenuDummyScene
12:52:15.280 [JavaFX Application Thread] DEBUG PrimaryStageWindow   - GameScene -> FXGLMainMenuDummyScene
12:52:15.280 [JavaFX Application Thread] DEBUG PrimaryStageWindow   - Push state: MainMenuScene
12:52:15.280 [JavaFX Application Thread] DEBUG Input                - Clearing active input actions
12:52:15.280 [JavaFX Application Thread] DEBUG GameApplicationServi - Removing overlay from FXGLMainMenuDummyScene and adding to MainMenuScene
12:52:15.280 [JavaFX Application Thread] DEBUG PrimaryStageWindow   - FXGLMainMenuDummyScene -> MainMenuScene
12:52:15.281 [JavaFX Application Thread] DEBUG AudioPlayer          - Playing music com.almasb.fxgl.audio.Music@2be2875f
12:52:15.576 [JavaFX Application Thread] DEBUG AudioPlayer          - Playing music com.almasb.fxgl.audio.Music@2be2875f
12:52:15.654 [JavaFX Application Thread] DEBUG AudioPlayer          - Playing music com.almasb.fxgl.audio.Music@2be2875f
12:52:16.462 [JavaFX Application Thread] DEBUG Menu                 - fireNewGame()
12:52:16.462 [JavaFX Application Thread] DEBUG GameApplicationServi - Starting new game
12:52:16.462 [JavaFX Application Thread] DEBUG PrimaryStageWindow   - Pop state: MainMenuScene
12:52:16.462 [JavaFX Application Thread] DEBUG Input                - Clearing active input actions
12:52:16.462 [JavaFX Application Thread] DEBUG GameApplicationServi - Removing overlay from MainMenuScene and adding to FXGLMainMenuDummyScene
12:52:16.462 [JavaFX Application Thread] DEBUG PrimaryStageWindow   - FXGLMainMenuDummyScene <- MainMenuScene
12:52:16.462 [JavaFX Application Thread] DEBUG Input                - Clearing active input actions
12:52:16.464 [JavaFX Application Thread] DEBUG GameApplicationServi - Removing overlay from FXGLMainMenuDummyScene and adding to FXGLLoadingScene
12:52:16.464 [JavaFX Application Thread] DEBUG PrimaryStageWindow   - FXGLMainMenuDummyScene -> FXGLLoadingScene
12:52:16.464 [JavaFX Application Thread] DEBUG GameApplicationServi - Clearing previous game
12:52:16.464 [JavaFX Application Thread] DEBUG GameScene            - Clearing game scene
12:52:16.464 [JavaFX Application Thread] DEBUG GameWorld            - Clearing game world
12:52:16.464 [JavaFX Application Thread] DEBUG PhysicsWorld         - Clearing physics world
12:52:16.464 [FXGL Background Thread 2 ] DEBUG FXGLApplication      - Initializing game
12:52:16.472 [FXGL Background Thread 2 ] INFO  FXGLApplication      - Game initialization took: 0.007 sec
12:52:16.472 [JavaFX Application Thread] DEBUG Input                - Clearing active input actions
12:52:16.473 [JavaFX Application Thread] DEBUG GameApplicationServi - Removing overlay from FXGLLoadingScene and adding to GameScene
12:52:16.474 [JavaFX Application Thread] DEBUG PrimaryStageWindow   - FXGLLoadingScene -> GameScene
12:52:17.127 [JavaFX Application Thread] DEBUG FXGLAssetLoaderServi - Loading from file system: file:/D:/Github/javaA-xiangqi-project-main-yxh-1125/target/classes/assets/textures/%e9%80%89%e4%b8%ad.png
12:52:19.855 [JavaFX Application Thread] DEBUG AudioPlayer          - Playing music com.almasb.fxgl.audio.Music@2be2875f
12:52:20.117 [JavaFX Application Thread] DEBUG AudioPlayer          - Playing music com.almasb.fxgl.audio.Music@2be2875f
12:52:20.296 [JavaFX Application Thread] DEBUG PrimaryStageWindow   - Push state: DialogSubScene
12:52:20.296 [JavaFX Application Thread] DEBUG Input                - Clearing active input actions
12:52:20.297 [JavaFX Application Thread] DEBUG GameApplicationServi - Removing overlay from GameScene and adding to DialogSubScene
12:52:20.297 [JavaFX Application Thread] DEBUG PrimaryStageWindow   - GameScene -> DialogSubScene
12:52:25.207 [JavaFX Application Thread] DEBUG PrimaryStageWindow   - Pop state: DialogSubScene
12:52:25.208 [JavaFX Application Thread] DEBUG Input                - Clearing active input actions
12:52:25.208 [JavaFX Application Thread] DEBUG GameApplicationServi - Removing overlay from DialogSubScene and adding to GameScene
12:52:25.208 [JavaFX Application Thread] DEBUG PrimaryStageWindow   - GameScene <- DialogSubScene
12:52:37.005 [JavaFX Application Thread] DEBUG AudioPlayer          - Playing music com.almasb.fxgl.audio.Music@2be2875f
12:53:37.093 [JavaFX Application Thread] DEBUG AudioPlayer          - Playing music com.almasb.fxgl.audio.Music@2be2875f
12:53:37.651 [JavaFX Application Thread] DEBUG AudioPlayer          - Playing music com.almasb.fxgl.audio.Music@2be2875f
12:53:37.722 [JavaFX Application Thread] DEBUG AudioPlayer          - Playing music com.almasb.fxgl.audio.Music@2be2875f
12:53:37.886 [JavaFX Application Thread] DEBUG AudioPlayer          - Playing music com.almasb.fxgl.audio.Music@2be2875f
12:53:37.998 [JavaFX Application Thread] DEBUG AudioPlayer          - Playing music com.almasb.fxgl.audio.Music@2be2875f
12:53:38.303 [JavaFX Application Thread] DEBUG AudioPlayer          - Playing music com.almasb.fxgl.audio.Music@2be2875f
12:53:38.330 [JavaFX Application Thread] DEBUG AudioPlayer          - Playing music com.almasb.fxgl.audio.Music@2be2875f
12:53:38.371 [JavaFX Application Thread] DEBUG AudioPlayer          - Playing music com.almasb.fxgl.audio.Music@2be2875f
12:53:38.636 [JavaFX Application Thread] DEBUG AudioPlayer          - Playing music com.almasb.fxgl.audio.Music@2be2875f
12:53:38.883 [JavaFX Application Thread] DEBUG PrimaryStageWindow   - Push state: InGameMenuScene
12:53:38.883 [JavaFX Application Thread] DEBUG Input                - Clearing active input actions
12:53:38.883 [JavaFX Application Thread] DEBUG GameApplicationServi - Removing overlay from GameScene and adding to InGameMenuScene
12:53:38.883 [JavaFX Application Thread] DEBUG PrimaryStageWindow   - GameScene -> InGameMenuScene
12:53:39.331 [JavaFX Application Thread] DEBUG AudioPlayer          - Playing music com.almasb.fxgl.audio.Music@2be2875f
12:53:39.554 [JavaFX Application Thread] DEBUG Menu                 - fireExitToMainMenu()
12:53:39.555 [JavaFX Application Thread] DEBUG PrimaryStageWindow   - Push state: DialogSubScene
12:53:39.555 [JavaFX Application Thread] DEBUG Input                - Clearing active input actions
12:53:39.555 [JavaFX Application Thread] DEBUG GameApplicationServi - Removing overlay from InGameMenuScene and adding to DialogSubScene
12:53:39.555 [JavaFX Application Thread] DEBUG PrimaryStageWindow   - InGameMenuScene -> DialogSubScene
12:53:40.163 [JavaFX Application Thread] DEBUG PrimaryStageWindow   - Pop state: DialogSubScene
12:53:40.163 [JavaFX Application Thread] DEBUG Input                - Clearing active input actions
12:53:40.163 [JavaFX Application Thread] DEBUG GameApplicationServi - Removing overlay from DialogSubScene and adding to InGameMenuScene
12:53:40.163 [JavaFX Application Thread] DEBUG PrimaryStageWindow   - InGameMenuScene <- DialogSubScene
12:53:40.163 [JavaFX Application Thread] DEBUG PrimaryStageWindow   - Pop state: InGameMenuScene
12:53:40.163 [JavaFX Application Thread] DEBUG Input                - Clearing active input actions
12:53:40.163 [JavaFX Application Thread] DEBUG GameApplicationServi - Removing overlay from InGameMenuScene and adding to GameScene
12:53:40.163 [JavaFX Application Thread] DEBUG PrimaryStageWindow   - GameScene <- InGameMenuScene
12:53:40.163 [JavaFX Application Thread] DEBUG Input                - Clearing active input actions
12:53:40.165 [JavaFX Application Thread] DEBUG GameApplicationServi - Removing overlay from GameScene and adding to FXGLMainMenuDummyScene
12:53:40.165 [JavaFX Application Thread] DEBUG PrimaryStageWindow   - GameScene -> FXGLMainMenuDummyScene
12:53:40.165 [JavaFX Application Thread] DEBUG PrimaryStageWindow   - Push state: MainMenuScene
12:53:40.165 [JavaFX Application Thread] DEBUG Input                - Clearing active input actions
12:53:40.166 [JavaFX Application Thread] DEBUG GameApplicationServi - Removing overlay from FXGLMainMenuDummyScene and adding to MainMenuScene
12:53:40.166 [JavaFX Application Thread] DEBUG PrimaryStageWindow   - FXGLMainMenuDummyScene -> MainMenuScene
12:53:40.166 [JavaFX Application Thread] DEBUG AudioPlayer          - Playing music com.almasb.fxgl.audio.Music@2be2875f
12:53:40.697 [JavaFX Application Thread] DEBUG AudioPlayer          - Playing music com.almasb.fxgl.audio.Music@2be2875f
12:53:44.293 [JavaFX Application Thread] DEBUG FXGLApplication      - Exiting FXGL
12:53:44.293 [JavaFX Application Thread] DEBUG LoopRunner           - Stopping loop
12:53:44.293 [JavaFX Application Thread] DEBUG SystemBundleService  - Saving FXGL system data
12:53:44.294 [JavaFX Application Thread] DEBUG FileSystemAccess     - Writing to: D:\Github\javaA-xiangqi-project-main-yxh-1125\system\fxgl.bundle
12:53:44.294 [JavaFX Application Thread] DEBUG Async                - Shutting down background threads
12:53:44.295 [JavaFX Application Thread] DEBUG PrimaryStageWindow   - Closing main window
12:53:44.314 [JavaFX Application Thread] DEBUG Logger               - Closing Logger
