20:05:15.288 [main                     ] DEBUG Logger               - Configured Logger
20:05:15.304 [main                     ] DEBUG GameApplication      - Logging settings
Title: 中国象棋 1.0
Version: 1.0
Width: 1316
Height: 1007
Fullscreen: false
Intro: false
Profiling: false
Single step:false
App Mode: DEVELOPER
Menu Key: ESCAPE
Stage Style: DECORATED
Scene Factory: class edu.sustech.xiangqi.XiangQiApp$1

20:05:15.773 [JavaFX Application Thread] DEBUG FXGLApplication      - Initializing FXGL
20:05:15.776 [JavaFX Application Thread] INFO  Engine               - FXGL-21.1 (27.03.2024 07.52) on WINDOWS (J:23.0.2 FX:21.0.1)
20:05:15.776 [JavaFX Application Thread] DEBUG Engine               - JRE Vendor Name: Amazon.com Inc.
20:05:15.776 [JavaFX Application Thread] DEBUG Engine               - Running on OS: Windows 11 version 10.0
20:05:15.776 [JavaFX Application Thread] DEBUG Engine               - Architecture: amd64
20:05:15.776 [JavaFX Application Thread] INFO  Engine               - Source code and latest versions at: https://github.com/AlmasB/FXGL
20:05:15.776 [JavaFX Application Thread] INFO  Engine               -       Ask questions and discuss at: https://github.com/AlmasB/FXGL/discussions
20:05:15.776 [JavaFX Application Thread] INFO  Engine               -              Join the FXGL chat at: https://gitter.im/AlmasB/FXGL
20:05:15.847 [JavaFX Application Thread] DEBUG PrimaryStageWindow   - Creating a JavaFX scene
20:05:15.883 [JavaFX Application Thread] DEBUG PrimaryStageWindow   - Target settings size: 1316.0 x 1007.0
20:05:15.883 [JavaFX Application Thread] DEBUG PrimaryStageWindow   - Scaled scene size:    1316.0 x 1007.0
20:05:15.883 [JavaFX Application Thread] DEBUG PrimaryStageWindow   - Scaled ratio: (1.0, 1.0)
20:05:15.883 [JavaFX Application Thread] DEBUG PrimaryStageWindow   - Set initial scene to FXGLStartupScene
20:05:15.885 [JavaFX Application Thread] DEBUG PrimaryStageWindow   - Opening main window
20:05:15.966 [JavaFX Application Thread] DEBUG PrimaryStageWindow   - Window border size: (14.6666259765625, 37.6666259765625)
20:05:15.966 [JavaFX Application Thread] DEBUG PrimaryStageWindow   - Scaled size: 1316.0 x 1007.0
20:05:15.966 [JavaFX Application Thread] DEBUG PrimaryStageWindow   - Scaled ratio: (1.0, 1.0)
20:05:15.966 [JavaFX Application Thread] DEBUG PrimaryStageWindow   - Scene size: 1316.0 x 1007.0
20:05:15.966 [JavaFX Application Thread] DEBUG PrimaryStageWindow   - Stage size: 1330.6666259765625 x 1044.6666259765625
20:05:15.972 [FXGL Background Thread 1 ] DEBUG Engine               - Initializing environment variables
20:05:16.026 [FXGL Background Thread 1 ] DEBUG FXGLAssetLoaderServi - User app class for loading assets: class edu.sustech.xiangqi.XiangQiApp
20:05:16.026 [FXGL Background Thread 1 ] DEBUG GameApplicationServi - Applying CSS: fxgl_dark.css
20:05:16.026 [FXGL Background Thread 1 ] DEBUG FXGLAssetLoaderServi - Loading from file system: jar:file:/C:/Users/%e5%b0%b9%e7%8e%ba%e9%aa%85/.m2/repository/com/github/almasb/fxgl/21.1/fxgl-21.1.jar!/fxglassets/ui/css/fxgl_dark.css
20:05:16.055 [FXGL Background Thread 1 ] DEBUG GameApplicationServi - Initializing application scenes
20:05:16.128 [FXGL Background Thread 1 ] DEBUG GameWorld            - Game world initialized
20:05:16.180 [FXGL Background Thread 1 ] DEBUG PhysicsWorld         - Physics world initialized: appHeight=1007, physics.ppm=50.0
20:05:16.180 [FXGL Background Thread 1 ] DEBUG PhysicsWorld         - Using strategy: BRUTE_FORCE
20:05:16.183 [FXGL Background Thread 1 ] DEBUG GameScene            - Game scene initialized: 1316x1007
20:05:16.191 [FXGL Background Thread 1 ] DEBUG FXGLAssetLoaderServi - Loading from file system: file:/E:/G2/java/final_project/team_project_1124/javaA-xiangqi-project-main/target/classes/assets/ui/fonts/HYPixel11pxU-2.ttf
20:05:16.231 [FXGL Background Thread 1 ] DEBUG FXGLAssetLoaderServi - Loading from file system: file:/E:/G2/java/final_project/team_project_1124/javaA-xiangqi-project-main/target/classes/assets/textures/Button1.png
20:05:16.245 [FXGL Background Thread 1 ] DEBUG FXGLAssetLoaderServi - Loading from file system: file:/E:/G2/java/final_project/team_project_1124/javaA-xiangqi-project-main/target/classes/assets/textures/Press.png
20:05:16.284 [FXGL Background Thread 1 ] DEBUG GameApplicationServi - Application scenes initialized
20:05:16.291 [FXGL Background Thread 1 ] DEBUG SystemBundleService  - Loading FXGL system data
20:05:16.294 [FXGL Background Thread 1 ] DEBUG FileSystemAccess     - Reading from: E:\G2\java\final_project\team_project_1124\javaA-xiangqi-project-main\system\fxgl.bundle
20:05:16.298 [FXGL Background Thread 1 ] DEBUG SystemBundleService  - Bundle FXGL: {}
20:05:16.298 [FXGL Background Thread 1 ] DEBUG UpdaterService       - Checking for updates
20:05:16.302 [FXGL Background Thread 4 ] DEBUG FXGLApplication      - Loading fonts
20:05:16.302 [FXGL Background Thread 1 ] DEBUG FXGLApplication      - Loading default localization
20:05:16.302 [FXGL Background Thread 4 ] DEBUG FXGLAssetLoaderServi - Loading from file system: jar:file:/C:/Users/%e5%b0%b9%e7%8e%ba%e9%aa%85/.m2/repository/com/github/almasb/fxgl/21.1/fxgl-21.1.jar!/fxglassets/ui/fonts/VarelaRound-Regular.ttf
20:05:16.302 [FXGL Background Thread 1 ] DEBUG FXGLAssetLoaderServi - Loading from file system: jar:file:/C:/Users/%e5%b0%b9%e7%8e%ba%e9%aa%85/.m2/repository/com/github/almasb/fxgl/21.1/fxgl-21.1.jar!/fxglassets/languages/english.lang
20:05:16.305 [FXGL Background Thread 4 ] DEBUG FXGLAssetLoaderServi - Loading from file system: jar:file:/C:/Users/%e5%b0%b9%e7%8e%ba%e9%aa%85/.m2/repository/com/github/almasb/fxgl/21.1/fxgl-21.1.jar!/fxglassets/ui/fonts/Abel-Regular.ttf
20:05:16.308 [FXGL Background Thread 4 ] DEBUG FXGLAssetLoaderServi - Loading from file system: jar:file:/C:/Users/%e5%b0%b9%e7%8e%ba%e9%aa%85/.m2/repository/com/github/almasb/fxgl/21.1/fxgl-21.1.jar!/fxglassets/ui/fonts/TerminalLandMono-Regular.otf
20:05:16.312 [FXGL Background Thread 4 ] DEBUG FXGLAssetLoaderServi - Loading from file system: jar:file:/C:/Users/%e5%b0%b9%e7%8e%ba%e9%aa%85/.m2/repository/com/github/almasb/fxgl/21.1/fxgl-21.1.jar!/fxglassets/ui/fonts/Courier-Prime.ttf
20:05:16.317 [JavaFX Application Thread] DEBUG FXGLApplication      - Registering font factories with UI factory
20:05:16.328 [FXGL Background Thread 1 ] INFO  FXGLApplication      - FXGL initialization took: 0.357 sec
20:05:16.333 [JavaFX Application Thread] DEBUG Input                - Registered new binding: Click - LMB
20:05:16.334 [JavaFX Application Thread] DEBUG FXGLAssetLoaderServi - Loading from file system: jar:file:/C:/Users/%e5%b0%b9%e7%8e%ba%e9%aa%85/.m2/repository/com/github/almasb/fxgl/21.1/fxgl-21.1.jar!/fxglassets/textures/fxgl_icon.png
20:05:16.354 [JavaFX Application Thread] DEBUG FXGLAssetLoaderServi - Loading from file system: jar:file:/C:/Users/%e5%b0%b9%e7%8e%ba%e9%aa%85/.m2/repository/com/github/almasb/fxgl/21.1/fxgl-21.1.jar!/fxglassets/textures/fxgl_default_cursor.png
20:05:16.363 [JavaFX Application Thread] DEBUG Input                - Registered new binding: Screenshot - CTRL+8
20:05:16.364 [JavaFX Application Thread] DEBUG Input                - Registered new binding: System info dump - CTRL+9
20:05:16.364 [JavaFX Application Thread] DEBUG Input                - Registered new binding: Restart - CTRL+R
20:05:16.365 [JavaFX Application Thread] DEBUG Input                - Registered new binding: Toggle Debug Camera - CTRL+7
20:05:16.369 [JavaFX Application Thread] DEBUG LoopRunner           - Starting loop
20:05:16.369 [JavaFX Application Thread] DEBUG LoopRunner           - Initializing JavaFX AnimationTimerLoop
20:05:16.373 [JavaFX Application Thread] DEBUG Input                - Clearing active input actions
20:05:16.378 [JavaFX Application Thread] DEBUG GameApplicationServi - Removing overlay from FXGLStartupScene and adding to FXGLMainMenuDummyScene
20:05:16.379 [JavaFX Application Thread] DEBUG PrimaryStageWindow   - FXGLStartupScene -> FXGLMainMenuDummyScene
20:05:16.379 [JavaFX Application Thread] DEBUG PrimaryStageWindow   - Push state: MainMenuScene
20:05:16.379 [JavaFX Application Thread] DEBUG Input                - Clearing active input actions
20:05:16.387 [JavaFX Application Thread] DEBUG GameApplicationServi - Removing overlay from FXGLMainMenuDummyScene and adding to MainMenuScene
20:05:16.387 [JavaFX Application Thread] DEBUG PrimaryStageWindow   - FXGLMainMenuDummyScene -> MainMenuScene
20:05:16.853 [JavaFX Application Thread] DEBUG FXGLAssetLoaderServi - Loading from file system: file:/E:/G2/java/final_project/team_project_1124/javaA-xiangqi-project-main/target/classes/assets/music/%e6%8c%89%e9%92%ae%e9%9f%b3%e6%95%881.mp3
20:05:17.152 [JavaFX Application Thread] DEBUG AudioPlayer          - Playing music com.almasb.fxgl.audio.Music@6f834b0c
20:05:17.160 [JavaFX Application Thread] DEBUG Menu                 - fireNewGame()
20:05:17.161 [JavaFX Application Thread] DEBUG GameApplicationServi - Starting new game
20:05:17.161 [JavaFX Application Thread] DEBUG PrimaryStageWindow   - Pop state: MainMenuScene
20:05:17.161 [JavaFX Application Thread] DEBUG Input                - Clearing active input actions
20:05:17.161 [JavaFX Application Thread] DEBUG GameApplicationServi - Removing overlay from MainMenuScene and adding to FXGLMainMenuDummyScene
20:05:17.161 [JavaFX Application Thread] DEBUG PrimaryStageWindow   - FXGLMainMenuDummyScene <- MainMenuScene
20:05:17.161 [JavaFX Application Thread] DEBUG Input                - Clearing active input actions
20:05:17.170 [JavaFX Application Thread] DEBUG GameApplicationServi - Removing overlay from FXGLMainMenuDummyScene and adding to FXGLLoadingScene
20:05:17.170 [JavaFX Application Thread] DEBUG PrimaryStageWindow   - FXGLMainMenuDummyScene -> FXGLLoadingScene
20:05:17.170 [JavaFX Application Thread] DEBUG GameApplicationServi - Clearing previous game
20:05:17.170 [JavaFX Application Thread] DEBUG GameScene            - Clearing game scene
20:05:17.170 [JavaFX Application Thread] DEBUG GameWorld            - Clearing game world
20:05:17.170 [JavaFX Application Thread] DEBUG PhysicsWorld         - Clearing physics world
20:05:17.172 [FXGL Background Thread 2 ] DEBUG FXGLApplication      - Initializing game
20:05:17.185 [FXGL Background Thread 2 ] DEBUG FXGLAssetLoaderServi - Loading from file system: file:/E:/G2/java/final_project/team_project_1124/javaA-xiangqi-project-main/target/classes/assets/textures/%e8%83%8c%e6%99%af.jpg
20:05:17.269 [FXGL Background Thread 2 ] DEBUG FXGLAssetLoaderServi - Loading from file system: file:/E:/G2/java/final_project/team_project_1124/javaA-xiangqi-project-main/target/classes/assets/textures/ChessBoard.png
20:05:17.320 [FXGL Background Thread 2 ] DEBUG FXGLAssetLoaderServi - Loading from file system: file:/E:/G2/java/final_project/team_project_1124/javaA-xiangqi-project-main/target/classes/assets/textures/BlackChariot.png
20:05:17.340 [FXGL Background Thread 2 ] DEBUG FXGLAssetLoaderServi - Loading from file system: file:/E:/G2/java/final_project/team_project_1124/javaA-xiangqi-project-main/target/classes/assets/textures/BlackHorse.png
20:05:17.343 [FXGL Background Thread 2 ] DEBUG FXGLAssetLoaderServi - Loading from file system: file:/E:/G2/java/final_project/team_project_1124/javaA-xiangqi-project-main/target/classes/assets/textures/BlackElephant.png
20:05:17.345 [FXGL Background Thread 2 ] DEBUG FXGLAssetLoaderServi - Loading from file system: file:/E:/G2/java/final_project/team_project_1124/javaA-xiangqi-project-main/target/classes/assets/textures/BlackAdvisor.png
20:05:17.347 [FXGL Background Thread 2 ] DEBUG FXGLAssetLoaderServi - Loading from file system: file:/E:/G2/java/final_project/team_project_1124/javaA-xiangqi-project-main/target/classes/assets/textures/BlackGeneral.png
20:05:17.353 [FXGL Background Thread 2 ] DEBUG FXGLAssetLoaderServi - Loading from file system: file:/E:/G2/java/final_project/team_project_1124/javaA-xiangqi-project-main/target/classes/assets/textures/BlackCannon.png
20:05:17.355 [FXGL Background Thread 2 ] DEBUG FXGLAssetLoaderServi - Loading from file system: file:/E:/G2/java/final_project/team_project_1124/javaA-xiangqi-project-main/target/classes/assets/textures/BlackSoldier.png
20:05:17.357 [FXGL Background Thread 2 ] DEBUG FXGLAssetLoaderServi - Loading from file system: file:/E:/G2/java/final_project/team_project_1124/javaA-xiangqi-project-main/target/classes/assets/textures/RedSoldier.png
20:05:17.361 [FXGL Background Thread 2 ] DEBUG FXGLAssetLoaderServi - Loading from file system: file:/E:/G2/java/final_project/team_project_1124/javaA-xiangqi-project-main/target/classes/assets/textures/RedCannon.png
20:05:17.363 [FXGL Background Thread 2 ] DEBUG FXGLAssetLoaderServi - Loading from file system: file:/E:/G2/java/final_project/team_project_1124/javaA-xiangqi-project-main/target/classes/assets/textures/RedChariot.png
20:05:17.364 [FXGL Background Thread 2 ] DEBUG FXGLAssetLoaderServi - Loading from file system: file:/E:/G2/java/final_project/team_project_1124/javaA-xiangqi-project-main/target/classes/assets/textures/RedHorse.png
20:05:17.366 [FXGL Background Thread 2 ] DEBUG FXGLAssetLoaderServi - Loading from file system: file:/E:/G2/java/final_project/team_project_1124/javaA-xiangqi-project-main/target/classes/assets/textures/RedElephant.png
20:05:17.367 [FXGL Background Thread 2 ] DEBUG FXGLAssetLoaderServi - Loading from file system: file:/E:/G2/java/final_project/team_project_1124/javaA-xiangqi-project-main/target/classes/assets/textures/RedAdvisor.png
20:05:17.369 [FXGL Background Thread 2 ] DEBUG FXGLAssetLoaderServi - Loading from file system: file:/E:/G2/java/final_project/team_project_1124/javaA-xiangqi-project-main/target/classes/assets/textures/RedGeneral.png
20:05:17.374 [FXGL Background Thread 2 ] INFO  FXGLApplication      - Game initialization took: 0.202 sec
20:05:17.374 [JavaFX Application Thread] DEBUG Input                - Clearing active input actions
20:05:17.381 [JavaFX Application Thread] DEBUG GameApplicationServi - Removing overlay from FXGLLoadingScene and adding to GameScene
20:05:17.381 [JavaFX Application Thread] DEBUG PrimaryStageWindow   - FXGLLoadingScene -> GameScene
20:05:19.301 [FXGL Background Thread 3 ] DEBUG Engine               - Logging environment variables
20:05:19.301 [FXGL Background Thread 3 ] DEBUG Engine               - achievements: []
20:05:19.301 [FXGL Background Thread 3 ] DEBUG Engine               - actualHeight: 1007.0
20:05:19.301 [FXGL Background Thread 3 ] DEBUG Engine               - actualHeightProperty: ReadOnlyDoubleProperty [value: 1007.0]
20:05:19.301 [FXGL Background Thread 3 ] DEBUG Engine               - actualWidth: 1316.0
20:05:19.301 [FXGL Background Thread 3 ] DEBUG Engine               - actualWidthProperty: ReadOnlyDoubleProperty [value: 1316.0]
20:05:19.301 [FXGL Background Thread 3 ] DEBUG Engine               - appIcon: fxgl_icon.png
20:05:19.301 [FXGL Background Thread 3 ] DEBUG Engine               - applicationMode: DEVELOPER
20:05:19.301 [FXGL Background Thread 3 ] DEBUG Engine               - cSSList: [fxgl_dark.css]
20:05:19.301 [FXGL Background Thread 3 ] DEBUG Engine               - collisionDetectionStrategy: BRUTE_FORCE
20:05:19.301 [FXGL Background Thread 3 ] DEBUG Engine               - configClass: Optional.empty
20:05:19.301 [FXGL Background Thread 3 ] DEBUG Engine               - credits: []
20:05:19.302 [FXGL Background Thread 3 ] DEBUG Engine               - defaultCursor: CursorInfo(imageName=fxgl_default_cursor.png, hotspotX=7.0, hotspotY=6.0)
20:05:19.302 [FXGL Background Thread 3 ] DEBUG Engine               - devBBoxColorProperty: ObjectProperty [value: 0xff0000ff]
20:05:19.302 [FXGL Background Thread 3 ] DEBUG Engine               - devEnableDebugCameraProperty: BooleanProperty [value: false]
20:05:19.302 [FXGL Background Thread 3 ] DEBUG Engine               - devSensorColorProperty: ObjectProperty [value: 0xffff00ff]
20:05:19.302 [FXGL Background Thread 3 ] DEBUG Engine               - devShowBBoxProperty: BooleanProperty [value: false]
20:05:19.302 [FXGL Background Thread 3 ] DEBUG Engine               - devShowPositionProperty: BooleanProperty [value: false]
20:05:19.302 [FXGL Background Thread 3 ] DEBUG Engine               - enabledMenuItems: []
20:05:19.302 [FXGL Background Thread 3 ] DEBUG Engine               - engineServices: [class com.almasb.fxgl.app.services.FXGLAssetLoaderService, class com.almasb.fxgl.app.FXGLApplication$GameApplicationService, class com.almasb.fxgl.app.services.FXGLDialogService, class com.almasb.fxgl.app.services.IOTaskExecutorService, class com.almasb.fxgl.io.FileSystemService, class com.almasb.fxgl.localization.LocalizationService, class com.almasb.fxgl.app.services.SystemBundleService, class com.almasb.fxgl.profile.SaveLoadService, class com.almasb.fxgl.ui.FXGLUIFactoryServiceProvider, class com.almasb.fxgl.ui.FXGLDialogFactoryServiceProvider, class com.almasb.fxgl.audio.AudioPlayer, class com.almasb.fxgl.notification.impl.NotificationServiceProvider, class com.almasb.fxgl.achievement.AchievementService, class com.almasb.fxgl.cutscene.CutsceneService, class com.almasb.fxgl.minigames.MiniGameService, class com.almasb.fxgl.net.NetService, class com.almasb.fxgl.app.services.UpdaterService, class com.almasb.fxgl.dev.DevService]
20:05:19.302 [FXGL Background Thread 3 ] DEBUG Engine               - fontGame: Abel-Regular.ttf
20:05:19.302 [FXGL Background Thread 3 ] DEBUG Engine               - fontMono: TerminalLandMono-Regular.otf
20:05:19.302 [FXGL Background Thread 3 ] DEBUG Engine               - fontSizeScaleUI: 1.0
20:05:19.302 [FXGL Background Thread 3 ] DEBUG Engine               - fontText: Courier-Prime.ttf
20:05:19.302 [FXGL Background Thread 3 ] DEBUG Engine               - fontUI: VarelaRound-Regular.ttf
20:05:19.302 [FXGL Background Thread 3 ] DEBUG Engine               - fullScreen: BooleanProperty [value: false]
20:05:19.302 [FXGL Background Thread 3 ] DEBUG Engine               - gameDifficulty: MEDIUM
20:05:19.302 [FXGL Background Thread 3 ] DEBUG Engine               - gameDifficultyProperty: ObjectProperty [value: MEDIUM]
20:05:19.302 [FXGL Background Thread 3 ] DEBUG Engine               - globalMusicVolume: 0.5
20:05:19.302 [FXGL Background Thread 3 ] DEBUG Engine               - globalMusicVolumeProperty: DoubleProperty [value: 0.5]
20:05:19.302 [FXGL Background Thread 3 ] DEBUG Engine               - globalSoundVolume: 0.5
20:05:19.302 [FXGL Background Thread 3 ] DEBUG Engine               - globalSoundVolumeProperty: DoubleProperty [value: 0.5]
20:05:19.304 [FXGL Background Thread 3 ] DEBUG Engine               - height: 1007
20:05:19.304 [FXGL Background Thread 3 ] DEBUG Engine               - is3D: false
20:05:19.304 [FXGL Background Thread 3 ] DEBUG Engine               - isAndroid: false
20:05:19.304 [FXGL Background Thread 3 ] DEBUG Engine               - isBrowser: false
20:05:19.304 [FXGL Background Thread 3 ] DEBUG Engine               - isClickFeedbackEnabled: false
20:05:19.304 [FXGL Background Thread 3 ] DEBUG Engine               - isCloseConfirmation: false
20:05:19.304 [FXGL Background Thread 3 ] DEBUG Engine               - isDesktop: true
20:05:19.304 [FXGL Background Thread 3 ] DEBUG Engine               - isDeveloperMenuEnabled: false
20:05:19.304 [FXGL Background Thread 3 ] DEBUG Engine               - isEmbedded: false
20:05:19.304 [FXGL Background Thread 3 ] DEBUG Engine               - isEntityPreloadEnabled: true
20:05:19.304 [FXGL Background Thread 3 ] DEBUG Engine               - isExperimentalTiledLargeMap: false
20:05:19.304 [FXGL Background Thread 3 ] DEBUG Engine               - isFileSystemWriteAllowed: true
20:05:19.304 [FXGL Background Thread 3 ] DEBUG Engine               - isFullScreenAllowed: false
20:05:19.304 [FXGL Background Thread 3 ] DEBUG Engine               - isFullScreenFromStart: false
20:05:19.304 [FXGL Background Thread 3 ] DEBUG Engine               - isGameMenuEnabled: true
20:05:19.304 [FXGL Background Thread 3 ] DEBUG Engine               - isIOS: false
20:05:19.304 [FXGL Background Thread 3 ] DEBUG Engine               - isIntroEnabled: false
20:05:19.304 [FXGL Background Thread 3 ] DEBUG Engine               - isLinux: false
20:05:19.304 [FXGL Background Thread 3 ] DEBUG Engine               - isMac: false
20:05:19.304 [FXGL Background Thread 3 ] DEBUG Engine               - isMainMenuEnabled: true
20:05:19.304 [FXGL Background Thread 3 ] DEBUG Engine               - isManualResizeEnabled: false
20:05:19.304 [FXGL Background Thread 3 ] DEBUG Engine               - isMobile: false
20:05:19.304 [FXGL Background Thread 3 ] DEBUG Engine               - isNative: false
20:05:19.304 [FXGL Background Thread 3 ] DEBUG Engine               - isPauseMusicWhenMinimized: true
20:05:19.304 [FXGL Background Thread 3 ] DEBUG Engine               - isPreserveResizeRatio: false
20:05:19.304 [FXGL Background Thread 3 ] DEBUG Engine               - isProfilingEnabled: false
20:05:19.304 [FXGL Background Thread 3 ] DEBUG Engine               - isScaleAffectedOnResize: true
20:05:19.304 [FXGL Background Thread 3 ] DEBUG Engine               - isSingleStep: false
20:05:19.304 [FXGL Background Thread 3 ] DEBUG Engine               - isUserProfileEnabled: false
20:05:19.304 [FXGL Background Thread 3 ] DEBUG Engine               - isWindows: true
20:05:19.304 [FXGL Background Thread 3 ] DEBUG Engine               - language: ObjectProperty [value: ENGLISH]
20:05:19.304 [FXGL Background Thread 3 ] DEBUG Engine               - menuKey: ESCAPE
20:05:19.304 [FXGL Background Thread 3 ] DEBUG Engine               - mouseSensitivity: 0.2
20:05:19.304 [FXGL Background Thread 3 ] DEBUG Engine               - notificationViewClass: class com.almasb.fxgl.notification.view.XboxNotificationView
20:05:19.304 [FXGL Background Thread 3 ] DEBUG Engine               - pixelsPerMeter: 50.0
20:05:19.304 [FXGL Background Thread 3 ] DEBUG Engine               - platform: WINDOWS
20:05:19.304 [FXGL Background Thread 3 ] DEBUG Engine               - prefHeightProperty: ReadOnlyDoubleProperty [value: 1007.0]
20:05:19.304 [FXGL Background Thread 3 ] DEBUG Engine               - prefWidthProperty: ReadOnlyDoubleProperty [value: 1316.0]
20:05:19.304 [FXGL Background Thread 3 ] DEBUG Engine               - profileDir: profiles/
20:05:19.304 [FXGL Background Thread 3 ] DEBUG Engine               - profileName: StringProperty [value: DEFAULT]
20:05:19.304 [FXGL Background Thread 3 ] DEBUG Engine               - randomSeed: -1
20:05:19.304 [FXGL Background Thread 3 ] DEBUG Engine               - runtimeInfo: RuntimeInfo(platform=WINDOWS, version=21.1, build=27.03.2024 07.52)
20:05:19.304 [FXGL Background Thread 3 ] DEBUG Engine               - saveFileExt: sav
20:05:19.304 [FXGL Background Thread 3 ] DEBUG Engine               - scaledHeightProp$fxgl: DoubleProperty [bound, value: 1007.0]
20:05:19.304 [FXGL Background Thread 3 ] DEBUG Engine               - scaledWidthProp$fxgl: DoubleProperty [bound, value: 1316.0]
20:05:19.304 [FXGL Background Thread 3 ] DEBUG Engine               - sceneFactory: edu.sustech.xiangqi.XiangQiApp$1@55a9fef9
20:05:19.304 [FXGL Background Thread 3 ] DEBUG Engine               - secondsIn24h: 60
20:05:19.304 [FXGL Background Thread 3 ] DEBUG Engine               - soundMenuBack: menu/back.wav
20:05:19.304 [FXGL Background Thread 3 ] DEBUG Engine               - soundMenuPress: menu/press.wav
20:05:19.304 [FXGL Background Thread 3 ] DEBUG Engine               - soundMenuSelect: menu/select.wav
20:05:19.304 [FXGL Background Thread 3 ] DEBUG Engine               - soundNotification: core/notification.wav
20:05:19.304 [FXGL Background Thread 3 ] DEBUG Engine               - stageStyle: DECORATED
20:05:19.304 [FXGL Background Thread 3 ] DEBUG Engine               - supportedLanguages: [ENGLISH, FRENCH, GERMAN, HUNGARIAN, RUSSIAN]
20:05:19.304 [FXGL Background Thread 3 ] DEBUG Engine               - ticksPerSecond: -1
20:05:19.304 [FXGL Background Thread 3 ] DEBUG Engine               - title: 中国象棋 1.0
20:05:19.304 [FXGL Background Thread 3 ] DEBUG Engine               - urlGithub: https://github.com/AlmasB/FXGL
20:05:19.304 [FXGL Background Thread 3 ] DEBUG Engine               - urlLeaderboard: http://fxgl-top.herokuapp.com/
20:05:19.304 [FXGL Background Thread 3 ] DEBUG Engine               - urlPOM: https://raw.githubusercontent.com/AlmasB/FXGL/release/README.md
20:05:19.305 [FXGL Background Thread 3 ] DEBUG Engine               - userAppClass: class edu.sustech.xiangqi.XiangQiApp
20:05:19.305 [FXGL Background Thread 3 ] DEBUG Engine               - version: 1.0
20:05:19.305 [FXGL Background Thread 3 ] DEBUG Engine               - versionCheckDays: 7
20:05:19.305 [FXGL Background Thread 3 ] DEBUG Engine               - width: 1316
20:05:19.305 [FXGL Background Thread 3 ] DEBUG Engine               - Logging services
20:05:19.305 [FXGL Background Thread 3 ] DEBUG Engine               - class com.almasb.fxgl.app.services.FXGLAssetLoaderService
20:05:19.305 [FXGL Background Thread 3 ] DEBUG Engine               - class com.almasb.fxgl.app.FXGLApplication$GameApplicationService
20:05:19.305 [FXGL Background Thread 3 ] DEBUG Engine               - class com.almasb.fxgl.app.services.FXGLDialogService
20:05:19.305 [FXGL Background Thread 3 ] DEBUG Engine               - class com.almasb.fxgl.app.services.IOTaskExecutorService
20:05:19.305 [FXGL Background Thread 3 ] DEBUG Engine               - class com.almasb.fxgl.io.FileSystemService
20:05:19.305 [FXGL Background Thread 3 ] DEBUG Engine               - class com.almasb.fxgl.localization.LocalizationService
20:05:19.305 [FXGL Background Thread 3 ] DEBUG Engine               - class com.almasb.fxgl.app.services.SystemBundleService
20:05:19.305 [FXGL Background Thread 3 ] DEBUG Engine               - class com.almasb.fxgl.profile.SaveLoadService
20:05:19.305 [FXGL Background Thread 3 ] DEBUG Engine               - class com.almasb.fxgl.ui.FXGLUIFactoryServiceProvider
20:05:19.305 [FXGL Background Thread 3 ] DEBUG Engine               - class com.almasb.fxgl.ui.FXGLDialogFactoryServiceProvider
20:05:19.305 [FXGL Background Thread 3 ] DEBUG Engine               - class com.almasb.fxgl.audio.AudioPlayer
20:05:19.305 [FXGL Background Thread 3 ] DEBUG Engine               - class com.almasb.fxgl.notification.impl.NotificationServiceProvider
20:05:19.305 [FXGL Background Thread 3 ] DEBUG Engine               - class com.almasb.fxgl.achievement.AchievementService
20:05:19.305 [FXGL Background Thread 3 ] DEBUG Engine               - class com.almasb.fxgl.cutscene.CutsceneService
20:05:19.305 [FXGL Background Thread 3 ] DEBUG Engine               - class com.almasb.fxgl.minigames.MiniGameService
20:05:19.305 [FXGL Background Thread 3 ] DEBUG Engine               - class com.almasb.fxgl.net.NetService
20:05:19.305 [FXGL Background Thread 3 ] DEBUG Engine               - class com.almasb.fxgl.app.services.UpdaterService
20:05:19.305 [FXGL Background Thread 3 ] DEBUG Engine               - class com.almasb.fxgl.dev.DevService
20:05:33.536 [JavaFX Application Thread] DEBUG AudioPlayer          - Playing music com.almasb.fxgl.audio.Music@6f834b0c
20:05:34.462 [JavaFX Application Thread] DEBUG AudioPlayer          - Playing music com.almasb.fxgl.audio.Music@6f834b0c
20:05:34.792 [JavaFX Application Thread] DEBUG PrimaryStageWindow   - Push state: DialogSubScene
20:05:34.792 [JavaFX Application Thread] DEBUG Input                - Clearing active input actions
20:05:34.797 [JavaFX Application Thread] DEBUG GameApplicationServi - Removing overlay from GameScene and adding to DialogSubScene
20:05:34.797 [JavaFX Application Thread] DEBUG PrimaryStageWindow   - GameScene -> DialogSubScene
20:05:35.689 [JavaFX Application Thread] DEBUG PrimaryStageWindow   - Pop state: DialogSubScene
20:05:35.689 [JavaFX Application Thread] DEBUG Input                - Clearing active input actions
20:05:35.689 [JavaFX Application Thread] DEBUG GameApplicationServi - Removing overlay from DialogSubScene and adding to GameScene
20:05:35.689 [JavaFX Application Thread] DEBUG PrimaryStageWindow   - GameScene <- DialogSubScene
20:05:35.689 [JavaFX Application Thread] DEBUG GameApplicationServi - Starting new game
20:05:35.689 [JavaFX Application Thread] DEBUG Input                - Clearing active input actions
20:05:35.692 [JavaFX Application Thread] DEBUG GameApplicationServi - Removing overlay from GameScene and adding to FXGLLoadingScene
20:05:35.692 [JavaFX Application Thread] DEBUG PrimaryStageWindow   - GameScene -> FXGLLoadingScene
20:05:35.692 [JavaFX Application Thread] DEBUG GameApplicationServi - Clearing previous game
20:05:35.692 [JavaFX Application Thread] DEBUG GameScene            - Clearing game scene
20:05:35.692 [JavaFX Application Thread] DEBUG GameWorld            - Clearing game world
20:05:35.698 [JavaFX Application Thread] DEBUG PhysicsWorld         - Clearing physics world
20:05:35.698 [FXGL Background Thread 2 ] DEBUG FXGLApplication      - Initializing game
20:05:35.704 [FXGL Background Thread 2 ] INFO  FXGLApplication      - Game initialization took: 0.007 sec
20:05:35.704 [JavaFX Application Thread] DEBUG Input                - Clearing active input actions
20:05:35.707 [JavaFX Application Thread] DEBUG GameApplicationServi - Removing overlay from FXGLLoadingScene and adding to GameScene
20:05:35.707 [JavaFX Application Thread] DEBUG PrimaryStageWindow   - FXGLLoadingScene -> GameScene
20:05:36.844 [JavaFX Application Thread] DEBUG FXGLAssetLoaderServi - Loading from file system: file:/E:/G2/java/final_project/team_project_1124/javaA-xiangqi-project-main/target/classes/assets/textures/%e9%80%89%e4%b8%ad.png
20:05:37.402 [JavaFX Application Thread] DEBUG AudioPlayer          - Playing music com.almasb.fxgl.audio.Music@6f834b0c
20:05:37.654 [JavaFX Application Thread] DEBUG PrimaryStageWindow   - Push state: DialogSubScene
20:05:37.654 [JavaFX Application Thread] DEBUG Input                - Clearing active input actions
20:05:37.655 [JavaFX Application Thread] DEBUG GameApplicationServi - Removing overlay from GameScene and adding to DialogSubScene
20:05:37.655 [JavaFX Application Thread] DEBUG PrimaryStageWindow   - GameScene -> DialogSubScene
20:05:38.115 [JavaFX Application Thread] DEBUG PrimaryStageWindow   - Pop state: DialogSubScene
20:05:38.115 [JavaFX Application Thread] DEBUG Input                - Clearing active input actions
20:05:38.115 [JavaFX Application Thread] DEBUG GameApplicationServi - Removing overlay from DialogSubScene and adding to GameScene
20:05:38.115 [JavaFX Application Thread] DEBUG PrimaryStageWindow   - GameScene <- DialogSubScene
20:05:38.115 [JavaFX Application Thread] DEBUG GameApplicationServi - Starting new game
20:05:38.115 [JavaFX Application Thread] DEBUG Input                - Clearing active input actions
20:05:38.118 [JavaFX Application Thread] DEBUG GameApplicationServi - Removing overlay from GameScene and adding to FXGLLoadingScene
20:05:38.118 [JavaFX Application Thread] DEBUG PrimaryStageWindow   - GameScene -> FXGLLoadingScene
20:05:38.118 [JavaFX Application Thread] DEBUG GameApplicationServi - Clearing previous game
20:05:38.118 [JavaFX Application Thread] DEBUG GameScene            - Clearing game scene
20:05:38.118 [JavaFX Application Thread] DEBUG GameWorld            - Clearing game world
20:05:38.119 [JavaFX Application Thread] DEBUG PhysicsWorld         - Clearing physics world
20:05:38.119 [FXGL Background Thread 2 ] DEBUG FXGLApplication      - Initializing game
20:05:38.125 [FXGL Background Thread 2 ] INFO  FXGLApplication      - Game initialization took: 0.007 sec
20:05:38.126 [JavaFX Application Thread] DEBUG Input                - Clearing active input actions
20:05:38.129 [JavaFX Application Thread] DEBUG GameApplicationServi - Removing overlay from FXGLLoadingScene and adding to GameScene
20:05:38.129 [JavaFX Application Thread] DEBUG PrimaryStageWindow   - FXGLLoadingScene -> GameScene
20:05:39.095 [JavaFX Application Thread] DEBUG PrimaryStageWindow   - Push state: InGameMenuScene
20:05:39.095 [JavaFX Application Thread] DEBUG Input                - Clearing active input actions
20:05:39.096 [JavaFX Application Thread] DEBUG GameApplicationServi - Removing overlay from GameScene and adding to InGameMenuScene
20:05:39.096 [JavaFX Application Thread] DEBUG PrimaryStageWindow   - GameScene -> InGameMenuScene
20:05:39.979 [JavaFX Application Thread] DEBUG Menu                 - fireExitToMainMenu()
20:05:39.980 [JavaFX Application Thread] DEBUG PrimaryStageWindow   - Push state: DialogSubScene
20:05:39.980 [JavaFX Application Thread] DEBUG Input                - Clearing active input actions
20:05:39.980 [JavaFX Application Thread] DEBUG GameApplicationServi - Removing overlay from InGameMenuScene and adding to DialogSubScene
20:05:39.980 [JavaFX Application Thread] DEBUG PrimaryStageWindow   - InGameMenuScene -> DialogSubScene
20:05:40.512 [JavaFX Application Thread] DEBUG PrimaryStageWindow   - Pop state: DialogSubScene
20:05:40.512 [JavaFX Application Thread] DEBUG Input                - Clearing active input actions
20:05:40.512 [JavaFX Application Thread] DEBUG GameApplicationServi - Removing overlay from DialogSubScene and adding to InGameMenuScene
20:05:40.512 [JavaFX Application Thread] DEBUG PrimaryStageWindow   - InGameMenuScene <- DialogSubScene
20:05:40.512 [JavaFX Application Thread] DEBUG PrimaryStageWindow   - Pop state: InGameMenuScene
20:05:40.512 [JavaFX Application Thread] DEBUG Input                - Clearing active input actions
20:05:40.512 [JavaFX Application Thread] DEBUG GameApplicationServi - Removing overlay from InGameMenuScene and adding to GameScene
20:05:40.513 [JavaFX Application Thread] DEBUG PrimaryStageWindow   - GameScene <- InGameMenuScene
20:05:40.513 [JavaFX Application Thread] DEBUG Input                - Clearing active input actions
20:05:40.514 [JavaFX Application Thread] DEBUG GameApplicationServi - Removing overlay from GameScene and adding to FXGLMainMenuDummyScene
20:05:40.514 [JavaFX Application Thread] DEBUG PrimaryStageWindow   - GameScene -> FXGLMainMenuDummyScene
20:05:40.514 [JavaFX Application Thread] DEBUG PrimaryStageWindow   - Push state: MainMenuScene
20:05:40.514 [JavaFX Application Thread] DEBUG Input                - Clearing active input actions
20:05:40.514 [JavaFX Application Thread] DEBUG GameApplicationServi - Removing overlay from FXGLMainMenuDummyScene and adding to MainMenuScene
20:05:40.514 [JavaFX Application Thread] DEBUG PrimaryStageWindow   - FXGLMainMenuDummyScene -> MainMenuScene
20:05:40.514 [JavaFX Application Thread] DEBUG AudioPlayer          - Playing music com.almasb.fxgl.audio.Music@6f834b0c
20:05:41.051 [JavaFX Application Thread] DEBUG Menu                 - fireNewGame()
20:05:41.051 [JavaFX Application Thread] DEBUG GameApplicationServi - Starting new game
20:05:41.051 [JavaFX Application Thread] DEBUG PrimaryStageWindow   - Pop state: MainMenuScene
20:05:41.051 [JavaFX Application Thread] DEBUG Input                - Clearing active input actions
20:05:41.051 [JavaFX Application Thread] DEBUG GameApplicationServi - Removing overlay from MainMenuScene and adding to FXGLMainMenuDummyScene
20:05:41.051 [JavaFX Application Thread] DEBUG PrimaryStageWindow   - FXGLMainMenuDummyScene <- MainMenuScene
20:05:41.051 [JavaFX Application Thread] DEBUG Input                - Clearing active input actions
20:05:41.052 [JavaFX Application Thread] DEBUG GameApplicationServi - Removing overlay from FXGLMainMenuDummyScene and adding to FXGLLoadingScene
20:05:41.052 [JavaFX Application Thread] DEBUG PrimaryStageWindow   - FXGLMainMenuDummyScene -> FXGLLoadingScene
20:05:41.052 [JavaFX Application Thread] DEBUG GameApplicationServi - Clearing previous game
20:05:41.052 [JavaFX Application Thread] DEBUG GameScene            - Clearing game scene
20:05:41.052 [JavaFX Application Thread] DEBUG GameWorld            - Clearing game world
20:05:41.053 [JavaFX Application Thread] DEBUG PhysicsWorld         - Clearing physics world
20:05:41.053 [FXGL Background Thread 2 ] DEBUG FXGLApplication      - Initializing game
20:05:41.060 [FXGL Background Thread 2 ] INFO  FXGLApplication      - Game initialization took: 0.007 sec
20:05:41.061 [JavaFX Application Thread] DEBUG Input                - Clearing active input actions
20:05:41.063 [JavaFX Application Thread] DEBUG GameApplicationServi - Removing overlay from FXGLLoadingScene and adding to GameScene
20:05:41.063 [JavaFX Application Thread] DEBUG PrimaryStageWindow   - FXGLLoadingScene -> GameScene
20:05:43.796 [JavaFX Application Thread] DEBUG AudioPlayer          - Playing music com.almasb.fxgl.audio.Music@6f834b0c
20:05:44.858 [JavaFX Application Thread] DEBUG AudioPlayer          - Playing music com.almasb.fxgl.audio.Music@6f834b0c
20:05:45.221 [JavaFX Application Thread] DEBUG AudioPlayer          - Playing music com.almasb.fxgl.audio.Music@6f834b0c
20:05:45.696 [JavaFX Application Thread] DEBUG AudioPlayer          - Playing music com.almasb.fxgl.audio.Music@6f834b0c
20:05:46.564 [JavaFX Application Thread] DEBUG AudioPlayer          - Playing music com.almasb.fxgl.audio.Music@6f834b0c
20:05:46.965 [JavaFX Application Thread] DEBUG AudioPlayer          - Playing music com.almasb.fxgl.audio.Music@6f834b0c
20:05:47.734 [JavaFX Application Thread] DEBUG AudioPlayer          - Playing music com.almasb.fxgl.audio.Music@6f834b0c
20:05:48.314 [JavaFX Application Thread] DEBUG AudioPlayer          - Playing music com.almasb.fxgl.audio.Music@6f834b0c
20:05:48.875 [JavaFX Application Thread] DEBUG AudioPlayer          - Playing music com.almasb.fxgl.audio.Music@6f834b0c
20:05:49.150 [JavaFX Application Thread] DEBUG AudioPlayer          - Playing music com.almasb.fxgl.audio.Music@6f834b0c
20:05:49.537 [JavaFX Application Thread] DEBUG PrimaryStageWindow   - Push state: DialogSubScene
20:05:49.537 [JavaFX Application Thread] DEBUG Input                - Clearing active input actions
20:05:49.537 [JavaFX Application Thread] DEBUG GameApplicationServi - Removing overlay from GameScene and adding to DialogSubScene
20:05:49.537 [JavaFX Application Thread] DEBUG PrimaryStageWindow   - GameScene -> DialogSubScene
20:05:50.562 [JavaFX Application Thread] DEBUG PrimaryStageWindow   - Pop state: DialogSubScene
20:05:50.562 [JavaFX Application Thread] DEBUG Input                - Clearing active input actions
20:05:50.562 [JavaFX Application Thread] DEBUG GameApplicationServi - Removing overlay from DialogSubScene and adding to GameScene
20:05:50.562 [JavaFX Application Thread] DEBUG PrimaryStageWindow   - GameScene <- DialogSubScene
20:05:50.874 [JavaFX Application Thread] DEBUG AudioPlayer          - Playing music com.almasb.fxgl.audio.Music@6f834b0c
20:05:51.002 [JavaFX Application Thread] DEBUG AudioPlayer          - Playing music com.almasb.fxgl.audio.Music@6f834b0c
20:05:51.587 [JavaFX Application Thread] DEBUG PrimaryStageWindow   - Push state: DialogSubScene
20:05:51.587 [JavaFX Application Thread] DEBUG Input                - Clearing active input actions
20:05:51.588 [JavaFX Application Thread] DEBUG GameApplicationServi - Removing overlay from GameScene and adding to DialogSubScene
20:05:51.588 [JavaFX Application Thread] DEBUG PrimaryStageWindow   - GameScene -> DialogSubScene
20:05:52.540 [JavaFX Application Thread] DEBUG PrimaryStageWindow   - Pop state: DialogSubScene
20:05:52.540 [JavaFX Application Thread] DEBUG Input                - Clearing active input actions
20:05:52.540 [JavaFX Application Thread] DEBUG GameApplicationServi - Removing overlay from DialogSubScene and adding to GameScene
20:05:52.540 [JavaFX Application Thread] DEBUG PrimaryStageWindow   - GameScene <- DialogSubScene
20:05:52.540 [JavaFX Application Thread] DEBUG GameApplicationServi - Starting new game
20:05:52.540 [JavaFX Application Thread] DEBUG Input                - Clearing active input actions
20:05:52.541 [JavaFX Application Thread] DEBUG GameApplicationServi - Removing overlay from GameScene and adding to FXGLLoadingScene
20:05:52.541 [JavaFX Application Thread] DEBUG PrimaryStageWindow   - GameScene -> FXGLLoadingScene
20:05:52.541 [JavaFX Application Thread] DEBUG GameApplicationServi - Clearing previous game
20:05:52.541 [JavaFX Application Thread] DEBUG GameScene            - Clearing game scene
20:05:52.541 [JavaFX Application Thread] DEBUG GameWorld            - Clearing game world
20:05:52.542 [JavaFX Application Thread] DEBUG PhysicsWorld         - Clearing physics world
20:05:52.542 [FXGL Background Thread 2 ] DEBUG FXGLApplication      - Initializing game
20:05:52.546 [FXGL Background Thread 2 ] INFO  FXGLApplication      - Game initialization took: 0.004 sec
20:05:52.546 [JavaFX Application Thread] DEBUG Input                - Clearing active input actions
20:05:52.548 [JavaFX Application Thread] DEBUG GameApplicationServi - Removing overlay from FXGLLoadingScene and adding to GameScene
20:05:52.548 [JavaFX Application Thread] DEBUG PrimaryStageWindow   - FXGLLoadingScene -> GameScene
20:05:56.482 [JavaFX Application Thread] DEBUG AudioPlayer          - Playing music com.almasb.fxgl.audio.Music@6f834b0c
20:05:56.810 [JavaFX Application Thread] DEBUG AudioPlayer          - Playing music com.almasb.fxgl.audio.Music@6f834b0c
20:05:57.043 [JavaFX Application Thread] DEBUG AudioPlayer          - Playing music com.almasb.fxgl.audio.Music@6f834b0c
20:05:57.634 [JavaFX Application Thread] DEBUG AudioPlayer          - Playing music com.almasb.fxgl.audio.Music@6f834b0c
20:05:58.115 [JavaFX Application Thread] DEBUG AudioPlayer          - Playing music com.almasb.fxgl.audio.Music@6f834b0c
20:05:58.412 [JavaFX Application Thread] DEBUG AudioPlayer          - Playing music com.almasb.fxgl.audio.Music@6f834b0c
20:05:58.696 [JavaFX Application Thread] DEBUG AudioPlayer          - Playing music com.almasb.fxgl.audio.Music@6f834b0c
20:05:59.193 [JavaFX Application Thread] DEBUG AudioPlayer          - Playing music com.almasb.fxgl.audio.Music@6f834b0c
20:05:59.477 [JavaFX Application Thread] DEBUG AudioPlayer          - Playing music com.almasb.fxgl.audio.Music@6f834b0c
20:05:59.750 [JavaFX Application Thread] DEBUG AudioPlayer          - Playing music com.almasb.fxgl.audio.Music@6f834b0c
20:06:00.085 [JavaFX Application Thread] DEBUG AudioPlayer          - Playing music com.almasb.fxgl.audio.Music@6f834b0c
20:06:00.266 [JavaFX Application Thread] DEBUG AudioPlayer          - Playing music com.almasb.fxgl.audio.Music@6f834b0c
20:06:00.460 [JavaFX Application Thread] DEBUG PrimaryStageWindow   - Push state: DialogSubScene
20:06:00.460 [JavaFX Application Thread] DEBUG Input                - Clearing active input actions
20:06:00.461 [JavaFX Application Thread] DEBUG GameApplicationServi - Removing overlay from GameScene and adding to DialogSubScene
20:06:00.461 [JavaFX Application Thread] DEBUG PrimaryStageWindow   - GameScene -> DialogSubScene
20:06:01.365 [JavaFX Application Thread] DEBUG PrimaryStageWindow   - Pop state: DialogSubScene
20:06:01.365 [JavaFX Application Thread] DEBUG Input                - Clearing active input actions
20:06:01.365 [JavaFX Application Thread] DEBUG GameApplicationServi - Removing overlay from DialogSubScene and adding to GameScene
20:06:01.365 [JavaFX Application Thread] DEBUG PrimaryStageWindow   - GameScene <- DialogSubScene
20:06:04.097 [JavaFX Application Thread] DEBUG LoopRunner           - Stopping loop
20:06:04.099 [JavaFX Application Thread] FATAL FXGLApplication      - Uncaught Exception:
java.lang.NullPointerException: Cannot invoke "javafx.collections.ObservableList.clear()" because "this.moveHistoryStrings" is null
	at edu.sustech.xiangqi.model.ChessBoardModel.updateHistoryStrings(ChessBoardModel.java:381)
	at edu.sustech.xiangqi.model.ChessBoardModel.movePiece(ChessBoardModel.java:189)
	at edu.sustech.xiangqi.controller.boardController.handleMove(boardController.java:258)
	at edu.sustech.xiangqi.controller.boardController.onGridClicked(boardController.java:52)
	at edu.sustech.xiangqi.controller.InputHandler.handleMouseClick(InputHandler.java:36)
	at edu.sustech.xiangqi.XiangQiApp$2.onActionEnd(XiangQiApp.java:538)
	at com.almasb.fxgl.input.UserAction.end$fxgl_core(UserAction.kt:39)
	at com.almasb.fxgl.input.Input.handleReleased(Input.kt:418)
	at com.almasb.fxgl.input.Input.onMouseEvent(Input.kt:331)
	at com.almasb.fxgl.input.Input.onMouseEvent(Input.kt:318)
	at com.almasb.fxgl.app.PrimaryStageWindow$2$1.invoke(MainWindow.kt:319)
	at com.almasb.fxgl.app.PrimaryStageWindow$2$1.invoke(MainWindow.kt:319)
	at com.almasb.fxgl.core.fsm.StateMachine.runOnActiveStates(StateMachine.kt:69)
	at com.almasb.fxgl.app.PrimaryStageWindow$2.invoke(MainWindow.kt:319)
	at com.almasb.fxgl.app.PrimaryStageWindow$2.invoke(MainWindow.kt:317)
	at com.almasb.fxgl.app.MainWindow.addMouseHandler$lambda$2(MainWindow.kt:243)
	at com.sun.javafx.event.CompositeEventHandler$NormalEventHandlerRecord.handleBubblingEvent(CompositeEventHandler.java:247)
	at com.sun.javafx.event.CompositeEventHandler.dispatchBubblingEvent(CompositeEventHandler.java:80)
	at com.sun.javafx.event.EventHandlerManager.dispatchBubblingEvent(EventHandlerManager.java:232)
	at com.sun.javafx.event.EventHandlerManager.dispatchBubblingEvent(EventHandlerManager.java:189)
	at com.sun.javafx.event.CompositeEventDispatcher.dispatchBubblingEvent(CompositeEventDispatcher.java:59)
	at com.sun.javafx.event.BasicEventDispatcher.dispatchEvent(BasicEventDispatcher.java:58)
	at com.sun.javafx.event.EventDispatchChainImpl.dispatchEvent(EventDispatchChainImpl.java:114)
	at com.sun.javafx.event.BasicEventDispatcher.dispatchEvent(BasicEventDispatcher.java:56)
	at com.sun.javafx.event.EventDispatchChainImpl.dispatchEvent(EventDispatchChainImpl.java:114)
	at com.sun.javafx.event.EventUtil.fireEventImpl(EventUtil.java:74)
	at com.sun.javafx.event.EventUtil.fireEvent(EventUtil.java:54)
	at javafx.event.Event.fireEvent(Event.java:198)
	at javafx.scene.Scene$MouseHandler.process(Scene.java:3984)
	at javafx.scene.Scene.processMouseEvent(Scene.java:1890)
	at javafx.scene.Scene$ScenePeerListener.mouseEvent(Scene.java:2708)
	at com.sun.javafx.tk.quantum.GlassViewEventHandler$MouseEventNotification.run(GlassViewEventHandler.java:411)
	at com.sun.javafx.tk.quantum.GlassViewEventHandler$MouseEventNotification.run(GlassViewEventHandler.java:301)
	at java.base/java.security.AccessController.doPrivileged(AccessController.java:400)
	at com.sun.javafx.tk.quantum.GlassViewEventHandler.lambda$handleMouseEvent$2(GlassViewEventHandler.java:450)
	at com.sun.javafx.tk.quantum.QuantumToolkit.runWithoutRenderLock(QuantumToolkit.java:424)
	at com.sun.javafx.tk.quantum.GlassViewEventHandler.handleMouseEvent(GlassViewEventHandler.java:449)
	at com.sun.glass.ui.View.handleMouseEvent(View.java:551)
	at com.sun.glass.ui.View.notifyMouse(View.java:937)
	at com.sun.glass.ui.win.WinApplication._runLoop(Native Method)
	at com.sun.glass.ui.win.WinApplication.lambda$runLoop$3(WinApplication.java:185)
	at java.base/java.lang.Thread.run(Thread.java:1575)

20:06:04.099 [JavaFX Application Thread] FATAL FXGLApplication      - Application will now exit
20:06:04.108 [JavaFX Application Thread] DEBUG PrimaryStageWindow   - Push state: ErrorSubScene
20:06:04.108 [JavaFX Application Thread] DEBUG Input                - Clearing active input actions
20:06:04.109 [JavaFX Application Thread] DEBUG GameApplicationServi - Removing overlay from GameScene and adding to ErrorSubScene
20:06:04.110 [JavaFX Application Thread] DEBUG PrimaryStageWindow   - GameScene -> ErrorSubScene
20:06:09.421 [JavaFX Application Thread] DEBUG FXGLApplication      - Exiting FXGL
20:06:09.421 [JavaFX Application Thread] DEBUG Async                - Shutting down background threads
20:06:09.421 [JavaFX Application Thread] DEBUG PrimaryStageWindow   - Closing main window
20:06:09.436 [JavaFX Application Thread] DEBUG Logger               - Closing Logger
