22:36:11.067 [main                     ] DEBUG Logger               - Configured Logger
22:36:11.086 [main                     ] DEBUG GameApplication      - Logging settings
Title: 中国象棋 1.0
Version: 1.0
Width: 1386
Height: 887
Fullscreen: false
Intro: false
Profiling: false
Single step:false
App Mode: DEVELOPER
Menu Key: ESCAPE
Stage Style: DECORATED
Scene Factory: class edu.sustech.xiangqi.XiangQiApp$1

22:36:11.703 [JavaFX Application Thread] DEBUG FXGLApplication      - Initializing FXGL
22:36:11.707 [JavaFX Application Thread] INFO  Engine               - FXGL-21.1 (27.03.2024 07.52) on WINDOWS (J:23.0.2 FX:21.0.1)
22:36:11.707 [JavaFX Application Thread] DEBUG Engine               - JRE Vendor Name: Amazon.com Inc.
22:36:11.707 [JavaFX Application Thread] DEBUG Engine               - Running on OS: Windows 11 version 10.0
22:36:11.707 [JavaFX Application Thread] DEBUG Engine               - Architecture: amd64
22:36:11.707 [JavaFX Application Thread] INFO  Engine               - Source code and latest versions at: https://github.com/AlmasB/FXGL
22:36:11.707 [JavaFX Application Thread] INFO  Engine               -       Ask questions and discuss at: https://github.com/AlmasB/FXGL/discussions
22:36:11.707 [JavaFX Application Thread] INFO  Engine               -              Join the FXGL chat at: https://gitter.im/AlmasB/FXGL
22:36:11.797 [JavaFX Application Thread] DEBUG PrimaryStageWindow   - Creating a JavaFX scene
22:36:11.841 [JavaFX Application Thread] DEBUG PrimaryStageWindow   - Target settings size: 1386.0 x 887.0
22:36:11.841 [JavaFX Application Thread] DEBUG PrimaryStageWindow   - Scaled scene size:    1386.0 x 887.0
22:36:11.843 [JavaFX Application Thread] DEBUG PrimaryStageWindow   - Scaled ratio: (1.0, 1.0)
22:36:11.843 [JavaFX Application Thread] DEBUG PrimaryStageWindow   - Set initial scene to FXGLStartupScene
22:36:11.845 [JavaFX Application Thread] DEBUG PrimaryStageWindow   - Opening main window
22:36:11.959 [JavaFX Application Thread] DEBUG PrimaryStageWindow   - Window border size: (14.6666259765625, 37.66668701171875)
22:36:11.961 [JavaFX Application Thread] DEBUG PrimaryStageWindow   - Scaled size: 1386.0 x 887.0
22:36:11.961 [JavaFX Application Thread] DEBUG PrimaryStageWindow   - Scaled ratio: (1.0, 1.0)
22:36:11.961 [JavaFX Application Thread] DEBUG PrimaryStageWindow   - Scene size: 1386.0 x 887.0
22:36:11.961 [JavaFX Application Thread] DEBUG PrimaryStageWindow   - Stage size: 1400.6666259765625 x 924.6666870117188
22:36:11.967 [FXGL Background Thread 1 ] DEBUG Engine               - Initializing environment variables
22:36:12.047 [FXGL Background Thread 1 ] DEBUG FXGLAssetLoaderServi - User app class for loading assets: class edu.sustech.xiangqi.XiangQiApp
22:36:12.047 [FXGL Background Thread 1 ] DEBUG GameApplicationServi - Applying CSS: fxgl_dark.css
22:36:12.048 [FXGL Background Thread 1 ] DEBUG FXGLAssetLoaderServi - Loading from file system: jar:file:/C:/Users/%e5%b0%b9%e7%8e%ba%e9%aa%85/.m2/repository/com/github/almasb/fxgl/21.1/fxgl-21.1.jar!/fxglassets/ui/css/fxgl_dark.css
22:36:12.094 [FXGL Background Thread 1 ] DEBUG GameApplicationServi - Initializing application scenes
22:36:12.197 [FXGL Background Thread 1 ] DEBUG GameWorld            - Game world initialized
22:36:12.266 [FXGL Background Thread 1 ] DEBUG PhysicsWorld         - Physics world initialized: appHeight=887, physics.ppm=50.0
22:36:12.266 [FXGL Background Thread 1 ] DEBUG PhysicsWorld         - Using strategy: BRUTE_FORCE
22:36:12.271 [FXGL Background Thread 1 ] DEBUG GameScene            - Game scene initialized: 1386x887
22:36:12.280 [FXGL Background Thread 1 ] DEBUG FXGLAssetLoaderServi - Loading from file system: file:/E:/G2/java/final_project/team_project_1124/javaA-xiangqi-project-main/target/classes/assets/ui/fonts/HYPixel11pxU-2.ttf
22:36:12.327 [FXGL Background Thread 1 ] DEBUG FXGLAssetLoaderServi - Loading from file system: file:/E:/G2/java/final_project/team_project_1124/javaA-xiangqi-project-main/target/classes/assets/textures/Button1.png
22:36:12.391 [FXGL Background Thread 1 ] DEBUG GameApplicationServi - Application scenes initialized
22:36:12.402 [FXGL Background Thread 1 ] DEBUG SystemBundleService  - Loading FXGL system data
22:36:12.405 [FXGL Background Thread 1 ] DEBUG FileSystemAccess     - Reading from: E:\G2\java\final_project\team_project_1124\javaA-xiangqi-project-main\system\fxgl.bundle
22:36:12.411 [FXGL Background Thread 1 ] DEBUG SystemBundleService  - Bundle FXGL: {}
22:36:12.411 [FXGL Background Thread 1 ] DEBUG UpdaterService       - Checking for updates
22:36:12.415 [FXGL Background Thread 4 ] DEBUG FXGLApplication      - Loading fonts
22:36:12.416 [FXGL Background Thread 1 ] DEBUG FXGLApplication      - Loading default localization
22:36:12.416 [FXGL Background Thread 4 ] DEBUG FXGLAssetLoaderServi - Loading from file system: jar:file:/C:/Users/%e5%b0%b9%e7%8e%ba%e9%aa%85/.m2/repository/com/github/almasb/fxgl/21.1/fxgl-21.1.jar!/fxglassets/ui/fonts/VarelaRound-Regular.ttf
22:36:12.416 [FXGL Background Thread 1 ] DEBUG FXGLAssetLoaderServi - Loading from file system: jar:file:/C:/Users/%e5%b0%b9%e7%8e%ba%e9%aa%85/.m2/repository/com/github/almasb/fxgl/21.1/fxgl-21.1.jar!/fxglassets/languages/english.lang
22:36:12.420 [FXGL Background Thread 4 ] DEBUG FXGLAssetLoaderServi - Loading from file system: jar:file:/C:/Users/%e5%b0%b9%e7%8e%ba%e9%aa%85/.m2/repository/com/github/almasb/fxgl/21.1/fxgl-21.1.jar!/fxglassets/ui/fonts/Abel-Regular.ttf
22:36:12.425 [FXGL Background Thread 4 ] DEBUG FXGLAssetLoaderServi - Loading from file system: jar:file:/C:/Users/%e5%b0%b9%e7%8e%ba%e9%aa%85/.m2/repository/com/github/almasb/fxgl/21.1/fxgl-21.1.jar!/fxglassets/ui/fonts/TerminalLandMono-Regular.otf
22:36:12.427 [FXGL Background Thread 4 ] DEBUG FXGLAssetLoaderServi - Loading from file system: jar:file:/C:/Users/%e5%b0%b9%e7%8e%ba%e9%aa%85/.m2/repository/com/github/almasb/fxgl/21.1/fxgl-21.1.jar!/fxglassets/ui/fonts/Courier-Prime.ttf
22:36:12.434 [JavaFX Application Thread] DEBUG FXGLApplication      - Registering font factories with UI factory
22:36:12.457 [FXGL Background Thread 1 ] INFO  FXGLApplication      - FXGL initialization took: 0.489 sec
22:36:12.464 [JavaFX Application Thread] DEBUG Input                - Registered new binding: Click - LMB
22:36:12.465 [JavaFX Application Thread] DEBUG FXGLAssetLoaderServi - Loading from file system: jar:file:/C:/Users/%e5%b0%b9%e7%8e%ba%e9%aa%85/.m2/repository/com/github/almasb/fxgl/21.1/fxgl-21.1.jar!/fxglassets/textures/fxgl_icon.png
22:36:12.495 [JavaFX Application Thread] DEBUG FXGLAssetLoaderServi - Loading from file system: jar:file:/C:/Users/%e5%b0%b9%e7%8e%ba%e9%aa%85/.m2/repository/com/github/almasb/fxgl/21.1/fxgl-21.1.jar!/fxglassets/textures/fxgl_default_cursor.png
22:36:12.507 [JavaFX Application Thread] DEBUG Input                - Registered new binding: Screenshot - CTRL+8
22:36:12.507 [JavaFX Application Thread] DEBUG Input                - Registered new binding: System info dump - CTRL+9
22:36:12.508 [JavaFX Application Thread] DEBUG Input                - Registered new binding: Restart - CTRL+R
22:36:12.508 [JavaFX Application Thread] DEBUG Input                - Registered new binding: Toggle Debug Camera - CTRL+7
22:36:12.513 [JavaFX Application Thread] DEBUG LoopRunner           - Starting loop
22:36:12.513 [JavaFX Application Thread] DEBUG LoopRunner           - Initializing JavaFX AnimationTimerLoop
22:36:12.518 [JavaFX Application Thread] DEBUG Input                - Clearing active input actions
22:36:12.527 [JavaFX Application Thread] DEBUG GameApplicationServi - Removing overlay from FXGLStartupScene and adding to FXGLMainMenuDummyScene
22:36:12.527 [JavaFX Application Thread] DEBUG PrimaryStageWindow   - FXGLStartupScene -> FXGLMainMenuDummyScene
22:36:12.527 [JavaFX Application Thread] DEBUG PrimaryStageWindow   - Push state: MainMenuScene
22:36:12.528 [JavaFX Application Thread] DEBUG Input                - Clearing active input actions
22:36:12.537 [JavaFX Application Thread] DEBUG GameApplicationServi - Removing overlay from FXGLMainMenuDummyScene and adding to MainMenuScene
22:36:12.538 [JavaFX Application Thread] DEBUG PrimaryStageWindow   - FXGLMainMenuDummyScene -> MainMenuScene
22:36:12.584 [JavaFX Application Thread] DEBUG FXGLAssetLoaderServi - Loading from file system: file:/E:/G2/java/final_project/team_project_1124/javaA-xiangqi-project-main/target/classes/assets/music/%e6%8c%89%e9%92%ae%e9%9f%b3%e6%95%881.mp3
22:36:13.158 [JavaFX Application Thread] DEBUG AudioPlayer          - Playing music com.almasb.fxgl.audio.Music@502a5a7b
22:36:13.503 [JavaFX Application Thread] DEBUG AudioPlayer          - Playing music com.almasb.fxgl.audio.Music@502a5a7b
22:36:13.569 [JavaFX Application Thread] DEBUG FXGLAssetLoaderServi - Loading from file system: file:/E:/G2/java/final_project/team_project_1124/javaA-xiangqi-project-main/target/classes/assets/textures/Press.png
22:36:13.572 [JavaFX Application Thread] DEBUG AudioPlayer          - Playing music com.almasb.fxgl.audio.Music@502a5a7b
22:36:13.644 [JavaFX Application Thread] DEBUG FXGLAssetLoaderServi - Loading from file system: file:/E:/G2/java/final_project/team_project_1124/javaA-xiangqi-project-main/target/classes/assets/textures/ChessBoard.png
22:36:13.696 [JavaFX Application Thread] DEBUG Input                - Registered new binding: CustomClick - LMB
22:36:13.697 [JavaFX Application Thread] WARN  FXGLAssetLoaderServi - Asset "/assets/textures/BlackPlaceholder.png" was not found!
22:36:13.697 [JavaFX Application Thread] WARN  FXGLAssetLoaderServi - Failed to load IMAGE
22:36:13.744 [JavaFX Application Thread] WARN  FXGLAssetLoaderServi - Asset "/assets/textures/BlackPlaceholder.png" was not found!
22:36:13.744 [JavaFX Application Thread] WARN  FXGLAssetLoaderServi - Failed to load IMAGE
22:36:13.745 [JavaFX Application Thread] WARN  FXGLAssetLoaderServi - Asset "/assets/textures/BlackPlaceholder.png" was not found!
22:36:13.745 [JavaFX Application Thread] WARN  FXGLAssetLoaderServi - Failed to load IMAGE
22:36:13.746 [JavaFX Application Thread] WARN  FXGLAssetLoaderServi - Asset "/assets/textures/BlackPlaceholder.png" was not found!
22:36:13.746 [JavaFX Application Thread] WARN  FXGLAssetLoaderServi - Failed to load IMAGE
22:36:13.747 [JavaFX Application Thread] WARN  FXGLAssetLoaderServi - Asset "/assets/textures/BlackPlaceholder.png" was not found!
22:36:13.747 [JavaFX Application Thread] WARN  FXGLAssetLoaderServi - Failed to load IMAGE
22:36:13.747 [JavaFX Application Thread] WARN  FXGLAssetLoaderServi - Asset "/assets/textures/BlackPlaceholder.png" was not found!
22:36:13.747 [JavaFX Application Thread] WARN  FXGLAssetLoaderServi - Failed to load IMAGE
22:36:13.748 [JavaFX Application Thread] WARN  FXGLAssetLoaderServi - Asset "/assets/textures/BlackPlaceholder.png" was not found!
22:36:13.748 [JavaFX Application Thread] WARN  FXGLAssetLoaderServi - Failed to load IMAGE
22:36:13.748 [JavaFX Application Thread] WARN  FXGLAssetLoaderServi - Asset "/assets/textures/BlackPlaceholder.png" was not found!
22:36:13.750 [JavaFX Application Thread] WARN  FXGLAssetLoaderServi - Failed to load IMAGE
22:36:13.750 [JavaFX Application Thread] WARN  FXGLAssetLoaderServi - Asset "/assets/textures/BlackPlaceholder.png" was not found!
22:36:13.750 [JavaFX Application Thread] WARN  FXGLAssetLoaderServi - Failed to load IMAGE
22:36:13.751 [JavaFX Application Thread] WARN  FXGLAssetLoaderServi - Asset "/assets/textures/BlackPlaceholder.png" was not found!
22:36:13.751 [JavaFX Application Thread] WARN  FXGLAssetLoaderServi - Failed to load IMAGE
22:36:13.752 [JavaFX Application Thread] WARN  FXGLAssetLoaderServi - Asset "/assets/textures/BlackPlaceholder.png" was not found!
22:36:13.752 [JavaFX Application Thread] WARN  FXGLAssetLoaderServi - Failed to load IMAGE
22:36:13.753 [JavaFX Application Thread] WARN  FXGLAssetLoaderServi - Asset "/assets/textures/BlackPlaceholder.png" was not found!
22:36:13.753 [JavaFX Application Thread] WARN  FXGLAssetLoaderServi - Failed to load IMAGE
22:36:13.754 [JavaFX Application Thread] WARN  FXGLAssetLoaderServi - Asset "/assets/textures/BlackPlaceholder.png" was not found!
22:36:13.754 [JavaFX Application Thread] WARN  FXGLAssetLoaderServi - Failed to load IMAGE
22:36:13.754 [JavaFX Application Thread] WARN  FXGLAssetLoaderServi - Asset "/assets/textures/BlackPlaceholder.png" was not found!
22:36:13.754 [JavaFX Application Thread] WARN  FXGLAssetLoaderServi - Failed to load IMAGE
22:36:13.755 [JavaFX Application Thread] DEBUG PrimaryStageWindow   - Push state: ConfigurationScene
22:36:13.755 [JavaFX Application Thread] DEBUG Input                - Clearing active input actions
22:36:13.755 [JavaFX Application Thread] DEBUG GameApplicationServi - Removing overlay from MainMenuScene and adding to ConfigurationScene
22:36:13.755 [JavaFX Application Thread] DEBUG PrimaryStageWindow   - MainMenuScene -> ConfigurationScene
22:36:15.415 [FXGL Background Thread 3 ] DEBUG Engine               - Logging environment variables
22:36:15.415 [FXGL Background Thread 3 ] DEBUG Engine               - achievements: []
22:36:15.415 [FXGL Background Thread 3 ] DEBUG Engine               - actualHeight: 887.0
22:36:15.415 [FXGL Background Thread 3 ] DEBUG Engine               - actualHeightProperty: ReadOnlyDoubleProperty [value: 887.0]
22:36:15.415 [FXGL Background Thread 3 ] DEBUG Engine               - actualWidth: 1386.0
22:36:15.415 [FXGL Background Thread 3 ] DEBUG Engine               - actualWidthProperty: ReadOnlyDoubleProperty [value: 1386.0]
22:36:15.415 [FXGL Background Thread 3 ] DEBUG Engine               - appIcon: fxgl_icon.png
22:36:15.415 [FXGL Background Thread 3 ] DEBUG Engine               - applicationMode: DEVELOPER
22:36:15.415 [FXGL Background Thread 3 ] DEBUG Engine               - cSSList: [fxgl_dark.css]
22:36:15.415 [FXGL Background Thread 3 ] DEBUG Engine               - collisionDetectionStrategy: BRUTE_FORCE
22:36:15.415 [FXGL Background Thread 3 ] DEBUG Engine               - configClass: Optional.empty
22:36:15.415 [FXGL Background Thread 3 ] DEBUG Engine               - credits: []
22:36:15.417 [FXGL Background Thread 3 ] DEBUG Engine               - defaultCursor: CursorInfo(imageName=fxgl_default_cursor.png, hotspotX=7.0, hotspotY=6.0)
22:36:15.417 [FXGL Background Thread 3 ] DEBUG Engine               - devBBoxColorProperty: ObjectProperty [value: 0xff0000ff]
22:36:15.417 [FXGL Background Thread 3 ] DEBUG Engine               - devEnableDebugCameraProperty: BooleanProperty [value: false]
22:36:15.417 [FXGL Background Thread 3 ] DEBUG Engine               - devSensorColorProperty: ObjectProperty [value: 0xffff00ff]
22:36:15.417 [FXGL Background Thread 3 ] DEBUG Engine               - devShowBBoxProperty: BooleanProperty [value: false]
22:36:15.417 [FXGL Background Thread 3 ] DEBUG Engine               - devShowPositionProperty: BooleanProperty [value: false]
22:36:15.417 [FXGL Background Thread 3 ] DEBUG Engine               - enabledMenuItems: []
22:36:15.417 [FXGL Background Thread 3 ] DEBUG Engine               - engineServices: [class com.almasb.fxgl.app.services.FXGLAssetLoaderService, class com.almasb.fxgl.app.FXGLApplication$GameApplicationService, class com.almasb.fxgl.app.services.FXGLDialogService, class com.almasb.fxgl.app.services.IOTaskExecutorService, class com.almasb.fxgl.io.FileSystemService, class com.almasb.fxgl.localization.LocalizationService, class com.almasb.fxgl.app.services.SystemBundleService, class com.almasb.fxgl.profile.SaveLoadService, class com.almasb.fxgl.ui.FXGLUIFactoryServiceProvider, class com.almasb.fxgl.ui.FXGLDialogFactoryServiceProvider, class com.almasb.fxgl.audio.AudioPlayer, class com.almasb.fxgl.notification.impl.NotificationServiceProvider, class com.almasb.fxgl.achievement.AchievementService, class com.almasb.fxgl.cutscene.CutsceneService, class com.almasb.fxgl.minigames.MiniGameService, class com.almasb.fxgl.net.NetService, class com.almasb.fxgl.app.services.UpdaterService, class com.almasb.fxgl.dev.DevService]
22:36:15.417 [FXGL Background Thread 3 ] DEBUG Engine               - fontGame: Abel-Regular.ttf
22:36:15.417 [FXGL Background Thread 3 ] DEBUG Engine               - fontMono: TerminalLandMono-Regular.otf
22:36:15.417 [FXGL Background Thread 3 ] DEBUG Engine               - fontSizeScaleUI: 1.0
22:36:15.417 [FXGL Background Thread 3 ] DEBUG Engine               - fontText: Courier-Prime.ttf
22:36:15.417 [FXGL Background Thread 3 ] DEBUG Engine               - fontUI: VarelaRound-Regular.ttf
22:36:15.417 [FXGL Background Thread 3 ] DEBUG Engine               - fullScreen: BooleanProperty [value: false]
22:36:15.417 [FXGL Background Thread 3 ] DEBUG Engine               - gameDifficulty: MEDIUM
22:36:15.417 [FXGL Background Thread 3 ] DEBUG Engine               - gameDifficultyProperty: ObjectProperty [value: MEDIUM]
22:36:15.417 [FXGL Background Thread 3 ] DEBUG Engine               - globalMusicVolume: 0.5
22:36:15.417 [FXGL Background Thread 3 ] DEBUG Engine               - globalMusicVolumeProperty: DoubleProperty [value: 0.5]
22:36:15.417 [FXGL Background Thread 3 ] DEBUG Engine               - globalSoundVolume: 0.5
22:36:15.417 [FXGL Background Thread 3 ] DEBUG Engine               - globalSoundVolumeProperty: DoubleProperty [value: 0.5]
22:36:15.417 [FXGL Background Thread 3 ] DEBUG Engine               - height: 887
22:36:15.417 [FXGL Background Thread 3 ] DEBUG Engine               - is3D: false
22:36:15.417 [FXGL Background Thread 3 ] DEBUG Engine               - isAndroid: false
22:36:15.417 [FXGL Background Thread 3 ] DEBUG Engine               - isBrowser: false
22:36:15.417 [FXGL Background Thread 3 ] DEBUG Engine               - isClickFeedbackEnabled: false
22:36:15.417 [FXGL Background Thread 3 ] DEBUG Engine               - isCloseConfirmation: false
22:36:15.417 [FXGL Background Thread 3 ] DEBUG Engine               - isDesktop: true
22:36:15.417 [FXGL Background Thread 3 ] DEBUG Engine               - isDeveloperMenuEnabled: false
22:36:15.417 [FXGL Background Thread 3 ] DEBUG Engine               - isEmbedded: false
22:36:15.417 [FXGL Background Thread 3 ] DEBUG Engine               - isEntityPreloadEnabled: true
22:36:15.417 [FXGL Background Thread 3 ] DEBUG Engine               - isExperimentalTiledLargeMap: false
22:36:15.417 [FXGL Background Thread 3 ] DEBUG Engine               - isFileSystemWriteAllowed: true
22:36:15.417 [FXGL Background Thread 3 ] DEBUG Engine               - isFullScreenAllowed: false
22:36:15.418 [FXGL Background Thread 3 ] DEBUG Engine               - isFullScreenFromStart: false
22:36:15.418 [FXGL Background Thread 3 ] DEBUG Engine               - isGameMenuEnabled: true
22:36:15.418 [FXGL Background Thread 3 ] DEBUG Engine               - isIOS: false
22:36:15.418 [FXGL Background Thread 3 ] DEBUG Engine               - isIntroEnabled: false
22:36:15.418 [FXGL Background Thread 3 ] DEBUG Engine               - isLinux: false
22:36:15.418 [FXGL Background Thread 3 ] DEBUG Engine               - isMac: false
22:36:15.418 [FXGL Background Thread 3 ] DEBUG Engine               - isMainMenuEnabled: true
22:36:15.418 [FXGL Background Thread 3 ] DEBUG Engine               - isManualResizeEnabled: false
22:36:15.418 [FXGL Background Thread 3 ] DEBUG Engine               - isMobile: false
22:36:15.418 [FXGL Background Thread 3 ] DEBUG Engine               - isNative: false
22:36:15.418 [FXGL Background Thread 3 ] DEBUG Engine               - isPauseMusicWhenMinimized: true
22:36:15.418 [FXGL Background Thread 3 ] DEBUG Engine               - isPreserveResizeRatio: false
22:36:15.418 [FXGL Background Thread 3 ] DEBUG Engine               - isProfilingEnabled: false
22:36:15.418 [FXGL Background Thread 3 ] DEBUG Engine               - isScaleAffectedOnResize: true
22:36:15.418 [FXGL Background Thread 3 ] DEBUG Engine               - isSingleStep: false
22:36:15.418 [FXGL Background Thread 3 ] DEBUG Engine               - isUserProfileEnabled: false
22:36:15.418 [FXGL Background Thread 3 ] DEBUG Engine               - isWindows: true
22:36:15.418 [FXGL Background Thread 3 ] DEBUG Engine               - language: ObjectProperty [value: ENGLISH]
22:36:15.418 [FXGL Background Thread 3 ] DEBUG Engine               - menuKey: ESCAPE
22:36:15.418 [FXGL Background Thread 3 ] DEBUG Engine               - mouseSensitivity: 0.2
22:36:15.418 [FXGL Background Thread 3 ] DEBUG Engine               - notificationViewClass: class com.almasb.fxgl.notification.view.XboxNotificationView
22:36:15.418 [FXGL Background Thread 3 ] DEBUG Engine               - pixelsPerMeter: 50.0
22:36:15.418 [FXGL Background Thread 3 ] DEBUG Engine               - platform: WINDOWS
22:36:15.418 [FXGL Background Thread 3 ] DEBUG Engine               - prefHeightProperty: ReadOnlyDoubleProperty [value: 887.0]
22:36:15.418 [FXGL Background Thread 3 ] DEBUG Engine               - prefWidthProperty: ReadOnlyDoubleProperty [value: 1386.0]
22:36:15.418 [FXGL Background Thread 3 ] DEBUG Engine               - profileDir: profiles/
22:36:15.418 [FXGL Background Thread 3 ] DEBUG Engine               - profileName: StringProperty [value: DEFAULT]
22:36:15.418 [FXGL Background Thread 3 ] DEBUG Engine               - randomSeed: -1
22:36:15.418 [FXGL Background Thread 3 ] DEBUG Engine               - runtimeInfo: RuntimeInfo(platform=WINDOWS, version=21.1, build=27.03.2024 07.52)
22:36:15.418 [FXGL Background Thread 3 ] DEBUG Engine               - saveFileExt: sav
22:36:15.418 [FXGL Background Thread 3 ] DEBUG Engine               - scaledHeightProp$fxgl: DoubleProperty [bound, value: 887.0]
22:36:15.418 [FXGL Background Thread 3 ] DEBUG Engine               - scaledWidthProp$fxgl: DoubleProperty [bound, value: 1386.0]
22:36:15.418 [FXGL Background Thread 3 ] DEBUG Engine               - sceneFactory: edu.sustech.xiangqi.XiangQiApp$1@2784b3e2
22:36:15.418 [FXGL Background Thread 3 ] DEBUG Engine               - secondsIn24h: 60
22:36:15.418 [FXGL Background Thread 3 ] DEBUG Engine               - soundMenuBack: menu/back.wav
22:36:15.418 [FXGL Background Thread 3 ] DEBUG Engine               - soundMenuPress: menu/press.wav
22:36:15.418 [FXGL Background Thread 3 ] DEBUG Engine               - soundMenuSelect: menu/select.wav
22:36:15.418 [FXGL Background Thread 3 ] DEBUG Engine               - soundNotification: core/notification.wav
22:36:15.418 [FXGL Background Thread 3 ] DEBUG Engine               - stageStyle: DECORATED
22:36:15.418 [FXGL Background Thread 3 ] DEBUG Engine               - supportedLanguages: [ENGLISH, FRENCH, GERMAN, HUNGARIAN, RUSSIAN]
22:36:15.418 [FXGL Background Thread 3 ] DEBUG Engine               - ticksPerSecond: -1
22:36:15.418 [FXGL Background Thread 3 ] DEBUG Engine               - title: 中国象棋 1.0
22:36:15.418 [FXGL Background Thread 3 ] DEBUG Engine               - urlGithub: https://github.com/AlmasB/FXGL
22:36:15.418 [FXGL Background Thread 3 ] DEBUG Engine               - urlLeaderboard: http://fxgl-top.herokuapp.com/
22:36:15.418 [FXGL Background Thread 3 ] DEBUG Engine               - urlPOM: https://raw.githubusercontent.com/AlmasB/FXGL/release/README.md
22:36:15.418 [FXGL Background Thread 3 ] DEBUG Engine               - userAppClass: class edu.sustech.xiangqi.XiangQiApp
22:36:15.419 [FXGL Background Thread 3 ] DEBUG Engine               - version: 1.0
22:36:15.419 [FXGL Background Thread 3 ] DEBUG Engine               - versionCheckDays: 7
22:36:15.419 [FXGL Background Thread 3 ] DEBUG Engine               - width: 1386
22:36:15.419 [FXGL Background Thread 3 ] DEBUG Engine               - Logging services
22:36:15.419 [FXGL Background Thread 3 ] DEBUG Engine               - class com.almasb.fxgl.app.services.FXGLAssetLoaderService
22:36:15.419 [FXGL Background Thread 3 ] DEBUG Engine               - class com.almasb.fxgl.app.FXGLApplication$GameApplicationService
22:36:15.419 [FXGL Background Thread 3 ] DEBUG Engine               - class com.almasb.fxgl.app.services.FXGLDialogService
22:36:15.419 [FXGL Background Thread 3 ] DEBUG Engine               - class com.almasb.fxgl.app.services.IOTaskExecutorService
22:36:15.419 [FXGL Background Thread 3 ] DEBUG Engine               - class com.almasb.fxgl.io.FileSystemService
22:36:15.419 [FXGL Background Thread 3 ] DEBUG Engine               - class com.almasb.fxgl.localization.LocalizationService
22:36:15.419 [FXGL Background Thread 3 ] DEBUG Engine               - class com.almasb.fxgl.app.services.SystemBundleService
22:36:15.419 [FXGL Background Thread 3 ] DEBUG Engine               - class com.almasb.fxgl.profile.SaveLoadService
22:36:15.419 [FXGL Background Thread 3 ] DEBUG Engine               - class com.almasb.fxgl.ui.FXGLUIFactoryServiceProvider
22:36:15.419 [FXGL Background Thread 3 ] DEBUG Engine               - class com.almasb.fxgl.ui.FXGLDialogFactoryServiceProvider
22:36:15.419 [FXGL Background Thread 3 ] DEBUG Engine               - class com.almasb.fxgl.audio.AudioPlayer
22:36:15.419 [FXGL Background Thread 3 ] DEBUG Engine               - class com.almasb.fxgl.notification.impl.NotificationServiceProvider
22:36:15.419 [FXGL Background Thread 3 ] DEBUG Engine               - class com.almasb.fxgl.achievement.AchievementService
22:36:15.419 [FXGL Background Thread 3 ] DEBUG Engine               - class com.almasb.fxgl.cutscene.CutsceneService
22:36:15.419 [FXGL Background Thread 3 ] DEBUG Engine               - class com.almasb.fxgl.minigames.MiniGameService
22:36:15.419 [FXGL Background Thread 3 ] DEBUG Engine               - class com.almasb.fxgl.net.NetService
22:36:15.419 [FXGL Background Thread 3 ] DEBUG Engine               - class com.almasb.fxgl.app.services.UpdaterService
22:36:15.419 [FXGL Background Thread 3 ] DEBUG Engine               - class com.almasb.fxgl.dev.DevService
22:36:24.655 [JavaFX Application Thread] DEBUG FXGLApplication      - Exiting FXGL
22:36:24.655 [JavaFX Application Thread] DEBUG LoopRunner           - Stopping loop
22:36:24.655 [JavaFX Application Thread] DEBUG SystemBundleService  - Saving FXGL system data
22:36:24.657 [JavaFX Application Thread] DEBUG FileSystemAccess     - Writing to: E:\G2\java\final_project\team_project_1124\javaA-xiangqi-project-main\system\fxgl.bundle
22:36:24.658 [JavaFX Application Thread] DEBUG Async                - Shutting down background threads
22:36:24.659 [JavaFX Application Thread] DEBUG PrimaryStageWindow   - Closing main window
22:36:24.671 [JavaFX Application Thread] DEBUG Logger               - Closing Logger
