12:33:26.736 [main                     ] DEBUG Logger               - Configured Logger
12:33:26.752 [main                     ] DEBUG GameApplication      - Logging settings
Title: 中国象棋 1.0
Version: 1.0
Width: 1316
Height: 1007
Fullscreen: false
Intro: false
Profiling: false
Single step:false
App Mode: DEVELOPER
Menu Key: ESCAPE
Stage Style: DECORATED
Scene Factory: class edu.sustech.xiangqi.XiangQiApp$1

12:33:27.381 [JavaFX Application Thread] DEBUG FXGLApplication      - Initializing FXGL
12:33:27.385 [JavaFX Application Thread] INFO  Engine               - FXGL-21.1 (27.03.2024 07.52) on WINDOWS (J:23.0.2 FX:21.0.1)
12:33:27.385 [JavaFX Application Thread] DEBUG Engine               - JRE Vendor Name: Amazon.com Inc.
12:33:27.385 [JavaFX Application Thread] DEBUG Engine               - Running on OS: Windows 11 version 10.0
12:33:27.385 [JavaFX Application Thread] DEBUG Engine               - Architecture: amd64
12:33:27.385 [JavaFX Application Thread] INFO  Engine               - Source code and latest versions at: https://github.com/AlmasB/FXGL
12:33:27.385 [JavaFX Application Thread] INFO  Engine               -       Ask questions and discuss at: https://github.com/AlmasB/FXGL/discussions
12:33:27.385 [JavaFX Application Thread] INFO  Engine               -              Join the FXGL chat at: https://gitter.im/AlmasB/FXGL
12:33:27.468 [JavaFX Application Thread] DEBUG PrimaryStageWindow   - Creating a JavaFX scene
12:33:27.506 [JavaFX Application Thread] DEBUG PrimaryStageWindow   - Target settings size: 1316.0 x 1007.0
12:33:27.506 [JavaFX Application Thread] DEBUG PrimaryStageWindow   - Scaled scene size:    1316.0 x 1007.0
12:33:27.506 [JavaFX Application Thread] DEBUG PrimaryStageWindow   - Scaled ratio: (1.0, 1.0)
12:33:27.507 [JavaFX Application Thread] DEBUG PrimaryStageWindow   - Set initial scene to FXGLStartupScene
12:33:27.509 [JavaFX Application Thread] DEBUG PrimaryStageWindow   - Opening main window
12:33:27.617 [JavaFX Application Thread] DEBUG PrimaryStageWindow   - Window border size: (14.6666259765625, 37.6666259765625)
12:33:27.617 [JavaFX Application Thread] DEBUG PrimaryStageWindow   - Scaled size: 1316.0 x 1007.0
12:33:27.617 [JavaFX Application Thread] DEBUG PrimaryStageWindow   - Scaled ratio: (1.0, 1.0)
12:33:27.617 [JavaFX Application Thread] DEBUG PrimaryStageWindow   - Scene size: 1316.0 x 1007.0
12:33:27.617 [JavaFX Application Thread] DEBUG PrimaryStageWindow   - Stage size: 1330.6666259765625 x 1044.6666259765625
12:33:27.624 [FXGL Background Thread 1 ] DEBUG Engine               - Initializing environment variables
12:33:27.699 [FXGL Background Thread 1 ] DEBUG FXGLAssetLoaderServi - User app class for loading assets: class edu.sustech.xiangqi.XiangQiApp
12:33:27.699 [FXGL Background Thread 1 ] DEBUG GameApplicationServi - Applying CSS: fxgl_dark.css
12:33:27.700 [FXGL Background Thread 1 ] DEBUG FXGLAssetLoaderServi - Loading from file system: jar:file:/C:/Users/%e5%b0%b9%e7%8e%ba%e9%aa%85/.m2/repository/com/github/almasb/fxgl/21.1/fxgl-21.1.jar!/fxglassets/ui/css/fxgl_dark.css
12:33:27.749 [FXGL Background Thread 1 ] DEBUG GameApplicationServi - Initializing application scenes
12:33:27.844 [FXGL Background Thread 1 ] DEBUG GameWorld            - Game world initialized
12:33:27.909 [FXGL Background Thread 1 ] DEBUG PhysicsWorld         - Physics world initialized: appHeight=1007, physics.ppm=50.0
12:33:27.910 [FXGL Background Thread 1 ] DEBUG PhysicsWorld         - Using strategy: BRUTE_FORCE
12:33:27.914 [FXGL Background Thread 1 ] DEBUG GameScene            - Game scene initialized: 1316x1007
12:33:27.924 [FXGL Background Thread 1 ] DEBUG FXGLAssetLoaderServi - Loading from file system: file:/E:/G2/java/final_project/team_project_1124/javaA-xiangqi-project-main/target/classes/assets/textures/Button1.png
12:33:27.946 [FXGL Background Thread 1 ] DEBUG FXGLAssetLoaderServi - Loading from file system: file:/E:/G2/java/final_project/team_project_1124/javaA-xiangqi-project-main/target/classes/assets/textures/Press.png
12:33:27.953 [FXGL Background Thread 1 ] DEBUG FXGLAssetLoaderServi - Loading from file system: file:/E:/G2/java/final_project/team_project_1124/javaA-xiangqi-project-main/target/classes/assets/sounds/%e6%8c%89%e9%92%ae%e9%9f%b3%e6%95%881.mp3
12:33:28.052 [FXGL Background Thread 1 ] DEBUG FXGLAssetLoaderServi - Loading from file system: file:/E:/G2/java/final_project/team_project_1124/javaA-xiangqi-project-main/target/classes/assets/ui/fonts/HYPixel11pxU-2.ttf
12:33:28.162 [FXGL Background Thread 1 ] DEBUG GameApplicationServi - Application scenes initialized
12:33:28.173 [FXGL Background Thread 1 ] DEBUG SystemBundleService  - Loading FXGL system data
12:33:28.176 [FXGL Background Thread 1 ] DEBUG FileSystemAccess     - Reading from: E:\G2\java\final_project\team_project_1124\javaA-xiangqi-project-main\system\fxgl.bundle
12:33:28.183 [FXGL Background Thread 1 ] DEBUG SystemBundleService  - Bundle FXGL: {}
12:33:28.183 [FXGL Background Thread 1 ] DEBUG UpdaterService       - Checking for updates
12:33:28.187 [FXGL Background Thread 4 ] DEBUG FXGLApplication      - Loading fonts
12:33:28.188 [FXGL Background Thread 4 ] DEBUG FXGLAssetLoaderServi - Loading from file system: jar:file:/C:/Users/%e5%b0%b9%e7%8e%ba%e9%aa%85/.m2/repository/com/github/almasb/fxgl/21.1/fxgl-21.1.jar!/fxglassets/ui/fonts/VarelaRound-Regular.ttf
12:33:28.188 [FXGL Background Thread 1 ] DEBUG FXGLApplication      - Loading default localization
12:33:28.189 [FXGL Background Thread 1 ] DEBUG FXGLAssetLoaderServi - Loading from file system: jar:file:/C:/Users/%e5%b0%b9%e7%8e%ba%e9%aa%85/.m2/repository/com/github/almasb/fxgl/21.1/fxgl-21.1.jar!/fxglassets/languages/english.lang
12:33:28.192 [FXGL Background Thread 4 ] DEBUG FXGLAssetLoaderServi - Loading from file system: jar:file:/C:/Users/%e5%b0%b9%e7%8e%ba%e9%aa%85/.m2/repository/com/github/almasb/fxgl/21.1/fxgl-21.1.jar!/fxglassets/ui/fonts/Abel-Regular.ttf
12:33:28.196 [FXGL Background Thread 4 ] DEBUG FXGLAssetLoaderServi - Loading from file system: jar:file:/C:/Users/%e5%b0%b9%e7%8e%ba%e9%aa%85/.m2/repository/com/github/almasb/fxgl/21.1/fxgl-21.1.jar!/fxglassets/ui/fonts/TerminalLandMono-Regular.otf
12:33:28.201 [FXGL Background Thread 4 ] DEBUG FXGLAssetLoaderServi - Loading from file system: jar:file:/C:/Users/%e5%b0%b9%e7%8e%ba%e9%aa%85/.m2/repository/com/github/almasb/fxgl/21.1/fxgl-21.1.jar!/fxglassets/ui/fonts/Courier-Prime.ttf
12:33:28.207 [JavaFX Application Thread] DEBUG FXGLApplication      - Registering font factories with UI factory
12:33:28.246 [FXGL Background Thread 1 ] INFO  FXGLApplication      - FXGL initialization took: 0.623 sec
12:33:28.253 [JavaFX Application Thread] DEBUG Input                - Registered new binding: Click - LMB
12:33:28.254 [JavaFX Application Thread] DEBUG FXGLAssetLoaderServi - Loading from file system: jar:file:/C:/Users/%e5%b0%b9%e7%8e%ba%e9%aa%85/.m2/repository/com/github/almasb/fxgl/21.1/fxgl-21.1.jar!/fxglassets/textures/fxgl_icon.png
12:33:28.279 [JavaFX Application Thread] DEBUG FXGLAssetLoaderServi - Loading from file system: jar:file:/C:/Users/%e5%b0%b9%e7%8e%ba%e9%aa%85/.m2/repository/com/github/almasb/fxgl/21.1/fxgl-21.1.jar!/fxglassets/textures/fxgl_default_cursor.png
12:33:28.292 [JavaFX Application Thread] DEBUG Input                - Registered new binding: Screenshot - CTRL+8
12:33:28.293 [JavaFX Application Thread] DEBUG Input                - Registered new binding: System info dump - CTRL+9
12:33:28.293 [JavaFX Application Thread] DEBUG Input                - Registered new binding: Restart - CTRL+R
12:33:28.294 [JavaFX Application Thread] DEBUG Input                - Registered new binding: Toggle Debug Camera - CTRL+7
12:33:28.301 [JavaFX Application Thread] DEBUG LoopRunner           - Starting loop
12:33:28.301 [JavaFX Application Thread] DEBUG LoopRunner           - Initializing JavaFX AnimationTimerLoop
12:33:28.307 [JavaFX Application Thread] DEBUG Input                - Clearing active input actions
12:33:28.317 [JavaFX Application Thread] DEBUG GameApplicationServi - Removing overlay from FXGLStartupScene and adding to FXGLMainMenuDummyScene
12:33:28.317 [JavaFX Application Thread] DEBUG PrimaryStageWindow   - FXGLStartupScene -> FXGLMainMenuDummyScene
12:33:28.317 [JavaFX Application Thread] DEBUG PrimaryStageWindow   - Push state: MainMenuScene
12:33:28.318 [JavaFX Application Thread] DEBUG Input                - Clearing active input actions
12:33:28.326 [JavaFX Application Thread] DEBUG GameApplicationServi - Removing overlay from FXGLMainMenuDummyScene and adding to MainMenuScene
12:33:28.326 [JavaFX Application Thread] DEBUG PrimaryStageWindow   - FXGLMainMenuDummyScene -> MainMenuScene
12:33:31.186 [FXGL Background Thread 3 ] DEBUG Engine               - Logging environment variables
12:33:31.186 [FXGL Background Thread 3 ] DEBUG Engine               - achievements: []
12:33:31.186 [FXGL Background Thread 3 ] DEBUG Engine               - actualHeight: 1007.0
12:33:31.186 [FXGL Background Thread 3 ] DEBUG Engine               - actualHeightProperty: ReadOnlyDoubleProperty [value: 1007.0]
12:33:31.186 [FXGL Background Thread 3 ] DEBUG Engine               - actualWidth: 1316.0
12:33:31.186 [FXGL Background Thread 3 ] DEBUG Engine               - actualWidthProperty: ReadOnlyDoubleProperty [value: 1316.0]
12:33:31.186 [FXGL Background Thread 3 ] DEBUG Engine               - appIcon: fxgl_icon.png
12:33:31.186 [FXGL Background Thread 3 ] DEBUG Engine               - applicationMode: DEVELOPER
12:33:31.186 [FXGL Background Thread 3 ] DEBUG Engine               - cSSList: [fxgl_dark.css]
12:33:31.186 [FXGL Background Thread 3 ] DEBUG Engine               - collisionDetectionStrategy: BRUTE_FORCE
12:33:31.186 [FXGL Background Thread 3 ] DEBUG Engine               - configClass: Optional.empty
12:33:31.186 [FXGL Background Thread 3 ] DEBUG Engine               - credits: []
12:33:31.191 [FXGL Background Thread 3 ] DEBUG Engine               - defaultCursor: CursorInfo(imageName=fxgl_default_cursor.png, hotspotX=7.0, hotspotY=6.0)
12:33:31.191 [FXGL Background Thread 3 ] DEBUG Engine               - devBBoxColorProperty: ObjectProperty [value: 0xff0000ff]
12:33:31.191 [FXGL Background Thread 3 ] DEBUG Engine               - devEnableDebugCameraProperty: BooleanProperty [value: false]
12:33:31.191 [FXGL Background Thread 3 ] DEBUG Engine               - devSensorColorProperty: ObjectProperty [value: 0xffff00ff]
12:33:31.191 [FXGL Background Thread 3 ] DEBUG Engine               - devShowBBoxProperty: BooleanProperty [value: false]
12:33:31.191 [FXGL Background Thread 3 ] DEBUG Engine               - devShowPositionProperty: BooleanProperty [value: false]
12:33:31.191 [FXGL Background Thread 3 ] DEBUG Engine               - enabledMenuItems: []
12:33:31.191 [FXGL Background Thread 3 ] DEBUG Engine               - engineServices: [class com.almasb.fxgl.app.services.FXGLAssetLoaderService, class com.almasb.fxgl.app.FXGLApplication$GameApplicationService, class com.almasb.fxgl.app.services.FXGLDialogService, class com.almasb.fxgl.app.services.IOTaskExecutorService, class com.almasb.fxgl.io.FileSystemService, class com.almasb.fxgl.localization.LocalizationService, class com.almasb.fxgl.app.services.SystemBundleService, class com.almasb.fxgl.profile.SaveLoadService, class com.almasb.fxgl.ui.FXGLUIFactoryServiceProvider, class com.almasb.fxgl.ui.FXGLDialogFactoryServiceProvider, class com.almasb.fxgl.audio.AudioPlayer, class com.almasb.fxgl.notification.impl.NotificationServiceProvider, class com.almasb.fxgl.achievement.AchievementService, class com.almasb.fxgl.cutscene.CutsceneService, class com.almasb.fxgl.minigames.MiniGameService, class com.almasb.fxgl.net.NetService, class com.almasb.fxgl.app.services.UpdaterService, class com.almasb.fxgl.dev.DevService]
12:33:31.191 [FXGL Background Thread 3 ] DEBUG Engine               - fontGame: Abel-Regular.ttf
12:33:31.191 [FXGL Background Thread 3 ] DEBUG Engine               - fontMono: TerminalLandMono-Regular.otf
12:33:31.191 [FXGL Background Thread 3 ] DEBUG Engine               - fontSizeScaleUI: 1.0
12:33:31.191 [FXGL Background Thread 3 ] DEBUG Engine               - fontText: Courier-Prime.ttf
12:33:31.191 [FXGL Background Thread 3 ] DEBUG Engine               - fontUI: VarelaRound-Regular.ttf
12:33:31.191 [FXGL Background Thread 3 ] DEBUG Engine               - fullScreen: BooleanProperty [value: false]
12:33:31.191 [FXGL Background Thread 3 ] DEBUG Engine               - gameDifficulty: MEDIUM
12:33:31.191 [FXGL Background Thread 3 ] DEBUG Engine               - gameDifficultyProperty: ObjectProperty [value: MEDIUM]
12:33:31.191 [FXGL Background Thread 3 ] DEBUG Engine               - globalMusicVolume: 0.5
12:33:31.191 [FXGL Background Thread 3 ] DEBUG Engine               - globalMusicVolumeProperty: DoubleProperty [value: 0.5]
12:33:31.191 [FXGL Background Thread 3 ] DEBUG Engine               - globalSoundVolume: 0.5
12:33:31.192 [FXGL Background Thread 3 ] DEBUG Engine               - globalSoundVolumeProperty: DoubleProperty [value: 0.5]
12:33:31.192 [FXGL Background Thread 3 ] DEBUG Engine               - height: 1007
12:33:31.192 [FXGL Background Thread 3 ] DEBUG Engine               - is3D: false
12:33:31.192 [FXGL Background Thread 3 ] DEBUG Engine               - isAndroid: false
12:33:31.192 [FXGL Background Thread 3 ] DEBUG Engine               - isBrowser: false
12:33:31.192 [FXGL Background Thread 3 ] DEBUG Engine               - isClickFeedbackEnabled: false
12:33:31.192 [FXGL Background Thread 3 ] DEBUG Engine               - isCloseConfirmation: false
12:33:31.192 [FXGL Background Thread 3 ] DEBUG Engine               - isDesktop: true
12:33:31.192 [FXGL Background Thread 3 ] DEBUG Engine               - isDeveloperMenuEnabled: false
12:33:31.192 [FXGL Background Thread 3 ] DEBUG Engine               - isEmbedded: false
12:33:31.192 [FXGL Background Thread 3 ] DEBUG Engine               - isEntityPreloadEnabled: true
12:33:31.192 [FXGL Background Thread 3 ] DEBUG Engine               - isExperimentalTiledLargeMap: false
12:33:31.192 [FXGL Background Thread 3 ] DEBUG Engine               - isFileSystemWriteAllowed: true
12:33:31.192 [FXGL Background Thread 3 ] DEBUG Engine               - isFullScreenAllowed: false
12:33:31.192 [FXGL Background Thread 3 ] DEBUG Engine               - isFullScreenFromStart: false
12:33:31.192 [FXGL Background Thread 3 ] DEBUG Engine               - isGameMenuEnabled: true
12:33:31.192 [FXGL Background Thread 3 ] DEBUG Engine               - isIOS: false
12:33:31.192 [FXGL Background Thread 3 ] DEBUG Engine               - isIntroEnabled: false
12:33:31.192 [FXGL Background Thread 3 ] DEBUG Engine               - isLinux: false
12:33:31.192 [FXGL Background Thread 3 ] DEBUG Engine               - isMac: false
12:33:31.192 [FXGL Background Thread 3 ] DEBUG Engine               - isMainMenuEnabled: true
12:33:31.192 [FXGL Background Thread 3 ] DEBUG Engine               - isManualResizeEnabled: true
12:33:31.192 [FXGL Background Thread 3 ] DEBUG Engine               - isMobile: false
12:33:31.192 [FXGL Background Thread 3 ] DEBUG Engine               - isNative: false
12:33:31.192 [FXGL Background Thread 3 ] DEBUG Engine               - isPauseMusicWhenMinimized: true
12:33:31.192 [FXGL Background Thread 3 ] DEBUG Engine               - isPreserveResizeRatio: true
12:33:31.192 [FXGL Background Thread 3 ] DEBUG Engine               - isProfilingEnabled: false
12:33:31.193 [FXGL Background Thread 3 ] DEBUG Engine               - isScaleAffectedOnResize: true
12:33:31.193 [FXGL Background Thread 3 ] DEBUG Engine               - isSingleStep: false
12:33:31.193 [FXGL Background Thread 3 ] DEBUG Engine               - isUserProfileEnabled: false
12:33:31.193 [FXGL Background Thread 3 ] DEBUG Engine               - isWindows: true
12:33:31.193 [FXGL Background Thread 3 ] DEBUG Engine               - language: ObjectProperty [value: ENGLISH]
12:33:31.193 [FXGL Background Thread 3 ] DEBUG Engine               - menuKey: ESCAPE
12:33:31.193 [FXGL Background Thread 3 ] DEBUG Engine               - mouseSensitivity: 0.2
12:33:31.193 [FXGL Background Thread 3 ] DEBUG Engine               - notificationViewClass: class com.almasb.fxgl.notification.view.XboxNotificationView
12:33:31.193 [FXGL Background Thread 3 ] DEBUG Engine               - pixelsPerMeter: 50.0
12:33:31.193 [FXGL Background Thread 3 ] DEBUG Engine               - platform: WINDOWS
12:33:31.193 [FXGL Background Thread 3 ] DEBUG Engine               - prefHeightProperty: ReadOnlyDoubleProperty [value: 1007.0]
12:33:31.193 [FXGL Background Thread 3 ] DEBUG Engine               - prefWidthProperty: ReadOnlyDoubleProperty [value: 1316.0]
12:33:31.193 [FXGL Background Thread 3 ] DEBUG Engine               - profileDir: profiles/
12:33:31.193 [FXGL Background Thread 3 ] DEBUG Engine               - profileName: StringProperty [value: DEFAULT]
12:33:31.193 [FXGL Background Thread 3 ] DEBUG Engine               - randomSeed: -1
12:33:31.193 [FXGL Background Thread 3 ] DEBUG Engine               - runtimeInfo: RuntimeInfo(platform=WINDOWS, version=21.1, build=27.03.2024 07.52)
12:33:31.193 [FXGL Background Thread 3 ] DEBUG Engine               - saveFileExt: sav
12:33:31.193 [FXGL Background Thread 3 ] DEBUG Engine               - scaledHeightProp$fxgl: DoubleProperty [bound, value: 1007.0]
12:33:31.193 [FXGL Background Thread 3 ] DEBUG Engine               - scaledWidthProp$fxgl: DoubleProperty [bound, value: 1316.0]
12:33:31.193 [FXGL Background Thread 3 ] DEBUG Engine               - sceneFactory: edu.sustech.xiangqi.XiangQiApp$1@174e3afa
12:33:31.193 [FXGL Background Thread 3 ] DEBUG Engine               - secondsIn24h: 60
12:33:31.193 [FXGL Background Thread 3 ] DEBUG Engine               - soundMenuBack: menu/back.wav
12:33:31.193 [FXGL Background Thread 3 ] DEBUG Engine               - soundMenuPress: menu/press.wav
12:33:31.194 [FXGL Background Thread 3 ] DEBUG Engine               - soundMenuSelect: menu/select.wav
12:33:31.194 [FXGL Background Thread 3 ] DEBUG Engine               - soundNotification: core/notification.wav
12:33:31.194 [FXGL Background Thread 3 ] DEBUG Engine               - stageStyle: DECORATED
12:33:31.194 [FXGL Background Thread 3 ] DEBUG Engine               - supportedLanguages: [ENGLISH, FRENCH, GERMAN, HUNGARIAN, RUSSIAN]
12:33:31.194 [FXGL Background Thread 3 ] DEBUG Engine               - ticksPerSecond: -1
12:33:31.194 [FXGL Background Thread 3 ] DEBUG Engine               - title: 中国象棋 1.0
12:33:31.194 [FXGL Background Thread 3 ] DEBUG Engine               - urlGithub: https://github.com/AlmasB/FXGL
12:33:31.194 [FXGL Background Thread 3 ] DEBUG Engine               - urlLeaderboard: http://fxgl-top.herokuapp.com/
12:33:31.194 [FXGL Background Thread 3 ] DEBUG Engine               - urlPOM: https://raw.githubusercontent.com/AlmasB/FXGL/release/README.md
12:33:31.194 [FXGL Background Thread 3 ] DEBUG Engine               - userAppClass: class edu.sustech.xiangqi.XiangQiApp
12:33:31.194 [FXGL Background Thread 3 ] DEBUG Engine               - version: 1.0
12:33:31.194 [FXGL Background Thread 3 ] DEBUG Engine               - versionCheckDays: 7
12:33:31.194 [FXGL Background Thread 3 ] DEBUG Engine               - width: 1316
12:33:31.194 [FXGL Background Thread 3 ] DEBUG Engine               - Logging services
12:33:31.194 [FXGL Background Thread 3 ] DEBUG Engine               - class com.almasb.fxgl.app.services.FXGLAssetLoaderService
12:33:31.194 [FXGL Background Thread 3 ] DEBUG Engine               - class com.almasb.fxgl.app.FXGLApplication$GameApplicationService
12:33:31.194 [FXGL Background Thread 3 ] DEBUG Engine               - class com.almasb.fxgl.app.services.FXGLDialogService
12:33:31.194 [FXGL Background Thread 3 ] DEBUG Engine               - class com.almasb.fxgl.app.services.IOTaskExecutorService
12:33:31.194 [FXGL Background Thread 3 ] DEBUG Engine               - class com.almasb.fxgl.io.FileSystemService
12:33:31.194 [FXGL Background Thread 3 ] DEBUG Engine               - class com.almasb.fxgl.localization.LocalizationService
12:33:31.194 [FXGL Background Thread 3 ] DEBUG Engine               - class com.almasb.fxgl.app.services.SystemBundleService
12:33:31.194 [FXGL Background Thread 3 ] DEBUG Engine               - class com.almasb.fxgl.profile.SaveLoadService
12:33:31.194 [FXGL Background Thread 3 ] DEBUG Engine               - class com.almasb.fxgl.ui.FXGLUIFactoryServiceProvider
12:33:31.194 [FXGL Background Thread 3 ] DEBUG Engine               - class com.almasb.fxgl.ui.FXGLDialogFactoryServiceProvider
12:33:31.194 [FXGL Background Thread 3 ] DEBUG Engine               - class com.almasb.fxgl.audio.AudioPlayer
12:33:31.194 [FXGL Background Thread 3 ] DEBUG Engine               - class com.almasb.fxgl.notification.impl.NotificationServiceProvider
12:33:31.194 [FXGL Background Thread 3 ] DEBUG Engine               - class com.almasb.fxgl.achievement.AchievementService
12:33:31.194 [FXGL Background Thread 3 ] DEBUG Engine               - class com.almasb.fxgl.cutscene.CutsceneService
12:33:31.194 [FXGL Background Thread 3 ] DEBUG Engine               - class com.almasb.fxgl.minigames.MiniGameService
12:33:31.194 [FXGL Background Thread 3 ] DEBUG Engine               - class com.almasb.fxgl.net.NetService
12:33:31.194 [FXGL Background Thread 3 ] DEBUG Engine               - class com.almasb.fxgl.app.services.UpdaterService
12:33:31.194 [FXGL Background Thread 3 ] DEBUG Engine               - class com.almasb.fxgl.dev.DevService
12:33:36.915 [JavaFX Application Thread] DEBUG FXGLApplication      - Exiting FXGL
12:33:36.915 [JavaFX Application Thread] DEBUG LoopRunner           - Stopping loop
12:33:36.915 [JavaFX Application Thread] DEBUG SystemBundleService  - Saving FXGL system data
12:33:36.917 [JavaFX Application Thread] DEBUG FileSystemAccess     - Writing to: E:\G2\java\final_project\team_project_1124\javaA-xiangqi-project-main\system\fxgl.bundle
12:33:36.918 [JavaFX Application Thread] DEBUG Async                - Shutting down background threads
12:33:36.918 [JavaFX Application Thread] DEBUG PrimaryStageWindow   - Closing main window
12:33:36.933 [JavaFX Application Thread] DEBUG Logger               - Closing Logger
