21:40:12.914 [main                     ] DEBUG Logger               - Configured Logger
21:40:12.935 [main                     ] DEBUG GameApplication      - Logging settings
Title: 中国象棋 1.0
Version: 1.0
Width: 1316
Height: 1007
Fullscreen: false
Intro: false
Profiling: false
Single step:false
App Mode: DEVELOPER
Menu Key: ESCAPE
Stage Style: DECORATED
Scene Factory: class edu.sustech.xiangqi.XiangQiApp$1

21:40:13.354 [JavaFX Application Thread] DEBUG FXGLApplication      - Initializing FXGL
21:40:13.356 [JavaFX Application Thread] INFO  Engine               - FXGL-21.1 (27.03.2024 07.52) on WINDOWS (J:23.0.1 FX:21.0.1)
21:40:13.356 [JavaFX Application Thread] DEBUG Engine               - JRE Vendor Name: Oracle Corporation
21:40:13.356 [JavaFX Application Thread] DEBUG Engine               - Running on OS: Windows 11 version 10.0
21:40:13.356 [JavaFX Application Thread] DEBUG Engine               - Architecture: amd64
21:40:13.356 [JavaFX Application Thread] INFO  Engine               - Source code and latest versions at: https://github.com/AlmasB/FXGL
21:40:13.356 [JavaFX Application Thread] INFO  Engine               -       Ask questions and discuss at: https://github.com/AlmasB/FXGL/discussions
21:40:13.356 [JavaFX Application Thread] INFO  Engine               -              Join the FXGL chat at: https://gitter.im/AlmasB/FXGL
21:40:13.413 [JavaFX Application Thread] DEBUG PrimaryStageWindow   - Creating a JavaFX scene
21:40:13.438 [JavaFX Application Thread] DEBUG PrimaryStageWindow   - Target settings size: 1316.0 x 1007.0
21:40:13.438 [JavaFX Application Thread] DEBUG PrimaryStageWindow   - Scaled scene size:    1316.0 x 1007.0
21:40:13.438 [JavaFX Application Thread] DEBUG PrimaryStageWindow   - Scaled ratio: (1.0, 1.0)
21:40:13.439 [JavaFX Application Thread] DEBUG PrimaryStageWindow   - Set initial scene to FXGLStartupScene
21:40:13.440 [JavaFX Application Thread] DEBUG PrimaryStageWindow   - Opening main window
21:40:13.531 [JavaFX Application Thread] DEBUG PrimaryStageWindow   - Window border size: (14.6666259765625, 37.6666259765625)
21:40:13.531 [JavaFX Application Thread] DEBUG PrimaryStageWindow   - Scaled size: 1316.0 x 1007.0
21:40:13.531 [JavaFX Application Thread] DEBUG PrimaryStageWindow   - Scaled ratio: (1.0, 1.0)
21:40:13.531 [JavaFX Application Thread] DEBUG PrimaryStageWindow   - Scene size: 1316.0 x 1007.0
21:40:13.531 [JavaFX Application Thread] DEBUG PrimaryStageWindow   - Stage size: 1330.6666259765625 x 1044.6666259765625
21:40:13.536 [FXGL Background Thread 1 ] DEBUG Engine               - Initializing environment variables
21:40:13.574 [FXGL Background Thread 1 ] DEBUG FXGLAssetLoaderServi - User app class for loading assets: class edu.sustech.xiangqi.XiangQiApp
21:40:13.574 [FXGL Background Thread 1 ] DEBUG GameApplicationServi - Applying CSS: fxgl_dark.css
21:40:13.574 [FXGL Background Thread 1 ] DEBUG FXGLAssetLoaderServi - Loading from file system: jar:file:/C:/Users/20140/.m2/repository/com/github/almasb/fxgl/21.1/fxgl-21.1.jar!/fxglassets/ui/css/fxgl_dark.css
21:40:13.603 [FXGL Background Thread 1 ] DEBUG GameApplicationServi - Initializing application scenes
21:40:13.673 [FXGL Background Thread 1 ] DEBUG GameWorld            - Game world initialized
21:40:13.711 [FXGL Background Thread 1 ] DEBUG PhysicsWorld         - Physics world initialized: appHeight=1007, physics.ppm=50.0
21:40:13.711 [FXGL Background Thread 1 ] DEBUG PhysicsWorld         - Using strategy: BRUTE_FORCE
21:40:13.714 [FXGL Background Thread 1 ] DEBUG GameScene            - Game scene initialized: 1316x1007
21:40:13.720 [FXGL Background Thread 1 ] DEBUG FXGLAssetLoaderServi - Loading from file system: file:/D:/Github/javaA-xiangqi-project-main-yxh-1125/target/classes/assets/ui/fonts/HYPixel11pxU-2.ttf
21:40:13.743 [FXGL Background Thread 1 ] DEBUG FXGLAssetLoaderServi - Loading from file system: file:/D:/Github/javaA-xiangqi-project-main-yxh-1125/target/classes/assets/textures/Button1.png
21:40:13.754 [FXGL Background Thread 1 ] DEBUG FXGLAssetLoaderServi - Loading from file system: file:/D:/Github/javaA-xiangqi-project-main-yxh-1125/target/classes/assets/textures/Press.png
21:40:13.774 [FXGL Background Thread 1 ] DEBUG GameApplicationServi - Application scenes initialized
21:40:13.780 [FXGL Background Thread 1 ] DEBUG SystemBundleService  - Loading FXGL system data
21:40:13.780 [FXGL Background Thread 1 ] DEBUG FileSystemAccess     - Reading from: D:\Github\javaA-xiangqi-project-main-yxh-1125\system\fxgl.bundle
21:40:13.782 [FXGL Background Thread 1 ] DEBUG SystemBundleService  - Bundle FXGL: {}
21:40:13.783 [FXGL Background Thread 1 ] DEBUG UpdaterService       - Checking for updates
21:40:13.787 [FXGL Background Thread 4 ] DEBUG FXGLApplication      - Loading fonts
21:40:13.787 [FXGL Background Thread 1 ] DEBUG FXGLApplication      - Loading default localization
21:40:13.787 [FXGL Background Thread 1 ] DEBUG FXGLAssetLoaderServi - Loading from file system: jar:file:/C:/Users/20140/.m2/repository/com/github/almasb/fxgl/21.1/fxgl-21.1.jar!/fxglassets/languages/english.lang
21:40:13.787 [FXGL Background Thread 4 ] DEBUG FXGLAssetLoaderServi - Loading from file system: jar:file:/C:/Users/20140/.m2/repository/com/github/almasb/fxgl/21.1/fxgl-21.1.jar!/fxglassets/ui/fonts/VarelaRound-Regular.ttf
21:40:13.798 [FXGL Background Thread 4 ] DEBUG FXGLAssetLoaderServi - Loading from file system: jar:file:/C:/Users/20140/.m2/repository/com/github/almasb/fxgl/21.1/fxgl-21.1.jar!/fxglassets/ui/fonts/Abel-Regular.ttf
21:40:13.806 [FXGL Background Thread 4 ] DEBUG FXGLAssetLoaderServi - Loading from file system: jar:file:/C:/Users/20140/.m2/repository/com/github/almasb/fxgl/21.1/fxgl-21.1.jar!/fxglassets/ui/fonts/TerminalLandMono-Regular.otf
21:40:13.815 [FXGL Background Thread 4 ] DEBUG FXGLAssetLoaderServi - Loading from file system: jar:file:/C:/Users/20140/.m2/repository/com/github/almasb/fxgl/21.1/fxgl-21.1.jar!/fxglassets/ui/fonts/Courier-Prime.ttf
21:40:13.818 [FXGL Background Thread 1 ] INFO  FXGLApplication      - FXGL initialization took: 0.282 sec
21:40:13.825 [JavaFX Application Thread] DEBUG Input                - Registered new binding: Click - LMB
21:40:13.826 [JavaFX Application Thread] DEBUG FXGLAssetLoaderServi - Loading from file system: jar:file:/C:/Users/20140/.m2/repository/com/github/almasb/fxgl/21.1/fxgl-21.1.jar!/fxglassets/textures/fxgl_icon.png
21:40:13.845 [JavaFX Application Thread] DEBUG FXGLAssetLoaderServi - Loading from file system: jar:file:/C:/Users/20140/.m2/repository/com/github/almasb/fxgl/21.1/fxgl-21.1.jar!/fxglassets/textures/fxgl_default_cursor.png
21:40:13.852 [JavaFX Application Thread] DEBUG Input                - Registered new binding: Screenshot - CTRL+8
21:40:13.853 [JavaFX Application Thread] DEBUG Input                - Registered new binding: System info dump - CTRL+9
21:40:13.853 [JavaFX Application Thread] DEBUG Input                - Registered new binding: Restart - CTRL+R
21:40:13.854 [JavaFX Application Thread] DEBUG Input                - Registered new binding: Toggle Debug Camera - CTRL+7
21:40:13.857 [JavaFX Application Thread] DEBUG LoopRunner           - Starting loop
21:40:13.858 [JavaFX Application Thread] DEBUG LoopRunner           - Initializing JavaFX AnimationTimerLoop
21:40:13.860 [JavaFX Application Thread] DEBUG Input                - Clearing active input actions
21:40:13.865 [JavaFX Application Thread] DEBUG GameApplicationServi - Removing overlay from FXGLStartupScene and adding to FXGLMainMenuDummyScene
21:40:13.865 [JavaFX Application Thread] DEBUG PrimaryStageWindow   - FXGLStartupScene -> FXGLMainMenuDummyScene
21:40:13.865 [JavaFX Application Thread] DEBUG PrimaryStageWindow   - Push state: MainMenuScene
21:40:13.865 [JavaFX Application Thread] DEBUG Input                - Clearing active input actions
21:40:13.870 [JavaFX Application Thread] DEBUG GameApplicationServi - Removing overlay from FXGLMainMenuDummyScene and adding to MainMenuScene
21:40:13.871 [JavaFX Application Thread] DEBUG PrimaryStageWindow   - FXGLMainMenuDummyScene -> MainMenuScene
21:40:13.894 [JavaFX Application Thread] DEBUG FXGLApplication      - Registering font factories with UI factory
21:40:16.787 [FXGL Background Thread 3 ] DEBUG Engine               - Logging environment variables
21:40:16.787 [FXGL Background Thread 3 ] DEBUG Engine               - achievements: []
21:40:16.787 [FXGL Background Thread 3 ] DEBUG Engine               - actualHeight: 1007.0
21:40:16.787 [FXGL Background Thread 3 ] DEBUG Engine               - actualHeightProperty: ReadOnlyDoubleProperty [value: 1007.0]
21:40:16.787 [FXGL Background Thread 3 ] DEBUG Engine               - actualWidth: 1316.0
21:40:16.787 [FXGL Background Thread 3 ] DEBUG Engine               - actualWidthProperty: ReadOnlyDoubleProperty [value: 1316.0]
21:40:16.787 [FXGL Background Thread 3 ] DEBUG Engine               - appIcon: fxgl_icon.png
21:40:16.787 [FXGL Background Thread 3 ] DEBUG Engine               - applicationMode: DEVELOPER
21:40:16.787 [FXGL Background Thread 3 ] DEBUG Engine               - cSSList: [fxgl_dark.css]
21:40:16.787 [FXGL Background Thread 3 ] DEBUG Engine               - collisionDetectionStrategy: BRUTE_FORCE
21:40:16.787 [FXGL Background Thread 3 ] DEBUG Engine               - configClass: Optional.empty
21:40:16.787 [FXGL Background Thread 3 ] DEBUG Engine               - credits: []
21:40:16.788 [FXGL Background Thread 3 ] DEBUG Engine               - defaultCursor: CursorInfo(imageName=fxgl_default_cursor.png, hotspotX=7.0, hotspotY=6.0)
21:40:16.788 [FXGL Background Thread 3 ] DEBUG Engine               - devBBoxColorProperty: ObjectProperty [value: 0xff0000ff]
21:40:16.788 [FXGL Background Thread 3 ] DEBUG Engine               - devEnableDebugCameraProperty: BooleanProperty [value: false]
21:40:16.788 [FXGL Background Thread 3 ] DEBUG Engine               - devSensorColorProperty: ObjectProperty [value: 0xffff00ff]
21:40:16.788 [FXGL Background Thread 3 ] DEBUG Engine               - devShowBBoxProperty: BooleanProperty [value: false]
21:40:16.788 [FXGL Background Thread 3 ] DEBUG Engine               - devShowPositionProperty: BooleanProperty [value: false]
21:40:16.789 [FXGL Background Thread 3 ] DEBUG Engine               - enabledMenuItems: []
21:40:16.789 [FXGL Background Thread 3 ] DEBUG Engine               - engineServices: [class com.almasb.fxgl.app.services.FXGLAssetLoaderService, class com.almasb.fxgl.app.FXGLApplication$GameApplicationService, class com.almasb.fxgl.app.services.FXGLDialogService, class com.almasb.fxgl.app.services.IOTaskExecutorService, class com.almasb.fxgl.io.FileSystemService, class com.almasb.fxgl.localization.LocalizationService, class com.almasb.fxgl.app.services.SystemBundleService, class com.almasb.fxgl.profile.SaveLoadService, class com.almasb.fxgl.ui.FXGLUIFactoryServiceProvider, class com.almasb.fxgl.ui.FXGLDialogFactoryServiceProvider, class com.almasb.fxgl.audio.AudioPlayer, class com.almasb.fxgl.notification.impl.NotificationServiceProvider, class com.almasb.fxgl.achievement.AchievementService, class com.almasb.fxgl.cutscene.CutsceneService, class com.almasb.fxgl.minigames.MiniGameService, class com.almasb.fxgl.net.NetService, class com.almasb.fxgl.app.services.UpdaterService, class com.almasb.fxgl.dev.DevService]
21:40:16.789 [FXGL Background Thread 3 ] DEBUG Engine               - fontGame: Abel-Regular.ttf
21:40:16.789 [FXGL Background Thread 3 ] DEBUG Engine               - fontMono: TerminalLandMono-Regular.otf
21:40:16.789 [FXGL Background Thread 3 ] DEBUG Engine               - fontSizeScaleUI: 1.0
21:40:16.789 [FXGL Background Thread 3 ] DEBUG Engine               - fontText: Courier-Prime.ttf
21:40:16.789 [FXGL Background Thread 3 ] DEBUG Engine               - fontUI: VarelaRound-Regular.ttf
21:40:16.789 [FXGL Background Thread 3 ] DEBUG Engine               - fullScreen: BooleanProperty [value: false]
21:40:16.789 [FXGL Background Thread 3 ] DEBUG Engine               - gameDifficulty: MEDIUM
21:40:16.789 [FXGL Background Thread 3 ] DEBUG Engine               - gameDifficultyProperty: ObjectProperty [value: MEDIUM]
21:40:16.789 [FXGL Background Thread 3 ] DEBUG Engine               - globalMusicVolume: 0.5
21:40:16.789 [FXGL Background Thread 3 ] DEBUG Engine               - globalMusicVolumeProperty: DoubleProperty [value: 0.5]
21:40:16.789 [FXGL Background Thread 3 ] DEBUG Engine               - globalSoundVolume: 0.5
21:40:16.789 [FXGL Background Thread 3 ] DEBUG Engine               - globalSoundVolumeProperty: DoubleProperty [value: 0.5]
21:40:16.789 [FXGL Background Thread 3 ] DEBUG Engine               - height: 1007
21:40:16.789 [FXGL Background Thread 3 ] DEBUG Engine               - is3D: false
21:40:16.789 [FXGL Background Thread 3 ] DEBUG Engine               - isAndroid: false
21:40:16.789 [FXGL Background Thread 3 ] DEBUG Engine               - isBrowser: false
21:40:16.789 [FXGL Background Thread 3 ] DEBUG Engine               - isClickFeedbackEnabled: false
21:40:16.789 [FXGL Background Thread 3 ] DEBUG Engine               - isCloseConfirmation: false
21:40:16.789 [FXGL Background Thread 3 ] DEBUG Engine               - isDesktop: true
21:40:16.789 [FXGL Background Thread 3 ] DEBUG Engine               - isDeveloperMenuEnabled: false
21:40:16.789 [FXGL Background Thread 3 ] DEBUG Engine               - isEmbedded: false
21:40:16.789 [FXGL Background Thread 3 ] DEBUG Engine               - isEntityPreloadEnabled: true
21:40:16.789 [FXGL Background Thread 3 ] DEBUG Engine               - isExperimentalTiledLargeMap: false
21:40:16.789 [FXGL Background Thread 3 ] DEBUG Engine               - isFileSystemWriteAllowed: true
21:40:16.789 [FXGL Background Thread 3 ] DEBUG Engine               - isFullScreenAllowed: false
21:40:16.789 [FXGL Background Thread 3 ] DEBUG Engine               - isFullScreenFromStart: false
21:40:16.789 [FXGL Background Thread 3 ] DEBUG Engine               - isGameMenuEnabled: true
21:40:16.789 [FXGL Background Thread 3 ] DEBUG Engine               - isIOS: false
21:40:16.789 [FXGL Background Thread 3 ] DEBUG Engine               - isIntroEnabled: false
21:40:16.789 [FXGL Background Thread 3 ] DEBUG Engine               - isLinux: false
21:40:16.789 [FXGL Background Thread 3 ] DEBUG Engine               - isMac: false
21:40:16.789 [FXGL Background Thread 3 ] DEBUG Engine               - isMainMenuEnabled: true
21:40:16.789 [FXGL Background Thread 3 ] DEBUG Engine               - isManualResizeEnabled: false
21:40:16.789 [FXGL Background Thread 3 ] DEBUG Engine               - isMobile: false
21:40:16.790 [FXGL Background Thread 3 ] DEBUG Engine               - isNative: false
21:40:16.790 [FXGL Background Thread 3 ] DEBUG Engine               - isPauseMusicWhenMinimized: true
21:40:16.790 [FXGL Background Thread 3 ] DEBUG Engine               - isPreserveResizeRatio: false
21:40:16.790 [FXGL Background Thread 3 ] DEBUG Engine               - isProfilingEnabled: false
21:40:16.790 [FXGL Background Thread 3 ] DEBUG Engine               - isScaleAffectedOnResize: true
21:40:16.790 [FXGL Background Thread 3 ] DEBUG Engine               - isSingleStep: false
21:40:16.790 [FXGL Background Thread 3 ] DEBUG Engine               - isUserProfileEnabled: false
21:40:16.790 [FXGL Background Thread 3 ] DEBUG Engine               - isWindows: true
21:40:16.790 [FXGL Background Thread 3 ] DEBUG Engine               - language: ObjectProperty [value: ENGLISH]
21:40:16.790 [FXGL Background Thread 3 ] DEBUG Engine               - menuKey: ESCAPE
21:40:16.790 [FXGL Background Thread 3 ] DEBUG Engine               - mouseSensitivity: 0.2
21:40:16.790 [FXGL Background Thread 3 ] DEBUG Engine               - notificationViewClass: class com.almasb.fxgl.notification.view.XboxNotificationView
21:40:16.790 [FXGL Background Thread 3 ] DEBUG Engine               - pixelsPerMeter: 50.0
21:40:16.790 [FXGL Background Thread 3 ] DEBUG Engine               - platform: WINDOWS
21:40:16.790 [FXGL Background Thread 3 ] DEBUG Engine               - prefHeightProperty: ReadOnlyDoubleProperty [value: 1007.0]
21:40:16.790 [FXGL Background Thread 3 ] DEBUG Engine               - prefWidthProperty: ReadOnlyDoubleProperty [value: 1316.0]
21:40:16.790 [FXGL Background Thread 3 ] DEBUG Engine               - profileDir: profiles/
21:40:16.790 [FXGL Background Thread 3 ] DEBUG Engine               - profileName: StringProperty [value: DEFAULT]
21:40:16.790 [FXGL Background Thread 3 ] DEBUG Engine               - randomSeed: -1
21:40:16.791 [FXGL Background Thread 3 ] DEBUG Engine               - runtimeInfo: RuntimeInfo(platform=WINDOWS, version=21.1, build=27.03.2024 07.52)
21:40:16.791 [FXGL Background Thread 3 ] DEBUG Engine               - saveFileExt: sav
21:40:16.791 [FXGL Background Thread 3 ] DEBUG Engine               - scaledHeightProp$fxgl: DoubleProperty [bound, value: 1007.0]
21:40:16.791 [FXGL Background Thread 3 ] DEBUG Engine               - scaledWidthProp$fxgl: DoubleProperty [bound, value: 1316.0]
21:40:16.791 [FXGL Background Thread 3 ] DEBUG Engine               - sceneFactory: edu.sustech.xiangqi.XiangQiApp$1@251af6c9
21:40:16.791 [FXGL Background Thread 3 ] DEBUG Engine               - secondsIn24h: 60
21:40:16.791 [FXGL Background Thread 3 ] DEBUG Engine               - soundMenuBack: menu/back.wav
21:40:16.791 [FXGL Background Thread 3 ] DEBUG Engine               - soundMenuPress: menu/press.wav
21:40:16.791 [FXGL Background Thread 3 ] DEBUG Engine               - soundMenuSelect: menu/select.wav
21:40:16.791 [FXGL Background Thread 3 ] DEBUG Engine               - soundNotification: core/notification.wav
21:40:16.791 [FXGL Background Thread 3 ] DEBUG Engine               - stageStyle: DECORATED
21:40:16.791 [FXGL Background Thread 3 ] DEBUG Engine               - supportedLanguages: [ENGLISH, FRENCH, GERMAN, HUNGARIAN, RUSSIAN]
21:40:16.791 [FXGL Background Thread 3 ] DEBUG Engine               - ticksPerSecond: -1
21:40:16.791 [FXGL Background Thread 3 ] DEBUG Engine               - title: 中国象棋 1.0
21:40:16.791 [FXGL Background Thread 3 ] DEBUG Engine               - urlGithub: https://github.com/AlmasB/FXGL
21:40:16.791 [FXGL Background Thread 3 ] DEBUG Engine               - urlLeaderboard: http://fxgl-top.herokuapp.com/
21:40:16.791 [FXGL Background Thread 3 ] DEBUG Engine               - urlPOM: https://raw.githubusercontent.com/AlmasB/FXGL/release/README.md
21:40:16.791 [FXGL Background Thread 3 ] DEBUG Engine               - userAppClass: class edu.sustech.xiangqi.XiangQiApp
21:40:16.791 [FXGL Background Thread 3 ] DEBUG Engine               - version: 1.0
21:40:16.791 [FXGL Background Thread 3 ] DEBUG Engine               - versionCheckDays: 7
21:40:16.791 [FXGL Background Thread 3 ] DEBUG Engine               - width: 1316
21:40:16.791 [FXGL Background Thread 3 ] DEBUG Engine               - Logging services
21:40:16.791 [FXGL Background Thread 3 ] DEBUG Engine               - class com.almasb.fxgl.app.services.FXGLAssetLoaderService
21:40:16.791 [FXGL Background Thread 3 ] DEBUG Engine               - class com.almasb.fxgl.app.FXGLApplication$GameApplicationService
21:40:16.791 [FXGL Background Thread 3 ] DEBUG Engine               - class com.almasb.fxgl.app.services.FXGLDialogService
21:40:16.791 [FXGL Background Thread 3 ] DEBUG Engine               - class com.almasb.fxgl.app.services.IOTaskExecutorService
21:40:16.791 [FXGL Background Thread 3 ] DEBUG Engine               - class com.almasb.fxgl.io.FileSystemService
21:40:16.791 [FXGL Background Thread 3 ] DEBUG Engine               - class com.almasb.fxgl.localization.LocalizationService
21:40:16.791 [FXGL Background Thread 3 ] DEBUG Engine               - class com.almasb.fxgl.app.services.SystemBundleService
21:40:16.791 [FXGL Background Thread 3 ] DEBUG Engine               - class com.almasb.fxgl.profile.SaveLoadService
21:40:16.791 [FXGL Background Thread 3 ] DEBUG Engine               - class com.almasb.fxgl.ui.FXGLUIFactoryServiceProvider
21:40:16.791 [FXGL Background Thread 3 ] DEBUG Engine               - class com.almasb.fxgl.ui.FXGLDialogFactoryServiceProvider
21:40:16.791 [FXGL Background Thread 3 ] DEBUG Engine               - class com.almasb.fxgl.audio.AudioPlayer
21:40:16.791 [FXGL Background Thread 3 ] DEBUG Engine               - class com.almasb.fxgl.notification.impl.NotificationServiceProvider
21:40:16.791 [FXGL Background Thread 3 ] DEBUG Engine               - class com.almasb.fxgl.achievement.AchievementService
21:40:16.791 [FXGL Background Thread 3 ] DEBUG Engine               - class com.almasb.fxgl.cutscene.CutsceneService
21:40:16.791 [FXGL Background Thread 3 ] DEBUG Engine               - class com.almasb.fxgl.minigames.MiniGameService
21:40:16.791 [FXGL Background Thread 3 ] DEBUG Engine               - class com.almasb.fxgl.net.NetService
21:40:16.791 [FXGL Background Thread 3 ] DEBUG Engine               - class com.almasb.fxgl.app.services.UpdaterService
21:40:16.791 [FXGL Background Thread 3 ] DEBUG Engine               - class com.almasb.fxgl.dev.DevService
21:40:31.165 [JavaFX Application Thread] DEBUG FXGLAssetLoaderServi - Loading from file system: file:/D:/Github/javaA-xiangqi-project-main-yxh-1125/target/classes/assets/music/%e6%8c%89%e9%92%ae%e9%9f%b3%e6%95%881.mp3
21:40:31.252 [JavaFX Application Thread] DEBUG AudioPlayer          - Playing music com.almasb.fxgl.audio.Music@4df49b47
21:40:31.524 [JavaFX Application Thread] DEBUG AudioPlayer          - Playing music com.almasb.fxgl.audio.Music@4df49b47
21:40:31.914 [JavaFX Application Thread] DEBUG AudioPlayer          - Playing music com.almasb.fxgl.audio.Music@4df49b47
21:40:32.756 [JavaFX Application Thread] DEBUG AudioPlayer          - Playing music com.almasb.fxgl.audio.Music@4df49b47
21:40:33.707 [JavaFX Application Thread] DEBUG AudioPlayer          - Playing music com.almasb.fxgl.audio.Music@4df49b47
21:40:33.990 [JavaFX Application Thread] DEBUG AudioPlayer          - Playing music com.almasb.fxgl.audio.Music@4df49b47
21:40:34.393 [JavaFX Application Thread] DEBUG AudioPlayer          - Playing music com.almasb.fxgl.audio.Music@4df49b47
21:40:34.464 [JavaFX Application Thread] DEBUG AudioPlayer          - Playing music com.almasb.fxgl.audio.Music@4df49b47
21:40:34.525 [JavaFX Application Thread] DEBUG AudioPlayer          - Playing music com.almasb.fxgl.audio.Music@4df49b47
21:40:35.035 [JavaFX Application Thread] DEBUG AudioPlayer          - Playing music com.almasb.fxgl.audio.Music@4df49b47
21:40:35.110 [JavaFX Application Thread] DEBUG AudioPlayer          - Playing music com.almasb.fxgl.audio.Music@4df49b47
21:40:35.184 [JavaFX Application Thread] DEBUG AudioPlayer          - Playing music com.almasb.fxgl.audio.Music@4df49b47
21:40:37.360 [JavaFX Application Thread] DEBUG AudioPlayer          - Playing music com.almasb.fxgl.audio.Music@4df49b47
21:40:38.151 [JavaFX Application Thread] DEBUG AudioPlayer          - Playing music com.almasb.fxgl.audio.Music@4df49b47
21:40:38.635 [JavaFX Application Thread] DEBUG AudioPlayer          - Playing music com.almasb.fxgl.audio.Music@4df49b47
21:40:38.701 [JavaFX Application Thread] DEBUG AudioPlayer          - Playing music com.almasb.fxgl.audio.Music@4df49b47
21:40:38.769 [JavaFX Application Thread] DEBUG AudioPlayer          - Playing music com.almasb.fxgl.audio.Music@4df49b47
21:40:39.385 [JavaFX Application Thread] DEBUG AudioPlayer          - Playing music com.almasb.fxgl.audio.Music@4df49b47
21:40:39.418 [JavaFX Application Thread] DEBUG AudioPlayer          - Playing music com.almasb.fxgl.audio.Music@4df49b47
21:40:39.446 [JavaFX Application Thread] DEBUG AudioPlayer          - Playing music com.almasb.fxgl.audio.Music@4df49b47
21:40:53.433 [JavaFX Application Thread] DEBUG FXGLApplication      - Exiting FXGL
21:40:53.433 [JavaFX Application Thread] DEBUG LoopRunner           - Stopping loop
21:40:53.433 [JavaFX Application Thread] DEBUG SystemBundleService  - Saving FXGL system data
21:40:53.434 [JavaFX Application Thread] DEBUG FileSystemAccess     - Writing to: D:\Github\javaA-xiangqi-project-main-yxh-1125\system\fxgl.bundle
21:40:53.435 [JavaFX Application Thread] DEBUG Async                - Shutting down background threads
21:40:53.435 [JavaFX Application Thread] DEBUG PrimaryStageWindow   - Closing main window
21:40:53.455 [JavaFX Application Thread] DEBUG Logger               - Closing Logger
