01:40:39.944 [main                     ] DEBUG Logger               - Configured Logger
01:40:39.957 [main                     ] DEBUG GameApplication      - Logging settings
Title: 中国象棋 1.0
Version: 1.0
Width: 1316
Height: 1007
Fullscreen: false
Intro: false
Profiling: false
Single step:false
App Mode: DEVELOPER
Menu Key: ESCAPE
Stage Style: DECORATED
Scene Factory: class edu.sustech.xiangqi.XiangQiApp$1

01:40:40.393 [JavaFX Application Thread] DEBUG FXGLApplication      - Initializing FXGL
01:40:40.395 [JavaFX Application Thread] INFO  Engine               - FXGL-21.1 (27.03.2024 07.52) on WINDOWS (J:23.0.2 FX:21.0.1)
01:40:40.395 [JavaFX Application Thread] DEBUG Engine               - JRE Vendor Name: Amazon.com Inc.
01:40:40.395 [JavaFX Application Thread] DEBUG Engine               - Running on OS: Windows 11 version 10.0
01:40:40.395 [JavaFX Application Thread] DEBUG Engine               - Architecture: amd64
01:40:40.395 [JavaFX Application Thread] INFO  Engine               - Source code and latest versions at: https://github.com/AlmasB/FXGL
01:40:40.395 [JavaFX Application Thread] INFO  Engine               -       Ask questions and discuss at: https://github.com/AlmasB/FXGL/discussions
01:40:40.395 [JavaFX Application Thread] INFO  Engine               -              Join the FXGL chat at: https://gitter.im/AlmasB/FXGL
01:40:40.456 [JavaFX Application Thread] DEBUG PrimaryStageWindow   - Creating a JavaFX scene
01:40:40.485 [JavaFX Application Thread] DEBUG PrimaryStageWindow   - Target settings size: 1316.0 x 1007.0
01:40:40.486 [JavaFX Application Thread] DEBUG PrimaryStageWindow   - Scaled scene size:    1316.0 x 1007.0
01:40:40.486 [JavaFX Application Thread] DEBUG PrimaryStageWindow   - Scaled ratio: (1.0, 1.0)
01:40:40.486 [JavaFX Application Thread] DEBUG PrimaryStageWindow   - Set initial scene to FXGLStartupScene
01:40:40.488 [JavaFX Application Thread] DEBUG PrimaryStageWindow   - Opening main window
01:40:40.563 [JavaFX Application Thread] DEBUG PrimaryStageWindow   - Window border size: (14.6666259765625, 37.6666259765625)
01:40:40.563 [JavaFX Application Thread] DEBUG PrimaryStageWindow   - Scaled size: 1316.0 x 1007.0
01:40:40.563 [JavaFX Application Thread] DEBUG PrimaryStageWindow   - Scaled ratio: (1.0, 1.0)
01:40:40.564 [JavaFX Application Thread] DEBUG PrimaryStageWindow   - Scene size: 1316.0 x 1007.0
01:40:40.564 [JavaFX Application Thread] DEBUG PrimaryStageWindow   - Stage size: 1330.6666259765625 x 1044.6666259765625
01:40:40.568 [FXGL Background Thread 1 ] DEBUG Engine               - Initializing environment variables
01:40:40.622 [FXGL Background Thread 1 ] DEBUG FXGLAssetLoaderServi - User app class for loading assets: class edu.sustech.xiangqi.XiangQiApp
01:40:40.623 [FXGL Background Thread 1 ] DEBUG GameApplicationServi - Applying CSS: fxgl_dark.css
01:40:40.623 [FXGL Background Thread 1 ] DEBUG FXGLAssetLoaderServi - Loading from file system: jar:file:/C:/Users/%e5%b0%b9%e7%8e%ba%e9%aa%85/.m2/repository/com/github/almasb/fxgl/21.1/fxgl-21.1.jar!/fxglassets/ui/css/fxgl_dark.css
01:40:40.654 [FXGL Background Thread 1 ] DEBUG GameApplicationServi - Initializing application scenes
01:40:40.716 [FXGL Background Thread 1 ] DEBUG GameWorld            - Game world initialized
01:40:40.765 [FXGL Background Thread 1 ] DEBUG PhysicsWorld         - Physics world initialized: appHeight=1007, physics.ppm=50.0
01:40:40.765 [FXGL Background Thread 1 ] DEBUG PhysicsWorld         - Using strategy: BRUTE_FORCE
01:40:40.769 [FXGL Background Thread 1 ] DEBUG GameScene            - Game scene initialized: 1316x1007
01:40:40.777 [FXGL Background Thread 1 ] DEBUG FXGLAssetLoaderServi - Loading from file system: file:/E:/G2/java/final_project/team_project_1124/javaA-xiangqi-project-main/target/classes/assets/textures/Button1.png
01:40:40.793 [FXGL Background Thread 1 ] DEBUG FXGLAssetLoaderServi - Loading from file system: file:/E:/G2/java/final_project/team_project_1124/javaA-xiangqi-project-main/target/classes/assets/textures/Press.png
01:40:40.797 [FXGL Background Thread 1 ] DEBUG FXGLAssetLoaderServi - Loading from file system: file:/E:/G2/java/final_project/team_project_1124/javaA-xiangqi-project-main/target/classes/assets/sounds/%e6%8c%89%e9%92%ae%e9%9f%b3%e6%95%881.mp3
01:40:40.863 [FXGL Background Thread 1 ] DEBUG FXGLAssetLoaderServi - Loading from file system: file:/E:/G2/java/final_project/team_project_1124/javaA-xiangqi-project-main/target/classes/assets/ui/fonts/HYPixel11pxU-2.ttf
01:40:40.929 [FXGL Background Thread 1 ] DEBUG GameApplicationServi - Application scenes initialized
01:40:40.936 [FXGL Background Thread 1 ] DEBUG SystemBundleService  - Loading FXGL system data
01:40:40.939 [FXGL Background Thread 1 ] DEBUG FileSystemAccess     - Reading from: E:\G2\java\final_project\team_project_1124\javaA-xiangqi-project-main\system\fxgl.bundle
01:40:40.943 [FXGL Background Thread 1 ] DEBUG SystemBundleService  - Bundle FXGL: {}
01:40:40.943 [FXGL Background Thread 1 ] DEBUG UpdaterService       - Checking for updates
01:40:40.947 [FXGL Background Thread 4 ] DEBUG FXGLApplication      - Loading fonts
01:40:40.947 [FXGL Background Thread 4 ] DEBUG FXGLAssetLoaderServi - Loading from file system: jar:file:/C:/Users/%e5%b0%b9%e7%8e%ba%e9%aa%85/.m2/repository/com/github/almasb/fxgl/21.1/fxgl-21.1.jar!/fxglassets/ui/fonts/VarelaRound-Regular.ttf
01:40:40.947 [FXGL Background Thread 1 ] DEBUG FXGLApplication      - Loading default localization
01:40:40.947 [FXGL Background Thread 1 ] DEBUG FXGLAssetLoaderServi - Loading from file system: jar:file:/C:/Users/%e5%b0%b9%e7%8e%ba%e9%aa%85/.m2/repository/com/github/almasb/fxgl/21.1/fxgl-21.1.jar!/fxglassets/languages/english.lang
01:40:40.950 [FXGL Background Thread 4 ] DEBUG FXGLAssetLoaderServi - Loading from file system: jar:file:/C:/Users/%e5%b0%b9%e7%8e%ba%e9%aa%85/.m2/repository/com/github/almasb/fxgl/21.1/fxgl-21.1.jar!/fxglassets/ui/fonts/Abel-Regular.ttf
01:40:40.952 [FXGL Background Thread 4 ] DEBUG FXGLAssetLoaderServi - Loading from file system: jar:file:/C:/Users/%e5%b0%b9%e7%8e%ba%e9%aa%85/.m2/repository/com/github/almasb/fxgl/21.1/fxgl-21.1.jar!/fxglassets/ui/fonts/TerminalLandMono-Regular.otf
01:40:40.955 [FXGL Background Thread 4 ] DEBUG FXGLAssetLoaderServi - Loading from file system: jar:file:/C:/Users/%e5%b0%b9%e7%8e%ba%e9%aa%85/.m2/repository/com/github/almasb/fxgl/21.1/fxgl-21.1.jar!/fxglassets/ui/fonts/Courier-Prime.ttf
01:40:40.960 [JavaFX Application Thread] DEBUG FXGLApplication      - Registering font factories with UI factory
01:40:40.981 [FXGL Background Thread 1 ] INFO  FXGLApplication      - FXGL initialization took: 0.413 sec
01:40:40.985 [JavaFX Application Thread] DEBUG Input                - Registered new binding: Click - LMB
01:40:40.986 [JavaFX Application Thread] DEBUG FXGLAssetLoaderServi - Loading from file system: jar:file:/C:/Users/%e5%b0%b9%e7%8e%ba%e9%aa%85/.m2/repository/com/github/almasb/fxgl/21.1/fxgl-21.1.jar!/fxglassets/textures/fxgl_icon.png
01:40:41.003 [JavaFX Application Thread] DEBUG FXGLAssetLoaderServi - Loading from file system: jar:file:/C:/Users/%e5%b0%b9%e7%8e%ba%e9%aa%85/.m2/repository/com/github/almasb/fxgl/21.1/fxgl-21.1.jar!/fxglassets/textures/fxgl_default_cursor.png
01:40:41.010 [JavaFX Application Thread] DEBUG Input                - Registered new binding: Screenshot - CTRL+8
01:40:41.011 [JavaFX Application Thread] DEBUG Input                - Registered new binding: System info dump - CTRL+9
01:40:41.011 [JavaFX Application Thread] DEBUG Input                - Registered new binding: Restart - CTRL+R
01:40:41.012 [JavaFX Application Thread] DEBUG Input                - Registered new binding: Toggle Debug Camera - CTRL+7
01:40:41.013 [JavaFX Application Thread] DEBUG LoopRunner           - Starting loop
01:40:41.013 [JavaFX Application Thread] DEBUG LoopRunner           - Initializing JavaFX AnimationTimerLoop
01:40:41.016 [JavaFX Application Thread] DEBUG Input                - Clearing active input actions
01:40:41.022 [JavaFX Application Thread] DEBUG GameApplicationServi - Removing overlay from FXGLStartupScene and adding to FXGLMainMenuDummyScene
01:40:41.022 [JavaFX Application Thread] DEBUG PrimaryStageWindow   - FXGLStartupScene -> FXGLMainMenuDummyScene
01:40:41.022 [JavaFX Application Thread] DEBUG PrimaryStageWindow   - Push state: MainMenuScene
01:40:41.023 [JavaFX Application Thread] DEBUG Input                - Clearing active input actions
01:40:41.029 [JavaFX Application Thread] DEBUG GameApplicationServi - Removing overlay from FXGLMainMenuDummyScene and adding to MainMenuScene
01:40:41.029 [JavaFX Application Thread] DEBUG PrimaryStageWindow   - FXGLMainMenuDummyScene -> MainMenuScene
01:40:43.948 [FXGL Background Thread 3 ] DEBUG Engine               - Logging environment variables
01:40:43.948 [FXGL Background Thread 3 ] DEBUG Engine               - achievements: []
01:40:43.948 [FXGL Background Thread 3 ] DEBUG Engine               - actualHeight: 1007.0
01:40:43.948 [FXGL Background Thread 3 ] DEBUG Engine               - actualHeightProperty: ReadOnlyDoubleProperty [value: 1007.0]
01:40:43.948 [FXGL Background Thread 3 ] DEBUG Engine               - actualWidth: 1316.0
01:40:43.948 [FXGL Background Thread 3 ] DEBUG Engine               - actualWidthProperty: ReadOnlyDoubleProperty [value: 1316.0]
01:40:43.948 [FXGL Background Thread 3 ] DEBUG Engine               - appIcon: fxgl_icon.png
01:40:43.948 [FXGL Background Thread 3 ] DEBUG Engine               - applicationMode: DEVELOPER
01:40:43.948 [FXGL Background Thread 3 ] DEBUG Engine               - cSSList: [fxgl_dark.css]
01:40:43.948 [FXGL Background Thread 3 ] DEBUG Engine               - collisionDetectionStrategy: BRUTE_FORCE
01:40:43.949 [FXGL Background Thread 3 ] DEBUG Engine               - configClass: Optional.empty
01:40:43.949 [FXGL Background Thread 3 ] DEBUG Engine               - credits: []
01:40:43.950 [FXGL Background Thread 3 ] DEBUG Engine               - defaultCursor: CursorInfo(imageName=fxgl_default_cursor.png, hotspotX=7.0, hotspotY=6.0)
01:40:43.950 [FXGL Background Thread 3 ] DEBUG Engine               - devBBoxColorProperty: ObjectProperty [value: 0xff0000ff]
01:40:43.950 [FXGL Background Thread 3 ] DEBUG Engine               - devEnableDebugCameraProperty: BooleanProperty [value: false]
01:40:43.951 [FXGL Background Thread 3 ] DEBUG Engine               - devSensorColorProperty: ObjectProperty [value: 0xffff00ff]
01:40:43.951 [FXGL Background Thread 3 ] DEBUG Engine               - devShowBBoxProperty: BooleanProperty [value: false]
01:40:43.951 [FXGL Background Thread 3 ] DEBUG Engine               - devShowPositionProperty: BooleanProperty [value: false]
01:40:43.952 [FXGL Background Thread 3 ] DEBUG Engine               - enabledMenuItems: []
01:40:43.952 [FXGL Background Thread 3 ] DEBUG Engine               - engineServices: [class com.almasb.fxgl.app.services.FXGLAssetLoaderService, class com.almasb.fxgl.app.FXGLApplication$GameApplicationService, class com.almasb.fxgl.app.services.FXGLDialogService, class com.almasb.fxgl.app.services.IOTaskExecutorService, class com.almasb.fxgl.io.FileSystemService, class com.almasb.fxgl.localization.LocalizationService, class com.almasb.fxgl.app.services.SystemBundleService, class com.almasb.fxgl.profile.SaveLoadService, class com.almasb.fxgl.ui.FXGLUIFactoryServiceProvider, class com.almasb.fxgl.ui.FXGLDialogFactoryServiceProvider, class com.almasb.fxgl.audio.AudioPlayer, class com.almasb.fxgl.notification.impl.NotificationServiceProvider, class com.almasb.fxgl.achievement.AchievementService, class com.almasb.fxgl.cutscene.CutsceneService, class com.almasb.fxgl.minigames.MiniGameService, class com.almasb.fxgl.net.NetService, class com.almasb.fxgl.app.services.UpdaterService, class com.almasb.fxgl.dev.DevService]
01:40:43.952 [FXGL Background Thread 3 ] DEBUG Engine               - fontGame: Abel-Regular.ttf
01:40:43.952 [FXGL Background Thread 3 ] DEBUG Engine               - fontMono: TerminalLandMono-Regular.otf
01:40:43.953 [FXGL Background Thread 3 ] DEBUG Engine               - fontSizeScaleUI: 1.0
01:40:43.953 [FXGL Background Thread 3 ] DEBUG Engine               - fontText: Courier-Prime.ttf
01:40:43.953 [FXGL Background Thread 3 ] DEBUG Engine               - fontUI: VarelaRound-Regular.ttf
01:40:43.953 [FXGL Background Thread 3 ] DEBUG Engine               - fullScreen: BooleanProperty [value: false]
01:40:43.953 [FXGL Background Thread 3 ] DEBUG Engine               - gameDifficulty: MEDIUM
01:40:43.953 [FXGL Background Thread 3 ] DEBUG Engine               - gameDifficultyProperty: ObjectProperty [value: MEDIUM]
01:40:43.953 [FXGL Background Thread 3 ] DEBUG Engine               - globalMusicVolume: 0.5
01:40:43.953 [FXGL Background Thread 3 ] DEBUG Engine               - globalMusicVolumeProperty: DoubleProperty [value: 0.5]
01:40:43.953 [FXGL Background Thread 3 ] DEBUG Engine               - globalSoundVolume: 0.5
01:40:43.953 [FXGL Background Thread 3 ] DEBUG Engine               - globalSoundVolumeProperty: DoubleProperty [value: 0.5]
01:40:43.954 [FXGL Background Thread 3 ] DEBUG Engine               - height: 1007
01:40:43.954 [FXGL Background Thread 3 ] DEBUG Engine               - is3D: false
01:40:43.954 [FXGL Background Thread 3 ] DEBUG Engine               - isAndroid: false
01:40:43.954 [FXGL Background Thread 3 ] DEBUG Engine               - isBrowser: false
01:40:43.954 [FXGL Background Thread 3 ] DEBUG Engine               - isClickFeedbackEnabled: false
01:40:43.954 [FXGL Background Thread 3 ] DEBUG Engine               - isCloseConfirmation: false
01:40:43.954 [FXGL Background Thread 3 ] DEBUG Engine               - isDesktop: true
01:40:43.954 [FXGL Background Thread 3 ] DEBUG Engine               - isDeveloperMenuEnabled: false
01:40:43.954 [FXGL Background Thread 3 ] DEBUG Engine               - isEmbedded: false
01:40:43.954 [FXGL Background Thread 3 ] DEBUG Engine               - isEntityPreloadEnabled: true
01:40:43.954 [FXGL Background Thread 3 ] DEBUG Engine               - isExperimentalTiledLargeMap: false
01:40:43.954 [FXGL Background Thread 3 ] DEBUG Engine               - isFileSystemWriteAllowed: true
01:40:43.954 [FXGL Background Thread 3 ] DEBUG Engine               - isFullScreenAllowed: false
01:40:43.954 [FXGL Background Thread 3 ] DEBUG Engine               - isFullScreenFromStart: false
01:40:43.954 [FXGL Background Thread 3 ] DEBUG Engine               - isGameMenuEnabled: true
01:40:43.954 [FXGL Background Thread 3 ] DEBUG Engine               - isIOS: false
01:40:43.954 [FXGL Background Thread 3 ] DEBUG Engine               - isIntroEnabled: false
01:40:43.954 [FXGL Background Thread 3 ] DEBUG Engine               - isLinux: false
01:40:43.954 [FXGL Background Thread 3 ] DEBUG Engine               - isMac: false
01:40:43.954 [FXGL Background Thread 3 ] DEBUG Engine               - isMainMenuEnabled: true
01:40:43.954 [FXGL Background Thread 3 ] DEBUG Engine               - isManualResizeEnabled: true
01:40:43.955 [FXGL Background Thread 3 ] DEBUG Engine               - isMobile: false
01:40:43.955 [FXGL Background Thread 3 ] DEBUG Engine               - isNative: false
01:40:43.955 [FXGL Background Thread 3 ] DEBUG Engine               - isPauseMusicWhenMinimized: true
01:40:43.955 [FXGL Background Thread 3 ] DEBUG Engine               - isPreserveResizeRatio: true
01:40:43.955 [FXGL Background Thread 3 ] DEBUG Engine               - isProfilingEnabled: false
01:40:43.956 [FXGL Background Thread 3 ] DEBUG Engine               - isScaleAffectedOnResize: true
01:40:43.956 [FXGL Background Thread 3 ] DEBUG Engine               - isSingleStep: false
01:40:43.956 [FXGL Background Thread 3 ] DEBUG Engine               - isUserProfileEnabled: false
01:40:43.956 [FXGL Background Thread 3 ] DEBUG Engine               - isWindows: true
01:40:43.956 [FXGL Background Thread 3 ] DEBUG Engine               - language: ObjectProperty [value: ENGLISH]
01:40:43.956 [FXGL Background Thread 3 ] DEBUG Engine               - menuKey: ESCAPE
01:40:43.956 [FXGL Background Thread 3 ] DEBUG Engine               - mouseSensitivity: 0.2
01:40:43.956 [FXGL Background Thread 3 ] DEBUG Engine               - notificationViewClass: class com.almasb.fxgl.notification.view.XboxNotificationView
01:40:43.956 [FXGL Background Thread 3 ] DEBUG Engine               - pixelsPerMeter: 50.0
01:40:43.956 [FXGL Background Thread 3 ] DEBUG Engine               - platform: WINDOWS
01:40:43.956 [FXGL Background Thread 3 ] DEBUG Engine               - prefHeightProperty: ReadOnlyDoubleProperty [value: 1007.0]
01:40:43.956 [FXGL Background Thread 3 ] DEBUG Engine               - prefWidthProperty: ReadOnlyDoubleProperty [value: 1316.0]
01:40:43.956 [FXGL Background Thread 3 ] DEBUG Engine               - profileDir: profiles/
01:40:43.956 [FXGL Background Thread 3 ] DEBUG Engine               - profileName: StringProperty [value: DEFAULT]
01:40:43.956 [FXGL Background Thread 3 ] DEBUG Engine               - randomSeed: -1
01:40:43.957 [FXGL Background Thread 3 ] DEBUG Engine               - runtimeInfo: RuntimeInfo(platform=WINDOWS, version=21.1, build=27.03.2024 07.52)
01:40:43.957 [FXGL Background Thread 3 ] DEBUG Engine               - saveFileExt: sav
01:40:43.957 [FXGL Background Thread 3 ] DEBUG Engine               - scaledHeightProp$fxgl: DoubleProperty [bound, value: 1007.0]
01:40:43.957 [FXGL Background Thread 3 ] DEBUG Engine               - scaledWidthProp$fxgl: DoubleProperty [bound, value: 1316.0]
01:40:43.957 [FXGL Background Thread 3 ] DEBUG Engine               - sceneFactory: edu.sustech.xiangqi.XiangQiApp$1@279bffa3
01:40:43.957 [FXGL Background Thread 3 ] DEBUG Engine               - secondsIn24h: 60
01:40:43.957 [FXGL Background Thread 3 ] DEBUG Engine               - soundMenuBack: menu/back.wav
01:40:43.957 [FXGL Background Thread 3 ] DEBUG Engine               - soundMenuPress: menu/press.wav
01:40:43.957 [FXGL Background Thread 3 ] DEBUG Engine               - soundMenuSelect: menu/select.wav
01:40:43.957 [FXGL Background Thread 3 ] DEBUG Engine               - soundNotification: core/notification.wav
01:40:43.957 [FXGL Background Thread 3 ] DEBUG Engine               - stageStyle: DECORATED
01:40:43.957 [FXGL Background Thread 3 ] DEBUG Engine               - supportedLanguages: [ENGLISH, FRENCH, GERMAN, HUNGARIAN, RUSSIAN]
01:40:43.957 [FXGL Background Thread 3 ] DEBUG Engine               - ticksPerSecond: -1
01:40:43.957 [FXGL Background Thread 3 ] DEBUG Engine               - title: 中国象棋 1.0
01:40:43.957 [FXGL Background Thread 3 ] DEBUG Engine               - urlGithub: https://github.com/AlmasB/FXGL
01:40:43.957 [FXGL Background Thread 3 ] DEBUG Engine               - urlLeaderboard: http://fxgl-top.herokuapp.com/
01:40:43.957 [FXGL Background Thread 3 ] DEBUG Engine               - urlPOM: https://raw.githubusercontent.com/AlmasB/FXGL/release/README.md
01:40:43.957 [FXGL Background Thread 3 ] DEBUG Engine               - userAppClass: class edu.sustech.xiangqi.XiangQiApp
01:40:43.957 [FXGL Background Thread 3 ] DEBUG Engine               - version: 1.0
01:40:43.957 [FXGL Background Thread 3 ] DEBUG Engine               - versionCheckDays: 7
01:40:43.957 [FXGL Background Thread 3 ] DEBUG Engine               - width: 1316
01:40:43.957 [FXGL Background Thread 3 ] DEBUG Engine               - Logging services
01:40:43.957 [FXGL Background Thread 3 ] DEBUG Engine               - class com.almasb.fxgl.app.services.FXGLAssetLoaderService
01:40:43.957 [FXGL Background Thread 3 ] DEBUG Engine               - class com.almasb.fxgl.app.FXGLApplication$GameApplicationService
01:40:43.957 [FXGL Background Thread 3 ] DEBUG Engine               - class com.almasb.fxgl.app.services.FXGLDialogService
01:40:43.957 [FXGL Background Thread 3 ] DEBUG Engine               - class com.almasb.fxgl.app.services.IOTaskExecutorService
01:40:43.957 [FXGL Background Thread 3 ] DEBUG Engine               - class com.almasb.fxgl.io.FileSystemService
01:40:43.957 [FXGL Background Thread 3 ] DEBUG Engine               - class com.almasb.fxgl.localization.LocalizationService
01:40:43.957 [FXGL Background Thread 3 ] DEBUG Engine               - class com.almasb.fxgl.app.services.SystemBundleService
01:40:43.957 [FXGL Background Thread 3 ] DEBUG Engine               - class com.almasb.fxgl.profile.SaveLoadService
01:40:43.957 [FXGL Background Thread 3 ] DEBUG Engine               - class com.almasb.fxgl.ui.FXGLUIFactoryServiceProvider
01:40:43.957 [FXGL Background Thread 3 ] DEBUG Engine               - class com.almasb.fxgl.ui.FXGLDialogFactoryServiceProvider
01:40:43.957 [FXGL Background Thread 3 ] DEBUG Engine               - class com.almasb.fxgl.audio.AudioPlayer
01:40:43.957 [FXGL Background Thread 3 ] DEBUG Engine               - class com.almasb.fxgl.notification.impl.NotificationServiceProvider
01:40:43.957 [FXGL Background Thread 3 ] DEBUG Engine               - class com.almasb.fxgl.achievement.AchievementService
01:40:43.957 [FXGL Background Thread 3 ] DEBUG Engine               - class com.almasb.fxgl.cutscene.CutsceneService
01:40:43.957 [FXGL Background Thread 3 ] DEBUG Engine               - class com.almasb.fxgl.minigames.MiniGameService
01:40:43.957 [FXGL Background Thread 3 ] DEBUG Engine               - class com.almasb.fxgl.net.NetService
01:40:43.957 [FXGL Background Thread 3 ] DEBUG Engine               - class com.almasb.fxgl.app.services.UpdaterService
01:40:43.957 [FXGL Background Thread 3 ] DEBUG Engine               - class com.almasb.fxgl.dev.DevService
01:40:49.803 [JavaFX Application Thread] DEBUG LoopRunner           - Stopping loop
01:40:49.804 [JavaFX Application Thread] FATAL FXGLApplication      - Uncaught Exception:
java.lang.IllegalArgumentException: Children: duplicate children added: parent = Pane@39b6b2e1
	at javafx.scene.Parent$3.onProposedChange(Parent.java:562)
	at com.sun.javafx.collections.VetoableListDecorator.add(VetoableListDecorator.java:209)
	at edu.sustech.xiangqi.scene.MainMenuScene.switchMenu(MainMenuScene.java:643)
	at edu.sustech.xiangqi.scene.MainMenuScene.lambda$initSettingsMenu$23(MainMenuScene.java:701)
	at edu.sustech.xiangqi.scene.PixelatedButton.lambda$new$1(PixelatedButton.java:89)
	at com.sun.javafx.event.CompositeEventHandler.dispatchBubblingEvent(CompositeEventHandler.java:86)
	at com.sun.javafx.event.EventHandlerManager.dispatchBubblingEvent(EventHandlerManager.java:232)
	at com.sun.javafx.event.EventHandlerManager.dispatchBubblingEvent(EventHandlerManager.java:189)
	at com.sun.javafx.event.CompositeEventDispatcher.dispatchBubblingEvent(CompositeEventDispatcher.java:59)
	at com.sun.javafx.event.BasicEventDispatcher.dispatchEvent(BasicEventDispatcher.java:58)
	at com.sun.javafx.event.EventDispatchChainImpl.dispatchEvent(EventDispatchChainImpl.java:114)
	at com.sun.javafx.event.BasicEventDispatcher.dispatchEvent(BasicEventDispatcher.java:56)
	at com.sun.javafx.event.EventDispatchChainImpl.dispatchEvent(EventDispatchChainImpl.java:114)
	at com.sun.javafx.event.BasicEventDispatcher.dispatchEvent(BasicEventDispatcher.java:56)
	at com.sun.javafx.event.EventDispatchChainImpl.dispatchEvent(EventDispatchChainImpl.java:114)
	at com.sun.javafx.event.EventUtil.fireEventImpl(EventUtil.java:74)
	at com.sun.javafx.event.EventUtil.fireEvent(EventUtil.java:54)
	at javafx.event.Event.fireEvent(Event.java:198)
	at javafx.scene.Scene$MouseHandler.process(Scene.java:3984)
	at javafx.scene.Scene.processMouseEvent(Scene.java:1890)
	at javafx.scene.Scene$ScenePeerListener.mouseEvent(Scene.java:2708)
	at com.sun.javafx.tk.quantum.GlassViewEventHandler$MouseEventNotification.run(GlassViewEventHandler.java:411)
	at com.sun.javafx.tk.quantum.GlassViewEventHandler$MouseEventNotification.run(GlassViewEventHandler.java:301)
	at java.base/java.security.AccessController.doPrivileged(AccessController.java:400)
	at com.sun.javafx.tk.quantum.GlassViewEventHandler.lambda$handleMouseEvent$2(GlassViewEventHandler.java:450)
	at com.sun.javafx.tk.quantum.QuantumToolkit.runWithoutRenderLock(QuantumToolkit.java:424)
	at com.sun.javafx.tk.quantum.GlassViewEventHandler.handleMouseEvent(GlassViewEventHandler.java:449)
	at com.sun.glass.ui.View.handleMouseEvent(View.java:551)
	at com.sun.glass.ui.View.notifyMouse(View.java:937)
	at com.sun.glass.ui.win.WinApplication._runLoop(Native Method)
	at com.sun.glass.ui.win.WinApplication.lambda$runLoop$3(WinApplication.java:185)
	at java.base/java.lang.Thread.run(Thread.java:1575)

01:40:49.804 [JavaFX Application Thread] FATAL FXGLApplication      - Application will now exit
01:40:49.812 [JavaFX Application Thread] DEBUG PrimaryStageWindow   - Push state: ErrorSubScene
01:40:49.812 [JavaFX Application Thread] DEBUG Input                - Clearing active input actions
01:40:49.816 [JavaFX Application Thread] DEBUG GameApplicationServi - Removing overlay from MainMenuScene and adding to ErrorSubScene
01:40:49.816 [JavaFX Application Thread] DEBUG PrimaryStageWindow   - MainMenuScene -> ErrorSubScene
01:40:52.477 [JavaFX Application Thread] DEBUG FXGLApplication      - Exiting FXGL
01:40:52.477 [JavaFX Application Thread] DEBUG Async                - Shutting down background threads
01:40:52.477 [JavaFX Application Thread] DEBUG PrimaryStageWindow   - Closing main window
01:40:52.488 [JavaFX Application Thread] DEBUG Logger               - Closing Logger
