15:19:57.067 [main                     ] DEBUG Logger               - Configured Logger
15:19:57.083 [main                     ] DEBUG GameApplication      - Logging settings
Title: 中国象棋 1.0
Version: 1.0
Width: 1316
Height: 1007
Fullscreen: false
Intro: false
Profiling: false
Single step:false
App Mode: DEVELOPER
Menu Key: ESCAPE
Stage Style: DECORATED
Scene Factory: class edu.sustech.xiangqi.XiangQiApp$1

15:19:57.676 [JavaFX Application Thread] DEBUG FXGLApplication      - Initializing FXGL
15:19:57.679 [JavaFX Application Thread] INFO  Engine               - FXGL-21.1 (27.03.2024 07.52) on WINDOWS (J:23.0.2 FX:21.0.1)
15:19:57.679 [JavaFX Application Thread] DEBUG Engine               - JRE Vendor Name: Amazon.com Inc.
15:19:57.679 [JavaFX Application Thread] DEBUG Engine               - Running on OS: Windows 11 version 10.0
15:19:57.679 [JavaFX Application Thread] DEBUG Engine               - Architecture: amd64
15:19:57.679 [JavaFX Application Thread] INFO  Engine               - Source code and latest versions at: https://github.com/AlmasB/FXGL
15:19:57.679 [JavaFX Application Thread] INFO  Engine               -       Ask questions and discuss at: https://github.com/AlmasB/FXGL/discussions
15:19:57.679 [JavaFX Application Thread] INFO  Engine               -              Join the FXGL chat at: https://gitter.im/AlmasB/FXGL
15:19:57.756 [JavaFX Application Thread] DEBUG PrimaryStageWindow   - Creating a JavaFX scene
15:19:57.791 [JavaFX Application Thread] DEBUG PrimaryStageWindow   - Target settings size: 1316.0 x 1007.0
15:19:57.792 [JavaFX Application Thread] DEBUG PrimaryStageWindow   - Scaled scene size:    1316.0 x 1007.0
15:19:57.792 [JavaFX Application Thread] DEBUG PrimaryStageWindow   - Scaled ratio: (1.0, 1.0)
15:19:57.792 [JavaFX Application Thread] DEBUG PrimaryStageWindow   - Set initial scene to FXGLStartupScene
15:19:57.794 [JavaFX Application Thread] DEBUG PrimaryStageWindow   - Opening main window
15:19:57.873 [JavaFX Application Thread] DEBUG PrimaryStageWindow   - Window border size: (14.6666259765625, 37.6666259765625)
15:19:57.874 [JavaFX Application Thread] DEBUG PrimaryStageWindow   - Scaled size: 1316.0 x 1007.0
15:19:57.874 [JavaFX Application Thread] DEBUG PrimaryStageWindow   - Scaled ratio: (1.0, 1.0)
15:19:57.874 [JavaFX Application Thread] DEBUG PrimaryStageWindow   - Scene size: 1316.0 x 1007.0
15:19:57.874 [JavaFX Application Thread] DEBUG PrimaryStageWindow   - Stage size: 1330.6666259765625 x 1044.6666259765625
15:19:57.879 [FXGL Background Thread 1 ] DEBUG Engine               - Initializing environment variables
15:19:57.935 [FXGL Background Thread 1 ] DEBUG FXGLAssetLoaderServi - User app class for loading assets: class edu.sustech.xiangqi.XiangQiApp
15:19:57.935 [FXGL Background Thread 1 ] DEBUG GameApplicationServi - Applying CSS: fxgl_dark.css
15:19:57.935 [FXGL Background Thread 1 ] DEBUG FXGLAssetLoaderServi - Loading from file system: jar:file:/C:/Users/%e5%b0%b9%e7%8e%ba%e9%aa%85/.m2/repository/com/github/almasb/fxgl/21.1/fxgl-21.1.jar!/fxglassets/ui/css/fxgl_dark.css
15:19:57.968 [FXGL Background Thread 1 ] DEBUG GameApplicationServi - Initializing application scenes
15:19:58.051 [FXGL Background Thread 1 ] DEBUG GameWorld            - Game world initialized
15:19:58.098 [FXGL Background Thread 1 ] DEBUG PhysicsWorld         - Physics world initialized: appHeight=1007, physics.ppm=50.0
15:19:58.098 [FXGL Background Thread 1 ] DEBUG PhysicsWorld         - Using strategy: BRUTE_FORCE
15:19:58.102 [FXGL Background Thread 1 ] DEBUG GameScene            - Game scene initialized: 1316x1007
15:19:58.109 [FXGL Background Thread 1 ] DEBUG FXGLAssetLoaderServi - Loading from file system: file:/E:/G2/java/final_project/team_project_1124/javaA-xiangqi-project-main/target/classes/assets/ui/fonts/HYPixel11pxU-2.ttf
15:19:58.148 [FXGL Background Thread 1 ] DEBUG FXGLAssetLoaderServi - Loading from file system: file:/E:/G2/java/final_project/team_project_1124/javaA-xiangqi-project-main/target/classes/assets/textures/Button1.png
15:19:58.163 [FXGL Background Thread 1 ] DEBUG FXGLAssetLoaderServi - Loading from file system: file:/E:/G2/java/final_project/team_project_1124/javaA-xiangqi-project-main/target/classes/assets/textures/Press.png
15:19:58.193 [FXGL Background Thread 1 ] DEBUG GameApplicationServi - Application scenes initialized
15:19:58.201 [FXGL Background Thread 1 ] DEBUG SystemBundleService  - Loading FXGL system data
15:19:58.204 [FXGL Background Thread 1 ] DEBUG FileSystemAccess     - Reading from: E:\G2\java\final_project\team_project_1124\javaA-xiangqi-project-main\system\fxgl.bundle
15:19:58.210 [FXGL Background Thread 1 ] DEBUG SystemBundleService  - Bundle FXGL: {}
15:19:58.210 [FXGL Background Thread 1 ] DEBUG UpdaterService       - Checking for updates
15:19:58.214 [FXGL Background Thread 4 ] DEBUG FXGLApplication      - Loading fonts
15:19:58.214 [FXGL Background Thread 1 ] DEBUG FXGLApplication      - Loading default localization
15:19:58.214 [FXGL Background Thread 4 ] DEBUG FXGLAssetLoaderServi - Loading from file system: jar:file:/C:/Users/%e5%b0%b9%e7%8e%ba%e9%aa%85/.m2/repository/com/github/almasb/fxgl/21.1/fxgl-21.1.jar!/fxglassets/ui/fonts/VarelaRound-Regular.ttf
15:19:58.214 [FXGL Background Thread 1 ] DEBUG FXGLAssetLoaderServi - Loading from file system: jar:file:/C:/Users/%e5%b0%b9%e7%8e%ba%e9%aa%85/.m2/repository/com/github/almasb/fxgl/21.1/fxgl-21.1.jar!/fxglassets/languages/english.lang
15:19:58.219 [FXGL Background Thread 4 ] DEBUG FXGLAssetLoaderServi - Loading from file system: jar:file:/C:/Users/%e5%b0%b9%e7%8e%ba%e9%aa%85/.m2/repository/com/github/almasb/fxgl/21.1/fxgl-21.1.jar!/fxglassets/ui/fonts/Abel-Regular.ttf
15:19:58.223 [FXGL Background Thread 4 ] DEBUG FXGLAssetLoaderServi - Loading from file system: jar:file:/C:/Users/%e5%b0%b9%e7%8e%ba%e9%aa%85/.m2/repository/com/github/almasb/fxgl/21.1/fxgl-21.1.jar!/fxglassets/ui/fonts/TerminalLandMono-Regular.otf
15:19:58.226 [FXGL Background Thread 4 ] DEBUG FXGLAssetLoaderServi - Loading from file system: jar:file:/C:/Users/%e5%b0%b9%e7%8e%ba%e9%aa%85/.m2/repository/com/github/almasb/fxgl/21.1/fxgl-21.1.jar!/fxglassets/ui/fonts/Courier-Prime.ttf
15:19:58.237 [JavaFX Application Thread] DEBUG FXGLApplication      - Registering font factories with UI factory
15:19:58.245 [FXGL Background Thread 1 ] INFO  FXGLApplication      - FXGL initialization took: 0.367 sec
15:19:58.254 [JavaFX Application Thread] DEBUG Input                - Registered new binding: Click - LMB
15:19:58.255 [JavaFX Application Thread] DEBUG FXGLAssetLoaderServi - Loading from file system: jar:file:/C:/Users/%e5%b0%b9%e7%8e%ba%e9%aa%85/.m2/repository/com/github/almasb/fxgl/21.1/fxgl-21.1.jar!/fxglassets/textures/fxgl_icon.png
15:19:58.279 [JavaFX Application Thread] DEBUG FXGLAssetLoaderServi - Loading from file system: jar:file:/C:/Users/%e5%b0%b9%e7%8e%ba%e9%aa%85/.m2/repository/com/github/almasb/fxgl/21.1/fxgl-21.1.jar!/fxglassets/textures/fxgl_default_cursor.png
15:19:58.293 [JavaFX Application Thread] DEBUG Input                - Registered new binding: Screenshot - CTRL+8
15:19:58.294 [JavaFX Application Thread] DEBUG Input                - Registered new binding: System info dump - CTRL+9
15:19:58.295 [JavaFX Application Thread] DEBUG Input                - Registered new binding: Restart - CTRL+R
15:19:58.296 [JavaFX Application Thread] DEBUG Input                - Registered new binding: Toggle Debug Camera - CTRL+7
15:19:58.300 [JavaFX Application Thread] DEBUG LoopRunner           - Starting loop
15:19:58.300 [JavaFX Application Thread] DEBUG LoopRunner           - Initializing JavaFX AnimationTimerLoop
15:19:58.304 [JavaFX Application Thread] DEBUG Input                - Clearing active input actions
15:19:58.311 [JavaFX Application Thread] DEBUG GameApplicationServi - Removing overlay from FXGLStartupScene and adding to FXGLMainMenuDummyScene
15:19:58.312 [JavaFX Application Thread] DEBUG PrimaryStageWindow   - FXGLStartupScene -> FXGLMainMenuDummyScene
15:19:58.312 [JavaFX Application Thread] DEBUG PrimaryStageWindow   - Push state: MainMenuScene
15:19:58.312 [JavaFX Application Thread] DEBUG Input                - Clearing active input actions
15:19:58.319 [JavaFX Application Thread] DEBUG GameApplicationServi - Removing overlay from FXGLMainMenuDummyScene and adding to MainMenuScene
15:19:58.321 [JavaFX Application Thread] DEBUG PrimaryStageWindow   - FXGLMainMenuDummyScene -> MainMenuScene
15:20:01.213 [FXGL Background Thread 3 ] DEBUG Engine               - Logging environment variables
15:20:01.213 [FXGL Background Thread 3 ] DEBUG Engine               - achievements: []
15:20:01.213 [FXGL Background Thread 3 ] DEBUG Engine               - actualHeight: 1007.0
15:20:01.213 [FXGL Background Thread 3 ] DEBUG Engine               - actualHeightProperty: ReadOnlyDoubleProperty [value: 1007.0]
15:20:01.213 [FXGL Background Thread 3 ] DEBUG Engine               - actualWidth: 1316.0
15:20:01.213 [FXGL Background Thread 3 ] DEBUG Engine               - actualWidthProperty: ReadOnlyDoubleProperty [value: 1316.0]
15:20:01.213 [FXGL Background Thread 3 ] DEBUG Engine               - appIcon: fxgl_icon.png
15:20:01.213 [FXGL Background Thread 3 ] DEBUG Engine               - applicationMode: DEVELOPER
15:20:01.213 [FXGL Background Thread 3 ] DEBUG Engine               - cSSList: [fxgl_dark.css]
15:20:01.214 [FXGL Background Thread 3 ] DEBUG Engine               - collisionDetectionStrategy: BRUTE_FORCE
15:20:01.214 [FXGL Background Thread 3 ] DEBUG Engine               - configClass: Optional.empty
15:20:01.214 [FXGL Background Thread 3 ] DEBUG Engine               - credits: []
15:20:01.217 [FXGL Background Thread 3 ] DEBUG Engine               - defaultCursor: CursorInfo(imageName=fxgl_default_cursor.png, hotspotX=7.0, hotspotY=6.0)
15:20:01.217 [FXGL Background Thread 3 ] DEBUG Engine               - devBBoxColorProperty: ObjectProperty [value: 0xff0000ff]
15:20:01.217 [FXGL Background Thread 3 ] DEBUG Engine               - devEnableDebugCameraProperty: BooleanProperty [value: false]
15:20:01.217 [FXGL Background Thread 3 ] DEBUG Engine               - devSensorColorProperty: ObjectProperty [value: 0xffff00ff]
15:20:01.217 [FXGL Background Thread 3 ] DEBUG Engine               - devShowBBoxProperty: BooleanProperty [value: false]
15:20:01.217 [FXGL Background Thread 3 ] DEBUG Engine               - devShowPositionProperty: BooleanProperty [value: false]
15:20:01.217 [FXGL Background Thread 3 ] DEBUG Engine               - enabledMenuItems: []
15:20:01.217 [FXGL Background Thread 3 ] DEBUG Engine               - engineServices: [class com.almasb.fxgl.app.services.FXGLAssetLoaderService, class com.almasb.fxgl.app.FXGLApplication$GameApplicationService, class com.almasb.fxgl.app.services.FXGLDialogService, class com.almasb.fxgl.app.services.IOTaskExecutorService, class com.almasb.fxgl.io.FileSystemService, class com.almasb.fxgl.localization.LocalizationService, class com.almasb.fxgl.app.services.SystemBundleService, class com.almasb.fxgl.profile.SaveLoadService, class com.almasb.fxgl.ui.FXGLUIFactoryServiceProvider, class com.almasb.fxgl.ui.FXGLDialogFactoryServiceProvider, class com.almasb.fxgl.audio.AudioPlayer, class com.almasb.fxgl.notification.impl.NotificationServiceProvider, class com.almasb.fxgl.achievement.AchievementService, class com.almasb.fxgl.cutscene.CutsceneService, class com.almasb.fxgl.minigames.MiniGameService, class com.almasb.fxgl.net.NetService, class com.almasb.fxgl.app.services.UpdaterService, class com.almasb.fxgl.dev.DevService]
15:20:01.217 [FXGL Background Thread 3 ] DEBUG Engine               - fontGame: Abel-Regular.ttf
15:20:01.217 [FXGL Background Thread 3 ] DEBUG Engine               - fontMono: TerminalLandMono-Regular.otf
15:20:01.218 [FXGL Background Thread 3 ] DEBUG Engine               - fontSizeScaleUI: 1.0
15:20:01.218 [FXGL Background Thread 3 ] DEBUG Engine               - fontText: Courier-Prime.ttf
15:20:01.218 [FXGL Background Thread 3 ] DEBUG Engine               - fontUI: VarelaRound-Regular.ttf
15:20:01.218 [FXGL Background Thread 3 ] DEBUG Engine               - fullScreen: BooleanProperty [value: false]
15:20:01.218 [FXGL Background Thread 3 ] DEBUG Engine               - gameDifficulty: MEDIUM
15:20:01.218 [FXGL Background Thread 3 ] DEBUG Engine               - gameDifficultyProperty: ObjectProperty [value: MEDIUM]
15:20:01.218 [FXGL Background Thread 3 ] DEBUG Engine               - globalMusicVolume: 0.5
15:20:01.218 [FXGL Background Thread 3 ] DEBUG Engine               - globalMusicVolumeProperty: DoubleProperty [value: 0.5]
15:20:01.218 [FXGL Background Thread 3 ] DEBUG Engine               - globalSoundVolume: 0.5
15:20:01.218 [FXGL Background Thread 3 ] DEBUG Engine               - globalSoundVolumeProperty: DoubleProperty [value: 0.5]
15:20:01.218 [FXGL Background Thread 3 ] DEBUG Engine               - height: 1007
15:20:01.218 [FXGL Background Thread 3 ] DEBUG Engine               - is3D: false
15:20:01.218 [FXGL Background Thread 3 ] DEBUG Engine               - isAndroid: false
15:20:01.218 [FXGL Background Thread 3 ] DEBUG Engine               - isBrowser: false
15:20:01.218 [FXGL Background Thread 3 ] DEBUG Engine               - isClickFeedbackEnabled: false
15:20:01.218 [FXGL Background Thread 3 ] DEBUG Engine               - isCloseConfirmation: false
15:20:01.218 [FXGL Background Thread 3 ] DEBUG Engine               - isDesktop: true
15:20:01.218 [FXGL Background Thread 3 ] DEBUG Engine               - isDeveloperMenuEnabled: false
15:20:01.218 [FXGL Background Thread 3 ] DEBUG Engine               - isEmbedded: false
15:20:01.218 [FXGL Background Thread 3 ] DEBUG Engine               - isEntityPreloadEnabled: true
15:20:01.218 [FXGL Background Thread 3 ] DEBUG Engine               - isExperimentalTiledLargeMap: false
15:20:01.218 [FXGL Background Thread 3 ] DEBUG Engine               - isFileSystemWriteAllowed: true
15:20:01.218 [FXGL Background Thread 3 ] DEBUG Engine               - isFullScreenAllowed: false
15:20:01.219 [FXGL Background Thread 3 ] DEBUG Engine               - isFullScreenFromStart: false
15:20:01.219 [FXGL Background Thread 3 ] DEBUG Engine               - isGameMenuEnabled: true
15:20:01.219 [FXGL Background Thread 3 ] DEBUG Engine               - isIOS: false
15:20:01.219 [FXGL Background Thread 3 ] DEBUG Engine               - isIntroEnabled: false
15:20:01.219 [FXGL Background Thread 3 ] DEBUG Engine               - isLinux: false
15:20:01.219 [FXGL Background Thread 3 ] DEBUG Engine               - isMac: false
15:20:01.219 [FXGL Background Thread 3 ] DEBUG Engine               - isMainMenuEnabled: true
15:20:01.219 [FXGL Background Thread 3 ] DEBUG Engine               - isManualResizeEnabled: false
15:20:01.219 [FXGL Background Thread 3 ] DEBUG Engine               - isMobile: false
15:20:01.219 [FXGL Background Thread 3 ] DEBUG Engine               - isNative: false
15:20:01.219 [FXGL Background Thread 3 ] DEBUG Engine               - isPauseMusicWhenMinimized: true
15:20:01.219 [FXGL Background Thread 3 ] DEBUG Engine               - isPreserveResizeRatio: false
15:20:01.219 [FXGL Background Thread 3 ] DEBUG Engine               - isProfilingEnabled: false
15:20:01.219 [FXGL Background Thread 3 ] DEBUG Engine               - isScaleAffectedOnResize: true
15:20:01.219 [FXGL Background Thread 3 ] DEBUG Engine               - isSingleStep: false
15:20:01.219 [FXGL Background Thread 3 ] DEBUG Engine               - isUserProfileEnabled: false
15:20:01.219 [FXGL Background Thread 3 ] DEBUG Engine               - isWindows: true
15:20:01.219 [FXGL Background Thread 3 ] DEBUG Engine               - language: ObjectProperty [value: ENGLISH]
15:20:01.219 [FXGL Background Thread 3 ] DEBUG Engine               - menuKey: ESCAPE
15:20:01.219 [FXGL Background Thread 3 ] DEBUG Engine               - mouseSensitivity: 0.2
15:20:01.219 [FXGL Background Thread 3 ] DEBUG Engine               - notificationViewClass: class com.almasb.fxgl.notification.view.XboxNotificationView
15:20:01.219 [FXGL Background Thread 3 ] DEBUG Engine               - pixelsPerMeter: 50.0
15:20:01.219 [FXGL Background Thread 3 ] DEBUG Engine               - platform: WINDOWS
15:20:01.219 [FXGL Background Thread 3 ] DEBUG Engine               - prefHeightProperty: ReadOnlyDoubleProperty [value: 1007.0]
15:20:01.219 [FXGL Background Thread 3 ] DEBUG Engine               - prefWidthProperty: ReadOnlyDoubleProperty [value: 1316.0]
15:20:01.219 [FXGL Background Thread 3 ] DEBUG Engine               - profileDir: profiles/
15:20:01.219 [FXGL Background Thread 3 ] DEBUG Engine               - profileName: StringProperty [value: DEFAULT]
15:20:01.219 [FXGL Background Thread 3 ] DEBUG Engine               - randomSeed: -1
15:20:01.220 [FXGL Background Thread 3 ] DEBUG Engine               - runtimeInfo: RuntimeInfo(platform=WINDOWS, version=21.1, build=27.03.2024 07.52)
15:20:01.220 [FXGL Background Thread 3 ] DEBUG Engine               - saveFileExt: sav
15:20:01.220 [FXGL Background Thread 3 ] DEBUG Engine               - scaledHeightProp$fxgl: DoubleProperty [bound, value: 1007.0]
15:20:01.220 [FXGL Background Thread 3 ] DEBUG Engine               - scaledWidthProp$fxgl: DoubleProperty [bound, value: 1316.0]
15:20:01.220 [FXGL Background Thread 3 ] DEBUG Engine               - sceneFactory: edu.sustech.xiangqi.XiangQiApp$1@bb031b7
15:20:01.220 [FXGL Background Thread 3 ] DEBUG Engine               - secondsIn24h: 60
15:20:01.220 [FXGL Background Thread 3 ] DEBUG Engine               - soundMenuBack: menu/back.wav
15:20:01.220 [FXGL Background Thread 3 ] DEBUG Engine               - soundMenuPress: menu/press.wav
15:20:01.220 [FXGL Background Thread 3 ] DEBUG Engine               - soundMenuSelect: menu/select.wav
15:20:01.220 [FXGL Background Thread 3 ] DEBUG Engine               - soundNotification: core/notification.wav
15:20:01.220 [FXGL Background Thread 3 ] DEBUG Engine               - stageStyle: DECORATED
15:20:01.220 [FXGL Background Thread 3 ] DEBUG Engine               - supportedLanguages: [ENGLISH, FRENCH, GERMAN, HUNGARIAN, RUSSIAN]
15:20:01.220 [FXGL Background Thread 3 ] DEBUG Engine               - ticksPerSecond: -1
15:20:01.220 [FXGL Background Thread 3 ] DEBUG Engine               - title: 中国象棋 1.0
15:20:01.220 [FXGL Background Thread 3 ] DEBUG Engine               - urlGithub: https://github.com/AlmasB/FXGL
15:20:01.220 [FXGL Background Thread 3 ] DEBUG Engine               - urlLeaderboard: http://fxgl-top.herokuapp.com/
15:20:01.220 [FXGL Background Thread 3 ] DEBUG Engine               - urlPOM: https://raw.githubusercontent.com/AlmasB/FXGL/release/README.md
15:20:01.220 [FXGL Background Thread 3 ] DEBUG Engine               - userAppClass: class edu.sustech.xiangqi.XiangQiApp
15:20:01.220 [FXGL Background Thread 3 ] DEBUG Engine               - version: 1.0
15:20:01.220 [FXGL Background Thread 3 ] DEBUG Engine               - versionCheckDays: 7
15:20:01.220 [FXGL Background Thread 3 ] DEBUG Engine               - width: 1316
15:20:01.220 [FXGL Background Thread 3 ] DEBUG Engine               - Logging services
15:20:01.220 [FXGL Background Thread 3 ] DEBUG Engine               - class com.almasb.fxgl.app.services.FXGLAssetLoaderService
15:20:01.220 [FXGL Background Thread 3 ] DEBUG Engine               - class com.almasb.fxgl.app.FXGLApplication$GameApplicationService
15:20:01.220 [FXGL Background Thread 3 ] DEBUG Engine               - class com.almasb.fxgl.app.services.FXGLDialogService
15:20:01.220 [FXGL Background Thread 3 ] DEBUG Engine               - class com.almasb.fxgl.app.services.IOTaskExecutorService
15:20:01.220 [FXGL Background Thread 3 ] DEBUG Engine               - class com.almasb.fxgl.io.FileSystemService
15:20:01.220 [FXGL Background Thread 3 ] DEBUG Engine               - class com.almasb.fxgl.localization.LocalizationService
15:20:01.220 [FXGL Background Thread 3 ] DEBUG Engine               - class com.almasb.fxgl.app.services.SystemBundleService
15:20:01.220 [FXGL Background Thread 3 ] DEBUG Engine               - class com.almasb.fxgl.profile.SaveLoadService
15:20:01.220 [FXGL Background Thread 3 ] DEBUG Engine               - class com.almasb.fxgl.ui.FXGLUIFactoryServiceProvider
15:20:01.221 [FXGL Background Thread 3 ] DEBUG Engine               - class com.almasb.fxgl.ui.FXGLDialogFactoryServiceProvider
15:20:01.221 [FXGL Background Thread 3 ] DEBUG Engine               - class com.almasb.fxgl.audio.AudioPlayer
15:20:01.221 [FXGL Background Thread 3 ] DEBUG Engine               - class com.almasb.fxgl.notification.impl.NotificationServiceProvider
15:20:01.221 [FXGL Background Thread 3 ] DEBUG Engine               - class com.almasb.fxgl.achievement.AchievementService
15:20:01.221 [FXGL Background Thread 3 ] DEBUG Engine               - class com.almasb.fxgl.cutscene.CutsceneService
15:20:01.221 [FXGL Background Thread 3 ] DEBUG Engine               - class com.almasb.fxgl.minigames.MiniGameService
15:20:01.221 [FXGL Background Thread 3 ] DEBUG Engine               - class com.almasb.fxgl.net.NetService
15:20:01.221 [FXGL Background Thread 3 ] DEBUG Engine               - class com.almasb.fxgl.app.services.UpdaterService
15:20:01.221 [FXGL Background Thread 3 ] DEBUG Engine               - class com.almasb.fxgl.dev.DevService
15:20:05.812 [JavaFX Application Thread] DEBUG FXGLAssetLoaderServi - Loading from file system: file:/E:/G2/java/final_project/team_project_1124/javaA-xiangqi-project-main/target/classes/assets/music/%e6%8c%89%e9%92%ae%e9%9f%b3%e6%95%881.mp3
15:20:06.075 [JavaFX Application Thread] DEBUG AudioPlayer          - Playing music com.almasb.fxgl.audio.Music@644cc9d3
15:20:07.610 [JavaFX Application Thread] DEBUG AudioPlayer          - Playing music com.almasb.fxgl.audio.Music@644cc9d3
15:20:08.307 [JavaFX Application Thread] DEBUG AudioPlayer          - Playing music com.almasb.fxgl.audio.Music@644cc9d3
15:20:08.697 [JavaFX Application Thread] DEBUG AudioPlayer          - Playing music com.almasb.fxgl.audio.Music@644cc9d3
15:20:08.912 [JavaFX Application Thread] DEBUG AudioPlayer          - Playing music com.almasb.fxgl.audio.Music@644cc9d3
15:20:10.795 [JavaFX Application Thread] DEBUG AudioPlayer          - Playing music com.almasb.fxgl.audio.Music@644cc9d3
15:20:13.122 [JavaFX Application Thread] DEBUG AudioPlayer          - Playing music com.almasb.fxgl.audio.Music@644cc9d3
15:20:13.155 [JavaFX Application Thread] DEBUG AudioPlayer          - Playing music com.almasb.fxgl.audio.Music@644cc9d3
15:20:13.208 [JavaFX Application Thread] DEBUG AudioPlayer          - Playing music com.almasb.fxgl.audio.Music@644cc9d3
15:20:13.257 [JavaFX Application Thread] DEBUG AudioPlayer          - Playing music com.almasb.fxgl.audio.Music@644cc9d3
15:20:13.343 [JavaFX Application Thread] DEBUG AudioPlayer          - Playing music com.almasb.fxgl.audio.Music@644cc9d3
15:20:17.025 [JavaFX Application Thread] DEBUG AudioPlayer          - Playing music com.almasb.fxgl.audio.Music@644cc9d3
15:20:17.070 [JavaFX Application Thread] DEBUG AudioPlayer          - Playing music com.almasb.fxgl.audio.Music@644cc9d3
15:20:17.375 [JavaFX Application Thread] DEBUG GameApplicationServi - Starting new game
15:20:17.375 [JavaFX Application Thread] DEBUG PrimaryStageWindow   - Pop state: MainMenuScene
15:20:17.375 [JavaFX Application Thread] DEBUG Input                - Clearing active input actions
15:20:17.375 [JavaFX Application Thread] DEBUG GameApplicationServi - Removing overlay from MainMenuScene and adding to FXGLMainMenuDummyScene
15:20:17.376 [JavaFX Application Thread] DEBUG PrimaryStageWindow   - FXGLMainMenuDummyScene <- MainMenuScene
15:20:17.376 [JavaFX Application Thread] DEBUG Input                - Clearing active input actions
15:20:17.379 [JavaFX Application Thread] DEBUG GameApplicationServi - Removing overlay from FXGLMainMenuDummyScene and adding to FXGLLoadingScene
15:20:17.379 [JavaFX Application Thread] DEBUG PrimaryStageWindow   - FXGLMainMenuDummyScene -> FXGLLoadingScene
15:20:17.379 [JavaFX Application Thread] DEBUG GameApplicationServi - Clearing previous game
15:20:17.379 [JavaFX Application Thread] DEBUG GameScene            - Clearing game scene
15:20:17.379 [JavaFX Application Thread] DEBUG GameWorld            - Clearing game world
15:20:17.379 [JavaFX Application Thread] DEBUG PhysicsWorld         - Clearing physics world
15:20:17.381 [FXGL Background Thread 2 ] DEBUG FXGLApplication      - Initializing game
15:20:17.393 [FXGL Background Thread 2 ] DEBUG FXGLAssetLoaderServi - Loading from file system: file:/E:/G2/java/final_project/team_project_1124/javaA-xiangqi-project-main/target/classes/assets/textures/%e8%83%8c%e6%99%af.jpg
15:20:17.467 [FXGL Background Thread 2 ] DEBUG FXGLAssetLoaderServi - Loading from file system: file:/E:/G2/java/final_project/team_project_1124/javaA-xiangqi-project-main/target/classes/assets/textures/ChessBoard.png
15:20:17.522 [FXGL Background Thread 2 ] DEBUG FXGLAssetLoaderServi - Loading from file system: file:/E:/G2/java/final_project/team_project_1124/javaA-xiangqi-project-main/target/classes/assets/textures/BlackChariot.png
15:20:17.538 [FXGL Background Thread 2 ] DEBUG FXGLAssetLoaderServi - Loading from file system: file:/E:/G2/java/final_project/team_project_1124/javaA-xiangqi-project-main/target/classes/assets/textures/BlackHorse.png
15:20:17.539 [FXGL Background Thread 2 ] DEBUG FXGLAssetLoaderServi - Loading from file system: file:/E:/G2/java/final_project/team_project_1124/javaA-xiangqi-project-main/target/classes/assets/textures/BlackElephant.png
15:20:17.540 [FXGL Background Thread 2 ] DEBUG FXGLAssetLoaderServi - Loading from file system: file:/E:/G2/java/final_project/team_project_1124/javaA-xiangqi-project-main/target/classes/assets/textures/BlackAdvisor.png
15:20:17.541 [FXGL Background Thread 2 ] DEBUG FXGLAssetLoaderServi - Loading from file system: file:/E:/G2/java/final_project/team_project_1124/javaA-xiangqi-project-main/target/classes/assets/textures/BlackGeneral.png
15:20:17.545 [FXGL Background Thread 2 ] DEBUG FXGLAssetLoaderServi - Loading from file system: file:/E:/G2/java/final_project/team_project_1124/javaA-xiangqi-project-main/target/classes/assets/textures/BlackCannon.png
15:20:17.546 [FXGL Background Thread 2 ] DEBUG FXGLAssetLoaderServi - Loading from file system: file:/E:/G2/java/final_project/team_project_1124/javaA-xiangqi-project-main/target/classes/assets/textures/BlackSoldier.png
15:20:17.549 [FXGL Background Thread 2 ] DEBUG FXGLAssetLoaderServi - Loading from file system: file:/E:/G2/java/final_project/team_project_1124/javaA-xiangqi-project-main/target/classes/assets/textures/RedSoldier.png
15:20:17.552 [FXGL Background Thread 2 ] DEBUG FXGLAssetLoaderServi - Loading from file system: file:/E:/G2/java/final_project/team_project_1124/javaA-xiangqi-project-main/target/classes/assets/textures/RedCannon.png
15:20:17.553 [FXGL Background Thread 2 ] DEBUG FXGLAssetLoaderServi - Loading from file system: file:/E:/G2/java/final_project/team_project_1124/javaA-xiangqi-project-main/target/classes/assets/textures/RedChariot.png
15:20:17.554 [FXGL Background Thread 2 ] DEBUG FXGLAssetLoaderServi - Loading from file system: file:/E:/G2/java/final_project/team_project_1124/javaA-xiangqi-project-main/target/classes/assets/textures/RedHorse.png
15:20:17.555 [FXGL Background Thread 2 ] DEBUG FXGLAssetLoaderServi - Loading from file system: file:/E:/G2/java/final_project/team_project_1124/javaA-xiangqi-project-main/target/classes/assets/textures/RedElephant.png
15:20:17.556 [FXGL Background Thread 2 ] DEBUG FXGLAssetLoaderServi - Loading from file system: file:/E:/G2/java/final_project/team_project_1124/javaA-xiangqi-project-main/target/classes/assets/textures/RedAdvisor.png
15:20:17.557 [FXGL Background Thread 2 ] DEBUG FXGLAssetLoaderServi - Loading from file system: file:/E:/G2/java/final_project/team_project_1124/javaA-xiangqi-project-main/target/classes/assets/textures/RedGeneral.png
15:20:17.563 [FXGL Background Thread 2 ] INFO  FXGLApplication      - Game initialization took: 0.183 sec
15:20:17.563 [JavaFX Application Thread] DEBUG Input                - Clearing active input actions
15:20:17.567 [JavaFX Application Thread] DEBUG GameApplicationServi - Removing overlay from FXGLLoadingScene and adding to GameScene
15:20:17.567 [JavaFX Application Thread] DEBUG PrimaryStageWindow   - FXGLLoadingScene -> GameScene
15:20:17.640 [JavaFX Application Thread] DEBUG PrimaryStageWindow   - Push state: DialogSubScene
15:20:17.640 [JavaFX Application Thread] DEBUG Input                - Clearing active input actions
15:20:17.640 [JavaFX Application Thread] DEBUG GameApplicationServi - Removing overlay from GameScene and adding to DialogSubScene
15:20:17.642 [JavaFX Application Thread] DEBUG PrimaryStageWindow   - GameScene -> DialogSubScene
15:20:18.855 [JavaFX Application Thread] DEBUG AudioPlayer          - Playing music com.almasb.fxgl.audio.Music@644cc9d3
15:20:20.718 [JavaFX Application Thread] DEBUG PrimaryStageWindow   - Pop state: DialogSubScene
15:20:20.718 [JavaFX Application Thread] DEBUG Input                - Clearing active input actions
15:20:20.718 [JavaFX Application Thread] DEBUG GameApplicationServi - Removing overlay from DialogSubScene and adding to GameScene
15:20:20.718 [JavaFX Application Thread] DEBUG PrimaryStageWindow   - GameScene <- DialogSubScene
15:20:21.035 [JavaFX Application Thread] DEBUG AudioPlayer          - Playing music com.almasb.fxgl.audio.Music@644cc9d3
15:20:24.512 [JavaFX Application Thread] DEBUG AudioPlayer          - Playing music com.almasb.fxgl.audio.Music@644cc9d3
15:20:40.975 [JavaFX Application Thread] DEBUG FXGLApplication      - Exiting FXGL
15:20:40.975 [JavaFX Application Thread] DEBUG LoopRunner           - Stopping loop
15:20:40.975 [JavaFX Application Thread] DEBUG SystemBundleService  - Saving FXGL system data
15:20:40.978 [JavaFX Application Thread] DEBUG FileSystemAccess     - Writing to: E:\G2\java\final_project\team_project_1124\javaA-xiangqi-project-main\system\fxgl.bundle
15:20:40.979 [JavaFX Application Thread] DEBUG Async                - Shutting down background threads
15:20:40.979 [JavaFX Application Thread] DEBUG PrimaryStageWindow   - Closing main window
15:20:40.988 [JavaFX Application Thread] DEBUG Logger               - Closing Logger
