00:01:49.241 [main                     ] DEBUG Logger               - Configured Logger
00:01:49.256 [main                     ] DEBUG GameApplication      - Logging settings
Title: 中国象棋 1.0
Version: 1.0
Width: 1386
Height: 887
Fullscreen: false
Intro: false
Profiling: false
Single step:false
App Mode: DEVELOPER
Menu Key: ESCAPE
Stage Style: DECORATED
Scene Factory: class edu.sustech.xiangqi.XiangQiApp$1

00:01:49.681 [JavaFX Application Thread] DEBUG FXGLApplication      - Initializing FXGL
00:01:49.684 [JavaFX Application Thread] INFO  Engine               - FXGL-21.1 (27.03.2024 07.52) on WINDOWS (J:23.0.2 FX:21.0.1)
00:01:49.684 [JavaFX Application Thread] DEBUG Engine               - JRE Vendor Name: Amazon.com Inc.
00:01:49.684 [JavaFX Application Thread] DEBUG Engine               - Running on OS: Windows 11 version 10.0
00:01:49.684 [JavaFX Application Thread] DEBUG Engine               - Architecture: amd64
00:01:49.684 [JavaFX Application Thread] INFO  Engine               - Source code and latest versions at: https://github.com/AlmasB/FXGL
00:01:49.684 [JavaFX Application Thread] INFO  Engine               -       Ask questions and discuss at: https://github.com/AlmasB/FXGL/discussions
00:01:49.684 [JavaFX Application Thread] INFO  Engine               -              Join the FXGL chat at: https://gitter.im/AlmasB/FXGL
00:01:49.754 [JavaFX Application Thread] DEBUG PrimaryStageWindow   - Creating a JavaFX scene
00:01:49.787 [JavaFX Application Thread] DEBUG PrimaryStageWindow   - Target settings size: 1386.0 x 887.0
00:01:49.787 [JavaFX Application Thread] DEBUG PrimaryStageWindow   - Scaled scene size:    1386.0 x 887.0
00:01:49.787 [JavaFX Application Thread] DEBUG PrimaryStageWindow   - Scaled ratio: (1.0, 1.0)
00:01:49.788 [JavaFX Application Thread] DEBUG PrimaryStageWindow   - Set initial scene to FXGLStartupScene
00:01:49.789 [JavaFX Application Thread] DEBUG PrimaryStageWindow   - Opening main window
00:01:49.875 [JavaFX Application Thread] DEBUG PrimaryStageWindow   - Window border size: (14.6666259765625, 37.66668701171875)
00:01:49.875 [JavaFX Application Thread] DEBUG PrimaryStageWindow   - Scaled size: 1386.0 x 887.0
00:01:49.875 [JavaFX Application Thread] DEBUG PrimaryStageWindow   - Scaled ratio: (1.0, 1.0)
00:01:49.875 [JavaFX Application Thread] DEBUG PrimaryStageWindow   - Scene size: 1386.0 x 887.0
00:01:49.875 [JavaFX Application Thread] DEBUG PrimaryStageWindow   - Stage size: 1400.6666259765625 x 924.6666870117188
00:01:49.882 [FXGL Background Thread 1 ] DEBUG Engine               - Initializing environment variables
00:01:49.941 [FXGL Background Thread 1 ] DEBUG FXGLAssetLoaderServi - User app class for loading assets: class edu.sustech.xiangqi.XiangQiApp
00:01:49.942 [FXGL Background Thread 1 ] DEBUG GameApplicationServi - Applying CSS: fxgl_dark.css
00:01:49.942 [FXGL Background Thread 1 ] DEBUG FXGLAssetLoaderServi - Loading from file system: jar:file:/C:/Users/%e5%b0%b9%e7%8e%ba%e9%aa%85/.m2/repository/com/github/almasb/fxgl/21.1/fxgl-21.1.jar!/fxglassets/ui/css/fxgl_dark.css
00:01:49.973 [FXGL Background Thread 1 ] DEBUG GameApplicationServi - Initializing application scenes
00:01:50.074 [FXGL Background Thread 1 ] DEBUG GameWorld            - Game world initialized
00:01:50.127 [FXGL Background Thread 1 ] DEBUG PhysicsWorld         - Physics world initialized: appHeight=887, physics.ppm=50.0
00:01:50.127 [FXGL Background Thread 1 ] DEBUG PhysicsWorld         - Using strategy: BRUTE_FORCE
00:01:50.129 [FXGL Background Thread 1 ] DEBUG GameScene            - Game scene initialized: 1386x887
00:01:50.137 [FXGL Background Thread 1 ] DEBUG FXGLAssetLoaderServi - Loading from file system: file:/E:/G2/java/final_project/team_project_1124/javaA-xiangqi-project-main/target/classes/assets/ui/fonts/HYPixel11pxU-2.ttf
00:01:50.169 [FXGL Background Thread 1 ] DEBUG FXGLAssetLoaderServi - Loading from file system: file:/E:/G2/java/final_project/team_project_1124/javaA-xiangqi-project-main/target/classes/assets/textures/Button1.png
00:01:50.219 [FXGL Background Thread 1 ] DEBUG GameApplicationServi - Application scenes initialized
00:01:50.228 [FXGL Background Thread 1 ] DEBUG SystemBundleService  - Loading FXGL system data
00:01:50.231 [FXGL Background Thread 1 ] DEBUG FileSystemAccess     - Reading from: E:\G2\java\final_project\team_project_1124\javaA-xiangqi-project-main\system\fxgl.bundle
00:01:50.235 [FXGL Background Thread 1 ] DEBUG SystemBundleService  - Bundle FXGL: {}
00:01:50.235 [FXGL Background Thread 1 ] DEBUG UpdaterService       - Checking for updates
00:01:50.237 [FXGL Background Thread 4 ] DEBUG FXGLApplication      - Loading fonts
00:01:50.238 [FXGL Background Thread 4 ] DEBUG FXGLAssetLoaderServi - Loading from file system: jar:file:/C:/Users/%e5%b0%b9%e7%8e%ba%e9%aa%85/.m2/repository/com/github/almasb/fxgl/21.1/fxgl-21.1.jar!/fxglassets/ui/fonts/VarelaRound-Regular.ttf
00:01:50.239 [FXGL Background Thread 1 ] DEBUG FXGLApplication      - Loading default localization
00:01:50.239 [FXGL Background Thread 1 ] DEBUG FXGLAssetLoaderServi - Loading from file system: jar:file:/C:/Users/%e5%b0%b9%e7%8e%ba%e9%aa%85/.m2/repository/com/github/almasb/fxgl/21.1/fxgl-21.1.jar!/fxglassets/languages/english.lang
00:01:50.242 [FXGL Background Thread 4 ] DEBUG FXGLAssetLoaderServi - Loading from file system: jar:file:/C:/Users/%e5%b0%b9%e7%8e%ba%e9%aa%85/.m2/repository/com/github/almasb/fxgl/21.1/fxgl-21.1.jar!/fxglassets/ui/fonts/Abel-Regular.ttf
00:01:50.246 [FXGL Background Thread 4 ] DEBUG FXGLAssetLoaderServi - Loading from file system: jar:file:/C:/Users/%e5%b0%b9%e7%8e%ba%e9%aa%85/.m2/repository/com/github/almasb/fxgl/21.1/fxgl-21.1.jar!/fxglassets/ui/fonts/TerminalLandMono-Regular.otf
00:01:50.249 [FXGL Background Thread 4 ] DEBUG FXGLAssetLoaderServi - Loading from file system: jar:file:/C:/Users/%e5%b0%b9%e7%8e%ba%e9%aa%85/.m2/repository/com/github/almasb/fxgl/21.1/fxgl-21.1.jar!/fxglassets/ui/fonts/Courier-Prime.ttf
00:01:50.253 [JavaFX Application Thread] DEBUG FXGLApplication      - Registering font factories with UI factory
00:01:50.257 [FXGL Background Thread 1 ] INFO  FXGLApplication      - FXGL initialization took: 0.375 sec
00:01:50.262 [JavaFX Application Thread] DEBUG Input                - Registered new binding: Click - LMB
00:01:50.262 [JavaFX Application Thread] DEBUG FXGLAssetLoaderServi - Loading from file system: jar:file:/C:/Users/%e5%b0%b9%e7%8e%ba%e9%aa%85/.m2/repository/com/github/almasb/fxgl/21.1/fxgl-21.1.jar!/fxglassets/textures/fxgl_icon.png
00:01:50.284 [JavaFX Application Thread] DEBUG FXGLAssetLoaderServi - Loading from file system: jar:file:/C:/Users/%e5%b0%b9%e7%8e%ba%e9%aa%85/.m2/repository/com/github/almasb/fxgl/21.1/fxgl-21.1.jar!/fxglassets/textures/fxgl_default_cursor.png
00:01:50.291 [JavaFX Application Thread] DEBUG Input                - Registered new binding: Screenshot - CTRL+8
00:01:50.292 [JavaFX Application Thread] DEBUG Input                - Registered new binding: System info dump - CTRL+9
00:01:50.292 [JavaFX Application Thread] DEBUG Input                - Registered new binding: Restart - CTRL+R
00:01:50.293 [JavaFX Application Thread] DEBUG Input                - Registered new binding: Toggle Debug Camera - CTRL+7
00:01:50.297 [JavaFX Application Thread] DEBUG LoopRunner           - Starting loop
00:01:50.297 [JavaFX Application Thread] DEBUG LoopRunner           - Initializing JavaFX AnimationTimerLoop
00:01:50.300 [JavaFX Application Thread] DEBUG Input                - Clearing active input actions
00:01:50.306 [JavaFX Application Thread] DEBUG GameApplicationServi - Removing overlay from FXGLStartupScene and adding to FXGLMainMenuDummyScene
00:01:50.307 [JavaFX Application Thread] DEBUG PrimaryStageWindow   - FXGLStartupScene -> FXGLMainMenuDummyScene
00:01:50.307 [JavaFX Application Thread] DEBUG PrimaryStageWindow   - Push state: MainMenuScene
00:01:50.307 [JavaFX Application Thread] DEBUG Input                - Clearing active input actions
00:01:50.315 [JavaFX Application Thread] DEBUG GameApplicationServi - Removing overlay from FXGLMainMenuDummyScene and adding to MainMenuScene
00:01:50.315 [JavaFX Application Thread] DEBUG PrimaryStageWindow   - FXGLMainMenuDummyScene -> MainMenuScene
00:01:50.342 [JavaFX Application Thread] DEBUG FXGLAssetLoaderServi - Loading from file system: file:/E:/G2/java/final_project/team_project_1124/javaA-xiangqi-project-main/target/classes/assets/music/%e6%8c%89%e9%92%ae%e9%9f%b3%e6%95%881.mp3
00:01:50.582 [JavaFX Application Thread] DEBUG AudioPlayer          - Playing music com.almasb.fxgl.audio.Music@4a379b6d
00:01:51.422 [JavaFX Application Thread] DEBUG FXGLAssetLoaderServi - Loading from file system: file:/E:/G2/java/final_project/team_project_1124/javaA-xiangqi-project-main/target/classes/assets/textures/Press.png
00:01:51.424 [JavaFX Application Thread] DEBUG AudioPlayer          - Playing music com.almasb.fxgl.audio.Music@4a379b6d
00:01:51.491 [JavaFX Application Thread] DEBUG Menu                 - fireNewGame()
00:01:51.491 [JavaFX Application Thread] DEBUG GameApplicationServi - Starting new game
00:01:51.491 [JavaFX Application Thread] DEBUG PrimaryStageWindow   - Pop state: MainMenuScene
00:01:51.491 [JavaFX Application Thread] DEBUG Input                - Clearing active input actions
00:01:51.491 [JavaFX Application Thread] DEBUG GameApplicationServi - Removing overlay from MainMenuScene and adding to FXGLMainMenuDummyScene
00:01:51.491 [JavaFX Application Thread] DEBUG PrimaryStageWindow   - FXGLMainMenuDummyScene <- MainMenuScene
00:01:51.492 [JavaFX Application Thread] DEBUG Input                - Clearing active input actions
00:01:51.496 [JavaFX Application Thread] DEBUG GameApplicationServi - Removing overlay from FXGLMainMenuDummyScene and adding to FXGLLoadingScene
00:01:51.496 [JavaFX Application Thread] DEBUG PrimaryStageWindow   - FXGLMainMenuDummyScene -> FXGLLoadingScene
00:01:51.496 [JavaFX Application Thread] DEBUG GameApplicationServi - Clearing previous game
00:01:51.496 [JavaFX Application Thread] DEBUG GameScene            - Clearing game scene
00:01:51.496 [JavaFX Application Thread] DEBUG GameWorld            - Clearing game world
00:01:51.496 [JavaFX Application Thread] DEBUG PhysicsWorld         - Clearing physics world
00:01:51.498 [FXGL Background Thread 2 ] DEBUG FXGLApplication      - Initializing game
00:01:51.510 [FXGL Background Thread 2 ] DEBUG FXGLAssetLoaderServi - Loading from file system: file:/E:/G2/java/final_project/team_project_1124/javaA-xiangqi-project-main/target/classes/assets/textures/%e8%83%8c%e6%99%af.jpg
00:01:51.585 [FXGL Background Thread 2 ] DEBUG FXGLAssetLoaderServi - Loading from file system: file:/E:/G2/java/final_project/team_project_1124/javaA-xiangqi-project-main/target/classes/assets/textures/ChessBoard.png
00:01:51.635 [FXGL Background Thread 2 ] INFO  FXGLApplication      - Game initialization took: 0.136 sec
00:01:51.635 [JavaFX Application Thread] DEBUG Input                - Clearing active input actions
00:01:51.644 [JavaFX Application Thread] DEBUG GameApplicationServi - Removing overlay from FXGLLoadingScene and adding to GameScene
00:01:51.645 [JavaFX Application Thread] DEBUG PrimaryStageWindow   - FXGLLoadingScene -> GameScene
00:01:53.237 [FXGL Background Thread 3 ] DEBUG Engine               - Logging environment variables
00:01:53.237 [FXGL Background Thread 3 ] DEBUG Engine               - achievements: []
00:01:53.237 [FXGL Background Thread 3 ] DEBUG Engine               - actualHeight: 887.0
00:01:53.237 [FXGL Background Thread 3 ] DEBUG Engine               - actualHeightProperty: ReadOnlyDoubleProperty [value: 887.0]
00:01:53.237 [FXGL Background Thread 3 ] DEBUG Engine               - actualWidth: 1386.0
00:01:53.237 [FXGL Background Thread 3 ] DEBUG Engine               - actualWidthProperty: ReadOnlyDoubleProperty [value: 1386.0]
00:01:53.237 [FXGL Background Thread 3 ] DEBUG Engine               - appIcon: fxgl_icon.png
00:01:53.237 [FXGL Background Thread 3 ] DEBUG Engine               - applicationMode: DEVELOPER
00:01:53.237 [FXGL Background Thread 3 ] DEBUG Engine               - cSSList: [fxgl_dark.css]
00:01:53.237 [FXGL Background Thread 3 ] DEBUG Engine               - collisionDetectionStrategy: BRUTE_FORCE
00:01:53.237 [FXGL Background Thread 3 ] DEBUG Engine               - configClass: Optional.empty
00:01:53.237 [FXGL Background Thread 3 ] DEBUG Engine               - credits: []
00:01:53.240 [FXGL Background Thread 3 ] DEBUG Engine               - defaultCursor: CursorInfo(imageName=fxgl_default_cursor.png, hotspotX=7.0, hotspotY=6.0)
00:01:53.240 [FXGL Background Thread 3 ] DEBUG Engine               - devBBoxColorProperty: ObjectProperty [value: 0xff0000ff]
00:01:53.240 [FXGL Background Thread 3 ] DEBUG Engine               - devEnableDebugCameraProperty: BooleanProperty [value: false]
00:01:53.240 [FXGL Background Thread 3 ] DEBUG Engine               - devSensorColorProperty: ObjectProperty [value: 0xffff00ff]
00:01:53.240 [FXGL Background Thread 3 ] DEBUG Engine               - devShowBBoxProperty: BooleanProperty [value: false]
00:01:53.241 [FXGL Background Thread 3 ] DEBUG Engine               - devShowPositionProperty: BooleanProperty [value: false]
00:01:53.241 [FXGL Background Thread 3 ] DEBUG Engine               - enabledMenuItems: []
00:01:53.241 [FXGL Background Thread 3 ] DEBUG Engine               - engineServices: [class com.almasb.fxgl.app.services.FXGLAssetLoaderService, class com.almasb.fxgl.app.FXGLApplication$GameApplicationService, class com.almasb.fxgl.app.services.FXGLDialogService, class com.almasb.fxgl.app.services.IOTaskExecutorService, class com.almasb.fxgl.io.FileSystemService, class com.almasb.fxgl.localization.LocalizationService, class com.almasb.fxgl.app.services.SystemBundleService, class com.almasb.fxgl.profile.SaveLoadService, class com.almasb.fxgl.ui.FXGLUIFactoryServiceProvider, class com.almasb.fxgl.ui.FXGLDialogFactoryServiceProvider, class com.almasb.fxgl.audio.AudioPlayer, class com.almasb.fxgl.notification.impl.NotificationServiceProvider, class com.almasb.fxgl.achievement.AchievementService, class com.almasb.fxgl.cutscene.CutsceneService, class com.almasb.fxgl.minigames.MiniGameService, class com.almasb.fxgl.net.NetService, class com.almasb.fxgl.app.services.UpdaterService, class com.almasb.fxgl.dev.DevService]
00:01:53.241 [FXGL Background Thread 3 ] DEBUG Engine               - fontGame: Abel-Regular.ttf
00:01:53.241 [FXGL Background Thread 3 ] DEBUG Engine               - fontMono: TerminalLandMono-Regular.otf
00:01:53.241 [FXGL Background Thread 3 ] DEBUG Engine               - fontSizeScaleUI: 1.0
00:01:53.241 [FXGL Background Thread 3 ] DEBUG Engine               - fontText: Courier-Prime.ttf
00:01:53.241 [FXGL Background Thread 3 ] DEBUG Engine               - fontUI: VarelaRound-Regular.ttf
00:01:53.241 [FXGL Background Thread 3 ] DEBUG Engine               - fullScreen: BooleanProperty [value: false]
00:01:53.241 [FXGL Background Thread 3 ] DEBUG Engine               - gameDifficulty: MEDIUM
00:01:53.241 [FXGL Background Thread 3 ] DEBUG Engine               - gameDifficultyProperty: ObjectProperty [value: MEDIUM]
00:01:53.241 [FXGL Background Thread 3 ] DEBUG Engine               - globalMusicVolume: 0.5
00:01:53.241 [FXGL Background Thread 3 ] DEBUG Engine               - globalMusicVolumeProperty: DoubleProperty [value: 0.5]
00:01:53.241 [FXGL Background Thread 3 ] DEBUG Engine               - globalSoundVolume: 0.5
00:01:53.241 [FXGL Background Thread 3 ] DEBUG Engine               - globalSoundVolumeProperty: DoubleProperty [value: 0.5]
00:01:53.241 [FXGL Background Thread 3 ] DEBUG Engine               - height: 887
00:01:53.241 [FXGL Background Thread 3 ] DEBUG Engine               - is3D: false
00:01:53.241 [FXGL Background Thread 3 ] DEBUG Engine               - isAndroid: false
00:01:53.242 [FXGL Background Thread 3 ] DEBUG Engine               - isBrowser: false
00:01:53.242 [FXGL Background Thread 3 ] DEBUG Engine               - isClickFeedbackEnabled: false
00:01:53.242 [FXGL Background Thread 3 ] DEBUG Engine               - isCloseConfirmation: false
00:01:53.242 [FXGL Background Thread 3 ] DEBUG Engine               - isDesktop: true
00:01:53.242 [FXGL Background Thread 3 ] DEBUG Engine               - isDeveloperMenuEnabled: false
00:01:53.242 [FXGL Background Thread 3 ] DEBUG Engine               - isEmbedded: false
00:01:53.242 [FXGL Background Thread 3 ] DEBUG Engine               - isEntityPreloadEnabled: true
00:01:53.242 [FXGL Background Thread 3 ] DEBUG Engine               - isExperimentalTiledLargeMap: false
00:01:53.242 [FXGL Background Thread 3 ] DEBUG Engine               - isFileSystemWriteAllowed: true
00:01:53.242 [FXGL Background Thread 3 ] DEBUG Engine               - isFullScreenAllowed: false
00:01:53.242 [FXGL Background Thread 3 ] DEBUG Engine               - isFullScreenFromStart: false
00:01:53.242 [FXGL Background Thread 3 ] DEBUG Engine               - isGameMenuEnabled: true
00:01:53.242 [FXGL Background Thread 3 ] DEBUG Engine               - isIOS: false
00:01:53.242 [FXGL Background Thread 3 ] DEBUG Engine               - isIntroEnabled: false
00:01:53.242 [FXGL Background Thread 3 ] DEBUG Engine               - isLinux: false
00:01:53.242 [FXGL Background Thread 3 ] DEBUG Engine               - isMac: false
00:01:53.242 [FXGL Background Thread 3 ] DEBUG Engine               - isMainMenuEnabled: true
00:01:53.242 [FXGL Background Thread 3 ] DEBUG Engine               - isManualResizeEnabled: false
00:01:53.242 [FXGL Background Thread 3 ] DEBUG Engine               - isMobile: false
00:01:53.243 [FXGL Background Thread 3 ] DEBUG Engine               - isNative: false
00:01:53.243 [FXGL Background Thread 3 ] DEBUG Engine               - isPauseMusicWhenMinimized: true
00:01:53.243 [FXGL Background Thread 3 ] DEBUG Engine               - isPreserveResizeRatio: false
00:01:53.243 [FXGL Background Thread 3 ] DEBUG Engine               - isProfilingEnabled: false
00:01:53.243 [FXGL Background Thread 3 ] DEBUG Engine               - isScaleAffectedOnResize: true
00:01:53.243 [FXGL Background Thread 3 ] DEBUG Engine               - isSingleStep: false
00:01:53.243 [FXGL Background Thread 3 ] DEBUG Engine               - isUserProfileEnabled: false
00:01:53.243 [FXGL Background Thread 3 ] DEBUG Engine               - isWindows: true
00:01:53.243 [FXGL Background Thread 3 ] DEBUG Engine               - language: ObjectProperty [value: ENGLISH]
00:01:53.243 [FXGL Background Thread 3 ] DEBUG Engine               - menuKey: ESCAPE
00:01:53.243 [FXGL Background Thread 3 ] DEBUG Engine               - mouseSensitivity: 0.2
00:01:53.243 [FXGL Background Thread 3 ] DEBUG Engine               - notificationViewClass: class com.almasb.fxgl.notification.view.XboxNotificationView
00:01:53.243 [FXGL Background Thread 3 ] DEBUG Engine               - pixelsPerMeter: 50.0
00:01:53.243 [FXGL Background Thread 3 ] DEBUG Engine               - platform: WINDOWS
00:01:53.243 [FXGL Background Thread 3 ] DEBUG Engine               - prefHeightProperty: ReadOnlyDoubleProperty [value: 887.0]
00:01:53.243 [FXGL Background Thread 3 ] DEBUG Engine               - prefWidthProperty: ReadOnlyDoubleProperty [value: 1386.0]
00:01:53.243 [FXGL Background Thread 3 ] DEBUG Engine               - profileDir: profiles/
00:01:53.243 [FXGL Background Thread 3 ] DEBUG Engine               - profileName: StringProperty [value: DEFAULT]
00:01:53.243 [FXGL Background Thread 3 ] DEBUG Engine               - randomSeed: -1
00:01:53.244 [FXGL Background Thread 3 ] DEBUG Engine               - runtimeInfo: RuntimeInfo(platform=WINDOWS, version=21.1, build=27.03.2024 07.52)
00:01:53.244 [FXGL Background Thread 3 ] DEBUG Engine               - saveFileExt: sav
00:01:53.244 [FXGL Background Thread 3 ] DEBUG Engine               - scaledHeightProp$fxgl: DoubleProperty [bound, value: 887.0]
00:01:53.244 [FXGL Background Thread 3 ] DEBUG Engine               - scaledWidthProp$fxgl: DoubleProperty [bound, value: 1386.0]
00:01:53.244 [FXGL Background Thread 3 ] DEBUG Engine               - sceneFactory: edu.sustech.xiangqi.XiangQiApp$1@23b755c3
00:01:53.244 [FXGL Background Thread 3 ] DEBUG Engine               - secondsIn24h: 60
00:01:53.244 [FXGL Background Thread 3 ] DEBUG Engine               - soundMenuBack: menu/back.wav
00:01:53.244 [FXGL Background Thread 3 ] DEBUG Engine               - soundMenuPress: menu/press.wav
00:01:53.244 [FXGL Background Thread 3 ] DEBUG Engine               - soundMenuSelect: menu/select.wav
00:01:53.244 [FXGL Background Thread 3 ] DEBUG Engine               - soundNotification: core/notification.wav
00:01:53.244 [FXGL Background Thread 3 ] DEBUG Engine               - stageStyle: DECORATED
00:01:53.244 [FXGL Background Thread 3 ] DEBUG Engine               - supportedLanguages: [ENGLISH, FRENCH, GERMAN, HUNGARIAN, RUSSIAN]
00:01:53.244 [FXGL Background Thread 3 ] DEBUG Engine               - ticksPerSecond: -1
00:01:53.244 [FXGL Background Thread 3 ] DEBUG Engine               - title: 中国象棋 1.0
00:01:53.244 [FXGL Background Thread 3 ] DEBUG Engine               - urlGithub: https://github.com/AlmasB/FXGL
00:01:53.244 [FXGL Background Thread 3 ] DEBUG Engine               - urlLeaderboard: http://fxgl-top.herokuapp.com/
00:01:53.244 [FXGL Background Thread 3 ] DEBUG Engine               - urlPOM: https://raw.githubusercontent.com/AlmasB/FXGL/release/README.md
00:01:53.244 [FXGL Background Thread 3 ] DEBUG Engine               - userAppClass: class edu.sustech.xiangqi.XiangQiApp
00:01:53.244 [FXGL Background Thread 3 ] DEBUG Engine               - version: 1.0
00:01:53.244 [FXGL Background Thread 3 ] DEBUG Engine               - versionCheckDays: 7
00:01:53.244 [FXGL Background Thread 3 ] DEBUG Engine               - width: 1386
00:01:53.244 [FXGL Background Thread 3 ] DEBUG Engine               - Logging services
00:01:53.244 [FXGL Background Thread 3 ] DEBUG Engine               - class com.almasb.fxgl.app.services.FXGLAssetLoaderService
00:01:53.244 [FXGL Background Thread 3 ] DEBUG Engine               - class com.almasb.fxgl.app.FXGLApplication$GameApplicationService
00:01:53.244 [FXGL Background Thread 3 ] DEBUG Engine               - class com.almasb.fxgl.app.services.FXGLDialogService
00:01:53.244 [FXGL Background Thread 3 ] DEBUG Engine               - class com.almasb.fxgl.app.services.IOTaskExecutorService
00:01:53.244 [FXGL Background Thread 3 ] DEBUG Engine               - class com.almasb.fxgl.io.FileSystemService
00:01:53.244 [FXGL Background Thread 3 ] DEBUG Engine               - class com.almasb.fxgl.localization.LocalizationService
00:01:53.244 [FXGL Background Thread 3 ] DEBUG Engine               - class com.almasb.fxgl.app.services.SystemBundleService
00:01:53.244 [FXGL Background Thread 3 ] DEBUG Engine               - class com.almasb.fxgl.profile.SaveLoadService
00:01:53.244 [FXGL Background Thread 3 ] DEBUG Engine               - class com.almasb.fxgl.ui.FXGLUIFactoryServiceProvider
00:01:53.244 [FXGL Background Thread 3 ] DEBUG Engine               - class com.almasb.fxgl.ui.FXGLDialogFactoryServiceProvider
00:01:53.244 [FXGL Background Thread 3 ] DEBUG Engine               - class com.almasb.fxgl.audio.AudioPlayer
00:01:53.245 [FXGL Background Thread 3 ] DEBUG Engine               - class com.almasb.fxgl.notification.impl.NotificationServiceProvider
00:01:53.245 [FXGL Background Thread 3 ] DEBUG Engine               - class com.almasb.fxgl.achievement.AchievementService
00:01:53.245 [FXGL Background Thread 3 ] DEBUG Engine               - class com.almasb.fxgl.cutscene.CutsceneService
00:01:53.245 [FXGL Background Thread 3 ] DEBUG Engine               - class com.almasb.fxgl.minigames.MiniGameService
00:01:53.245 [FXGL Background Thread 3 ] DEBUG Engine               - class com.almasb.fxgl.net.NetService
00:01:53.245 [FXGL Background Thread 3 ] DEBUG Engine               - class com.almasb.fxgl.app.services.UpdaterService
00:01:53.245 [FXGL Background Thread 3 ] DEBUG Engine               - class com.almasb.fxgl.dev.DevService
00:02:02.698 [JavaFX Application Thread] DEBUG FXGLApplication      - Exiting FXGL
00:02:02.698 [JavaFX Application Thread] DEBUG LoopRunner           - Stopping loop
00:02:02.698 [JavaFX Application Thread] DEBUG SystemBundleService  - Saving FXGL system data
00:02:02.700 [JavaFX Application Thread] DEBUG FileSystemAccess     - Writing to: E:\G2\java\final_project\team_project_1124\javaA-xiangqi-project-main\system\fxgl.bundle
00:02:02.700 [JavaFX Application Thread] DEBUG Async                - Shutting down background threads
00:02:02.700 [JavaFX Application Thread] DEBUG PrimaryStageWindow   - Closing main window
00:02:02.712 [JavaFX Application Thread] DEBUG Logger               - Closing Logger
