22:32:40.651 [main                     ] DEBUG Logger               - Configured Logger
22:32:40.665 [main                     ] DEBUG GameApplication      - Logging settings
Title: 中国象棋 1.0
Version: 1.0
Width: 1316
Height: 1007
Fullscreen: false
Intro: false
Profiling: false
Single step:false
App Mode: DEVELOPER
Menu Key: ESCAPE
Stage Style: DECORATED
Scene Factory: class edu.sustech.xiangqi.XiangQiApp$1

22:32:41.009 [JavaFX Application Thread] DEBUG FXGLApplication      - Initializing FXGL
22:32:41.010 [JavaFX Application Thread] INFO  Engine               - FXGL-21.1 (27.03.2024 07.52) on WINDOWS (J:23.0.1 FX:21.0.1)
22:32:41.011 [JavaFX Application Thread] DEBUG Engine               - JRE Vendor Name: Oracle Corporation
22:32:41.011 [JavaFX Application Thread] DEBUG Engine               - Running on OS: Windows 11 version 10.0
22:32:41.011 [JavaFX Application Thread] DEBUG Engine               - Architecture: amd64
22:32:41.011 [JavaFX Application Thread] INFO  Engine               - Source code and latest versions at: https://github.com/AlmasB/FXGL
22:32:41.011 [JavaFX Application Thread] INFO  Engine               -       Ask questions and discuss at: https://github.com/AlmasB/FXGL/discussions
22:32:41.011 [JavaFX Application Thread] INFO  Engine               -              Join the FXGL chat at: https://gitter.im/AlmasB/FXGL
22:32:41.065 [JavaFX Application Thread] DEBUG PrimaryStageWindow   - Creating a JavaFX scene
22:32:41.089 [JavaFX Application Thread] DEBUG PrimaryStageWindow   - Target settings size: 1316.0 x 1007.0
22:32:41.089 [JavaFX Application Thread] DEBUG PrimaryStageWindow   - Scaled scene size:    1316.0 x 1007.0
22:32:41.089 [JavaFX Application Thread] DEBUG PrimaryStageWindow   - Scaled ratio: (1.0, 1.0)
22:32:41.090 [JavaFX Application Thread] DEBUG PrimaryStageWindow   - Set initial scene to FXGLStartupScene
22:32:41.091 [JavaFX Application Thread] DEBUG PrimaryStageWindow   - Opening main window
22:32:41.177 [JavaFX Application Thread] DEBUG PrimaryStageWindow   - Window border size: (14.6666259765625, 37.6666259765625)
22:32:41.177 [JavaFX Application Thread] DEBUG PrimaryStageWindow   - Scaled size: 1316.0 x 1007.0
22:32:41.177 [JavaFX Application Thread] DEBUG PrimaryStageWindow   - Scaled ratio: (1.0, 1.0)
22:32:41.177 [JavaFX Application Thread] DEBUG PrimaryStageWindow   - Scene size: 1316.0 x 1007.0
22:32:41.178 [JavaFX Application Thread] DEBUG PrimaryStageWindow   - Stage size: 1330.6666259765625 x 1044.6666259765625
22:32:41.182 [FXGL Background Thread 1 ] DEBUG Engine               - Initializing environment variables
22:32:41.220 [FXGL Background Thread 1 ] DEBUG FXGLAssetLoaderServi - User app class for loading assets: class edu.sustech.xiangqi.XiangQiApp
22:32:41.220 [FXGL Background Thread 1 ] DEBUG GameApplicationServi - Applying CSS: fxgl_dark.css
22:32:41.221 [FXGL Background Thread 1 ] DEBUG FXGLAssetLoaderServi - Loading from file system: jar:file:/C:/Users/20140/.m2/repository/com/github/almasb/fxgl/21.1/fxgl-21.1.jar!/fxglassets/ui/css/fxgl_dark.css
22:32:41.252 [FXGL Background Thread 1 ] DEBUG GameApplicationServi - Initializing application scenes
22:32:41.315 [FXGL Background Thread 1 ] DEBUG GameWorld            - Game world initialized
22:32:41.358 [FXGL Background Thread 1 ] DEBUG PhysicsWorld         - Physics world initialized: appHeight=1007, physics.ppm=50.0
22:32:41.358 [FXGL Background Thread 1 ] DEBUG PhysicsWorld         - Using strategy: BRUTE_FORCE
22:32:41.360 [FXGL Background Thread 1 ] DEBUG GameScene            - Game scene initialized: 1316x1007
22:32:41.366 [FXGL Background Thread 1 ] DEBUG FXGLAssetLoaderServi - Loading from file system: file:/D:/Github/javaA-xiangqi-project-main-yxh-1125/target/classes/assets/ui/fonts/HYPixel11pxU-2.ttf
22:32:41.388 [FXGL Background Thread 1 ] DEBUG FXGLAssetLoaderServi - Loading from file system: file:/D:/Github/javaA-xiangqi-project-main-yxh-1125/target/classes/assets/textures/Button1.png
22:32:41.401 [FXGL Background Thread 1 ] DEBUG FXGLAssetLoaderServi - Loading from file system: file:/D:/Github/javaA-xiangqi-project-main-yxh-1125/target/classes/assets/textures/Press.png
22:32:41.419 [FXGL Background Thread 1 ] DEBUG GameApplicationServi - Application scenes initialized
22:32:41.426 [FXGL Background Thread 1 ] DEBUG SystemBundleService  - Loading FXGL system data
22:32:41.426 [FXGL Background Thread 1 ] DEBUG FileSystemAccess     - Reading from: D:\Github\javaA-xiangqi-project-main-yxh-1125\system\fxgl.bundle
22:32:41.428 [FXGL Background Thread 1 ] DEBUG SystemBundleService  - Bundle FXGL: {}
22:32:41.429 [FXGL Background Thread 1 ] DEBUG UpdaterService       - Checking for updates
22:32:41.431 [FXGL Background Thread 4 ] DEBUG FXGLApplication      - Loading fonts
22:32:41.432 [FXGL Background Thread 4 ] DEBUG FXGLAssetLoaderServi - Loading from file system: jar:file:/C:/Users/20140/.m2/repository/com/github/almasb/fxgl/21.1/fxgl-21.1.jar!/fxglassets/ui/fonts/VarelaRound-Regular.ttf
22:32:41.432 [FXGL Background Thread 1 ] DEBUG FXGLApplication      - Loading default localization
22:32:41.432 [FXGL Background Thread 1 ] DEBUG FXGLAssetLoaderServi - Loading from file system: jar:file:/C:/Users/20140/.m2/repository/com/github/almasb/fxgl/21.1/fxgl-21.1.jar!/fxglassets/languages/english.lang
22:32:41.443 [FXGL Background Thread 4 ] DEBUG FXGLAssetLoaderServi - Loading from file system: jar:file:/C:/Users/20140/.m2/repository/com/github/almasb/fxgl/21.1/fxgl-21.1.jar!/fxglassets/ui/fonts/Abel-Regular.ttf
22:32:41.452 [FXGL Background Thread 4 ] DEBUG FXGLAssetLoaderServi - Loading from file system: jar:file:/C:/Users/20140/.m2/repository/com/github/almasb/fxgl/21.1/fxgl-21.1.jar!/fxglassets/ui/fonts/TerminalLandMono-Regular.otf
22:32:41.457 [FXGL Background Thread 1 ] INFO  FXGLApplication      - FXGL initialization took: 0.274 sec
22:32:41.461 [FXGL Background Thread 4 ] DEBUG FXGLAssetLoaderServi - Loading from file system: jar:file:/C:/Users/20140/.m2/repository/com/github/almasb/fxgl/21.1/fxgl-21.1.jar!/fxglassets/ui/fonts/Courier-Prime.ttf
22:32:41.466 [JavaFX Application Thread] DEBUG Input                - Registered new binding: Click - LMB
22:32:41.471 [JavaFX Application Thread] DEBUG FXGLAssetLoaderServi - Loading from file system: jar:file:/C:/Users/20140/.m2/repository/com/github/almasb/fxgl/21.1/fxgl-21.1.jar!/fxglassets/textures/fxgl_icon.png
22:32:41.487 [JavaFX Application Thread] DEBUG FXGLAssetLoaderServi - Loading from file system: jar:file:/C:/Users/20140/.m2/repository/com/github/almasb/fxgl/21.1/fxgl-21.1.jar!/fxglassets/textures/fxgl_default_cursor.png
22:32:41.496 [JavaFX Application Thread] DEBUG Input                - Registered new binding: Screenshot - CTRL+8
22:32:41.497 [JavaFX Application Thread] DEBUG Input                - Registered new binding: System info dump - CTRL+9
22:32:41.497 [JavaFX Application Thread] DEBUG Input                - Registered new binding: Restart - CTRL+R
22:32:41.498 [JavaFX Application Thread] DEBUG Input                - Registered new binding: Toggle Debug Camera - CTRL+7
22:32:41.502 [JavaFX Application Thread] DEBUG LoopRunner           - Starting loop
22:32:41.502 [JavaFX Application Thread] DEBUG LoopRunner           - Initializing JavaFX AnimationTimerLoop
22:32:41.505 [JavaFX Application Thread] DEBUG Input                - Clearing active input actions
22:32:41.510 [JavaFX Application Thread] DEBUG GameApplicationServi - Removing overlay from FXGLStartupScene and adding to FXGLMainMenuDummyScene
22:32:41.510 [JavaFX Application Thread] DEBUG PrimaryStageWindow   - FXGLStartupScene -> FXGLMainMenuDummyScene
22:32:41.511 [JavaFX Application Thread] DEBUG PrimaryStageWindow   - Push state: MainMenuScene
22:32:41.511 [JavaFX Application Thread] DEBUG Input                - Clearing active input actions
22:32:41.516 [JavaFX Application Thread] DEBUG GameApplicationServi - Removing overlay from FXGLMainMenuDummyScene and adding to MainMenuScene
22:32:41.516 [JavaFX Application Thread] DEBUG PrimaryStageWindow   - FXGLMainMenuDummyScene -> MainMenuScene
22:32:41.551 [JavaFX Application Thread] DEBUG FXGLApplication      - Registering font factories with UI factory
22:32:41.666 [JavaFX Application Thread] DEBUG FXGLAssetLoaderServi - Loading from file system: file:/D:/Github/javaA-xiangqi-project-main-yxh-1125/target/classes/assets/music/%e6%8c%89%e9%92%ae%e9%9f%b3%e6%95%881.mp3
22:32:41.751 [JavaFX Application Thread] DEBUG AudioPlayer          - Playing music com.almasb.fxgl.audio.Music@199c4884
22:32:41.821 [JavaFX Application Thread] DEBUG AudioPlayer          - Playing music com.almasb.fxgl.audio.Music@199c4884
22:32:42.152 [JavaFX Application Thread] DEBUG AudioPlayer          - Playing music com.almasb.fxgl.audio.Music@199c4884
22:32:42.318 [JavaFX Application Thread] DEBUG AudioPlayer          - Playing music com.almasb.fxgl.audio.Music@199c4884
22:32:42.806 [JavaFX Application Thread] DEBUG AudioPlayer          - Playing music com.almasb.fxgl.audio.Music@199c4884
22:32:44.004 [JavaFX Application Thread] DEBUG AudioPlayer          - Playing music com.almasb.fxgl.audio.Music@199c4884
22:32:44.433 [FXGL Background Thread 3 ] DEBUG Engine               - Logging environment variables
22:32:44.433 [FXGL Background Thread 3 ] DEBUG Engine               - achievements: []
22:32:44.433 [FXGL Background Thread 3 ] DEBUG Engine               - actualHeight: 1007.0
22:32:44.433 [FXGL Background Thread 3 ] DEBUG Engine               - actualHeightProperty: ReadOnlyDoubleProperty [value: 1007.0]
22:32:44.433 [FXGL Background Thread 3 ] DEBUG Engine               - actualWidth: 1316.0
22:32:44.433 [FXGL Background Thread 3 ] DEBUG Engine               - actualWidthProperty: ReadOnlyDoubleProperty [value: 1316.0]
22:32:44.433 [FXGL Background Thread 3 ] DEBUG Engine               - appIcon: fxgl_icon.png
22:32:44.433 [FXGL Background Thread 3 ] DEBUG Engine               - applicationMode: DEVELOPER
22:32:44.433 [FXGL Background Thread 3 ] DEBUG Engine               - cSSList: [fxgl_dark.css]
22:32:44.433 [FXGL Background Thread 3 ] DEBUG Engine               - collisionDetectionStrategy: BRUTE_FORCE
22:32:44.433 [FXGL Background Thread 3 ] DEBUG Engine               - configClass: Optional.empty
22:32:44.433 [FXGL Background Thread 3 ] DEBUG Engine               - credits: []
22:32:44.434 [FXGL Background Thread 3 ] DEBUG Engine               - defaultCursor: CursorInfo(imageName=fxgl_default_cursor.png, hotspotX=7.0, hotspotY=6.0)
22:32:44.434 [FXGL Background Thread 3 ] DEBUG Engine               - devBBoxColorProperty: ObjectProperty [value: 0xff0000ff]
22:32:44.434 [FXGL Background Thread 3 ] DEBUG Engine               - devEnableDebugCameraProperty: BooleanProperty [value: false]
22:32:44.434 [FXGL Background Thread 3 ] DEBUG Engine               - devSensorColorProperty: ObjectProperty [value: 0xffff00ff]
22:32:44.434 [FXGL Background Thread 3 ] DEBUG Engine               - devShowBBoxProperty: BooleanProperty [value: false]
22:32:44.434 [FXGL Background Thread 3 ] DEBUG Engine               - devShowPositionProperty: BooleanProperty [value: false]
22:32:44.434 [FXGL Background Thread 3 ] DEBUG Engine               - enabledMenuItems: []
22:32:44.434 [FXGL Background Thread 3 ] DEBUG Engine               - engineServices: [class com.almasb.fxgl.app.services.FXGLAssetLoaderService, class com.almasb.fxgl.app.FXGLApplication$GameApplicationService, class com.almasb.fxgl.app.services.FXGLDialogService, class com.almasb.fxgl.app.services.IOTaskExecutorService, class com.almasb.fxgl.io.FileSystemService, class com.almasb.fxgl.localization.LocalizationService, class com.almasb.fxgl.app.services.SystemBundleService, class com.almasb.fxgl.profile.SaveLoadService, class com.almasb.fxgl.ui.FXGLUIFactoryServiceProvider, class com.almasb.fxgl.ui.FXGLDialogFactoryServiceProvider, class com.almasb.fxgl.audio.AudioPlayer, class com.almasb.fxgl.notification.impl.NotificationServiceProvider, class com.almasb.fxgl.achievement.AchievementService, class com.almasb.fxgl.cutscene.CutsceneService, class com.almasb.fxgl.minigames.MiniGameService, class com.almasb.fxgl.net.NetService, class com.almasb.fxgl.app.services.UpdaterService, class com.almasb.fxgl.dev.DevService]
22:32:44.434 [FXGL Background Thread 3 ] DEBUG Engine               - fontGame: Abel-Regular.ttf
22:32:44.434 [FXGL Background Thread 3 ] DEBUG Engine               - fontMono: TerminalLandMono-Regular.otf
22:32:44.434 [FXGL Background Thread 3 ] DEBUG Engine               - fontSizeScaleUI: 1.0
22:32:44.434 [FXGL Background Thread 3 ] DEBUG Engine               - fontText: Courier-Prime.ttf
22:32:44.434 [FXGL Background Thread 3 ] DEBUG Engine               - fontUI: VarelaRound-Regular.ttf
22:32:44.434 [FXGL Background Thread 3 ] DEBUG Engine               - fullScreen: BooleanProperty [value: false]
22:32:44.434 [FXGL Background Thread 3 ] DEBUG Engine               - gameDifficulty: MEDIUM
22:32:44.434 [FXGL Background Thread 3 ] DEBUG Engine               - gameDifficultyProperty: ObjectProperty [value: MEDIUM]
22:32:44.435 [FXGL Background Thread 3 ] DEBUG Engine               - globalMusicVolume: 0.5
22:32:44.435 [FXGL Background Thread 3 ] DEBUG Engine               - globalMusicVolumeProperty: DoubleProperty [value: 0.5]
22:32:44.435 [FXGL Background Thread 3 ] DEBUG Engine               - globalSoundVolume: 0.5
22:32:44.435 [FXGL Background Thread 3 ] DEBUG Engine               - globalSoundVolumeProperty: DoubleProperty [value: 0.5]
22:32:44.435 [FXGL Background Thread 3 ] DEBUG Engine               - height: 1007
22:32:44.435 [FXGL Background Thread 3 ] DEBUG Engine               - is3D: false
22:32:44.435 [FXGL Background Thread 3 ] DEBUG Engine               - isAndroid: false
22:32:44.435 [FXGL Background Thread 3 ] DEBUG Engine               - isBrowser: false
22:32:44.435 [FXGL Background Thread 3 ] DEBUG Engine               - isClickFeedbackEnabled: false
22:32:44.435 [FXGL Background Thread 3 ] DEBUG Engine               - isCloseConfirmation: false
22:32:44.435 [FXGL Background Thread 3 ] DEBUG Engine               - isDesktop: true
22:32:44.435 [FXGL Background Thread 3 ] DEBUG Engine               - isDeveloperMenuEnabled: false
22:32:44.435 [FXGL Background Thread 3 ] DEBUG Engine               - isEmbedded: false
22:32:44.435 [FXGL Background Thread 3 ] DEBUG Engine               - isEntityPreloadEnabled: true
22:32:44.435 [FXGL Background Thread 3 ] DEBUG Engine               - isExperimentalTiledLargeMap: false
22:32:44.435 [FXGL Background Thread 3 ] DEBUG Engine               - isFileSystemWriteAllowed: true
22:32:44.435 [FXGL Background Thread 3 ] DEBUG Engine               - isFullScreenAllowed: false
22:32:44.435 [FXGL Background Thread 3 ] DEBUG Engine               - isFullScreenFromStart: false
22:32:44.435 [FXGL Background Thread 3 ] DEBUG Engine               - isGameMenuEnabled: true
22:32:44.435 [FXGL Background Thread 3 ] DEBUG Engine               - isIOS: false
22:32:44.435 [FXGL Background Thread 3 ] DEBUG Engine               - isIntroEnabled: false
22:32:44.435 [FXGL Background Thread 3 ] DEBUG Engine               - isLinux: false
22:32:44.435 [FXGL Background Thread 3 ] DEBUG Engine               - isMac: false
22:32:44.435 [FXGL Background Thread 3 ] DEBUG Engine               - isMainMenuEnabled: true
22:32:44.435 [FXGL Background Thread 3 ] DEBUG Engine               - isManualResizeEnabled: false
22:32:44.435 [FXGL Background Thread 3 ] DEBUG Engine               - isMobile: false
22:32:44.435 [FXGL Background Thread 3 ] DEBUG Engine               - isNative: false
22:32:44.435 [FXGL Background Thread 3 ] DEBUG Engine               - isPauseMusicWhenMinimized: true
22:32:44.435 [FXGL Background Thread 3 ] DEBUG Engine               - isPreserveResizeRatio: false
22:32:44.435 [FXGL Background Thread 3 ] DEBUG Engine               - isProfilingEnabled: false
22:32:44.435 [FXGL Background Thread 3 ] DEBUG Engine               - isScaleAffectedOnResize: true
22:32:44.435 [FXGL Background Thread 3 ] DEBUG Engine               - isSingleStep: false
22:32:44.435 [FXGL Background Thread 3 ] DEBUG Engine               - isUserProfileEnabled: false
22:32:44.435 [FXGL Background Thread 3 ] DEBUG Engine               - isWindows: true
22:32:44.435 [FXGL Background Thread 3 ] DEBUG Engine               - language: ObjectProperty [value: ENGLISH]
22:32:44.435 [FXGL Background Thread 3 ] DEBUG Engine               - menuKey: ESCAPE
22:32:44.435 [FXGL Background Thread 3 ] DEBUG Engine               - mouseSensitivity: 0.2
22:32:44.435 [FXGL Background Thread 3 ] DEBUG Engine               - notificationViewClass: class com.almasb.fxgl.notification.view.XboxNotificationView
22:32:44.435 [FXGL Background Thread 3 ] DEBUG Engine               - pixelsPerMeter: 50.0
22:32:44.435 [FXGL Background Thread 3 ] DEBUG Engine               - platform: WINDOWS
22:32:44.435 [FXGL Background Thread 3 ] DEBUG Engine               - prefHeightProperty: ReadOnlyDoubleProperty [value: 1007.0]
22:32:44.435 [FXGL Background Thread 3 ] DEBUG Engine               - prefWidthProperty: ReadOnlyDoubleProperty [value: 1316.0]
22:32:44.435 [FXGL Background Thread 3 ] DEBUG Engine               - profileDir: profiles/
22:32:44.435 [FXGL Background Thread 3 ] DEBUG Engine               - profileName: StringProperty [value: DEFAULT]
22:32:44.435 [FXGL Background Thread 3 ] DEBUG Engine               - randomSeed: -1
22:32:44.435 [FXGL Background Thread 3 ] DEBUG Engine               - runtimeInfo: RuntimeInfo(platform=WINDOWS, version=21.1, build=27.03.2024 07.52)
22:32:44.435 [FXGL Background Thread 3 ] DEBUG Engine               - saveFileExt: sav
22:32:44.435 [FXGL Background Thread 3 ] DEBUG Engine               - scaledHeightProp$fxgl: DoubleProperty [bound, value: 1007.0]
22:32:44.435 [FXGL Background Thread 3 ] DEBUG Engine               - scaledWidthProp$fxgl: DoubleProperty [bound, value: 1316.0]
22:32:44.435 [FXGL Background Thread 3 ] DEBUG Engine               - sceneFactory: edu.sustech.xiangqi.XiangQiApp$1@4420f948
22:32:44.435 [FXGL Background Thread 3 ] DEBUG Engine               - secondsIn24h: 60
22:32:44.435 [FXGL Background Thread 3 ] DEBUG Engine               - soundMenuBack: menu/back.wav
22:32:44.435 [FXGL Background Thread 3 ] DEBUG Engine               - soundMenuPress: menu/press.wav
22:32:44.435 [FXGL Background Thread 3 ] DEBUG Engine               - soundMenuSelect: menu/select.wav
22:32:44.435 [FXGL Background Thread 3 ] DEBUG Engine               - soundNotification: core/notification.wav
22:32:44.435 [FXGL Background Thread 3 ] DEBUG Engine               - stageStyle: DECORATED
22:32:44.435 [FXGL Background Thread 3 ] DEBUG Engine               - supportedLanguages: [ENGLISH, FRENCH, GERMAN, HUNGARIAN, RUSSIAN]
22:32:44.435 [FXGL Background Thread 3 ] DEBUG Engine               - ticksPerSecond: -1
22:32:44.435 [FXGL Background Thread 3 ] DEBUG Engine               - title: 中国象棋 1.0
22:32:44.436 [FXGL Background Thread 3 ] DEBUG Engine               - urlGithub: https://github.com/AlmasB/FXGL
22:32:44.436 [FXGL Background Thread 3 ] DEBUG Engine               - urlLeaderboard: http://fxgl-top.herokuapp.com/
22:32:44.436 [FXGL Background Thread 3 ] DEBUG Engine               - urlPOM: https://raw.githubusercontent.com/AlmasB/FXGL/release/README.md
22:32:44.436 [FXGL Background Thread 3 ] DEBUG Engine               - userAppClass: class edu.sustech.xiangqi.XiangQiApp
22:32:44.436 [FXGL Background Thread 3 ] DEBUG Engine               - version: 1.0
22:32:44.436 [FXGL Background Thread 3 ] DEBUG Engine               - versionCheckDays: 7
22:32:44.436 [FXGL Background Thread 3 ] DEBUG Engine               - width: 1316
22:32:44.436 [FXGL Background Thread 3 ] DEBUG Engine               - Logging services
22:32:44.436 [FXGL Background Thread 3 ] DEBUG Engine               - class com.almasb.fxgl.app.services.FXGLAssetLoaderService
22:32:44.436 [FXGL Background Thread 3 ] DEBUG Engine               - class com.almasb.fxgl.app.FXGLApplication$GameApplicationService
22:32:44.436 [FXGL Background Thread 3 ] DEBUG Engine               - class com.almasb.fxgl.app.services.FXGLDialogService
22:32:44.436 [FXGL Background Thread 3 ] DEBUG Engine               - class com.almasb.fxgl.app.services.IOTaskExecutorService
22:32:44.436 [FXGL Background Thread 3 ] DEBUG Engine               - class com.almasb.fxgl.io.FileSystemService
22:32:44.436 [FXGL Background Thread 3 ] DEBUG Engine               - class com.almasb.fxgl.localization.LocalizationService
22:32:44.436 [FXGL Background Thread 3 ] DEBUG Engine               - class com.almasb.fxgl.app.services.SystemBundleService
22:32:44.436 [FXGL Background Thread 3 ] DEBUG Engine               - class com.almasb.fxgl.profile.SaveLoadService
22:32:44.436 [FXGL Background Thread 3 ] DEBUG Engine               - class com.almasb.fxgl.ui.FXGLUIFactoryServiceProvider
22:32:44.436 [FXGL Background Thread 3 ] DEBUG Engine               - class com.almasb.fxgl.ui.FXGLDialogFactoryServiceProvider
22:32:44.436 [FXGL Background Thread 3 ] DEBUG Engine               - class com.almasb.fxgl.audio.AudioPlayer
22:32:44.436 [FXGL Background Thread 3 ] DEBUG Engine               - class com.almasb.fxgl.notification.impl.NotificationServiceProvider
22:32:44.436 [FXGL Background Thread 3 ] DEBUG Engine               - class com.almasb.fxgl.achievement.AchievementService
22:32:44.436 [FXGL Background Thread 3 ] DEBUG Engine               - class com.almasb.fxgl.cutscene.CutsceneService
22:32:44.436 [FXGL Background Thread 3 ] DEBUG Engine               - class com.almasb.fxgl.minigames.MiniGameService
22:32:44.436 [FXGL Background Thread 3 ] DEBUG Engine               - class com.almasb.fxgl.net.NetService
22:32:44.436 [FXGL Background Thread 3 ] DEBUG Engine               - class com.almasb.fxgl.app.services.UpdaterService
22:32:44.436 [FXGL Background Thread 3 ] DEBUG Engine               - class com.almasb.fxgl.dev.DevService
22:32:44.740 [JavaFX Application Thread] DEBUG AudioPlayer          - Playing music com.almasb.fxgl.audio.Music@199c4884
22:32:44.809 [JavaFX Application Thread] DEBUG AudioPlayer          - Playing music com.almasb.fxgl.audio.Music@199c4884
22:32:45.470 [JavaFX Application Thread] DEBUG Menu                 - fireNewGame()
22:32:45.470 [JavaFX Application Thread] DEBUG GameApplicationServi - Starting new game
22:32:45.470 [JavaFX Application Thread] DEBUG PrimaryStageWindow   - Pop state: MainMenuScene
22:32:45.470 [JavaFX Application Thread] DEBUG Input                - Clearing active input actions
22:32:45.470 [JavaFX Application Thread] DEBUG GameApplicationServi - Removing overlay from MainMenuScene and adding to FXGLMainMenuDummyScene
22:32:45.470 [JavaFX Application Thread] DEBUG PrimaryStageWindow   - FXGLMainMenuDummyScene <- MainMenuScene
22:32:45.471 [JavaFX Application Thread] DEBUG Input                - Clearing active input actions
22:32:45.475 [JavaFX Application Thread] DEBUG GameApplicationServi - Removing overlay from FXGLMainMenuDummyScene and adding to FXGLLoadingScene
22:32:45.475 [JavaFX Application Thread] DEBUG PrimaryStageWindow   - FXGLMainMenuDummyScene -> FXGLLoadingScene
22:32:45.475 [JavaFX Application Thread] DEBUG GameApplicationServi - Clearing previous game
22:32:45.475 [JavaFX Application Thread] DEBUG GameScene            - Clearing game scene
22:32:45.475 [JavaFX Application Thread] DEBUG GameWorld            - Clearing game world
22:32:45.475 [JavaFX Application Thread] DEBUG PhysicsWorld         - Clearing physics world
22:32:45.476 [FXGL Background Thread 2 ] DEBUG FXGLApplication      - Initializing game
22:32:45.485 [FXGL Background Thread 2 ] DEBUG FXGLAssetLoaderServi - Loading from file system: file:/D:/Github/javaA-xiangqi-project-main-yxh-1125/target/classes/assets/textures/%e8%83%8c%e6%99%af.jpg
22:32:45.539 [FXGL Background Thread 2 ] DEBUG FXGLAssetLoaderServi - Loading from file system: file:/D:/Github/javaA-xiangqi-project-main-yxh-1125/target/classes/assets/textures/ChessBoard.png
22:32:45.561 [FXGL Background Thread 2 ] DEBUG FXGLAssetLoaderServi - Loading from file system: file:/D:/Github/javaA-xiangqi-project-main-yxh-1125/target/classes/assets/textures/RedGeneral.png
22:32:45.566 [FXGL Background Thread 2 ] DEBUG FXGLAssetLoaderServi - Loading from file system: file:/D:/Github/javaA-xiangqi-project-main-yxh-1125/target/classes/assets/textures/RedAdvisor.png
22:32:45.567 [FXGL Background Thread 2 ] DEBUG FXGLAssetLoaderServi - Loading from file system: file:/D:/Github/javaA-xiangqi-project-main-yxh-1125/target/classes/assets/textures/RedElephant.png
22:32:45.567 [FXGL Background Thread 2 ] DEBUG FXGLAssetLoaderServi - Loading from file system: file:/D:/Github/javaA-xiangqi-project-main-yxh-1125/target/classes/assets/textures/RedHorse.png
22:32:45.568 [FXGL Background Thread 2 ] DEBUG FXGLAssetLoaderServi - Loading from file system: file:/D:/Github/javaA-xiangqi-project-main-yxh-1125/target/classes/assets/textures/RedChariot.png
22:32:45.569 [FXGL Background Thread 2 ] DEBUG FXGLAssetLoaderServi - Loading from file system: file:/D:/Github/javaA-xiangqi-project-main-yxh-1125/target/classes/assets/textures/RedCannon.png
22:32:45.569 [FXGL Background Thread 2 ] DEBUG FXGLAssetLoaderServi - Loading from file system: file:/D:/Github/javaA-xiangqi-project-main-yxh-1125/target/classes/assets/textures/RedSoldier.png
22:32:45.570 [FXGL Background Thread 2 ] DEBUG FXGLAssetLoaderServi - Loading from file system: file:/D:/Github/javaA-xiangqi-project-main-yxh-1125/target/classes/assets/textures/BlackGeneral.png
22:32:45.571 [FXGL Background Thread 2 ] DEBUG FXGLAssetLoaderServi - Loading from file system: file:/D:/Github/javaA-xiangqi-project-main-yxh-1125/target/classes/assets/textures/BlackAdvisor.png
22:32:45.572 [FXGL Background Thread 2 ] DEBUG FXGLAssetLoaderServi - Loading from file system: file:/D:/Github/javaA-xiangqi-project-main-yxh-1125/target/classes/assets/textures/BlackElephant.png
22:32:45.572 [FXGL Background Thread 2 ] DEBUG FXGLAssetLoaderServi - Loading from file system: file:/D:/Github/javaA-xiangqi-project-main-yxh-1125/target/classes/assets/textures/BlackHorse.png
22:32:45.573 [FXGL Background Thread 2 ] DEBUG FXGLAssetLoaderServi - Loading from file system: file:/D:/Github/javaA-xiangqi-project-main-yxh-1125/target/classes/assets/textures/BlackChariot.png
22:32:45.574 [FXGL Background Thread 2 ] DEBUG FXGLAssetLoaderServi - Loading from file system: file:/D:/Github/javaA-xiangqi-project-main-yxh-1125/target/classes/assets/textures/BlackCannon.png
22:32:45.574 [FXGL Background Thread 2 ] DEBUG FXGLAssetLoaderServi - Loading from file system: file:/D:/Github/javaA-xiangqi-project-main-yxh-1125/target/classes/assets/textures/BlackSoldier.png
22:32:45.578 [FXGL Background Thread 2 ] INFO  FXGLApplication      - Game initialization took: 0.101 sec
22:32:45.578 [JavaFX Application Thread] DEBUG Input                - Clearing active input actions
22:32:45.582 [JavaFX Application Thread] DEBUG GameApplicationServi - Removing overlay from FXGLLoadingScene and adding to GameScene
22:32:45.582 [JavaFX Application Thread] DEBUG PrimaryStageWindow   - FXGLLoadingScene -> GameScene
22:32:46.018 [JavaFX Application Thread] DEBUG AudioPlayer          - Playing music com.almasb.fxgl.audio.Music@199c4884
22:32:46.136 [JavaFX Application Thread] DEBUG AudioPlayer          - Playing music com.almasb.fxgl.audio.Music@199c4884
22:32:46.592 [JavaFX Application Thread] DEBUG AudioPlayer          - Playing music com.almasb.fxgl.audio.Music@199c4884
22:32:47.260 [JavaFX Application Thread] DEBUG AudioPlayer          - Playing music com.almasb.fxgl.audio.Music@199c4884
22:32:47.771 [JavaFX Application Thread] DEBUG PrimaryStageWindow   - Push state: InGameMenuScene
22:32:47.771 [JavaFX Application Thread] DEBUG Input                - Clearing active input actions
22:32:47.771 [JavaFX Application Thread] DEBUG GameApplicationServi - Removing overlay from GameScene and adding to InGameMenuScene
22:32:47.771 [JavaFX Application Thread] DEBUG PrimaryStageWindow   - GameScene -> InGameMenuScene
22:32:48.190 [JavaFX Application Thread] DEBUG AudioPlayer          - Playing music com.almasb.fxgl.audio.Music@199c4884
22:32:48.411 [JavaFX Application Thread] DEBUG Menu                 - fireExitToMainMenu()
22:32:48.414 [JavaFX Application Thread] DEBUG PrimaryStageWindow   - Push state: DialogSubScene
22:32:48.414 [JavaFX Application Thread] DEBUG Input                - Clearing active input actions
22:32:48.414 [JavaFX Application Thread] DEBUG GameApplicationServi - Removing overlay from InGameMenuScene and adding to DialogSubScene
22:32:48.414 [JavaFX Application Thread] DEBUG PrimaryStageWindow   - InGameMenuScene -> DialogSubScene
22:32:49.317 [JavaFX Application Thread] DEBUG PrimaryStageWindow   - Pop state: DialogSubScene
22:32:49.317 [JavaFX Application Thread] DEBUG Input                - Clearing active input actions
22:32:49.317 [JavaFX Application Thread] DEBUG GameApplicationServi - Removing overlay from DialogSubScene and adding to InGameMenuScene
22:32:49.317 [JavaFX Application Thread] DEBUG PrimaryStageWindow   - InGameMenuScene <- DialogSubScene
22:32:49.317 [JavaFX Application Thread] DEBUG PrimaryStageWindow   - Pop state: InGameMenuScene
22:32:49.317 [JavaFX Application Thread] DEBUG Input                - Clearing active input actions
22:32:49.317 [JavaFX Application Thread] DEBUG GameApplicationServi - Removing overlay from InGameMenuScene and adding to GameScene
22:32:49.317 [JavaFX Application Thread] DEBUG PrimaryStageWindow   - GameScene <- InGameMenuScene
22:32:49.317 [JavaFX Application Thread] DEBUG Input                - Clearing active input actions
22:32:49.319 [JavaFX Application Thread] DEBUG GameApplicationServi - Removing overlay from GameScene and adding to FXGLMainMenuDummyScene
22:32:49.319 [JavaFX Application Thread] DEBUG PrimaryStageWindow   - GameScene -> FXGLMainMenuDummyScene
22:32:49.320 [JavaFX Application Thread] DEBUG PrimaryStageWindow   - Push state: MainMenuScene
22:32:49.320 [JavaFX Application Thread] DEBUG Input                - Clearing active input actions
22:32:49.320 [JavaFX Application Thread] DEBUG GameApplicationServi - Removing overlay from FXGLMainMenuDummyScene and adding to MainMenuScene
22:32:49.320 [JavaFX Application Thread] DEBUG PrimaryStageWindow   - FXGLMainMenuDummyScene -> MainMenuScene
22:32:49.368 [JavaFX Application Thread] DEBUG AudioPlayer          - Playing music com.almasb.fxgl.audio.Music@199c4884
22:32:49.622 [JavaFX Application Thread] DEBUG AudioPlayer          - Playing music com.almasb.fxgl.audio.Music@199c4884
22:32:50.448 [JavaFX Application Thread] DEBUG AudioPlayer          - Playing music com.almasb.fxgl.audio.Music@199c4884
22:32:52.076 [JavaFX Application Thread] DEBUG AudioPlayer          - Playing music com.almasb.fxgl.audio.Music@199c4884
22:32:52.129 [JavaFX Application Thread] DEBUG AudioPlayer          - Playing music com.almasb.fxgl.audio.Music@199c4884
22:32:52.783 [JavaFX Application Thread] DEBUG AudioPlayer          - Playing music com.almasb.fxgl.audio.Music@199c4884
22:32:53.125 [JavaFX Application Thread] DEBUG AudioPlayer          - Playing music com.almasb.fxgl.audio.Music@199c4884
22:32:56.058 [JavaFX Application Thread] DEBUG AudioPlayer          - Playing music com.almasb.fxgl.audio.Music@199c4884
22:32:56.215 [JavaFX Application Thread] DEBUG AudioPlayer          - Playing music com.almasb.fxgl.audio.Music@199c4884
22:32:56.366 [JavaFX Application Thread] DEBUG AudioPlayer          - Playing music com.almasb.fxgl.audio.Music@199c4884
22:32:56.767 [JavaFX Application Thread] DEBUG AudioPlayer          - Playing music com.almasb.fxgl.audio.Music@199c4884
22:32:57.371 [JavaFX Application Thread] DEBUG AudioPlayer          - Playing music com.almasb.fxgl.audio.Music@199c4884
22:32:57.671 [JavaFX Application Thread] DEBUG AudioPlayer          - Playing music com.almasb.fxgl.audio.Music@199c4884
22:32:57.948 [JavaFX Application Thread] DEBUG AudioPlayer          - Playing music com.almasb.fxgl.audio.Music@199c4884
22:32:58.092 [JavaFX Application Thread] DEBUG AudioPlayer          - Playing music com.almasb.fxgl.audio.Music@199c4884
22:32:58.529 [JavaFX Application Thread] DEBUG AudioPlayer          - Playing music com.almasb.fxgl.audio.Music@199c4884
22:32:59.320 [JavaFX Application Thread] DEBUG AudioPlayer          - Playing music com.almasb.fxgl.audio.Music@199c4884
22:33:08.500 [JavaFX Application Thread] DEBUG AudioPlayer          - Playing music com.almasb.fxgl.audio.Music@199c4884
22:33:08.771 [JavaFX Application Thread] DEBUG AudioPlayer          - Playing music com.almasb.fxgl.audio.Music@199c4884
22:33:09.222 [JavaFX Application Thread] DEBUG AudioPlayer          - Playing music com.almasb.fxgl.audio.Music@199c4884
22:33:09.378 [JavaFX Application Thread] DEBUG AudioPlayer          - Playing music com.almasb.fxgl.audio.Music@199c4884
22:33:09.873 [JavaFX Application Thread] DEBUG AudioPlayer          - Playing music com.almasb.fxgl.audio.Music@199c4884
22:33:10.991 [JavaFX Application Thread] DEBUG AudioPlayer          - Playing music com.almasb.fxgl.audio.Music@199c4884
22:33:11.501 [JavaFX Application Thread] DEBUG AudioPlayer          - Playing music com.almasb.fxgl.audio.Music@199c4884
22:33:11.939 [JavaFX Application Thread] DEBUG PrimaryStageWindow   - Push state: DialogSubScene
22:33:11.939 [JavaFX Application Thread] DEBUG Input                - Clearing active input actions
22:33:11.939 [JavaFX Application Thread] DEBUG GameApplicationServi - Removing overlay from MainMenuScene and adding to DialogSubScene
22:33:11.939 [JavaFX Application Thread] DEBUG PrimaryStageWindow   - MainMenuScene -> DialogSubScene
22:33:12.829 [JavaFX Application Thread] DEBUG PrimaryStageWindow   - Pop state: DialogSubScene
22:33:12.829 [JavaFX Application Thread] DEBUG Input                - Clearing active input actions
22:33:12.829 [JavaFX Application Thread] DEBUG GameApplicationServi - Removing overlay from DialogSubScene and adding to MainMenuScene
22:33:12.829 [JavaFX Application Thread] DEBUG PrimaryStageWindow   - MainMenuScene <- DialogSubScene
22:33:12.839 [JavaFX Application Thread] DEBUG GameApplicationServi - Starting new game
22:33:12.839 [JavaFX Application Thread] DEBUG PrimaryStageWindow   - Pop state: MainMenuScene
22:33:12.839 [JavaFX Application Thread] DEBUG Input                - Clearing active input actions
22:33:12.840 [JavaFX Application Thread] DEBUG GameApplicationServi - Removing overlay from MainMenuScene and adding to FXGLMainMenuDummyScene
22:33:12.840 [JavaFX Application Thread] DEBUG PrimaryStageWindow   - FXGLMainMenuDummyScene <- MainMenuScene
22:33:12.840 [JavaFX Application Thread] DEBUG Input                - Clearing active input actions
22:33:12.842 [JavaFX Application Thread] DEBUG GameApplicationServi - Removing overlay from FXGLMainMenuDummyScene and adding to FXGLLoadingScene
22:33:12.842 [JavaFX Application Thread] DEBUG PrimaryStageWindow   - FXGLMainMenuDummyScene -> FXGLLoadingScene
22:33:12.842 [JavaFX Application Thread] DEBUG GameApplicationServi - Clearing previous game
22:33:12.842 [JavaFX Application Thread] DEBUG GameScene            - Clearing game scene
22:33:12.842 [JavaFX Application Thread] DEBUG GameWorld            - Clearing game world
22:33:12.843 [JavaFX Application Thread] DEBUG PhysicsWorld         - Clearing physics world
22:33:12.843 [FXGL Background Thread 2 ] DEBUG FXGLApplication      - Initializing game
22:33:12.874 [FXGL Background Thread 2 ] INFO  FXGLApplication      - Game initialization took: 0.030 sec
22:33:12.874 [JavaFX Application Thread] DEBUG Input                - Clearing active input actions
22:33:12.876 [JavaFX Application Thread] DEBUG GameApplicationServi - Removing overlay from FXGLLoadingScene and adding to GameScene
22:33:12.876 [JavaFX Application Thread] DEBUG PrimaryStageWindow   - FXGLLoadingScene -> GameScene
22:33:13.503 [JavaFX Application Thread] DEBUG AudioPlayer          - Playing music com.almasb.fxgl.audio.Music@199c4884
22:33:13.691 [JavaFX Application Thread] DEBUG AudioPlayer          - Playing music com.almasb.fxgl.audio.Music@199c4884
22:33:14.290 [JavaFX Application Thread] DEBUG AudioPlayer          - Playing music com.almasb.fxgl.audio.Music@199c4884
22:33:14.876 [JavaFX Application Thread] DEBUG AudioPlayer          - Playing music com.almasb.fxgl.audio.Music@199c4884
22:33:14.920 [JavaFX Application Thread] DEBUG AudioPlayer          - Playing music com.almasb.fxgl.audio.Music@199c4884
22:33:15.040 [JavaFX Application Thread] DEBUG AudioPlayer          - Playing music com.almasb.fxgl.audio.Music@199c4884
22:33:16.353 [JavaFX Application Thread] DEBUG AudioPlayer          - Playing music com.almasb.fxgl.audio.Music@199c4884
22:33:16.526 [JavaFX Application Thread] DEBUG PrimaryStageWindow   - Push state: DialogSubScene
22:33:16.528 [JavaFX Application Thread] DEBUG Input                - Clearing active input actions
22:33:16.528 [JavaFX Application Thread] DEBUG GameApplicationServi - Removing overlay from GameScene and adding to DialogSubScene
22:33:16.528 [JavaFX Application Thread] DEBUG PrimaryStageWindow   - GameScene -> DialogSubScene
22:33:17.997 [JavaFX Application Thread] DEBUG PrimaryStageWindow   - Pop state: DialogSubScene
22:33:17.998 [JavaFX Application Thread] DEBUG Input                - Clearing active input actions
22:33:17.998 [JavaFX Application Thread] DEBUG GameApplicationServi - Removing overlay from DialogSubScene and adding to GameScene
22:33:17.999 [JavaFX Application Thread] DEBUG PrimaryStageWindow   - GameScene <- DialogSubScene
22:33:18.735 [JavaFX Application Thread] DEBUG FXGLAssetLoaderServi - Loading from file system: file:/D:/Github/javaA-xiangqi-project-main-yxh-1125/target/classes/assets/textures/%e9%80%89%e4%b8%ad.png
22:33:20.088 [JavaFX Application Thread] DEBUG AudioPlayer          - Playing music com.almasb.fxgl.audio.Music@199c4884
22:33:20.119 [JavaFX Application Thread] DEBUG AudioPlayer          - Playing music com.almasb.fxgl.audio.Music@199c4884
22:33:20.245 [JavaFX Application Thread] DEBUG AudioPlayer          - Playing music com.almasb.fxgl.audio.Music@199c4884
22:33:20.428 [JavaFX Application Thread] DEBUG PrimaryStageWindow   - Push state: DialogSubScene
22:33:20.428 [JavaFX Application Thread] DEBUG Input                - Clearing active input actions
22:33:20.429 [JavaFX Application Thread] DEBUG GameApplicationServi - Removing overlay from GameScene and adding to DialogSubScene
22:33:20.429 [JavaFX Application Thread] DEBUG PrimaryStageWindow   - GameScene -> DialogSubScene
22:33:21.943 [JavaFX Application Thread] DEBUG PrimaryStageWindow   - Pop state: DialogSubScene
22:33:21.943 [JavaFX Application Thread] DEBUG Input                - Clearing active input actions
22:33:21.943 [JavaFX Application Thread] DEBUG GameApplicationServi - Removing overlay from DialogSubScene and adding to GameScene
22:33:21.943 [JavaFX Application Thread] DEBUG PrimaryStageWindow   - GameScene <- DialogSubScene
22:33:25.480 [JavaFX Application Thread] DEBUG AudioPlayer          - Playing music com.almasb.fxgl.audio.Music@199c4884
22:33:26.245 [JavaFX Application Thread] DEBUG AudioPlayer          - Playing music com.almasb.fxgl.audio.Music@199c4884
22:33:26.470 [JavaFX Application Thread] DEBUG AudioPlayer          - Playing music com.almasb.fxgl.audio.Music@199c4884
22:33:26.598 [JavaFX Application Thread] DEBUG AudioPlayer          - Playing music com.almasb.fxgl.audio.Music@199c4884
22:33:26.743 [JavaFX Application Thread] DEBUG PrimaryStageWindow   - Push state: DialogSubScene
22:33:26.743 [JavaFX Application Thread] DEBUG Input                - Clearing active input actions
22:33:26.743 [JavaFX Application Thread] DEBUG GameApplicationServi - Removing overlay from GameScene and adding to DialogSubScene
22:33:26.743 [JavaFX Application Thread] DEBUG PrimaryStageWindow   - GameScene -> DialogSubScene
22:33:28.813 [JavaFX Application Thread] DEBUG PrimaryStageWindow   - Pop state: DialogSubScene
22:33:28.813 [JavaFX Application Thread] DEBUG Input                - Clearing active input actions
22:33:28.813 [JavaFX Application Thread] DEBUG GameApplicationServi - Removing overlay from DialogSubScene and adding to GameScene
22:33:28.813 [JavaFX Application Thread] DEBUG PrimaryStageWindow   - GameScene <- DialogSubScene
22:33:33.123 [JavaFX Application Thread] DEBUG AudioPlayer          - Playing music com.almasb.fxgl.audio.Music@199c4884
22:33:33.783 [JavaFX Application Thread] DEBUG AudioPlayer          - Playing music com.almasb.fxgl.audio.Music@199c4884
22:33:33.986 [JavaFX Application Thread] DEBUG AudioPlayer          - Playing music com.almasb.fxgl.audio.Music@199c4884
22:33:34.134 [JavaFX Application Thread] DEBUG AudioPlayer          - Playing music com.almasb.fxgl.audio.Music@199c4884
22:33:34.519 [JavaFX Application Thread] DEBUG PrimaryStageWindow   - Push state: DialogSubScene
22:33:34.519 [JavaFX Application Thread] DEBUG Input                - Clearing active input actions
22:33:34.520 [JavaFX Application Thread] DEBUG GameApplicationServi - Removing overlay from GameScene and adding to DialogSubScene
22:33:34.520 [JavaFX Application Thread] DEBUG PrimaryStageWindow   - GameScene -> DialogSubScene
22:33:36.132 [JavaFX Application Thread] DEBUG PrimaryStageWindow   - Pop state: DialogSubScene
22:33:36.132 [JavaFX Application Thread] DEBUG Input                - Clearing active input actions
22:33:36.133 [JavaFX Application Thread] DEBUG GameApplicationServi - Removing overlay from DialogSubScene and adding to GameScene
22:33:36.133 [JavaFX Application Thread] DEBUG PrimaryStageWindow   - GameScene <- DialogSubScene
22:33:39.333 [JavaFX Application Thread] DEBUG AudioPlayer          - Playing music com.almasb.fxgl.audio.Music@199c4884
22:33:39.925 [JavaFX Application Thread] DEBUG AudioPlayer          - Playing music com.almasb.fxgl.audio.Music@199c4884
22:33:40.158 [JavaFX Application Thread] DEBUG AudioPlayer          - Playing music com.almasb.fxgl.audio.Music@199c4884
22:33:40.203 [JavaFX Application Thread] DEBUG AudioPlayer          - Playing music com.almasb.fxgl.audio.Music@199c4884
22:33:40.400 [JavaFX Application Thread] DEBUG PrimaryStageWindow   - Push state: DialogSubScene
22:33:40.400 [JavaFX Application Thread] DEBUG Input                - Clearing active input actions
22:33:40.400 [JavaFX Application Thread] DEBUG GameApplicationServi - Removing overlay from GameScene and adding to DialogSubScene
22:33:40.400 [JavaFX Application Thread] DEBUG PrimaryStageWindow   - GameScene -> DialogSubScene
22:33:42.949 [JavaFX Application Thread] DEBUG PrimaryStageWindow   - Pop state: DialogSubScene
22:33:42.949 [JavaFX Application Thread] DEBUG Input                - Clearing active input actions
22:33:42.949 [JavaFX Application Thread] DEBUG GameApplicationServi - Removing overlay from DialogSubScene and adding to GameScene
22:33:42.949 [JavaFX Application Thread] DEBUG PrimaryStageWindow   - GameScene <- DialogSubScene
22:33:46.301 [JavaFX Application Thread] DEBUG AudioPlayer          - Playing music com.almasb.fxgl.audio.Music@199c4884
22:33:46.391 [JavaFX Application Thread] DEBUG AudioPlayer          - Playing music com.almasb.fxgl.audio.Music@199c4884
22:33:46.722 [JavaFX Application Thread] DEBUG PrimaryStageWindow   - Push state: DialogSubScene
22:33:46.722 [JavaFX Application Thread] DEBUG Input                - Clearing active input actions
22:33:46.723 [JavaFX Application Thread] DEBUG GameApplicationServi - Removing overlay from GameScene and adding to DialogSubScene
22:33:46.723 [JavaFX Application Thread] DEBUG PrimaryStageWindow   - GameScene -> DialogSubScene
22:33:48.792 [JavaFX Application Thread] DEBUG PrimaryStageWindow   - Pop state: DialogSubScene
22:33:48.792 [JavaFX Application Thread] DEBUG Input                - Clearing active input actions
22:33:48.792 [JavaFX Application Thread] DEBUG GameApplicationServi - Removing overlay from DialogSubScene and adding to GameScene
22:33:48.792 [JavaFX Application Thread] DEBUG PrimaryStageWindow   - GameScene <- DialogSubScene
22:33:51.724 [JavaFX Application Thread] DEBUG AudioPlayer          - Playing music com.almasb.fxgl.audio.Music@199c4884
22:33:52.226 [JavaFX Application Thread] DEBUG AudioPlayer          - Playing music com.almasb.fxgl.audio.Music@199c4884
22:33:52.378 [JavaFX Application Thread] DEBUG AudioPlayer          - Playing music com.almasb.fxgl.audio.Music@199c4884
22:33:52.622 [JavaFX Application Thread] DEBUG AudioPlayer          - Playing music com.almasb.fxgl.audio.Music@199c4884
22:33:52.892 [JavaFX Application Thread] DEBUG AudioPlayer          - Playing music com.almasb.fxgl.audio.Music@199c4884
22:33:52.977 [JavaFX Application Thread] DEBUG AudioPlayer          - Playing music com.almasb.fxgl.audio.Music@199c4884
22:33:53.188 [JavaFX Application Thread] DEBUG PrimaryStageWindow   - Push state: DialogSubScene
22:33:53.188 [JavaFX Application Thread] DEBUG Input                - Clearing active input actions
22:33:53.188 [JavaFX Application Thread] DEBUG GameApplicationServi - Removing overlay from GameScene and adding to DialogSubScene
22:33:53.188 [JavaFX Application Thread] DEBUG PrimaryStageWindow   - GameScene -> DialogSubScene
22:33:58.610 [JavaFX Application Thread] DEBUG PrimaryStageWindow   - Pop state: DialogSubScene
22:33:58.610 [JavaFX Application Thread] DEBUG Input                - Clearing active input actions
22:33:58.610 [JavaFX Application Thread] DEBUG GameApplicationServi - Removing overlay from DialogSubScene and adding to GameScene
22:33:58.610 [JavaFX Application Thread] DEBUG PrimaryStageWindow   - GameScene <- DialogSubScene
22:34:00.754 [JavaFX Application Thread] DEBUG AudioPlayer          - Playing music com.almasb.fxgl.audio.Music@199c4884
22:34:00.858 [JavaFX Application Thread] DEBUG AudioPlayer          - Playing music com.almasb.fxgl.audio.Music@199c4884
22:34:01.031 [JavaFX Application Thread] DEBUG AudioPlayer          - Playing music com.almasb.fxgl.audio.Music@199c4884
22:34:02.178 [JavaFX Application Thread] DEBUG AudioPlayer          - Playing music com.almasb.fxgl.audio.Music@199c4884
22:34:02.441 [JavaFX Application Thread] DEBUG AudioPlayer          - Playing music com.almasb.fxgl.audio.Music@199c4884
22:34:02.478 [JavaFX Application Thread] DEBUG AudioPlayer          - Playing music com.almasb.fxgl.audio.Music@199c4884
22:34:02.810 [JavaFX Application Thread] DEBUG PrimaryStageWindow   - Push state: DialogSubScene
22:34:02.810 [JavaFX Application Thread] DEBUG Input                - Clearing active input actions
22:34:02.810 [JavaFX Application Thread] DEBUG GameApplicationServi - Removing overlay from GameScene and adding to DialogSubScene
22:34:02.810 [JavaFX Application Thread] DEBUG PrimaryStageWindow   - GameScene -> DialogSubScene
22:34:05.009 [JavaFX Application Thread] DEBUG PrimaryStageWindow   - Pop state: DialogSubScene
22:34:05.009 [JavaFX Application Thread] DEBUG Input                - Clearing active input actions
22:34:05.009 [JavaFX Application Thread] DEBUG GameApplicationServi - Removing overlay from DialogSubScene and adding to GameScene
22:34:05.009 [JavaFX Application Thread] DEBUG PrimaryStageWindow   - GameScene <- DialogSubScene
22:34:06.109 [JavaFX Application Thread] DEBUG AudioPlayer          - Playing music com.almasb.fxgl.audio.Music@199c4884
22:34:06.381 [JavaFX Application Thread] DEBUG PrimaryStageWindow   - Push state: DialogSubScene
22:34:06.381 [JavaFX Application Thread] DEBUG Input                - Clearing active input actions
22:34:06.381 [JavaFX Application Thread] DEBUG GameApplicationServi - Removing overlay from GameScene and adding to DialogSubScene
22:34:06.381 [JavaFX Application Thread] DEBUG PrimaryStageWindow   - GameScene -> DialogSubScene
22:34:08.180 [JavaFX Application Thread] DEBUG PrimaryStageWindow   - Pop state: DialogSubScene
22:34:08.180 [JavaFX Application Thread] DEBUG Input                - Clearing active input actions
22:34:08.180 [JavaFX Application Thread] DEBUG GameApplicationServi - Removing overlay from DialogSubScene and adding to GameScene
22:34:08.180 [JavaFX Application Thread] DEBUG PrimaryStageWindow   - GameScene <- DialogSubScene
22:34:08.748 [JavaFX Application Thread] DEBUG AudioPlayer          - Playing music com.almasb.fxgl.audio.Music@199c4884
22:34:08.771 [JavaFX Application Thread] DEBUG AudioPlayer          - Playing music com.almasb.fxgl.audio.Music@199c4884
22:34:09.073 [JavaFX Application Thread] DEBUG PrimaryStageWindow   - Push state: DialogSubScene
22:34:09.073 [JavaFX Application Thread] DEBUG Input                - Clearing active input actions
22:34:09.073 [JavaFX Application Thread] DEBUG GameApplicationServi - Removing overlay from GameScene and adding to DialogSubScene
22:34:09.073 [JavaFX Application Thread] DEBUG PrimaryStageWindow   - GameScene -> DialogSubScene
22:34:10.121 [JavaFX Application Thread] DEBUG PrimaryStageWindow   - Pop state: DialogSubScene
22:34:10.121 [JavaFX Application Thread] DEBUG Input                - Clearing active input actions
22:34:10.121 [JavaFX Application Thread] DEBUG GameApplicationServi - Removing overlay from DialogSubScene and adding to GameScene
22:34:10.122 [JavaFX Application Thread] DEBUG PrimaryStageWindow   - GameScene <- DialogSubScene
22:34:11.351 [JavaFX Application Thread] DEBUG AudioPlayer          - Playing music com.almasb.fxgl.audio.Music@199c4884
22:34:11.374 [JavaFX Application Thread] DEBUG AudioPlayer          - Playing music com.almasb.fxgl.audio.Music@199c4884
22:34:11.600 [JavaFX Application Thread] DEBUG PrimaryStageWindow   - Push state: DialogSubScene
22:34:11.600 [JavaFX Application Thread] DEBUG Input                - Clearing active input actions
22:34:11.600 [JavaFX Application Thread] DEBUG GameApplicationServi - Removing overlay from GameScene and adding to DialogSubScene
22:34:11.600 [JavaFX Application Thread] DEBUG PrimaryStageWindow   - GameScene -> DialogSubScene
22:34:13.069 [JavaFX Application Thread] DEBUG PrimaryStageWindow   - Pop state: DialogSubScene
22:34:13.069 [JavaFX Application Thread] DEBUG Input                - Clearing active input actions
22:34:13.070 [JavaFX Application Thread] DEBUG GameApplicationServi - Removing overlay from DialogSubScene and adding to GameScene
22:34:13.070 [JavaFX Application Thread] DEBUG PrimaryStageWindow   - GameScene <- DialogSubScene
22:34:15.048 [JavaFX Application Thread] DEBUG AudioPlayer          - Playing music com.almasb.fxgl.audio.Music@199c4884
22:34:15.344 [JavaFX Application Thread] DEBUG PrimaryStageWindow   - Push state: DialogSubScene
22:34:15.344 [JavaFX Application Thread] DEBUG Input                - Clearing active input actions
22:34:15.344 [JavaFX Application Thread] DEBUG GameApplicationServi - Removing overlay from GameScene and adding to DialogSubScene
22:34:15.344 [JavaFX Application Thread] DEBUG PrimaryStageWindow   - GameScene -> DialogSubScene
22:34:16.640 [JavaFX Application Thread] DEBUG PrimaryStageWindow   - Pop state: DialogSubScene
22:34:16.640 [JavaFX Application Thread] DEBUG Input                - Clearing active input actions
22:34:16.640 [JavaFX Application Thread] DEBUG GameApplicationServi - Removing overlay from DialogSubScene and adding to GameScene
22:34:16.640 [JavaFX Application Thread] DEBUG PrimaryStageWindow   - GameScene <- DialogSubScene
22:34:20.553 [JavaFX Application Thread] DEBUG AudioPlayer          - Playing music com.almasb.fxgl.audio.Music@199c4884
22:34:20.621 [JavaFX Application Thread] DEBUG AudioPlayer          - Playing music com.almasb.fxgl.audio.Music@199c4884
22:34:20.863 [JavaFX Application Thread] DEBUG PrimaryStageWindow   - Push state: DialogSubScene
22:34:20.863 [JavaFX Application Thread] DEBUG Input                - Clearing active input actions
22:34:20.863 [JavaFX Application Thread] DEBUG GameApplicationServi - Removing overlay from GameScene and adding to DialogSubScene
22:34:20.863 [JavaFX Application Thread] DEBUG PrimaryStageWindow   - GameScene -> DialogSubScene
22:34:24.110 [JavaFX Application Thread] DEBUG PrimaryStageWindow   - Pop state: DialogSubScene
22:34:24.110 [JavaFX Application Thread] DEBUG Input                - Clearing active input actions
22:34:24.110 [JavaFX Application Thread] DEBUG GameApplicationServi - Removing overlay from DialogSubScene and adding to GameScene
22:34:24.111 [JavaFX Application Thread] DEBUG PrimaryStageWindow   - GameScene <- DialogSubScene
22:34:26.500 [JavaFX Application Thread] DEBUG AudioPlayer          - Playing music com.almasb.fxgl.audio.Music@199c4884
22:34:26.811 [JavaFX Application Thread] DEBUG PrimaryStageWindow   - Push state: DialogSubScene
22:34:26.811 [JavaFX Application Thread] DEBUG Input                - Clearing active input actions
22:34:26.811 [JavaFX Application Thread] DEBUG GameApplicationServi - Removing overlay from GameScene and adding to DialogSubScene
22:34:26.811 [JavaFX Application Thread] DEBUG PrimaryStageWindow   - GameScene -> DialogSubScene
22:34:28.917 [JavaFX Application Thread] DEBUG PrimaryStageWindow   - Pop state: DialogSubScene
22:34:28.917 [JavaFX Application Thread] DEBUG Input                - Clearing active input actions
22:34:28.917 [JavaFX Application Thread] DEBUG GameApplicationServi - Removing overlay from DialogSubScene and adding to GameScene
22:34:28.917 [JavaFX Application Thread] DEBUG PrimaryStageWindow   - GameScene <- DialogSubScene
22:34:30.986 [JavaFX Application Thread] DEBUG AudioPlayer          - Playing music com.almasb.fxgl.audio.Music@199c4884
22:34:31.151 [JavaFX Application Thread] DEBUG AudioPlayer          - Playing music com.almasb.fxgl.audio.Music@199c4884
22:34:31.790 [JavaFX Application Thread] DEBUG PrimaryStageWindow   - Push state: DialogSubScene
22:34:31.790 [JavaFX Application Thread] DEBUG Input                - Clearing active input actions
22:34:31.790 [JavaFX Application Thread] DEBUG GameApplicationServi - Removing overlay from GameScene and adding to DialogSubScene
22:34:31.790 [JavaFX Application Thread] DEBUG PrimaryStageWindow   - GameScene -> DialogSubScene
22:34:32.726 [JavaFX Application Thread] DEBUG PrimaryStageWindow   - Pop state: DialogSubScene
22:34:32.726 [JavaFX Application Thread] DEBUG Input                - Clearing active input actions
22:34:32.727 [JavaFX Application Thread] DEBUG GameApplicationServi - Removing overlay from DialogSubScene and adding to GameScene
22:34:32.727 [JavaFX Application Thread] DEBUG PrimaryStageWindow   - GameScene <- DialogSubScene
22:34:34.856 [JavaFX Application Thread] DEBUG AudioPlayer          - Playing music com.almasb.fxgl.audio.Music@199c4884
22:34:35.150 [JavaFX Application Thread] DEBUG PrimaryStageWindow   - Push state: DialogSubScene
22:34:35.150 [JavaFX Application Thread] DEBUG Input                - Clearing active input actions
22:34:35.150 [JavaFX Application Thread] DEBUG GameApplicationServi - Removing overlay from GameScene and adding to DialogSubScene
22:34:35.150 [JavaFX Application Thread] DEBUG PrimaryStageWindow   - GameScene -> DialogSubScene
22:34:36.478 [JavaFX Application Thread] DEBUG PrimaryStageWindow   - Pop state: DialogSubScene
22:34:36.478 [JavaFX Application Thread] DEBUG Input                - Clearing active input actions
22:34:36.478 [JavaFX Application Thread] DEBUG GameApplicationServi - Removing overlay from DialogSubScene and adding to GameScene
22:34:36.478 [JavaFX Application Thread] DEBUG PrimaryStageWindow   - GameScene <- DialogSubScene
22:34:39.798 [JavaFX Application Thread] DEBUG AudioPlayer          - Playing music com.almasb.fxgl.audio.Music@199c4884
22:34:39.919 [JavaFX Application Thread] DEBUG AudioPlayer          - Playing music com.almasb.fxgl.audio.Music@199c4884
22:34:40.161 [JavaFX Application Thread] DEBUG PrimaryStageWindow   - Push state: DialogSubScene
22:34:40.161 [JavaFX Application Thread] DEBUG Input                - Clearing active input actions
22:34:40.161 [JavaFX Application Thread] DEBUG GameApplicationServi - Removing overlay from GameScene and adding to DialogSubScene
22:34:40.161 [JavaFX Application Thread] DEBUG PrimaryStageWindow   - GameScene -> DialogSubScene
22:34:42.072 [JavaFX Application Thread] DEBUG PrimaryStageWindow   - Pop state: DialogSubScene
22:34:42.072 [JavaFX Application Thread] DEBUG Input                - Clearing active input actions
22:34:42.072 [JavaFX Application Thread] DEBUG GameApplicationServi - Removing overlay from DialogSubScene and adding to GameScene
22:34:42.072 [JavaFX Application Thread] DEBUG PrimaryStageWindow   - GameScene <- DialogSubScene
22:34:44.179 [JavaFX Application Thread] DEBUG AudioPlayer          - Playing music com.almasb.fxgl.audio.Music@199c4884
22:34:44.291 [JavaFX Application Thread] DEBUG AudioPlayer          - Playing music com.almasb.fxgl.audio.Music@199c4884
22:34:44.512 [JavaFX Application Thread] DEBUG PrimaryStageWindow   - Push state: DialogSubScene
22:34:44.512 [JavaFX Application Thread] DEBUG Input                - Clearing active input actions
22:34:44.512 [JavaFX Application Thread] DEBUG GameApplicationServi - Removing overlay from GameScene and adding to DialogSubScene
22:34:44.512 [JavaFX Application Thread] DEBUG PrimaryStageWindow   - GameScene -> DialogSubScene
22:34:45.567 [JavaFX Application Thread] DEBUG PrimaryStageWindow   - Pop state: DialogSubScene
22:34:45.567 [JavaFX Application Thread] DEBUG Input                - Clearing active input actions
22:34:45.568 [JavaFX Application Thread] DEBUG GameApplicationServi - Removing overlay from DialogSubScene and adding to GameScene
22:34:45.568 [JavaFX Application Thread] DEBUG PrimaryStageWindow   - GameScene <- DialogSubScene
22:34:47.104 [JavaFX Application Thread] DEBUG AudioPlayer          - Playing music com.almasb.fxgl.audio.Music@199c4884
22:34:47.308 [JavaFX Application Thread] DEBUG PrimaryStageWindow   - Push state: DialogSubScene
22:34:47.308 [JavaFX Application Thread] DEBUG Input                - Clearing active input actions
22:34:47.308 [JavaFX Application Thread] DEBUG GameApplicationServi - Removing overlay from GameScene and adding to DialogSubScene
22:34:47.308 [JavaFX Application Thread] DEBUG PrimaryStageWindow   - GameScene -> DialogSubScene
22:34:48.298 [JavaFX Application Thread] DEBUG PrimaryStageWindow   - Pop state: DialogSubScene
22:34:48.298 [JavaFX Application Thread] DEBUG Input                - Clearing active input actions
22:34:48.298 [JavaFX Application Thread] DEBUG GameApplicationServi - Removing overlay from DialogSubScene and adding to GameScene
22:34:48.298 [JavaFX Application Thread] DEBUG PrimaryStageWindow   - GameScene <- DialogSubScene
22:34:49.983 [JavaFX Application Thread] DEBUG AudioPlayer          - Playing music com.almasb.fxgl.audio.Music@199c4884
22:34:50.216 [JavaFX Application Thread] DEBUG AudioPlayer          - Playing music com.almasb.fxgl.audio.Music@199c4884
22:34:50.412 [JavaFX Application Thread] DEBUG PrimaryStageWindow   - Push state: DialogSubScene
22:34:50.412 [JavaFX Application Thread] DEBUG Input                - Clearing active input actions
22:34:50.412 [JavaFX Application Thread] DEBUG GameApplicationServi - Removing overlay from GameScene and adding to DialogSubScene
22:34:50.412 [JavaFX Application Thread] DEBUG PrimaryStageWindow   - GameScene -> DialogSubScene
22:34:52.085 [JavaFX Application Thread] DEBUG PrimaryStageWindow   - Pop state: DialogSubScene
22:34:52.085 [JavaFX Application Thread] DEBUG Input                - Clearing active input actions
22:34:52.085 [JavaFX Application Thread] DEBUG GameApplicationServi - Removing overlay from DialogSubScene and adding to GameScene
22:34:52.086 [JavaFX Application Thread] DEBUG PrimaryStageWindow   - GameScene <- DialogSubScene
22:34:55.923 [JavaFX Application Thread] DEBUG AudioPlayer          - Playing music com.almasb.fxgl.audio.Music@199c4884
22:34:55.984 [JavaFX Application Thread] DEBUG AudioPlayer          - Playing music com.almasb.fxgl.audio.Music@199c4884
22:34:56.248 [JavaFX Application Thread] DEBUG PrimaryStageWindow   - Push state: DialogSubScene
22:34:56.248 [JavaFX Application Thread] DEBUG Input                - Clearing active input actions
22:34:56.248 [JavaFX Application Thread] DEBUG GameApplicationServi - Removing overlay from GameScene and adding to DialogSubScene
22:34:56.248 [JavaFX Application Thread] DEBUG PrimaryStageWindow   - GameScene -> DialogSubScene
22:34:57.973 [JavaFX Application Thread] DEBUG PrimaryStageWindow   - Pop state: DialogSubScene
22:34:57.973 [JavaFX Application Thread] DEBUG Input                - Clearing active input actions
22:34:57.973 [JavaFX Application Thread] DEBUG GameApplicationServi - Removing overlay from DialogSubScene and adding to GameScene
22:34:57.973 [JavaFX Application Thread] DEBUG PrimaryStageWindow   - GameScene <- DialogSubScene
22:34:59.449 [JavaFX Application Thread] DEBUG AudioPlayer          - Playing music com.almasb.fxgl.audio.Music@199c4884
22:34:59.639 [JavaFX Application Thread] DEBUG PrimaryStageWindow   - Push state: DialogSubScene
22:34:59.639 [JavaFX Application Thread] DEBUG Input                - Clearing active input actions
22:34:59.639 [JavaFX Application Thread] DEBUG GameApplicationServi - Removing overlay from GameScene and adding to DialogSubScene
22:34:59.639 [JavaFX Application Thread] DEBUG PrimaryStageWindow   - GameScene -> DialogSubScene
22:35:00.982 [JavaFX Application Thread] DEBUG PrimaryStageWindow   - Pop state: DialogSubScene
22:35:00.982 [JavaFX Application Thread] DEBUG Input                - Clearing active input actions
22:35:00.982 [JavaFX Application Thread] DEBUG GameApplicationServi - Removing overlay from DialogSubScene and adding to GameScene
22:35:00.982 [JavaFX Application Thread] DEBUG PrimaryStageWindow   - GameScene <- DialogSubScene
22:35:04.526 [JavaFX Application Thread] DEBUG AudioPlayer          - Playing music com.almasb.fxgl.audio.Music@199c4884
22:35:04.789 [JavaFX Application Thread] DEBUG AudioPlayer          - Playing music com.almasb.fxgl.audio.Music@199c4884
22:35:05.000 [JavaFX Application Thread] DEBUG PrimaryStageWindow   - Push state: DialogSubScene
22:35:05.000 [JavaFX Application Thread] DEBUG Input                - Clearing active input actions
22:35:05.000 [JavaFX Application Thread] DEBUG GameApplicationServi - Removing overlay from GameScene and adding to DialogSubScene
22:35:05.000 [JavaFX Application Thread] DEBUG PrimaryStageWindow   - GameScene -> DialogSubScene
22:35:06.920 [JavaFX Application Thread] DEBUG PrimaryStageWindow   - Pop state: DialogSubScene
22:35:06.920 [JavaFX Application Thread] DEBUG Input                - Clearing active input actions
22:35:06.920 [JavaFX Application Thread] DEBUG GameApplicationServi - Removing overlay from DialogSubScene and adding to GameScene
22:35:06.921 [JavaFX Application Thread] DEBUG PrimaryStageWindow   - GameScene <- DialogSubScene
22:35:10.691 [JavaFX Application Thread] DEBUG AudioPlayer          - Playing music com.almasb.fxgl.audio.Music@199c4884
22:35:11.046 [JavaFX Application Thread] DEBUG PrimaryStageWindow   - Push state: DialogSubScene
22:35:11.046 [JavaFX Application Thread] DEBUG Input                - Clearing active input actions
22:35:11.046 [JavaFX Application Thread] DEBUG GameApplicationServi - Removing overlay from GameScene and adding to DialogSubScene
22:35:11.046 [JavaFX Application Thread] DEBUG PrimaryStageWindow   - GameScene -> DialogSubScene
22:35:13.116 [JavaFX Application Thread] DEBUG PrimaryStageWindow   - Pop state: DialogSubScene
22:35:13.116 [JavaFX Application Thread] DEBUG Input                - Clearing active input actions
22:35:13.116 [JavaFX Application Thread] DEBUG GameApplicationServi - Removing overlay from DialogSubScene and adding to GameScene
22:35:13.116 [JavaFX Application Thread] DEBUG PrimaryStageWindow   - GameScene <- DialogSubScene
22:35:15.095 [JavaFX Application Thread] DEBUG AudioPlayer          - Playing music com.almasb.fxgl.audio.Music@199c4884
22:35:15.387 [JavaFX Application Thread] DEBUG PrimaryStageWindow   - Push state: DialogSubScene
22:35:15.387 [JavaFX Application Thread] DEBUG Input                - Clearing active input actions
22:35:15.388 [JavaFX Application Thread] DEBUG GameApplicationServi - Removing overlay from GameScene and adding to DialogSubScene
22:35:15.388 [JavaFX Application Thread] DEBUG PrimaryStageWindow   - GameScene -> DialogSubScene
22:35:16.751 [JavaFX Application Thread] DEBUG PrimaryStageWindow   - Pop state: DialogSubScene
22:35:16.751 [JavaFX Application Thread] DEBUG Input                - Clearing active input actions
22:35:16.753 [JavaFX Application Thread] DEBUG GameApplicationServi - Removing overlay from DialogSubScene and adding to GameScene
22:35:16.753 [JavaFX Application Thread] DEBUG PrimaryStageWindow   - GameScene <- DialogSubScene
22:35:18.889 [JavaFX Application Thread] DEBUG AudioPlayer          - Playing music com.almasb.fxgl.audio.Music@199c4884
22:35:19.236 [JavaFX Application Thread] DEBUG PrimaryStageWindow   - Push state: DialogSubScene
22:35:19.236 [JavaFX Application Thread] DEBUG Input                - Clearing active input actions
22:35:19.236 [JavaFX Application Thread] DEBUG GameApplicationServi - Removing overlay from GameScene and adding to DialogSubScene
22:35:19.236 [JavaFX Application Thread] DEBUG PrimaryStageWindow   - GameScene -> DialogSubScene
22:35:20.428 [JavaFX Application Thread] DEBUG PrimaryStageWindow   - Pop state: DialogSubScene
22:35:20.428 [JavaFX Application Thread] DEBUG Input                - Clearing active input actions
22:35:20.428 [JavaFX Application Thread] DEBUG GameApplicationServi - Removing overlay from DialogSubScene and adding to GameScene
22:35:20.428 [JavaFX Application Thread] DEBUG PrimaryStageWindow   - GameScene <- DialogSubScene
22:35:21.551 [JavaFX Application Thread] DEBUG AudioPlayer          - Playing music com.almasb.fxgl.audio.Music@199c4884
22:35:21.831 [JavaFX Application Thread] DEBUG PrimaryStageWindow   - Push state: DialogSubScene
22:35:21.832 [JavaFX Application Thread] DEBUG Input                - Clearing active input actions
22:35:21.832 [JavaFX Application Thread] DEBUG GameApplicationServi - Removing overlay from GameScene and adding to DialogSubScene
22:35:21.832 [JavaFX Application Thread] DEBUG PrimaryStageWindow   - GameScene -> DialogSubScene
22:35:22.986 [JavaFX Application Thread] DEBUG PrimaryStageWindow   - Pop state: DialogSubScene
22:35:22.986 [JavaFX Application Thread] DEBUG Input                - Clearing active input actions
22:35:22.986 [JavaFX Application Thread] DEBUG GameApplicationServi - Removing overlay from DialogSubScene and adding to GameScene
22:35:22.986 [JavaFX Application Thread] DEBUG PrimaryStageWindow   - GameScene <- DialogSubScene
22:35:26.389 [JavaFX Application Thread] DEBUG AudioPlayer          - Playing music com.almasb.fxgl.audio.Music@199c4884
22:35:26.494 [JavaFX Application Thread] DEBUG AudioPlayer          - Playing music com.almasb.fxgl.audio.Music@199c4884
22:35:26.751 [JavaFX Application Thread] DEBUG PrimaryStageWindow   - Push state: DialogSubScene
22:35:26.751 [JavaFX Application Thread] DEBUG Input                - Clearing active input actions
22:35:26.751 [JavaFX Application Thread] DEBUG GameApplicationServi - Removing overlay from GameScene and adding to DialogSubScene
22:35:26.751 [JavaFX Application Thread] DEBUG PrimaryStageWindow   - GameScene -> DialogSubScene
22:35:28.033 [JavaFX Application Thread] DEBUG PrimaryStageWindow   - Pop state: DialogSubScene
22:35:28.033 [JavaFX Application Thread] DEBUG Input                - Clearing active input actions
22:35:28.033 [JavaFX Application Thread] DEBUG GameApplicationServi - Removing overlay from DialogSubScene and adding to GameScene
22:35:28.033 [JavaFX Application Thread] DEBUG PrimaryStageWindow   - GameScene <- DialogSubScene
22:35:29.254 [JavaFX Application Thread] DEBUG AudioPlayer          - Playing music com.almasb.fxgl.audio.Music@199c4884
22:35:29.450 [JavaFX Application Thread] DEBUG PrimaryStageWindow   - Push state: DialogSubScene
22:35:29.450 [JavaFX Application Thread] DEBUG Input                - Clearing active input actions
22:35:29.450 [JavaFX Application Thread] DEBUG GameApplicationServi - Removing overlay from GameScene and adding to DialogSubScene
22:35:29.450 [JavaFX Application Thread] DEBUG PrimaryStageWindow   - GameScene -> DialogSubScene
22:35:30.620 [JavaFX Application Thread] DEBUG PrimaryStageWindow   - Pop state: DialogSubScene
22:35:30.620 [JavaFX Application Thread] DEBUG Input                - Clearing active input actions
22:35:30.620 [JavaFX Application Thread] DEBUG GameApplicationServi - Removing overlay from DialogSubScene and adding to GameScene
22:35:30.620 [JavaFX Application Thread] DEBUG PrimaryStageWindow   - GameScene <- DialogSubScene
22:35:31.721 [JavaFX Application Thread] DEBUG AudioPlayer          - Playing music com.almasb.fxgl.audio.Music@199c4884
22:35:32.045 [JavaFX Application Thread] DEBUG PrimaryStageWindow   - Push state: DialogSubScene
22:35:32.045 [JavaFX Application Thread] DEBUG Input                - Clearing active input actions
22:35:32.045 [JavaFX Application Thread] DEBUG GameApplicationServi - Removing overlay from GameScene and adding to DialogSubScene
22:35:32.046 [JavaFX Application Thread] DEBUG PrimaryStageWindow   - GameScene -> DialogSubScene
22:35:33.905 [JavaFX Application Thread] DEBUG PrimaryStageWindow   - Pop state: DialogSubScene
22:35:33.905 [JavaFX Application Thread] DEBUG Input                - Clearing active input actions
22:35:33.905 [JavaFX Application Thread] DEBUG GameApplicationServi - Removing overlay from DialogSubScene and adding to GameScene
22:35:33.905 [JavaFX Application Thread] DEBUG PrimaryStageWindow   - GameScene <- DialogSubScene
22:35:36.281 [JavaFX Application Thread] DEBUG AudioPlayer          - Playing music com.almasb.fxgl.audio.Music@199c4884
22:35:36.591 [JavaFX Application Thread] DEBUG PrimaryStageWindow   - Push state: DialogSubScene
22:35:36.591 [JavaFX Application Thread] DEBUG Input                - Clearing active input actions
22:35:36.591 [JavaFX Application Thread] DEBUG GameApplicationServi - Removing overlay from GameScene and adding to DialogSubScene
22:35:36.591 [JavaFX Application Thread] DEBUG PrimaryStageWindow   - GameScene -> DialogSubScene
22:35:37.461 [JavaFX Application Thread] DEBUG PrimaryStageWindow   - Pop state: DialogSubScene
22:35:37.461 [JavaFX Application Thread] DEBUG Input                - Clearing active input actions
22:35:37.462 [JavaFX Application Thread] DEBUG GameApplicationServi - Removing overlay from DialogSubScene and adding to GameScene
22:35:37.462 [JavaFX Application Thread] DEBUG PrimaryStageWindow   - GameScene <- DialogSubScene
22:35:40.835 [JavaFX Application Thread] DEBUG AudioPlayer          - Playing music com.almasb.fxgl.audio.Music@199c4884
22:35:41.114 [JavaFX Application Thread] DEBUG PrimaryStageWindow   - Push state: DialogSubScene
22:35:41.114 [JavaFX Application Thread] DEBUG Input                - Clearing active input actions
22:35:41.114 [JavaFX Application Thread] DEBUG GameApplicationServi - Removing overlay from GameScene and adding to DialogSubScene
22:35:41.114 [JavaFX Application Thread] DEBUG PrimaryStageWindow   - GameScene -> DialogSubScene
22:35:42.201 [JavaFX Application Thread] DEBUG PrimaryStageWindow   - Pop state: DialogSubScene
22:35:42.201 [JavaFX Application Thread] DEBUG Input                - Clearing active input actions
22:35:42.201 [JavaFX Application Thread] DEBUG GameApplicationServi - Removing overlay from DialogSubScene and adding to GameScene
22:35:42.201 [JavaFX Application Thread] DEBUG PrimaryStageWindow   - GameScene <- DialogSubScene
22:35:43.091 [JavaFX Application Thread] DEBUG AudioPlayer          - Playing music com.almasb.fxgl.audio.Music@199c4884
22:35:43.159 [JavaFX Application Thread] DEBUG AudioPlayer          - Playing music com.almasb.fxgl.audio.Music@199c4884
22:35:43.394 [JavaFX Application Thread] DEBUG PrimaryStageWindow   - Push state: DialogSubScene
22:35:43.394 [JavaFX Application Thread] DEBUG Input                - Clearing active input actions
22:35:43.394 [JavaFX Application Thread] DEBUG GameApplicationServi - Removing overlay from GameScene and adding to DialogSubScene
22:35:43.394 [JavaFX Application Thread] DEBUG PrimaryStageWindow   - GameScene -> DialogSubScene
22:35:44.301 [JavaFX Application Thread] DEBUG PrimaryStageWindow   - Pop state: DialogSubScene
22:35:44.301 [JavaFX Application Thread] DEBUG Input                - Clearing active input actions
22:35:44.301 [JavaFX Application Thread] DEBUG GameApplicationServi - Removing overlay from DialogSubScene and adding to GameScene
22:35:44.301 [JavaFX Application Thread] DEBUG PrimaryStageWindow   - GameScene <- DialogSubScene
22:35:46.617 [JavaFX Application Thread] DEBUG AudioPlayer          - Playing music com.almasb.fxgl.audio.Music@199c4884
22:35:47.247 [JavaFX Application Thread] DEBUG AudioPlayer          - Playing music com.almasb.fxgl.audio.Music@199c4884
22:35:47.404 [JavaFX Application Thread] DEBUG AudioPlayer          - Playing music com.almasb.fxgl.audio.Music@199c4884
22:35:47.609 [JavaFX Application Thread] DEBUG PrimaryStageWindow   - Push state: DialogSubScene
22:35:47.609 [JavaFX Application Thread] DEBUG Input                - Clearing active input actions
22:35:47.610 [JavaFX Application Thread] DEBUG GameApplicationServi - Removing overlay from GameScene and adding to DialogSubScene
22:35:47.610 [JavaFX Application Thread] DEBUG PrimaryStageWindow   - GameScene -> DialogSubScene
22:35:49.333 [JavaFX Application Thread] DEBUG PrimaryStageWindow   - Pop state: DialogSubScene
22:35:49.333 [JavaFX Application Thread] DEBUG Input                - Clearing active input actions
22:35:49.333 [JavaFX Application Thread] DEBUG GameApplicationServi - Removing overlay from DialogSubScene and adding to GameScene
22:35:49.333 [JavaFX Application Thread] DEBUG PrimaryStageWindow   - GameScene <- DialogSubScene
22:35:51.829 [JavaFX Application Thread] DEBUG AudioPlayer          - Playing music com.almasb.fxgl.audio.Music@199c4884
22:35:51.852 [JavaFX Application Thread] DEBUG AudioPlayer          - Playing music com.almasb.fxgl.audio.Music@199c4884
22:35:52.094 [JavaFX Application Thread] DEBUG PrimaryStageWindow   - Push state: DialogSubScene
22:35:52.094 [JavaFX Application Thread] DEBUG Input                - Clearing active input actions
22:35:52.094 [JavaFX Application Thread] DEBUG GameApplicationServi - Removing overlay from GameScene and adding to DialogSubScene
22:35:52.094 [JavaFX Application Thread] DEBUG PrimaryStageWindow   - GameScene -> DialogSubScene
22:35:53.166 [JavaFX Application Thread] DEBUG PrimaryStageWindow   - Pop state: DialogSubScene
22:35:53.166 [JavaFX Application Thread] DEBUG Input                - Clearing active input actions
22:35:53.166 [JavaFX Application Thread] DEBUG GameApplicationServi - Removing overlay from DialogSubScene and adding to GameScene
22:35:53.166 [JavaFX Application Thread] DEBUG PrimaryStageWindow   - GameScene <- DialogSubScene
22:35:55.160 [JavaFX Application Thread] DEBUG AudioPlayer          - Playing music com.almasb.fxgl.audio.Music@199c4884
22:35:55.393 [JavaFX Application Thread] DEBUG PrimaryStageWindow   - Push state: DialogSubScene
22:35:55.393 [JavaFX Application Thread] DEBUG Input                - Clearing active input actions
22:35:55.393 [JavaFX Application Thread] DEBUG GameApplicationServi - Removing overlay from GameScene and adding to DialogSubScene
22:35:55.393 [JavaFX Application Thread] DEBUG PrimaryStageWindow   - GameScene -> DialogSubScene
22:35:56.203 [JavaFX Application Thread] DEBUG PrimaryStageWindow   - Pop state: DialogSubScene
22:35:56.203 [JavaFX Application Thread] DEBUG Input                - Clearing active input actions
22:35:56.203 [JavaFX Application Thread] DEBUG GameApplicationServi - Removing overlay from DialogSubScene and adding to GameScene
22:35:56.203 [JavaFX Application Thread] DEBUG PrimaryStageWindow   - GameScene <- DialogSubScene
22:35:58.160 [JavaFX Application Thread] DEBUG AudioPlayer          - Playing music com.almasb.fxgl.audio.Music@199c4884
22:35:58.370 [JavaFX Application Thread] DEBUG PrimaryStageWindow   - Push state: DialogSubScene
22:35:58.370 [JavaFX Application Thread] DEBUG Input                - Clearing active input actions
22:35:58.371 [JavaFX Application Thread] DEBUG GameApplicationServi - Removing overlay from GameScene and adding to DialogSubScene
22:35:58.371 [JavaFX Application Thread] DEBUG PrimaryStageWindow   - GameScene -> DialogSubScene
22:35:59.271 [JavaFX Application Thread] DEBUG PrimaryStageWindow   - Pop state: DialogSubScene
22:35:59.271 [JavaFX Application Thread] DEBUG Input                - Clearing active input actions
22:35:59.271 [JavaFX Application Thread] DEBUG GameApplicationServi - Removing overlay from DialogSubScene and adding to GameScene
22:35:59.271 [JavaFX Application Thread] DEBUG PrimaryStageWindow   - GameScene <- DialogSubScene
22:36:00.365 [JavaFX Application Thread] DEBUG AudioPlayer          - Playing music com.almasb.fxgl.audio.Music@199c4884
22:36:00.409 [JavaFX Application Thread] DEBUG AudioPlayer          - Playing music com.almasb.fxgl.audio.Music@199c4884
22:36:00.605 [JavaFX Application Thread] DEBUG PrimaryStageWindow   - Push state: DialogSubScene
22:36:00.605 [JavaFX Application Thread] DEBUG Input                - Clearing active input actions
22:36:00.605 [JavaFX Application Thread] DEBUG GameApplicationServi - Removing overlay from GameScene and adding to DialogSubScene
22:36:00.605 [JavaFX Application Thread] DEBUG PrimaryStageWindow   - GameScene -> DialogSubScene
22:36:01.513 [JavaFX Application Thread] DEBUG PrimaryStageWindow   - Pop state: DialogSubScene
22:36:01.513 [JavaFX Application Thread] DEBUG Input                - Clearing active input actions
22:36:01.513 [JavaFX Application Thread] DEBUG GameApplicationServi - Removing overlay from DialogSubScene and adding to GameScene
22:36:01.513 [JavaFX Application Thread] DEBUG PrimaryStageWindow   - GameScene <- DialogSubScene
22:36:02.615 [JavaFX Application Thread] DEBUG AudioPlayer          - Playing music com.almasb.fxgl.audio.Music@199c4884
22:36:02.953 [JavaFX Application Thread] DEBUG PrimaryStageWindow   - Push state: DialogSubScene
22:36:02.954 [JavaFX Application Thread] DEBUG Input                - Clearing active input actions
22:36:02.954 [JavaFX Application Thread] DEBUG GameApplicationServi - Removing overlay from GameScene and adding to DialogSubScene
22:36:02.954 [JavaFX Application Thread] DEBUG PrimaryStageWindow   - GameScene -> DialogSubScene
22:36:03.973 [JavaFX Application Thread] DEBUG PrimaryStageWindow   - Pop state: DialogSubScene
22:36:03.973 [JavaFX Application Thread] DEBUG Input                - Clearing active input actions
22:36:03.974 [JavaFX Application Thread] DEBUG GameApplicationServi - Removing overlay from DialogSubScene and adding to GameScene
22:36:03.974 [JavaFX Application Thread] DEBUG PrimaryStageWindow   - GameScene <- DialogSubScene
22:36:07.857 [JavaFX Application Thread] DEBUG AudioPlayer          - Playing music com.almasb.fxgl.audio.Music@199c4884
22:36:08.143 [JavaFX Application Thread] DEBUG PrimaryStageWindow   - Push state: DialogSubScene
22:36:08.143 [JavaFX Application Thread] DEBUG Input                - Clearing active input actions
22:36:08.143 [JavaFX Application Thread] DEBUG GameApplicationServi - Removing overlay from GameScene and adding to DialogSubScene
22:36:08.143 [JavaFX Application Thread] DEBUG PrimaryStageWindow   - GameScene -> DialogSubScene
22:36:09.530 [JavaFX Application Thread] DEBUG PrimaryStageWindow   - Pop state: DialogSubScene
22:36:09.530 [JavaFX Application Thread] DEBUG Input                - Clearing active input actions
22:36:09.530 [JavaFX Application Thread] DEBUG GameApplicationServi - Removing overlay from DialogSubScene and adding to GameScene
22:36:09.530 [JavaFX Application Thread] DEBUG PrimaryStageWindow   - GameScene <- DialogSubScene
22:36:11.067 [JavaFX Application Thread] DEBUG AudioPlayer          - Playing music com.almasb.fxgl.audio.Music@199c4884
22:36:11.127 [JavaFX Application Thread] DEBUG AudioPlayer          - Playing music com.almasb.fxgl.audio.Music@199c4884
22:36:11.405 [JavaFX Application Thread] DEBUG PrimaryStageWindow   - Push state: DialogSubScene
22:36:11.405 [JavaFX Application Thread] DEBUG Input                - Clearing active input actions
22:36:11.405 [JavaFX Application Thread] DEBUG GameApplicationServi - Removing overlay from GameScene and adding to DialogSubScene
22:36:11.405 [JavaFX Application Thread] DEBUG PrimaryStageWindow   - GameScene -> DialogSubScene
22:36:12.883 [JavaFX Application Thread] DEBUG PrimaryStageWindow   - Pop state: DialogSubScene
22:36:12.883 [JavaFX Application Thread] DEBUG Input                - Clearing active input actions
22:36:12.883 [JavaFX Application Thread] DEBUG GameApplicationServi - Removing overlay from DialogSubScene and adding to GameScene
22:36:12.883 [JavaFX Application Thread] DEBUG PrimaryStageWindow   - GameScene <- DialogSubScene
22:36:14.577 [JavaFX Application Thread] DEBUG AudioPlayer          - Playing music com.almasb.fxgl.audio.Music@199c4884
22:36:14.828 [JavaFX Application Thread] DEBUG AudioPlayer          - Playing music com.almasb.fxgl.audio.Music@199c4884
22:36:15.755 [JavaFX Application Thread] DEBUG AudioPlayer          - Playing music com.almasb.fxgl.audio.Music@199c4884
22:36:15.995 [JavaFX Application Thread] DEBUG AudioPlayer          - Playing music com.almasb.fxgl.audio.Music@199c4884
22:36:16.236 [JavaFX Application Thread] DEBUG PrimaryStageWindow   - Push state: DialogSubScene
22:36:16.236 [JavaFX Application Thread] DEBUG Input                - Clearing active input actions
22:36:16.236 [JavaFX Application Thread] DEBUG GameApplicationServi - Removing overlay from GameScene and adding to DialogSubScene
22:36:16.236 [JavaFX Application Thread] DEBUG PrimaryStageWindow   - GameScene -> DialogSubScene
22:36:17.691 [JavaFX Application Thread] DEBUG PrimaryStageWindow   - Pop state: DialogSubScene
22:36:17.691 [JavaFX Application Thread] DEBUG Input                - Clearing active input actions
22:36:17.691 [JavaFX Application Thread] DEBUG GameApplicationServi - Removing overlay from DialogSubScene and adding to GameScene
22:36:17.691 [JavaFX Application Thread] DEBUG PrimaryStageWindow   - GameScene <- DialogSubScene
22:36:18.035 [JavaFX Application Thread] DEBUG AudioPlayer          - Playing music com.almasb.fxgl.audio.Music@199c4884
22:36:19.962 [JavaFX Application Thread] DEBUG AudioPlayer          - Playing music com.almasb.fxgl.audio.Music@199c4884
22:36:20.030 [JavaFX Application Thread] DEBUG AudioPlayer          - Playing music com.almasb.fxgl.audio.Music@199c4884
22:36:20.203 [JavaFX Application Thread] DEBUG PrimaryStageWindow   - Push state: DialogSubScene
22:36:20.203 [JavaFX Application Thread] DEBUG Input                - Clearing active input actions
22:36:20.204 [JavaFX Application Thread] DEBUG GameApplicationServi - Removing overlay from GameScene and adding to DialogSubScene
22:36:20.204 [JavaFX Application Thread] DEBUG PrimaryStageWindow   - GameScene -> DialogSubScene
22:36:22.012 [JavaFX Application Thread] DEBUG PrimaryStageWindow   - Pop state: DialogSubScene
22:36:22.012 [JavaFX Application Thread] DEBUG Input                - Clearing active input actions
22:36:22.012 [JavaFX Application Thread] DEBUG GameApplicationServi - Removing overlay from DialogSubScene and adding to GameScene
22:36:22.012 [JavaFX Application Thread] DEBUG PrimaryStageWindow   - GameScene <- DialogSubScene
22:36:22.115 [JavaFX Application Thread] DEBUG AudioPlayer          - Playing music com.almasb.fxgl.audio.Music@199c4884
22:36:22.241 [JavaFX Application Thread] DEBUG AudioPlayer          - Playing music com.almasb.fxgl.audio.Music@199c4884
22:36:22.692 [JavaFX Application Thread] DEBUG AudioPlayer          - Playing music com.almasb.fxgl.audio.Music@199c4884
22:36:23.181 [JavaFX Application Thread] DEBUG PrimaryStageWindow   - Push state: DialogSubScene
22:36:23.181 [JavaFX Application Thread] DEBUG Input                - Clearing active input actions
22:36:23.181 [JavaFX Application Thread] DEBUG GameApplicationServi - Removing overlay from GameScene and adding to DialogSubScene
22:36:23.181 [JavaFX Application Thread] DEBUG PrimaryStageWindow   - GameScene -> DialogSubScene
22:36:32.490 [JavaFX Application Thread] DEBUG PrimaryStageWindow   - Pop state: DialogSubScene
22:36:32.490 [JavaFX Application Thread] DEBUG Input                - Clearing active input actions
22:36:32.491 [JavaFX Application Thread] DEBUG GameApplicationServi - Removing overlay from DialogSubScene and adding to GameScene
22:36:32.491 [JavaFX Application Thread] DEBUG PrimaryStageWindow   - GameScene <- DialogSubScene
22:36:32.704 [JavaFX Application Thread] DEBUG AudioPlayer          - Playing music com.almasb.fxgl.audio.Music@199c4884
22:36:33.994 [JavaFX Application Thread] DEBUG AudioPlayer          - Playing music com.almasb.fxgl.audio.Music@199c4884
22:36:34.049 [JavaFX Application Thread] DEBUG AudioPlayer          - Playing music com.almasb.fxgl.audio.Music@199c4884
22:36:34.206 [JavaFX Application Thread] DEBUG PrimaryStageWindow   - Push state: DialogSubScene
22:36:34.206 [JavaFX Application Thread] DEBUG Input                - Clearing active input actions
22:36:34.206 [JavaFX Application Thread] DEBUG GameApplicationServi - Removing overlay from GameScene and adding to DialogSubScene
22:36:34.206 [JavaFX Application Thread] DEBUG PrimaryStageWindow   - GameScene -> DialogSubScene
22:36:36.022 [JavaFX Application Thread] DEBUG PrimaryStageWindow   - Pop state: DialogSubScene
22:36:36.022 [JavaFX Application Thread] DEBUG Input                - Clearing active input actions
22:36:36.022 [JavaFX Application Thread] DEBUG GameApplicationServi - Removing overlay from DialogSubScene and adding to GameScene
22:36:36.022 [JavaFX Application Thread] DEBUG PrimaryStageWindow   - GameScene <- DialogSubScene
22:36:36.665 [JavaFX Application Thread] DEBUG AudioPlayer          - Playing music com.almasb.fxgl.audio.Music@199c4884
22:36:36.687 [JavaFX Application Thread] DEBUG AudioPlayer          - Playing music com.almasb.fxgl.audio.Music@199c4884
22:36:36.950 [JavaFX Application Thread] DEBUG PrimaryStageWindow   - Push state: DialogSubScene
22:36:36.950 [JavaFX Application Thread] DEBUG Input                - Clearing active input actions
22:36:36.952 [JavaFX Application Thread] DEBUG GameApplicationServi - Removing overlay from GameScene and adding to DialogSubScene
22:36:36.952 [JavaFX Application Thread] DEBUG PrimaryStageWindow   - GameScene -> DialogSubScene
22:36:38.721 [JavaFX Application Thread] DEBUG PrimaryStageWindow   - Pop state: DialogSubScene
22:36:38.721 [JavaFX Application Thread] DEBUG Input                - Clearing active input actions
22:36:38.721 [JavaFX Application Thread] DEBUG GameApplicationServi - Removing overlay from DialogSubScene and adding to GameScene
22:36:38.721 [JavaFX Application Thread] DEBUG PrimaryStageWindow   - GameScene <- DialogSubScene
22:36:38.825 [JavaFX Application Thread] DEBUG AudioPlayer          - Playing music com.almasb.fxgl.audio.Music@199c4884
22:36:38.952 [JavaFX Application Thread] DEBUG AudioPlayer          - Playing music com.almasb.fxgl.audio.Music@199c4884
22:36:39.245 [JavaFX Application Thread] DEBUG AudioPlayer          - Playing music com.almasb.fxgl.audio.Music@199c4884
22:36:39.426 [JavaFX Application Thread] DEBUG PrimaryStageWindow   - Push state: DialogSubScene
22:36:39.426 [JavaFX Application Thread] DEBUG Input                - Clearing active input actions
22:36:39.426 [JavaFX Application Thread] DEBUG GameApplicationServi - Removing overlay from GameScene and adding to DialogSubScene
22:36:39.427 [JavaFX Application Thread] DEBUG PrimaryStageWindow   - GameScene -> DialogSubScene
22:36:50.653 [JavaFX Application Thread] DEBUG PrimaryStageWindow   - Pop state: DialogSubScene
22:36:50.654 [JavaFX Application Thread] DEBUG Input                - Clearing active input actions
22:36:50.654 [JavaFX Application Thread] DEBUG GameApplicationServi - Removing overlay from DialogSubScene and adding to GameScene
22:36:50.654 [JavaFX Application Thread] DEBUG PrimaryStageWindow   - GameScene <- DialogSubScene
22:36:52.678 [JavaFX Application Thread] DEBUG AudioPlayer          - Playing music com.almasb.fxgl.audio.Music@199c4884
22:36:52.738 [JavaFX Application Thread] DEBUG AudioPlayer          - Playing music com.almasb.fxgl.audio.Music@199c4884
22:36:52.927 [JavaFX Application Thread] DEBUG PrimaryStageWindow   - Push state: DialogSubScene
22:36:52.927 [JavaFX Application Thread] DEBUG Input                - Clearing active input actions
22:36:52.927 [JavaFX Application Thread] DEBUG GameApplicationServi - Removing overlay from GameScene and adding to DialogSubScene
22:36:52.927 [JavaFX Application Thread] DEBUG PrimaryStageWindow   - GameScene -> DialogSubScene
22:36:58.304 [JavaFX Application Thread] DEBUG PrimaryStageWindow   - Pop state: DialogSubScene
22:36:58.304 [JavaFX Application Thread] DEBUG Input                - Clearing active input actions
22:36:58.304 [JavaFX Application Thread] DEBUG GameApplicationServi - Removing overlay from DialogSubScene and adding to GameScene
22:36:58.304 [JavaFX Application Thread] DEBUG PrimaryStageWindow   - GameScene <- DialogSubScene
22:36:59.000 [JavaFX Application Thread] DEBUG AudioPlayer          - Playing music com.almasb.fxgl.audio.Music@199c4884
22:36:59.045 [JavaFX Application Thread] DEBUG AudioPlayer          - Playing music com.almasb.fxgl.audio.Music@199c4884
22:36:59.307 [JavaFX Application Thread] DEBUG AudioPlayer          - Playing music com.almasb.fxgl.audio.Music@199c4884
22:37:13.235 [JavaFX Application Thread] DEBUG AudioPlayer          - Playing music com.almasb.fxgl.audio.Music@199c4884
22:37:48.973 [JavaFX Application Thread] DEBUG AudioPlayer          - Playing music com.almasb.fxgl.audio.Music@199c4884
22:37:49.033 [JavaFX Application Thread] DEBUG AudioPlayer          - Playing music com.almasb.fxgl.audio.Music@199c4884
22:37:50.173 [JavaFX Application Thread] DEBUG AudioPlayer          - Playing music com.almasb.fxgl.audio.Music@199c4884
22:38:21.736 [JavaFX Application Thread] DEBUG LoopRunner           - Stopping loop
22:38:21.738 [JavaFX Application Thread] FATAL FXGLApplication      - Uncaught Exception:
java.lang.IllegalArgumentException: Component PieceComponent not found!
	at com.almasb.fxgl.entity.Entity.getComponent(Entity.java:366)
	at edu.sustech.xiangqi.controller.boardController.handleMove(boardController.java:272)
	at edu.sustech.xiangqi.controller.boardController.onGridClicked(boardController.java:252)
	at edu.sustech.xiangqi.controller.InputHandler.handleMouseClick(InputHandler.java:40)
	at edu.sustech.xiangqi.XiangQiApp$2.onActionEnd(XiangQiApp.java:451)
	at com.almasb.fxgl.input.UserAction.end$fxgl_core(UserAction.kt:39)
	at com.almasb.fxgl.input.Input.handleReleased(Input.kt:418)
	at com.almasb.fxgl.input.Input.onMouseEvent(Input.kt:331)
	at com.almasb.fxgl.input.Input.onMouseEvent(Input.kt:318)
	at com.almasb.fxgl.app.PrimaryStageWindow$2$1.invoke(MainWindow.kt:319)
	at com.almasb.fxgl.app.PrimaryStageWindow$2$1.invoke(MainWindow.kt:319)
	at com.almasb.fxgl.core.fsm.StateMachine.runOnActiveStates(StateMachine.kt:69)
	at com.almasb.fxgl.app.PrimaryStageWindow$2.invoke(MainWindow.kt:319)
	at com.almasb.fxgl.app.PrimaryStageWindow$2.invoke(MainWindow.kt:317)
	at com.almasb.fxgl.app.MainWindow.addMouseHandler$lambda$2(MainWindow.kt:243)
	at com.sun.javafx.event.CompositeEventHandler$NormalEventHandlerRecord.handleBubblingEvent(CompositeEventHandler.java:247)
	at com.sun.javafx.event.CompositeEventHandler.dispatchBubblingEvent(CompositeEventHandler.java:80)
	at com.sun.javafx.event.EventHandlerManager.dispatchBubblingEvent(EventHandlerManager.java:232)
	at com.sun.javafx.event.EventHandlerManager.dispatchBubblingEvent(EventHandlerManager.java:189)
	at com.sun.javafx.event.CompositeEventDispatcher.dispatchBubblingEvent(CompositeEventDispatcher.java:59)
	at com.sun.javafx.event.BasicEventDispatcher.dispatchEvent(BasicEventDispatcher.java:58)
	at com.sun.javafx.event.EventDispatchChainImpl.dispatchEvent(EventDispatchChainImpl.java:114)
	at com.sun.javafx.event.BasicEventDispatcher.dispatchEvent(BasicEventDispatcher.java:56)
	at com.sun.javafx.event.EventDispatchChainImpl.dispatchEvent(EventDispatchChainImpl.java:114)
	at com.sun.javafx.event.EventUtil.fireEventImpl(EventUtil.java:74)
	at com.sun.javafx.event.EventUtil.fireEvent(EventUtil.java:54)
	at javafx.event.Event.fireEvent(Event.java:198)
	at javafx.scene.Scene$MouseHandler.process(Scene.java:3984)
	at javafx.scene.Scene.processMouseEvent(Scene.java:1890)
	at javafx.scene.Scene$ScenePeerListener.mouseEvent(Scene.java:2708)
	at com.sun.javafx.tk.quantum.GlassViewEventHandler$MouseEventNotification.run(GlassViewEventHandler.java:411)
	at com.sun.javafx.tk.quantum.GlassViewEventHandler$MouseEventNotification.run(GlassViewEventHandler.java:301)
	at java.base/java.security.AccessController.doPrivileged(AccessController.java:400)
	at com.sun.javafx.tk.quantum.GlassViewEventHandler.lambda$handleMouseEvent$2(GlassViewEventHandler.java:450)
	at com.sun.javafx.tk.quantum.QuantumToolkit.runWithoutRenderLock(QuantumToolkit.java:424)
	at com.sun.javafx.tk.quantum.GlassViewEventHandler.handleMouseEvent(GlassViewEventHandler.java:449)
	at com.sun.glass.ui.View.handleMouseEvent(View.java:551)
	at com.sun.glass.ui.View.notifyMouse(View.java:937)
	at com.sun.glass.ui.win.WinApplication._runLoop(Native Method)
	at com.sun.glass.ui.win.WinApplication.lambda$runLoop$3(WinApplication.java:185)
	at java.base/java.lang.Thread.run(Thread.java:1575)

22:38:21.738 [JavaFX Application Thread] FATAL FXGLApplication      - Application will now exit
22:38:21.753 [JavaFX Application Thread] DEBUG PrimaryStageWindow   - Push state: ErrorSubScene
22:38:21.753 [JavaFX Application Thread] DEBUG Input                - Clearing active input actions
22:38:21.756 [JavaFX Application Thread] DEBUG GameApplicationServi - Removing overlay from GameScene and adding to ErrorSubScene
22:38:21.756 [JavaFX Application Thread] DEBUG PrimaryStageWindow   - GameScene -> ErrorSubScene
22:38:30.045 [JavaFX Application Thread] DEBUG FXGLApplication      - Exiting FXGL
22:38:30.045 [JavaFX Application Thread] DEBUG Async                - Shutting down background threads
22:38:30.045 [JavaFX Application Thread] DEBUG PrimaryStageWindow   - Closing main window
22:38:30.062 [JavaFX Application Thread] DEBUG Logger               - Closing Logger
