23:48:15.580 [main                     ] DEBUG Logger               - Configured Logger
23:48:15.594 [main                     ] DEBUG GameApplication      - Logging settings
Title: 中国象棋 1.0
Version: 1.0
Width: 1386
Height: 887
Fullscreen: false
Intro: false
Profiling: false
Single step:false
App Mode: DEVELOPER
Menu Key: ESCAPE
Stage Style: DECORATED
Scene Factory: class edu.sustech.xiangqi.XiangQiApp$1

23:48:16.207 [JavaFX Application Thread] DEBUG FXGLApplication      - Initializing FXGL
23:48:16.209 [JavaFX Application Thread] INFO  Engine               - FXGL-21.1 (27.03.2024 07.52) on WINDOWS (J:23.0.2 FX:21.0.1)
23:48:16.209 [JavaFX Application Thread] DEBUG Engine               - JRE Vendor Name: Amazon.com Inc.
23:48:16.209 [JavaFX Application Thread] DEBUG Engine               - Running on OS: Windows 11 version 10.0
23:48:16.209 [JavaFX Application Thread] DEBUG Engine               - Architecture: amd64
23:48:16.210 [JavaFX Application Thread] INFO  Engine               - Source code and latest versions at: https://github.com/AlmasB/FXGL
23:48:16.210 [JavaFX Application Thread] INFO  Engine               -       Ask questions and discuss at: https://github.com/AlmasB/FXGL/discussions
23:48:16.210 [JavaFX Application Thread] INFO  Engine               -              Join the FXGL chat at: https://gitter.im/AlmasB/FXGL
23:48:16.287 [JavaFX Application Thread] DEBUG PrimaryStageWindow   - Creating a JavaFX scene
23:48:16.320 [JavaFX Application Thread] DEBUG PrimaryStageWindow   - Target settings size: 1386.0 x 887.0
23:48:16.320 [JavaFX Application Thread] DEBUG PrimaryStageWindow   - Scaled scene size:    1386.0 x 887.0
23:48:16.320 [JavaFX Application Thread] DEBUG PrimaryStageWindow   - Scaled ratio: (1.0, 1.0)
23:48:16.321 [JavaFX Application Thread] DEBUG PrimaryStageWindow   - Set initial scene to FXGLStartupScene
23:48:16.323 [JavaFX Application Thread] DEBUG PrimaryStageWindow   - Opening main window
23:48:16.402 [JavaFX Application Thread] DEBUG PrimaryStageWindow   - Window border size: (14.6666259765625, 37.66668701171875)
23:48:16.402 [JavaFX Application Thread] DEBUG PrimaryStageWindow   - Scaled size: 1386.0 x 887.0
23:48:16.402 [JavaFX Application Thread] DEBUG PrimaryStageWindow   - Scaled ratio: (1.0, 1.0)
23:48:16.403 [JavaFX Application Thread] DEBUG PrimaryStageWindow   - Scene size: 1386.0 x 887.0
23:48:16.403 [JavaFX Application Thread] DEBUG PrimaryStageWindow   - Stage size: 1400.6666259765625 x 924.6666870117188
23:48:16.407 [FXGL Background Thread 1 ] DEBUG Engine               - Initializing environment variables
23:48:16.436 [FXGL Background Thread 1 ] DEBUG FXGLAssetLoaderServi - User app class for loading assets: class edu.sustech.xiangqi.XiangQiApp
23:48:16.436 [FXGL Background Thread 1 ] DEBUG GameApplicationServi - Applying CSS: fxgl_dark.css
23:48:16.437 [FXGL Background Thread 1 ] DEBUG FXGLAssetLoaderServi - Loading from file system: jar:file:/C:/Users/%e5%b0%b9%e7%8e%ba%e9%aa%85/.m2/repository/com/github/almasb/fxgl/21.1/fxgl-21.1.jar!/fxglassets/ui/css/fxgl_dark.css
23:48:16.471 [FXGL Background Thread 1 ] DEBUG GameApplicationServi - Initializing application scenes
23:48:16.537 [FXGL Background Thread 1 ] DEBUG GameWorld            - Game world initialized
23:48:16.589 [FXGL Background Thread 1 ] DEBUG PhysicsWorld         - Physics world initialized: appHeight=887, physics.ppm=50.0
23:48:16.589 [FXGL Background Thread 1 ] DEBUG PhysicsWorld         - Using strategy: BRUTE_FORCE
23:48:16.592 [FXGL Background Thread 1 ] DEBUG GameScene            - Game scene initialized: 1386x887
23:48:16.600 [FXGL Background Thread 1 ] DEBUG FXGLAssetLoaderServi - Loading from file system: file:/E:/G2/java/final_project/team_project_1124/javaA-xiangqi-project-main/target/classes/assets/ui/fonts/HYPixel11pxU-2.ttf
23:48:16.619 [FXGL Background Thread 1 ] DEBUG FXGLAssetLoaderServi - Loading from file system: file:/E:/G2/java/final_project/team_project_1124/javaA-xiangqi-project-main/target/classes/assets/textures/Button1.png
23:48:16.671 [FXGL Background Thread 1 ] DEBUG GameApplicationServi - Application scenes initialized
23:48:16.679 [FXGL Background Thread 1 ] DEBUG SystemBundleService  - Loading FXGL system data
23:48:16.680 [FXGL Background Thread 1 ] DEBUG FileSystemAccess     - Reading from: E:\G2\java\final_project\team_project_1124\javaA-xiangqi-project-main\system\fxgl.bundle
23:48:16.682 [FXGL Background Thread 1 ] DEBUG SystemBundleService  - Bundle FXGL: {}
23:48:16.682 [FXGL Background Thread 1 ] DEBUG UpdaterService       - Checking for updates
23:48:16.689 [FXGL Background Thread 4 ] DEBUG FXGLApplication      - Loading fonts
23:48:16.690 [FXGL Background Thread 4 ] DEBUG FXGLAssetLoaderServi - Loading from file system: jar:file:/C:/Users/%e5%b0%b9%e7%8e%ba%e9%aa%85/.m2/repository/com/github/almasb/fxgl/21.1/fxgl-21.1.jar!/fxglassets/ui/fonts/VarelaRound-Regular.ttf
23:48:16.690 [FXGL Background Thread 1 ] DEBUG FXGLApplication      - Loading default localization
23:48:16.691 [FXGL Background Thread 1 ] DEBUG FXGLAssetLoaderServi - Loading from file system: jar:file:/C:/Users/%e5%b0%b9%e7%8e%ba%e9%aa%85/.m2/repository/com/github/almasb/fxgl/21.1/fxgl-21.1.jar!/fxglassets/languages/english.lang
23:48:16.696 [FXGL Background Thread 4 ] DEBUG FXGLAssetLoaderServi - Loading from file system: jar:file:/C:/Users/%e5%b0%b9%e7%8e%ba%e9%aa%85/.m2/repository/com/github/almasb/fxgl/21.1/fxgl-21.1.jar!/fxglassets/ui/fonts/Abel-Regular.ttf
23:48:16.698 [FXGL Background Thread 4 ] DEBUG FXGLAssetLoaderServi - Loading from file system: jar:file:/C:/Users/%e5%b0%b9%e7%8e%ba%e9%aa%85/.m2/repository/com/github/almasb/fxgl/21.1/fxgl-21.1.jar!/fxglassets/ui/fonts/TerminalLandMono-Regular.otf
23:48:16.702 [FXGL Background Thread 4 ] DEBUG FXGLAssetLoaderServi - Loading from file system: jar:file:/C:/Users/%e5%b0%b9%e7%8e%ba%e9%aa%85/.m2/repository/com/github/almasb/fxgl/21.1/fxgl-21.1.jar!/fxglassets/ui/fonts/Courier-Prime.ttf
23:48:16.706 [JavaFX Application Thread] DEBUG FXGLApplication      - Registering font factories with UI factory
23:48:16.724 [FXGL Background Thread 1 ] INFO  FXGLApplication      - FXGL initialization took: 0.317 sec
23:48:16.731 [JavaFX Application Thread] DEBUG Input                - Registered new binding: Click - LMB
23:48:16.732 [JavaFX Application Thread] DEBUG FXGLAssetLoaderServi - Loading from file system: jar:file:/C:/Users/%e5%b0%b9%e7%8e%ba%e9%aa%85/.m2/repository/com/github/almasb/fxgl/21.1/fxgl-21.1.jar!/fxglassets/textures/fxgl_icon.png
23:48:16.754 [JavaFX Application Thread] DEBUG FXGLAssetLoaderServi - Loading from file system: jar:file:/C:/Users/%e5%b0%b9%e7%8e%ba%e9%aa%85/.m2/repository/com/github/almasb/fxgl/21.1/fxgl-21.1.jar!/fxglassets/textures/fxgl_default_cursor.png
23:48:16.761 [JavaFX Application Thread] DEBUG Input                - Registered new binding: Screenshot - CTRL+8
23:48:16.761 [JavaFX Application Thread] DEBUG Input                - Registered new binding: System info dump - CTRL+9
23:48:16.763 [JavaFX Application Thread] DEBUG Input                - Registered new binding: Restart - CTRL+R
23:48:16.763 [JavaFX Application Thread] DEBUG Input                - Registered new binding: Toggle Debug Camera - CTRL+7
23:48:16.766 [JavaFX Application Thread] DEBUG LoopRunner           - Starting loop
23:48:16.766 [JavaFX Application Thread] DEBUG LoopRunner           - Initializing JavaFX AnimationTimerLoop
23:48:16.768 [JavaFX Application Thread] DEBUG Input                - Clearing active input actions
23:48:16.772 [JavaFX Application Thread] DEBUG GameApplicationServi - Removing overlay from FXGLStartupScene and adding to FXGLMainMenuDummyScene
23:48:16.772 [JavaFX Application Thread] DEBUG PrimaryStageWindow   - FXGLStartupScene -> FXGLMainMenuDummyScene
23:48:16.772 [JavaFX Application Thread] DEBUG PrimaryStageWindow   - Push state: MainMenuScene
23:48:16.773 [JavaFX Application Thread] DEBUG Input                - Clearing active input actions
23:48:16.778 [JavaFX Application Thread] DEBUG GameApplicationServi - Removing overlay from FXGLMainMenuDummyScene and adding to MainMenuScene
23:48:16.778 [JavaFX Application Thread] DEBUG PrimaryStageWindow   - FXGLMainMenuDummyScene -> MainMenuScene
23:48:17.344 [JavaFX Application Thread] DEBUG FXGLAssetLoaderServi - Loading from file system: file:/E:/G2/java/final_project/team_project_1124/javaA-xiangqi-project-main/target/classes/assets/music/%e6%8c%89%e9%92%ae%e9%9f%b3%e6%95%881.mp3
23:48:17.533 [JavaFX Application Thread] DEBUG AudioPlayer          - Playing music com.almasb.fxgl.audio.Music@3aee1f6b
23:48:17.535 [JavaFX Application Thread] DEBUG AudioPlayer          - Playing music com.almasb.fxgl.audio.Music@3aee1f6b
23:48:17.697 [JavaFX Application Thread] DEBUG AudioPlayer          - Playing music com.almasb.fxgl.audio.Music@3aee1f6b
23:48:18.251 [JavaFX Application Thread] DEBUG AudioPlayer          - Playing music com.almasb.fxgl.audio.Music@3aee1f6b
23:48:19.560 [JavaFX Application Thread] DEBUG FXGLAssetLoaderServi - Loading from file system: file:/E:/G2/java/final_project/team_project_1124/javaA-xiangqi-project-main/target/classes/assets/textures/Press.png
23:48:19.561 [JavaFX Application Thread] DEBUG AudioPlayer          - Playing music com.almasb.fxgl.audio.Music@3aee1f6b
23:48:19.624 [JavaFX Application Thread] DEBUG Menu                 - fireNewGame()
23:48:19.624 [JavaFX Application Thread] DEBUG GameApplicationServi - Starting new game
23:48:19.624 [JavaFX Application Thread] DEBUG PrimaryStageWindow   - Pop state: MainMenuScene
23:48:19.624 [JavaFX Application Thread] DEBUG Input                - Clearing active input actions
23:48:19.624 [JavaFX Application Thread] DEBUG GameApplicationServi - Removing overlay from MainMenuScene and adding to FXGLMainMenuDummyScene
23:48:19.624 [JavaFX Application Thread] DEBUG PrimaryStageWindow   - FXGLMainMenuDummyScene <- MainMenuScene
23:48:19.625 [JavaFX Application Thread] DEBUG Input                - Clearing active input actions
23:48:19.630 [JavaFX Application Thread] DEBUG GameApplicationServi - Removing overlay from FXGLMainMenuDummyScene and adding to FXGLLoadingScene
23:48:19.630 [JavaFX Application Thread] DEBUG PrimaryStageWindow   - FXGLMainMenuDummyScene -> FXGLLoadingScene
23:48:19.630 [JavaFX Application Thread] DEBUG GameApplicationServi - Clearing previous game
23:48:19.630 [JavaFX Application Thread] DEBUG GameScene            - Clearing game scene
23:48:19.630 [JavaFX Application Thread] DEBUG GameWorld            - Clearing game world
23:48:19.630 [JavaFX Application Thread] DEBUG PhysicsWorld         - Clearing physics world
23:48:19.631 [FXGL Background Thread 2 ] DEBUG FXGLApplication      - Initializing game
23:48:19.638 [FXGL Background Thread 2 ] DEBUG FXGLAssetLoaderServi - Loading from file system: file:/E:/G2/java/final_project/team_project_1124/javaA-xiangqi-project-main/target/classes/assets/textures/%e8%83%8c%e6%99%af.jpg
23:48:19.687 [FXGL Background Thread 3 ] DEBUG Engine               - Logging environment variables
23:48:19.687 [FXGL Background Thread 3 ] DEBUG Engine               - achievements: []
23:48:19.687 [FXGL Background Thread 3 ] DEBUG Engine               - actualHeight: 887.0
23:48:19.687 [FXGL Background Thread 3 ] DEBUG Engine               - actualHeightProperty: ReadOnlyDoubleProperty [value: 887.0]
23:48:19.687 [FXGL Background Thread 3 ] DEBUG Engine               - actualWidth: 1386.0
23:48:19.687 [FXGL Background Thread 3 ] DEBUG Engine               - actualWidthProperty: ReadOnlyDoubleProperty [value: 1386.0]
23:48:19.687 [FXGL Background Thread 3 ] DEBUG Engine               - appIcon: fxgl_icon.png
23:48:19.687 [FXGL Background Thread 3 ] DEBUG Engine               - applicationMode: DEVELOPER
23:48:19.687 [FXGL Background Thread 3 ] DEBUG Engine               - cSSList: [fxgl_dark.css]
23:48:19.688 [FXGL Background Thread 3 ] DEBUG Engine               - collisionDetectionStrategy: BRUTE_FORCE
23:48:19.688 [FXGL Background Thread 3 ] DEBUG Engine               - configClass: Optional.empty
23:48:19.688 [FXGL Background Thread 3 ] DEBUG Engine               - credits: []
23:48:19.689 [FXGL Background Thread 3 ] DEBUG Engine               - defaultCursor: CursorInfo(imageName=fxgl_default_cursor.png, hotspotX=7.0, hotspotY=6.0)
23:48:19.689 [FXGL Background Thread 3 ] DEBUG Engine               - devBBoxColorProperty: ObjectProperty [value: 0xff0000ff]
23:48:19.689 [FXGL Background Thread 3 ] DEBUG Engine               - devEnableDebugCameraProperty: BooleanProperty [value: false]
23:48:19.689 [FXGL Background Thread 3 ] DEBUG Engine               - devSensorColorProperty: ObjectProperty [value: 0xffff00ff]
23:48:19.689 [FXGL Background Thread 3 ] DEBUG Engine               - devShowBBoxProperty: BooleanProperty [value: false]
23:48:19.689 [FXGL Background Thread 3 ] DEBUG Engine               - devShowPositionProperty: BooleanProperty [value: false]
23:48:19.689 [FXGL Background Thread 3 ] DEBUG Engine               - enabledMenuItems: []
23:48:19.689 [FXGL Background Thread 3 ] DEBUG Engine               - engineServices: [class com.almasb.fxgl.app.services.FXGLAssetLoaderService, class com.almasb.fxgl.app.FXGLApplication$GameApplicationService, class com.almasb.fxgl.app.services.FXGLDialogService, class com.almasb.fxgl.app.services.IOTaskExecutorService, class com.almasb.fxgl.io.FileSystemService, class com.almasb.fxgl.localization.LocalizationService, class com.almasb.fxgl.app.services.SystemBundleService, class com.almasb.fxgl.profile.SaveLoadService, class com.almasb.fxgl.ui.FXGLUIFactoryServiceProvider, class com.almasb.fxgl.ui.FXGLDialogFactoryServiceProvider, class com.almasb.fxgl.audio.AudioPlayer, class com.almasb.fxgl.notification.impl.NotificationServiceProvider, class com.almasb.fxgl.achievement.AchievementService, class com.almasb.fxgl.cutscene.CutsceneService, class com.almasb.fxgl.minigames.MiniGameService, class com.almasb.fxgl.net.NetService, class com.almasb.fxgl.app.services.UpdaterService, class com.almasb.fxgl.dev.DevService]
23:48:19.689 [FXGL Background Thread 3 ] DEBUG Engine               - fontGame: Abel-Regular.ttf
23:48:19.689 [FXGL Background Thread 3 ] DEBUG Engine               - fontMono: TerminalLandMono-Regular.otf
23:48:19.689 [FXGL Background Thread 3 ] DEBUG Engine               - fontSizeScaleUI: 1.0
23:48:19.689 [FXGL Background Thread 3 ] DEBUG Engine               - fontText: Courier-Prime.ttf
23:48:19.689 [FXGL Background Thread 3 ] DEBUG Engine               - fontUI: VarelaRound-Regular.ttf
23:48:19.690 [FXGL Background Thread 3 ] DEBUG Engine               - fullScreen: BooleanProperty [value: false]
23:48:19.690 [FXGL Background Thread 3 ] DEBUG Engine               - gameDifficulty: MEDIUM
23:48:19.690 [FXGL Background Thread 3 ] DEBUG Engine               - gameDifficultyProperty: ObjectProperty [value: MEDIUM]
23:48:19.690 [FXGL Background Thread 3 ] DEBUG Engine               - globalMusicVolume: 0.5
23:48:19.690 [FXGL Background Thread 3 ] DEBUG Engine               - globalMusicVolumeProperty: DoubleProperty [value: 0.5]
23:48:19.690 [FXGL Background Thread 3 ] DEBUG Engine               - globalSoundVolume: 0.5
23:48:19.690 [FXGL Background Thread 3 ] DEBUG Engine               - globalSoundVolumeProperty: DoubleProperty [value: 0.5]
23:48:19.690 [FXGL Background Thread 3 ] DEBUG Engine               - height: 887
23:48:19.690 [FXGL Background Thread 3 ] DEBUG Engine               - is3D: false
23:48:19.690 [FXGL Background Thread 3 ] DEBUG Engine               - isAndroid: false
23:48:19.690 [FXGL Background Thread 3 ] DEBUG Engine               - isBrowser: false
23:48:19.690 [FXGL Background Thread 3 ] DEBUG Engine               - isClickFeedbackEnabled: false
23:48:19.690 [FXGL Background Thread 3 ] DEBUG Engine               - isCloseConfirmation: false
23:48:19.690 [FXGL Background Thread 3 ] DEBUG Engine               - isDesktop: true
23:48:19.690 [FXGL Background Thread 3 ] DEBUG Engine               - isDeveloperMenuEnabled: false
23:48:19.690 [FXGL Background Thread 3 ] DEBUG Engine               - isEmbedded: false
23:48:19.690 [FXGL Background Thread 3 ] DEBUG Engine               - isEntityPreloadEnabled: true
23:48:19.690 [FXGL Background Thread 3 ] DEBUG Engine               - isExperimentalTiledLargeMap: false
23:48:19.690 [FXGL Background Thread 3 ] DEBUG Engine               - isFileSystemWriteAllowed: true
23:48:19.690 [FXGL Background Thread 3 ] DEBUG Engine               - isFullScreenAllowed: false
23:48:19.690 [FXGL Background Thread 3 ] DEBUG Engine               - isFullScreenFromStart: false
23:48:19.690 [FXGL Background Thread 3 ] DEBUG Engine               - isGameMenuEnabled: true
23:48:19.690 [FXGL Background Thread 3 ] DEBUG Engine               - isIOS: false
23:48:19.690 [FXGL Background Thread 3 ] DEBUG Engine               - isIntroEnabled: false
23:48:19.690 [FXGL Background Thread 3 ] DEBUG Engine               - isLinux: false
23:48:19.690 [FXGL Background Thread 3 ] DEBUG Engine               - isMac: false
23:48:19.690 [FXGL Background Thread 3 ] DEBUG Engine               - isMainMenuEnabled: true
23:48:19.690 [FXGL Background Thread 3 ] DEBUG Engine               - isManualResizeEnabled: false
23:48:19.690 [FXGL Background Thread 3 ] DEBUG Engine               - isMobile: false
23:48:19.690 [FXGL Background Thread 3 ] DEBUG Engine               - isNative: false
23:48:19.690 [FXGL Background Thread 3 ] DEBUG Engine               - isPauseMusicWhenMinimized: true
23:48:19.690 [FXGL Background Thread 3 ] DEBUG Engine               - isPreserveResizeRatio: false
23:48:19.690 [FXGL Background Thread 3 ] DEBUG Engine               - isProfilingEnabled: false
23:48:19.690 [FXGL Background Thread 3 ] DEBUG Engine               - isScaleAffectedOnResize: true
23:48:19.690 [FXGL Background Thread 3 ] DEBUG Engine               - isSingleStep: false
23:48:19.690 [FXGL Background Thread 3 ] DEBUG Engine               - isUserProfileEnabled: false
23:48:19.690 [FXGL Background Thread 3 ] DEBUG Engine               - isWindows: true
23:48:19.690 [FXGL Background Thread 3 ] DEBUG Engine               - language: ObjectProperty [value: ENGLISH]
23:48:19.690 [FXGL Background Thread 3 ] DEBUG Engine               - menuKey: ESCAPE
23:48:19.690 [FXGL Background Thread 3 ] DEBUG Engine               - mouseSensitivity: 0.2
23:48:19.690 [FXGL Background Thread 3 ] DEBUG Engine               - notificationViewClass: class com.almasb.fxgl.notification.view.XboxNotificationView
23:48:19.690 [FXGL Background Thread 3 ] DEBUG Engine               - pixelsPerMeter: 50.0
23:48:19.690 [FXGL Background Thread 3 ] DEBUG Engine               - platform: WINDOWS
23:48:19.690 [FXGL Background Thread 3 ] DEBUG Engine               - prefHeightProperty: ReadOnlyDoubleProperty [value: 887.0]
23:48:19.690 [FXGL Background Thread 3 ] DEBUG Engine               - prefWidthProperty: ReadOnlyDoubleProperty [value: 1386.0]
23:48:19.690 [FXGL Background Thread 3 ] DEBUG Engine               - profileDir: profiles/
23:48:19.690 [FXGL Background Thread 3 ] DEBUG Engine               - profileName: StringProperty [value: DEFAULT]
23:48:19.690 [FXGL Background Thread 3 ] DEBUG Engine               - randomSeed: -1
23:48:19.691 [FXGL Background Thread 3 ] DEBUG Engine               - runtimeInfo: RuntimeInfo(platform=WINDOWS, version=21.1, build=27.03.2024 07.52)
23:48:19.691 [FXGL Background Thread 3 ] DEBUG Engine               - saveFileExt: sav
23:48:19.691 [FXGL Background Thread 3 ] DEBUG Engine               - scaledHeightProp$fxgl: DoubleProperty [bound, value: 887.0]
23:48:19.691 [FXGL Background Thread 3 ] DEBUG Engine               - scaledWidthProp$fxgl: DoubleProperty [bound, value: 1386.0]
23:48:19.691 [FXGL Background Thread 3 ] DEBUG Engine               - sceneFactory: edu.sustech.xiangqi.XiangQiApp$1@3516cc98
23:48:19.691 [FXGL Background Thread 3 ] DEBUG Engine               - secondsIn24h: 60
23:48:19.691 [FXGL Background Thread 3 ] DEBUG Engine               - soundMenuBack: menu/back.wav
23:48:19.691 [FXGL Background Thread 3 ] DEBUG Engine               - soundMenuPress: menu/press.wav
23:48:19.691 [FXGL Background Thread 3 ] DEBUG Engine               - soundMenuSelect: menu/select.wav
23:48:19.691 [FXGL Background Thread 3 ] DEBUG Engine               - soundNotification: core/notification.wav
23:48:19.691 [FXGL Background Thread 3 ] DEBUG Engine               - stageStyle: DECORATED
23:48:19.691 [FXGL Background Thread 3 ] DEBUG Engine               - supportedLanguages: [ENGLISH, FRENCH, GERMAN, HUNGARIAN, RUSSIAN]
23:48:19.691 [FXGL Background Thread 3 ] DEBUG Engine               - ticksPerSecond: -1
23:48:19.691 [FXGL Background Thread 3 ] DEBUG Engine               - title: 中国象棋 1.0
23:48:19.691 [FXGL Background Thread 3 ] DEBUG Engine               - urlGithub: https://github.com/AlmasB/FXGL
23:48:19.691 [FXGL Background Thread 3 ] DEBUG Engine               - urlLeaderboard: http://fxgl-top.herokuapp.com/
23:48:19.691 [FXGL Background Thread 3 ] DEBUG Engine               - urlPOM: https://raw.githubusercontent.com/AlmasB/FXGL/release/README.md
23:48:19.691 [FXGL Background Thread 3 ] DEBUG Engine               - userAppClass: class edu.sustech.xiangqi.XiangQiApp
23:48:19.691 [FXGL Background Thread 3 ] DEBUG Engine               - version: 1.0
23:48:19.691 [FXGL Background Thread 3 ] DEBUG Engine               - versionCheckDays: 7
23:48:19.691 [FXGL Background Thread 3 ] DEBUG Engine               - width: 1386
23:48:19.691 [FXGL Background Thread 3 ] DEBUG Engine               - Logging services
23:48:19.691 [FXGL Background Thread 3 ] DEBUG Engine               - class com.almasb.fxgl.app.services.FXGLAssetLoaderService
23:48:19.691 [FXGL Background Thread 3 ] DEBUG Engine               - class com.almasb.fxgl.app.FXGLApplication$GameApplicationService
23:48:19.691 [FXGL Background Thread 3 ] DEBUG Engine               - class com.almasb.fxgl.app.services.FXGLDialogService
23:48:19.691 [FXGL Background Thread 3 ] DEBUG Engine               - class com.almasb.fxgl.app.services.IOTaskExecutorService
23:48:19.691 [FXGL Background Thread 3 ] DEBUG Engine               - class com.almasb.fxgl.io.FileSystemService
23:48:19.691 [FXGL Background Thread 3 ] DEBUG Engine               - class com.almasb.fxgl.localization.LocalizationService
23:48:19.691 [FXGL Background Thread 3 ] DEBUG Engine               - class com.almasb.fxgl.app.services.SystemBundleService
23:48:19.691 [FXGL Background Thread 3 ] DEBUG Engine               - class com.almasb.fxgl.profile.SaveLoadService
23:48:19.691 [FXGL Background Thread 3 ] DEBUG Engine               - class com.almasb.fxgl.ui.FXGLUIFactoryServiceProvider
23:48:19.691 [FXGL Background Thread 3 ] DEBUG Engine               - class com.almasb.fxgl.ui.FXGLDialogFactoryServiceProvider
23:48:19.691 [FXGL Background Thread 3 ] DEBUG Engine               - class com.almasb.fxgl.audio.AudioPlayer
23:48:19.691 [FXGL Background Thread 3 ] DEBUG Engine               - class com.almasb.fxgl.notification.impl.NotificationServiceProvider
23:48:19.691 [FXGL Background Thread 3 ] DEBUG Engine               - class com.almasb.fxgl.achievement.AchievementService
23:48:19.691 [FXGL Background Thread 3 ] DEBUG Engine               - class com.almasb.fxgl.cutscene.CutsceneService
23:48:19.691 [FXGL Background Thread 3 ] DEBUG Engine               - class com.almasb.fxgl.minigames.MiniGameService
23:48:19.691 [FXGL Background Thread 3 ] DEBUG Engine               - class com.almasb.fxgl.net.NetService
23:48:19.691 [FXGL Background Thread 3 ] DEBUG Engine               - class com.almasb.fxgl.app.services.UpdaterService
23:48:19.691 [FXGL Background Thread 3 ] DEBUG Engine               - class com.almasb.fxgl.dev.DevService
23:48:19.697 [FXGL Background Thread 2 ] DEBUG FXGLAssetLoaderServi - Loading from file system: file:/E:/G2/java/final_project/team_project_1124/javaA-xiangqi-project-main/target/classes/assets/textures/ChessBoard.png
23:48:19.737 [FXGL Background Thread 2 ] INFO  FXGLApplication      - Game initialization took: 0.106 sec
23:48:19.737 [JavaFX Application Thread] DEBUG Input                - Clearing active input actions
23:48:19.744 [JavaFX Application Thread] DEBUG GameApplicationServi - Removing overlay from FXGLLoadingScene and adding to GameScene
23:48:19.744 [JavaFX Application Thread] DEBUG PrimaryStageWindow   - FXGLLoadingScene -> GameScene
23:48:23.554 [JavaFX Application Thread] DEBUG FXGLAssetLoaderServi - Loading from file system: file:/E:/G2/java/final_project/team_project_1124/javaA-xiangqi-project-main/target/classes/assets/textures/BlackGeneral.png
23:48:29.168 [JavaFX Application Thread] DEBUG FXGLAssetLoaderServi - Loading from file system: file:/E:/G2/java/final_project/team_project_1124/javaA-xiangqi-project-main/target/classes/assets/textures/BlackElephant.png
23:48:39.300 [JavaFX Application Thread] DEBUG FXGLAssetLoaderServi - Loading from file system: file:/E:/G2/java/final_project/team_project_1124/javaA-xiangqi-project-main/target/classes/assets/textures/RedGeneral.png
23:48:41.352 [JavaFX Application Thread] DEBUG FXGLAssetLoaderServi - Loading from file system: file:/E:/G2/java/final_project/team_project_1124/javaA-xiangqi-project-main/target/classes/assets/textures/RedElephant.png
23:48:43.170 [JavaFX Application Thread] DEBUG FXGLAssetLoaderServi - Loading from file system: file:/E:/G2/java/final_project/team_project_1124/javaA-xiangqi-project-main/target/classes/assets/textures/RedCannon.png
23:49:06.144 [JavaFX Application Thread] DEBUG FXGLApplication      - Exiting FXGL
23:49:06.144 [JavaFX Application Thread] DEBUG LoopRunner           - Stopping loop
23:49:06.144 [JavaFX Application Thread] DEBUG SystemBundleService  - Saving FXGL system data
23:49:06.145 [JavaFX Application Thread] DEBUG FileSystemAccess     - Writing to: E:\G2\java\final_project\team_project_1124\javaA-xiangqi-project-main\system\fxgl.bundle
23:49:06.145 [JavaFX Application Thread] DEBUG Async                - Shutting down background threads
23:49:06.145 [JavaFX Application Thread] DEBUG PrimaryStageWindow   - Closing main window
23:49:06.158 [JavaFX Application Thread] DEBUG Logger               - Closing Logger
