22:41:28.942 [main                     ] DEBUG Logger               - Configured Logger
22:41:28.961 [main                     ] DEBUG GameApplication      - Logging settings
Title: 中国象棋 1.0
Version: 1.0
Width: 1386
Height: 887
Fullscreen: false
Intro: false
Profiling: false
Single step:false
App Mode: DEVELOPER
Menu Key: ESCAPE
Stage Style: DECORATED
Scene Factory: class edu.sustech.xiangqi.XiangQiApp$1

22:41:29.685 [JavaFX Application Thread] DEBUG FXGLApplication      - Initializing FXGL
22:41:29.688 [JavaFX Application Thread] INFO  Engine               - FXGL-21.1 (27.03.2024 07.52) on WINDOWS (J:23.0.2 FX:21.0.1)
22:41:29.688 [JavaFX Application Thread] DEBUG Engine               - JRE Vendor Name: Amazon.com Inc.
22:41:29.689 [JavaFX Application Thread] DEBUG Engine               - Running on OS: Windows 11 version 10.0
22:41:29.689 [JavaFX Application Thread] DEBUG Engine               - Architecture: amd64
22:41:29.689 [JavaFX Application Thread] INFO  Engine               - Source code and latest versions at: https://github.com/AlmasB/FXGL
22:41:29.689 [JavaFX Application Thread] INFO  Engine               -       Ask questions and discuss at: https://github.com/AlmasB/FXGL/discussions
22:41:29.689 [JavaFX Application Thread] INFO  Engine               -              Join the FXGL chat at: https://gitter.im/AlmasB/FXGL
22:41:29.775 [JavaFX Application Thread] DEBUG PrimaryStageWindow   - Creating a JavaFX scene
22:41:29.818 [JavaFX Application Thread] DEBUG PrimaryStageWindow   - Target settings size: 1386.0 x 887.0
22:41:29.818 [JavaFX Application Thread] DEBUG PrimaryStageWindow   - Scaled scene size:    1386.0 x 887.0
22:41:29.818 [JavaFX Application Thread] DEBUG PrimaryStageWindow   - Scaled ratio: (1.0, 1.0)
22:41:29.819 [JavaFX Application Thread] DEBUG PrimaryStageWindow   - Set initial scene to FXGLStartupScene
22:41:29.822 [JavaFX Application Thread] DEBUG PrimaryStageWindow   - Opening main window
22:41:29.927 [JavaFX Application Thread] DEBUG PrimaryStageWindow   - Window border size: (14.6666259765625, 37.66668701171875)
22:41:29.928 [JavaFX Application Thread] DEBUG PrimaryStageWindow   - Scaled size: 1386.0 x 887.0
22:41:29.928 [JavaFX Application Thread] DEBUG PrimaryStageWindow   - Scaled ratio: (1.0, 1.0)
22:41:29.928 [JavaFX Application Thread] DEBUG PrimaryStageWindow   - Scene size: 1386.0 x 887.0
22:41:29.928 [JavaFX Application Thread] DEBUG PrimaryStageWindow   - Stage size: 1400.6666259765625 x 924.6666870117188
22:41:29.934 [FXGL Background Thread 1 ] DEBUG Engine               - Initializing environment variables
22:41:30.006 [FXGL Background Thread 1 ] DEBUG FXGLAssetLoaderServi - User app class for loading assets: class edu.sustech.xiangqi.XiangQiApp
22:41:30.006 [FXGL Background Thread 1 ] DEBUG GameApplicationServi - Applying CSS: fxgl_dark.css
22:41:30.006 [FXGL Background Thread 1 ] DEBUG FXGLAssetLoaderServi - Loading from file system: jar:file:/C:/Users/%e5%b0%b9%e7%8e%ba%e9%aa%85/.m2/repository/com/github/almasb/fxgl/21.1/fxgl-21.1.jar!/fxglassets/ui/css/fxgl_dark.css
22:41:30.049 [FXGL Background Thread 1 ] DEBUG GameApplicationServi - Initializing application scenes
22:41:30.133 [FXGL Background Thread 1 ] DEBUG GameWorld            - Game world initialized
22:41:30.213 [FXGL Background Thread 1 ] DEBUG PhysicsWorld         - Physics world initialized: appHeight=887, physics.ppm=50.0
22:41:30.215 [FXGL Background Thread 1 ] DEBUG PhysicsWorld         - Using strategy: BRUTE_FORCE
22:41:30.218 [FXGL Background Thread 1 ] DEBUG GameScene            - Game scene initialized: 1386x887
22:41:30.230 [FXGL Background Thread 1 ] DEBUG FXGLAssetLoaderServi - Loading from file system: file:/E:/G2/java/final_project/team_project_1124/javaA-xiangqi-project-main/target/classes/assets/ui/fonts/HYPixel11pxU-2.ttf
22:41:30.284 [FXGL Background Thread 1 ] DEBUG FXGLAssetLoaderServi - Loading from file system: file:/E:/G2/java/final_project/team_project_1124/javaA-xiangqi-project-main/target/classes/assets/textures/Button1.png
22:41:30.355 [FXGL Background Thread 1 ] DEBUG GameApplicationServi - Application scenes initialized
22:41:30.366 [FXGL Background Thread 1 ] DEBUG SystemBundleService  - Loading FXGL system data
22:41:30.370 [FXGL Background Thread 1 ] DEBUG FileSystemAccess     - Reading from: E:\G2\java\final_project\team_project_1124\javaA-xiangqi-project-main\system\fxgl.bundle
22:41:30.375 [FXGL Background Thread 1 ] DEBUG SystemBundleService  - Bundle FXGL: {}
22:41:30.375 [FXGL Background Thread 1 ] DEBUG UpdaterService       - Checking for updates
22:41:30.380 [FXGL Background Thread 4 ] DEBUG FXGLApplication      - Loading fonts
22:41:30.380 [FXGL Background Thread 1 ] DEBUG FXGLApplication      - Loading default localization
22:41:30.380 [FXGL Background Thread 4 ] DEBUG FXGLAssetLoaderServi - Loading from file system: jar:file:/C:/Users/%e5%b0%b9%e7%8e%ba%e9%aa%85/.m2/repository/com/github/almasb/fxgl/21.1/fxgl-21.1.jar!/fxglassets/ui/fonts/VarelaRound-Regular.ttf
22:41:30.381 [FXGL Background Thread 1 ] DEBUG FXGLAssetLoaderServi - Loading from file system: jar:file:/C:/Users/%e5%b0%b9%e7%8e%ba%e9%aa%85/.m2/repository/com/github/almasb/fxgl/21.1/fxgl-21.1.jar!/fxglassets/languages/english.lang
22:41:30.385 [FXGL Background Thread 4 ] DEBUG FXGLAssetLoaderServi - Loading from file system: jar:file:/C:/Users/%e5%b0%b9%e7%8e%ba%e9%aa%85/.m2/repository/com/github/almasb/fxgl/21.1/fxgl-21.1.jar!/fxglassets/ui/fonts/Abel-Regular.ttf
22:41:30.390 [FXGL Background Thread 4 ] DEBUG FXGLAssetLoaderServi - Loading from file system: jar:file:/C:/Users/%e5%b0%b9%e7%8e%ba%e9%aa%85/.m2/repository/com/github/almasb/fxgl/21.1/fxgl-21.1.jar!/fxglassets/ui/fonts/TerminalLandMono-Regular.otf
22:41:30.394 [FXGL Background Thread 4 ] DEBUG FXGLAssetLoaderServi - Loading from file system: jar:file:/C:/Users/%e5%b0%b9%e7%8e%ba%e9%aa%85/.m2/repository/com/github/almasb/fxgl/21.1/fxgl-21.1.jar!/fxglassets/ui/fonts/Courier-Prime.ttf
22:41:30.400 [JavaFX Application Thread] DEBUG FXGLApplication      - Registering font factories with UI factory
22:41:30.406 [FXGL Background Thread 1 ] INFO  FXGLApplication      - FXGL initialization took: 0.472 sec
22:41:30.415 [JavaFX Application Thread] DEBUG Input                - Registered new binding: Click - LMB
22:41:30.416 [JavaFX Application Thread] DEBUG FXGLAssetLoaderServi - Loading from file system: jar:file:/C:/Users/%e5%b0%b9%e7%8e%ba%e9%aa%85/.m2/repository/com/github/almasb/fxgl/21.1/fxgl-21.1.jar!/fxglassets/textures/fxgl_icon.png
22:41:30.445 [JavaFX Application Thread] DEBUG FXGLAssetLoaderServi - Loading from file system: jar:file:/C:/Users/%e5%b0%b9%e7%8e%ba%e9%aa%85/.m2/repository/com/github/almasb/fxgl/21.1/fxgl-21.1.jar!/fxglassets/textures/fxgl_default_cursor.png
22:41:30.456 [JavaFX Application Thread] DEBUG Input                - Registered new binding: Screenshot - CTRL+8
22:41:30.459 [JavaFX Application Thread] DEBUG Input                - Registered new binding: System info dump - CTRL+9
22:41:30.459 [JavaFX Application Thread] DEBUG Input                - Registered new binding: Restart - CTRL+R
22:41:30.460 [JavaFX Application Thread] DEBUG Input                - Registered new binding: Toggle Debug Camera - CTRL+7
22:41:30.463 [JavaFX Application Thread] DEBUG LoopRunner           - Starting loop
22:41:30.463 [JavaFX Application Thread] DEBUG LoopRunner           - Initializing JavaFX AnimationTimerLoop
22:41:30.468 [JavaFX Application Thread] DEBUG Input                - Clearing active input actions
22:41:30.479 [JavaFX Application Thread] DEBUG GameApplicationServi - Removing overlay from FXGLStartupScene and adding to FXGLMainMenuDummyScene
22:41:30.480 [JavaFX Application Thread] DEBUG PrimaryStageWindow   - FXGLStartupScene -> FXGLMainMenuDummyScene
22:41:30.480 [JavaFX Application Thread] DEBUG PrimaryStageWindow   - Push state: MainMenuScene
22:41:30.481 [JavaFX Application Thread] DEBUG Input                - Clearing active input actions
22:41:30.490 [JavaFX Application Thread] DEBUG GameApplicationServi - Removing overlay from FXGLMainMenuDummyScene and adding to MainMenuScene
22:41:30.491 [JavaFX Application Thread] DEBUG PrimaryStageWindow   - FXGLMainMenuDummyScene -> MainMenuScene
22:41:30.526 [JavaFX Application Thread] DEBUG FXGLAssetLoaderServi - Loading from file system: file:/E:/G2/java/final_project/team_project_1124/javaA-xiangqi-project-main/target/classes/assets/music/%e6%8c%89%e9%92%ae%e9%9f%b3%e6%95%881.mp3
22:41:31.067 [JavaFX Application Thread] DEBUG AudioPlayer          - Playing music com.almasb.fxgl.audio.Music@5c1dea35
22:41:31.130 [JavaFX Application Thread] DEBUG FXGLAssetLoaderServi - Loading from file system: file:/E:/G2/java/final_project/team_project_1124/javaA-xiangqi-project-main/target/classes/assets/textures/Press.png
22:41:31.133 [JavaFX Application Thread] DEBUG AudioPlayer          - Playing music com.almasb.fxgl.audio.Music@5c1dea35
22:41:31.247 [JavaFX Application Thread] DEBUG Menu                 - fireNewGame()
22:41:31.247 [JavaFX Application Thread] DEBUG GameApplicationServi - Starting new game
22:41:31.247 [JavaFX Application Thread] DEBUG PrimaryStageWindow   - Pop state: MainMenuScene
22:41:31.247 [JavaFX Application Thread] DEBUG Input                - Clearing active input actions
22:41:31.249 [JavaFX Application Thread] DEBUG GameApplicationServi - Removing overlay from MainMenuScene and adding to FXGLMainMenuDummyScene
22:41:31.249 [JavaFX Application Thread] DEBUG PrimaryStageWindow   - FXGLMainMenuDummyScene <- MainMenuScene
22:41:31.249 [JavaFX Application Thread] DEBUG Input                - Clearing active input actions
22:41:31.260 [JavaFX Application Thread] DEBUG GameApplicationServi - Removing overlay from FXGLMainMenuDummyScene and adding to FXGLLoadingScene
22:41:31.260 [JavaFX Application Thread] DEBUG PrimaryStageWindow   - FXGLMainMenuDummyScene -> FXGLLoadingScene
22:41:31.260 [JavaFX Application Thread] DEBUG GameApplicationServi - Clearing previous game
22:41:31.261 [JavaFX Application Thread] DEBUG GameScene            - Clearing game scene
22:41:31.261 [JavaFX Application Thread] DEBUG GameWorld            - Clearing game world
22:41:31.261 [JavaFX Application Thread] DEBUG PhysicsWorld         - Clearing physics world
22:41:31.262 [FXGL Background Thread 2 ] DEBUG FXGLApplication      - Initializing game
22:41:31.280 [FXGL Background Thread 2 ] DEBUG FXGLAssetLoaderServi - Loading from file system: file:/E:/G2/java/final_project/team_project_1124/javaA-xiangqi-project-main/target/classes/assets/textures/%e8%83%8c%e6%99%af.jpg
22:41:31.384 [FXGL Background Thread 2 ] DEBUG FXGLAssetLoaderServi - Loading from file system: file:/E:/G2/java/final_project/team_project_1124/javaA-xiangqi-project-main/target/classes/assets/textures/ChessBoard.png
22:41:31.437 [FXGL Background Thread 2 ] DEBUG FXGLAssetLoaderServi - Loading from file system: file:/E:/G2/java/final_project/team_project_1124/javaA-xiangqi-project-main/target/classes/assets/textures/BlackChariot.png
22:41:31.467 [FXGL Background Thread 2 ] DEBUG FXGLAssetLoaderServi - Loading from file system: file:/E:/G2/java/final_project/team_project_1124/javaA-xiangqi-project-main/target/classes/assets/textures/BlackHorse.png
22:41:31.470 [FXGL Background Thread 2 ] DEBUG FXGLAssetLoaderServi - Loading from file system: file:/E:/G2/java/final_project/team_project_1124/javaA-xiangqi-project-main/target/classes/assets/textures/BlackElephant.png
22:41:31.473 [FXGL Background Thread 2 ] DEBUG FXGLAssetLoaderServi - Loading from file system: file:/E:/G2/java/final_project/team_project_1124/javaA-xiangqi-project-main/target/classes/assets/textures/BlackAdvisor.png
22:41:31.476 [FXGL Background Thread 2 ] DEBUG FXGLAssetLoaderServi - Loading from file system: file:/E:/G2/java/final_project/team_project_1124/javaA-xiangqi-project-main/target/classes/assets/textures/BlackGeneral.png
22:41:31.482 [FXGL Background Thread 2 ] DEBUG FXGLAssetLoaderServi - Loading from file system: file:/E:/G2/java/final_project/team_project_1124/javaA-xiangqi-project-main/target/classes/assets/textures/BlackCannon.png
22:41:31.491 [FXGL Background Thread 2 ] DEBUG FXGLAssetLoaderServi - Loading from file system: file:/E:/G2/java/final_project/team_project_1124/javaA-xiangqi-project-main/target/classes/assets/textures/BlackSoldier.png
22:41:31.498 [FXGL Background Thread 2 ] DEBUG FXGLAssetLoaderServi - Loading from file system: file:/E:/G2/java/final_project/team_project_1124/javaA-xiangqi-project-main/target/classes/assets/textures/RedSoldier.png
22:41:31.504 [FXGL Background Thread 2 ] DEBUG FXGLAssetLoaderServi - Loading from file system: file:/E:/G2/java/final_project/team_project_1124/javaA-xiangqi-project-main/target/classes/assets/textures/RedCannon.png
22:41:31.507 [FXGL Background Thread 2 ] DEBUG FXGLAssetLoaderServi - Loading from file system: file:/E:/G2/java/final_project/team_project_1124/javaA-xiangqi-project-main/target/classes/assets/textures/RedChariot.png
22:41:31.510 [FXGL Background Thread 2 ] DEBUG FXGLAssetLoaderServi - Loading from file system: file:/E:/G2/java/final_project/team_project_1124/javaA-xiangqi-project-main/target/classes/assets/textures/RedHorse.png
22:41:31.512 [FXGL Background Thread 2 ] DEBUG FXGLAssetLoaderServi - Loading from file system: file:/E:/G2/java/final_project/team_project_1124/javaA-xiangqi-project-main/target/classes/assets/textures/RedElephant.png
22:41:31.514 [FXGL Background Thread 2 ] DEBUG FXGLAssetLoaderServi - Loading from file system: file:/E:/G2/java/final_project/team_project_1124/javaA-xiangqi-project-main/target/classes/assets/textures/RedAdvisor.png
22:41:31.518 [FXGL Background Thread 2 ] DEBUG FXGLAssetLoaderServi - Loading from file system: file:/E:/G2/java/final_project/team_project_1124/javaA-xiangqi-project-main/target/classes/assets/textures/RedGeneral.png
22:41:31.530 [FXGL Background Thread 2 ] INFO  FXGLApplication      - Game initialization took: 0.268 sec
22:41:31.533 [JavaFX Application Thread] DEBUG Input                - Clearing active input actions
22:41:31.540 [JavaFX Application Thread] DEBUG GameApplicationServi - Removing overlay from FXGLLoadingScene and adding to GameScene
22:41:31.540 [JavaFX Application Thread] DEBUG PrimaryStageWindow   - FXGLLoadingScene -> GameScene
22:41:32.813 [JavaFX Application Thread] DEBUG PrimaryStageWindow   - Push state: InGameMenuScene
22:41:32.813 [JavaFX Application Thread] DEBUG Input                - Clearing active input actions
22:41:32.817 [JavaFX Application Thread] DEBUG GameApplicationServi - Removing overlay from GameScene and adding to InGameMenuScene
22:41:32.817 [JavaFX Application Thread] DEBUG PrimaryStageWindow   - GameScene -> InGameMenuScene
22:41:33.379 [FXGL Background Thread 3 ] DEBUG Engine               - Logging environment variables
22:41:33.379 [FXGL Background Thread 3 ] DEBUG Engine               - achievements: []
22:41:33.379 [FXGL Background Thread 3 ] DEBUG Engine               - actualHeight: 887.0
22:41:33.379 [FXGL Background Thread 3 ] DEBUG Engine               - actualHeightProperty: ReadOnlyDoubleProperty [value: 887.0]
22:41:33.379 [FXGL Background Thread 3 ] DEBUG Engine               - actualWidth: 1386.0
22:41:33.379 [FXGL Background Thread 3 ] DEBUG Engine               - actualWidthProperty: ReadOnlyDoubleProperty [value: 1386.0]
22:41:33.379 [FXGL Background Thread 3 ] DEBUG Engine               - appIcon: fxgl_icon.png
22:41:33.379 [FXGL Background Thread 3 ] DEBUG Engine               - applicationMode: DEVELOPER
22:41:33.379 [FXGL Background Thread 3 ] DEBUG Engine               - cSSList: [fxgl_dark.css]
22:41:33.379 [FXGL Background Thread 3 ] DEBUG Engine               - collisionDetectionStrategy: BRUTE_FORCE
22:41:33.379 [FXGL Background Thread 3 ] DEBUG Engine               - configClass: Optional.empty
22:41:33.379 [FXGL Background Thread 3 ] DEBUG Engine               - credits: []
22:41:33.380 [FXGL Background Thread 3 ] DEBUG Engine               - defaultCursor: CursorInfo(imageName=fxgl_default_cursor.png, hotspotX=7.0, hotspotY=6.0)
22:41:33.380 [FXGL Background Thread 3 ] DEBUG Engine               - devBBoxColorProperty: ObjectProperty [value: 0xff0000ff]
22:41:33.380 [FXGL Background Thread 3 ] DEBUG Engine               - devEnableDebugCameraProperty: BooleanProperty [value: false]
22:41:33.380 [FXGL Background Thread 3 ] DEBUG Engine               - devSensorColorProperty: ObjectProperty [value: 0xffff00ff]
22:41:33.380 [FXGL Background Thread 3 ] DEBUG Engine               - devShowBBoxProperty: BooleanProperty [value: false]
22:41:33.380 [FXGL Background Thread 3 ] DEBUG Engine               - devShowPositionProperty: BooleanProperty [value: false]
22:41:33.380 [FXGL Background Thread 3 ] DEBUG Engine               - enabledMenuItems: []
22:41:33.380 [FXGL Background Thread 3 ] DEBUG Engine               - engineServices: [class com.almasb.fxgl.app.services.FXGLAssetLoaderService, class com.almasb.fxgl.app.FXGLApplication$GameApplicationService, class com.almasb.fxgl.app.services.FXGLDialogService, class com.almasb.fxgl.app.services.IOTaskExecutorService, class com.almasb.fxgl.io.FileSystemService, class com.almasb.fxgl.localization.LocalizationService, class com.almasb.fxgl.app.services.SystemBundleService, class com.almasb.fxgl.profile.SaveLoadService, class com.almasb.fxgl.ui.FXGLUIFactoryServiceProvider, class com.almasb.fxgl.ui.FXGLDialogFactoryServiceProvider, class com.almasb.fxgl.audio.AudioPlayer, class com.almasb.fxgl.notification.impl.NotificationServiceProvider, class com.almasb.fxgl.achievement.AchievementService, class com.almasb.fxgl.cutscene.CutsceneService, class com.almasb.fxgl.minigames.MiniGameService, class com.almasb.fxgl.net.NetService, class com.almasb.fxgl.app.services.UpdaterService, class com.almasb.fxgl.dev.DevService]
22:41:33.380 [FXGL Background Thread 3 ] DEBUG Engine               - fontGame: Abel-Regular.ttf
22:41:33.382 [FXGL Background Thread 3 ] DEBUG Engine               - fontMono: TerminalLandMono-Regular.otf
22:41:33.382 [FXGL Background Thread 3 ] DEBUG Engine               - fontSizeScaleUI: 1.0
22:41:33.382 [FXGL Background Thread 3 ] DEBUG Engine               - fontText: Courier-Prime.ttf
22:41:33.382 [FXGL Background Thread 3 ] DEBUG Engine               - fontUI: VarelaRound-Regular.ttf
22:41:33.382 [FXGL Background Thread 3 ] DEBUG Engine               - fullScreen: BooleanProperty [value: false]
22:41:33.382 [FXGL Background Thread 3 ] DEBUG Engine               - gameDifficulty: MEDIUM
22:41:33.382 [FXGL Background Thread 3 ] DEBUG Engine               - gameDifficultyProperty: ObjectProperty [value: MEDIUM]
22:41:33.382 [FXGL Background Thread 3 ] DEBUG Engine               - globalMusicVolume: 0.5
22:41:33.382 [FXGL Background Thread 3 ] DEBUG Engine               - globalMusicVolumeProperty: DoubleProperty [value: 0.5]
22:41:33.382 [FXGL Background Thread 3 ] DEBUG Engine               - globalSoundVolume: 0.5
22:41:33.382 [FXGL Background Thread 3 ] DEBUG Engine               - globalSoundVolumeProperty: DoubleProperty [value: 0.5]
22:41:33.382 [FXGL Background Thread 3 ] DEBUG Engine               - height: 887
22:41:33.382 [FXGL Background Thread 3 ] DEBUG Engine               - is3D: false
22:41:33.382 [FXGL Background Thread 3 ] DEBUG Engine               - isAndroid: false
22:41:33.382 [FXGL Background Thread 3 ] DEBUG Engine               - isBrowser: false
22:41:33.382 [FXGL Background Thread 3 ] DEBUG Engine               - isClickFeedbackEnabled: false
22:41:33.382 [FXGL Background Thread 3 ] DEBUG Engine               - isCloseConfirmation: false
22:41:33.382 [FXGL Background Thread 3 ] DEBUG Engine               - isDesktop: true
22:41:33.382 [FXGL Background Thread 3 ] DEBUG Engine               - isDeveloperMenuEnabled: false
22:41:33.382 [FXGL Background Thread 3 ] DEBUG Engine               - isEmbedded: false
22:41:33.382 [FXGL Background Thread 3 ] DEBUG Engine               - isEntityPreloadEnabled: true
22:41:33.382 [FXGL Background Thread 3 ] DEBUG Engine               - isExperimentalTiledLargeMap: false
22:41:33.382 [FXGL Background Thread 3 ] DEBUG Engine               - isFileSystemWriteAllowed: true
22:41:33.382 [FXGL Background Thread 3 ] DEBUG Engine               - isFullScreenAllowed: false
22:41:33.382 [FXGL Background Thread 3 ] DEBUG Engine               - isFullScreenFromStart: false
22:41:33.382 [FXGL Background Thread 3 ] DEBUG Engine               - isGameMenuEnabled: true
22:41:33.382 [FXGL Background Thread 3 ] DEBUG Engine               - isIOS: false
22:41:33.382 [FXGL Background Thread 3 ] DEBUG Engine               - isIntroEnabled: false
22:41:33.382 [FXGL Background Thread 3 ] DEBUG Engine               - isLinux: false
22:41:33.382 [FXGL Background Thread 3 ] DEBUG Engine               - isMac: false
22:41:33.382 [FXGL Background Thread 3 ] DEBUG Engine               - isMainMenuEnabled: true
22:41:33.382 [FXGL Background Thread 3 ] DEBUG Engine               - isManualResizeEnabled: false
22:41:33.382 [FXGL Background Thread 3 ] DEBUG Engine               - isMobile: false
22:41:33.382 [FXGL Background Thread 3 ] DEBUG Engine               - isNative: false
22:41:33.382 [FXGL Background Thread 3 ] DEBUG Engine               - isPauseMusicWhenMinimized: true
22:41:33.382 [FXGL Background Thread 3 ] DEBUG Engine               - isPreserveResizeRatio: false
22:41:33.382 [FXGL Background Thread 3 ] DEBUG Engine               - isProfilingEnabled: false
22:41:33.382 [FXGL Background Thread 3 ] DEBUG Engine               - isScaleAffectedOnResize: true
22:41:33.382 [FXGL Background Thread 3 ] DEBUG Engine               - isSingleStep: false
22:41:33.382 [FXGL Background Thread 3 ] DEBUG Engine               - isUserProfileEnabled: false
22:41:33.382 [FXGL Background Thread 3 ] DEBUG Engine               - isWindows: true
22:41:33.382 [FXGL Background Thread 3 ] DEBUG Engine               - language: ObjectProperty [value: ENGLISH]
22:41:33.382 [FXGL Background Thread 3 ] DEBUG Engine               - menuKey: ESCAPE
22:41:33.382 [FXGL Background Thread 3 ] DEBUG Engine               - mouseSensitivity: 0.2
22:41:33.382 [FXGL Background Thread 3 ] DEBUG Engine               - notificationViewClass: class com.almasb.fxgl.notification.view.XboxNotificationView
22:41:33.382 [FXGL Background Thread 3 ] DEBUG Engine               - pixelsPerMeter: 50.0
22:41:33.382 [FXGL Background Thread 3 ] DEBUG Engine               - platform: WINDOWS
22:41:33.382 [FXGL Background Thread 3 ] DEBUG Engine               - prefHeightProperty: ReadOnlyDoubleProperty [value: 887.0]
22:41:33.382 [FXGL Background Thread 3 ] DEBUG Engine               - prefWidthProperty: ReadOnlyDoubleProperty [value: 1386.0]
22:41:33.382 [FXGL Background Thread 3 ] DEBUG Engine               - profileDir: profiles/
22:41:33.382 [FXGL Background Thread 3 ] DEBUG Engine               - profileName: StringProperty [value: DEFAULT]
22:41:33.382 [FXGL Background Thread 3 ] DEBUG Engine               - randomSeed: -1
22:41:33.382 [FXGL Background Thread 3 ] DEBUG Engine               - runtimeInfo: RuntimeInfo(platform=WINDOWS, version=21.1, build=27.03.2024 07.52)
22:41:33.382 [FXGL Background Thread 3 ] DEBUG Engine               - saveFileExt: sav
22:41:33.382 [FXGL Background Thread 3 ] DEBUG Engine               - scaledHeightProp$fxgl: DoubleProperty [bound, value: 887.0]
22:41:33.382 [FXGL Background Thread 3 ] DEBUG Engine               - scaledWidthProp$fxgl: DoubleProperty [bound, value: 1386.0]
22:41:33.382 [FXGL Background Thread 3 ] DEBUG Engine               - sceneFactory: edu.sustech.xiangqi.XiangQiApp$1@58e4115e
22:41:33.382 [FXGL Background Thread 3 ] DEBUG Engine               - secondsIn24h: 60
22:41:33.382 [FXGL Background Thread 3 ] DEBUG Engine               - soundMenuBack: menu/back.wav
22:41:33.382 [FXGL Background Thread 3 ] DEBUG Engine               - soundMenuPress: menu/press.wav
22:41:33.382 [FXGL Background Thread 3 ] DEBUG Engine               - soundMenuSelect: menu/select.wav
22:41:33.382 [FXGL Background Thread 3 ] DEBUG Engine               - soundNotification: core/notification.wav
22:41:33.383 [FXGL Background Thread 3 ] DEBUG Engine               - stageStyle: DECORATED
22:41:33.383 [FXGL Background Thread 3 ] DEBUG Engine               - supportedLanguages: [ENGLISH, FRENCH, GERMAN, HUNGARIAN, RUSSIAN]
22:41:33.383 [FXGL Background Thread 3 ] DEBUG Engine               - ticksPerSecond: -1
22:41:33.383 [FXGL Background Thread 3 ] DEBUG Engine               - title: 中国象棋 1.0
22:41:33.383 [FXGL Background Thread 3 ] DEBUG Engine               - urlGithub: https://github.com/AlmasB/FXGL
22:41:33.383 [FXGL Background Thread 3 ] DEBUG Engine               - urlLeaderboard: http://fxgl-top.herokuapp.com/
22:41:33.383 [FXGL Background Thread 3 ] DEBUG Engine               - urlPOM: https://raw.githubusercontent.com/AlmasB/FXGL/release/README.md
22:41:33.383 [FXGL Background Thread 3 ] DEBUG Engine               - userAppClass: class edu.sustech.xiangqi.XiangQiApp
22:41:33.384 [FXGL Background Thread 3 ] DEBUG Engine               - version: 1.0
22:41:33.384 [FXGL Background Thread 3 ] DEBUG Engine               - versionCheckDays: 7
22:41:33.384 [FXGL Background Thread 3 ] DEBUG Engine               - width: 1386
22:41:33.384 [FXGL Background Thread 3 ] DEBUG Engine               - Logging services
22:41:33.384 [FXGL Background Thread 3 ] DEBUG Engine               - class com.almasb.fxgl.app.services.FXGLAssetLoaderService
22:41:33.384 [FXGL Background Thread 3 ] DEBUG Engine               - class com.almasb.fxgl.app.FXGLApplication$GameApplicationService
22:41:33.384 [FXGL Background Thread 3 ] DEBUG Engine               - class com.almasb.fxgl.app.services.FXGLDialogService
22:41:33.384 [FXGL Background Thread 3 ] DEBUG Engine               - class com.almasb.fxgl.app.services.IOTaskExecutorService
22:41:33.384 [FXGL Background Thread 3 ] DEBUG Engine               - class com.almasb.fxgl.io.FileSystemService
22:41:33.384 [FXGL Background Thread 3 ] DEBUG Engine               - class com.almasb.fxgl.localization.LocalizationService
22:41:33.384 [FXGL Background Thread 3 ] DEBUG Engine               - class com.almasb.fxgl.app.services.SystemBundleService
22:41:33.384 [FXGL Background Thread 3 ] DEBUG Engine               - class com.almasb.fxgl.profile.SaveLoadService
22:41:33.384 [FXGL Background Thread 3 ] DEBUG Engine               - class com.almasb.fxgl.ui.FXGLUIFactoryServiceProvider
22:41:33.384 [FXGL Background Thread 3 ] DEBUG Engine               - class com.almasb.fxgl.ui.FXGLDialogFactoryServiceProvider
22:41:33.384 [FXGL Background Thread 3 ] DEBUG Engine               - class com.almasb.fxgl.audio.AudioPlayer
22:41:33.384 [FXGL Background Thread 3 ] DEBUG Engine               - class com.almasb.fxgl.notification.impl.NotificationServiceProvider
22:41:33.385 [FXGL Background Thread 3 ] DEBUG Engine               - class com.almasb.fxgl.achievement.AchievementService
22:41:33.385 [FXGL Background Thread 3 ] DEBUG Engine               - class com.almasb.fxgl.cutscene.CutsceneService
22:41:33.385 [FXGL Background Thread 3 ] DEBUG Engine               - class com.almasb.fxgl.minigames.MiniGameService
22:41:33.385 [FXGL Background Thread 3 ] DEBUG Engine               - class com.almasb.fxgl.net.NetService
22:41:33.385 [FXGL Background Thread 3 ] DEBUG Engine               - class com.almasb.fxgl.app.services.UpdaterService
22:41:33.385 [FXGL Background Thread 3 ] DEBUG Engine               - class com.almasb.fxgl.dev.DevService
22:41:33.760 [JavaFX Application Thread] DEBUG Menu                 - fireExitToMainMenu()
22:41:33.762 [JavaFX Application Thread] DEBUG PrimaryStageWindow   - Push state: DialogSubScene
22:41:33.762 [JavaFX Application Thread] DEBUG Input                - Clearing active input actions
22:41:33.762 [JavaFX Application Thread] DEBUG GameApplicationServi - Removing overlay from InGameMenuScene and adding to DialogSubScene
22:41:33.762 [JavaFX Application Thread] DEBUG PrimaryStageWindow   - InGameMenuScene -> DialogSubScene
22:41:34.393 [JavaFX Application Thread] DEBUG PrimaryStageWindow   - Pop state: DialogSubScene
22:41:34.393 [JavaFX Application Thread] DEBUG Input                - Clearing active input actions
22:41:34.393 [JavaFX Application Thread] DEBUG GameApplicationServi - Removing overlay from DialogSubScene and adding to InGameMenuScene
22:41:34.393 [JavaFX Application Thread] DEBUG PrimaryStageWindow   - InGameMenuScene <- DialogSubScene
22:41:34.393 [JavaFX Application Thread] DEBUG PrimaryStageWindow   - Pop state: InGameMenuScene
22:41:34.393 [JavaFX Application Thread] DEBUG Input                - Clearing active input actions
22:41:34.393 [JavaFX Application Thread] DEBUG GameApplicationServi - Removing overlay from InGameMenuScene and adding to GameScene
22:41:34.393 [JavaFX Application Thread] DEBUG PrimaryStageWindow   - GameScene <- InGameMenuScene
22:41:34.393 [JavaFX Application Thread] DEBUG Input                - Clearing active input actions
22:41:34.397 [JavaFX Application Thread] DEBUG GameApplicationServi - Removing overlay from GameScene and adding to FXGLMainMenuDummyScene
22:41:34.397 [JavaFX Application Thread] DEBUG PrimaryStageWindow   - GameScene -> FXGLMainMenuDummyScene
22:41:34.397 [JavaFX Application Thread] DEBUG PrimaryStageWindow   - Push state: MainMenuScene
22:41:34.397 [JavaFX Application Thread] DEBUG Input                - Clearing active input actions
22:41:34.397 [JavaFX Application Thread] DEBUG GameApplicationServi - Removing overlay from FXGLMainMenuDummyScene and adding to MainMenuScene
22:41:34.397 [JavaFX Application Thread] DEBUG PrimaryStageWindow   - FXGLMainMenuDummyScene -> MainMenuScene
22:41:34.397 [JavaFX Application Thread] DEBUG AudioPlayer          - Playing music com.almasb.fxgl.audio.Music@5c1dea35
22:41:34.737 [JavaFX Application Thread] DEBUG AudioPlayer          - Playing music com.almasb.fxgl.audio.Music@5c1dea35
22:41:34.896 [JavaFX Application Thread] DEBUG AudioPlayer          - Playing music com.almasb.fxgl.audio.Music@5c1dea35
22:41:34.973 [JavaFX Application Thread] DEBUG Input                - Registered new binding: CustomClick - LMB
22:41:34.974 [JavaFX Application Thread] DEBUG FXGLAssetLoaderServi - Loading from file system: file:/E:/G2/java/final_project/team_project_1124/javaA-xiangqi-project-main/target/classes/assets/textures/BlackPlaceholder.png
22:41:35.467 [JavaFX Application Thread] DEBUG PrimaryStageWindow   - Push state: ConfigurationScene
22:41:35.468 [JavaFX Application Thread] DEBUG Input                - Clearing active input actions
22:41:35.468 [JavaFX Application Thread] DEBUG GameApplicationServi - Removing overlay from MainMenuScene and adding to ConfigurationScene
22:41:35.468 [JavaFX Application Thread] DEBUG PrimaryStageWindow   - MainMenuScene -> ConfigurationScene
22:41:37.380 [JavaFX Application Thread] DEBUG FXGLApplication      - Exiting FXGL
22:41:37.380 [JavaFX Application Thread] DEBUG LoopRunner           - Stopping loop
22:41:37.380 [JavaFX Application Thread] DEBUG SystemBundleService  - Saving FXGL system data
22:41:37.380 [JavaFX Application Thread] DEBUG FileSystemAccess     - Writing to: E:\G2\java\final_project\team_project_1124\javaA-xiangqi-project-main\system\fxgl.bundle
22:41:37.382 [JavaFX Application Thread] DEBUG Async                - Shutting down background threads
22:41:37.382 [JavaFX Application Thread] DEBUG PrimaryStageWindow   - Closing main window
22:41:37.393 [JavaFX Application Thread] DEBUG Logger               - Closing Logger
