22:38:27.227 [main                     ] DEBUG Logger               - Configured Logger
22:38:27.249 [main                     ] DEBUG GameApplication      - Logging settings
Title: 中国象棋 1.0
Version: 1.0
Width: 1386
Height: 887
Fullscreen: false
Intro: false
Profiling: false
Single step:false
App Mode: DEVELOPER
Menu Key: ESCAPE
Stage Style: DECORATED
Scene Factory: class edu.sustech.xiangqi.XiangQiApp$1

22:38:28.030 [JavaFX Application Thread] DEBUG FXGLApplication      - Initializing FXGL
22:38:28.033 [JavaFX Application Thread] INFO  Engine               - FXGL-21.1 (27.03.2024 07.52) on WINDOWS (J:23.0.2 FX:21.0.1)
22:38:28.033 [JavaFX Application Thread] DEBUG Engine               - JRE Vendor Name: Amazon.com Inc.
22:38:28.034 [JavaFX Application Thread] DEBUG Engine               - Running on OS: Windows 11 version 10.0
22:38:28.034 [JavaFX Application Thread] DEBUG Engine               - Architecture: amd64
22:38:28.034 [JavaFX Application Thread] INFO  Engine               - Source code and latest versions at: https://github.com/AlmasB/FXGL
22:38:28.034 [JavaFX Application Thread] INFO  Engine               -       Ask questions and discuss at: https://github.com/AlmasB/FXGL/discussions
22:38:28.034 [JavaFX Application Thread] INFO  Engine               -              Join the FXGL chat at: https://gitter.im/AlmasB/FXGL
22:38:28.129 [JavaFX Application Thread] DEBUG PrimaryStageWindow   - Creating a JavaFX scene
22:38:28.167 [JavaFX Application Thread] DEBUG PrimaryStageWindow   - Target settings size: 1386.0 x 887.0
22:38:28.169 [JavaFX Application Thread] DEBUG PrimaryStageWindow   - Scaled scene size:    1386.0 x 887.0
22:38:28.169 [JavaFX Application Thread] DEBUG PrimaryStageWindow   - Scaled ratio: (1.0, 1.0)
22:38:28.170 [JavaFX Application Thread] DEBUG PrimaryStageWindow   - Set initial scene to FXGLStartupScene
22:38:28.172 [JavaFX Application Thread] DEBUG PrimaryStageWindow   - Opening main window
22:38:28.272 [JavaFX Application Thread] DEBUG PrimaryStageWindow   - Window border size: (14.6666259765625, 37.66668701171875)
22:38:28.272 [JavaFX Application Thread] DEBUG PrimaryStageWindow   - Scaled size: 1386.0 x 887.0
22:38:28.272 [JavaFX Application Thread] DEBUG PrimaryStageWindow   - Scaled ratio: (1.0, 1.0)
22:38:28.272 [JavaFX Application Thread] DEBUG PrimaryStageWindow   - Scene size: 1386.0 x 887.0
22:38:28.272 [JavaFX Application Thread] DEBUG PrimaryStageWindow   - Stage size: 1400.6666259765625 x 924.6666870117188
22:38:28.279 [FXGL Background Thread 1 ] DEBUG Engine               - Initializing environment variables
22:38:28.353 [FXGL Background Thread 1 ] DEBUG FXGLAssetLoaderServi - User app class for loading assets: class edu.sustech.xiangqi.XiangQiApp
22:38:28.353 [FXGL Background Thread 1 ] DEBUG GameApplicationServi - Applying CSS: fxgl_dark.css
22:38:28.354 [FXGL Background Thread 1 ] DEBUG FXGLAssetLoaderServi - Loading from file system: jar:file:/C:/Users/%e5%b0%b9%e7%8e%ba%e9%aa%85/.m2/repository/com/github/almasb/fxgl/21.1/fxgl-21.1.jar!/fxglassets/ui/css/fxgl_dark.css
22:38:28.405 [FXGL Background Thread 1 ] DEBUG GameApplicationServi - Initializing application scenes
22:38:28.520 [FXGL Background Thread 1 ] DEBUG GameWorld            - Game world initialized
22:38:28.599 [FXGL Background Thread 1 ] DEBUG PhysicsWorld         - Physics world initialized: appHeight=887, physics.ppm=50.0
22:38:28.599 [FXGL Background Thread 1 ] DEBUG PhysicsWorld         - Using strategy: BRUTE_FORCE
22:38:28.603 [FXGL Background Thread 1 ] DEBUG GameScene            - Game scene initialized: 1386x887
22:38:28.615 [FXGL Background Thread 1 ] DEBUG FXGLAssetLoaderServi - Loading from file system: file:/E:/G2/java/final_project/team_project_1124/javaA-xiangqi-project-main/target/classes/assets/ui/fonts/HYPixel11pxU-2.ttf
22:38:28.675 [FXGL Background Thread 1 ] DEBUG FXGLAssetLoaderServi - Loading from file system: file:/E:/G2/java/final_project/team_project_1124/javaA-xiangqi-project-main/target/classes/assets/textures/Button1.png
22:38:28.750 [FXGL Background Thread 1 ] DEBUG GameApplicationServi - Application scenes initialized
22:38:28.762 [FXGL Background Thread 1 ] DEBUG SystemBundleService  - Loading FXGL system data
22:38:28.766 [FXGL Background Thread 1 ] DEBUG FileSystemAccess     - Reading from: E:\G2\java\final_project\team_project_1124\javaA-xiangqi-project-main\system\fxgl.bundle
22:38:28.772 [FXGL Background Thread 1 ] DEBUG SystemBundleService  - Bundle FXGL: {}
22:38:28.773 [FXGL Background Thread 1 ] DEBUG UpdaterService       - Checking for updates
22:38:28.778 [FXGL Background Thread 4 ] DEBUG FXGLApplication      - Loading fonts
22:38:28.779 [FXGL Background Thread 4 ] DEBUG FXGLAssetLoaderServi - Loading from file system: jar:file:/C:/Users/%e5%b0%b9%e7%8e%ba%e9%aa%85/.m2/repository/com/github/almasb/fxgl/21.1/fxgl-21.1.jar!/fxglassets/ui/fonts/VarelaRound-Regular.ttf
22:38:28.779 [FXGL Background Thread 1 ] DEBUG FXGLApplication      - Loading default localization
22:38:28.779 [FXGL Background Thread 1 ] DEBUG FXGLAssetLoaderServi - Loading from file system: jar:file:/C:/Users/%e5%b0%b9%e7%8e%ba%e9%aa%85/.m2/repository/com/github/almasb/fxgl/21.1/fxgl-21.1.jar!/fxglassets/languages/english.lang
22:38:28.785 [FXGL Background Thread 4 ] DEBUG FXGLAssetLoaderServi - Loading from file system: jar:file:/C:/Users/%e5%b0%b9%e7%8e%ba%e9%aa%85/.m2/repository/com/github/almasb/fxgl/21.1/fxgl-21.1.jar!/fxglassets/ui/fonts/Abel-Regular.ttf
22:38:28.790 [FXGL Background Thread 4 ] DEBUG FXGLAssetLoaderServi - Loading from file system: jar:file:/C:/Users/%e5%b0%b9%e7%8e%ba%e9%aa%85/.m2/repository/com/github/almasb/fxgl/21.1/fxgl-21.1.jar!/fxglassets/ui/fonts/TerminalLandMono-Regular.otf
22:38:28.794 [FXGL Background Thread 4 ] DEBUG FXGLAssetLoaderServi - Loading from file system: jar:file:/C:/Users/%e5%b0%b9%e7%8e%ba%e9%aa%85/.m2/repository/com/github/almasb/fxgl/21.1/fxgl-21.1.jar!/fxglassets/ui/fonts/Courier-Prime.ttf
22:38:28.801 [JavaFX Application Thread] DEBUG FXGLApplication      - Registering font factories with UI factory
22:38:28.812 [FXGL Background Thread 1 ] INFO  FXGLApplication      - FXGL initialization took: 0.532 sec
22:38:28.821 [JavaFX Application Thread] DEBUG Input                - Registered new binding: Click - LMB
22:38:28.821 [JavaFX Application Thread] DEBUG FXGLAssetLoaderServi - Loading from file system: jar:file:/C:/Users/%e5%b0%b9%e7%8e%ba%e9%aa%85/.m2/repository/com/github/almasb/fxgl/21.1/fxgl-21.1.jar!/fxglassets/textures/fxgl_icon.png
22:38:28.855 [JavaFX Application Thread] DEBUG FXGLAssetLoaderServi - Loading from file system: jar:file:/C:/Users/%e5%b0%b9%e7%8e%ba%e9%aa%85/.m2/repository/com/github/almasb/fxgl/21.1/fxgl-21.1.jar!/fxglassets/textures/fxgl_default_cursor.png
22:38:28.867 [JavaFX Application Thread] DEBUG Input                - Registered new binding: Screenshot - CTRL+8
22:38:28.868 [JavaFX Application Thread] DEBUG Input                - Registered new binding: System info dump - CTRL+9
22:38:28.869 [JavaFX Application Thread] DEBUG Input                - Registered new binding: Restart - CTRL+R
22:38:28.870 [JavaFX Application Thread] DEBUG Input                - Registered new binding: Toggle Debug Camera - CTRL+7
22:38:28.876 [JavaFX Application Thread] DEBUG LoopRunner           - Starting loop
22:38:28.876 [JavaFX Application Thread] DEBUG LoopRunner           - Initializing JavaFX AnimationTimerLoop
22:38:28.880 [JavaFX Application Thread] DEBUG Input                - Clearing active input actions
22:38:28.889 [JavaFX Application Thread] DEBUG GameApplicationServi - Removing overlay from FXGLStartupScene and adding to FXGLMainMenuDummyScene
22:38:28.890 [JavaFX Application Thread] DEBUG PrimaryStageWindow   - FXGLStartupScene -> FXGLMainMenuDummyScene
22:38:28.890 [JavaFX Application Thread] DEBUG PrimaryStageWindow   - Push state: MainMenuScene
22:38:28.891 [JavaFX Application Thread] DEBUG Input                - Clearing active input actions
22:38:28.900 [JavaFX Application Thread] DEBUG GameApplicationServi - Removing overlay from FXGLMainMenuDummyScene and adding to MainMenuScene
22:38:28.901 [JavaFX Application Thread] DEBUG PrimaryStageWindow   - FXGLMainMenuDummyScene -> MainMenuScene
22:38:28.941 [JavaFX Application Thread] DEBUG FXGLAssetLoaderServi - Loading from file system: file:/E:/G2/java/final_project/team_project_1124/javaA-xiangqi-project-main/target/classes/assets/music/%e6%8c%89%e9%92%ae%e9%9f%b3%e6%95%881.mp3
22:38:29.574 [JavaFX Application Thread] DEBUG AudioPlayer          - Playing music com.almasb.fxgl.audio.Music@7e8eb029
22:38:29.979 [JavaFX Application Thread] DEBUG AudioPlayer          - Playing music com.almasb.fxgl.audio.Music@7e8eb029
22:38:30.070 [JavaFX Application Thread] DEBUG FXGLAssetLoaderServi - Loading from file system: file:/E:/G2/java/final_project/team_project_1124/javaA-xiangqi-project-main/target/classes/assets/textures/Press.png
22:38:30.072 [JavaFX Application Thread] DEBUG AudioPlayer          - Playing music com.almasb.fxgl.audio.Music@7e8eb029
22:38:30.129 [JavaFX Application Thread] DEBUG FXGLAssetLoaderServi - Loading from file system: file:/E:/G2/java/final_project/team_project_1124/javaA-xiangqi-project-main/target/classes/assets/textures/ChessBoard.png
22:38:30.195 [JavaFX Application Thread] DEBUG Input                - Registered new binding: CustomClick - LMB
22:38:30.196 [JavaFX Application Thread] DEBUG FXGLAssetLoaderServi - Loading from file system: file:/E:/G2/java/final_project/team_project_1124/javaA-xiangqi-project-main/target/classes/assets/textures/BlackPlaceholder.png
22:38:30.570 [JavaFX Application Thread] DEBUG PrimaryStageWindow   - Push state: ConfigurationScene
22:38:30.570 [JavaFX Application Thread] DEBUG Input                - Clearing active input actions
22:38:30.570 [JavaFX Application Thread] DEBUG GameApplicationServi - Removing overlay from MainMenuScene and adding to ConfigurationScene
22:38:30.570 [JavaFX Application Thread] DEBUG PrimaryStageWindow   - MainMenuScene -> ConfigurationScene
22:38:31.778 [FXGL Background Thread 3 ] DEBUG Engine               - Logging environment variables
22:38:31.779 [FXGL Background Thread 3 ] DEBUG Engine               - achievements: []
22:38:31.779 [FXGL Background Thread 3 ] DEBUG Engine               - actualHeight: 887.0
22:38:31.779 [FXGL Background Thread 3 ] DEBUG Engine               - actualHeightProperty: ReadOnlyDoubleProperty [value: 887.0]
22:38:31.779 [FXGL Background Thread 3 ] DEBUG Engine               - actualWidth: 1386.0
22:38:31.779 [FXGL Background Thread 3 ] DEBUG Engine               - actualWidthProperty: ReadOnlyDoubleProperty [value: 1386.0]
22:38:31.779 [FXGL Background Thread 3 ] DEBUG Engine               - appIcon: fxgl_icon.png
22:38:31.779 [FXGL Background Thread 3 ] DEBUG Engine               - applicationMode: DEVELOPER
22:38:31.779 [FXGL Background Thread 3 ] DEBUG Engine               - cSSList: [fxgl_dark.css]
22:38:31.779 [FXGL Background Thread 3 ] DEBUG Engine               - collisionDetectionStrategy: BRUTE_FORCE
22:38:31.779 [FXGL Background Thread 3 ] DEBUG Engine               - configClass: Optional.empty
22:38:31.779 [FXGL Background Thread 3 ] DEBUG Engine               - credits: []
22:38:31.783 [FXGL Background Thread 3 ] DEBUG Engine               - defaultCursor: CursorInfo(imageName=fxgl_default_cursor.png, hotspotX=7.0, hotspotY=6.0)
22:38:31.783 [FXGL Background Thread 3 ] DEBUG Engine               - devBBoxColorProperty: ObjectProperty [value: 0xff0000ff]
22:38:31.783 [FXGL Background Thread 3 ] DEBUG Engine               - devEnableDebugCameraProperty: BooleanProperty [value: false]
22:38:31.783 [FXGL Background Thread 3 ] DEBUG Engine               - devSensorColorProperty: ObjectProperty [value: 0xffff00ff]
22:38:31.783 [FXGL Background Thread 3 ] DEBUG Engine               - devShowBBoxProperty: BooleanProperty [value: false]
22:38:31.783 [FXGL Background Thread 3 ] DEBUG Engine               - devShowPositionProperty: BooleanProperty [value: false]
22:38:31.783 [FXGL Background Thread 3 ] DEBUG Engine               - enabledMenuItems: []
22:38:31.783 [FXGL Background Thread 3 ] DEBUG Engine               - engineServices: [class com.almasb.fxgl.app.services.FXGLAssetLoaderService, class com.almasb.fxgl.app.FXGLApplication$GameApplicationService, class com.almasb.fxgl.app.services.FXGLDialogService, class com.almasb.fxgl.app.services.IOTaskExecutorService, class com.almasb.fxgl.io.FileSystemService, class com.almasb.fxgl.localization.LocalizationService, class com.almasb.fxgl.app.services.SystemBundleService, class com.almasb.fxgl.profile.SaveLoadService, class com.almasb.fxgl.ui.FXGLUIFactoryServiceProvider, class com.almasb.fxgl.ui.FXGLDialogFactoryServiceProvider, class com.almasb.fxgl.audio.AudioPlayer, class com.almasb.fxgl.notification.impl.NotificationServiceProvider, class com.almasb.fxgl.achievement.AchievementService, class com.almasb.fxgl.cutscene.CutsceneService, class com.almasb.fxgl.minigames.MiniGameService, class com.almasb.fxgl.net.NetService, class com.almasb.fxgl.app.services.UpdaterService, class com.almasb.fxgl.dev.DevService]
22:38:31.783 [FXGL Background Thread 3 ] DEBUG Engine               - fontGame: Abel-Regular.ttf
22:38:31.783 [FXGL Background Thread 3 ] DEBUG Engine               - fontMono: TerminalLandMono-Regular.otf
22:38:31.783 [FXGL Background Thread 3 ] DEBUG Engine               - fontSizeScaleUI: 1.0
22:38:31.783 [FXGL Background Thread 3 ] DEBUG Engine               - fontText: Courier-Prime.ttf
22:38:31.783 [FXGL Background Thread 3 ] DEBUG Engine               - fontUI: VarelaRound-Regular.ttf
22:38:31.783 [FXGL Background Thread 3 ] DEBUG Engine               - fullScreen: BooleanProperty [value: false]
22:38:31.783 [FXGL Background Thread 3 ] DEBUG Engine               - gameDifficulty: MEDIUM
22:38:31.783 [FXGL Background Thread 3 ] DEBUG Engine               - gameDifficultyProperty: ObjectProperty [value: MEDIUM]
22:38:31.783 [FXGL Background Thread 3 ] DEBUG Engine               - globalMusicVolume: 0.5
22:38:31.783 [FXGL Background Thread 3 ] DEBUG Engine               - globalMusicVolumeProperty: DoubleProperty [value: 0.5]
22:38:31.783 [FXGL Background Thread 3 ] DEBUG Engine               - globalSoundVolume: 0.5
22:38:31.783 [FXGL Background Thread 3 ] DEBUG Engine               - globalSoundVolumeProperty: DoubleProperty [value: 0.5]
22:38:31.783 [FXGL Background Thread 3 ] DEBUG Engine               - height: 887
22:38:31.783 [FXGL Background Thread 3 ] DEBUG Engine               - is3D: false
22:38:31.783 [FXGL Background Thread 3 ] DEBUG Engine               - isAndroid: false
22:38:31.783 [FXGL Background Thread 3 ] DEBUG Engine               - isBrowser: false
22:38:31.783 [FXGL Background Thread 3 ] DEBUG Engine               - isClickFeedbackEnabled: false
22:38:31.783 [FXGL Background Thread 3 ] DEBUG Engine               - isCloseConfirmation: false
22:38:31.783 [FXGL Background Thread 3 ] DEBUG Engine               - isDesktop: true
22:38:31.783 [FXGL Background Thread 3 ] DEBUG Engine               - isDeveloperMenuEnabled: false
22:38:31.783 [FXGL Background Thread 3 ] DEBUG Engine               - isEmbedded: false
22:38:31.783 [FXGL Background Thread 3 ] DEBUG Engine               - isEntityPreloadEnabled: true
22:38:31.783 [FXGL Background Thread 3 ] DEBUG Engine               - isExperimentalTiledLargeMap: false
22:38:31.783 [FXGL Background Thread 3 ] DEBUG Engine               - isFileSystemWriteAllowed: true
22:38:31.783 [FXGL Background Thread 3 ] DEBUG Engine               - isFullScreenAllowed: false
22:38:31.783 [FXGL Background Thread 3 ] DEBUG Engine               - isFullScreenFromStart: false
22:38:31.783 [FXGL Background Thread 3 ] DEBUG Engine               - isGameMenuEnabled: true
22:38:31.784 [FXGL Background Thread 3 ] DEBUG Engine               - isIOS: false
22:38:31.784 [FXGL Background Thread 3 ] DEBUG Engine               - isIntroEnabled: false
22:38:31.784 [FXGL Background Thread 3 ] DEBUG Engine               - isLinux: false
22:38:31.784 [FXGL Background Thread 3 ] DEBUG Engine               - isMac: false
22:38:31.784 [FXGL Background Thread 3 ] DEBUG Engine               - isMainMenuEnabled: true
22:38:31.784 [FXGL Background Thread 3 ] DEBUG Engine               - isManualResizeEnabled: false
22:38:31.784 [FXGL Background Thread 3 ] DEBUG Engine               - isMobile: false
22:38:31.784 [FXGL Background Thread 3 ] DEBUG Engine               - isNative: false
22:38:31.784 [FXGL Background Thread 3 ] DEBUG Engine               - isPauseMusicWhenMinimized: true
22:38:31.784 [FXGL Background Thread 3 ] DEBUG Engine               - isPreserveResizeRatio: false
22:38:31.784 [FXGL Background Thread 3 ] DEBUG Engine               - isProfilingEnabled: false
22:38:31.784 [FXGL Background Thread 3 ] DEBUG Engine               - isScaleAffectedOnResize: true
22:38:31.784 [FXGL Background Thread 3 ] DEBUG Engine               - isSingleStep: false
22:38:31.784 [FXGL Background Thread 3 ] DEBUG Engine               - isUserProfileEnabled: false
22:38:31.784 [FXGL Background Thread 3 ] DEBUG Engine               - isWindows: true
22:38:31.784 [FXGL Background Thread 3 ] DEBUG Engine               - language: ObjectProperty [value: ENGLISH]
22:38:31.784 [FXGL Background Thread 3 ] DEBUG Engine               - menuKey: ESCAPE
22:38:31.784 [FXGL Background Thread 3 ] DEBUG Engine               - mouseSensitivity: 0.2
22:38:31.784 [FXGL Background Thread 3 ] DEBUG Engine               - notificationViewClass: class com.almasb.fxgl.notification.view.XboxNotificationView
22:38:31.784 [FXGL Background Thread 3 ] DEBUG Engine               - pixelsPerMeter: 50.0
22:38:31.784 [FXGL Background Thread 3 ] DEBUG Engine               - platform: WINDOWS
22:38:31.784 [FXGL Background Thread 3 ] DEBUG Engine               - prefHeightProperty: ReadOnlyDoubleProperty [value: 887.0]
22:38:31.784 [FXGL Background Thread 3 ] DEBUG Engine               - prefWidthProperty: ReadOnlyDoubleProperty [value: 1386.0]
22:38:31.785 [FXGL Background Thread 3 ] DEBUG Engine               - profileDir: profiles/
22:38:31.785 [FXGL Background Thread 3 ] DEBUG Engine               - profileName: StringProperty [value: DEFAULT]
22:38:31.785 [FXGL Background Thread 3 ] DEBUG Engine               - randomSeed: -1
22:38:31.785 [FXGL Background Thread 3 ] DEBUG Engine               - runtimeInfo: RuntimeInfo(platform=WINDOWS, version=21.1, build=27.03.2024 07.52)
22:38:31.785 [FXGL Background Thread 3 ] DEBUG Engine               - saveFileExt: sav
22:38:31.785 [FXGL Background Thread 3 ] DEBUG Engine               - scaledHeightProp$fxgl: DoubleProperty [bound, value: 887.0]
22:38:31.785 [FXGL Background Thread 3 ] DEBUG Engine               - scaledWidthProp$fxgl: DoubleProperty [bound, value: 1386.0]
22:38:31.785 [FXGL Background Thread 3 ] DEBUG Engine               - sceneFactory: edu.sustech.xiangqi.XiangQiApp$1@15aeafd5
22:38:31.785 [FXGL Background Thread 3 ] DEBUG Engine               - secondsIn24h: 60
22:38:31.785 [FXGL Background Thread 3 ] DEBUG Engine               - soundMenuBack: menu/back.wav
22:38:31.785 [FXGL Background Thread 3 ] DEBUG Engine               - soundMenuPress: menu/press.wav
22:38:31.785 [FXGL Background Thread 3 ] DEBUG Engine               - soundMenuSelect: menu/select.wav
22:38:31.785 [FXGL Background Thread 3 ] DEBUG Engine               - soundNotification: core/notification.wav
22:38:31.785 [FXGL Background Thread 3 ] DEBUG Engine               - stageStyle: DECORATED
22:38:31.786 [FXGL Background Thread 3 ] DEBUG Engine               - supportedLanguages: [ENGLISH, FRENCH, GERMAN, HUNGARIAN, RUSSIAN]
22:38:31.786 [FXGL Background Thread 3 ] DEBUG Engine               - ticksPerSecond: -1
22:38:31.786 [FXGL Background Thread 3 ] DEBUG Engine               - title: 中国象棋 1.0
22:38:31.786 [FXGL Background Thread 3 ] DEBUG Engine               - urlGithub: https://github.com/AlmasB/FXGL
22:38:31.786 [FXGL Background Thread 3 ] DEBUG Engine               - urlLeaderboard: http://fxgl-top.herokuapp.com/
22:38:31.786 [FXGL Background Thread 3 ] DEBUG Engine               - urlPOM: https://raw.githubusercontent.com/AlmasB/FXGL/release/README.md
22:38:31.786 [FXGL Background Thread 3 ] DEBUG Engine               - userAppClass: class edu.sustech.xiangqi.XiangQiApp
22:38:31.786 [FXGL Background Thread 3 ] DEBUG Engine               - version: 1.0
22:38:31.786 [FXGL Background Thread 3 ] DEBUG Engine               - versionCheckDays: 7
22:38:31.786 [FXGL Background Thread 3 ] DEBUG Engine               - width: 1386
22:38:31.786 [FXGL Background Thread 3 ] DEBUG Engine               - Logging services
22:38:31.786 [FXGL Background Thread 3 ] DEBUG Engine               - class com.almasb.fxgl.app.services.FXGLAssetLoaderService
22:38:31.786 [FXGL Background Thread 3 ] DEBUG Engine               - class com.almasb.fxgl.app.FXGLApplication$GameApplicationService
22:38:31.786 [FXGL Background Thread 3 ] DEBUG Engine               - class com.almasb.fxgl.app.services.FXGLDialogService
22:38:31.786 [FXGL Background Thread 3 ] DEBUG Engine               - class com.almasb.fxgl.app.services.IOTaskExecutorService
22:38:31.786 [FXGL Background Thread 3 ] DEBUG Engine               - class com.almasb.fxgl.io.FileSystemService
22:38:31.786 [FXGL Background Thread 3 ] DEBUG Engine               - class com.almasb.fxgl.localization.LocalizationService
22:38:31.786 [FXGL Background Thread 3 ] DEBUG Engine               - class com.almasb.fxgl.app.services.SystemBundleService
22:38:31.786 [FXGL Background Thread 3 ] DEBUG Engine               - class com.almasb.fxgl.profile.SaveLoadService
22:38:31.786 [FXGL Background Thread 3 ] DEBUG Engine               - class com.almasb.fxgl.ui.FXGLUIFactoryServiceProvider
22:38:31.786 [FXGL Background Thread 3 ] DEBUG Engine               - class com.almasb.fxgl.ui.FXGLDialogFactoryServiceProvider
22:38:31.786 [FXGL Background Thread 3 ] DEBUG Engine               - class com.almasb.fxgl.audio.AudioPlayer
22:38:31.786 [FXGL Background Thread 3 ] DEBUG Engine               - class com.almasb.fxgl.notification.impl.NotificationServiceProvider
22:38:31.786 [FXGL Background Thread 3 ] DEBUG Engine               - class com.almasb.fxgl.achievement.AchievementService
22:38:31.786 [FXGL Background Thread 3 ] DEBUG Engine               - class com.almasb.fxgl.cutscene.CutsceneService
22:38:31.786 [FXGL Background Thread 3 ] DEBUG Engine               - class com.almasb.fxgl.minigames.MiniGameService
22:38:31.786 [FXGL Background Thread 3 ] DEBUG Engine               - class com.almasb.fxgl.net.NetService
22:38:31.786 [FXGL Background Thread 3 ] DEBUG Engine               - class com.almasb.fxgl.app.services.UpdaterService
22:38:31.786 [FXGL Background Thread 3 ] DEBUG Engine               - class com.almasb.fxgl.dev.DevService
22:38:40.111 [JavaFX Application Thread] DEBUG AudioPlayer          - Playing music com.almasb.fxgl.audio.Music@7e8eb029
22:39:14.658 [JavaFX Application Thread] DEBUG FXGLApplication      - Exiting FXGL
22:39:14.658 [JavaFX Application Thread] DEBUG LoopRunner           - Stopping loop
22:39:14.658 [JavaFX Application Thread] DEBUG SystemBundleService  - Saving FXGL system data
22:39:14.659 [JavaFX Application Thread] DEBUG FileSystemAccess     - Writing to: E:\G2\java\final_project\team_project_1124\javaA-xiangqi-project-main\system\fxgl.bundle
22:39:14.660 [JavaFX Application Thread] DEBUG Async                - Shutting down background threads
22:39:14.660 [JavaFX Application Thread] DEBUG PrimaryStageWindow   - Closing main window
22:39:14.676 [JavaFX Application Thread] DEBUG Logger               - Closing Logger
