14:19:41.547 [main                     ] DEBUG Logger               - Configured Logger
14:19:41.573 [main                     ] DEBUG GameApplication      - Logging settings
Title: 中国象棋 1.0
Version: 1.0
Width: 1316
Height: 1007
Fullscreen: false
Intro: false
Profiling: false
Single step:false
App Mode: DEVELOPER
Menu Key: ESCAPE
Stage Style: DECORATED
Scene Factory: class edu.sustech.xiangqi.XiangQiApp$1

14:19:41.996 [JavaFX Application Thread] DEBUG FXGLApplication      - Initializing FXGL
14:19:41.998 [JavaFX Application Thread] INFO  Engine               - FXGL-21.1 (27.03.2024 07.52) on WINDOWS (J:23.0.1 FX:21.0.1)
14:19:41.999 [JavaFX Application Thread] DEBUG Engine               - JRE Vendor Name: Oracle Corporation
14:19:41.999 [JavaFX Application Thread] DEBUG Engine               - Running on OS: Windows 11 version 10.0
14:19:41.999 [JavaFX Application Thread] DEBUG Engine               - Architecture: amd64
14:19:41.999 [JavaFX Application Thread] INFO  Engine               - Source code and latest versions at: https://github.com/AlmasB/FXGL
14:19:41.999 [JavaFX Application Thread] INFO  Engine               -       Ask questions and discuss at: https://github.com/AlmasB/FXGL/discussions
14:19:41.999 [JavaFX Application Thread] INFO  Engine               -              Join the FXGL chat at: https://gitter.im/AlmasB/FXGL
14:19:42.086 [JavaFX Application Thread] DEBUG PrimaryStageWindow   - Creating a JavaFX scene
14:19:42.121 [JavaFX Application Thread] DEBUG PrimaryStageWindow   - Target settings size: 1316.0 x 1007.0
14:19:42.121 [JavaFX Application Thread] DEBUG PrimaryStageWindow   - Scaled scene size:    1316.0 x 1007.0
14:19:42.121 [JavaFX Application Thread] DEBUG PrimaryStageWindow   - Scaled ratio: (1.0, 1.0)
14:19:42.122 [JavaFX Application Thread] DEBUG PrimaryStageWindow   - Set initial scene to FXGLStartupScene
14:19:42.124 [JavaFX Application Thread] DEBUG PrimaryStageWindow   - Opening main window
14:19:42.221 [JavaFX Application Thread] DEBUG PrimaryStageWindow   - Window border size: (14.6666259765625, 37.6666259765625)
14:19:42.222 [JavaFX Application Thread] DEBUG PrimaryStageWindow   - Scaled size: 1316.0 x 1007.0
14:19:42.222 [JavaFX Application Thread] DEBUG PrimaryStageWindow   - Scaled ratio: (1.0, 1.0)
14:19:42.222 [JavaFX Application Thread] DEBUG PrimaryStageWindow   - Scene size: 1316.0 x 1007.0
14:19:42.222 [JavaFX Application Thread] DEBUG PrimaryStageWindow   - Stage size: 1330.6666259765625 x 1044.6666259765625
14:19:42.228 [FXGL Background Thread 1 ] DEBUG Engine               - Initializing environment variables
14:19:42.280 [FXGL Background Thread 1 ] DEBUG FXGLAssetLoaderServi - User app class for loading assets: class edu.sustech.xiangqi.XiangQiApp
14:19:42.280 [FXGL Background Thread 1 ] DEBUG GameApplicationServi - Applying CSS: fxgl_dark.css
14:19:42.281 [FXGL Background Thread 1 ] DEBUG FXGLAssetLoaderServi - Loading from file system: jar:file:/C:/Users/20140/.m2/repository/com/github/almasb/fxgl/21.1/fxgl-21.1.jar!/fxglassets/ui/css/fxgl_dark.css
14:19:42.312 [FXGL Background Thread 1 ] DEBUG GameApplicationServi - Initializing application scenes
14:19:42.397 [FXGL Background Thread 1 ] DEBUG GameWorld            - Game world initialized
14:19:42.437 [FXGL Background Thread 1 ] DEBUG PhysicsWorld         - Physics world initialized: appHeight=1007, physics.ppm=50.0
14:19:42.437 [FXGL Background Thread 1 ] DEBUG PhysicsWorld         - Using strategy: BRUTE_FORCE
14:19:42.439 [FXGL Background Thread 1 ] DEBUG GameScene            - Game scene initialized: 1316x1007
14:19:42.447 [FXGL Background Thread 1 ] DEBUG FXGLAssetLoaderServi - Loading from file system: file:/D:/Github/javaA-xiangqi-project-main-yxh-1125/target/classes/assets/ui/fonts/HYPixel11pxU-2.ttf
14:19:42.470 [FXGL Background Thread 1 ] DEBUG FXGLAssetLoaderServi - Loading from file system: file:/D:/Github/javaA-xiangqi-project-main-yxh-1125/target/classes/assets/textures/Button1.png
14:19:42.483 [FXGL Background Thread 1 ] DEBUG FXGLAssetLoaderServi - Loading from file system: file:/D:/Github/javaA-xiangqi-project-main-yxh-1125/target/classes/assets/textures/Press.png
14:19:42.504 [FXGL Background Thread 1 ] DEBUG GameApplicationServi - Application scenes initialized
14:19:42.509 [FXGL Background Thread 1 ] DEBUG SystemBundleService  - Loading FXGL system data
14:19:42.510 [FXGL Background Thread 1 ] DEBUG FileSystemAccess     - Reading from: D:\Github\javaA-xiangqi-project-main-yxh-1125\system\fxgl.bundle
14:19:42.512 [FXGL Background Thread 1 ] DEBUG SystemBundleService  - Bundle FXGL: {}
14:19:42.512 [FXGL Background Thread 1 ] DEBUG UpdaterService       - Checking for updates
14:19:42.516 [FXGL Background Thread 4 ] DEBUG FXGLApplication      - Loading fonts
14:19:42.516 [FXGL Background Thread 4 ] DEBUG FXGLAssetLoaderServi - Loading from file system: jar:file:/C:/Users/20140/.m2/repository/com/github/almasb/fxgl/21.1/fxgl-21.1.jar!/fxglassets/ui/fonts/VarelaRound-Regular.ttf
14:19:42.516 [FXGL Background Thread 1 ] DEBUG FXGLApplication      - Loading default localization
14:19:42.517 [FXGL Background Thread 1 ] DEBUG FXGLAssetLoaderServi - Loading from file system: jar:file:/C:/Users/20140/.m2/repository/com/github/almasb/fxgl/21.1/fxgl-21.1.jar!/fxglassets/languages/english.lang
14:19:42.529 [FXGL Background Thread 4 ] DEBUG FXGLAssetLoaderServi - Loading from file system: jar:file:/C:/Users/20140/.m2/repository/com/github/almasb/fxgl/21.1/fxgl-21.1.jar!/fxglassets/ui/fonts/Abel-Regular.ttf
14:19:42.538 [FXGL Background Thread 4 ] DEBUG FXGLAssetLoaderServi - Loading from file system: jar:file:/C:/Users/20140/.m2/repository/com/github/almasb/fxgl/21.1/fxgl-21.1.jar!/fxglassets/ui/fonts/TerminalLandMono-Regular.otf
14:19:42.542 [FXGL Background Thread 1 ] INFO  FXGLApplication      - FXGL initialization took: 0.314 sec
14:19:42.547 [FXGL Background Thread 4 ] DEBUG FXGLAssetLoaderServi - Loading from file system: jar:file:/C:/Users/20140/.m2/repository/com/github/almasb/fxgl/21.1/fxgl-21.1.jar!/fxglassets/ui/fonts/Courier-Prime.ttf
14:19:42.554 [JavaFX Application Thread] DEBUG Input                - Registered new binding: Click - LMB
14:19:42.555 [JavaFX Application Thread] DEBUG FXGLAssetLoaderServi - Loading from file system: jar:file:/C:/Users/20140/.m2/repository/com/github/almasb/fxgl/21.1/fxgl-21.1.jar!/fxglassets/textures/fxgl_icon.png
14:19:42.571 [JavaFX Application Thread] DEBUG FXGLAssetLoaderServi - Loading from file system: jar:file:/C:/Users/20140/.m2/repository/com/github/almasb/fxgl/21.1/fxgl-21.1.jar!/fxglassets/textures/fxgl_default_cursor.png
14:19:42.580 [JavaFX Application Thread] DEBUG Input                - Registered new binding: Screenshot - CTRL+8
14:19:42.581 [JavaFX Application Thread] DEBUG Input                - Registered new binding: System info dump - CTRL+9
14:19:42.582 [JavaFX Application Thread] DEBUG Input                - Registered new binding: Restart - CTRL+R
14:19:42.583 [JavaFX Application Thread] DEBUG Input                - Registered new binding: Toggle Debug Camera - CTRL+7
14:19:42.590 [JavaFX Application Thread] DEBUG LoopRunner           - Starting loop
14:19:42.590 [JavaFX Application Thread] DEBUG LoopRunner           - Initializing JavaFX AnimationTimerLoop
14:19:42.595 [JavaFX Application Thread] DEBUG Input                - Clearing active input actions
14:19:42.599 [JavaFX Application Thread] DEBUG GameApplicationServi - Removing overlay from FXGLStartupScene and adding to FXGLMainMenuDummyScene
14:19:42.600 [JavaFX Application Thread] DEBUG PrimaryStageWindow   - FXGLStartupScene -> FXGLMainMenuDummyScene
14:19:42.600 [JavaFX Application Thread] DEBUG PrimaryStageWindow   - Push state: MainMenuScene
14:19:42.601 [JavaFX Application Thread] DEBUG Input                - Clearing active input actions
14:19:42.606 [JavaFX Application Thread] DEBUG GameApplicationServi - Removing overlay from FXGLMainMenuDummyScene and adding to MainMenuScene
14:19:42.607 [JavaFX Application Thread] DEBUG PrimaryStageWindow   - FXGLMainMenuDummyScene -> MainMenuScene
14:19:42.652 [JavaFX Application Thread] DEBUG FXGLApplication      - Registering font factories with UI factory
14:19:43.022 [JavaFX Application Thread] DEBUG FXGLAssetLoaderServi - Loading from file system: file:/D:/Github/javaA-xiangqi-project-main-yxh-1125/target/classes/assets/music/%e6%8c%89%e9%92%ae%e9%9f%b3%e6%95%881.mp3
14:19:43.127 [JavaFX Application Thread] DEBUG AudioPlayer          - Playing music com.almasb.fxgl.audio.Music@2e26d6d0
14:19:43.128 [JavaFX Application Thread] DEBUG AudioPlayer          - Playing music com.almasb.fxgl.audio.Music@2e26d6d0
14:19:43.293 [JavaFX Application Thread] DEBUG AudioPlayer          - Playing music com.almasb.fxgl.audio.Music@2e26d6d0
14:19:44.642 [JavaFX Application Thread] DEBUG AudioPlayer          - Playing music com.almasb.fxgl.audio.Music@2e26d6d0
14:19:45.132 [JavaFX Application Thread] DEBUG AudioPlayer          - Playing music com.almasb.fxgl.audio.Music@2e26d6d0
14:19:45.495 [JavaFX Application Thread] DEBUG AudioPlayer          - Playing music com.almasb.fxgl.audio.Music@2e26d6d0
14:19:45.516 [FXGL Background Thread 3 ] DEBUG Engine               - Logging environment variables
14:19:45.516 [FXGL Background Thread 3 ] DEBUG Engine               - achievements: []
14:19:45.516 [FXGL Background Thread 3 ] DEBUG Engine               - actualHeight: 1007.0
14:19:45.517 [FXGL Background Thread 3 ] DEBUG Engine               - actualHeightProperty: ReadOnlyDoubleProperty [value: 1007.0]
14:19:45.517 [FXGL Background Thread 3 ] DEBUG Engine               - actualWidth: 1316.0
14:19:45.517 [FXGL Background Thread 3 ] DEBUG Engine               - actualWidthProperty: ReadOnlyDoubleProperty [value: 1316.0]
14:19:45.517 [FXGL Background Thread 3 ] DEBUG Engine               - appIcon: fxgl_icon.png
14:19:45.517 [FXGL Background Thread 3 ] DEBUG Engine               - applicationMode: DEVELOPER
14:19:45.517 [FXGL Background Thread 3 ] DEBUG Engine               - cSSList: [fxgl_dark.css]
14:19:45.517 [FXGL Background Thread 3 ] DEBUG Engine               - collisionDetectionStrategy: BRUTE_FORCE
14:19:45.517 [FXGL Background Thread 3 ] DEBUG Engine               - configClass: Optional.empty
14:19:45.517 [FXGL Background Thread 3 ] DEBUG Engine               - credits: []
14:19:45.519 [FXGL Background Thread 3 ] DEBUG Engine               - defaultCursor: CursorInfo(imageName=fxgl_default_cursor.png, hotspotX=7.0, hotspotY=6.0)
14:19:45.519 [FXGL Background Thread 3 ] DEBUG Engine               - devBBoxColorProperty: ObjectProperty [value: 0xff0000ff]
14:19:45.519 [FXGL Background Thread 3 ] DEBUG Engine               - devEnableDebugCameraProperty: BooleanProperty [value: false]
14:19:45.519 [FXGL Background Thread 3 ] DEBUG Engine               - devSensorColorProperty: ObjectProperty [value: 0xffff00ff]
14:19:45.519 [FXGL Background Thread 3 ] DEBUG Engine               - devShowBBoxProperty: BooleanProperty [value: false]
14:19:45.519 [FXGL Background Thread 3 ] DEBUG Engine               - devShowPositionProperty: BooleanProperty [value: false]
14:19:45.519 [FXGL Background Thread 3 ] DEBUG Engine               - enabledMenuItems: []
14:19:45.519 [FXGL Background Thread 3 ] DEBUG Engine               - engineServices: [class com.almasb.fxgl.app.services.FXGLAssetLoaderService, class com.almasb.fxgl.app.FXGLApplication$GameApplicationService, class com.almasb.fxgl.app.services.FXGLDialogService, class com.almasb.fxgl.app.services.IOTaskExecutorService, class com.almasb.fxgl.io.FileSystemService, class com.almasb.fxgl.localization.LocalizationService, class com.almasb.fxgl.app.services.SystemBundleService, class com.almasb.fxgl.profile.SaveLoadService, class com.almasb.fxgl.ui.FXGLUIFactoryServiceProvider, class com.almasb.fxgl.ui.FXGLDialogFactoryServiceProvider, class com.almasb.fxgl.audio.AudioPlayer, class com.almasb.fxgl.notification.impl.NotificationServiceProvider, class com.almasb.fxgl.achievement.AchievementService, class com.almasb.fxgl.cutscene.CutsceneService, class com.almasb.fxgl.minigames.MiniGameService, class com.almasb.fxgl.net.NetService, class com.almasb.fxgl.app.services.UpdaterService, class com.almasb.fxgl.dev.DevService]
14:19:45.519 [FXGL Background Thread 3 ] DEBUG Engine               - fontGame: Abel-Regular.ttf
14:19:45.519 [FXGL Background Thread 3 ] DEBUG Engine               - fontMono: TerminalLandMono-Regular.otf
14:19:45.519 [FXGL Background Thread 3 ] DEBUG Engine               - fontSizeScaleUI: 1.0
14:19:45.519 [FXGL Background Thread 3 ] DEBUG Engine               - fontText: Courier-Prime.ttf
14:19:45.519 [FXGL Background Thread 3 ] DEBUG Engine               - fontUI: VarelaRound-Regular.ttf
14:19:45.519 [FXGL Background Thread 3 ] DEBUG Engine               - fullScreen: BooleanProperty [value: false]
14:19:45.519 [FXGL Background Thread 3 ] DEBUG Engine               - gameDifficulty: MEDIUM
14:19:45.519 [FXGL Background Thread 3 ] DEBUG Engine               - gameDifficultyProperty: ObjectProperty [value: MEDIUM]
14:19:45.519 [FXGL Background Thread 3 ] DEBUG Engine               - globalMusicVolume: 0.5
14:19:45.519 [FXGL Background Thread 3 ] DEBUG Engine               - globalMusicVolumeProperty: DoubleProperty [value: 0.5]
14:19:45.519 [FXGL Background Thread 3 ] DEBUG Engine               - globalSoundVolume: 0.5
14:19:45.519 [FXGL Background Thread 3 ] DEBUG Engine               - globalSoundVolumeProperty: DoubleProperty [value: 0.5]
14:19:45.519 [FXGL Background Thread 3 ] DEBUG Engine               - height: 1007
14:19:45.519 [FXGL Background Thread 3 ] DEBUG Engine               - is3D: false
14:19:45.519 [FXGL Background Thread 3 ] DEBUG Engine               - isAndroid: false
14:19:45.519 [FXGL Background Thread 3 ] DEBUG Engine               - isBrowser: false
14:19:45.519 [FXGL Background Thread 3 ] DEBUG Engine               - isClickFeedbackEnabled: false
14:19:45.519 [FXGL Background Thread 3 ] DEBUG Engine               - isCloseConfirmation: false
14:19:45.519 [FXGL Background Thread 3 ] DEBUG Engine               - isDesktop: true
14:19:45.519 [FXGL Background Thread 3 ] DEBUG Engine               - isDeveloperMenuEnabled: false
14:19:45.519 [FXGL Background Thread 3 ] DEBUG Engine               - isEmbedded: false
14:19:45.519 [FXGL Background Thread 3 ] DEBUG Engine               - isEntityPreloadEnabled: true
14:19:45.519 [FXGL Background Thread 3 ] DEBUG Engine               - isExperimentalTiledLargeMap: false
14:19:45.519 [FXGL Background Thread 3 ] DEBUG Engine               - isFileSystemWriteAllowed: true
14:19:45.519 [FXGL Background Thread 3 ] DEBUG Engine               - isFullScreenAllowed: false
14:19:45.519 [FXGL Background Thread 3 ] DEBUG Engine               - isFullScreenFromStart: false
14:19:45.519 [FXGL Background Thread 3 ] DEBUG Engine               - isGameMenuEnabled: true
14:19:45.519 [FXGL Background Thread 3 ] DEBUG Engine               - isIOS: false
14:19:45.519 [FXGL Background Thread 3 ] DEBUG Engine               - isIntroEnabled: false
14:19:45.519 [FXGL Background Thread 3 ] DEBUG Engine               - isLinux: false
14:19:45.519 [FXGL Background Thread 3 ] DEBUG Engine               - isMac: false
14:19:45.519 [FXGL Background Thread 3 ] DEBUG Engine               - isMainMenuEnabled: true
14:19:45.519 [FXGL Background Thread 3 ] DEBUG Engine               - isManualResizeEnabled: false
14:19:45.519 [FXGL Background Thread 3 ] DEBUG Engine               - isMobile: false
14:19:45.519 [FXGL Background Thread 3 ] DEBUG Engine               - isNative: false
14:19:45.519 [FXGL Background Thread 3 ] DEBUG Engine               - isPauseMusicWhenMinimized: true
14:19:45.519 [FXGL Background Thread 3 ] DEBUG Engine               - isPreserveResizeRatio: false
14:19:45.519 [FXGL Background Thread 3 ] DEBUG Engine               - isProfilingEnabled: false
14:19:45.519 [FXGL Background Thread 3 ] DEBUG Engine               - isScaleAffectedOnResize: true
14:19:45.519 [FXGL Background Thread 3 ] DEBUG Engine               - isSingleStep: false
14:19:45.519 [FXGL Background Thread 3 ] DEBUG Engine               - isUserProfileEnabled: false
14:19:45.519 [FXGL Background Thread 3 ] DEBUG Engine               - isWindows: true
14:19:45.519 [FXGL Background Thread 3 ] DEBUG Engine               - language: ObjectProperty [value: ENGLISH]
14:19:45.519 [FXGL Background Thread 3 ] DEBUG Engine               - menuKey: ESCAPE
14:19:45.519 [FXGL Background Thread 3 ] DEBUG Engine               - mouseSensitivity: 0.2
14:19:45.519 [FXGL Background Thread 3 ] DEBUG Engine               - notificationViewClass: class com.almasb.fxgl.notification.view.XboxNotificationView
14:19:45.519 [FXGL Background Thread 3 ] DEBUG Engine               - pixelsPerMeter: 50.0
14:19:45.519 [FXGL Background Thread 3 ] DEBUG Engine               - platform: WINDOWS
14:19:45.519 [FXGL Background Thread 3 ] DEBUG Engine               - prefHeightProperty: ReadOnlyDoubleProperty [value: 1007.0]
14:19:45.519 [FXGL Background Thread 3 ] DEBUG Engine               - prefWidthProperty: ReadOnlyDoubleProperty [value: 1316.0]
14:19:45.519 [FXGL Background Thread 3 ] DEBUG Engine               - profileDir: profiles/
14:19:45.519 [FXGL Background Thread 3 ] DEBUG Engine               - profileName: StringProperty [value: DEFAULT]
14:19:45.520 [FXGL Background Thread 3 ] DEBUG Engine               - randomSeed: -1
14:19:45.520 [FXGL Background Thread 3 ] DEBUG Engine               - runtimeInfo: RuntimeInfo(platform=WINDOWS, version=21.1, build=27.03.2024 07.52)
14:19:45.520 [FXGL Background Thread 3 ] DEBUG Engine               - saveFileExt: sav
14:19:45.520 [FXGL Background Thread 3 ] DEBUG Engine               - scaledHeightProp$fxgl: DoubleProperty [bound, value: 1007.0]
14:19:45.520 [FXGL Background Thread 3 ] DEBUG Engine               - scaledWidthProp$fxgl: DoubleProperty [bound, value: 1316.0]
14:19:45.520 [FXGL Background Thread 3 ] DEBUG Engine               - sceneFactory: edu.sustech.xiangqi.XiangQiApp$1@7ce903a5
14:19:45.520 [FXGL Background Thread 3 ] DEBUG Engine               - secondsIn24h: 60
14:19:45.520 [FXGL Background Thread 3 ] DEBUG Engine               - soundMenuBack: menu/back.wav
14:19:45.520 [FXGL Background Thread 3 ] DEBUG Engine               - soundMenuPress: menu/press.wav
14:19:45.520 [FXGL Background Thread 3 ] DEBUG Engine               - soundMenuSelect: menu/select.wav
14:19:45.520 [FXGL Background Thread 3 ] DEBUG Engine               - soundNotification: core/notification.wav
14:19:45.520 [FXGL Background Thread 3 ] DEBUG Engine               - stageStyle: DECORATED
14:19:45.520 [FXGL Background Thread 3 ] DEBUG Engine               - supportedLanguages: [ENGLISH, FRENCH, GERMAN, HUNGARIAN, RUSSIAN]
14:19:45.520 [FXGL Background Thread 3 ] DEBUG Engine               - ticksPerSecond: -1
14:19:45.520 [FXGL Background Thread 3 ] DEBUG Engine               - title: 中国象棋 1.0
14:19:45.520 [FXGL Background Thread 3 ] DEBUG Engine               - urlGithub: https://github.com/AlmasB/FXGL
14:19:45.520 [FXGL Background Thread 3 ] DEBUG Engine               - urlLeaderboard: http://fxgl-top.herokuapp.com/
14:19:45.520 [FXGL Background Thread 3 ] DEBUG Engine               - urlPOM: https://raw.githubusercontent.com/AlmasB/FXGL/release/README.md
14:19:45.520 [FXGL Background Thread 3 ] DEBUG Engine               - userAppClass: class edu.sustech.xiangqi.XiangQiApp
14:19:45.520 [FXGL Background Thread 3 ] DEBUG Engine               - version: 1.0
14:19:45.520 [FXGL Background Thread 3 ] DEBUG Engine               - versionCheckDays: 7
14:19:45.520 [FXGL Background Thread 3 ] DEBUG Engine               - width: 1316
14:19:45.520 [FXGL Background Thread 3 ] DEBUG Engine               - Logging services
14:19:45.520 [FXGL Background Thread 3 ] DEBUG Engine               - class com.almasb.fxgl.app.services.FXGLAssetLoaderService
14:19:45.520 [FXGL Background Thread 3 ] DEBUG Engine               - class com.almasb.fxgl.app.FXGLApplication$GameApplicationService
14:19:45.520 [FXGL Background Thread 3 ] DEBUG Engine               - class com.almasb.fxgl.app.services.FXGLDialogService
14:19:45.520 [FXGL Background Thread 3 ] DEBUG Engine               - class com.almasb.fxgl.app.services.IOTaskExecutorService
14:19:45.520 [FXGL Background Thread 3 ] DEBUG Engine               - class com.almasb.fxgl.io.FileSystemService
14:19:45.520 [FXGL Background Thread 3 ] DEBUG Engine               - class com.almasb.fxgl.localization.LocalizationService
14:19:45.520 [FXGL Background Thread 3 ] DEBUG Engine               - class com.almasb.fxgl.app.services.SystemBundleService
14:19:45.520 [FXGL Background Thread 3 ] DEBUG Engine               - class com.almasb.fxgl.profile.SaveLoadService
14:19:45.520 [FXGL Background Thread 3 ] DEBUG Engine               - class com.almasb.fxgl.ui.FXGLUIFactoryServiceProvider
14:19:45.520 [FXGL Background Thread 3 ] DEBUG Engine               - class com.almasb.fxgl.ui.FXGLDialogFactoryServiceProvider
14:19:45.520 [FXGL Background Thread 3 ] DEBUG Engine               - class com.almasb.fxgl.audio.AudioPlayer
14:19:45.520 [FXGL Background Thread 3 ] DEBUG Engine               - class com.almasb.fxgl.notification.impl.NotificationServiceProvider
14:19:45.520 [FXGL Background Thread 3 ] DEBUG Engine               - class com.almasb.fxgl.achievement.AchievementService
14:19:45.520 [FXGL Background Thread 3 ] DEBUG Engine               - class com.almasb.fxgl.cutscene.CutsceneService
14:19:45.520 [FXGL Background Thread 3 ] DEBUG Engine               - class com.almasb.fxgl.minigames.MiniGameService
14:19:45.520 [FXGL Background Thread 3 ] DEBUG Engine               - class com.almasb.fxgl.net.NetService
14:19:45.520 [FXGL Background Thread 3 ] DEBUG Engine               - class com.almasb.fxgl.app.services.UpdaterService
14:19:45.520 [FXGL Background Thread 3 ] DEBUG Engine               - class com.almasb.fxgl.dev.DevService
14:19:49.216 [JavaFX Application Thread] DEBUG AudioPlayer          - Playing music com.almasb.fxgl.audio.Music@2e26d6d0
14:19:50.096 [JavaFX Application Thread] DEBUG AudioPlayer          - Playing music com.almasb.fxgl.audio.Music@2e26d6d0
14:19:50.536 [JavaFX Application Thread] DEBUG AudioPlayer          - Playing music com.almasb.fxgl.audio.Music@2e26d6d0
14:19:50.974 [JavaFX Application Thread] DEBUG Menu                 - fireNewGame()
14:19:50.974 [JavaFX Application Thread] DEBUG GameApplicationServi - Starting new game
14:19:50.974 [JavaFX Application Thread] DEBUG PrimaryStageWindow   - Pop state: MainMenuScene
14:19:50.974 [JavaFX Application Thread] DEBUG Input                - Clearing active input actions
14:19:50.974 [JavaFX Application Thread] DEBUG GameApplicationServi - Removing overlay from MainMenuScene and adding to FXGLMainMenuDummyScene
14:19:50.975 [JavaFX Application Thread] DEBUG PrimaryStageWindow   - FXGLMainMenuDummyScene <- MainMenuScene
14:19:50.975 [JavaFX Application Thread] DEBUG Input                - Clearing active input actions
14:19:50.977 [JavaFX Application Thread] DEBUG GameApplicationServi - Removing overlay from FXGLMainMenuDummyScene and adding to FXGLLoadingScene
14:19:50.977 [JavaFX Application Thread] DEBUG PrimaryStageWindow   - FXGLMainMenuDummyScene -> FXGLLoadingScene
14:19:50.977 [JavaFX Application Thread] DEBUG GameApplicationServi - Clearing previous game
14:19:50.977 [JavaFX Application Thread] DEBUG GameScene            - Clearing game scene
14:19:50.977 [JavaFX Application Thread] DEBUG GameWorld            - Clearing game world
14:19:50.977 [JavaFX Application Thread] DEBUG PhysicsWorld         - Clearing physics world
14:19:50.979 [FXGL Background Thread 2 ] DEBUG FXGLApplication      - Initializing game
14:19:50.993 [FXGL Background Thread 2 ] DEBUG FXGLAssetLoaderServi - Loading from file system: file:/D:/Github/javaA-xiangqi-project-main-yxh-1125/target/classes/assets/textures/%e8%83%8c%e6%99%af.jpg
14:19:51.044 [FXGL Background Thread 2 ] DEBUG FXGLAssetLoaderServi - Loading from file system: file:/D:/Github/javaA-xiangqi-project-main-yxh-1125/target/classes/assets/textures/ChessBoard.png
14:19:51.077 [FXGL Background Thread 2 ] DEBUG FXGLAssetLoaderServi - Loading from file system: file:/D:/Github/javaA-xiangqi-project-main-yxh-1125/target/classes/assets/textures/BlackChariot.png
14:19:51.090 [FXGL Background Thread 2 ] DEBUG FXGLAssetLoaderServi - Loading from file system: file:/D:/Github/javaA-xiangqi-project-main-yxh-1125/target/classes/assets/textures/BlackHorse.png
14:19:51.092 [FXGL Background Thread 2 ] DEBUG FXGLAssetLoaderServi - Loading from file system: file:/D:/Github/javaA-xiangqi-project-main-yxh-1125/target/classes/assets/textures/BlackElephant.png
14:19:51.093 [FXGL Background Thread 2 ] DEBUG FXGLAssetLoaderServi - Loading from file system: file:/D:/Github/javaA-xiangqi-project-main-yxh-1125/target/classes/assets/textures/BlackAdvisor.png
14:19:51.094 [FXGL Background Thread 2 ] DEBUG FXGLAssetLoaderServi - Loading from file system: file:/D:/Github/javaA-xiangqi-project-main-yxh-1125/target/classes/assets/textures/BlackGeneral.png
14:19:51.097 [FXGL Background Thread 2 ] DEBUG FXGLAssetLoaderServi - Loading from file system: file:/D:/Github/javaA-xiangqi-project-main-yxh-1125/target/classes/assets/textures/BlackCannon.png
14:19:51.098 [FXGL Background Thread 2 ] DEBUG FXGLAssetLoaderServi - Loading from file system: file:/D:/Github/javaA-xiangqi-project-main-yxh-1125/target/classes/assets/textures/BlackSoldier.png
14:19:51.101 [FXGL Background Thread 2 ] DEBUG FXGLAssetLoaderServi - Loading from file system: file:/D:/Github/javaA-xiangqi-project-main-yxh-1125/target/classes/assets/textures/RedSoldier.png
14:19:51.103 [FXGL Background Thread 2 ] DEBUG FXGLAssetLoaderServi - Loading from file system: file:/D:/Github/javaA-xiangqi-project-main-yxh-1125/target/classes/assets/textures/RedCannon.png
14:19:51.104 [FXGL Background Thread 2 ] DEBUG FXGLAssetLoaderServi - Loading from file system: file:/D:/Github/javaA-xiangqi-project-main-yxh-1125/target/classes/assets/textures/RedChariot.png
14:19:51.105 [FXGL Background Thread 2 ] DEBUG FXGLAssetLoaderServi - Loading from file system: file:/D:/Github/javaA-xiangqi-project-main-yxh-1125/target/classes/assets/textures/RedHorse.png
14:19:51.106 [FXGL Background Thread 2 ] DEBUG FXGLAssetLoaderServi - Loading from file system: file:/D:/Github/javaA-xiangqi-project-main-yxh-1125/target/classes/assets/textures/RedElephant.png
14:19:51.106 [FXGL Background Thread 2 ] DEBUG FXGLAssetLoaderServi - Loading from file system: file:/D:/Github/javaA-xiangqi-project-main-yxh-1125/target/classes/assets/textures/RedAdvisor.png
14:19:51.107 [FXGL Background Thread 2 ] DEBUG FXGLAssetLoaderServi - Loading from file system: file:/D:/Github/javaA-xiangqi-project-main-yxh-1125/target/classes/assets/textures/RedGeneral.png
14:19:51.119 [FXGL Background Thread 2 ] INFO  FXGLApplication      - Game initialization took: 0.140 sec
14:19:51.119 [JavaFX Application Thread] DEBUG Input                - Clearing active input actions
14:19:51.124 [JavaFX Application Thread] DEBUG GameApplicationServi - Removing overlay from FXGLLoadingScene and adding to GameScene
14:19:51.124 [JavaFX Application Thread] DEBUG PrimaryStageWindow   - FXGLLoadingScene -> GameScene
14:19:51.906 [JavaFX Application Thread] DEBUG AudioPlayer          - Playing music com.almasb.fxgl.audio.Music@2e26d6d0
14:19:54.494 [JavaFX Application Thread] DEBUG PrimaryStageWindow   - Push state: InGameMenuScene
14:19:54.495 [JavaFX Application Thread] DEBUG Input                - Clearing active input actions
14:19:54.495 [JavaFX Application Thread] DEBUG GameApplicationServi - Removing overlay from GameScene and adding to InGameMenuScene
14:19:54.495 [JavaFX Application Thread] DEBUG PrimaryStageWindow   - GameScene -> InGameMenuScene
14:19:54.847 [JavaFX Application Thread] DEBUG AudioPlayer          - Playing music com.almasb.fxgl.audio.Music@2e26d6d0
14:19:54.954 [JavaFX Application Thread] DEBUG AudioPlayer          - Playing music com.almasb.fxgl.audio.Music@2e26d6d0
14:19:55.195 [JavaFX Application Thread] DEBUG AudioPlayer          - Playing music com.almasb.fxgl.audio.Music@2e26d6d0
14:19:55.497 [JavaFX Application Thread] DEBUG Menu                 - fireExitToMainMenu()
14:19:55.508 [JavaFX Application Thread] DEBUG PrimaryStageWindow   - Push state: DialogSubScene
14:19:55.508 [JavaFX Application Thread] DEBUG Input                - Clearing active input actions
14:19:55.508 [JavaFX Application Thread] DEBUG GameApplicationServi - Removing overlay from InGameMenuScene and adding to DialogSubScene
14:19:55.508 [JavaFX Application Thread] DEBUG PrimaryStageWindow   - InGameMenuScene -> DialogSubScene
14:19:56.189 [JavaFX Application Thread] DEBUG PrimaryStageWindow   - Pop state: DialogSubScene
14:19:56.189 [JavaFX Application Thread] DEBUG Input                - Clearing active input actions
14:19:56.189 [JavaFX Application Thread] DEBUG GameApplicationServi - Removing overlay from DialogSubScene and adding to InGameMenuScene
14:19:56.189 [JavaFX Application Thread] DEBUG PrimaryStageWindow   - InGameMenuScene <- DialogSubScene
14:19:56.189 [JavaFX Application Thread] DEBUG PrimaryStageWindow   - Pop state: InGameMenuScene
14:19:56.189 [JavaFX Application Thread] DEBUG Input                - Clearing active input actions
14:19:56.189 [JavaFX Application Thread] DEBUG GameApplicationServi - Removing overlay from InGameMenuScene and adding to GameScene
14:19:56.190 [JavaFX Application Thread] DEBUG PrimaryStageWindow   - GameScene <- InGameMenuScene
14:19:56.190 [JavaFX Application Thread] DEBUG Input                - Clearing active input actions
14:19:56.191 [JavaFX Application Thread] DEBUG GameApplicationServi - Removing overlay from GameScene and adding to FXGLMainMenuDummyScene
14:19:56.191 [JavaFX Application Thread] DEBUG PrimaryStageWindow   - GameScene -> FXGLMainMenuDummyScene
14:19:56.191 [JavaFX Application Thread] DEBUG PrimaryStageWindow   - Push state: MainMenuScene
14:19:56.191 [JavaFX Application Thread] DEBUG Input                - Clearing active input actions
14:19:56.192 [JavaFX Application Thread] DEBUG GameApplicationServi - Removing overlay from FXGLMainMenuDummyScene and adding to MainMenuScene
14:19:56.192 [JavaFX Application Thread] DEBUG PrimaryStageWindow   - FXGLMainMenuDummyScene -> MainMenuScene
14:19:56.192 [JavaFX Application Thread] DEBUG AudioPlayer          - Playing music com.almasb.fxgl.audio.Music@2e26d6d0
14:19:57.015 [JavaFX Application Thread] DEBUG AudioPlayer          - Playing music com.almasb.fxgl.audio.Music@2e26d6d0
14:19:58.605 [JavaFX Application Thread] DEBUG AudioPlayer          - Playing music com.almasb.fxgl.audio.Music@2e26d6d0
14:19:59.591 [JavaFX Application Thread] DEBUG AudioPlayer          - Playing music com.almasb.fxgl.audio.Music@2e26d6d0
14:20:00.506 [JavaFX Application Thread] DEBUG AudioPlayer          - Playing music com.almasb.fxgl.audio.Music@2e26d6d0
14:20:00.641 [JavaFX Application Thread] DEBUG AudioPlayer          - Playing music com.almasb.fxgl.audio.Music@2e26d6d0
14:20:00.958 [JavaFX Application Thread] DEBUG AudioPlayer          - Playing music com.almasb.fxgl.audio.Music@2e26d6d0
14:20:01.612 [JavaFX Application Thread] DEBUG AudioPlayer          - Playing music com.almasb.fxgl.audio.Music@2e26d6d0
14:20:01.970 [JavaFX Application Thread] DEBUG AudioPlayer          - Playing music com.almasb.fxgl.audio.Music@2e26d6d0
14:20:02.219 [JavaFX Application Thread] DEBUG PrimaryStageWindow   - Push state: DialogSubScene
14:20:02.220 [JavaFX Application Thread] DEBUG Input                - Clearing active input actions
14:20:02.220 [JavaFX Application Thread] DEBUG GameApplicationServi - Removing overlay from MainMenuScene and adding to DialogSubScene
14:20:02.220 [JavaFX Application Thread] DEBUG PrimaryStageWindow   - MainMenuScene -> DialogSubScene
14:20:02.943 [JavaFX Application Thread] DEBUG PrimaryStageWindow   - Pop state: DialogSubScene
14:20:02.943 [JavaFX Application Thread] DEBUG Input                - Clearing active input actions
14:20:02.943 [JavaFX Application Thread] DEBUG GameApplicationServi - Removing overlay from DialogSubScene and adding to MainMenuScene
14:20:02.943 [JavaFX Application Thread] DEBUG PrimaryStageWindow   - MainMenuScene <- DialogSubScene
14:20:02.948 [JavaFX Application Thread] DEBUG GameApplicationServi - Starting new game
14:20:02.948 [JavaFX Application Thread] DEBUG PrimaryStageWindow   - Pop state: MainMenuScene
14:20:02.948 [JavaFX Application Thread] DEBUG Input                - Clearing active input actions
14:20:02.948 [JavaFX Application Thread] DEBUG GameApplicationServi - Removing overlay from MainMenuScene and adding to FXGLMainMenuDummyScene
14:20:02.948 [JavaFX Application Thread] DEBUG PrimaryStageWindow   - FXGLMainMenuDummyScene <- MainMenuScene
14:20:02.948 [JavaFX Application Thread] DEBUG Input                - Clearing active input actions
14:20:02.949 [JavaFX Application Thread] DEBUG GameApplicationServi - Removing overlay from FXGLMainMenuDummyScene and adding to FXGLLoadingScene
14:20:02.949 [JavaFX Application Thread] DEBUG PrimaryStageWindow   - FXGLMainMenuDummyScene -> FXGLLoadingScene
14:20:02.949 [JavaFX Application Thread] DEBUG GameApplicationServi - Clearing previous game
14:20:02.949 [JavaFX Application Thread] DEBUG GameScene            - Clearing game scene
14:20:02.949 [JavaFX Application Thread] DEBUG GameWorld            - Clearing game world
14:20:02.958 [JavaFX Application Thread] DEBUG PhysicsWorld         - Clearing physics world
14:20:02.959 [FXGL Background Thread 2 ] DEBUG FXGLApplication      - Initializing game
14:20:02.965 [FXGL Background Thread 2 ] INFO  FXGLApplication      - Game initialization took: 0.007 sec
14:20:02.965 [JavaFX Application Thread] DEBUG Input                - Clearing active input actions
14:20:02.966 [JavaFX Application Thread] DEBUG GameApplicationServi - Removing overlay from FXGLLoadingScene and adding to GameScene
14:20:02.968 [JavaFX Application Thread] DEBUG PrimaryStageWindow   - FXGLLoadingScene -> GameScene
14:20:03.739 [JavaFX Application Thread] DEBUG PrimaryStageWindow   - Push state: InGameMenuScene
14:20:03.741 [JavaFX Application Thread] DEBUG Input                - Clearing active input actions
14:20:03.741 [JavaFX Application Thread] DEBUG GameApplicationServi - Removing overlay from GameScene and adding to InGameMenuScene
14:20:03.741 [JavaFX Application Thread] DEBUG PrimaryStageWindow   - GameScene -> InGameMenuScene
14:20:03.989 [JavaFX Application Thread] DEBUG AudioPlayer          - Playing music com.almasb.fxgl.audio.Music@2e26d6d0
14:20:04.101 [JavaFX Application Thread] DEBUG AudioPlayer          - Playing music com.almasb.fxgl.audio.Music@2e26d6d0
14:20:04.331 [JavaFX Application Thread] DEBUG Menu                 - fireExitToMainMenu()
14:20:04.332 [JavaFX Application Thread] DEBUG PrimaryStageWindow   - Push state: DialogSubScene
14:20:04.332 [JavaFX Application Thread] DEBUG Input                - Clearing active input actions
14:20:04.332 [JavaFX Application Thread] DEBUG GameApplicationServi - Removing overlay from InGameMenuScene and adding to DialogSubScene
14:20:04.332 [JavaFX Application Thread] DEBUG PrimaryStageWindow   - InGameMenuScene -> DialogSubScene
14:20:04.825 [JavaFX Application Thread] DEBUG PrimaryStageWindow   - Pop state: DialogSubScene
14:20:04.825 [JavaFX Application Thread] DEBUG Input                - Clearing active input actions
14:20:04.825 [JavaFX Application Thread] DEBUG GameApplicationServi - Removing overlay from DialogSubScene and adding to InGameMenuScene
14:20:04.825 [JavaFX Application Thread] DEBUG PrimaryStageWindow   - InGameMenuScene <- DialogSubScene
14:20:04.825 [JavaFX Application Thread] DEBUG PrimaryStageWindow   - Pop state: InGameMenuScene
14:20:04.825 [JavaFX Application Thread] DEBUG Input                - Clearing active input actions
14:20:04.825 [JavaFX Application Thread] DEBUG GameApplicationServi - Removing overlay from InGameMenuScene and adding to GameScene
14:20:04.825 [JavaFX Application Thread] DEBUG PrimaryStageWindow   - GameScene <- InGameMenuScene
14:20:04.825 [JavaFX Application Thread] DEBUG Input                - Clearing active input actions
14:20:04.826 [JavaFX Application Thread] DEBUG GameApplicationServi - Removing overlay from GameScene and adding to FXGLMainMenuDummyScene
14:20:04.826 [JavaFX Application Thread] DEBUG PrimaryStageWindow   - GameScene -> FXGLMainMenuDummyScene
14:20:04.826 [JavaFX Application Thread] DEBUG PrimaryStageWindow   - Push state: MainMenuScene
14:20:04.826 [JavaFX Application Thread] DEBUG Input                - Clearing active input actions
14:20:04.827 [JavaFX Application Thread] DEBUG GameApplicationServi - Removing overlay from FXGLMainMenuDummyScene and adding to MainMenuScene
14:20:04.827 [JavaFX Application Thread] DEBUG PrimaryStageWindow   - FXGLMainMenuDummyScene -> MainMenuScene
14:20:04.827 [JavaFX Application Thread] DEBUG AudioPlayer          - Playing music com.almasb.fxgl.audio.Music@2e26d6d0
14:20:05.247 [JavaFX Application Thread] DEBUG AudioPlayer          - Playing music com.almasb.fxgl.audio.Music@2e26d6d0
14:20:05.557 [JavaFX Application Thread] DEBUG Menu                 - fireNewGame()
14:20:05.557 [JavaFX Application Thread] DEBUG GameApplicationServi - Starting new game
14:20:05.557 [JavaFX Application Thread] DEBUG PrimaryStageWindow   - Pop state: MainMenuScene
14:20:05.558 [JavaFX Application Thread] DEBUG Input                - Clearing active input actions
14:20:05.558 [JavaFX Application Thread] DEBUG GameApplicationServi - Removing overlay from MainMenuScene and adding to FXGLMainMenuDummyScene
14:20:05.558 [JavaFX Application Thread] DEBUG PrimaryStageWindow   - FXGLMainMenuDummyScene <- MainMenuScene
14:20:05.558 [JavaFX Application Thread] DEBUG Input                - Clearing active input actions
14:20:05.560 [JavaFX Application Thread] DEBUG GameApplicationServi - Removing overlay from FXGLMainMenuDummyScene and adding to FXGLLoadingScene
14:20:05.560 [JavaFX Application Thread] DEBUG PrimaryStageWindow   - FXGLMainMenuDummyScene -> FXGLLoadingScene
14:20:05.560 [JavaFX Application Thread] DEBUG GameApplicationServi - Clearing previous game
14:20:05.560 [JavaFX Application Thread] DEBUG GameScene            - Clearing game scene
14:20:05.560 [JavaFX Application Thread] DEBUG GameWorld            - Clearing game world
14:20:05.561 [JavaFX Application Thread] DEBUG PhysicsWorld         - Clearing physics world
14:20:05.561 [FXGL Background Thread 2 ] DEBUG FXGLApplication      - Initializing game
14:20:05.565 [FXGL Background Thread 2 ] INFO  FXGLApplication      - Game initialization took: 0.003 sec
14:20:05.565 [JavaFX Application Thread] DEBUG Input                - Clearing active input actions
14:20:05.567 [JavaFX Application Thread] DEBUG GameApplicationServi - Removing overlay from FXGLLoadingScene and adding to GameScene
14:20:05.567 [JavaFX Application Thread] DEBUG PrimaryStageWindow   - FXGLLoadingScene -> GameScene
14:20:06.169 [JavaFX Application Thread] DEBUG AudioPlayer          - Playing music com.almasb.fxgl.audio.Music@2e26d6d0
14:20:06.420 [JavaFX Application Thread] DEBUG AudioPlayer          - Playing music com.almasb.fxgl.audio.Music@2e26d6d0
14:20:06.575 [JavaFX Application Thread] DEBUG PrimaryStageWindow   - Push state: InGameMenuScene
14:20:06.575 [JavaFX Application Thread] DEBUG Input                - Clearing active input actions
14:20:06.575 [JavaFX Application Thread] DEBUG GameApplicationServi - Removing overlay from GameScene and adding to InGameMenuScene
14:20:06.575 [JavaFX Application Thread] DEBUG PrimaryStageWindow   - GameScene -> InGameMenuScene
14:20:06.962 [JavaFX Application Thread] DEBUG AudioPlayer          - Playing music com.almasb.fxgl.audio.Music@2e26d6d0
14:20:06.983 [JavaFX Application Thread] DEBUG AudioPlayer          - Playing music com.almasb.fxgl.audio.Music@2e26d6d0
14:20:07.210 [JavaFX Application Thread] DEBUG Menu                 - fireExitToMainMenu()
14:20:07.211 [JavaFX Application Thread] DEBUG PrimaryStageWindow   - Push state: DialogSubScene
14:20:07.211 [JavaFX Application Thread] DEBUG Input                - Clearing active input actions
14:20:07.212 [JavaFX Application Thread] DEBUG GameApplicationServi - Removing overlay from InGameMenuScene and adding to DialogSubScene
14:20:07.212 [JavaFX Application Thread] DEBUG PrimaryStageWindow   - InGameMenuScene -> DialogSubScene
14:20:08.313 [JavaFX Application Thread] DEBUG PrimaryStageWindow   - Pop state: DialogSubScene
14:20:08.313 [JavaFX Application Thread] DEBUG Input                - Clearing active input actions
14:20:08.313 [JavaFX Application Thread] DEBUG GameApplicationServi - Removing overlay from DialogSubScene and adding to InGameMenuScene
14:20:08.313 [JavaFX Application Thread] DEBUG PrimaryStageWindow   - InGameMenuScene <- DialogSubScene
14:20:08.313 [JavaFX Application Thread] DEBUG PrimaryStageWindow   - Pop state: InGameMenuScene
14:20:08.313 [JavaFX Application Thread] DEBUG Input                - Clearing active input actions
14:20:08.313 [JavaFX Application Thread] DEBUG GameApplicationServi - Removing overlay from InGameMenuScene and adding to GameScene
14:20:08.313 [JavaFX Application Thread] DEBUG PrimaryStageWindow   - GameScene <- InGameMenuScene
14:20:08.313 [JavaFX Application Thread] DEBUG Input                - Clearing active input actions
14:20:08.315 [JavaFX Application Thread] DEBUG GameApplicationServi - Removing overlay from GameScene and adding to FXGLMainMenuDummyScene
14:20:08.315 [JavaFX Application Thread] DEBUG PrimaryStageWindow   - GameScene -> FXGLMainMenuDummyScene
14:20:08.315 [JavaFX Application Thread] DEBUG PrimaryStageWindow   - Push state: MainMenuScene
14:20:08.315 [JavaFX Application Thread] DEBUG Input                - Clearing active input actions
14:20:08.315 [JavaFX Application Thread] DEBUG GameApplicationServi - Removing overlay from FXGLMainMenuDummyScene and adding to MainMenuScene
14:20:08.315 [JavaFX Application Thread] DEBUG PrimaryStageWindow   - FXGLMainMenuDummyScene -> MainMenuScene
14:20:08.724 [JavaFX Application Thread] DEBUG AudioPlayer          - Playing music com.almasb.fxgl.audio.Music@2e26d6d0
14:20:08.809 [JavaFX Application Thread] DEBUG AudioPlayer          - Playing music com.almasb.fxgl.audio.Music@2e26d6d0
14:20:13.437 [JavaFX Application Thread] DEBUG FXGLApplication      - Exiting FXGL
14:20:13.438 [JavaFX Application Thread] DEBUG LoopRunner           - Stopping loop
14:20:13.438 [JavaFX Application Thread] DEBUG SystemBundleService  - Saving FXGL system data
14:20:13.439 [JavaFX Application Thread] DEBUG FileSystemAccess     - Writing to: D:\Github\javaA-xiangqi-project-main-yxh-1125\system\fxgl.bundle
14:20:13.440 [JavaFX Application Thread] DEBUG Async                - Shutting down background threads
14:20:13.440 [JavaFX Application Thread] DEBUG PrimaryStageWindow   - Closing main window
14:20:13.459 [JavaFX Application Thread] DEBUG Logger               - Closing Logger
